Total number of grid points: 288895 (4980 per atom)
Total number of grid points: 292409 (5041 per atom)
Total number of grid points: 294042 (5069 per atom)
Total number of grid points: 294351 (5075 per atom)
Total number of grid points: 293730 (5064 per atom)
Total number of grid points: 296294 (5108 per atom)
Total number of grid points: 290050 (5000 per atom)
Total number of grid points: 296509 (5112 per atom)
Total number of grid points: 293587 (5061 per atom)
Total number of grid points: 297484 (5129 per atom)
Total number of grid points: 288160 (4968 per atom)
Total number of grid points: 296821 (5117 per atom)
Total number of grid points: 296187 (5106 per atom)
Total number of grid points: 287058 (4949 per atom)
Total number of grid points: 292702 (5046 per atom)
Total number of grid points: 289325 (4988 per atom)
Total number of grid points: 294091 (5070 per atom)
Total number of grid points: 291870 (5032 per atom)
Total number of grid points: 295475 (5094 per atom)
Total number of grid points: 294759 (5082 per atom)
[CRAYBLAS_WARNING] Application linked against multiple cray-libsci libraries
4162
   10     | -1460.3985549152 |   3.5513e-06   |    1.0781     |    0.3166
   11     | -1460.3985557936 |   2.1335e-07   |    1.4147     |    0.4348
   12     | -1460.3985558063 |   1.6155e-07   |    1.2623     |    0.2994
   13     | -1460.3985558487 |   1.0457e-08   |    1.2185     |    0.3134
   14     | -1460.3985558510 |   2.4120e-09   |    1.0905     |    0.2262
   15     | -1460.3985558516 |   2.9561e-10   |    1.1797     |    0.1906
   16     | -1460.3985558517 |   1.6146e-10   |    1.3111     |    0.2558
   17     | -1460.3985558517 |   2.0138e-11   |    1.2050     |    0.3545
Created 616963 / 2214144 significant shell pairs
Created 478318 / 1684804 significant shell pairs
Total number of grid points: 296877 (5118 per atom)
One electron integrals and orthogonalizer took 0.042015s
Created 478318 / 1684804 significant shell pairs
3C integrals and B formation took 1.934377s
Iteration |      Energy      |  DIIS Metric   | Fock Time (s) | DIIS Time (s)
----------+------------------+----------------+---------------+--------------
    1     | -1469.3735630750 |   8.9330e+02   |    1.4105     |    0.3064
    2     | -1459.6332254310 |   2.7068e+00   |    1.3558     |    0.5116
    3     | -1459.2406618015 |   4.0950e+00   |    1.2719     |    0.4131
    4     | -1460.3491214951 |   1.6109e-01   |    1.1252     |    0.4122
    5     | -1460.3723673593 |   8.5349e-02   |    1.0716     |    0.2918
    6     | -1460.3949333406 |   9.6502e-03   |    1.3187     |    0.3439
    7     | -1460.3973592232 |   1.2099e-03   |    1.3217     |    0.3843
    8     | -1460.3976143460 |   4.2359e-04   |    1.2847     |    0.1909
    9     | -1460.3977311128 |   3.3895e-05   |    1.0921     |    0.2479
   10     | -1460.3977399045 |   5.9245e-06   |    1.0914     |    0.2481
   11     | -1460.3977414348 |   7.7360e-07   |    1.3223     |    0.2605
   12     | -1460.3977416295 |   1.1388e-07   |    1.3530     |    0.1906
   13     | -1460.3977416540 |   2.5250e-08   |    1.3229     |    0.3011
   14     | -1460.3977416600 |   4.0438e-09   |    1.0829     |    0.2554
   15     | -1460.3977416610 |   9.0519e-10   |    1.1079     |    0.2479
   16     | -1460.3977416610 |   9.0371e-10   |    1.3227     |    0.3010
   17     | -1460.3977416613 |   5.5935e-11   |    1.2425     |    0.2554
Created 635614 / 2214144 significant shell pairs
Created 492725 / 1684804 significant shell pairs
Total number of grid points: 293440 (5059 per atom)
One electron integrals and orthogonalizer took 0.084108s
Created 492725 / 1684804 significant shell pairs
3C integrals and B formation took 1.974925s
Iteration |      Energy      |  DIIS Metric   | Fock Time (s) | DIIS Time (s)
----------+------------------+----------------+---------------+--------------
    1     | -1469.3799981357 |   8.9571e+02   |    1.3458     |    0.2907
    2     | -1459.6306675878 |   2.7276e+00   |    1.3589     |    0.1920
    3     | -1459.2139113985 |   4.1999e+00   |    1.3190     |    0.3037
    4     | -1460.3348511027 |   2.0608e-01   |    1.1116     |    0.2685
    5     | -1460.3664773718 |   1.0719e-01   |    1.0912     |    0.2483
    6     | -1460.3957587374 |   9.9106e-03   |    1.3217     |    0.3020
    7     | -1460.3981407287 |   1.3335e-03   |    1.2416     |    0.2723
    8     | -1460.3984198822 |   4.3063e-04   |    1.3211     |    0.2616
    9     | -1460.3985301465 |   3.3299e-05   |    1.1711     |    0.2286
   10     | -1460.3985385841 |   4.6439e-06   |    1.1304     |    0.2728
   11     | -1460.3985397354 |   4.9646e-07   |    1.2397     |    0.2316
   12     | -1460.3985398446 |   1.1759e-07   |    1.2800     |    0.1917
   13     | -1460.3985398735 |   1.5123e-08   |    1.3197     |    0.3029
   14     | -1460.3985398770 |   3.5474e-09   |    1.1318     |    0.2898
   15     | -1460.3985398777 |   1.2381e-09   |    1.1115     |    0.2273
   16     | -1460.3985398780 |   3.9891e-10   |    1.2826     |    0.1906
   17     | -1460.3985398781 |   4.5396e-11   |    1.3217     |    0.2626
Created 617577 / 2214144 significant shell pairs
Created 478107 / 1684804 significant shell pairs
Total number of grid points: 291177 (5020 per atom)
One electron integrals and orthogonalizer took 0.084321s
Created 478107 / 1684804 significant shell pairs
3C integrals and B formation took 1.944223s
Iteration |      Energy      |  DIIS Metric   | Fock Time (s) | DIIS Time (s)
----------+------------------+----------------+---------------+--------------
    1     | -1469.3740575575 |   8.9475e+02   |    1.2115     |    0.3728
    2     | -1459.6253277591 |   2.7260e+00   |    1.2513     |    0.3526
    3     | -1459.2008079520 |   4.2540e+00   |    1.3097     |    0.3943
    4     | -1460.3289497476 |   2.1921e-01   |    1.0806     |    0.3936
    5     | -1460.3660402719 |   9.3232e-02   |    1.0916     |    0.4515
    6     | -1460.3905251069 |   9.9343e-03   |    1.2318     |    0.3728
    7     | -1460.3928595973 |   1.5635e-03   |    1.2509     |    0.3525
    8     | -1460.3931919509 |   4.9223e-04   |    1.3098     |    0.2965
    9     | -1460.3933198890 |   4.1349e-05   |    1.0992     |    0.2955
   10     | -1460.3933303522 |   6.8858e-06   |    1.0199     |    0.2951
   11     | -1460.3933321173 |   6.7393e-07   |    1.1775     |    0.2559
   12     | -1460.3933322409 |   2.3731e-07   |    1.3288     |    0.2542
   13     | -1460.3933323029 |   3.3261e-08   |    1.2062     |    0.2722
   14     | -1460.3933323105 |   5.1251e-09   |    1.0908     |    0.2692
   15     | -1460.3933323117 |   1.2265e-09   |    1.0705     |    0.2666
   16     | -1460.3933323118 |   9.4093e-10   |    1.2171     |    0.2316
   17     | -1460.3933323121 |   6.2974e-11   |    1.2703     |    0.1908
Created 599139 / 2214144 significant shell pairs
Created 463906 / 1684804 significant shell pairs
Total number of grid points: 294825 (5083 per atom)
One electron integrals and orthogonalizer took 0.124928s
Created 463906 / 1684804 significant shell pairs
3C integrals and B formation took 1.928319s
Iteration |      Energy      |  DIIS Metric   | Fock Time (s) | DIIS Time (s)
----------+------------------+----------------+---------------+--------------
    1     | -1469.3702355381 |   8.9295e+02   |    1.3258     |    0.3309
    2     | -1459.6290486524 |   2.7053e+00   |    1.2306     |    0.2562
    3     | -1459.2461649373 |   4.0996e+00   |    1.3097     |    0.2731
    4     | -1460.3550626112 |   1.3725e-01   |    1.0660     |    0.2642
    5     | -1460.3786268048 |   4.9842e-02   |    1.0757     |    0.2726
    6     | -1460.3912002722 |   4.6661e-03   |    1.2056     |    0.2728
    7     | -1460.3922882039 |   9.7254e-04   |    1.2296     |    0.2309
    8     | -1460.3925093981 |   3.0905e-04   |    1.2685     |    0.2337
    9     | -1460.3925965268 |   1.6177e-05   |    1.0913     |    0.2485
   10     | -1460.3925990597 |   7.0290e-06   |    1.0913     |    0.2486
   11     | -1460.3926010327 |   4.9690e-07   |    1.3111     |    0.2952
   12     | -1460.3926011417 |   1.3193e-07   |    1.2490     |    0.2564
   13     | -1460.3926011713 |   3.4297e-08   |    1.3251     |    0.2579
   14     | -1460.3926011798 |   3.8549e-09   |    1.0655     |    0.2672
   15     | -1460.3926011808 |   4.0788e-10   |    1.0718     |    0.2685
   16     | -1460.3926011807 |   6.8069e-10   |    1.2105     |    0.2727
   17     | -1460.3926011809 |   6.5243e-11   |    1.2303     |    0.2313
Created 603141 / 2214144 significant shell pairs
Created 467379 / 1684804 significant shell pairs
Total number of grid points: 292670 (5046 per atom)
One electron integrals and orthogonalizer took 0.043122s
Created 467379 / 1684804 significant shell pairs
3C integrals and B formation took 1.803302s
Iteration |      Energy      |  DIIS Metric   | Fock Time (s) | DIIS Time (s)
----------+------------------+----------------+---------------+--------------
    1     | -1469.3669592666 |   8.9258e+02   |    1.2211     |    0.3321
    2     | -1459.6265829948 |   2.7060e+00   |    1.1685     |    0.1909
    3     | -1459.2376313688 |   4.1283e+00   |    1.3087     |    0.2989
    4     | -1460.3571262429 |   1.2290e-01   |    1.0940     |    0.2953
    5     | -1460.3798428626 |   3.9052e-02   |    1.0190     |    0.3132
    6     | -1460.3896473387 |   2.8482e-03   |    1.2689     |    0.2334
    7     | -1460.3901806216 |   8.8974e-04   |    1.3096     |    0.2738
    8     | -1460.3903689976 |   2.6657e-04   |    1.3350     |    0.2477
    9     | -1460.3904434223 |   1.6231e-05   |    1.0684     |    0.2546
   10     | -1460.3904464036 |   6.3731e-06   |    1.0658     |    0.2668
   11     | -1460.3904481929 |   4.0378e-07   |    1.2149     |    0.2318
   12     | -1460.3904482633 |   1.6592e-07   |    1.2677     |    0.2358
   13     | -1460.3904483029 |   3.2135e-08   |    1.2938     |    0.3095
   14     | -1460.3904483115 |   3.9826e-09   |    1.0970     |    0.2953
   15     | -1460.3904483125 |   3.4237e-10   |    1.0181     |    0.2954
   16     | -1460.3904483125 |   4.6774e-10   |    1.1738     |    0.2563
   17     | -1460.3904483126 |   4.0266e-11   |    1.3271     |    0.2710
Created 578607 / 2214144 significant shell pairs
Created 447844 / 1684804 significant shell pairs
Total number of grid points: 296881 (5118 per atom)
One electron integrals and orthogonalizer took 0.083558s
Created 447844 / 1684804 significant shell pairs
3C integrals and B formation took 1.943411s
Iteration |      Energy      |  DIIS Metric   | Fock Time (s) | DIIS Time (s)
----------+------------------+----------------+---------------+--------------
    1     | -1469.3728527298 |   8.9142e+02   |    1.1903     |    0.3764
    2     | -1459.6356419731 |   2.7247e+00   |    1.2068     |    0.2242
    3     | -1459.2479938690 |   4.1446e+00   |    1.2366     |    0.3086
    4     | -1460.3665554351 |   1.2988e-01   |    0.9417     |    0.2315
    5     | -1460.3895428929 |   4.5503e-02   |    1.0100     |    0.2320
    6     | -1460.4008975367 |   4.0026e-03   |    1.2291     |    0.3090
    7     | -1460.4017553184 |   8.1391e-04   |    1.1525     |    0.2484
    8     | -1460.4019169640 |   2.7490e-04   |    1.2934     |    0.3068
    9     | -1460.4019971870 |   1.2390e-05   |    1.0837     |    0.3428
   10     | -1460.4019991407 |   5.6258e-06   |    1.0095     |    0.2956
   11     | -1460.4020007677 |   2.7865e-07   |    1.1485     |    0.3071
   12     | -1460.4020008178 |   1.0850e-07   |    1.1540     |    0.2482
   13     | -1460.4020008451 |   1.4718e-08   |    1.2940     |    0.2662
   14     | -1460.4020008485 |   3.1270e-09   |    0.9846     |    0.2724
   15     | -1460.4020008493 |   2.5140e-10   |    1.0024     |    0.2728
   16     | -1460.4020008492 |   5.1773e-10   |    1.2124     |    0.2281
   17     | -1460.4020008494 |   3.9187e-11   |    1.2798     |    0.2435
Created 575882 / 2214144 significant shell pairs
Created 445621 / 1684804 significant shell pairs
Total number of grid points: 296120 (5105 per atom)
One electron integrals and orthogonalizer took 0.083677s
Created 445621 / 1684804 significant shell pairs
3C integrals and B formation took 1.939857s
Iteration |      Energy      |  DIIS Metric   | Fock Time (s) | DIIS Time (s)
----------+------------------+----------------+---------------+--------------
    1     | -1469.3729447145 |   8.9140e+02   |    1.1887     |    0.2516
    2     | -1459.6355194507 |   2.7252e+00   |    1.2335     |    0.3045
    3     | -1459.2497669116 |   4.1394e+00   |    1.1568     |    0.2481
    4     | -1460.3677564686 |   1.2481e-01   |    1.0447     |    0.2560
    5     | -1460.3899200806 |   4.3393e-02   |    1.0569     |    0.2717
    6     | -1460.4008001234 |   3.7671e-03   |    1.2939     |    0.3041
    7     | -1460.4016556500 |   7.2033e-04   |    1.2385     |    0.3121
    8     | -1460.4018142569 |   2.0062e-04   |    1.1492     |    0.2484
    9     | -1460.4018700532 |   1.4542e-05   |    1.0062     |    0.2563
   10     | -1460.4018726827 |   5.5174e-06   |    1.0164     |    0.2562
   11     | -1460.4018742460 |   2.8055e-07   |    1.3097     |    0.2664
   12     | -1460.4018743003 |   9.0316e-08   |    1.1951     |    0.2280
   13     | -1460.4018743227 |   1.1315e-08   |    1.2826     |    0.2396
   14     | -1460.4018743252 |   2.8763e-09   |    1.0515     |    0.2658
   15     | -1460.4018743260 |   3.2469e-10   |    0.9864     |    0.2725
   16     | -1460.4018743259 |   6.0012e-10   |    1.2134     |    0.2271
   17     | -1460.4018743260 |   4.8002e-11   |    1.2330     |    0.3095
Created 588856 / 2214144 significant shell pairs
Created 455274 / 1684804 significant shell pairs
Total number of grid points: 293798 (5065 per atom)
One electron integrals and orthogonalizer took 0.083343s
Created 455274 / 1684804 significant shell pairs
3C integrals and B formation took 1.900162s
Iteration |      Energy      |  DIIS Metric   | Fock Time (s) | DIIS Time (s)
----------+------------------+----------------+---------------+--------------
    1     | -1469.3807001264 |   8.9334e+02   |    1.2061     |    0.2730
    2     | -1459.6330647055 |   2.7351e+00   |    1.2923     |    0.3043
    3     | -1459.2419939942 |   4.1932e+00   |    1.2383     |    0.3120
    4     | -1460.3738651292 |   9.8032e-02   |    0.9667     |    0.2309
    5     | -1460.3897025077 |   3.8036e-02   |    1.0061     |    0.3124
    6     | -1460.3990221437 |   4.7313e-03   |    1.2547     |    0.2481
    7     | -1460.4001388690 |   9.7095e-04   |    1.2943     |    0.2729
    8     | -1460.4003817963 |   1.5873e-04   |    1.1884     |    0.2265
    9     | -1460.4004248905 |   1.5508e-05   |    1.0581     |    0.1912
   10     | -1460.4004282578 |   4.2037e-06   |    0.9631     |    0.2718
   11     | -1460.4004293437 |   3.2613e-07   |    1.2135     |    0.2273
   12     | -1460.4004294005 |   1.2202e-07   |    1.2818     |    0.2414
   13     | -1460.4004294318 |   1.3504e-08   |    1.2940     |    0.3093
   14     | -1460.4004294347 |   2.9912e-09   |    0.9451     |    0.2315
   15     | -1460.4004294355 |   2.6631e-10   |    1.0102     |    0.2276
   16     | -1460.4004294354 |   5.3837e-10   |    1.2339     |    0.3066
   17     | -1460.4004294356 |   5.6471e-11   |    1.1547     |    0.2486
Created 588320 / 2214144 significant shell pairs
Created 455509 / 1684804 significant shell pairs
Total number of grid points: 294042 (5069 per atom)
One electron integrals and orthogonalizer took 0.124843s
Created 455509 / 1684804 significant shell pairs
3C integrals and B formation took 1.925637s
Iteration |      Energy      |  DIIS Metric   | Fock Time (s) | DIIS Time (s)
----------+------------------+----------------+---------------+--------------
    1     | -1469.3691248982 |   8.9102e+02   |    1.2392     |    0.3325
    2     | -1459.6326161540 |   2.7215e+00   |    1.2339     |    0.3045
    3     | -1459.2505817410 |   4.1289e+00   |    1.1565     |    0.2484
    4     | -1460.3680958338 |   1.0936e-01   |    1.0020     |    0.2561
    5     | -1460.3866968439 |   3.9285e-02   |    1.0130     |    0.2718
    6     | -1460.3958237648 |   6.5387e-03   |    1.2939     |    0.2660
    7     | -1460.3974900010 |   1.4006e-03   |    1.1953     |    0.2315
    8     | -1460.3978700735 |   3.0171e-04   |    1.2771     |    0.2415
    9     | -1460.3979496646 |   1.4190e-05   |    1.0498     |    0.2665
   10     | -1460.3979517220 |   6.4602e-06   |    0.9824     |    0.2721
   11     | -1460.3979535137 |   3.7395e-07   |    1.2134     |    0.2279
   12     | -1460.3979535709 |   1.6870e-07   |    1.2331     |    0.3069
   13     | -1460.3979536156 |   1.9771e-08   |    1.1544     |    0.2482
   14     | -1460.3979536204 |   3.2561e-09   |    1.0424     |    0.2557
   15     | -1460.397953621=======================================================
            GGA_XC_HCTH_407 Energy Results             
=======================================================
E GGA_XC_HCTH_407     : -14Created 563942 / 2214144 significant shell pairs
Created 435998 / 1684804 significant shell pairs
Total number of grid points: 295303 (5091 per atom)
One electron integrals and orthogonalizer took 0.084193s
Created 435998 / 1684804 significant shell pairs
3C integrals and B formation took 1.979137s
Iteration |      Energy      |  DIIS Metric   | Fock Time (s) | DIIS Time (s)
----------+------------------+----------------+---------------+--------------
    1     | -1469.3786601030 |   8.8979e+02   |    1.1535     |    0.2549
    2     | -1459.6453652324 |   2.7535e+00   |    1.2875     |    0.2670
    3     | -1459.2654730351 |   4.1589e+00   |    1.1945     |    0.2315
    4     | -1460.3902638604 |   9.4341e-02   |    1.0567     |    0.1911
    5     | -1460.4060705520 |   3.6823e-02   |    0.9597     |    0.2721
    6     | -1460.4150323009 |   3.2180e-03   |    1.1436     |    0.2375
    7     | -1460.4157322047 |   7.4493e-04   |    1.1729     |    0.2313
    8     | -1460.4158984461 |   1.6819e-04   |    1.2732     |    0.2458
    9     | -1460.41594456=======================================================
            GGA_XC_HCTH_407 Energy Results             
=======================================================
E GGA_XC_HCTH_407     : -1460.41594886
Nuclear Repulsion Energy: 3569.51352763
Electronic Energy:        -4815.73866676
XC Energy:                -214.190810
Converged:                1
# of SCF iterations:      17
SCF Time:                 26.105s

=======================================================
            Individual Calculation Summary             
=======================================================
HF Energy: -1460.4159488639047595
====================Created 567114 / 2214144 significant shell pairs
Created 438306 / 1684804 significant shell pairs
Total number of grid points: 292872 (5049 per atom)
One electron integrals and orthogonalizer took 0.125235s
Created 438306 / 1684804 significant shell pairs
3C integrals and B formation took 1.925585s
Iteration |      Energy      |  DIIS Metric   | Fock Time (s) | DIIS Time (s)
----------+------------------+----------------+---------------+--------------
    1     | -1469.3778333524 |   8.8967e+02   |    1.1253     |    0.2520
    2     | -1459.6448419669 |   2.7545e+00   |    1.2887     |    0.3036
    3     | -1459.26537627=======================================================
            GGA_XC_HCTH_407 Energy Results             
=======================================================
E GGA_XC_HCTH_407     : -1460.4153768
Nuclear Repulsion Energy: 3578.58417003
Electronic Energy:        -4824.8089173
XC Energy:                -214.190630
Converged:                1
# of SCF iterations:      17
SCF Time:                 26.357s

=======================================================
            Individual Calculation Summary             
=======================================================
HF Energy: -1460.4153767982770660
=======================================================


Topology 11 time: 26.544669 s, performance: SP: 0 FLOP/s, DP: 373.2 GFLOP/s
JSON file written to: json_logs/lustre_orion_chm213_scratch_ryan_dhdft_inputs_exess_exess_inputs_HCTH407_def2-TZVP_isomers_3180-3199_topology_11.json
************************************************************
**************** Running topology 13 of 20 *****************
************************************************************Created 606567 / 2214144 significant shell pairs
Created 469592 / 1684804 significant shell pairs
Total number of grid points: 299648 (5166 per atom)
One electron integrals and orthogona=======================================================
            GGA_XC_HCTH_407 Energy Results             
=======================================================
E GGA_XC_HCTH_407     : -1460.38225202
Nuclear Repulsion Energy: 3704.45913075
Electronic Energy:        -4950.6541257
XC Energy:                -214.187257
Converged:                1
# of SCF iterations:      17
SCF Time:                 27.992s

=======================================================
            Individual Calculation Summary             
=======================================================
HF Energy: -1460.3822520238741163
=======================================================


Topology 12 time: 28.194880 s, performance: SP: 0 FLOP/s, DP: 373.9 GFLOP/s
JSON file written to: json_logs/lustre_orion_chm213_scratch_ryan_dhdft_inputs_exess_exess_inputs_HCTH407_def2-TZVP_isomers_3180-3199_topology_12.json
************************************************************
**************** Running topology 14 of 20 *****************
************************************************************

************************************************************
*********** Beginning RI-GGA_XC_HCTH_407 energy ************
************************************************************

=======================================================
            GGA_XC_HCTH_407 Energy Results             
=======================================================
E GGA_XC_HCTH_407     : -1460.40313919
Nuclear Repulsion Energy: 3599.94563699
Electronic Energy:        -4846.16149561
XC Energy:                -214.187281
Converged:                1
# of SCF iterations:      17
SCF Time:                 26.624s

=======================================================
            Individual Calculation Summary             
=======================================================
HF Energy: -1460.4031391854284720
=======================================================


Topology 13 time: 26.824110 s, performance: SP: 0 FLOP/s, DP: 373.4 GFLOP/s
JSON file written to: json_logs/lustre_orion_chm213_scratch_ryan_dhdft_inputs_exess_exess_inputs_HCTH407_def2-TZVP_isomers_3180-3199_topology_13.json
************************************************************
**************** Running topology 15 of 20 *****************
************************************************************

************************************************************
*********** Beginning RI-GGA_XC_HCTH_407 energy ************
************************************************************

=======================================================
            GGA_XC_HCTH_407 Energy Results             
=======================================================
E GGA_XC_HCTH_407     : -1460.40296356
Nuclear Repulsion Energy: 3595.42118138
Electronic Energy:        -4841.63698281
XC Energy:                -214.187162
Converged:                1
# of SCF iterations:      17
SCF Time:                 26.623s

=======================================================
            Individual Calculation Summary             
=======================================================
HF Energy: -1460.4029635598162713
=======================================================


Topology 14 time: 26.820057 s, performance: SP: 0 FLOP/s, DP: 372.6 GFLOP/s
JSON file written to: json_logs/lustre_orion_chm213_scratch_ryan_dhdft_inputs_exess_exess_inputs_HCTH407_def2-TZVP_isomers_3180-3199_topology_14.json
************************************************************
**************** Running topology 16 of 20 *****************
************************************************************

************************************************************
*********** Beginning RI-GGA_XC_HCTH_407 energy ************
************************************************************

=======================================================
            GGA_XC_HCTH_407 Energy Results             
=======================================================
E GGA_XC_HCTH_407     : -1460.40174518
Nuclear Repulsion Energy: 3628.6097281
Electronic Energy:        -4874.82458259
XC Energy:                -214.186891
Converged:                1
# of SCF iterations:      17
SCF Time:                 26.377s

=======================================================
            Individual Calculation Summary             
=======================================================
HF Energy: -1460.4017451832003189
=======================================================


Topology 15 time: 26.580663 s, performance: SP: 0 FLOP/s, DP: 381.6 GFLOP/s
JSON file written to: json_logs/lustre_orion_chm213_scratch_ryan_dhdft_inputs_exess_exess_inputs_HCTH407_def2-TZVP_isomers_3180-3199_topology_15.json
************************************************************
**************** Running topology 17 of 20 *****************
************************************************************

************************************************************
*********** Beginning RI-GGA_XC_HCTH_407 energy ************
************************************************************

=======================================================
            GGA_XC_HCTH_407 Energy Results             
=======================================================
E GGA_XC_HCTH_407     : -1460.40072548
Nuclear Repulsion Energy: 3652.97704795
Electronic Energy:        -4899.19129905
XC Energy:                -214.186474
Converged:                1
# of SCF iterations:      17
SCF Time:                 27.71s

=======================================================
            Individual Calculation Summary             
=======================================================
HF Energy: -1460.4007254796588313
=======================================================


Topology 16 time: 27.911657 s, performance: SP: 0 FLOP/s, DP: 368.2 GFLOP/s
JSON file written to: json_logs/lustre_orion_chm213_scratch_ryan_dhdft_inputs_exess_exess_inputs_HCTH407_def2-TZVP_isomers_3180-3199_topology_16.json
************************************************************
**************** Running topology 18 of 20 *****************
************************************************************

************************************************************
*********** Beginning RI-GGA_XC_HCTH_407 energy ************
************************************************************

=======================================================
            GGA_XC_HCTH_407 Energy Results             
=======================================================
E GGA_XC_HCTH_407     : -1460.4174595
Nuclear Repulsion Energy: 3558.81326593
Electronic Energy:        -4805.03961579
XC Energy:                -214.191110
Converged:                1
# of SCF iterations:      15
SCF Time:                 23.064s

=======================================================
            Individual Calculation Summary             
=======================================================
HF Energy: -1460.4174595038552980
=======================================================


Topology 17 time: 23.264117 s, performance: SP: 0 FLOP/s, DP: 417.4 GFLOP/s
JSON file written to: json_logs/lustre_orion_chm213_scratch_ryan_dhdft_inputs_exess_exess_inputs_HCTH407_def2-TZVP_isomers_3180-3199_topology_17.json
************************************************************
**************** Running topology 19 of 20 *****************
************************************************************

************************************************************
*********** Beginning RI-GGA_XC_HCTH_407 energy ************
************************************************************

=======================================================
            GGA_XC_HCTH_407 Energy Results             
=======================================================
E GGA_XC_HCTH_407     : -1460.41687958
Nuclear Repulsion Energy: 3563.34096406
Electronic Energy:        -4809.56680393
XC Energy:                -214.191040
Converged:                1
# of SCF iterations:      17
SCF Time:                 26.428s

=======================================================
            Individual Calculation Summary             
=======================================================
HF Energy: -1460.4168795813161523
=======================================================


Topology 18 time: 26.626562 s, performance: SP: 0 FLOP/s, DP: 370.4 GFLOP/s
JSON file written to: json_logs/lustre_orion_chm213_scratch_ryan_dhdft_inputs_exess_exess_inputs_HCTH407_def2-TZVP_isomers_3180-3199_topology_18.json
************************************************************
**************** Running topology 20 of 20 *****************
************************************************************

************************************************************
*********** Beginning RI-GGA_XC_HCTH_407 energy ************
************************************************************

=======================================================
            GGA_XC_HCTH_407 Energy Results             
=======================================================
E GGA_XC_HCTH_407     : -1460.4000536
Nuclear Repulsion Energy: 3663.27637498
Electronic Energy:        -4909.48468171
XC Energy:                -214.191747
Converged:                1
# of SCF iterations:      17
SCF Time:                 27.121s

=======================================================
            Individual Calculation Summary             
=======================================================
HF Energy: -1460.4000536015646503
=======================================================


Topology 19 time: 27.330910 s, performance: SP: 0 FLOP/s, DP: 377.8 GFLOP/s
JSON file written to: json_logs/lustre_orion_chm213_scratch_ryan_dhdft_inputs_exess_exess_inputs_HCTH407_def2-TZVP_isomers_3180-3199_topology_19.json
Total flops: SP: 0 FLOPS, DP: 205.48467 TFLOPS
Performance: SP: 0 FLOP/s, DP: 370.2 GFLOP/s

Now, a word from our sponsors... 
 The Aztec city of Tenochtitlan fell on Aug. 13th 1521 (and Jorge's still salty about it).

[31mTotal processing time 555.306974 seconds[0m
[CRAYBLAS_WARNING] Application linked against multiple cray-libsci libraries
083932s
Created 436129 / 1684804 significant shell pairs
3C integrals and B formation took 1.919890s
Iteration |      Energy      |  DIIS Metric   | Fock Time (s) | DIIS Time (s)
----------+------------------+----------------+---------------+--------------
    1     | -1469.3803009014 |   8.9026e+02   |    1.1782     |    0.2513
    2     | -1459.6457651085 |   2.7542e+00   |    1.2143     |    0.2283
    3     | -1459.2638436556 |   4.1636e+00   |    1.1750     |    0.3101
    4     | -1460.3915550227 |   9.2116e-02   |    1.0388     |    0.3003
    5     | -1460.4059592821 |   4.0343e-02   |    1.0389     |    0.3150
    6     | -1460.4158124786 |   3.7076e-03   |    1.2935     |    0.3084
    7     | -1460.4166470798 |   7.7928e-04   |    1.1794     |    0.2308
    8     | -1460.4168251521 |   1.7360e-04   |    1.1323     |    0.3098
    9     | -1460.4168745637 |   1.6075e-05   |    0.9636     |    0.2760
   10     | -1460.4168785416 |   3.5903e-06   |    0.9844     |    0.3403
   11     | -1460.4168795152 |   2.2369e-07   |    1.1475     |    0.3081
   12     | -1460.4168795371 |   1.5354e-07   |    1.1538     |    0.2486
   13     | -1460.4168795784 |   9.8668e-09   |    1.2919     |    0.2657
   14     | -1460.4168795806 |   2.5195e-09   |    0.9802     |    0.2719
   15     | -1460.4168795813 |   1.3044e-10   |    0.9966     |    0.2724
   16     | -1460.4168795812 |   3.0328e-10   |    1.1347     |    0.2451
   17     | -1460.4168795813 |   2.0113e-11   |    1.1527     |    0.1874
Created 592938 / 2214144 significant shell pairs
Created 459010 / 1684804 significant shell pairs
Total number of grid points: 294890 (5084 per atom)
One electron integrals and orthogonalizer took 0.083927s
Created 459010 / 1684804 significant shell pairs
3C integrals and B formation took 1.929881s
Iteration |      Energy      |  DIIS Metric   | Fock Time (s) | DIIS Time (s)
----------+------------------+----------------+---------------+--------------
    1     | -1469.3806383312 |   8.9307e+02   |    1.1836     |    0.3708
    2     | -1459.6326761744 |   2.7381e+00   |    1.2120     |    0.2260
    3     | -1459.2440341479 |   4.1935e+00   |    1.2347     |    0.3121
    4     | -1460.3723547657 |   1.0047e-01   |    1.0258     |    0.3049
    5     | -1460.3849940793 |   5.0748e-02   |    1.0154     |    0.2329
    6     | -1460.3984073801 |   5.4919e-03   |    1.2488     |    0.2479
    7     | -1460.3997442508 |   1.0282e-03   |    1.2938     |    0.3124
    8     | -1460.3999931817 |   2.0978e-04   |    1.2304     |    0.3090
    9     | -1460.4000488505 |   1.6769e-05   |    0.9727     |    0.2304
   10     | -1460.4000512802 |   7.7675e-06   |    1.0501     |    0.2899
   11     | -1460.4000535196 |   2.9220e-07   |    1.2545     |    0.2489
   12     | -1460.4000535605 |   1.4097e-07   |    1.2939     |    0.2658
   13     | -1460.4000535974 |   1.5156e-08   |    1.1954     |    0.2283
   14     | -1460.4000536007 |   3.2059e-09   |    1.1103     |    0.2285
   15     | -1460.4000536015 |   2.7175e-10   |    1.0636     |    0.1906
   16     | -1460.4000536014 |   5.8144e-10   |    1.3320     |    0.3115
   17     | -1460.4000536016 |   4.4516e-11   |    1.2334     |    0.3086
Please cite the following papers for the methods used in this calculation:
 - J.L. Galvez Vallejo et. al., Toward an extreme-scale electronic structure system, J. Chem. Phys., 2023. DOI: 10.1063/5.0156399

 - R. Stocks, E. Palethorpe, and G.M.J. Barca, Multi-GPU RI-HF Energies and Analytic Gradients ─ Toward High-Throughput Ab Initio Molecular Dynamics, J. Chem. Theory Comput., 2024. DOI: 10.1021/acs.jctc.4c00877
   For:
     * RI-HF energy

 - D.B. Williams-Young, W.A. de Jong, H.J.J. van Dam, and C. Yang, On the Efficient Evaluation of the Exchange Correlation Potential on Graphics Processing Unit Clusters, Frontiers in Chemistry, 2020. DOI: 10.3389/fchem.2020.581058
   For:
     * GauXC implementation of exchange-correlation integration

 - R. Stocks and G.M.J. Barca, Efficient Algorithms for GPU Accelerated Evaluation of the DFT Exchange-Correlation Functional, J. Chem. Theory Comput., 2025. DOI: 10.1021/acs.jctc.5c01229
   For:
     * GPU accelerated DFT exchange-correlation evaluation

 - A. D. Boese and N. C. Handy.,  J. Chem. Phys. 114, 5497 (2001) DOI: 10.1063/1.1347371
   For:
     * GGA_XC_HCTH_407 XC Functional

[CRAYBLAS_WARNING] Application linked against multiple cray-libsci libraries
