Total number of grid points: 344239 (5062 per atom)
Total number of grid points: 343208 (5047 per atom)
Total number of grid points: 341472 (5021 per atom)
Total number of grid points: 333417 (4903 per atom)
Total number of grid points: 338747 (4981 per atom)
Total number of grid points: 345043 (5074 per atom)
Total number of grid points: 344005 (5058 per atom)
Total number of grid points: 342964 (5043 per atom)
Total number of grid points: 344638 (5068 per atom)
Total number of grid points: 342378 (5034 per atom)
Total number of grid points: 341324 (5019 per atom)
Total number of grid points: 339025 (4985 per atom)
Total number of grid points: 340384 (5005 per atom)
Total number of grid points: 342290 (5033 per atom)
Total number of grid points: 344845 (5071 per atom)
Total number of grid points: 342846 (5041 per atom)
Total number of grid points: 349114 (5134 per atom)
Total number of grid points: 344086 (5060 per atom)
Total number of grid points: 341322 (5019 per atom)
Total number of grid points: 339191 (4988 per atom)
[CRAYBLAS_WARNING] Application linked against multiple cray-libsci libraries
5590
   10     | -1691.4681816632 |   1.1110e-05   |    1.1903     |    0.3925
   11     | -1691.4681847677 |   8.2705e-07   |    1.5828     |    0.6268
   12     | -1691.4681849679 |   1.5840e-07   |    1.2570     |    0.3480
   13     | -1691.4681850048 |   2.4942e-08   |    1.6386     |    0.5545
   14     | -1691.4681850111 |   3.9888e-09   |    1.4290     |    0.3995
   15     | -1691.4681850121 |   1.0440e-09   |    1.6206     |    0.3834
   16     | -1691.4681850122 |   5.4603e-10   |    1.5813     |    0.4243
   17     | -1691.4681850124 |   4.7298e-11   |    1.5968     |    0.4270
Created 717538 / 2985984 significant shell pairs
Created 557215 / 2274064 significant shell pairs
Total number of grid points: 337178 (4958 per atom)
One electron integrals and orthogonalizer took 0.173785s
Created 557215 / 2274064 significant shell pairs
3C integrals and B formation took 2.695878s
Iteration |      Energy      |  DIIS Metric   | Fock Time (s) | DIIS Time (s)
----------+------------------+----------------+---------------+--------------
    1     | -1701.7836271338 |   1.0333e+03   |    1.5506     |    0.5795
    2     | -1690.5610847356 |   3.2283e+00   |    1.5639     |    0.6369
    3     | -1690.0812478908 |   4.9864e+00   |    1.7152     |    0.6754
    4     | -1691.4194806261 |   1.5805e-01   |    1.5153     |    0.6186
    5     | -1691.4373416512 |   9.9538e-02   |    1.4093     |    0.6189
    6     | -1691.4639150373 |   5.6359e-03   |    1.6008     |    0.7823
    7     | -1691.4651337607 |   1.0133e-03   |    1.5634     |    0.6368
    8     | -1691.4653449278 |   2.6183e-04   |    1.7164     |    0.4736
    9     | -1691.4654153881 |   2.0191e-05   |    1.7179     |    0.5149
   10     | -1691.4654192858 |   7.3004e-06   |    1.5149     |    0.5148
   11     | -1691.4654212985 |   5.1391e-07   |    1.6802     |    0.5445
   12     | -1691.4654213975 |   1.8711e-07   |    1.5610     |    0.4742
   13     | -1691.4654214474 |   2.3640e-08   |    1.5878     |    0.4245
   14     | -1691.4654214525 |   6.4955e-09   |    1.5080     |    0.4075
   15     | -1691.4654214542 |   5.7392e-10   |    1.4092     |    0.5146
   16     | -1691.4654214542 |   6.7697e-10   |    1.6811     |    0.5444
   17     | -1691.4654214543 |   4.2624e-11   |    1.5633     |    0.4738
Created 790414 / 2985984 significant shell pairs
Created 615380 / 2274064 significant shell pairs
Total number of grid points: 345700 (5083 per atom)
One electron integrals and orthogonalizer took 0.133261s
Created 615380 / 2274064 significant shell pairs
3C integrals and B formation took 2.928015s
Iteration |      Energy      |  DIIS Metric   | Fock Time (s) | DIIS Time (s)
----------+------------------+----------------+---------------+--------------
    1     | -1701.7863761382 |   1.0342e+03   |    1.7611     |    0.4729
    2     | -1690.5555079023 |   3.2386e+00   |    1.7821     |    0.3450
    3     | -1689.9994478180 |   5.2485e+00   |    1.8388     |    0.5147
    4     | -1691.3548051826 |   3.4841e-01   |    1.5144     |    0.5148
    5     | -1691.4040526817 |   1.9415e-01   |    1.5141     |    0.5145
    6     | -1691.4569854854 |   1.6791e-02   |    2.0006     |    0.3911
    7     | -1691.4612663732 |   3.0735e-03   |    1.7594     |    0.4726
    8     | -1691.4620348841 |   9.4557e-04   |    1.7588     |    0.3933
    9     | -1691.4622984655 |   5.6236e-05   |    1.4548     |    0.4244
   10     | -1691.4623092350 |   1.7907e-05   |    1.5563     |    0.4739
   11     | -1691.4623138761 |   2.1578e-06   |    1.7819     |    0.4985
   12     | -1691.4623144011 |   3.3331e-07   |    1.6855     |    0.5160
   13     | -1691.4623144739 |   6.9098e-08   |    2.0004     |    0.3918
   14     | -1691.4623144909 |   1.1167e-08   |    1.6360     |    0.3922
   15     | -1691.4623144912 |   9.7637e-09   |    1.6364     |    0.3922
   16     | -1691.4623144933 |   2.5973e-09   |    1.7594     |    0.4742
   17     | -1691.4623144940 |   2.9562e-10   |    1.7815     |    0.3442
   18     | -1691.4623144941 |   9.1703e-11   |    1.8119     |    0.5414
Created 791619 / 2985984 significant shell pairs
Created 616243 / 2274064 significant shell pairs
Total number of grid points: 341781 (5026 per atom)
One electron integrals and orthogonalizer took 0.099595s
Created 616243 / 2274064 significant shell pairs
3C integrals and B formation took 3.031869s
Iteration |      Energy      |  DIIS Metric   | Fock Time (s) | DIIS Time (s)
----------+------------------+----------------+---------------+--------------
    1     | -1701.7867601816 |   1.0340e+03   |    2.0571     |    0.7504
    2     | -1690.5557141107 |   3.2483e+00   |    1.6853     |    0.5287
    3     | -1690.0098196950 |   5.2283e+00   |    1.9853     |    0.5949
    4     | -1691.3780171990 |   2.7812e-01   |    1.5564     |    0.5963
    5     | -1691.4107654374 |   1.7993e-01   |    1.4591     |    0.5463
    6     | -1691.4619488855 |   1.0023e-02   |    1.7534     |    0.5473
    7     | -1691.4642892756 |   2.0513e-03   |    2.0007     |    0.5952
    8     | -1691.4647376986 |   6.9967e-04   |    1.7580     |    0.3946
    9     | -1691.4649364191 |   4.3525e-05   |    1.4526     |    0.4247
   10     | -1691.4649466186 |   8.7329e-06   |    1.5557     |    0.4743
   11     | -1691.4649487393 |   1.0176e-06   |    1.7804     |    0.4985
   12     | -1691.4649489631 |   2.4187e-07   |    1.6854     |    0.5153
   13     | -1691.4649490226 |   4.0296e-08   |    2.0010     |    0.3922
   14     | -1691.4649490311 |   1.1748e-08   |    1.6365     |    0.3924
   15     | -1691.4649490331 |   4.9796e-09   |    1.6361     |    0.3925
   16     | -1691.4649490343 |   8.6150e-10   |    1.7589     |    0.4737
   17     | -1691.4649490345 |   2.0148e-10   |    1.7791     |    0.3446
   18     | -1691.4649490345 |   4.3659e-11   |    1.8366     |    0.5165
Created 685794 / 2985984 significant shell pairs
Created 531888 / 2274064 significant shell pairs
Total number of grid points: 342311 (5033 per atom)
One electron integrals and orthogonalizer took 0.135363s
Created 531888 / 2274064 significant shell pairs
3C integrals and B formation took 2.729395s
Iteration |      Energy      |  DIIS Metric   | Fock Time (s) | DIIS Time (s)
----------+------------------+----------------+---------------+--------------
    1     | -1701.7775272205 |   1.0295e+03   |    1.5424     |    0.6689
    2     | -1690.5741021846 |   3.2338e+00   |    1.5637     |    0.3194
    3     | -1690.1061679963 |   4.9221e+00   |    1.5037     |    0.5162
    4     | -1691.4301522430 |   1.6527e-01   |    1.3776     |    0.4075
    5     | -1691.4491093507 |   1.0642e-01   |    1.4095     |    0.5139
    6     | -1691.4777323190 |   6.3085e-03   |    1.6813     |    0.5438
    7     | -1691.4791264241 |   9.7121e-04   |    1.5614     |    0.4729
    8     | -1691.4793227467 |   2.9110e-04   |    1.5869     |    0.4244
    9     | -1691.4794020740 |   1.7003e-05   |    1.4532     |    0.3716
   10     | -1691.4794048170 |   8.2867e-06   |    1.5151     |    0.5151
   11     | -1691.4794072956 |   4.4820e-07   |    1.6823     |    0.5408
   12     | -1691.4794073876 |   1.3248e-07   |    1.5626     |    0.4740
   13     | -1691.4794074210 |   1.6855e-08   |    1.5869     |    0.4245
   14     | -1691.4794074242 |   5.5450e-09   |    1.4551     |    0.3697
   15     | -1691.4794074257 |   5.3322e-10   |    1.5144     |    0.5148
   16     | -1691.4794074256 |   8.1827e-10   |    1.6799     |    0.5446
   17     | -1691.4794074259 |   4.5422e-11   |    1.5626     |    0.4745
Created 656781 / 2985984 significant shell pairs
Created 508961 / 2274064 significant shell pairs
Total number of grid points: 343834 (5056 per atom)
One electron integrals and orthogonalizer took 0.135092s
Created 508961 / 2274064 significant shell pairs
3C integrals and B formation took 2.559810s
Iteration |      Energy      |  DIIS Metric   | Fock Time (s) | DIIS Time (s)
----------+------------------+----------------+---------------+--------------
    1     | -1701.7692697052 |   1.0252e+03   |    1.5185     |    0.5149
    2     | -1690.5821547432 |   3.2228e+00   |    1.6755     |    0.3567
    3     | -1690.1275668996 |   4.8703e+00   |    1.6715     |    0.3667
    4     | -1691.4472510709 |   1.3627e-01   |    1.4719     |    0.5422
    5     | -1691.4683714894 |   6.3123e-02   |    1.4193     |    0.5471
    6     | -1691.4842417096 |   6.2568e-03   |    1.6764     |    0.5135
    7     | -1691.4857222043 |   9.9442e-04   |    1.8574     |    0.3732
    8     | -1691.4859428171 |   2.7326e-04   |    1.6360     |    0.3922
    9     | -1691.4860172591 |   1.2407e-05   |    1.5148     |    0.5085
   10     | -1691.4860195346 |   4.2693e-06   |    1.3838     |    0.3405
   11     | -1691.4860207028 |   2.7556e-07   |    1.5865     |    0.3404
   12     | -1691.4860207429 |   1.3617e-07   |    1.8411     |    0.3894
   13     | -1691.4860207777 |   1.5943e-08   |    1.6387     |    0.3899
   14     | -1691.4860207813 |   3.8762e-09   |    1.3797     |    0.3428
   15     | -1691.4860207824 |   3.2626e-10   |    1.5812     |    0.3429
   16     | -1691.4860207823 |   7.2294e-10   |    1.5838     |    0.3429
   17     | -1691.4860207824 |   7.2207e-11   |    1.8566     |    0.3739
Created 654766 / 2985984 significant shell pairs
Created 506968 / 2274064 significant shell pairs
Total number of grid points: 344415 (5064 per atom)
One electron integrals and orthogonalizer took 0.129958s
Created 506968 / 2274064 significant shell pairs
3C integrals and B formation took 2.603837s
Iteration |      Energy      |  DIIS Metric   | Fock Time (s) | DIIS Time (s)
----------+------------------+----------------+---------------+--------------
    1     | -1701.7769359726 |   1.0267e+03   |    1.5168     |    0.6696
    2     | -1690.5843117882 |   3.2324e+00   |    1.7163     |    0.4666
    3     | -1690.1367354375 |   4.8672e+00   |    1.8462     |    0.3890
    4     | -1691.4549388371 |   1.1731e-01   |    1.3792     |    0.3428
    5     | -1691.4713706223 |   6.1712e-02   |    1.5809     |    0.3427
    6     | -1691.4869592662 |   4.9423e-03   |    1.5854     |    0.3429
    7     | -1691.4880558458 |   1.0365e-03   |    1.8385     |    0.3915
    8     | -1691.4883065689 |   2.0186e-04   |    1.6601     |    0.3666
    9     | -1691.4883604357 |   1.3811e-05   |    1.3783     |    0.3428
   10     | -1691.4883633316 |   3.6361e-06   |    1.5818     |    0.3429
   11     | -1691.4883643193 |   1.9560e-07   |    1.5849     |    0.3426
   12     | -1691.4883643401 |   1.1993e-07   |    1.8390     |    0.3920
   13     | -1691.4883643720 |   8.6442e-09   |    1.6585     |    0.3686
   14     | -1691.4883643735 |   3.8121e-09   |    1.3793     |    0.3429
   15     | -1691.4883643745 |   2.1853e-10   |    1.5800     |    0.3428
   16     | -1691.4883643745 |   4.6375e-10   |    1.5845     |    0.3428
   17     | -1691.4883643746 |   6.5785e-11   |    1.8387     |    0.3922
Created 684667 / 2985984 significant shell pairs
Created 531448 / 2274064 significant shell pairs
Total number of grid points: 342432 (5035 per atom)
One electron integrals and orthogonalizer took 0.216096s
Created 531448 / 2274064 significant shell pairs
3C integrals and B formation took 2.661858s
Iteration |      Energy      |  DIIS Metric   | Fock Time (s) | DIIS Time (s)
----------+------------------+----------------+---------------+--------------
    1     | -1701.7695972026 |   1.0277e+03   |    1.7405     |    0.6725
    2     | -1690.5741075703 |   3.2082e+00   |    1.6716     |    0.3621
    3     | -1690.1227312971 |   4.8446e+00   |    1.6714     |    0.4612
    4     | -1691.4333751530 |   1.3892e-01   |    1.4095     |    0.5138
    5     | -1691.4475662688 |   9.0356e-02   |    1.5149     |    0.5139
    6     | -1691.4710382100 |   9.9726e-03   |    1.6750     |    0.5484
    7     | -1691.4734866162 |   1.7286e-03   |    1.5165     |    0.4981
    8     | -1691.4738411309 |   7.0317e-04   |    1.5113     |    0.4075
    9     | -1691.4740461856 |   3.6229e-05   |    1.4095     |    0.5150
   10     | -1691.4740542010 |   1.0174e-05   |    1.5150     |    0.5151
   11     | -1691.4740569777 |   1.1696e-06   |    1.6967     |    0.4973
   12     | -1691.4740572746 |   2.1542e-07   |    1.5183     |    0.4973
   13     | -1691.4740573241 |   4.2902e-08   |    1.5140     |    0.4071
   14     | -1691.4740573341 |   6.7598e-09   |    1.4117     |    0.5124
   15     | -1691.4740573360 |   7.9487e-10   |    1.3892     |    0.3405
   16     | -1691.4740573356 |   1.9182e-09   |    1.7194     |    0.5085
   17     | -1691.4740573361 |   1.7142e-10   |    1.6745     |    0.5550
   18     | -1691.4740573362 |   3.7214e-11   |    1.5107     |    0.4075
Created 640848 / 2985984 significant shell pairs
Created 496114 / 2274064 significant shell pairs
Total number of grid points: 345753 (5084 per atom)
One electron integrals and orthogonalizer took 0.089686s
Created 496114 / 2274064 significant shell pairs
3C integrals and B formation took 2.523424s
Iteration |      Energy      |  DIIS Metric   | Fock Time (s) | DIIS Time (s)
----------+------------------+----------------+---------------+--------------
    1     | -1701.7746708883 |   1.0238e+03   |    1.5105     |    0.6692
    2     | -1690.5915912639 |   3.2471e+00   |    1.6767     |    0.3575
    3     | -1690.1375861073 |   4.9096e+00   |    1.5081     |    0.5112
    4     | -1691.4645978020 |   1.2133e-01   |    1.4139     |    0.5442
    5     | -1691.4832953039 |   5.6167e-02   |    1.3140     |    0.3889
    6     | -1691.4971237343 |   5.2071e-03   |    1.3711     |    0.4972
    7     | -1691.4983205687 |   9.3750e-04   |    1.4913     |    0.4971
    8     | -1691.4985374411 |   2.1241e-04   |    1.4919     |    0.4063
    9     | -1691.4985949588 |   1.3731e-05   |    1.2672     |    0.3428
   10     | -1691.4985976952 |   4.0390e-06   |    1.2603     |    0.5481
   11     | -1691.4985988150 |   2.3531e-07   |    1.6762     |    0.5149
   12     | -1691.4985988456 |   1.3271e-07   |    1.8388     |    0.3922
   13     | -1691.4985988818 |   1.0588e-08   |    1.6362     |    0.3921
   14     | -1691.4985988839 |   3.6648e-09   |    1.3714     |    0.3430
   15     | -1691.4985988848 |   2.4595e-10   |    1.5740     |    0.3430
   16     | -1691.4985988847 |   5.7436e-10   |    1.5765     |    0.3428
   17     | -1691.4985988849 |   6.8891e-11   |    1.5747     |    0.3431
Created 632083 / 2985984 significant shell pairs
Created 489066 / 2274064 significant shell pairs
Total number of grid points: 345767 (5084 per atom)
One electron integrals and orthogonalizer took 0.088610s
Created 489066 / 2274064 significant shell pairs
3C integrals and B formation took 2.612878s
Iteration |      Energy      |  DIIS Metric   | Fock Time (s) | DIIS Time (s)
----------+------------------+----------------+---------------+--------------
    1     | -1701.7586863614 |   1.0215e+03   |    1.4164     |    0.5054
    2     | -1690.5852229093 |   3.2270e+00   |    1.4909     |    0.4981
    3     | -1690.1327788767 |   4.8761e+00   |    1.4906     |    0.4074
    4     | -1691.4511118025 |   1.4016e-01   |    1.2719     |    0.3431
    5     | -1691.4756054356 |   5.1884e-02   |    1.4601     |    0.3849
    6     | -1691.4880364273 |   5.6495e-03   |    1.5144     |    0.5144
    7     | -1691.4893705715 |   9.1742e-04   |    1.5136     |    0.5150
    8     | -1691.4895787897 |   2.2440e-04   |    1.6768     |    0.3604
    9     | -1691.4896399127 |   1.2649e-05   |    1.4038     |    0.5477
   10     | -1691.4896424157 |   3.6556e-06   |    1.3115     |    0.3935
   11     | -1691.4896434517 |   2.2931e-07   |    1.3709     |    0.4981
   12     | -1691.4896434763 |   1.5005e-07   |=======================================================
            GGA_XC_HCTH_407 Energy Results             
=======================================================
E GGA_XC_HCTH_407     : -1691.48964352
Nuclear Repulsion Energy: 4272.0282628
Electronic Energy:        -5715.21464295
XC Energy:                -248.303263
Converged:                1
# of SCF iterations:      18
SCF Time:                 38.223s

======================================================Created 637190 / 2985984 significant shell pairs
Created 493201 / 2274064 significant shell pairs
Total number of grid points: 343547 (5052 per atom)
One electron integrals and orthogonalizer took 0.130530s
Created 493201 / 2274064 significant shell pairs
3C integrals and B formation took 2.551988s
Iteration |      Energy      |  DIIS Metric   | Fock Time (s) | DIIS Time (s)
----------+------------------+----------------+---------------+--------------
    1     | -1701.7749276385 |   1.0238e+03   |    1.5658     |    0.5497
    2     | -1690.5921548781 |   3.2463e+00   |    1.4803     |    0.5398
    3     | -1690.1383591631 |   4.9073e+00   |    1.4873     |    0.4494
    4     | -1691.4653398110 |   1.2099e-01   |    1.2619     |    0.3435
    5     | -1691.4837731635 |   5.6555e-02   | =======================================================
            GGA_XC_HCTH_407 Energy Results             
=======================================================
E GGA_XC_HCTH_407     : -1691.49920238
Nuclear Repulsion Energy: 4288.73490532
Electronic Energy:        -5731.92203214
XC Energy:                -248.312076
Converged:                1
# of SCF iterations:      17
SCF Time:                 36.34s

=======================================================
            Individual Calculation Summary             
=======================================================
HF Energy: -1691.4992023787376638
=======================================================


Topology 10 time: 36.557810 s, performance: SP: 0 FLOP/s, DP: 412.8 GFLOP/s
JSON file written to: json_logs/lustre_orion_chm213_scratch_ryan_dhdft_inputs_exess_exess_inputs_HCTH407_def2-TZVP_isomers_37320-37339_topology_10.json
*********Created 665467 / 2985984 significant shell pairs
Created 515899 / 2274064 significant shell pairs
Total number of grid points: 345542 (5081 per atom)
One electron integrals and orthogonalizer took 0.135230s
Created 515899 / 2274064 significant shell pairs
3C integrals and B formation took 2.647854s
Iteration |      Energy      |  DIIS Metric   | Fock Time (=======================================================
            GGA_XC_HCTH_407 Energy Results             
=======================================================
E GGA_XC_HCTH_407     : -1691.48429924
Nuclear Repulsion Energy: 4412.29013347
Electronic Energy:        -5855.45962439
XC Energy:                -248.314808
Converged:                1
# of SCF iterations:      17
SCF Time:                 37.689s

=======================================================
            Individual Calculation Summary             
=======================================================
HF Energy: -1691.4842992352014335
=======================================================


Topology 11 time: 37.918079 s, performance: SP: 0 FLOP/s, DP: 414.4 GFLOP/s
JSON file written to: json_logs/lustre_orion_chm213_scratch_ryan_dhdft_inputs_exess_exess_inputs_HCTH407_def2-TZVP_isomers_37320-37339_topology_11.json
************************************************************
**************** Running topology 13 of 20 *****************
************************************************************

************************************************************
*********** Beginning RI-GGA_XC_HCTH_407 energy ************
************************************************************

=======================================================
            GGA_XC_HCTH_407 Energy Results             
=======================================================
E GGA_XC_HCTH_407     : -1691.47659807
Nuclear Repulsion Energy: 4450.78078728
Electronic Energy:        -5893.94421765
XC Energy:                -248.313168
Converged:                1
# of SCF iterations:      17
SCF Time:                 38.546s

=======================================================
            Individual Calculation Summary             
=======================================================
HF Energy: -1691.4765980699585270
=======================================================


Topology 12 time: 38.779559 s, performance: SP: 0 FLOP/s, DP: 411 GFLOP/s
JSON file written to: json_logs/lustre_orion_chm213_scratch_ryan_dhdft_inputs_exess_exess_inputs_HCTH407_def2-TZVP_isomers_37320-37339_topology_12.json
************************************************************
**************** Running topology 14 of 20 *****************
************************************************************

************************************************************
*********** Beginning RI-GGA_XC_HCTH_407 energy ************
************************************************************

=======================================================
            GGA_XC_HCTH_407 Energy Results             
=======================================================
E GGA_XC_HCTH_407     : -1691.48493139
Nuclear Repulsion Energy: 4392.9268272
Electronic Energy:        -5836.10270516
XC Energy:                -248.309053
Converged:                1
# of SCF iterations:      17
SCF Time:                 38.143s

=======================================================
            Individual Calculation Summary             
=======================================================
HF Energy: -1691.4849313901979713
=======================================================


Topology 13 time: 38.374926 s, performance: SP: 0 FLOP/s, DP: 406.5 GFLOP/s
JSON file written to: json_logs/lustre_orion_chm213_scratch_ryan_dhdft_inputs_exess_exess_inputs_HCTH407_def2-TZVP_isomers_37320-37339_topology_13.json
************************************************************
**************** Running topology 15 of 20 *****************
************************************************************

************************************************************
*********** Beginning RI-GGA_XC_HCTH_407 energy ************
************************************************************

=======================================================
            GGA_XC_HCTH_407 Energy Results             
=======================================================
E GGA_XC_HCTH_407     : -1691.48150529
Nuclear Repulsion Energy: 4374.19996686
Electronic Energy:        -5817.37503406
XC Energy:                -248.306438
Converged:                1
# of SCF iterations:      18
SCF Time:                 40.374s

=======================================================
            Individual Calculation Summary             
=======================================================
HF Energy: -1691.4815052897363330
=======================================================


Topology 14 time: 40.602886 s, performance: SP: 0 FLOP/s, DP: 384.3 GFLOP/s
JSON file written to: json_logs/lustre_orion_chm213_scratch_ryan_dhdft_inputs_exess_exess_inputs_HCTH407_def2-TZVP_isomers_37320-37339_topology_14.json
************************************************************
**************** Running topology 16 of 20 *****************
************************************************************

************************************************************
*********** Beginning RI-GGA_XC_HCTH_407 energy ************
************************************************************

=======================================================
            GGA_XC_HCTH_407 Energy Results             
=======================================================
E GGA_XC_HCTH_407     : -1691.48029162
Nuclear Repulsion Energy: 4350.20564859
Electronic Energy:        -5793.38054816
XC Energy:                -248.305392
Converged:                1
# of SCF iterations:      18
SCF Time:                 40.381s

=======================================================
            Individual Calculation Summary             
=======================================================
HF Energy: -1691.4802916218675364
=======================================================


Topology 15 time: 40.610389 s, performance: SP: 0 FLOP/s, DP: 381.1 GFLOP/s
JSON file written to: json_logs/lustre_orion_chm213_scratch_ryan_dhdft_inputs_exess_exess_inputs_HCTH407_def2-TZVP_isomers_37320-37339_topology_15.json
************************************************************
**************** Running topology 17 of 20 *****************
************************************************************

************************************************************
*********** Beginning RI-GGA_XC_HCTH_407 energy ************
************************************************************

=======================================================
            GGA_XC_HCTH_407 Energy Results             
=======================================================
E GGA_XC_HCTH_407     : -1691.49630838
Nuclear Repulsion Energy: 4318.91669514
Electronic Energy:        -5762.10235865
XC Energy:                -248.310645
Converged:                1
# of SCF iterations:      17
SCF Time:                 37.131s

=======================================================
            Individual Calculation Summary             
=======================================================
HF Energy: -1691.4963083826587535
=======================================================


Topology 16 time: 37.360433 s, performance: SP: 0 FLOP/s, DP: 407.7 GFLOP/s
JSON file written to: json_logs/lustre_orion_chm213_scratch_ryan_dhdft_inputs_exess_exess_inputs_HCTH407_def2-TZVP_isomers_37320-37339_topology_16.json
************************************************************
**************** Running topology 18 of 20 *****************
************************************************************

************************************************************
*********** Beginning RI-GGA_XC_HCTH_407 energy ************
************************************************************

=======================================================
            GGA_XC_HCTH_407 Energy Results             
=======================================================
E GGA_XC_HCTH_407     : -1691.49607725
Nuclear Repulsion Energy: 4349.31694923
Electronic Energy:        -5792.50203396
XC Energy:                -248.310993
Converged:                1
# of SCF iterations:      17
SCF Time:                 37.539s

=======================================================
            Individual Calculation Summary             
=======================================================
HF Energy: -1691.4960772455629012
=======================================================


Topology 17 time: 37.775117 s, performance: SP: 0 FLOP/s, DP: 404.8 GFLOP/s
JSON file written to: json_logs/lustre_orion_chm213_scratch_ryan_dhdft_inputs_exess_exess_inputs_HCTH407_def2-TZVP_isomers_37320-37339_topology_17.json
************************************************************
**************** Running topology 19 of 20 *****************
************************************************************

************************************************************
*********** Beginning RI-GGA_XC_HCTH_407 energy ************
************************************************************

=======================================================
            GGA_XC_HCTH_407 Energy Results             
=======================================================
E GGA_XC_HCTH_407     : -1691.48124777
Nuclear Repulsion Energy: 4422.25198769
Electronic Energy:        -5865.42633993
XC Energy:                -248.306896
Converged:                1
# of SCF iterations:      18
SCF Time:                 40.364s

=======================================================
            Individual Calculation Summary             
=======================================================
HF Energy: -1691.4812477691289132
=======================================================


Topology 18 time: 40.608923 s, performance: SP: 0 FLOP/s, DP: 390.3 GFLOP/s
JSON file written to: json_logs/lustre_orion_chm213_scratch_ryan_dhdft_inputs_exess_exess_inputs_HCTH407_def2-TZVP_isomers_37320-37339_topology_18.json
************************************************************
**************** Running topology 20 of 20 *****************
************************************************************

************************************************************
*********** Beginning RI-GGA_XC_HCTH_407 energy ************
************************************************************

=======================================================
            GGA_XC_HCTH_407 Energy Results             
=======================================================
E GGA_XC_HCTH_407     : -1691.46812261
Nuclear Repulsion Energy: 4487.71614451
Electronic Energy:        -5930.87480183
XC Energy:                -248.309465
Converged:                1
# of SCF iterations:      17
SCF Time:                 38.54s

=======================================================
            Individual Calculation Summary             
=======================================================
HF Energy: -1691.4681226080688248
=======================================================


Topology 19 time: 38.792791 s, performance: SP: 0 FLOP/s, DP: 419.2 GFLOP/s
JSON file written to: json_logs/lustre_orion_chm213_scratch_ryan_dhdft_inputs_exess_exess_inputs_HCTH407_def2-TZVP_isomers_37320-37339_topology_19.json
Total flops: SP: 0 FLOPS, DP: 321.46675 TFLOPS
Performance: SP: 0 FLOP/s, DP: 405.9 GFLOP/s

Now, a word from our sponsors... 
 The broth ended up more expensive than the meatballs (mexican saying)

[31mTotal processing time 792.241377 seconds[0m
[CRAYBLAS_WARNING] Application linked against multiple cray-libsci libraries
13     | -1691.4960772427 |   9.7453e-09   |    1.6358     |    0.3926
   14     | -1691.4960772445 |   3.9228e-09   |    1.3723     |    0.3432
   15     | -1691.4960772455 |   1.9428e-10   |    1.5754     |    0.3429
   16     | -1691.4960772454 |   5.3352e-10   |    1.5799     |    0.3434
   17     | -1691.4960772456 |   4.9666e-11   |    1.8385     |    0.3924
Created 667211 / 2985984 significant shell pairs
Created 517755 / 2274064 significant shell pairs
Total number of grid points: 341285 (5018 per atom)
One electron integrals and orthogonalizer took 0.135913s
Created 517755 / 2274064 significant shell pairs
3C integrals and B formation took 2.732228s
Iteration |      Energy      |  DIIS Metric   | Fock Time (s) | DIIS Time (s)
----------+------------------+----------------+---------------+--------------
    1     | -1701.7651619980 |   1.0249e+03   |    1.5462     |    0.5176
    2     | -1690.5799563854 |   3.2121e+00   |    1.7012     |    0.3417
    3     | -1690.1263516171 |   4.8598e+00   |    1.6844     |    0.4055
    4     | -1691.4407739601 |   1.4250e-01   |    1.6618     |    0.3430
    5     | -1691.4590559053 |   7.6694e-02   |    1.5809     |    0.3428
    6     | -1691.4773157701 |   1.2805e-02   |    1.5858     |    0.3431
    7     | -1691.4808178808 |   1.2821e-03   |    1.8596     |    0.5668
    8     | -1691.4810354268 |   6.5858e-04   |    1.4996     |    0.4075
    9     | -1691.4812370714 |   3.4034e-05   |    1.2824     |    0.3426
   10     | -1691.4812446261 |   1.0388e-05   |    1.5801     |    0.3429
   11     | -1691.4812475667 |   6.7847e-07   |    1.5837     |    0.3429
   12     | -1691.4812477060 |   2.2117e-07   |    1.8601     |    0.3704
   13     | -1691.4812477594 |   3.5212e-08   |    1.6602     |    0.3674
   14     | -1691.4812477675 |   5.4484e-09   |    1.3782     |    0.3432
   15     | -1691.4812477690 |   5.7571e-10   |    1.5816     |    0.3434
   16     | -1691.4812477684 |   2.1682e-09   |    1.5836     |    0.3430
   17     | -1691.4812477691 |   1.3219e-10   |    1.8606     |    0.3696
   18     | -1691.4812477691 |   2.9060e-11   |    1.6612     |    0.3663
Created 690571 / 2985984 significant shell pairs
Created 535904 / 2274064 significant shell pairs
Total number of grid points: 349430 (5138 per atom)
One electron integrals and orthogonalizer took 0.217472s
Created 535904 / 2274064 significant shell pairs
3C integrals and B formation took 2.660669s
Iteration |      Energy      |  DIIS Metric   | Fock Time (s) | DIIS Time (s)
----------+------------------+----------------+---------------+--------------
    1     | -1701.7686428769 |   1.0281e+03   |    1.7653     |    0.5468
    2     | -1690.5682663429 |   3.2060e+00   |    1.6790     |    0.5450
    3     | -1690.1110567028 |   4.8840e+00   |    1.5155     |    0.4075
    4     | -1691.4252390055 |   1.4922e-01   |    1.4097     |    0.5139
    5     | -1691.4426718878 |   8.5193e-02   |    1.5144     |    0.5140
    6     | -1691.4660775129 |   7.2011e-03   |    1.6822     |    0.5415
    7     | -1691.4678845084 |   8.1410e-04   |    1.5635     |    0.4728
    8     | -1691.4680508390 |   2.5304e-04   |    1.5872     |    0.4257
    9     | -1691.4681182212 |   1.5245e-05   |    1.4539     |    0.3700
   10     | -1691.4681205139 |   7.0932e-06   |    1.5149     |    0.5154
   11     | -1691.4681225241 |   2.9857e-07   |    1.6814     |    0.5446
   12     | -1691.4681225710 |   1.2850e-07   |    1.5622     |    0.4743
   13     | -1691.4681226024 |   1.8767e-08   |    1.5866     |    0.4248
   14     | -1691.4681226066 |   4.7902e-09   |    1.4541     |    0.3699
   15     | -1691.4681226080 |   2.5548e-10   |    1.4872     |    0.3378
   16     | -1691.4681226079 |   6.8804e-10   |    1.8753     |    0.5508
   17     | -1691.4681226081 |   2.2459e-11   |    1.5629     |    0.4741
Please cite the following papers for the methods used in this calculation:
 - J.L. Galvez Vallejo et. al., Toward an extreme-scale electronic structure system, J. Chem. Phys., 2023. DOI: 10.1063/5.0156399

 - R. Stocks, E. Palethorpe, and G.M.J. Barca, Multi-GPU RI-HF Energies and Analytic Gradients ─ Toward High-Throughput Ab Initio Molecular Dynamics, J. Chem. Theory Comput., 2024. DOI: 10.1021/acs.jctc.4c00877
   For:
     * RI-HF energy

 - D.B. Williams-Young, W.A. de Jong, H.J.J. van Dam, and C. Yang, On the Efficient Evaluation of the Exchange Correlation Potential on Graphics Processing Unit Clusters, Frontiers in Chemistry, 2020. DOI: 10.3389/fchem.2020.581058
   For:
     * GauXC implementation of exchange-correlation integration

 - R. Stocks and G.M.J. Barca, Efficient Algorithms for GPU Accelerated Evaluation of the DFT Exchange-Correlation Functional, J. Chem. Theory Comput., 2025. DOI: 10.1021/acs.jctc.5c01229
   For:
     * GPU accelerated DFT exchange-correlation evaluation

 - A. D. Boese and N. C. Handy.,  J. Chem. Phys. 114, 5497 (2001) DOI: 10.1063/1.1347371
   For:
     * GGA_XC_HCTH_407 XC Functional

[CRAYBLAS_WARNING] Application linked against multiple cray-libsci libraries
