Total number of grid points: 341378 (5020 per atom)
Total number of grid points: 342969 (5043 per atom)
Total number of grid points: 339182 (4987 per atom)
Total number of grid points: 344598 (5067 per atom)
Total number of grid points: 341112 (5016 per atom)
Total number of grid points: 344858 (5071 per atom)
Total number of grid points: 342446 (5035 per atom)
Total number of grid points: 346166 (5090 per atom)
Total number of grid points: 341982 (5029 per atom)
Total number of grid points: 348067 (5118 per atom)
Total number of grid points: 343748 (5055 per atom)
Total number of grid points: 344205 (5061 per atom)
Total number of grid points: 343522 (5051 per atom)
Total number of grid points: 338912 (4984 per atom)
Total number of grid points: 343970 (5058 per atom)
Total number of grid points: 346560 (5096 per atom)
Total number of grid points: 343202 (5047 per atom)
Total number of grid points: 343920 (5057 per atom)
Total number of grid points: 341243 (5018 per atom)
Total number of grid points: 348520 (5125 per atom)
[CRAYBLAS_WARNING] Application linked against multiple cray-libsci libraries
5605
   10     | -1691.4638820868 |   8.4903e-06   |    1.3265     |    0.3823
   11     | -1691.4638843094 |   7.2581e-07   |    1.4255     |    0.5601
   12     | -1691.4638844624 |   1.8699e-07   |    1.5056     |    0.3196
   13     | -1691.4638845041 |   4.2934e-08   |    1.7052     |    0.4318
   14     | -1691.4638845137 |   7.9191e-09   |    1.3408     |    0.3417
   15     | -1691.4638845157 |   1.3365e-09   |    1.2603     |    0.3420
   16     | -1691.4638845158 |   8.9854e-10   |    1.5456     |    0.3222
   17     | -1691.4638845161 |   8.1463e-11   |    1.5978     |    0.3520
Created 708192 / 2985984 significant shell pairs
Created 549950 / 2274064 significant shell pairs
Total number of grid points: 339610 (4994 per atom)
One electron integrals and orthogonalizer took 0.051978s
Created 549950 / 2274064 significant shell pairs
3C integrals and B formation took 3.043810s
Iteration |      Energy      |  DIIS Metric   | Fock Time (s) | DIIS Time (s)
----------+------------------+----------------+---------------+--------------
    1     | -1701.7781166457 |   1.0313e+03   |    1.8138     |    0.5885
    2     | -1690.5701485499 |   3.2044e+00   |    1.8416     |    0.6358
    3     | -1690.0915052968 |   4.9244e+00   |    1.7984     |    0.6354
    4     | -1691.4168723679 |   1.9420e-01   |    1.4745     |    0.7154
    5     | -1691.4501970063 |   7.7967e-02   |    1.7196     |    0.7150
    6     | -1691.4703717445 |   6.3334e-03   |    2.0434     |    0.7897
    7     | -1691.4718070535 |   1.1229e-03   |    1.8465     |    0.6742
    8     | -1691.4720175631 |   4.4019e-04   |    1.8408     |    0.5133
    9     | -1691.4721342252 |   3.4207e-05   |    1.5163     |    0.5133
   10     | -1691.4721407522 |   1.2367e-05   |    1.7187     |    0.5131
   11     | -1691.4721443049 |   8.7553e-07   |    1.8404     |    0.5876
   12     | -1691.4721445037 |   1.8397e-07   |    1.8470     |    0.4330
   13     | -1691.4721445503 |   3.2183e-08   |    1.7988     |    0.3907
   14     | -1691.4721445586 |   3.5783e-09   |    1.7196     |    0.5130
   15     | -1691.4721445594 |   8.1733e-10   |    1.5170     |    0.5131
   16     | -1691.4721445594 |   8.3236e-10   |    2.0435     |    0.5936
   17     | -1691.4721445596 |   5.1173e-11   |    1.8401     |    0.3906
Created 696985 / 2985984 significant shell pairs
Created 541030 / 2274064 significant shell pairs
Total number of grid points: 341889 (5027 per atom)
One electron integrals and orthogonalizer took 0.175700s
Created 541030 / 2274064 significant shell pairs
3C integrals and B formation took 2.874962s
Iteration |      Energy      |  DIIS Metric   | Fock Time (s) | DIIS Time (s)
----------+------------------+----------------+---------------+--------------
    1     | -1701.7745167036 |   1.0300e+03   |    1.8094     |    0.5924
    2     | -1690.5752215729 |   3.2092e+00   |    1.8396     |    0.3901
    3     | -1690.1211982446 |   4.8483e+00   |    2.0161     |    0.4177
    4     | -1691.4368103048 |   1.4320e-01   |    1.7173     |    0.5135
    5     | -1691.4552184110 |   7.9368e-02   |    1.5171     |    0.5119
    6     | -1691.4760173487 |   6.8307e-03   |    2.0442     |    0.5927
    7     | -1691.4776445713 |   9.9862e-04   |    1.8387     |    0.3912
    8     | -1691.4778301957 |   3.7920e-04   |    1.9561     |    0.4230
    9     | -1691.4779336886 |   1.9986e-05   |    1.7184     |    0.5134
   10     | -1691.4779375554 |   7.0566e-06   |    1.5164     |    0.5135
   11     | -1691.4779395211 |   5.5789e-07   |    2.0423     |    0.5937
   12     | -1691.4779396385 |   1.5217e-07   |    1.8408     |    0.3910
   13     | -1691.4779396748 |   2.8360e-08   |    2.0162     |    0.4180
   14     | -1691.4779396810 |   6.3304e-09   |    1.7170     |    0.5139
   15     | -1691.4779396827 |   5.4638e-10   |    1.5163     |    0.5133
   16     | -1691.4779396825 |   1.1027e-09   |    2.0166     |    0.4176
   17     | -1691.4779396828 |   5.5071e-11   |    1.9563     |    0.4228
Created 685855 / 2985984 significant shell pairs
Created 531772 / 2274064 significant shell pairs
Total number of grid points: 342330 (5034 per atom)
One electron integrals and orthogonalizer took 0.174228s
Created 531772 / 2274064 significant shell pairs
3C integrals and B formation took 2.849995s
Iteration |      Energy      |  DIIS Metric   | Fock Time (s) | DIIS Time (s)
----------+------------------+----------------+---------------+--------------
    1     | -1701.7626278452 |   1.0282e+03   |    1.8351     |    0.5930
    2     | -1690.5686601783 |   3.1931e+00   |    1.7543     |    0.6252
    3     | -1690.1164931024 |   4.7987e+00   |    1.7551     |    0.6253
    4     | -1691.4206256824 |   1.6921e-01   |    1.5161     |    0.7156
    5     | -1691.4451627607 |   8.5088e-02   |    1.4778     |    0.7529
    6     | -1691.4671420731 |   8.3867e-03   |    1.8398     |    0.6744
    7     | -1691.4692100490 |   1.0132e-03   |    1.7924     |    0.6253
    8     | -1691.4693783320 |   4.6874e-04   |    1.7931     |    0.3835
    9     | -1691.4695088407 |   3.0307e-05   |    1.4745     |    0.5133
   10     | -1691.4695147688 |   1.0710e-05   |    1.5161     |    0.5135
   11     | -1691.4695177393 |   1.2521e-06   |    1.8137     |    0.4172
   12     | -1691.4695180631 |   2.0562e-07   |    1.7134     |    0.4224
   13     | -1691.4695181125 |   4.9069e-08   |    1.7554     |    0.4228
   14     | -1691.4695181244 |   8.6156e-09   |    1.4786     |    0.5500
   15     | -1691.4695181266 |   1.0199e-09   |    1.5163     |    0.5132
   16     | -1691.4695181263 |   2.1593e-09   |    1.8136     |    0.4170
   17     | -1691.4695181269 |   1.1806e-10   |    1.7557     |    0.4230
   18     | -1691.4695181269 |   3.7040e-11   |    1.9541     |    0.4228
Created 690602 / 2985984 significant shell pairs
Created 535980 / 2274064 significant shell pairs
Total number of grid points: 346790 (5099 per atom)
One electron integrals and orthogonalizer took 0.175748s
Created 535980 / 2274064 significant shell pairs
3C integrals and B formation took 2.848816s
Iteration |      Energy      |  DIIS Metric   | Fock Time (s) | DIIS Time (s)
----------+------------------+----------------+---------------+--------------
    1     | -1701.7645932465 |   1.0284e+03   |    1.8330     |    0.5931
    2     | -1690.5702403952 |   3.1954e+00   |    1.8397     |    0.3904
    3     | -1690.1143846099 |   4.8113e+00   |    2.0429     |    0.3903
    4     | -1691.4232036242 |   1.6707e-01   |    1.7192     |    0.5125
    5     | -1691.4484268409 |   8.0724e-02   |    1.5169     |    0.5122
    6     | -1691.4694462611 |   8.4874e-03   |    2.0434     |    0.5926
    7     | -1691.4715027037 |   1.1921e-03   |    1.8401     |    0.3906
    8     | -1691.4716834494 |   6.1607e-04   |    2.0430     |    0.3908
    9     | -1691.4718648595 |   3.5064e-05   |    1.7193     |    0.5133
   10     | -1691.4718729420 |   8.9142e-06   |    1.5165     |    0.5134
   11     | -1691.4718753369 |   1.0032e-06   |    2.0435     |    0.5938
   12     | -1691.4718755939 |   1.3077e-07   |    1.8399     |    0.3908
   13     | -1691.4718756232 |   3.0450e-08   |    2.0436     |    0.3907
   14     | -1691.4718756306 |   4.2306e-09   |    1.7192     |    0.5134
   15     | -1691.4718756316 |   8.8769e-10   |    1.5161     |    0.5134
   16     | -1691.4718756315 |   1.3388e-09   |    2.0432     |    0.5938
   17     | -1691.4718756318 |   8.9038e-11   |    1.8398     |    0.3909
Created 758244 / 2985984 significant shell pairs
Created 588412 / 2274064 significant shell pairs
Total number of grid points: 347005 (5103 per atom)
One electron integrals and orthogonalizer took 0.172943s
Created 588412 / 2274064 significant shell pairs
3C integrals and B formation took 3.243701s
Iteration |      Energy      |  DIIS Metric   | Fock Time (s) | DIIS Time (s)
----------+------------------+----------------+---------------+--------------
    1     | -1701.7895048397 |   1.0383e+03   |    1.8802     |    0.5447
    2     | -1690.5502764384 |   3.2352e+00   |    2.0665     |    0.3670
    3     | -1689.9443012497 |   5.4104e+00   |    2.0668     |    0.4418
    4     | -1691.3276030773 |   4.5210e-01   |    1.6730     |    0.4231
    5     | -1691.4237868244 |   1.2806e-01   |    1.5413     |    0.4231
    6     | -1691.4552351206 |   1.5291e-02   |    2.0695     |    0.5666
    7     | -1691.4585047261 |   3.3772e-03   |    1.8638     |    0.4419
    8     | -1691.4592974428 |   8.0334e-04   |    1.9917     |    0.3666
    9     | -1691.4595066928 |   9.2389e-05   |    1.7500     |    0.4230
   10     | -1691.4595324858 |   1.1771e-05   |    1.5428     |    0.4231
   11     | -1691.4595356017 |   1.7322e-06   |    2.0682     |    0.5682
   12     | -1691.4595360298 |   1.7115e-07   |    1.8642     |    0.3659
   13     | -1691.4595360576 |   7.4547e-08   |    2.0664     |    0.3671
   14     | -1691.4595360780 |   5.7024e-09   |    1.7491     |    0.4230
   15     | -1691.4595360774 |   7.7983e-09   |    1.5427     |    0.4230
   16     | -1691.4595360795 |   5.1749e-10   |    2.0691     |    0.5670
   17     | -1691.4595360796 |   1.5278e-10   |    1.8636     |    0.3668
   18     | -1691.4595360797 |   3.4426e-11   |    2.0666     |    0.3666
Created 707070 / 2985984 significant shell pairs
Created 549317 / 2274064 significant shell pairs
Total number of grid points: 340982 (5014 per atom)
One electron integrals and orthogonalizer took 0.175887s
Created 549317 / 2274064 significant shell pairs
3C integrals and B formation took 2.882903s
Iteration |      Energy      |  DIIS Metric   | Fock Time (s) | DIIS Time (s)
----------+------------------+----------------+---------------+--------------
    1     | -1701.7795614990 |   1.0314e+03   |    1.8013     |    0.5931
    2     | -1690.5701123592 |   3.2049e+00   |    1.8399     |    0.3902
    3     | -1690.0937798481 |   4.9130e+00   |    2.0432     |    0.3898
    4     | -1691.4167918925 |   1.9390e-01   |    1.7194     |    0.5125
    5     | -1691.4461802240 |   9.3124e-02   |    1.5163     |    0.5125
    6     | -1691.4705103838 |   8.2125e-03   |    2.0430     |    0.5928
    7     | -1691.4723298874 |   1.5332e-03   |    1.8405     |    0.3895
    8     | -1691.4726413653 |   4.8478e-04   |    2.0436     |    0.3910
    9     | -1691.4727729019 |   3.7302e-05   |    1.7192     |    0.5131
   10     | -1691.4727819093 |   9.8069e-06   |    1.5169     |    0.5131
   11     | -1691.4727847866 |   9.9276e-07   |    2.0438     |    0.5934
   12     | -1691.4727850259 |   1.5651e-07   |    1.8413     |    0.3909
   13     | -1691.4727850618 |   3.2539e-08   |    2.0436     |    0.3911
   14     | -1691.4727850696 |   4.6969e-09   |    1.7192     |    0.5133
   15     | -1691.4727850707 |   9.9403e-10   |    1.5166     |    0.5133
   16     | -1691.4727850706 |   1.0944e-09   |    2.0433     |    0.5939
   17     | -1691.4727850709 |   7.3300e-11   |    1.8397     |    0.3908
Created 680703 / 2985984 significant shell pairs
Created 527828 / 2274064 significant shell pairs
Total number of grid points: 339337 (4990 per atom)
One electron integrals and orthogonalizer took 0.174424s
Created 527828 / 2274064 significant shell pairs
3C integrals and B formation took 2.835423s
Iteration |      Energy      |  DIIS Metric   | Fock Time (s) | DIIS Time (s)
----------+------------------+----------------+---------------+--------------
    1     | -1701.7711344641 |   1.0291e+03   |    1.8487     |    0.5927
    2     | -1690.5747799245 |   3.1979e+00   |    1.7472     |    0.4232
    3     | -1690.1157786884 |   4.8133e+00   |    1.7445     |    0.4229
    4     | -1691.4244527517 |   1.8044e-01   |    1.4886     |    0.4173
    5     | -1691.4533673787 |   8.3796e-02   |    1.4079     |    0.4173
    6     | -1691.4751615129 |   7.6540e-03   |    1.7911     |    0.5383
    7     | -1691.4768680151 |   1.3887e-03   |    1.7146     |    0.4221
    8     | -1691.4771362014 |   4.8921e-04   |    1.7471     |    0.4232
    9     | -1691.4772702877 |   3.2745e-05   |    1.4539     |    0.3704
   10     | -1691.4772782743 |   8.1654e-06   |    1.4546     |    0.3697
   11     | -1691.4772805537 |   1.2014e-06   |    1.7500     |    0.4229
   12     | -1691.4772808823 |   1.2125e-07   |    1.7078     |    0.4223
   13     | -1691.4772809089 |   2.8176e-08   |    1.7491     |    0.4231
   14     | -1691.4772809158 |   3.4597e-09   |    1.4552     |    0.3692
   15     | -1691.4772809166 |   8.9447e-10   |    1.4551     |    0.3703
   16     | -1691.4772809165 |   1.0899e-09   |    1.7491     |    0.4230
   17     | -1691.4772809168 |   8.2541e-11   |    1.7065     |    0.4225
Created 675479 / 2985984 significant shell pairs
Created 524067 / 2274064 significant shell pairs
Total number of grid points: 337026 (4956 per atom)
One electron integrals and orthogonalizer took 0.135539s
Created 524067 / 2274064 significant shell pairs
3C integrals and B formation took 2.949153s
Iteration |      Energy      |  DIIS Metric   | Fock Time (s) | DIIS Time (s)
----------+------------------+----------------+---------------+--------------
    1     | -1701.7554185266 |   1.0269e+03   |    1.8229     |    0.5122
    2     | -1690.5675113434 |   3.1805e+00   |    1.7052     |    0.4224
    3     | -1690.1094122827 |   4.7852e+00   |    1.7482     |    0.4230
    4     | -1691.4092810523 |   2.0229e-01   |    1.4725     |    0.4345
    5     | -1691.4447256671 |   8.0389e-02   |    1.6384     |    0.5119
    6     | -1691.4650863372 |   9.4731e-03   |    1.7066     |    0.4226
    7     | -1691.4673598669 |   1.2919e-03   |    1.7470     |    0.4228
    8     | -1691.4675962078 |   5.2779e-04   |    1.9223     |    0.5133
    9     | -1691.4677439446 |   3.2615e-05   |    1.4716     |    0.5558
   10     | -1691.4677516756 |   9.2245e-06   |    1.5161     |    0.5132
   11     | -1691.4677543473 |   1.0993e-06   |    1.7068     |    0.4222
   12     | -1691.4677546272 |   1.4901e-07   |    1.7465     |    0.4230
   13     | -1691.4677546561 |   4.6915e-08   |    1.9221     |    0.5132
   14     | -1691.4677546663 |   1.2301e-08   |    1.4720     |    0.5565
   15     | -1691.4677546699 |   1.3309e-09   |    1.5158     |    0.5135
   16     | -1691.4677546695 |   2.3853e-09   |    1.7086     |    0.4221
   17     | -1691.4677546702 |   1.5934e-10   |    1.7474     |    0.4227
   18     | -1691.4677546702 |   4.9736e-11   |    1.9415     |    0.4229
Created 692269 / 2985984 significant shell pairs
Created 537456 / 2274064 significant shell pairs
Total number of grid points: 337035 (4956 per atom)
One electron integrals and orthogonalizer took 0.173602s
Created 537456 / 2274064 significant shell pairs
3C integrals and B formation took 3.148121s
Iteration |      Energy      |  DIIS Metric   | Fock Time (s) | DIIS Time (s)
----------+------------------+----------------+---------------+--------------
    1     | -1701.7718940105 |   1.0294e+03   |    1.8265     |    0.5120
    2     | -1690.5747781046 |   3.1958e+00   |    1.7113     |    0.4226
    3     | -1690.1142502880 |   4.8113e+00   |    1.7521     |    0.4231
    4     | -1691.4218386797 |   1.8602e-01   |    1.4631     |    0.3615
    5     | -1691.4519257183 |   8.6585e-02   |    1.4631     |    0.4429
    6     | -1691.4746201781 |   7.7748e-03   |    1.8756     |    0.4229
    7     | -1691.4763497972 |   1.4132e-03   |    1.7478     |    0.4230
    8     | -1691.4766260406 |   4.9692e-04   |    1.7092     |    0.4224
    9     | -1691.4767618785 |   3.5248e-05   |    1.5163     |    0.5134
   10     | -1691.4767706183 |   7.8905e-06   |    1.5160     |    0.5134
   11     | -1691.4767727216 |   1.3275e-06   |    1.7534     |    0.4229
   12     | -1691.4767730908 |   1.0875e-07=======================================================
            GGA_XC_HCTH_407 Energy Results             
=======================================================
E GGA_XC_HCTH_407     : -1691.47677312
Nuclear Repulsion Energy: 4498.51078805
Electronic Energy:        -5941.67904929
XC Energy:                -248.308512
Converged:                1
# of SCF iterations:      17
SCF Time:         Created 786614 / 2985984 significant shell pairs
Created 610536 / 2274064 significant shell pairs
Total number of grid points: 338285 (4974 per atom)
One electron integrals and orthogonalizer took 0.059386s
Created 610536 / 2274064 significant shell pairs
3C integrals and B formation took 3.203222s
Iteration |      Energy      |  DIIS Metric   | Fock Time (s) | DIIS Time (s)
----------+------------------+----------------+---------------+--------------
    1     | -1701.7995825799 |   1.0428e+03   |    1.9607     |    0.5035
    2     | -1690.5444265133 |   3.2463e+00   |    1.9883     |    0.4224
    3     | -1689.9361832233 |   5.4238e+00   |    1.9882     |    0.4225
    4     | -1691.3294449317 |   4.2605e-01   |    1.6203     |    0.4225
    5     | -1691.4189261732 |   1.2979e-01   |    1.6372     |    0.4714
    6     | -1691.4506738902 |   1.5757e-02 =======================================================
            GGA_XC_HCTH_407 Energy Results             
=======================================================
E GGA_XC_HCTH_407     : -1691.45513603
Nuclear Repulsion Energy: 4792.86357543
Electronic Energy:        -6235.99403099
XC Energy:                -248.324680
Converged:                1
# of SCF iterations:      18
SCF Time:                 46.134s

=======================================================
            Individual Calculation Summary             
=======================================================
HF Energy: -1691.4551360295183713
=======================================================


Topology 10 time: 46.375736 s, performance: SP: 0 FLOP/s, DP: 396.7 GFLOP/s
JSON file written to: json_logs/lustre_orion_chm213_scratch_ryan_dhdft_inputs_exess_exess_inputs_HCTH407_def2-TZVP_isomers_24800-24819_topology_10.json
************Created 714904 / 2985984 significant shell pairs
Created 554688 / 2274064 significant shell pairs
Total number of grid points: 343314 (5048 per atom)
One electron integrals and orthogonalizer took 0.212836s
Created 554688 / 2274064 significant shell pairs
3C integrals and B formation took 3.153032s
Iteration |      Energy      |  DIIS Metric   | Fock Tim=======================================================
            GGA_XC_HCTH_407 Energy Results             
=======================================================
E GGA_XC_HCTH_407     : -1691.4668724
Nuclear Repulsion Energy: 4570.27972372
Electronic Energy:        -6013.43329541
XC Energy:                -248.313301
Converged:                1
# of SCF iterations:      17
SCF Time:                 43.754s

=======================================================
            Individual Calculation Summary             
=======================================================
HF Energy: -1691.4668723985953420
=======================================================


Topology 11 time: 43.982070 s, performance: SP: 0 FLOP/s, DP: 381.5 GFLOP/s
JSON file written to: json_logs/lustre_orion_chm213_scratch_ryan_dhdft_inputs_exess_exess_inputs_HCTH407_def2-TZVP_isomers_24800-24819_topology_11.json
************************************************************
**************** Running topology 13 of 20 *****************
************************************************************

************************************************************
*********** Beginning RI-GGA_XC_HCTH_407 energy ************
************************************************************

=======================================================
            GGA_XC_HCTH_407 Energy Results             
=======================================================
E GGA_XC_HCTH_407     : -1691.46378121
Nuclear Repulsion Energy: 4597.85742148
Electronic Energy:        -6041.01342807
XC Energy:                -248.307775
Converged:                1
# of SCF iterations:      18
SCF Time:                 45.456s

=======================================================
            Individual Calculation Summary             
=======================================================
HF Energy: -1691.4637812109167498
=======================================================


Topology 12 time: 45.686337 s, performance: SP: 0 FLOP/s, DP: 373 GFLOP/s
JSON file written to: json_logs/lustre_orion_chm213_scratch_ryan_dhdft_inputs_exess_exess_inputs_HCTH407_def2-TZVP_isomers_24800-24819_topology_12.json
************************************************************
**************** Running topology 14 of 20 *****************
************************************************************

************************************************************
*********** Beginning RI-GGA_XC_HCTH_407 energy ************
************************************************************

=======================================================
            GGA_XC_HCTH_407 Energy Results             
=======================================================
E GGA_XC_HCTH_407     : -1691.45702977
Nuclear Repulsion Energy: 4722.4324165
Electronic Energy:        -6165.57070538
XC Energy:                -248.318741
Converged:                1
# of SCF iterations:      18
SCF Time:                 46.048s

=======================================================
            Individual Calculation Summary             
=======================================================
HF Energy: -1691.4570297697400747
=======================================================


Topology 13 time: 46.292233 s, performance: SP: 0 FLOP/s, DP: 386.2 GFLOP/s
JSON file written to: json_logs/lustre_orion_chm213_scratch_ryan_dhdft_inputs_exess_exess_inputs_HCTH407_def2-TZVP_isomers_24800-24819_topology_13.json
************************************************************
**************** Running topology 15 of 20 *****************
************************************************************

************************************************************
*********** Beginning RI-GGA_XC_HCTH_407 energy ************
************************************************************

=======================================================
            GGA_XC_HCTH_407 Energy Results             
=======================================================
E GGA_XC_HCTH_407     : -1691.45604256
Nuclear Repulsion Energy: 5062.22910258
Electronic Energy:        -6505.34239204
XC Energy:                -248.342753
Converged:                1
# of SCF iterations:      18
SCF Time:                 50.489s

=======================================================
            Individual Calculation Summary             
=======================================================
HF Energy: -1691.4560425589231727
=======================================================


Topology 14 time: 50.769062 s, performance: SP: 0 FLOP/s, DP: 403.6 GFLOP/s
JSON file written to: json_logs/lustre_orion_chm213_scratch_ryan_dhdft_inputs_exess_exess_inputs_HCTH407_def2-TZVP_isomers_24800-24819_topology_14.json
************************************************************
**************** Running topology 16 of 20 *****************
************************************************************

************************************************************
*********** Beginning RI-GGA_XC_HCTH_407 energy ************
************************************************************

=======================================================
            GGA_XC_HCTH_407 Energy Results             
=======================================================
E GGA_XC_HCTH_407     : -1691.45981162
Nuclear Repulsion Energy: 5021.00644988
Electronic Energy:        -6464.12547024
XC Energy:                -248.340791
Converged:                1
# of SCF iterations:      19
SCF Time:                 52.515s

=======================================================
            Individual Calculation Summary             
=======================================================
HF Energy: -1691.4598116240915715
=======================================================


Topology 15 time: 52.795047 s, performance: SP: 0 FLOP/s, DP: 384.5 GFLOP/s
JSON file written to: json_logs/lustre_orion_chm213_scratch_ryan_dhdft_inputs_exess_exess_inputs_HCTH407_def2-TZVP_isomers_24800-24819_topology_15.json
************************************************************
**************** Running topology 17 of 20 *****************
************************************************************

************************************************************
*********** Beginning RI-GGA_XC_HCTH_407 energy ************
************************************************************

=======================================================
            GGA_XC_HCTH_407 Energy Results             
=======================================================
E GGA_XC_HCTH_407     : -1691.4656929
Nuclear Repulsion Energy: 4976.53344584
Electronic Energy:        -6419.65880814
XC Energy:                -248.340331
Converged:                1
# of SCF iterations:      18
SCF Time:                 50.279s

=======================================================
            Individual Calculation Summary             
=======================================================
HF Energy: -1691.4656928961553604
=======================================================


Topology 16 time: 50.559218 s, performance: SP: 0 FLOP/s, DP: 392.6 GFLOP/s
JSON file written to: json_logs/lustre_orion_chm213_scratch_ryan_dhdft_inputs_exess_exess_inputs_HCTH407_def2-TZVP_isomers_24800-24819_topology_16.json
************************************************************
**************** Running topology 18 of 20 *****************
************************************************************

************************************************************
*********** Beginning RI-GGA_XC_HCTH_407 energy ************
************************************************************

=======================================================
            GGA_XC_HCTH_407 Energy Results             
=======================================================
E GGA_XC_HCTH_407     : -1691.47715658
Nuclear Repulsion Energy: 4876.84499133
Electronic Energy:        -6319.98959777
XC Energy:                -248.332550
Converged:                1
# of SCF iterations:      17
SCF Time:                 46.217s

=======================================================
            Individual Calculation Summary             
=======================================================
HF Energy: -1691.4771565846979229
=======================================================


Topology 17 time: 46.490765 s, performance: SP: 0 FLOP/s, DP: 409.6 GFLOP/s
JSON file written to: json_logs/lustre_orion_chm213_scratch_ryan_dhdft_inputs_exess_exess_inputs_HCTH407_def2-TZVP_isomers_24800-24819_topology_17.json
************************************************************
**************** Running topology 19 of 20 *****************
************************************************************

************************************************************
*********** Beginning RI-GGA_XC_HCTH_407 energy ************
************************************************************

=======================================================
            GGA_XC_HCTH_407 Energy Results             
=======================================================
E GGA_XC_HCTH_407     : -1691.47239182
Nuclear Repulsion Energy: 4762.08124261
Electronic Energy:        -6205.23919928
XC Energy:                -248.314435
Converged:                1
# of SCF iterations:      18
SCF Time:                 46.628s

=======================================================
            Individual Calculation Summary             
=======================================================
HF Energy: -1691.4723918218542167
=======================================================


Topology 18 time: 46.892324 s, performance: SP: 0 FLOP/s, DP: 390 GFLOP/s
JSON file written to: json_logs/lustre_orion_chm213_scratch_ryan_dhdft_inputs_exess_exess_inputs_HCTH407_def2-TZVP_isomers_24800-24819_topology_18.json
************************************************************
**************** Running topology 20 of 20 *****************
************************************************************

************************************************************
*********** Beginning RI-GGA_XC_HCTH_407 energy ************
************************************************************

=======================================================
            GGA_XC_HCTH_407 Energy Results             
=======================================================
E GGA_XC_HCTH_407     : -1691.4845562
Nuclear Repulsion Energy: 4712.30621902
Electronic Energy:        -6155.47538579
XC Energy:                -248.315389
Converged:                1
# of SCF iterations:      18
SCF Time:                 45.818s

=======================================================
            Individual Calculation Summary             
=======================================================
HF Energy: -1691.4845562006557884
=======================================================


Topology 19 time: 46.076034 s, performance: SP: 0 FLOP/s, DP: 388.1 GFLOP/s
JSON file written to: json_logs/lustre_orion_chm213_scratch_ryan_dhdft_inputs_exess_exess_inputs_HCTH407_def2-TZVP_isomers_24800-24819_topology_19.json
Total flops: SP: 0 FLOPS, DP: 351.45313 TFLOPS
Performance: SP: 0 FLOP/s, DP: 386.9 GFLOP/s

Now, a word from our sponsors... 
 It will be fun! (Jorge Galvez, 2020)

[31mTotal processing time 908.607123 seconds[0m
[CRAYBLAS_WARNING] Application linked against multiple cray-libsci libraries
55e-04   |    2.0749     |    0.3846
    9     | -1691.4771215720 |   1.0838e-04   |    1.7976     |    0.3912
   10     | -1691.4771523791 |   1.3360e-05   |    1.8628     |    0.4226
   11     | -1691.4771558678 |   2.4923e-06   |    2.0442     |    0.5133
   12     | -1691.4771565305 |   1.8845e-07   |    2.0989     |    0.4225
   13     | -1691.4771565637 |   7.6377e-08   |    2.0740     |    0.3833
   14     | -1691.4771565827 |   6.7137e-09   |    1.7993     |    0.3909
   15     | -1691.4771565841 |   2.2669e-09   |    1.8613     |    0.4231
   16     | -1691.4771565846 |   3.5621e-10   |    2.0432     |    0.5134
   17     | -1691.4771565847 |   5.7409e-11   |    2.0997     |    0.4227
Created 778677 / 2985984 significant shell pairs
Created 606492 / 2274064 significant shell pairs
Total number of grid points: 339666 (4995 per atom)
One electron integrals and orthogonalizer took 0.141417s
Created 606492 / 2274064 significant shell pairs
3C integrals and B formation took 3.241785s
Iteration |      Energy      |  DIIS Metric   | Fock Time (s) | DIIS Time (s)
----------+------------------+----------------+---------------+--------------
    1     | -1701.7675756364 |   1.0279e+03   |    2.0454     |    0.5866
    2     | -1690.5747514754 |   3.1797e+00   |    2.0808     |    0.3587
    3     | -1690.0618599821 |   4.9201e+00   |    2.0740     |    0.5630
    4     | -1691.3147847000 |   4.9425e-01   |    1.6386     |    0.4712
    5     | -1691.4272549922 |   1.4685e-01   |    1.6171     |    0.4226
    6     | -1691.4678294212 |   1.5886e-02   |    1.8741     |    0.5589
    7     | -1691.4713328055 |   3.3145e-03   |    1.8727     |    0.5616
    8     | -1691.4720915275 |   9.9599e-04   |    1.9143     |    0.4224
    9     | -1691.4723582519 |   1.0618e-04   |    1.6385     |    0.4723
   10     | -1691.4723872932 |   1.4446e-05   |    1.6206     |    0.4228
   11     | -1691.4723906551 |   3.9043e-06   |    2.0410     |    0.5883
   12     | -1691.4723917199 |   3.6489e-07   |    1.8761     |    0.3833
   13     | -1691.4723918016 |   7.1084e-08   |    2.0020     |    0.4335
   14     | -1691.4723918188 |   1.0471e-08   |    1.5960     |    0.4719
   15     | -1691.4723918175 |   1.4280e-08   |    1.6216     |    0.4222
   16     | -1691.4723918217 |   6.9576e-10   |    1.8731     |    0.5603
   17     | -1691.4723918218 |   2.6328e-10   |    1.9161     |    0.4224
   18     | -1691.4723918219 |   6.7046e-11   |    1.9144     |    0.4225
Created 759202 / 2985984 significant shell pairs
Created 591713 / 2274064 significant shell pairs
Total number of grid points: 339783 (4996 per atom)
One electron integrals and orthogonalizer took 0.139664s
Created 591713 / 2274064 significant shell pairs
3C integrals and B formation took 3.246010s
Iteration |      Energy      |  DIIS Metric   | Fock Time (s) | DIIS Time (s)
----------+------------------+----------------+---------------+--------------
    1     | -1701.7772618707 |   1.0279e+03   |    1.8631     |    0.5450
    2     | -1690.5836189356 |   3.1931e+00   |    1.8406     |    0.4335
    3     | -1690.0986970177 |   4.8535e+00   |    1.8639     |    0.4222
    4     | -1691.3903246442 |   3.0131e-01   |    1.5463     |    0.4236
    5     | -1691.4494614133 |   1.1747e-01   |    1.5420     |    0.4233
    6     | -1691.4820568192 |   9.1648e-03   |    2.0658     |    0.5699
    7     | -1691.4839800289 |   1.8833e-03   |    1.8605     |    0.4452
    8     | -1691.4843636795 |   6.4656e-04   |    1.9896     |    0.3683
    9     | -1691.4845362059 |   6.1246e-05   |    1.7508     |    0.4230
   10     | -1691.4845531565 |   9.6203e-06   |    1.5434     |    0.4228
   11     | -1691.4845556664 |   1.7746e-06   |    2.0659     |    0.5706
   12     | -1691.4845561398 |   2.1214e-07   |    1.8603     |    0.3697
   13     | -1691.4845561843 |   5.8297e-08   |    2.0641     |    0.3692
   14     | -1691.4845561974 |   1.0684e-08   |    1.7493     |    0.4230
   15     | -1691.4845561997 |   3.2233e-09   |    1.5442     |    0.4232
   16     | -1691.4845562005 |   7.6290e-10   |    2.0662     |    0.5699
   17     | -1691.4845562006 |   2.2220e-10   |    1.8590     |    0.3709
   18     | -1691.4845562007 |   7.3074e-11   |    2.0645     |    0.3687
Please cite the following papers for the methods used in this calculation:
 - J.L. Galvez Vallejo et. al., Toward an extreme-scale electronic structure system, J. Chem. Phys., 2023. DOI: 10.1063/5.0156399

 - R. Stocks, E. Palethorpe, and G.M.J. Barca, Multi-GPU RI-HF Energies and Analytic Gradients ─ Toward High-Throughput Ab Initio Molecular Dynamics, J. Chem. Theory Comput., 2024. DOI: 10.1021/acs.jctc.4c00877
   For:
     * RI-HF energy

 - D.B. Williams-Young, W.A. de Jong, H.J.J. van Dam, and C. Yang, On the Efficient Evaluation of the Exchange Correlation Potential on Graphics Processing Unit Clusters, Frontiers in Chemistry, 2020. DOI: 10.3389/fchem.2020.581058
   For:
     * GauXC implementation of exchange-correlation integration

 - R. Stocks and G.M.J. Barca, Efficient Algorithms for GPU Accelerated Evaluation of the DFT Exchange-Correlation Functional, J. Chem. Theory Comput., 2025. DOI: 10.1021/acs.jctc.5c01229
   For:
     * GPU accelerated DFT exchange-correlation evaluation

 - A. D. Boese and N. C. Handy.,  J. Chem. Phys. 114, 5497 (2001) DOI: 10.1063/1.1347371
   For:
     * GGA_XC_HCTH_407 XC Functional

[CRAYBLAS_WARNING] Application linked against multiple cray-libsci libraries
