Total number of grid points: 392759 (5775 per atom)
Density calculation took 0.669609s
Tau required
Density calculation took 0.640878s
Tau required
Density calculation took 0.619855s
Tau required
Density calculation took 0.622292s
Tau required
Density calculation took 0.621068s
Tau required
Density calculation took 0.622191s
Tau required
Density calculation took 0.620907s
Tau required
Density calculation took 0.623080s
Tau required
Density calculation took 0.621279s
Tau required
Density calculation took 0.623485s
Tau required
Density calculation took 0.621572s
Tau required
Density calculation took 0.623643s
Tau required
Density calculation took 0.622373s
Tau required
Density calculation took 0.624023s
Tau required
Density calculation took 0.622639s
Tau required
Density calculation took 0.624548s
Tau required
Density calculation took 0.622956s
Tau required
Density calculation took 0.624332s
Tau required
Total number of grid points: 392549 (5772 per atom)
Density calculation took 0.657685s
Tau required
Density calculation took 0.646399s
Tau required
Density calculation took 0.625861s
Tau required
Density calculation took 0.625033s
Tau required
Density calculation took 0.626684s
Tau required
Density calculation took 0.625730s
Tau required
Density calculation took 0.626779s
Tau required
Density calculation took 0.625623s
Tau required
Density calculation took 0.627532s
Tau required
Density calculation took 0.626610s
Tau required
Density calculation took 0.626883s
Tau required
Density calculation took 0.626586s
Tau required
Density calculation took 0.627490s
Tau required
Density calculation took 0.626117s
Tau required
Density calculation took 0.627498s
Tau required
Density calculation took 0.626495s
Tau required
Density calculation took 0.627429s
Tau required
Density calculation took 0.626870s
Tau required
Total number of grid points: 392071 (5765 per atom)
Density calculation took 0.660346s
Tau required
Density calculation took 0.648425s
Tau required
Density calculation took 0.629591s
Tau required
Density calculation took 0.628744s
Tau required
Density calculation took 0.630746s
Tau required
Density calculation took 0.628924s
Tau required
Density calculation took 0.630555s
Tau required
Density calculation took 0.629101s
Tau required
Density calculation took 0.629760s
Tau required
Density calculation took 0.629306s
Tau required
Density calculation took 0.631124s
Tau required
Density calculation took 0.629197s
Tau required
Density calculation took 0.631517s
Tau required
Density calculation took 0.629284s
Tau required
Density calculation took 0.631058s
Tau required
Density calculation took 0.629583s
Tau required
Density calculation took 0.630705s
Tau required
Density calculation took 0.629448s
Tau required
Total number of grid points: 393211 (5782 per atom)
Density calculation took 0.688307s
Tau required
Density calculation took 0.654946s
Tau required
Density calculation took 0.629000s
Tau required
Density calculation took 0.626797s
Tau required
Density calculation took 0.630059s
Tau required
Density calculation took 0.627868s
Tau required
Density calculation took 0.629477s
Tau required
Density calculation took 0.628031s
Tau required
Density calculation took 0.630066s
Tau required
Density calculation took 0.627904s
Tau required
Density calculation took 0.629837s
Tau required
Density calculation took 0.627913s
Tau required
Density calculation took 0.630504s
Tau required
Density calculation took 0.627880s
Tau required
Density calculation took 0.629645s
Tau required
Density calculation took 0.628931s
Tau required
Density calculation took 0.629697s
Tau required
Density calculation took 0.628058s
Tau required
Density calculation took 0.630602s
Tau required
Total number of grid points: 392803 (5776 per atom)
Density calculation took 0.689970s
Tau required
Density calculation took 0.644757s
Tau required
Density calculation took 0.622408s
Tau required
Density calculation took 0.622262s
Tau required
Density calculation took 0.622708s
Tau required
Density calculation took 0.622791s
Tau required
Density calculation took 0.622942s
Tau required
Density calculation took 0.622962s
Tau required
Density calculation took 0.622992s
Tau required
Density calculation took 0.622737s
Tau required
Density calculation took 0.622843s
Tau required
Density calculation took 0.622831s
Tau required
Density calculation took 0.622436s
Tau required
Density calculation took 0.622792s
Tau required
Density calculation took 0.622899s
Tau required
Density calculation took 0.623100s
Tau required
Density calculation took 0.622998s
Tau required
Density calculation took 0.623463s
Tau required
Total number of grid points: 392664 (5774 per atom)
Density calculation took 0.658162s
Tau required
Density calculation took 0.649467s
Tau required
Density calculation took 0.629044s
Tau required
Density calculation took 0.627549s
Tau required
Density calculation took 0.629602s
Tau required
Density calculation took 0.627813s
Tau required
Density calculation took 0.629663s
Tau required
Density calculation took 0.627488s
Tau required
Density calculation took 0.629907s
Tau required
Density calculation took 0.627247s
Tau required
Density calculation took 0.629843s
Tau required
Density calculation took 0.627970s
Tau required
Density calculation took 0.629521s
Tau required
Density calculation took 0.628373s
Tau required
Density calculation took 0.629841s
Tau required
Density calculation took 0.627836s
Tau required
Density calculation took 0.629933s
Tau required
Density calculation took 0.628331s
Tau required
Total number of grid points: 392252 (5768 per atom)
Density calculation took 0.659028s
Tau required
Density calculation took 0.651797s
Tau required
Density calculation took 0.630401s
Tau required
Density calculation took 0.631508s
Tau required
Density calculation took 0.630046s
Tau required
Density calculation took 0.632207s
Tau required
Density calculation took 0.630016s
Tau required
Density calculation took 0.632421s
Tau required
Density calculation took 0.631083s
Tau required
Density calculation took 0.632039s
Tau required
Density calculation took 0.630167s
Tau required
Density calculation took 0.632318s
Tau required
Density calculation took 0.630873s
Tau required
Density calculation took 0.632615s
Tau required
Density calculation took 0.630208s
Tau required
Density calculation took 0.632073s
Tau required
Density calculation took 0.630962s
Tau required
Density calculation took 0.632267s
Tau required
Total number of grid points: 393378 (5784 per atom)
Density calculation took 0.665738s
Tau required
Density calculation took 0.649951s
Tau required
Density calculation took 0.628887s
Tau required
Density calculation took 0.628920s
Tau required
Density calculation took 0.627800s
Tau required
Density calculation took 0.628545s
Tau required
Density calculation took 0.629494s
Tau required
Density calculation took 0.629108s
Tau required
Density calculation took 0.629665s
Tau required
Density calculation took 0.629100s
Tau required
Density calculation took 0.629542s
Tau required
Density calculation took 0.628841s
Tau required
Density calculation took 0.629688s
Tau required
Density calculation took 0.629359s
Tau required
Density calculation took 0.629789s
Tau required
Density calculation took 0.629147s
Tau required
Density calculation took 0.629931s
Tau required
Density calculation took 0.629685s
Tau required
Total number of grid points: 392579 (5773 per atom)
Density calculation took 0.668819s
Tau required
Density calculation took 0.656301s
Tau required
Density calculation took 0.634710s
Tau required
Density calculation took 0.634578s
Tau required
Density calculation took 0.634668s
Tau required
Density calculation took 0.634827s
Tau required
Density calculation took 0.634986s
Tau required
Density calculation took 0.635074s
Tau required
Density calculation took 0.634242s
Tau required
Density calculation took 0.635277s
Tau required
Density calculation took 0.634463s
Tau required
Density calculation took 0.635598s
Tau required
Density calculation took 0.634907s
Tau required
Density calculation took 0.635183s
Tau required
Density calculation took 0.635011s
Tau required
Density calculation took 0.635108s
Tau required
Density calculation took 0.634466s
Tau required
Density calculation took 0.635449s
Tau required
Total number of grid points: 392906 (5778 per atom)
Density calculation took 0.663818s
Tau required
Density calculation took 0.651512s
Tau required
Density calculation took 0.627527s
Tau required
Density calculation took 0.627139s
Tau required
Density calculation took 0.627224s
Tau required
Density calculation took 0.627387s
Tau required
Density calculation took 0.627218s
Tau required
Density calculation took 0.627493s
Tau required
Density calculation took 0.627399s
Tau required
Density calculation took 0.627531s
Tau required
Density calculation took 0.628253s
Tau required
Density calculation took 0.627295s
Tau required
Density calculation took 0.628667s
Tau required
Density calculation took 0.627800s
Tau required
Density calculation took 0.627641s
Tau required
Density calculation took 0.627462s
Tau required
Density calculation took 0.628397s
Tau required
Density calculation took 0.626826s
Tau required
Total number of grid points: 392283 (5768 per atom)
Density calculation took 0.666408s
Tau required
Density calculation took 0.648546s
Tau required
Density calculation took 0.626335s
Tau required
Density calculation took 0.626917s
Tau required
Density calculation took 0.626183s
Tau required
Density calculation took 0.626848s
Tau required
Density calculation took 0.626094s
Tau required
Density calculation took 0.627535s
Tau required
Density calculation took 0.626955s
Tau required
Density calculation took 0.626688s
Tau required
Density calculation took 0.626706s
Tau required
Density calculation took 0.626595s
Tau required
Density calculation took 0.626871s
Tau required
Density calculation took 0.627516s
Tau required
Density calculation took 0.626608s
Tau required
Density calculation took 0.626810s
Tau required
Density calculation took 0.626957s
Tau required
Density calculation took 0.627772s
Tau required
Total number of grid points: 391718 (5760 per atom)
Density calculation took 0.692992s
Tau required
Density calculation took 0.652062s
Tau required
Density calculation took 0.629955s
Tau required
Density calculation took 0.632002s
Tau required
Density calculation took 0.630218s
Tau required
Density calculation took 0.631725s
Tau required
Density calculation took 0.630434s
Tau required
Density calculation took 0.632158s
Tau required
Density calculation took 0.630367s
Tau required
Density calculation took 0.632436s
Tau required
Density calculation took 0.630628s
Tau required
Density calculation took 0.632339s
Tau required
Density calculation took 0.630039s
Tau required
Density calculation took 0.632381s
Tau required
Density calculation took 0.630818s
Tau required
Density calculation took 0.632289s
Tau required
Density calculation took 0.630684s
Tau required
Density calculation took 0.632565s
Tau required
Total number of grid points: 391646 (5759 per atom)
Density calculation took 0.694418s
Tau required
Density calculation took 0.660654s
Tau required
Density calculation took 0.631535s
Tau required
Density calculation took 0.634019s
Tau required
Density calculation took 0.632354s
Tau required
Density calculation took 0.634420s
Tau required
Density calculation took 0.632255s
Tau required
Density calculation took 0.634179s
Tau required
Density calculation took 0.632694s
Tau required
Density calculation took 0.633730s
Tau required
Density calculation took 0.632689s
Tau required
Density calculation took 0.634790s
Tau required
Density calculation took 0.632442s
Tau required
Density calculation took 0.634134s
Tau required
Density calculation took 0.632203s
Tau required
Density calculation took 0.634399s
Tau required
Density calculation took 0.631980s
Tau required
Density calculation took 0.634889s
Tau required
Total number of grid points: 392700 (5775 per atom)
Density calculation took 0.697592s
Tau required
Density calculation took 0.658515s
Tau required
Density calculation took 0.635558s
Tau required
Density calculation took 0.633858s
Tau required
Density calculation took 0.636066s
Tau required
Density calculation took 0.634509s
Tau required
Density calculation took 0.635592s
Tau required
Density calculation took 0.634187s
Tau required
Density calculation took 0.636201s
Tau required
Density calculation took 0.634154s
Tau required
Density calculation took 0.636434s
Tau required
Density calculation took 0.634193s
Tau required
Density calculation took 0.635420s
Tau required
Density calculation took 0.634468s
Tau required
Density calculation took 0.635417s
Tau required
Density calculation took 0.634486s
Tau required
Density calculation took 0.636453s
Tau required
Density calculation took 0.634778s
Tau required
Total number of grid points: 392214 (5767 per atom)
Density calculation took 0.699128s
Tau required
Density calculation took 0.647691s
Tau required
Density calculation took 0.626105s
Tau required
Density calculation took 0.624618s
Tau required
Density calculation took 0.625203s
Tau required
Density calculation took 0.624614s
Tau required
Density calculation took 0.625323s
Tau required
Density calculation took 0.624624s
Tau required
Density calculation took 0.625997s
Tau required
Density calculation took 0.624532s
Tau required
Density calculation took 0.626195s
Tau required
Density calculation took 0.624984s
Tau required
Density calculation took 0.625972s
Tau required
Density calculation took 0.624843s
Tau required
Density calculation took 0.626286s
Tau required
Density calculation took 0.624570s
Tau required
Density calculation took 0.626329s
Tau required
Density calculation took 0.624350s
Tau required
Total number of grid points: 392583 (5773 per atom)
Density calculation took 0.696568s
Tau required
Density calculation took 0.652518s
Tau required
Density calculation took 0.633370s
Tau required
Density calculation took 0.632313s
Tau required
Density calculation took 0.633758s
Tau required
Density calculation took 0.632092s
Tau required
Density calculation took 0.633688s
Tau required
Density calculation took 0.632120s
Tau required
Density calculation took 0.633765s
Tau required
Density calculation took 0.632202s
Tau required
Density calculation took 0.633401s
Tau required
Density calculation took 0.631600s
Tau required
Density calculation took 0.633309s
Tau required
Density calculation took 0.632147s
Tau required
Density calculation took 0.633394s
Tau required
Density calculation took 0.631695s
Tau required
Density calculation took 0.634019s
Tau required
Density calculation took 0.632328s
Tau required
Total number of grid points: 392912 (5778 per atom)
Density calculation took 0.692883s
Tau required
Density calculation took 0.650475s
Tau required
Density calculation took 0.626800s
Tau required
Density calculation took 0.627608s
Tau required
Density calculation took 0.627163s
Tau required
Density calculation took 0.627521s
Tau required
Density calculation took 0.627664s
Tau required
Density calculation took 0.627482s
Tau required
Density calculation took 0.627409s
Tau required
Density calculation took 0.627558s
Tau required
Density calculation took 0.627882s
Tau required
Density calculation took 0.627329s
Tau required
Density calculation took 0.627619s
Tau required
Density calculation took 0.627829s
Tau required
Density calculation took 0.627554s
Tau required
Density calculation took 0.628051s
Tau required
Density calculation took 0.627247s
Tau required
Total number of grid points: 392385 (5770 per atom)
Density calculation took 0.697394s
Tau required
Density calculation took 0.655901s
Tau required
Density calculation took 0.634278s
Tau required
Density calculation took 0.632924s
Tau required
Density calculation took 0.634467s
Tau required
Density calculation took 0.632852s
Tau required
Density calculation took 0.634383s
Tau required
Density calculation took 0.632831s
Tau required
Density calculation took 0.634579s
Tau required
Density calculation took 0.632365s
Tau required
Density calculation took 0.633472s
Tau required
Density calculation took 0.632896s
Tau required
Density calculation took 0.634568s
Tau required
Density calculation took 0.633043s
Tau required
Density calculation took 0.634894s
Tau required
Density calculation took 0.632681s
Tau required
Density calculation took 0.634849s
Tau required
Density calculation took 0.632955s
Tau required
Total number of grid points: 392601 (5773 per atom)
Density calculation took 0.706987s
Tau required
Density calculation took 0.655405s
Tau required
Density calculation took 0.631443s
Tau required
Density calculation took 0.632085s
Tau required
Density calculation took 0.631063s
Tau required
Density calculation took 0.632045s
Tau required
Density calculation took 0.631754s
Tau required
Density calculation took 0.632697s
Tau required
Density calculation took 0.631790s
Tau required
Density calculation took 0.632176s
Tau required
Density calculation took 0.631340s
Tau required
Density calculation took 0.632270s
Tau required
Density calculation took 0.631935s
Tau required
Density calculation took 0.632668s
Tau required
Density calculation took 0.631293s
Tau required
Density calculation took 0.632607s
Tau required
Density calculation took 0.632182s
Tau required
Density calculation took 0.632327s
Tau required
Total number of grid points: 392433 (5771 per atom)
Density calculation took 0.695469s
Tau required
Density calculation took 0.659550s
Tau required
Density calculation took 0.635697s
Tau required
Density calculation took 0.634005s
Tau required
Density calculation took 0.635795s
Tau required
Density calculation took 0.634495s
Tau required
Density calculation took 0.635911s
Tau required
Density calculation took 0.634719s
Tau required
Density calculation took 0.635901s
Tau required
Density calculation took 0.633966s
Tau required
Density calculation took 0.635887s
Tau required
Density calculation took 0.634654s
Tau required
Density calculation took 0.635858s
Tau required
Density calculation took 0.634353s
Tau required
Density calculation took 0.635747s
Tau required
Density calculation took 0.634740s
Tau required
Density calculation took 0.635806s
Tau required
Density calculation took 0.634969s
Tau required
[CRAYBLAS_WARNING] Application linked against multiple cray-libsci libraries
******

************************************************************
**** Beginning RI-MGGA_X_TAU_HCTH+GGA_C_TAU_HCTH energy ****
************************************************************

=======================================================
     MGGA_X_TAU_HCTH+GGA_C_TAU_HCTH Energy Results     
=======================================================
E MGGA_X_TAU_HCTH+GGA_C_TAU_HCTH: -1691.21439039
Nuclear Repulsion Energy: 4410.7307394
Electronic Energy:        -5853.96175327
XC Energy:                -247.983377
Converged:                1
# of SCF iterations:      18
SCF Time:                 34.451s

=======================================================
            Individual Calculation Summary             
=======================================================
HF Energy: -1691.2143903856265297
=======================================================


Topology 10 time: 34.635969 s, performance: SP: 0 FLOP/s, DP: 33.98 TFLOP/s
JSON file written to: json_logs/lustre_orion_chm213_scratch_ryan_dhdft_inputs_exess_exess_inputs_t-HCTH_def2-TZVP_isomers_19700-19719_topology_10.json
************************************************************
**************** Running topology 12 of 20 *****************
************************************************************

************************************************************
**** Beginning RI-MGGA_X_TAU_HCTH+GGA_C_TAU_HCTH energy ****
************************************************************

=======================================================
     MGGA_X_TAU_HCTH+GGA_C_TAU_HCTH Energy Results     
=======================================================
E MGGA_X_TAU_HCTH+GGA_C_TAU_HCTH: -1691.21441504
Nuclear Repulsion Energy: 4394.9917875
Electronic Energy:        -5838.22297635
XC Energy:                -247.983226
Converged:                1
# of SCF iterations:      18
SCF Time:                 34.495s

=======================================================
            Individual Calculation Summary             
=======================================================
HF Energy: -1691.2144150415226704
=======================================================


Topology 11 time: 34.679189 s, performance: SP: 0 FLOP/s, DP: 33.94 TFLOP/s
JSON file written to: json_logs/lustre_orion_chm213_scratch_ryan_dhdft_inputs_exess_exess_inputs_t-HCTH_def2-TZVP_isomers_19700-19719_topology_11.json
************************************************************
**************** Running topology 13 of 20 *****************
************************************************************

************************************************************
**** Beginning RI-MGGA_X_TAU_HCTH+GGA_C_TAU_HCTH energy ****
************************************************************

=======================================================
     MGGA_X_TAU_HCTH+GGA_C_TAU_HCTH Energy Results     
=======================================================
E MGGA_X_TAU_HCTH+GGA_C_TAU_HCTH: -1691.19767809
Nuclear Repulsion Energy: 4591.08978336
Electronic Energy:        -6034.29837792
XC Energy:                -247.989084
Converged:                1
# of SCF iterations:      18
SCF Time:                 34.604s

=======================================================
            Individual Calculation Summary             
=======================================================
HF Energy: -1691.1976780887869154
=======================================================


Topology 12 time: 34.803709 s, performance: SP: 0 FLOP/s, DP: 33.77 TFLOP/s
JSON file written to: json_logs/lustre_orion_chm213_scratch_ryan_dhdft_inputs_exess_exess_inputs_t-HCTH_def2-TZVP_isomers_19700-19719_topology_12.json
************************************************************
**************** Running topology 14 of 20 *****************
************************************************************

************************************************************
**** Beginning RI-MGGA_X_TAU_HCTH+GGA_C_TAU_HCTH energy ****
************************************************************

=======================================================
     MGGA_X_TAU_HCTH+GGA_C_TAU_HCTH Energy Results     
=======================================================
E MGGA_X_TAU_HCTH+GGA_C_TAU_HCTH: -1691.20617489
Nuclear Repulsion Energy: 4553.09097064
Electronic Energy:        -5996.30989626
XC Energy:                -247.987249
Converged:                1
# of SCF iterations:      18
SCF Time:                 34.684s

=======================================================
            Individual Calculation Summary             
=======================================================
HF Energy: -1691.2061748888738748
=======================================================


Topology 13 time: 34.880179 s, performance: SP: 0 FLOP/s, DP: 33.72 TFLOP/s
JSON file written to: json_logs/lustre_orion_chm213_scratch_ryan_dhdft_inputs_exess_exess_inputs_t-HCTH_def2-TZVP_isomers_19700-19719_topology_13.json
************************************************************
**************** Running topology 15 of 20 *****************
************************************************************

************************************************************
**** Beginning RI-MGGA_X_TAU_HCTH+GGA_C_TAU_HCTH energy ****
************************************************************

=======================================================
     MGGA_X_TAU_HCTH+GGA_C_TAU_HCTH Energy Results     
=======================================================
E MGGA_X_TAU_HCTH+GGA_C_TAU_HCTH: -1691.22055559
Nuclear Repulsion Energy: 4412.40347802
Electronic Energy:        -5855.63445446
XC Energy:                -247.989579
Converged:                1
# of SCF iterations:      18
SCF Time:                 34.559s

=======================================================
            Individual Calculation Summary             
=======================================================
HF Energy: -1691.2205555926952911
=======================================================


Topology 14 time: 34.745548 s, performance: SP: 0 FLOP/s, DP: 33.88 TFLOP/s
JSON file written to: json_logs/lustre_orion_chm213_scratch_ryan_dhdft_inputs_exess_exess_inputs_t-HCTH_def2-TZVP_isomers_19700-19719_topology_14.json
************************************************************
**************** Running topology 16 of 20 *****************
************************************************************

************************************************************
**** Beginning RI-MGGA_X_TAU_HCTH+GGA_C_TAU_HCTH energy ****
************************************************************

=======================================================
     MGGA_X_TAU_HCTH+GGA_C_TAU_HCTH Energy Results     
=======================================================
E MGGA_X_TAU_HCTH+GGA_C_TAU_HCTH: -1691.22053615
Nuclear Repulsion Energy: 4395.59019845
Electronic Energy:        -5838.8212349
XC Energy:                -247.989500
Converged:                1
# of SCF iterations:      18
SCF Time:                 34.573s

=======================================================
            Individual Calculation Summary             
=======================================================
HF Energy: -1691.2205361512669697
=======================================================


Topology 15 time: 34.759420 s, performance: SP: 0 FLOP/s, DP: 33.87 TFLOP/s
JSON file written to: json_logs/lustre_orion_chm213_scratch_ryan_dhdft_inputs_exess_exess_inputs_t-HCTH_def2-TZVP_isomers_19700-19719_topology_15.json
************************************************************
**************** Running topology 17 of 20 *****************
************************************************************

************************************************************
**** Beginning RI-MGGA_X_TAU_HCTH+GGA_C_TAU_HCTH energy ****
************************************************************

=======================================================
     MGGA_X_TAU_HCTH+GGA_C_TAU_HCTH Energy Results     
=======================================================
E MGGA_X_TAU_HCTH+GGA_C_TAU_HCTH: -1691.20434359
Nuclear Repulsion Energy: 4580.06782206
Electronic Energy:        -6023.27713738
XC Energy:                -247.995028
Converged:                1
# of SCF iterations:      17
SCF Time:                 32.683s

=======================================================
            Individual Calculation Summary             
=======================================================
HF Energy: -1691.2043435934017452
=======================================================


Topology 16 time: 32.879151 s, performance: SP: 0 FLOP/s, DP: 33.9 TFLOP/s
JSON file written to: json_logs/lustre_orion_chm213_scratch_ryan_dhdft_inputs_exess_exess_inputs_t-HCTH_def2-TZVP_isomers_19700-19719_topology_16.json
************************************************************
**************** Running topology 18 of 20 *****************
************************************************************

************************************************************
**** Beginning RI-MGGA_X_TAU_HCTH+GGA_C_TAU_HCTH energy ****
************************************************************

=======================================================
     MGGA_X_TAU_HCTH+GGA_C_TAU_HCTH Energy Results     
=======================================================
E MGGA_X_TAU_HCTH+GGA_C_TAU_HCTH: -1691.20832727
Nuclear Repulsion Energy: 4549.97483173
Electronic Energy:        -5993.19014093
XC Energy:                -247.993018
Converged:                1
# of SCF iterations:      18
SCF Time:                 34.599s

=======================================================
            Individual Calculation Summary             
=======================================================
HF Energy: -1691.2083272666363882
=======================================================


Topology 17 time: 34.793212 s, performance: SP: 0 FLOP/s, DP: 33.81 TFLOP/s
JSON file written to: json_logs/lustre_orion_chm213_scratch_ryan_dhdft_inputs_exess_exess_inputs_t-HCTH_def2-TZVP_isomers_19700-19719_topology_17.json
************************************************************
**************** Running topology 19 of 20 *****************
************************************************************

************************************************************
**** Beginning RI-MGGA_X_TAU_HCTH+GGA_C_TAU_HCTH energy ****
************************************************************

=======================================================
     MGGA_X_TAU_HCTH+GGA_C_TAU_HCTH Energy Results     
=======================================================
E MGGA_X_TAU_HCTH+GGA_C_TAU_HCTH: -1691.21569636
Nuclear Repulsion Energy: 4409.96405455
Electronic Energy:        -5853.19298653
XC Energy:                -247.986764
Converged:                1
# of SCF iterations:      18
SCF Time:                 34.511s

=======================================================
            Individual Calculation Summary             
=======================================================
HF Energy: -1691.2156963611234914
=======================================================


Topology 18 time: 34.694270 s, performance: SP: 0 FLOP/s, DP: 33.92 TFLOP/s
JSON file written to: json_logs/lustre_orion_chm213_scratch_ryan_dhdft_inputs_exess_exess_inputs_t-HCTH_def2-TZVP_isomers_19700-19719_topology_18.json
************************************************************
**************** Running topology 20 of 20 *****************
************************************************************

************************************************************
**** Beginning RI-MGGA_X_TAU_HCTH+GGA_C_TAU_HCTH energy ****
************************************************************

=======================================================
     MGGA_X_TAU_HCTH+GGA_C_TAU_HCTH Energy Results     
=======================================================
E MGGA_X_TAU_HCTH+GGA_C_TAU_HCTH: -1691.21321334
Nuclear Repulsion Energy: 4392.98367047
Electronic Energy:        -5836.21476365
XC Energy:                -247.982120
Converged:                1
# of SCF iterations:      18
SCF Time:                 34.649s

=======================================================
            Individual Calculation Summary             
=======================================================
HF Energy: -1691.2132133444533792
=======================================================


Topology 19 time: 34.831790 s, performance: SP: 0 FLOP/s, DP: 33.79 TFLOP/s
JSON file written to: json_logs/lustre_orion_chm213_scratch_ryan_dhdft_inputs_exess_exess_inputs_t-HCTH_def2-TZVP_isomers_19700-19719_topology_19.json
Total flops: SP: 0 FLOPS, DP: 23.517758 PFLOPS
Performance: SP: 0 FLOP/s, DP: 33.44 TFLOP/s

Now, a word from our sponsors... 
 All scaling is linear if you zoom in enough.

[31mTotal processing time 703.634491 seconds[0m
[CRAYBLAS_WARNING] Application linked against multiple cray-libsci libraries
ulation took 0.621948s
Tau required
   14     | -1691.2144150380 |   1.2326e-08   |    1.5011     |    0.2655
Density calculation took 0.621128s
Tau required
   15     | -1691.2144150413 |   6.3015e-10   |    1.4962     |    0.2651
Density calculation took 0.621924s
Tau required
   16     | -1691.2144150406 |   2.8148e-09   |    1.5017     |    0.2647
Density calculation took 0.621375s
Tau required
   17     | -1691.2144150413 |   6.4773e-10   |    1.4999     |    0.2679
Density calculation took 0.621687s
Tau required
   18     | -1691.2144150415 |   5.0164e-11   |    1.5038     |    0.2669
Created 719353 / 2985984 significant shell pairs
Created 558971 / 2274064 significant shell pairs
Total number of grid points: 392280 (5768 per atom)
One electron integrals and orthogonalizer took 0.051494s
Created 558971 / 2274064 significant shell pairs
3C integrals and B formation took 2.146659s
Iteration |      Energy      |  DIIS Metric   | Fock Time (s) | DIIS Time (s)
----------+------------------+----------------+---------------+--------------
Density calculation took 0.662195s
Tau required
    1     | -1701.5341048440 |   1.0272e+03   |    1.7270     |    0.2965
Density calculation took 0.643801s
Tau required
    2     | -1690.2987915902 |   3.2122e+00   |    1.5385     |    0.2616
Density calculation took 0.622438s
Tau required
    3     | -1689.8992788871 |   4.7245e+00   |    1.4987     |    0.2696
Density calculation took 0.621861s
Tau required
    4     | -1691.1264076395 |   2.4995e-01   |    1.5056     |    0.2600
Density calculation took 0.621724s
Tau required
    5     | -1691.1695978204 |   9.4183e-02   |    1.4979     |    0.2704
Density calculation took 0.622276s
Tau required
    6     | -1691.1941593728 |   1.2015e-02   |    1.5058     |    0.2621
Density calculation took 0.622718s
Tau required
    7     | -1691.1971169497 |   1.7661e-03   |    1.5020     |    0.2741
Density calculation took 0.622984s
Tau required
    8     | -1691.1974124851 |   8.7823e-04   |    1.5049     |    0.2650
Density calculation took 0.622933s
Tau required
    9     | -1691.1976603009 |   6.2187e-05   |    1.5010     |    0.2641
Density calculation took 0.623132s
Tau required
   10     | -1691.1976750020 |   1.1128e-05   |    1.5030     |    0.2688
Density calculation took 0.622671s
Tau required
   11     | -1691.1976774253 |   2.1418e-06   |    1.5013     |    0.2661
Density calculation took 0.622741s
Tau required
   12     | -1691.1976778994 |   5.7543e-07   |    1.5065     |    0.2651
Density calculation took 0.622550s
Tau required
   13     | -1691.1976780578 |   1.0074e-07   |    1.4998     |    0.2639
Density calculation took 0.622651s
Tau required
   14     | -1691.1976780824 |   2.1844e-08   |    1.5043     |    0.2651
Density calculation took 0.622837s
Tau required
   15     | -1691.1976780886 |   7.8232e-10   |    1.4995     |    0.2650
Density calculation took 0.622700s
Tau required
   16     | -1691.1976780881 |   2.4474e-09   |    1.5036     |    0.2640
Density calculation took 0.622929s
Tau required
   17     | -1691.1976780887 |   2.6349e-10   |    1.4991     |    0.2666
Density calculation took 0.622664s
Tau required
   18     | -1691.1976780888 |   9.4127e-11   |    1.5063     |    0.2640
Created 707784 / 2985984 significant shell pairs
Created 549856 / 2274064 significant shell pairs
Total number of grid points: 392461 (5771 per atom)
One electron integrals and orthogonalizer took 0.052301s
Created 549856 / 2274064 significant shell pairs
3C integrals and B formation took 2.145698s
Iteration |      Energy      |  DIIS Metric   | Fock Time (s) | DIIS Time (s)
----------+------------------+----------------+---------------+--------------
Density calculation took 0.698984s
Tau required
    1     | -1701.5310905260 |   1.0256e+03   |    1.7253     |    0.2978
Density calculation took 0.651700s
Tau required
    2     | -1690.3091511687 |   3.2042e+00   |    1.5372     |    0.2611
Density calculation took 0.625238s
Tau required
    3     | -1689.9356765857 |   4.6043e+00   |    1.5093     |    0.2713
Density calculation took 0.625573s
Tau required
    4     | -1691.1358867714 |   2.3592e-01   |    1.5045     |    0.2618
Density calculation took 0.625149s
Tau required
    5     | -1691.1623588264 |   1.3787e-01   |    1.5103     |    0.2714
Density calculation took 0.626699s
Tau required
    6     | -1691.2017611480 |   1.4978e-02   |    1.5054     |    0.2639
Density calculation took 0.625250s
Tau required
    7     | -1691.2057251882 |   1.4465e-03   |    1.5101     |    0.2735
Density calculation took 0.627403s
Tau required
    8     | -1691.2059634116 |   7.2191e-04   |    1.5051     |    0.2667
Density calculation took 0.627158s
Tau required
    9     | -1691.2061632781 |   3.9460e-05   |    1.5116     |    0.2630
Density calculation took 0.625527s
Tau required
   10     | -1691.2061707330 |   1.3928e-05   |    1.5050     |    0.2642
Density calculation took 0.627366s
Tau required
   11     | -1691.2061744559 |   1.5088e-06   |    1.5116     |    0.2649
Density calculation took 0.625311s
Tau required
   12     | -1691.2061747838 |   3.5501e-07   |    1.5047     |    0.2644
Density calculation took 0.627306s
Tau required
   13     | -1691.2061748654 |   7.8061e-08   |    1.5099     |    0.2652
Density calculation took 0.625469s
Tau required
   14     | -1691.2061748795 |   3.0723e-08   |    1.5053     |    0.2637
Density calculation took 0.627413s
Tau required
   15     | -1691.2061748887 |   5.0619e-10   |    1.5107     |    0.2643
Density calculation took 0.625692s
Tau required
   16     | -1691.2061748882 |   2.1298e-09   |    1.5043     |    0.2641
Density calculation took 0.627655s
Tau required
   17     | -1691.2061748888 |   1.3257e-10   |    1.5116     |    0.2635
Density calculation took 0.625640s
Tau required
   18     | -1691.2061748889 |   4.5698e-11   |    1.5047     |    0.2648
Created 666355 / 2985984 significant shell pairs
Created 516841 / 2274064 significant shell pairs
Total number of grid points: 393104 (5780 per atom)
One electron integrals and orthogonalizer took 0.052600s
Created 516841 / 2274064 significant shell pairs
3C integrals and B formation took 2.082371s
Iteration |      Energy      |  DIIS Metric   | Fock Time (s) | DIIS Time (s)
----------+------------------+----------------+---------------+--------------
Density calculation took 0.660903s
Tau required
    1     | -1701.5384560761 |   1.0236e+03   |    1.7234     |    0.2978
Density calculation took 0.647541s
Tau required
    2     | -1690.3217541979 |   3.2150e+00   |    1.5447     |    0.2618
Density calculation took 0.627666s
Tau required
    3     | -1689.9682681644 |   4.5579e+00   |    1.5063     |    0.2700
Density calculation took 0.627549s
Tau required
    4     | -1691.1792257308 |   1.5010e-01   |    1.5038     |    0.2626
Density calculation took 0.625825s
Tau required
    5     | -1691.2055425182 |   5.2392e-02   |    1.5080     |    0.2713
Density calculation took 0.625996s
Tau required
    6     | -1691.2177591924 |   8.8438e-03   |    1.5028     |    0.2633
Density calculation took 0.626320s
Tau required
    7     | -1691.2201535716 |   1.2332e-03   |    1.5063     |    0.2735
Density calculation took 0.626735s
Tau required
    8     | -1691.2204130845 |   4.7001e-04   |    1.5002     |    0.2653
Density calculation took 0.626363s
Tau required
    9     | -1691.2205472000 |   2.7756e-05   |    1.5069     |    0.2637
Density calculation took 0.627641s
Tau required
   10     | -1691.2205520124 |   1.1540e-05   |    1.5023     |    0.2635
Density calculation took 0.625912s
Tau required
   11     | -1691.2205553166 |   9.7144e-07   |    1.5061     |    0.2654
Density calculation took 0.627835s
Tau required
   12     | -1691.2205555170 |   2.6281e-07   |    1.5012     |    0.2655
Density calculation took 0.626385s
Tau required
   13     | -1691.2205555757 |   5.9570e-08   |    1.5063     |    0.2646
Density calculation took 0.628120s
Tau required
   14     | -1691.2205555900 |   9.4798e-09   |    1.5020     |    0.2638
Density calculation took 0.625898s
Tau required
   15     | -1691.2205555926 |   5.1234e-10   |    1.5062     |    0.2651
Density calculation took 0.628068s
Tau required
   16     | -1691.2205555920 |   2.1803e-09   |    1.4995     |    0.2631
Density calculation took 0.626215s
Tau required
   17     | -1691.2205555926 |   4.4483e-10   |    1.5048     |    0.2653
Density calculation took 0.628161s
Tau required
   18     | -1691.2205555927 |   3.8144e-11   |    1.5021     |    0.2658
Created 663436 / 2985984 significant shell pairs
Created 514261 / 2274064 significant shell pairs
Total number of grid points: 391875 (5762 per atom)
One electron integrals and orthogonalizer took 0.052482s
Created 514261 / 2274064 significant shell pairs
3C integrals and B formation took 2.087488s
Iteration |      Energy      |  DIIS Metric   | Fock Time (s) | DIIS Time (s)
----------+------------------+----------------+---------------+--------------
Density calculation took 0.665251s
Tau required
    1     | -1701.5382896299 |   1.0236e+03   |    1.7258     |    0.2955
Density calculation took 0.656719s
Tau required
    2     | -1690.3216740679 |   3.2153e+00   |    1.5444     |    0.2606
Density calculation took 0.630075s
Tau required
    3     | -1689.9686788231 |   4.5571e+00   |    1.5082     |    0.2722
Density calculation took 0.630344s
Tau required
    4     | -1691.1801671990 |   1.4784e-01   |    1.5034     |    0.2611
Density calculation took 0.630247s
Tau required
    5     | -1691.2071556957 |   4.8124e-02   |    1.5069     |    0.2694
Density calculation took 0.632178s
Tau required
    6     | -1691.2182530300 |   7.2448e-03   |    1.5019     |    0.2625
Density calculation took 0.630486s
Tau required
    7     | -1691.2201027560 |   1.3021e-03   |    1.5065     |    0.2741
Density calculation took 0.631964s
Tau required
    8     | -1691.2203852973 |   4.9043e-04   |    1.5031     |    0.2641
Density calculation took 0.631931s
Tau required
    9     | -1691.2205277781 |   2.7819e-05   |    1.5079     |    0.2632
Density calculation took 0.630395s
Tau required
   10     | -1691.2205327875 |   1.0805e-05   |    1.5022     |    0.2655
Density calculation took 0.631968s
Tau required
   11     | -1691.2205358295 |   1.0915e-06   |    1.5077     |    0.2642
Density calculation took 0.630316s
Tau required
   12     | -1691.2205360525 |   3.3347e-07   |    1.5012     |    0.2653
Density calculation took 0.632489s
Tau required
   13     | -1691.2205361350 |   5.8271e-08   |    1.5065     |    0.2635
Density calculation took 0.630477s
Tau required
   14     | -1691.2205361486 |   9.6553e-09   |    1.5030     |    0.2646
Density calculation took 0.632347s
Tau required
   15     | -1691.2205361512 |   3.6249e-10   |    1.5081     |    0.2663
Density calculation took 0.630444s
Tau required
   16     | -1691.2205361508 |   1.6812e-09   |    1.5019     |    0.2632
Density calculation took 0.632354s
Tau required
   17     | -1691.2205361512 |   2.9692e-10   |    1.5071     |    0.2647
Density calculation took 0.630490s
Tau required
   18     | -1691.2205361513 |   3.3523e-11   |    1.5008     |    0.2635
Created 715714 / 2985984 significant shell pairs
Created 555922 / 2274064 significant shell pairs
Total number of grid points: 392579 (5773 per atom)
One electron integrals and orthogonalizer took 0.052730s
Created 555922 / 2274064 significant shell pairs
3C integrals and B formation took 2.155972s
Iteration |      Energy      |  DIIS Metric   | Fock Time (s) | DIIS Time (s)
----------+------------------+----------------+---------------+--------------
Density calculation took 0.666483s
Tau required
    1     | -1701.5472838951 |   1.0293e+03   |    1.7187     |    0.2969
Density calculation took 0.647486s
Tau required
    2     | -1690.3044625227 |   3.2246e+00   |    1.5334     |    0.2588
Density calculation took 0.622357s
Tau required
    3     | -1689.9190501482 |   4.7037e+00   |    1.4927     |    0.2714
Density calculation took 0.622548s
Tau required
    4     | -1691.1531617236 |   1.8662e-01   |    1.4922     |    0.2604
Density calculation took 0.623167s
Tau required
    5     | -1691.1853397099 |   6.6678e-02   |    1.4932     |    0.2716
Density calculation took 0.622907s
Tau required
    6     | -1691.2019359682 |   8.3370e-03   |    1.4922     |    0.2629
Density calculation took 0.623236s
Tau required
    7     | -1691.2040443598 |   9.7516e-04   |    1.4937     |    0.2720
Density calculation took 0.623047s
Tau required
    8     | -1691.2041687813 |   5.5303e-04   |    1.4914     |    0.2635
Density calculation took 0.623487s
Tau required
    9     | -1691.2043306919 |   4.0701e-05   |    1.4941     |    0.2674
Density calculation took 0.622998s
Tau required
   10     | -1691.2043386983 |   1.5516e-05   |    1.4903     |    0.2640
Density calculation took 0.623670s
Tau required
   11     | -1691.2043430926 |   1.7104e-06   |    1.4927     |    0.2656
Density calculation took 0.623047s
Tau required
   12     | -1691.2043435005 |   3.1638e-07   |    1.4898     |    0.2650
Density calculation took 0.623520s
Tau required
   13     | -1691.2043435798 |   4.7783e-08   |    1.4935     |    0.2661
Density calculation took 0.622762s
Tau required
   14     | -1691.2043435908 |   9.4931e-09   |    1.4909     |    0.2645
Density calculation took 0.623443s
Tau required
   15     | -1691.2043435934 |   2.1423e-10   |    1.4925     |    0.2649
Density calculation took 0.622608s
Tau required
   16     | -1691.2043435932 |   6.7150e-10   |    1.4913     |    0.2646
Density calculation took 0.623803s
Tau required
   17     | -1691.2043435934 |   5.7304e-11   |    1.4938     |    0.2647
Created 707346 / 2985984 significant shell pairs
Created 549201 / 2274064 significant shell pairs
Total number of grid points: 392875 (5777 per atom)
One electron integrals and orthogonalizer took 0.052642s
Created 549201 / 2274064 significant shell pairs
3C integrals and B formation took 2.140875s
Iteration |      Energy      |  DIIS Metric   | Fock Time (s) | DIIS Time (s)
----------+------------------+----------------+---------------+--------------
Density calculation took 0.658088s
Tau required
    1     | -1701.5437075501 |   1.0278e+03   |    1.7283     |    0.2967
Density calculation took 0.649593s
Tau required
    2     | -1690.3098361933 |   3.2177e+00   |    1.5294     |    0.2616
Density calculation took 0.623228s
Tau required
    3     | -1689.9433432728 |   4.6221e+00   |    1.5054     |    0.2693
Density calculation took 0.623273s
Tau required
    4     | -1691.1665778450 |   1.5259e-01   |    1.5002     |    0.2611
Density calculation took 0.624896s
Tau required
    5     | -1691.1921671194 |   5.7221e-02   |    1.5051     |    0.2715
Density calculation took 0.624890s
Tau required
    6     | -1691.2054995725 |   9.0525e-03   |    1.5008     |    0.2630
Density calculation took 0.624978s
Tau required
    7     | -1691.2078660845 |   1.4282e-03   |    1.5060     |    0.2739
Density calculation took 0.625009s
Tau required
    8     | -1691.2081540515 |   5.6553e-04   |    1.5001     |    0.2653
Density calculation took 0.624942s
Tau required
    9     | -1691.2083150432 |   4.1765e-05   |    1.5068     |    0.2642
Density calculation took 0.623505s
Tau required
   10     | -1691.2083224754 |   1.6021e-05   |    1.5000     |    0.2628
Density calculation took 0.624881s
Tau required
   11     | -1691.2083266421 |   2.0763e-06   |    1.5052     |    0.2656
Density calculation took 0.623419s
Tau required
   12     | -1691.2083271275 |   4.6508e-07   |    1.5011     |    0.2639
Density calculation took 0.625243s
Tau required
   13     | -1691.2083272460 |   7.0325e-08   |    1.5070     |    0.2645
Density calculation took 0.623741s
Tau required
   14     | -1691.2083272607 |   2.0459e-08   |    1.5017     |    0.2645
Density calculation took 0.624846s
Tau required
   15     | -1691.2083272664 |   7.2827e-10   |    1.5052     |    0.2663
Density calculation took 0.623590s
Tau required
   16     | -1691.2083272655 |   3.6873e-09   |    1.5005     |    0.2633
Density calculation took 0.625147s
Tau required
   17     | -1691.2083272665 |   5.2171e-10   |    1.5060     |    0.2651
Density calculation took 0.623602s
Tau required
   18     | -1691.2083272666 |   6.3456e-11   |    1.4997     |    0.2636
Created 665852 / 2985984 significant shell pairs
Created 516273 / 2274064 significant shell pairs
Total number of grid points: 393319 (5784 per atom)
One electron integrals and orthogonalizer took 0.051437s
Created 516273 / 2274064 significant shell pairs
3C integrals and B formation took 2.084638s
Iteration |      Energy      |  DIIS Metric   | Fock Time (s) | DIIS Time (s)
----------+------------------+----------------+---------------+--------------
Density calculation took 0.697377s
Tau required
    1     | -1701.5329423666 |   1.0230e+03   |    1.7322     |    0.2960
Density calculation took 0.649960s
Tau required
    2     | -1690.3193607773 |   3.2055e+00   |    1.5316     |    0.2609
Density calculation took 0.624741s
Tau required
    3     | -1689.9680176481 |   4.5395e+00   |    1.5003     |    0.2712
Density calculation took 0.624825s
Tau required
    4     | -1691.1703992267 |   1.6472e-01   |    1.5015     |    0.2624
Density calculation took 0.625289s
Tau required
    5     | -1691.1984716314 |   5.8984e-02   |    1.4973     |    0.2704
Density calculation took 0.626591s
Tau required
    6     | -1691.2119895639 |   1.1504e-02   |    1.5024     |    0.2635
Density calculation took 0.625017s
Tau required
    7     | -1691.2152477060 |   1.3535e-03   |    1.4997     |    0.2734
Density calculation took 0.626640s
Tau required
    8     | -1691.2155195942 |   5.8978e-04   |    1.5027     |    0.2639
Density calculation took 0.626445s
Tau required
    9     | -1691.2156862381 |   3.3372e-05   |    1.4994     |    0.2661
Density calculation took 0.624775s
Tau required
   10     | -1691.2156917148 |   1.4404e-05   |    1.5013     |    0.2643
Density calculation took 0.626453s
Tau required
   11     | -1691.2156959045 |   1.5560e-06   |    1.5009     |    0.2652
Density calculation took 0.625239s
Tau required
   12     | -1691.2156962687 |   3.2093e-07   |    1.5017     |    0.2647
Density calculation took 0.626987s
Tau required
   13     | -1691.2156963450 |   5.5288e-08   |    1.4994     |    0.2635
Density calculation took 0.625367s
Tau required
   14     | -1691.2156963569 |   1.4928e-08   |    1.5033     |    0.2659
Density calculation took 0.626533s
Tau required
   15     | -1691.2156963610 |   3.6542e-10   |    1.5000     |    0.2653
Density calculation took 0.625449s
Tau required
   16     | -1691.2156963604 |   2.1641e-09   |    1.5028     |    0.2642
Density calculation took 0.626862s
Tau required
   17     | -1691.2156963610 |   3.1597e-10   |    1.5001     |    0.2652
Density calculation took 0.625611s
Tau required
   18     | -1691.2156963611 |   3.7144e-11   |    1.5019     |    0.2640
Created 661693 / 2985984 significant shell pairs
Created 513088 / 2274064 significant shell pairs
Total number of grid points: 392656 (5774 per atom)
One electron integrals and orthogonalizer took 0.051852s
Created 513088 / 2274064 significant shell pairs
3C integrals and B formation took 2.089327s
Iteration |      Energy      |  DIIS Metric   | Fock Time (s) | DIIS Time (s)
----------+------------------+----------------+---------------+--------------
Density calculation took 0.648594s
Tau required
    1     | -1701.5241575799 |   1.0217e+03   |    1.7270     |    0.2958
Density calculation took 0.641220s
Tau required
    2     | -1690.3173439247 |   3.1949e+00   |    1.5428     |    0.2599
Density calculation took 0.620389s
Tau required
    3     | -1689.9626360565 |   4.5332e+00   |    1.5117     |    0.2703
Density calculation took 0.620575s
Tau required
    4     | -1691.1645301875 |   1.7861e-01   |    1.5067     |    0.2620
Density calculation took 0.620933s
Tau required
    5     | -1691.1971453426 |   5.4917e-02   |    1.5126     |    0.2711
Density calculation took 0.620285s
Tau required
    6     | -1691.2091828885 |   1.2545e-02   |    1.5071     |    0.2641
Density calculation took 0.620946s
Tau required
    7     | -1691.2128012672 |   1.2448e-03   |    1.5142     |    0.2736
Density calculation took 0.620513s
Tau required
    8     | -1691.2130194124 |   6.3493e-04   |    1.5076     |    0.2629
Density calculation took 0.620327s
Tau required
    9     | -1691.2132022601 |   3.6392e-05   |    1.5120     |    0.2649
Density calculation took 0.621223s
Tau required
   10     | -1691.2132085585 |   1.4996e-05   |    1.5060     |    0.2644
Density calculation took 0.620230s
Tau required
   11     | -1691.2132128447 |   1.7019e-06   |    1.5124     |    0.2645
Density calculation took 0.620833s
Tau required
   12     | -1691.2132132332 |   3.6969e-07   |    1.5071     |    0.2648
Density calculation took 0.620040s
Tau required
   13     | -1691.2132133283 |   5.5755e-08   |    1.5107     |    0.2650
Density calculation took 0.620893s
Tau required
   14     | -1691.2132133407 |   1.3608e-08   |    1.5061     |    0.2635
Density calculation took 0.620142s
Tau required
   15     | -1691.2132133444 |   3.7372e-10   |    1.5114     |    0.2663
Density calculation took 0.620872s
Tau required
   16     | -1691.2132133438 |   2.0050e-09   |    1.5066     |    0.2654
Density calculation took 0.620426s
Tau required
   17     | -1691.2132133444 |   3.5743e-10   |    1.5145     |    0.2636
Density calculation took 0.620858s
Tau required
   18     | -1691.2132133445 |   4.4577e-11   |    1.5069     |    0.2650
Please cite the following papers for the methods used in this calculation:
 - J.L. Galvez Vallejo et. al., Toward an extreme-scale electronic structure system, J. Chem. Phys., 2023. DOI: 10.1063/5.0156399

 - R. Stocks, E. Palethorpe, and G.M.J. Barca, Multi-GPU RI-HF Energies and Analytic Gradients ─ Toward High-Throughput Ab Initio Molecular Dynamics, J. Chem. Theory Comput., 2024. DOI: 10.1021/acs.jctc.4c00877
   For:
     * RI-HF energy

 - S. Lehtola, C. Steigemann, M.J.T. Oliveira, and M.A.L. Marques, Recent developments in Libxc: A comprehensive library of functionals for density functional theory, SoftwareX, 2018. DOI: 10.1016/j.softx.2017.11.002
   For:
     * LibXC version 6.2.0

 - D.B. Williams-Young, W.A. de Jong, H.J.J. van Dam, and C. Yang, On the Efficient Evaluation of the Exchange Correlation Potential on Graphics Processing Unit Clusters, Frontiers in Chemistry, 2020. DOI: 10.3389/fchem.2020.581058
   For:
     * ExchCXX GPU implementation of exchange-correlation functionals

 - R. Stocks and G.M.J. Barca, Efficient Algorithms for GPU Accelerated Evaluation of the DFT Exchange-Correlation Functional, J. Chem. Theory Comput., 2025. DOI: 10.1021/acs.jctc.5c01229
   For:
     * GPU accelerated DFT exchange-correlation evaluation

 - A. D. Boese and N. C. Handy.,  J. Chem. Phys. 116, 9559 (2002) DOI: 10.1063/1.1476309
   For:
     * MGGA_X_TAU_HCTH XC Functional
     * GGA_C_TAU_HCTH XC Functional

[CRAYBLAS_WARNING] Application linked against multiple cray-libsci libraries
