Total number of grid points: 289000 (5780 per atom)
Density calculation took 0.345190s
Tau required
Density calculation took 0.350407s
Tau required
Density calculation took 0.335543s
Tau required
Density calculation took 0.335757s
Tau required
Density calculation took 0.335937s
Tau required
Density calculation took 0.336053s
Tau required
Density calculation took 0.336106s
Tau required
Density calculation took 0.336135s
Tau required
Density calculation took 0.336233s
Tau required
Density calculation took 0.336071s
Tau required
Density calculation took 0.336130s
Tau required
Density calculation took 0.336283s
Tau required
Density calculation took 0.336265s
Tau required
Density calculation took 0.336227s
Tau required
Density calculation took 0.336262s
Tau required
Density calculation took 0.336222s
Tau required
Density calculation took 0.336347s
Tau required
Density calculation took 0.336412s
Tau required
Total number of grid points: 288953 (5779 per atom)
Density calculation took 0.351667s
Tau required
Density calculation took 0.352458s
Tau required
Density calculation took 0.338247s
Tau required
Density calculation took 0.338625s
Tau required
Density calculation took 0.338333s
Tau required
Density calculation took 0.337913s
Tau required
Density calculation took 0.337535s
Tau required
Density calculation took 0.337905s
Tau required
Density calculation took 0.338488s
Tau required
Density calculation took 0.338897s
Tau required
Density calculation took 0.338575s
Tau required
Density calculation took 0.338145s
Tau required
Density calculation took 0.337928s
Tau required
Density calculation took 0.338290s
Tau required
Density calculation took 0.338612s
Tau required
Density calculation took 0.339069s
Tau required
Density calculation took 0.338697s
Tau required
Density calculation took 0.338432s
Tau required
Density calculation took 0.337920s
Tau required
Total number of grid points: 288769 (5775 per atom)
Density calculation took 0.355566s
Tau required
Density calculation took 0.356373s
Tau required
Density calculation took 0.341451s
Tau required
Density calculation took 0.341111s
Tau required
Density calculation took 0.341584s
Tau required
Density calculation took 0.341278s
Tau required
Density calculation took 0.341722s
Tau required
Density calculation took 0.341326s
Tau required
Density calculation took 0.341767s
Tau required
Density calculation took 0.341400s
Tau required
Density calculation took 0.341834s
Tau required
Density calculation took 0.341440s
Tau required
Density calculation took 0.341859s
Tau required
Density calculation took 0.341287s
Tau required
Density calculation took 0.341829s
Tau required
Density calculation took 0.341452s
Tau required
Density calculation took 0.341830s
Tau required
Density calculation took 0.341677s
Tau required
Total number of grid points: 287893 (5757 per atom)
Density calculation took 0.348600s
Tau required
Density calculation took 0.349828s
Tau required
Density calculation took 0.335236s
Tau required
Density calculation took 0.335435s
Tau required
Density calculation took 0.335397s
Tau required
Density calculation took 0.335704s
Tau required
Density calculation took 0.335515s
Tau required
Density calculation took 0.335569s
Tau required
Density calculation took 0.335749s
Tau required
Density calculation took 0.336063s
Tau required
Density calculation took 0.335730s
Tau required
Density calculation took 0.336149s
Tau required
Density calculation took 0.335878s
Tau required
Density calculation took 0.335960s
Tau required
Density calculation took 0.335442s
Tau required
Density calculation took 0.336148s
Tau required
Density calculation took 0.336081s
Tau required
Density calculation took 0.336215s
Tau required
Total number of grid points: 287921 (5758 per atom)
Density calculation took 0.345897s
Tau required
Density calculation took 0.348227s
Tau required
Density calculation took 0.332986s
Tau required
Density calculation took 0.332959s
Tau required
Density calculation took 0.333731s
Tau required
Density calculation took 0.333458s
Tau required
Density calculation took 0.332822s
Tau required
Density calculation took 0.333255s
Tau required
Density calculation took 0.333111s
Tau required
Density calculation took 0.332821s
Tau required
Density calculation took 0.333874s
Tau required
Density calculation took 0.332958s
Tau required
Density calculation took 0.333230s
Tau required
Density calculation took 0.332854s
Tau required
Density calculation took 0.333586s
Tau required
Density calculation took 0.333220s
Tau required
Density calculation took 0.333275s
Tau required
Density calculation took 0.332958s
Tau required
Total number of grid points: 288929 (5778 per atom)
Density calculation took 0.347391s
Tau required
Density calculation took 0.351596s
Tau required
Density calculation took 0.337492s
Tau required
Density calculation took 0.337597s
Tau required
Density calculation took 0.337897s
Tau required
Density calculation took 0.336854s
Tau required
Density calculation took 0.337359s
Tau required
Density calculation took 0.337721s
Tau required
Density calculation took 0.337962s
Tau required
Density calculation took 0.337645s
Tau required
Density calculation took 0.338006s
Tau required
Density calculation took 0.337470s
Tau required
Density calculation took 0.337816s
Tau required
Density calculation took 0.337196s
Tau required
Density calculation took 0.338221s
Tau required
Density calculation took 0.338111s
Tau required
Density calculation took 0.337974s
Tau required
Density calculation took 0.336855s
Tau required
Total number of grid points: 288405 (5768 per atom)
Density calculation took 0.350242s
Tau required
Density calculation took 0.354354s
Tau required
Density calculation took 0.339009s
Tau required
Density calculation took 0.340237s
Tau required
Density calculation took 0.339264s
Tau required
Density calculation took 0.340400s
Tau required
Density calculation took 0.339662s
Tau required
Density calculation took 0.340087s
Tau required
Density calculation took 0.339588s
Tau required
Density calculation took 0.340673s
Tau required
Density calculation took 0.339720s
Tau required
Density calculation took 0.340598s
Tau required
Density calculation took 0.339784s
Tau required
Density calculation took 0.340783s
Tau required
Density calculation took 0.339216s
Tau required
Density calculation took 0.340644s
Tau required
Density calculation took 0.339718s
Tau required
Total number of grid points: 288638 (5772 per atom)
Density calculation took 0.349802s
Tau required
Density calculation took 0.350928s
Tau required
Density calculation took 0.336564s
Tau required
Density calculation took 0.336407s
Tau required
Density calculation took 0.336356s
Tau required
Density calculation took 0.336323s
Tau required
Density calculation took 0.336724s
Tau required
Density calculation took 0.336297s
Tau required
Density calculation took 0.336589s
Tau required
Density calculation took 0.336610s
Tau required
Density calculation took 0.336617s
Tau required
Density calculation took 0.336190s
Tau required
Density calculation took 0.336544s
Tau required
Density calculation took 0.336788s
Tau required
Density calculation took 0.336381s
Tau required
Density calculation took 0.336775s
Tau required
Density calculation took 0.336361s
Tau required
Density calculation took 0.336306s
Tau required
Total number of grid points: 288586 (5771 per atom)
Density calculation took 0.351606s
Tau required
Density calculation took 0.351630s
Tau required
Density calculation took 0.336872s
Tau required
Density calculation took 0.337019s
Tau required
Density calculation took 0.337454s
Tau required
Density calculation took 0.337364s
Tau required
Density calculation took 0.337288s
Tau required
Density calculation took 0.336900s
Tau required
Density calculation took 0.337172s
Tau required
Density calculation took 0.337567s
Tau required
Density calculation took 0.337728s
Tau required
Density calculation took 0.337435s
Tau required
Density calculation took 0.336957s
Tau required
Density calculation took 0.337232s
Tau required
Density calculation took 0.337518s
Tau required
Density calculation took 0.337037s
Tau required
Density calculation took 0.337316s
Tau required
Density calculation took 0.337574s
Tau required
Total number of grid points: 289164 (5783 per atom)
Density calculation took 0.351455s
Tau required
Density calculation took 0.351522s
Tau required
Density calculation took 0.338786s
Tau required
Density calculation took 0.338573s
Tau required
Density calculation took 0.339411s
Tau required
Density calculation took 0.338729s
Tau required
Density calculation took 0.338215s
Tau required
Density calculation took 0.338375s
Tau required
Density calculation took 0.338512s
Tau required
Density calculation took 0.338025s
Tau required
Density calculation took 0.339042s
Tau required
Density calculation took 0.339045s
Tau required
Density calculation took 0.338232s
Tau required
Density calculation took 0.338469s
Tau required
Density calculation took 0.338686s
Tau required
Density calculation took 0.338440s
Tau required
Density calculation took 0.338942s
Tau required
Density calculation took 0.338475s
Tau required
Total number of grid points: 289202 (5784 per atom)
Density calculation took 0.352527s
Tau required
Density calculation took 0.350351s
Tau required
Density calculation took 0.338015s
Tau required
Density calculation took 0.338250s
Tau required
Density calculation took 0.337971s
Tau required
Density calculation took 0.338274s
Tau required
Density calculation took 0.338181s
Tau required
Density calculation took 0.338051s
Tau required
Density calculation took 0.338320s
Tau required
Density calculation took 0.338226s
Tau required
Density calculation took 0.338009s
Tau required
Density calculation took 0.337998s
Tau required
Density calculation took 0.338097s
Tau required
Density calculation took 0.338028s
Tau required
Density calculation took 0.337997s
Tau required
Total number of grid points: 288365 (5767 per atom)
Density calculation took 0.356914s
Tau required
Density calculation took 0.353576s
Tau required
Density calculation took 0.337405s
Tau required
Density calculation took 0.337883s
Tau required
Density calculation took 0.337214s
Tau required
Density calculation took 0.337539s
Tau required
Density calculation took 0.337772s
Tau required
Density calculation took 0.337905s
Tau required
Density calculation took 0.337852s
Tau required
Density calculation took 0.337939s
Tau required
Density calculation took 0.337556s
Tau required
Density calculation took 0.338120s
Tau required
Density calculation took 0.337703s
Tau required
Density calculation took 0.337951s
Tau required
Density calculation took 0.337719s
Tau required
Density calculation took 0.338045s
Tau required
Density calculation took 0.337653s
Tau required
Total number of grid points: 288041 (5760 per atom)
Density calculation took 0.349722s
Tau required
Density calculation took 0.351147s
Tau required
Density calculation took 0.338865s
Tau required
Density calculation took 0.337950s
Tau required
Density calculation took 0.337780s
Tau required
Density calculation took 0.337984s
Tau required
Density calculation took 0.337654s
Tau required
Density calculation took 0.338065s
Tau required
Density calculation took 0.338981s
Tau required
Density calculation took 0.337675s
Tau required
Density calculation took 0.337753s
Tau required
Density calculation took 0.338152s
Tau required
Density calculation took 0.337699s
Tau required
Density calculation took 0.337871s
Tau required
Density calculation took 0.338701s
Tau required
Density calculation took 0.337575s
Tau required
Density calculation took 0.337490s
Tau required
Density calculation took 0.337872s
Tau required
Total number of grid points: 288131 (5762 per atom)
Density calculation took 0.347682s
Tau required
Density calculation took 0.351458s
Tau required
Density calculation took 0.336313s
Tau required
Density calculation took 0.336435s
Tau required
Density calculation took 0.336769s
Tau required
Density calculation took 0.336806s
Tau required
Density calculation took 0.336853s
Tau required
Density calculation took 0.336823s
Tau required
Density calculation took 0.336820s
Tau required
Density calculation took 0.336264s
Tau required
Density calculation took 0.336492s
Tau required
Density calculation took 0.336973s
Tau required
Density calculation took 0.337003s
Tau required
Density calculation took 0.336736s
Tau required
Density calculation took 0.336960s
Tau required
Total number of grid points: 288726 (5774 per atom)
Density calculation took 0.350923s
Tau required
Density calculation took 0.351111s
Tau required
Density calculation took 0.336095s
Tau required
Density calculation took 0.336729s
Tau required
Density calculation took 0.335893s
Tau required
Density calculation took 0.336734s
Tau required
Density calculation took 0.336557s
Tau required
Density calculation took 0.336708s
Tau required
Density calculation took 0.336449s
Tau required
Density calculation took 0.336953s
Tau required
Density calculation took 0.336253s
Tau required
Density calculation took 0.336884s
Tau required
Density calculation took 0.336394s
Tau required
Density calculation took 0.336874s
Tau required
Density calculation took 0.336481s
Tau required
Density calculation took 0.336750s
Tau required
Density calculation took 0.336463s
Tau required
Density calculation took 0.336966s
Tau required
Total number of grid points: 287821 (5756 per atom)
Density calculation took 0.347614s
Tau required
Density calculation took 0.352612s
Tau required
Density calculation took 0.338186s
Tau required
Density calculation took 0.338015s
Tau required
Density calculation took 0.337800s
Tau required
Density calculation took 0.338087s
Tau required
Density calculation took 0.337937s
Tau required
Density calculation took 0.337517s
Tau required
Density calculation took 0.338287s
Tau required
Density calculation took 0.338481s
Tau required
Density calculation took 0.338559s
Tau required
Density calculation took 0.337910s
Tau required
Density calculation took 0.338175s
Tau required
Density calculation took 0.338399s
Tau required
Density calculation took 0.338381s
Tau required
Density calculation took 0.338482s
Tau required
Density calculation took 0.338543s
Tau required
Total number of grid points: 300500 (5778 per atom)
Density calculation took 0.366978s
Tau required
Density calculation took 0.365444s
Tau required
Density calculation took 0.350936s
Tau required
Density calculation took 0.351254s
Tau required
Density calculation took 0.351296s
Tau required
Density calculation took 0.350883s
Tau required
Density calculation took 0.350758s
Tau required
Density calculation took 0.351258s
Tau required
Density calculation took 0.351255s
Tau required
Density calculation took 0.351484s
Tau required
Density calculation took 0.350940s
Tau required
Density calculation took 0.351204s
Tau required
Density calculation took 0.350899s
Tau required
Density calculation took 0.351083s
Tau required
Density calculation took 0.351510s
Tau required
Density calculation took 0.351866s
Tau required
Density calculation took 0.351073s
Tau required
Total number of grid points: 300781 (5784 per atom)
Density calculation took 0.372470s
Tau required
Density calculation took 0.367804s
Tau required
Density calculation took 0.352907s
Tau required
Density calculation took 0.353414s
Tau required
Density calculation took 0.353068s
Tau required
Density calculation took 0.353356s
Tau required
Density calculation took 0.353180s
Tau required
Density calculation took 0.353840s
Tau required
Density calculation took 0.353640s
Tau required
Density calculation took 0.353581s
Tau required
Density calculation took 0.353461s
Tau required
Density calculation took 0.353497s
Tau required
Density calculation took 0.354138s
Tau required
Density calculation took 0.353730s
Tau required
Density calculation took 0.353817s
Tau required
Density calculation took 0.354042s
Tau required
Density calculation took 0.353772s
Tau required
Total number of grid points: 299605 (5761 per atom)
Density calculation took 0.380361s
Tau required
Density calculation took 0.368069s
Tau required
Density calculation took 0.353979s
Tau required
Density calculation took 0.353930s
Tau required
Density calculation took 0.353990s
Tau required
Density calculation took 0.354056s
Tau required
Density calculation took 0.354376s
Tau required
Density calculation took 0.354053s
Tau required
Density calculation took 0.353860s
Tau required
Density calculation took 0.353489s
Tau required
Density calculation took 0.354393s
Tau required
Density calculation took 0.353802s
Tau required
Density calculation took 0.354249s
Tau required
Density calculation took 0.354121s
Tau required
Density calculation took 0.353451s
Tau required
Density calculation took 0.354260s
Tau required
Density calculation took 0.353998s
Tau required
Density calculation took 0.354246s
Tau required
Total number of grid points: 300101 (5771 per atom)
Density calculation took 0.367980s
Tau required
Density calculation took 0.370707s
Tau required
Density calculation took 0.354386s
Tau required
Density calculation took 0.353868s
Tau required
Density calculation took 0.353937s
Tau required
Density calculation took 0.354267s
Tau required
Density calculation took 0.354832s
Tau required
Density calculation took 0.354344s
Tau required
Density calculation took 0.354607s
Tau required
Density calculation took 0.353896s
Tau required
Density calculation took 0.354382s
Tau required
Density calculation took 0.353871s
Tau required
Density calculation took 0.355326s
Tau required
Density calculation took 0.354758s
Tau required
Density calculation took 0.355219s
Tau required
[CRAYBLAS_WARNING] Application linked against multiple cray-libsci libraries
lculation Summary             
=======================================================
HF Energy: -1305.3729084138108192
=======================================================


Topology 9 time: 18.540893 s, performance: SP: 0 FLOP/s, DP: 27.3 TFLOP/s
JSON file written to: json_logs/lustre_orion_chm213_scratch_ryan_dhdft_inputs_exess_exess_inputs_t-HCTH_def2-TZVP_isomers_480-499_topology_9.json
************************************************************
**************** Running topology 11 of 20 *****************
************************************************************

************************************************************
**** Beginning RI-MGGA_X_TAU_HCTH+GGA_C_TAU_HCTH energy ****
************************************************************

=======================================================
     MGGA_X_TAU_HCTH+GGA_C_TAU_HCTH Energy Results     
=======================================================
E MGGA_X_TAU_HCTH+GGA_C_TAU_HCTH: -1305.37504354
Nuclear Repulsion Energy: 3136.16082906
Electronic Energy:        -4250.81355593
XC Energy:                -190.722317
Converged:                1
# of SCF iterations:      15
SCF Time:                 15.746s

=======================================================
            Individual Calculation Summary             
=======================================================
HF Energy: -1305.3750435372653556
=======================================================


Topology 10 time: 15.882383 s, performance: SP: 0 FLOP/s, DP: 26.87 TFLOP/s
JSON file written to: json_logs/lustre_orion_chm213_scratch_ryan_dhdft_inputs_exess_exess_inputs_t-HCTH_def2-TZVP_isomers_480-499_topology_10.json
************************************************************
**************** Running topology 12 of 20 *****************
************************************************************

************************************************************
**** Beginning RI-MGGA_X_TAU_HCTH+GGA_C_TAU_HCTH energy ****
************************************************************

=======================================================
     MGGA_X_TAU_HCTH+GGA_C_TAU_HCTH Energy Results     
=======================================================
E MGGA_X_TAU_HCTH+GGA_C_TAU_HCTH: -1305.37449256
Nuclear Repulsion Energy: 3140.20600822
Electronic Energy:        -4254.85889998
XC Energy:                -190.721601
Converged:                1
# of SCF iterations:      17
SCF Time:                 17.468s

=======================================================
            Individual Calculation Summary             
=======================================================
HF Energy: -1305.3744925564019468
=======================================================


Topology 11 time: 17.608849 s, performance: SP: 0 FLOP/s, DP: 27.23 TFLOP/s
JSON file written to: json_logs/lustre_orion_chm213_scratch_ryan_dhdft_inputs_exess_exess_inputs_t-HCTH_def2-TZVP_isomers_480-499_topology_11.json
************************************************************
**************** Running topology 13 of 20 *****************
************************************************************

************************************************************
**** Beginning RI-MGGA_X_TAU_HCTH+GGA_C_TAU_HCTH energy ****
************************************************************

=======================================================
     MGGA_X_TAU_HCTH+GGA_C_TAU_HCTH Energy Results     
=======================================================
E MGGA_X_TAU_HCTH+GGA_C_TAU_HCTH: -1305.37234516
Nuclear Repulsion Energy: 3127.97091811
Electronic Energy:        -4242.62363674
XC Energy:                -190.719627
Converged:                1
# of SCF iterations:      18
SCF Time:                 18.512s

=======================================================
            Individual Calculation Summary             
=======================================================
HF Energy: -1305.3723451638197730
=======================================================


Topology 12 time: 18.649806 s, performance: SP: 0 FLOP/s, DP: 27.13 TFLOP/s
JSON file written to: json_logs/lustre_orion_chm213_scratch_ryan_dhdft_inputs_exess_exess_inputs_t-HCTH_def2-TZVP_isomers_480-499_topology_12.json
************************************************************
**************** Running topology 14 of 20 *****************
************************************************************

************************************************************
**** Beginning RI-MGGA_X_TAU_HCTH+GGA_C_TAU_HCTH energy ****
************************************************************

=======================================================
     MGGA_X_TAU_HCTH+GGA_C_TAU_HCTH Energy Results     
=======================================================
E MGGA_X_TAU_HCTH+GGA_C_TAU_HCTH: -1305.37387354
Nuclear Repulsion Energy: 3131.9172372
Electronic Energy:        -4246.56985681
XC Energy:                -190.721254
Converged:                1
# of SCF iterations:      15
SCF Time:                 15.711s

=======================================================
            Individual Calculation Summary             
=======================================================
HF Energy: -1305.3738735387250927
=======================================================


Topology 13 time: 15.848529 s, performance: SP: 0 FLOP/s, DP: 26.93 TFLOP/s
JSON file written to: json_logs/lustre_orion_chm213_scratch_ryan_dhdft_inputs_exess_exess_inputs_t-HCTH_def2-TZVP_isomers_480-499_topology_13.json
************************************************************
**************** Running topology 15 of 20 *****************
************************************************************

************************************************************
**** Beginning RI-MGGA_X_TAU_HCTH+GGA_C_TAU_HCTH energy ****
************************************************************

=======================================================
     MGGA_X_TAU_HCTH+GGA_C_TAU_HCTH Energy Results     
=======================================================
E MGGA_X_TAU_HCTH+GGA_C_TAU_HCTH: -1305.36152723
Nuclear Repulsion Energy: 3169.79700445
Electronic Energy:        -4284.43956766
XC Energy:                -190.718964
Converged:                1
# of SCF iterations:      18
SCF Time:                 19.004s

=======================================================
            Individual Calculation Summary             
=======================================================
HF Energy: -1305.3615272304832615
=======================================================


Topology 14 time: 19.145842 s, performance: SP: 0 FLOP/s, DP: 26.41 TFLOP/s
JSON file written to: json_logs/lustre_orion_chm213_scratch_ryan_dhdft_inputs_exess_exess_inputs_t-HCTH_def2-TZVP_isomers_480-499_topology_14.json
************************************************************
**************** Running topology 16 of 20 *****************
************************************************************

************************************************************
**** Beginning RI-MGGA_X_TAU_HCTH+GGA_C_TAU_HCTH energy ****
************************************************************

=======================================================
     MGGA_X_TAU_HCTH+GGA_C_TAU_HCTH Energy Results     
=======================================================
E MGGA_X_TAU_HCTH+GGA_C_TAU_HCTH: -1305.37072604
Nuclear Repulsion Energy: 3110.69509972
Electronic Energy:        -4225.34977213
XC Energy:                -190.716054
Converged:                1
# of SCF iterations:      17
SCF Time:                 17.721s

=======================================================
            Individual Calculation Summary             
=======================================================
HF Energy: -1305.3707260382411732
=======================================================


Topology 15 time: 17.858077 s, performance: SP: 0 FLOP/s, DP: 26.86 TFLOP/s
JSON file written to: json_logs/lustre_orion_chm213_scratch_ryan_dhdft_inputs_exess_exess_inputs_t-HCTH_def2-TZVP_isomers_480-499_topology_15.json
************************************************************
**************** Running topology 17 of 20 *****************
************************************************************

************************************************************
**** Beginning RI-MGGA_X_TAU_HCTH+GGA_C_TAU_HCTH energy ****
************************************************************

=======================================================
     MGGA_X_TAU_HCTH+GGA_C_TAU_HCTH Energy Results     
=======================================================
E MGGA_X_TAU_HCTH+GGA_C_TAU_HCTH: -1306.52436637
Nuclear Repulsion Energy: 3166.09095131
Electronic Energy:        -4281.17850712
XC Energy:                -191.436811
Converged:                1
# of SCF iterations:      17
SCF Time:                 18.657s

=======================================================
            Individual Calculation Summary             
=======================================================
HF Energy: -1306.5243663730063872
=======================================================


Topology 16 time: 18.774851 s, performance: SP: 0 FLOP/s, DP: 26.98 TFLOP/s
JSON file written to: json_logs/lustre_orion_chm213_scratch_ryan_dhdft_inputs_exess_exess_inputs_t-HCTH_def2-TZVP_isomers_480-499_topology_16.json
************************************************************
**************** Running topology 18 of 20 *****************
************************************************************

************************************************************
**** Beginning RI-MGGA_X_TAU_HCTH+GGA_C_TAU_HCTH energy ****
************************************************************

=======================================================
     MGGA_X_TAU_HCTH+GGA_C_TAU_HCTH Energy Results     
=======================================================
E MGGA_X_TAU_HCTH+GGA_C_TAU_HCTH: -1306.51696708
Nuclear Repulsion Energy: 3198.54478668
Electronic Energy:        -4313.62347544
XC Energy:                -191.438278
Converged:                1
# of SCF iterations:      17
SCF Time:                 18.824s

=======================================================
            Individual Calculation Summary             
=======================================================
HF Energy: -1306.5169670775374016
=======================================================


Topology 17 time: 18.943638 s, performance: SP: 0 FLOP/s, DP: 26.71 TFLOP/s
JSON file written to: json_logs/lustre_orion_chm213_scratch_ryan_dhdft_inputs_exess_exess_inputs_t-HCTH_def2-TZVP_isomers_480-499_topology_17.json
************************************************************
**************** Running topology 19 of 20 *****************
************************************************************

************************************************************
**** Beginning RI-MGGA_X_TAU_HCTH+GGA_C_TAU_HCTH energy ****
************************************************************

=======================================================
     MGGA_X_TAU_HCTH+GGA_C_TAU_HCTH Energy Results     
=======================================================
E MGGA_X_TAU_HCTH+GGA_C_TAU_HCTH: -1306.5275393
Nuclear Repulsion Energy: 3143.89385862
Electronic Energy:        -4258.98326076
XC Energy:                -191.438137
Converged:                1
# of SCF iterations:      18
SCF Time:                 19.298s

=======================================================
            Individual Calculation Summary             
=======================================================
HF Energy: -1306.5275393045199053
=======================================================


Topology 18 time: 19.415924 s, performance: SP: 0 FLOP/s, DP: 27.54 TFLOP/s
JSON file written to: json_logs/lustre_orion_chm213_scratch_ryan_dhdft_inputs_exess_exess_inputs_t-HCTH_def2-TZVP_isomers_480-499_topology_18.json
************************************************************
**************** Running topology 20 of 20 *****************
************************************************************

************************************************************
**** Beginning RI-MGGA_X_TAU_HCTH+GGA_C_TAU_HCTH energy ****
************************************************************

=======================================================
     MGGA_X_TAU_HCTH+GGA_C_TAU_HCTH Energy Results     
=======================================================
E MGGA_X_TAU_HCTH+GGA_C_TAU_HCTH: -1306.53016427
Nuclear Repulsion Energy: 3140.55562545
Electronic Energy:        -4255.64260419
XC Energy:                -191.443186
Converged:                1
# of SCF iterations:      15
SCF Time:                 16.425s

=======================================================
            Individual Calculation Summary             
=======================================================
HF Energy: -1306.5301642651361362
=======================================================


Topology 19 time: 16.541536 s, performance: SP: 0 FLOP/s, DP: 27.25 TFLOP/s
JSON file written to: json_logs/lustre_orion_chm213_scratch_ryan_dhdft_inputs_exess_exess_inputs_t-HCTH_def2-TZVP_isomers_480-499_topology_19.json
Total flops: SP: 0 FLOPS, DP: 9.8836011 PFLOPS
Performance: SP: 0 FLOP/s, DP: 26.44 TFLOP/s

Now, a word from our sponsors... 
 An AMD hackathon is basically just a group therapy session, we share our problems. 

[31mTotal processing time 374.006473 seconds[0m
[CRAYBLAS_WARNING] Application linked against multiple cray-libsci libraries
5e-11   |    0.7689     |    0.1358
Created 528843 / 1742400 significant shell pairs
Created 406927 / 1322500 significant shell pairs
Total number of grid points: 288440 (5768 per atom)
One electron integrals and orthogonalizer took 0.032500s
Created 406927 / 1322500 significant shell pairs
3C integrals and B formation took 1.609261s
Iteration |      Energy      |  DIIS Metric   | Fock Time (s) | DIIS Time (s)
----------+------------------+----------------+---------------+--------------
Density calculation took 0.348252s
Tau required
    1     | -1313.6396634708 |   8.0857e+02   |    0.9254     |    0.1550
Density calculation took 0.367240s
Tau required
    2     | -1304.7240506884 |   2.3198e+00   |    0.7943     |    0.1327
Density calculation took 0.352580s
Tau required
    3     | -1304.5167132802 |   3.0968e+00   |    0.7790     |    0.1404
Density calculation took 0.352055s
Tau required
    4     | -1305.3443036673 |   9.5331e-02   |    0.7741     |    0.1339
Density calculation took 0.352595s
Tau required
    5     | -1305.3586018571 |   4.8887e-02   |    0.7790     |    0.1394
Density calculation took 0.352265s
Tau required
    6     | -1305.3715764747 |   2.6882e-03   |    0.7798     |    0.1345
Density calculation took 0.352778s
Tau required
    7     | -1305.3721658611 |   6.0894e-04   |    0.7799     |    0.1402
Density calculation took 0.352149s
Tau required
    8     | -1305.3723036950 |   1.4528e-04   |    0.7790     |    0.1352
Density calculation took 0.352683s
Tau required
    9     | -1305.3723410453 |   1.4090e-05   |    0.7793     |    0.1356
Density calculation took 0.352214s
Tau required
   10     | -1305.3723443939 |   2.7073e-06   |    0.7796     |    0.1358
Density calculation took 0.352797s
Tau required
   11     | -1305.3723451004 |   2.1678e-07   |    0.7794     |    0.1347
Density calculation took 0.352313s
Tau required
   12     | -1305.3723451225 |   1.3949e-07   |    0.7803     |    0.1351
Density calculation took 0.352847s
Tau required
   13     | -1305.3723451612 |   8.8753e-09   |    0.7797     |    0.1352
Density calculation took 0.352313s
Tau required
   14     | -1305.3723451625 |   4.2524e-09   |    0.7805     |    0.1359
Density calculation took 0.352815s
Tau required
   15     | -1305.3723451637 |   2.5218e-10   |    0.7789     |    0.1349
Density calculation took 0.352364s
Tau required
   16     | -1305.3723451637 |   3.8865e-10   |    0.7796     |    0.1355
Density calculation took 0.352793s
Tau required
   17     | -1305.3723451638 |   1.4589e-10   |    0.7801     |    0.1350
Density calculation took 0.352397s
Tau required
   18     | -1305.3723451638 |   1.2775e-11   |    0.7800     |    0.1357
Created 529425 / 1742400 significant shell pairs
Created 407582 / 1322500 significant shell pairs
Total number of grid points: 287872 (5757 per atom)
One electron integrals and orthogonalizer took 0.032749s
Created 407582 / 1322500 significant shell pairs
3C integrals and B formation took 1.607371s
Iteration |      Energy      |  DIIS Metric   | Fock Time (s) | DIIS Time (s)
----------+------------------+----------------+---------------+--------------
Density calculation took 0.339191s
Tau required
    1     | -1313.6423315852 |   8.0894e+02   |    0.9318     |    0.1543
Density calculation took 0.365662s
Tau required
    2     | -1304.7249988837 |   2.3219e+00   |    0.7901     |    0.1334
Density calculation took 0.350744s
Tau required
    3     | -1304.5157541907 |   3.1048e+00   |    0.7753     |    0.1386
Density calculation took 0.350973s
Tau required
    4     | -1305.3450132964 |   9.8000e-02   |    0.7753     |    0.1333
Density calculation took 0.350903s
Tau required
    5     | -1305.3598296784 |   5.0163e-02   |    0.7790     |    0.1390
Density calculation took 0.351013s
Tau required
    6     | -1305.3731463412 |   2.5347e-03   |    0.7751     |    0.1347
Density calculation took 0.350806s
Tau required
    7     | -1305.3736581432 |   7.2494e-04   |    0.7764     |    0.1410
Density calculation took 0.351087s
Tau required
    8     | -1305.3738331663 |   1.4115e-04   |    0.7746     |    0.1346
Density calculation took 0.351149s
Tau required
    9     | -1305.3738693955 |   1.4265e-05   |    0.7762     |    0.1348
Density calculation took 0.351066s
Tau required
   10     | -1305.3738726222 |   3.2218e-06   |    0.7754     |    0.1351
Density calculation took 0.351168s
Tau required
   11     | -1305.3738734753 |   2.0532e-07   |    0.7771     |    0.1350
Density calculation took 0.351092s
Tau required
   12     | -1305.3738734854 |   1.7698e-07   |    0.7743     |    0.1345
Density calculation took 0.351265s
Tau required
   13     | -1305.3738735365 |   8.0249e-09   |    0.7773     |    0.1335
Density calculation took 0.351264s
Tau required
   14     | -1305.3738735376 |   4.0824e-09   |    0.7749     |    0.1340
Density calculation took 0.351155s
Tau required
   15     | -1305.3738735387 |   9.0588e-11   |    0.7764     |    0.1342
Created 542400 / 1742400 significant shell pairs
Created 417716 / 1322500 significant shell pairs
Total number of grid points: 288332 (5766 per atom)
One electron integrals and orthogonalizer took 0.033310s
Created 417716 / 1322500 significant shell pairs
3C integrals and B formation took 1.629324s
Iteration |      Energy      |  DIIS Metric   | Fock Time (s) | DIIS Time (s)
----------+------------------+----------------+---------------+--------------
Density calculation took 0.350026s
Tau required
    1     | -1313.6403120268 |   8.1109e+02   |    0.9317     |    0.1533
Density calculation took 0.375712s
Tau required
    2     | -1304.7164642164 |   2.2966e+00   |    0.8200     |    0.1326
Density calculation took 0.361575s
Tau required
    3     | -1304.4988544040 |   3.0914e+00   |    0.8044     |    0.1382
Density calculation took 0.361929s
Tau required
    4     | -1305.3248418520 |   1.2404e-01   |    0.8050     |    0.1333
Density calculation took 0.361683s
Tau required
    5     | -1305.3466951104 |   5.2633e-02   |    0.8063     |    0.1389
Density calculation took 0.361897s
Tau required
    6     | -1305.3604086950 |   3.9239e-03   |    0.8060     |    0.1344
Density calculation took 0.361838s
Tau required
    7     | -1305.3612486033 |   9.2921e-04   |    0.8066     |    0.1405
Density calculation took 0.362180s
Tau required
    8     | -1305.3614433256 |   2.7291e-04   |    0.8061     |    0.1357
Density calculation took 0.362021s
Tau required
    9     | -1305.3615176773 |   2.9932e-05   |    0.8069     |    0.1354
Density calculation took 0.362148s
Tau required
   10     | -1305.3615255131 |   5.5605e-06   |    0.8061     |    0.1353
Density calculation took 0.362077s
Tau required
   11     | -1305.3615268867 |   1.0728e-06   |    0.8071     |    0.1351
Density calculation took 0.362140s
Tau required
   12     | -1305.3615271872 |   1.4534e-07   |    0.8059     |    0.1403
Density calculation took 0.361974s
Tau required
   13     | -1305.3615272266 |   1.3432e-08   |    0.8067     |    0.1348
Density calculation took 0.362254s
Tau required
   14     | -1305.3615272289 |   5.3586e-09   |    0.8063     |    0.1348
Density calculation took 0.362137s
Tau required
   15     | -1305.3615272304 |   3.1420e-10   |    0.8087     |    0.1352
Density calculation took 0.362084s
Tau required
   16     | -1305.3615272304 |   4.3175e-10   |    0.8069     |    0.1356
Density calculation took 0.362047s
Tau required
   17     | -1305.3615272304 |   1.5592e-10   |    0.8084     |    0.1358
Density calculation took 0.362289s
Tau required
   18     | -1305.3615272305 |   1.0786e-11   |    0.8072     |    0.1356
Created 522627 / 1742400 significant shell pairs
Created 402183 / 1322500 significant shell pairs
Total number of grid points: 289008 (5780 per atom)
One electron integrals and orthogonalizer took 0.031808s
Created 402183 / 1322500 significant shell pairs
3C integrals and B formation took 1.605761s
Iteration |      Energy      |  DIIS Metric   | Fock Time (s) | DIIS Time (s)
----------+------------------+----------------+---------------+--------------
Density calculation took 0.352782s
Tau required
    1     | -1313.6360164803 |   8.0847e+02   |    0.9265     |    0.1543
Density calculation took 0.370595s
Tau required
    2     | -1304.7229144934 |   2.3040e+00   |    0.8025     |    0.1329
Density calculation took 0.355794s
Tau required
    3     | -1304.4967526477 |   3.1075e+00   |    0.7869     |    0.1384
Density calculation took 0.355836s
Tau required
    4     | -1305.3223060623 |   1.6152e-01   |    0.7867     |    0.1336
Density calculation took 0.355923s
Tau required
    5     | -1305.3544586728 |   5.7854e-02   |    0.7881     |    0.1397
Density calculation took 0.355869s
Tau required
    6     | -1305.3700516335 |   2.4986e-03   |    0.7871     |    0.1346
Density calculation took 0.356108s
Tau required
    7     | -1305.3705279129 |   6.7445e-04   |    0.7872     |    0.1400
Density calculation took 0.355996s
Tau required
    8     | -1305.3706526446 |   2.5461e-04   |    0.7868     |    0.1354
Density calculation took 0.355810s
Tau required
    9     | -1305.3707204913 |   1.8186e-05   |    0.7884     |    0.1352
Density calculation took 0.356192s
Tau required
   10     | -1305.3707242612 |   5.8421e-06   |    0.7875     |    0.1351
Density calculation took 0.355723s
Tau required
   11     | -1305.3707259528 |   2.9804e-07   |    0.7874     |    0.1349
Density calculation took 0.356159s
Tau required
   12     | -1305.3707259973 |   1.4250e-07   |    0.7874     |    0.1350
Density calculation took 0.355818s
Tau required
   13     | -1305.3707260363 |   6.8271e-09   |    0.7873     |    0.1349
Density calculation took 0.356217s
Tau required
   14     | -1305.3707260373 |   3.1705e-09   |    0.7869     |    0.1351
Density calculation took 0.355867s
Tau required
   15     | -1305.3707260382 |   1.0429e-10   |    0.7883     |    0.1358
Density calculation took 0.356335s
Tau required
   16     | -1305.3707260382 |   2.4873e-10   |    0.7876     |    0.1357
Density calculation took 0.355954s
Tau required
   17     | -1305.3707260382 |   4.7307e-11   |    0.7874     |    0.1353
Created 536824 / 1774224 significant shell pairs
Created 414679 / 1350244 significant shell pairs
Total number of grid points: 299798 (5765 per atom)
One electron integrals and orthogonalizer took 0.033023s
Created 414679 / 1350244 significant shell pairs
3C integrals and B formation took 1.682168s
Iteration |      Energy      |  DIIS Metric   | Fock Time (s) | DIIS Time (s)
----------+------------------+----------------+---------------+--------------
Density calculation took 0.382988s
Tau required
    1     | -1314.5677127875 |   7.9827e+02   |    0.9565     |    0.1897
Density calculation took 0.386716s
Tau required
    2     | -1305.8355128173 |   2.4637e+00   |    0.8311     |    0.1375
Density calculation took 0.371852s
Tau required
    3     | -1305.5471164438 |   3.5395e+00   |    0.8152     |    0.1904
Density calculation took 0.372240s
Tau required
    4     | -1306.4830379643 |   1.3777e-01   |    0.8171     |    0.1368
Density calculation took 0.372983s
Tau required
    5     | -1306.5028526496 |   7.2513e-02   |    0.8175     |    0.1886
Density calculation took 0.372248s
Tau required
    6     | -1306.5224425655 |   6.7052e-03   |    0.8142     |    0.1390
Density calculation took 0.373243s
Tau required
    7     | -1306.5241107134 |   8.6180e-04   |    0.8177     |    0.1898
Density calculation took 0.372496s
Tau required
    8     | -1306.5243022700 |   2.2013e-04   |    0.8177     |    0.1405
Density calculation took 0.373014s
Tau required
    9     | -1306.5243613838 |   1.6246e-05   |    0.8181     |    0.1924
Density calculation took 0.372325s
Tau required
   10     | -1306.5243648402 |   5.3666e-06   |    0.8140     |    0.1449
Density calculation took 0.373064s
Tau required
   11     | -1306.5243662744 |   3.5387e-07   |    0.8191     |    0.1912
Density calculation took 0.372159s
Tau required
   12     | -1306.5243663172 |   1.8952e-07   |    0.8153     |    0.1389
Density calculation took 0.373363s
Tau required
   13     | -1306.5243663683 |   1.6219e-08   |    0.8167     |    0.1376
Density calculation took 0.372606s
Tau required
   14     | -1306.5243663703 |   8.7721e-09   |    0.8153     |    0.1378
Density calculation took 0.373379s
Tau required
   15     | -1306.5243663730 |   1.8400e-10   |    0.8174     |    0.1386
Density calculation took 0.372465s
Tau required
   16     | -1306.5243663729 |   5.1625e-10   |    0.8149     |    0.1436
Density calculation took 0.373407s
Tau required
   17     | -1306.5243663730 |   9.9524e-11   |    0.8171     |    0.1387
Created 548486 / 1774224 significant shell pairs
Created 423520 / 1350244 significant shell pairs
Total number of grid points: 300249 (5774 per atom)
One electron integrals and orthogonalizer took 0.038222s
Created 423520 / 1350244 significant shell pairs
3C integrals and B formation took 1.748579s
Iteration |      Energy      |  DIIS Metric   | Fock Time (s) | DIIS Time (s)
----------+------------------+----------------+---------------+--------------
Density calculation took 0.369362s
Tau required
    1     | -1314.5771097161 |   8.0159e+02   |    0.9576     |    0.1712
Density calculation took 0.387328s
Tau required
    2     | -1305.8313936604 |   2.4488e+00   |    0.8351     |    0.1895
Density calculation took 0.372373s
Tau required
    3     | -1305.5308031653 |   3.5726e+00   |    0.8176     |    0.1884
Density calculation took 0.372914s
Tau required
    4     | -1306.4697299990 |   1.6141e-01   |    0.8177     |    0.1897
Density calculation took 0.372302s
Tau required
    5     | -1306.4961697653 |   7.0450e-02   |    0.8171     |    0.1895
Density calculation took 0.373041s
Tau required
    6     | -1306.5139843040 |   1.0142e-02   |    0.8181     |    0.1897
Density calculation took 0.372945s
Tau required
    7     | -1306.5167180266 |   8.2036e-04   |    0.8199     |    0.1907
Density calculation took 0.373378s
Tau required
    8     | -1306.5168885466 |   2.6346e-04   |    0.8219     |    0.1394
Density calculation took 0.372787s
Tau required
    9     | -1306.5169579123 |   3.0131e-05   |    0.8183     |    0.1383
Density calculation took 0.373529s
Tau required
   10     | -1306.5169652991 |   5.8101e-06   |    0.8213     |    0.1380
Density calculation took 0.372963s
Tau required
   11     | -1306.5169666238 |   1.4073e-06   |    0.8184     |    0.1380
Density calculation took 0.373396s
Tau required
   12     | -1306.5169670162 |   2.0475e-07   |    0.8204     |    0.1392
Density calculation took 0.372880s
Tau required
   13     | -1306.5169670695 |   2.8639e-08   |    0.8179     |    0.1385
Density calculation took 0.373567s
Tau required
   14     | -1306.5169670747 |   9.8064e-09   |    0.8202     |    0.1381
Density calculation took 0.372849s
Tau required
   15     | -1306.5169670775 |   3.1895e-10   |    0.8179     |    0.1385
Density calculation took 0.373608s
Tau required
   16     | -1306.5169670773 |   9.7847e-10   |    0.8214     |    0.1389
Density calculation took 0.372917s
Tau required
   17     | -1306.5169670775 |   9.4169e-11   |    0.8191     |    0.1388
Created 528152 / 1774224 significant shell pairs
Created 408207 / 1350244 significant shell pairs
Total number of grid points: 300861 (5785 per atom)
One electron integrals and orthogonalizer took 0.033606s
Created 408207 / 1350244 significant shell pairs
3C integrals and B formation took 1.673816s
Iteration |      Energy      |  DIIS Metric   | Fock Time (s) | DIIS Time (s)
----------+------------------+----------------+---------------+--------------
Density calculation took 0.371608s
Tau required
    1     | -1314.5786347986 |   7.9888e+02   |    0.9493     |    0.1585
Density calculation took 0.386927s
Tau required
    2     | -1305.8422157871 |   2.4497e+00   |    0.8297     |    0.1419
Density calculation took 0.373267s
Tau required
    3     | -1305.5587054367 |   3.5248e+00   |    0.8149     |    0.1415
Density calculation took 0.372571s
Tau required
    4     | -1306.4927552603 |   1.2438e-01   |    0.8121     |    0.1417
Density calculation took 0.373677s
Tau required
    5     | -1306.5165733720 |   4.0370e-02   |    0.8159     |    0.1423
Density calculation took 0.372683s
Tau required
    6     | -1306.5267329433 |   2.6806e-03   |    0.8124     |    0.1426
Density calculation took 0.373308s
Tau required
    7     | -1306.5271710285 |   1.1353e-03   |    0.8166     |    0.1438
Density calculation took 0.372830s
Tau required
    8     | -1306.5274459816 |   2.9059e-04   |    0.8143     |    0.1416
Density calculation took 0.373496s
Tau required
    9     | -1306.5275306357 |   2.7793e-05   |    0.8156     |    0.1390
Density calculation took 0.372693s
Tau required
   10     | -1306.5275378893 |   4.8910e-06   |    0.8126     |    0.1391
Density calculation took 0.373634s
Tau required
   11     | -1306.5275391228 |   6.1791e-07   |    0.8146     |    0.1389
Density calculation took 0.372704s
Tau required
   12     | -1306.5275392635 |   1.4392e-07   |    0.8138     |    0.1380
Density calculation took 0.373534s
Tau required
   13     | -1306.5275393003 |   1.4863e-08   |    0.8153     |    0.1388
Density calculation took 0.372757s
Tau required
   14     | -1306.5275393029 |   5.8467e-09   |    0.8120     |    0.1390
Density calculation took 0.373688s
Tau required
   15     | -1306.5275393044 |   2.9579e-10   |    0.8150     |    0.1389
Density calculation took 0.372875s
Tau required
   16     | -1306.5275393043 |   7.4792e-10   |    0.8133     |    0.1391
Density calculation took 0.373716s
Tau required
   17     | -1306.5275393045 |   2.2280e-10   |    0.8147     |    0.1389
Density calculation took 0.372707s
Tau required
   18     | -1306.5275393045 |   1.6584e-11   |    0.8136     |    0.1396
Created 527424 / 1774224 significant shell pairs
Created 407272 / 1350244 significant shell pairs
Total number of grid points: 300384 (5776 per atom)
One electron integrals and orthogonalizer took 0.033318s
Created 407272 / 1350244 significant shell pairs
3C integrals and B formation took 1.674630s
Iteration |      Energy      |  DIIS Metric   | Fock Time (s) | DIIS Time (s)
----------+------------------+----------------+---------------+--------------
Density calculation took 0.365976s
Tau required
    1     | -1314.5876540831 |   8.0062e+02   |    0.9390     |    0.1717
Density calculation took 0.384056s
Tau required
    2     | -1305.8432040300 |   2.4623e+00   |    0.8094     |    0.1894
Density calculation took 0.368161s
Tau required
    3     | -1305.5612697579 |   3.5451e+00   |    0.7933     |    0.1889
Density calculation took 0.368164s
Tau required
    4     | -1306.5019350580 |   9.9443e-02   |    0.7901     |    0.1894
Density calculation took 0.368001s
Tau required
    5     | -1306.5176938343 |   4.6007e-02   |    0.7923     |    0.1898
Density calculation took 0.368484s
Tau required
    6     | -1306.5295594866 |   2.1615e-03   |    0.7922     |    0.1906
Density calculation took 0.368093s
Tau required
    7     | -1306.5299414346 |   7.8518e-04   |    0.7939     |    0.1905
Density calculation took 0.368571s
Tau required
    8     | -1306.5301379270 |   9.2346e-05   |    0.7918     |    0.1381
Density calculation took 0.368567s
Tau required
    9     | -1306.5301585440 |   1.9827e-05   |    0.7932     |    0.1439
Density calculation took 0.368615s
Tau required
   10     | -1306.5301634990 |   2.6830e-06   |    0.7902     |    0.1390
Density calculation took 0.368673s
Tau required
   11     | -1306.5301642057 |   2.0232e-07   |    0.7930     |    0.1390
Density calculation took 0.368743s
Tau required
   12     | -1306.5301642061 |   1.9924e-07   |    0.7901     |    0.1386
Density calculation took 0.368799s
Tau required
   13     | -1306.5301642631 |   7.1567e-09   |    0.7946     |    0.1390
Density calculation took 0.368744s
Tau required
   14     | -1306.5301642642 |   3.3770e-09   |    0.7912     |    0.1385
Density calculation took 0.368752s
Tau required
   15     | -1306.5301642651 |   6.5237e-11   |    0.7934     |    0.1412
Please cite the following papers for the methods used in this calculation:
 - J.L. Galvez Vallejo et. al., Toward an extreme-scale electronic structure system, J. Chem. Phys., 2023. DOI: 10.1063/5.0156399

 - R. Stocks, E. Palethorpe, and G.M.J. Barca, Multi-GPU RI-HF Energies and Analytic Gradients ─ Toward High-Throughput Ab Initio Molecular Dynamics, J. Chem. Theory Comput., 2024. DOI: 10.1021/acs.jctc.4c00877
   For:
     * RI-HF energy

 - S. Lehtola, C. Steigemann, M.J.T. Oliveira, and M.A.L. Marques, Recent developments in Libxc: A comprehensive library of functionals for density functional theory, SoftwareX, 2018. DOI: 10.1016/j.softx.2017.11.002
   For:
     * LibXC version 6.2.0

 - D.B. Williams-Young, W.A. de Jong, H.J.J. van Dam, and C. Yang, On the Efficient Evaluation of the Exchange Correlation Potential on Graphics Processing Unit Clusters, Frontiers in Chemistry, 2020. DOI: 10.3389/fchem.2020.581058
   For:
     * ExchCXX GPU implementation of exchange-correlation functionals

 - R. Stocks and G.M.J. Barca, Efficient Algorithms for GPU Accelerated Evaluation of the DFT Exchange-Correlation Functional, J. Chem. Theory Comput., 2025. DOI: 10.1021/acs.jctc.5c01229
   For:
     * GPU accelerated DFT exchange-correlation evaluation

 - A. D. Boese and N. C. Handy.,  J. Chem. Phys. 116, 9559 (2002) DOI: 10.1063/1.1476309
   For:
     * MGGA_X_TAU_HCTH XC Functional
     * GGA_C_TAU_HCTH XC Functional

[CRAYBLAS_WARNING] Application linked against multiple cray-libsci libraries
