Total number of grid points: 392029 (5765 per atom)
Density calculation took 0.677278s
Tau required
Density calculation took 0.648354s
Tau required
Density calculation took 0.631889s
Tau required
Density calculation took 0.631780s
Tau required
Density calculation took 0.632544s
Tau required
Density calculation took 0.632456s
Tau required
Density calculation took 0.632915s
Tau required
Density calculation took 0.632759s
Tau required
Density calculation took 0.632581s
Tau required
Density calculation took 0.633044s
Tau required
Density calculation took 0.632641s
Tau required
Density calculation took 0.632728s
Tau required
Density calculation took 0.632722s
Tau required
Density calculation took 0.632961s
Tau required
Density calculation took 0.632599s
Tau required
Density calculation took 0.632817s
Tau required
Total number of grid points: 392337 (5769 per atom)
Density calculation took 0.669043s
Tau required
Density calculation took 0.655217s
Tau required
Density calculation took 0.632236s
Tau required
Density calculation took 0.632825s
Tau required
Density calculation took 0.631938s
Tau required
Density calculation took 0.632717s
Tau required
Density calculation took 0.632284s
Tau required
Density calculation took 0.632922s
Tau required
Density calculation took 0.632478s
Tau required
Density calculation took 0.632967s
Tau required
Density calculation took 0.632332s
Tau required
Density calculation took 0.633465s
Tau required
Density calculation took 0.632741s
Tau required
Density calculation took 0.632984s
Tau required
Density calculation took 0.632855s
Tau required
Density calculation took 0.633386s
Tau required
Total number of grid points: 392381 (5770 per atom)
Density calculation took 0.694176s
Tau required
Density calculation took 0.651066s
Tau required
Density calculation took 0.629046s
Tau required
Density calculation took 0.630629s
Tau required
Density calculation took 0.630994s
Tau required
Density calculation took 0.630875s
Tau required
Density calculation took 0.630889s
Tau required
Density calculation took 0.630098s
Tau required
Density calculation took 0.631118s
Tau required
Density calculation took 0.631253s
Tau required
Density calculation took 0.631163s
Tau required
Density calculation took 0.630950s
Tau required
Density calculation took 0.630863s
Tau required
Density calculation took 0.630312s
Tau required
Density calculation took 0.630880s
Tau required
Density calculation took 0.630131s
Tau required
Density calculation took 0.630861s
Tau required
Total number of grid points: 392137 (5766 per atom)
Density calculation took 0.665662s
Tau required
Density calculation took 0.662757s
Tau required
Density calculation took 0.636988s
Tau required
Density calculation took 0.637263s
Tau required
Density calculation took 0.637790s
Tau required
Density calculation took 0.637379s
Tau required
Density calculation took 0.637270s
Tau required
Density calculation took 0.637933s
Tau required
Density calculation took 0.636930s
Tau required
Density calculation took 0.637452s
Tau required
Density calculation took 0.637544s
Tau required
Density calculation took 0.637005s
Tau required
Density calculation took 0.637629s
Tau required
Density calculation took 0.637902s
Tau required
Density calculation took 0.637869s
Tau required
Density calculation took 0.637432s
Tau required
Total number of grid points: 392611 (5773 per atom)
Density calculation took 0.700008s
Tau required
Density calculation took 0.654544s
Tau required
Density calculation took 0.633404s
Tau required
Density calculation took 0.633918s
Tau required
Density calculation took 0.633683s
Tau required
Density calculation took 0.633748s
Tau required
Density calculation took 0.633650s
Tau required
Density calculation took 0.633059s
Tau required
Density calculation took 0.633269s
Tau required
Density calculation took 0.633925s
Tau required
Density calculation took 0.633913s
Tau required
Density calculation took 0.633437s
Tau required
Density calculation took 0.633585s
Tau required
Density calculation took 0.633534s
Tau required
Density calculation took 0.633728s
Tau required
Density calculation took 0.633610s
Tau required
Total number of grid points: 392111 (5766 per atom)
Density calculation took 0.693200s
Tau required
Density calculation took 0.653862s
Tau required
Density calculation took 0.628547s
Tau required
Density calculation took 0.628398s
Tau required
Density calculation took 0.628432s
Tau required
Density calculation took 0.628160s
Tau required
Density calculation took 0.628869s
Tau required
Density calculation took 0.628171s
Tau required
Density calculation took 0.628963s
Tau required
Density calculation took 0.628557s
Tau required
Density calculation took 0.628611s
Tau required
Density calculation took 0.628244s
Tau required
Density calculation took 0.628602s
Tau required
Density calculation took 0.628332s
Tau required
Density calculation took 0.628213s
Tau required
Density calculation took 0.628561s
Tau required
Total number of grid points: 393110 (5781 per atom)
Density calculation took 0.701227s
Tau required
Density calculation took 0.663763s
Tau required
Density calculation took 0.636657s
Tau required
Density calculation took 0.637400s
Tau required
Density calculation took 0.637097s
Tau required
Density calculation took 0.637119s
Tau required
Density calculation took 0.636830s
Tau required
Density calculation took 0.637290s
Tau required
Density calculation took 0.637282s
Tau required
Density calculation took 0.637244s
Tau required
Density calculation took 0.636795s
Tau required
Density calculation took 0.636942s
Tau required
Density calculation took 0.637423s
Tau required
Density calculation took 0.636878s
Tau required
Density calculation took 0.637353s
Tau required
Total number of grid points: 392471 (5771 per atom)
Density calculation took 0.706351s
Tau required
Density calculation took 0.663909s
Tau required
Density calculation took 0.638058s
Tau required
Density calculation took 0.638407s
Tau required
Density calculation took 0.637567s
Tau required
Density calculation took 0.637664s
Tau required
Density calculation took 0.638157s
Tau required
Density calculation took 0.638032s
Tau required
Density calculation took 0.637909s
Tau required
Density calculation took 0.637943s
Tau required
Density calculation took 0.638025s
Tau required
Density calculation took 0.638039s
Tau required
Density calculation took 0.638090s
Tau required
Density calculation took 0.638133s
Tau required
Density calculation took 0.638009s
Tau required
Density calculation took 0.638318s
Tau required
Total number of grid points: 393108 (5781 per atom)
Density calculation took 0.668844s
Tau required
Density calculation took 0.654144s
Tau required
Density calculation took 0.624449s
Tau required
Density calculation took 0.624878s
Tau required
Density calculation took 0.625154s
Tau required
Density calculation took 0.624792s
Tau required
Density calculation took 0.624955s
Tau required
Density calculation took 0.624990s
Tau required
Density calculation took 0.625595s
Tau required
Density calculation took 0.624783s
Tau required
Density calculation took 0.625282s
Tau required
Density calculation took 0.624909s
Tau required
Density calculation took 0.624930s
Tau required
Density calculation took 0.624651s
Tau required
Density calculation took 0.625294s
Tau required
Density calculation took 0.624965s
Tau required
Total number of grid points: 392887 (5777 per atom)
Density calculation took 0.688924s
Tau required
Density calculation took 0.658572s
Tau required
Density calculation took 0.637632s
Tau required
Density calculation took 0.636385s
Tau required
Density calculation took 0.637907s
Tau required
Density calculation took 0.636373s
Tau required
Density calculation took 0.637726s
Tau required
Density calculation took 0.636124s
Tau required
Density calculation took 0.637241s
Tau required
Density calculation took 0.636351s
Tau required
Density calculation took 0.637477s
Tau required
Density calculation took 0.636730s
Tau required
Density calculation took 0.638153s
Tau required
Density calculation took 0.636400s
Tau required
Density calculation took 0.638001s
Tau required
Density calculation took 0.636679s
Tau required
Total number of grid points: 391972 (5764 per atom)
Density calculation took 0.706146s
Tau required
Density calculation took 0.664248s
Tau required
Density calculation took 0.633983s
Tau required
Density calculation took 0.633910s
Tau required
Density calculation took 0.633842s
Tau required
Density calculation took 0.633778s
Tau required
Density calculation took 0.633637s
Tau required
Density calculation took 0.633678s
Tau required
Density calculation took 0.633617s
Tau required
Density calculation took 0.634155s
Tau required
Density calculation took 0.633952s
Tau required
Density calculation took 0.633536s
Tau required
Density calculation took 0.633647s
Tau required
Density calculation took 0.633588s
Tau required
Density calculation took 0.633911s
Tau required
Density calculation took 0.633547s
Tau required
Total number of grid points: 392437 (5771 per atom)
Density calculation took 0.666785s
Tau required
Density calculation took 0.652309s
Tau required
Density calculation took 0.628889s
Tau required
Density calculation took 0.630114s
Tau required
Density calculation took 0.630986s
Tau required
Density calculation took 0.631265s
Tau required
Density calculation took 0.631177s
Tau required
Density calculation took 0.630546s
Tau required
Density calculation took 0.631377s
Tau required
Density calculation took 0.631664s
Tau required
Density calculation took 0.631533s
Tau required
Density calculation took 0.631386s
Tau required
Density calculation took 0.631369s
Tau required
Density calculation took 0.630904s
Tau required
Density calculation took 0.631602s
Tau required
Density calculation took 0.631368s
Tau required
Total number of grid points: 392718 (5775 per atom)
Density calculation took 0.706609s
Tau required
Density calculation took 0.655096s
Tau required
Density calculation took 0.632297s
Tau required
Density calculation took 0.631384s
Tau required
Density calculation took 0.631428s
Tau required
Density calculation took 0.631880s
Tau required
Density calculation took 0.632091s
Tau required
Density calculation took 0.630932s
Tau required
Density calculation took 0.632372s
Tau required
Density calculation took 0.632371s
Tau required
Density calculation took 0.632327s
Tau required
Density calculation took 0.632251s
Tau required
Density calculation took 0.631624s
Tau required
Density calculation took 0.631043s
Tau required
Density calculation took 0.631976s
Tau required
Density calculation took 0.632394s
Tau required
Total number of grid points: 393073 (5780 per atom)
Density calculation took 0.692607s
Tau required
Density calculation took 0.654106s
Tau required
Density calculation took 0.628421s
Tau required
Density calculation took 0.631933s
Tau required
Density calculation took 0.632153s
Tau required
Density calculation took 0.630990s
Tau required
Density calculation took 0.631685s
Tau required
Density calculation took 0.631472s
Tau required
Density calculation took 0.631340s
Tau required
Density calculation took 0.631596s
Tau required
Density calculation took 0.631319s
Tau required
Density calculation took 0.632183s
Tau required
Density calculation took 0.631961s
Tau required
Density calculation took 0.631911s
Tau required
Density calculation took 0.631477s
Tau required
Density calculation took 0.632049s
Tau required
Total number of grid points: 393192 (5782 per atom)
Density calculation took 0.667438s
Tau required
Density calculation took 0.654253s
Tau required
Density calculation took 0.628626s
Tau required
Density calculation took 0.628630s
Tau required
Density calculation took 0.629220s
Tau required
Density calculation took 0.629036s
Tau required
Density calculation took 0.629209s
Tau required
Density calculation took 0.629186s
Tau required
Density calculation took 0.629433s
Tau required
Density calculation took 0.629163s
Tau required
Density calculation took 0.629686s
Tau required
Density calculation took 0.629436s
Tau required
Density calculation took 0.629568s
Tau required
Density calculation took 0.629322s
Tau required
Density calculation took 0.629290s
Tau required
Density calculation took 0.629330s
Tau required
Total number of grid points: 393148 (5781 per atom)
Density calculation took 0.686255s
Tau required
Density calculation took 0.656361s
Tau required
Density calculation took 0.635446s
Tau required
Density calculation took 0.636317s
Tau required
Density calculation took 0.635875s
Tau required
Density calculation took 0.636538s
Tau required
Density calculation took 0.636368s
Tau required
Density calculation took 0.635991s
Tau required
Density calculation took 0.635615s
Tau required
Density calculation took 0.636526s
Tau required
Density calculation took 0.635937s
Tau required
Density calculation took 0.636137s
Tau required
Density calculation took 0.636079s
Tau required
Density calculation took 0.636141s
Tau required
Density calculation took 0.635723s
Tau required
Density calculation took 0.635864s
Tau required
Total number of grid points: 392454 (5771 per atom)
Density calculation took 0.663373s
Tau required
Density calculation took 0.653721s
Tau required
Density calculation took 0.633201s
Tau required
Density calculation took 0.632652s
Tau required
Density calculation took 0.633385s
Tau required
Density calculation took 0.633209s
Tau required
Density calculation took 0.633226s
Tau required
Density calculation took 0.633119s
Tau required
Density calculation took 0.633583s
Tau required
Density calculation took 0.632800s
Tau required
Density calculation took 0.633571s
Tau required
Density calculation took 0.632859s
Tau required
Density calculation took 0.633467s
Tau required
Density calculation took 0.632510s
Tau required
Density calculation took 0.632877s
Tau required
Density calculation took 0.633430s
Tau required
Total number of grid points: 392246 (5768 per atom)
Density calculation took 0.697485s
Tau required
Density calculation took 0.659658s
Tau required
Density calculation took 0.631251s
Tau required
Density calculation took 0.631608s
Tau required
Density calculation took 0.632486s
Tau required
Density calculation took 0.632391s
Tau required
Density calculation took 0.631151s
Tau required
Density calculation took 0.632343s
Tau required
Density calculation took 0.631114s
Tau required
Density calculation took 0.631997s
Tau required
Density calculation took 0.631900s
Tau required
Density calculation took 0.632922s
Tau required
Density calculation took 0.631413s
Tau required
Density calculation took 0.631556s
Tau required
Density calculation took 0.630803s
Tau required
Density calculation took 0.631889s
Tau required
Total number of grid points: 392082 (5765 per atom)
Density calculation took 0.694873s
Tau required
Density calculation took 0.656904s
Tau required
Density calculation took 0.632988s
Tau required
Density calculation took 0.632719s
Tau required
Density calculation took 0.633015s
Tau required
Density calculation took 0.633690s
Tau required
Density calculation took 0.633311s
Tau required
Density calculation took 0.633425s
Tau required
Density calculation took 0.633471s
Tau required
Density calculation took 0.633125s
Tau required
Density calculation took 0.633121s
Tau required
Density calculation took 0.632914s
Tau required
Density calculation took 0.633110s
Tau required
Density calculation took 0.633301s
Tau required
Density calculation took 0.632934s
Tau required
Density calculation took 0.633409s
Tau required
Total number of grid points: 391934 (5763 per atom)
Density calculation took 0.669592s
Tau required
Density calculation took 0.657062s
Tau required
Density calculation took 0.633742s
Tau required
Density calculation took 0.634821s
Tau required
Density calculation took 0.634118s
Tau required
Density calculation took 0.633898s
Tau required
Density calculation took 0.634255s
Tau required
Density calculation took 0.634526s
Tau required
Density calculation took 0.633573s
Tau required
Density calculation took 0.634606s
Tau required
Density calculation took 0.633576s
Tau required
Density calculation took 0.634410s
Tau required
Density calculation took 0.634309s
Tau required
Density calculation took 0.634388s
Tau required
Density calculation took 0.633745s
Tau required
Density calculation took 0.634381s
Tau required
[CRAYBLAS_WARNING] Application linked against multiple cray-libsci libraries
====
            Individual Calculation Summary             
=======================================================
HF Energy: -1690.8892075415437830
=======================================================


Topology 8 time: 31.831404 s, performance: SP: 0 FLOP/s, DP: 33.12 TFLOP/s
JSON file written to: json_logs/lustre_orion_chm213_scratch_ryan_dhdft_inputs_exess_exess_inputs_r2SCAN_def2-TZVP_isomers_29580-29599_topology_8.json
************************************************************
**************** Running topology 10 of 20 *****************
************************************************************

************************************************************
***** Beginning RI-MGGA_X_R2SCAN+MGGA_C_R2SCAN energy ******
************************************************************

=======================================================
      MGGA_X_R2SCAN+MGGA_C_R2SCAN Energy Results       
=======================================================
E MGGA_X_R2SCAN+MGGA_C_R2SCAN: -1690.89476298
Nuclear Repulsion Energy: 4577.31206075
Electronic Energy:        -6020.58716862
XC Energy:                -247.619655
Converged:                1
# of SCF iterations:      16
SCF Time:                 31.691s

=======================================================
            Individual Calculation Summary             
=======================================================
HF Energy: -1690.8947629819454050
=======================================================


Topology 9 time: 31.901913 s, performance: SP: 0 FLOP/s, DP: 33.03 TFLOP/s
JSON file written to: json_logs/lustre_orion_chm213_scratch_ryan_dhdft_inputs_exess_exess_inputs_r2SCAN_def2-TZVP_isomers_29580-29599_topology_9.json
************************************************************
**************** Running topology 11 of 20 *****************
************************************************************

************************************************************
***** Beginning RI-MGGA_X_R2SCAN+MGGA_C_R2SCAN energy ******
************************************************************

=======================================================
      MGGA_X_R2SCAN+MGGA_C_R2SCAN Energy Results       
=======================================================
E MGGA_X_R2SCAN+MGGA_C_R2SCAN: -1690.89472097
Nuclear Repulsion Energy: 4572.11074396
Electronic Energy:        -6015.38358125
XC Energy:                -247.621884
Converged:                1
# of SCF iterations:      16
SCF Time:                 31.767s

=======================================================
            Individual Calculation Summary             
=======================================================
HF Energy: -1690.8947209725035918
=======================================================


Topology 10 time: 31.978818 s, performance: SP: 0 FLOP/s, DP: 32.98 TFLOP/s
JSON file written to: json_logs/lustre_orion_chm213_scratch_ryan_dhdft_inputs_exess_exess_inputs_r2SCAN_def2-TZVP_isomers_29580-29599_topology_10.json
************************************************************
**************** Running topology 12 of 20 *****************
************************************************************

************************************************************
***** Beginning RI-MGGA_X_R2SCAN+MGGA_C_R2SCAN energy ******
************************************************************

=======================================================
      MGGA_X_R2SCAN+MGGA_C_R2SCAN Energy Results       
=======================================================
E MGGA_X_R2SCAN+MGGA_C_R2SCAN: -1690.89279684
Nuclear Repulsion Energy: 4524.53833196
Electronic Energy:        -5967.81405262
XC Energy:                -247.617076
Converged:                1
# of SCF iterations:      16
SCF Time:                 31.618s

=======================================================
            Individual Calculation Summary             
=======================================================
HF Energy: -1690.8927968399580095
=======================================================


Topology 11 time: 31.826703 s, performance: SP: 0 FLOP/s, DP: 33.12 TFLOP/s
JSON file written to: json_logs/lustre_orion_chm213_scratch_ryan_dhdft_inputs_exess_exess_inputs_r2SCAN_def2-TZVP_isomers_29580-29599_topology_11.json
************************************************************
**************** Running topology 13 of 20 *****************
************************************************************

************************************************************
***** Beginning RI-MGGA_X_R2SCAN+MGGA_C_R2SCAN energy ******
************************************************************

=======================================================
      MGGA_X_R2SCAN+MGGA_C_R2SCAN Energy Results       
=======================================================
E MGGA_X_R2SCAN+MGGA_C_R2SCAN: -1690.89376283
Nuclear Repulsion Energy: 4554.63350693
Electronic Energy:        -5997.90987427
XC Energy:                -247.617395
Converged:                1
# of SCF iterations:      16
SCF Time:                 31.572s

=======================================================
            Individual Calculation Summary             
=======================================================
HF Energy: -1690.8937628299636344
=======================================================


Topology 12 time: 31.782168 s, performance: SP: 0 FLOP/s, DP: 33.16 TFLOP/s
JSON file written to: json_logs/lustre_orion_chm213_scratch_ryan_dhdft_inputs_exess_exess_inputs_r2SCAN_def2-TZVP_isomers_29580-29599_topology_12.json
************************************************************
**************** Running topology 14 of 20 *****************
************************************************************

************************************************************
***** Beginning RI-MGGA_X_R2SCAN+MGGA_C_R2SCAN energy ******
************************************************************

=======================================================
      MGGA_X_R2SCAN+MGGA_C_R2SCAN Energy Results       
=======================================================
E MGGA_X_R2SCAN+MGGA_C_R2SCAN: -1690.89532845
Nuclear Repulsion Energy: 4607.78208863
Electronic Energy:        -6051.05617751
XC Energy:                -247.621240
Converged:                1
# of SCF iterations:      16
SCF Time:                 31.739s

=======================================================
            Individual Calculation Summary             
=======================================================
HF Energy: -1690.8953284463682394
=======================================================


Topology 13 time: 31.954429 s, performance: SP: 0 FLOP/s, DP: 32.96 TFLOP/s
JSON file written to: json_logs/lustre_orion_chm213_scratch_ryan_dhdft_inputs_exess_exess_inputs_r2SCAN_def2-TZVP_isomers_29580-29599_topology_13.json
************************************************************
**************** Running topology 15 of 20 *****************
************************************************************

************************************************************
***** Beginning RI-MGGA_X_R2SCAN+MGGA_C_R2SCAN energy ******
************************************************************

=======================================================
      MGGA_X_R2SCAN+MGGA_C_R2SCAN Energy Results       
=======================================================
E MGGA_X_R2SCAN+MGGA_C_R2SCAN: -1690.88622591
Nuclear Repulsion Energy: 4605.38990039
Electronic Energy:        -6048.65755463
XC Energy:                -247.618572
Converged:                1
# of SCF iterations:      16
SCF Time:                 31.467s

=======================================================
            Individual Calculation Summary             
=======================================================
HF Energy: -1690.8862259075849579
=======================================================


Topology 14 time: 31.682022 s, performance: SP: 0 FLOP/s, DP: 33.23 TFLOP/s
JSON file written to: json_logs/lustre_orion_chm213_scratch_ryan_dhdft_inputs_exess_exess_inputs_r2SCAN_def2-TZVP_isomers_29580-29599_topology_14.json
************************************************************
**************** Running topology 16 of 20 *****************
************************************************************

************************************************************
***** Beginning RI-MGGA_X_R2SCAN+MGGA_C_R2SCAN energy ******
************************************************************

=======================================================
      MGGA_X_R2SCAN+MGGA_C_R2SCAN Energy Results       
=======================================================
E MGGA_X_R2SCAN+MGGA_C_R2SCAN: -1690.88676165
Nuclear Repulsion Energy: 4579.56264862
Electronic Energy:        -6022.83061232
XC Energy:                -247.618798
Converged:                1
# of SCF iterations:      16
SCF Time:                 31.971s

=======================================================
            Individual Calculation Summary             
=======================================================
HF Energy: -1690.8867616530581017
=======================================================


Topology 15 time: 32.181882 s, performance: SP: 0 FLOP/s, DP: 32.73 TFLOP/s
JSON file written to: json_logs/lustre_orion_chm213_scratch_ryan_dhdft_inputs_exess_exess_inputs_r2SCAN_def2-TZVP_isomers_29580-29599_topology_15.json
************************************************************
**************** Running topology 17 of 20 *****************
************************************************************

************************************************************
***** Beginning RI-MGGA_X_R2SCAN+MGGA_C_R2SCAN energy ******
************************************************************

=======================================================
      MGGA_X_R2SCAN+MGGA_C_R2SCAN Energy Results       
=======================================================
E MGGA_X_R2SCAN+MGGA_C_R2SCAN: -1690.88264555
Nuclear Repulsion Energy: 4582.57105892
Electronic Energy:        -6025.8369278
XC Energy:                -247.616777
Converged:                1
# of SCF iterations:      16
SCF Time:                 31.784s

=======================================================
            Individual Calculation Summary             
=======================================================
HF Energy: -1690.8826455534294837
=======================================================


Topology 16 time: 31.998056 s, performance: SP: 0 FLOP/s, DP: 32.91 TFLOP/s
JSON file written to: json_logs/lustre_orion_chm213_scratch_ryan_dhdft_inputs_exess_exess_inputs_r2SCAN_def2-TZVP_isomers_29580-29599_topology_16.json
************************************************************
**************** Running topology 18 of 20 *****************
************************************************************

************************************************************
***** Beginning RI-MGGA_X_R2SCAN+MGGA_C_R2SCAN energy ******
************************************************************

=======================================================
      MGGA_X_R2SCAN+MGGA_C_R2SCAN Energy Results       
=======================================================
E MGGA_X_R2SCAN+MGGA_C_R2SCAN: -1690.88441992
Nuclear Repulsion Energy: 4578.96803008
Electronic Energy:        -6022.23359421
XC Energy:                -247.618856
Converged:                1
# of SCF iterations:      16
SCF Time:                 31.911s

=======================================================
            Individual Calculation Summary             
=======================================================
HF Energy: -1690.8844199174855021
=======================================================


Topology 17 time: 32.123314 s, performance: SP: 0 FLOP/s, DP: 32.81 TFLOP/s
JSON file written to: json_logs/lustre_orion_chm213_scratch_ryan_dhdft_inputs_exess_exess_inputs_r2SCAN_def2-TZVP_isomers_29580-29599_topology_17.json
************************************************************
**************** Running topology 19 of 20 *****************
************************************************************

************************************************************
***** Beginning RI-MGGA_X_R2SCAN+MGGA_C_R2SCAN energy ******
************************************************************

=======================================================
      MGGA_X_R2SCAN+MGGA_C_R2SCAN Energy Results       
=======================================================
E MGGA_X_R2SCAN+MGGA_C_R2SCAN: -1690.88677558
Nuclear Repulsion Energy: 4596.70152285
Electronic Energy:        -6039.96876975
XC Energy:                -247.619529
Converged:                1
# of SCF iterations:      16
SCF Time:                 31.879s

=======================================================
            Individual Calculation Summary             
=======================================================
HF Energy: -1690.8867755816577301
=======================================================


Topology 18 time: 32.092450 s, performance: SP: 0 FLOP/s, DP: 32.82 TFLOP/s
JSON file written to: json_logs/lustre_orion_chm213_scratch_ryan_dhdft_inputs_exess_exess_inputs_r2SCAN_def2-TZVP_isomers_29580-29599_topology_18.json
************************************************************
**************** Running topology 20 of 20 *****************
************************************************************

************************************************************
***** Beginning RI-MGGA_X_R2SCAN+MGGA_C_R2SCAN energy ******
************************************************************

=======================================================
      MGGA_X_R2SCAN+MGGA_C_R2SCAN Energy Results       
=======================================================
E MGGA_X_R2SCAN+MGGA_C_R2SCAN: -1690.88933636
Nuclear Repulsion Energy: 4718.64513397
Electronic Energy:        -6161.90870521
XC Energy:                -247.625765
Converged:                1
# of SCF iterations:      16
SCF Time:                 32.059s

=======================================================
            Individual Calculation Summary             
=======================================================
HF Energy: -1690.8893363576084994
=======================================================


Topology 19 time: 32.281770 s, performance: SP: 0 FLOP/s, DP: 32.56 TFLOP/s
JSON file written to: json_logs/lustre_orion_chm213_scratch_ryan_dhdft_inputs_exess_exess_inputs_r2SCAN_def2-TZVP_isomers_29580-29599_topology_19.json
Total flops: SP: 0 FLOPS, DP: 21.07605 PFLOPS
Performance: SP: 0 FLOP/s, DP: 32.47 TFLOP/s

Now, a word from our sponsors... 
 Who's gonna carry the boats and the logs! (David Goggins)

[31mTotal processing time 649.332957 seconds[0m
[CRAYBLAS_WARNING] Application linked against multiple cray-libsci libraries
27
Created 726117 / 2985984 significant shell pairs
Created 564448 / 2274064 significant shell pairs
Total number of grid points: 391888 (5763 per atom)
One electron integrals and orthogonalizer took 0.052650s
Created 564448 / 2274064 significant shell pairs
3C integrals and B formation took 2.157443s
Iteration |      Energy      |  DIIS Metric   | Fock Time (s) | DIIS Time (s)
----------+------------------+----------------+---------------+--------------
Density calculation took 0.658254s
Tau required
    1     | -1701.7820657144 |   1.0531e+03   |    1.7542     |    0.2937
Density calculation took 0.649886s
Tau required
    2     | -1690.1429125588 |   2.6907e+00   |    1.5866     |    0.2572
Density calculation took 0.624251s
Tau required
    3     | -1690.0098569385 |   3.3379e+00   |    1.5439     |    0.2683
Density calculation took 0.625738s
Tau required
    4     | -1690.8460680053 |   1.6625e-01   |    1.5505     |    0.2588
Density calculation took 0.626363s
Tau required
    5     | -1690.8737633072 |   7.0910e-02   |    1.5452     |    0.2712
Density calculation took 0.624581s
Tau required
    6     | -1690.8936101443 |   5.9930e-03   |    1.5483     |    0.2612
Density calculation took 0.625156s
Tau required
    7     | -1690.8950912496 |   7.5537e-04   |    1.5415     |    0.2710
Density calculation took 0.625428s
Tau required
    8     | -1690.8952371646 |   3.1488e-04   |    1.5499     |    0.2638
Density calculation took 0.625835s
Tau required
    9     | -1690.8953238133 |   1.6043e-05   |    1.5414     |    0.2624
Density calculation took 0.626305s
Tau required
   10     | -1690.8953274405 |   3.4788e-06   |    1.5463     |    0.2627
Density calculation took 0.625984s
Tau required
   11     | -1690.8953282343 |   7.2564e-07   |    1.5447     |    0.2635
Density calculation took 0.626331s
Tau required
   12     | -1690.8953284356 |   3.6572e-08   |    1.5465     |    0.2637
Density calculation took 0.626009s
Tau required
   13     | -1690.8953284386 |   2.6156e-08   |    1.5458     |    0.2628
Density calculation took 0.625918s
Tau required
   14     | -1690.8953284460 |   1.3465e-09   |    1.5485     |    0.2626
Density calculation took 0.626185s
Tau required
   15     | -1690.8953284463 |   3.7856e-10   |    1.5456     |    0.2641
Density calculation took 0.626225s
Tau required
   16     | -1690.8953284464 |   5.8841e-11   |    1.5468     |    0.2633
Created 719376 / 2985984 significant shell pairs
Created 559434 / 2274064 significant shell pairs
Total number of grid points: 393260 (5783 per atom)
One electron integrals and orthogonalizer took 0.052384s
Created 559434 / 2274064 significant shell pairs
3C integrals and B formation took 2.159765s
Iteration |      Energy      |  DIIS Metric   | Fock Time (s) | DIIS Time (s)
----------+------------------+----------------+---------------+--------------
Density calculation took 0.652818s
Tau required
    1     | -1701.7742617138 |   1.0535e+03   |    1.7294     |    0.2942
Density calculation took 0.643463s
Tau required
    2     | -1690.1346053983 |   2.6802e+00   |    1.5578     |    0.2590
Density calculation took 0.620542s
Tau required
    3     | -1690.0084407122 |   3.3001e+00   |    1.5299     |    0.2669
Density calculation took 0.621642s
Tau required
    4     | -1690.8410784920 |   1.5115e-01   |    1.5320     |    0.2611
Density calculation took 0.621363s
Tau required
    5     | -1690.8644318579 |   6.8971e-02   |    1.5317     |    0.2692
Density calculation took 0.620995s
Tau required
    6     | -1690.8845768981 |   5.7186e-03   |    1.5316     |    0.2621
Density calculation took 0.620928s
Tau required
    7     | -1690.8860036131 |   7.3149e-04   |    1.5318     |    0.2693
Density calculation took 0.621724s
Tau required
    8     | -1690.8861342185 |   3.2524e-04   |    1.5289     |    0.2619
Density calculation took 0.621092s
Tau required
    9     | -1690.8862190587 |   2.3758e-05   |    1.5348     |    0.2623
Density calculation took 0.621353s
Tau required
   10     | -1690.8862247705 |   3.9648e-06   |    1.5311     |    0.2604
Density calculation took 0.621262s
Tau required
   11     | -1690.8862256824 |   7.5969e-07   |    1.5319     |    0.2605
Density calculation took 0.621036s
Tau required
   12     | -1690.8862258940 |   4.5359e-08   |    1.5300     |    0.2604
Density calculation took 0.620919s
Tau required
   13     | -1690.8862258995 |   2.9279e-08   |    1.5317     |    0.2626
Density calculation took 0.621246s
Tau required
   14     | -1690.8862259074 |   7.5946e-10   |    1.5306     |    0.2628
Density calculation took 0.621330s
Tau required
   15     | -1690.8862259075 |   2.6447e-10   |    1.5303     |    0.2643
Density calculation took 0.621499s
Tau required
   16     | -1690.8862259076 |   4.6207e-11   |    1.5284     |    0.2624
Created 710659 / 2985984 significant shell pairs
Created 552283 / 2274064 significant shell pairs
Total number of grid points: 393066 (5780 per atom)
One electron integrals and orthogonalizer took 0.052621s
Created 552283 / 2274064 significant shell pairs
3C integrals and B formation took 2.138196s
Iteration |      Energy      |  DIIS Metric   | Fock Time (s) | DIIS Time (s)
----------+------------------+----------------+---------------+--------------
Density calculation took 0.694945s
Tau required
    1     | -1701.7749342847 |   1.0534e+03   |    1.7776     |    0.2939
Density calculation took 0.650917s
Tau required
    2     | -1690.1364603748 |   2.6742e+00   |    1.5977     |    0.2580
Density calculation took 0.627411s
Tau required
    3     | -1690.0184189223 |   3.2700e+00   |    1.5616     |    0.2687
Density calculation took 0.627188s
Tau required
    4     | -1690.8501266422 |   1.2899e-01   |    1.5642     |    0.2589
Density calculation took 0.626773s
Tau required
    5     | -1690.8719483286 |   4.9620e-02   |    1.5604     |    0.2682
Density calculation took 0.626571s
Tau required
    6     | -1690.8855875089 |   4.3255e-03   |    1.5649     |    0.2609
Density calculation took 0.625940s
Tau required
    7     | -1690.8866257145 |   4.6859e-04   |    1.5596     |    0.2694
Density calculation took 0.626399s
Tau required
    8     | -1690.8866883722 |   2.4041e-04   |    1.5626     |    0.2610
Density calculation took 0.625821s
Tau required
    9     | -1690.8867561389 |   1.7549e-05   |    1.5593     |    0.2676
Density calculation took 0.627296s
Tau required
   10     | -1690.8867605998 |   3.6036e-06   |    1.5637     |    0.2614
Density calculation took 0.625815s
Tau required
   11     | -1690.8867615197 |   4.5347e-07   |    1.5597     |    0.2614
Density calculation took 0.627667s
Tau required
   12     | -1690.8867616364 |   5.3821e-08   |    1.5638     |    0.2617
Density calculation took 0.626719s
Tau required
   13     | -1690.8867616429 |   3.4642e-08   |    1.5613     |    0.2617
Density calculation took 0.628314s
Tau required
   14     | -1690.8867616527 |   1.1436e-09   |    1.5642     |    0.2622
Density calculation took 0.626920s
Tau required
   15     | -1690.8867616530 |   2.8230e-10   |    1.5599     |    0.2627
Density calculation took 0.627407s
Tau required
   16     | -1690.8867616531 |   4.6601e-11   |    1.5633     |    0.2634
Created 712875 / 2985984 significant shell pairs
Created 553819 / 2274064 significant shell pairs
Total number of grid points: 392291 (5768 per atom)
One electron integrals and orthogonalizer took 0.052790s
Created 553819 / 2274064 significant shell pairs
3C integrals and B formation took 2.152110s
Iteration |      Energy      |  DIIS Metric   | Fock Time (s) | DIIS Time (s)
----------+------------------+----------------+---------------+--------------
Density calculation took 0.669260s
Tau required
    1     | -1701.7719895570 |   1.0530e+03   |    1.7388     |    0.2959
Density calculation took 0.647493s
Tau required
    2     | -1690.1327795895 |   2.6743e+00   |    1.5881     |    0.2571
Density calculation took 0.627153s
Tau required
    3     | -1690.0135606075 |   3.2793e+00   |    1.5520     |    0.2686
Density calculation took 0.627109s
Tau required
    4     | -1690.8453430332 |   1.3245e-01   |    1.5493     |    0.2609
Density calculation took 0.626524s
Tau required
    5     | -1690.8662792899 |   5.4687e-02   |    1.5526     |    0.2696
Density calculation took 0.627100s
Tau required
    6     | -1690.8810262520 |   5.6499e-03   |    1.5501     |    0.2619
Density calculation took 0.626836s
Tau required
    7     | -1690.8824666532 |   5.6025e-04   |    1.5529     |    0.2708
Density calculation took 0.626980s
Tau required
    8     | -1690.8825610936 |   2.6564e-04   |    1.5498     |    0.2607
Density calculation took 0.627016s
Tau required
    9     | -1690.8826390392 |   2.1198e-05   |    1.5542     |    0.2623
Density calculation took 0.627262s
Tau required
   10     | -1690.8826444398 |   3.8805e-06   |    1.5485     |    0.2638
Density calculation took 0.627602s
Tau required
   11     | -1690.8826454084 |   4.9707e-07   |    1.5528     |    0.2618
Density calculation took 0.627574s
Tau required
   12     | -1690.8826455409 |   4.0676e-08   |    1.5494     |    0.2619
Density calculation took 0.627124s
Tau required
   13     | -1690.8826455440 |   3.2986e-08   |    1.5509     |    0.2612
Density calculation took 0.627336s
Tau required
   14     | -1690.8826455531 |   1.1985e-09   |    1.5485     |    0.2632
Density calculation took 0.626818s
Tau required
   15     | -1690.8826455534 |   2.9928e-10   |    1.5528     |    0.2622
Density calculation took 0.627675s
Tau required
   16     | -1690.8826455534 |   6.5043e-11   |    1.5509     |    0.2629
Created 709978 / 2985984 significant shell pairs
Created 551995 / 2274064 significant shell pairs
Total number of grid points: 391652 (5759 per atom)
One electron integrals and orthogonalizer took 0.053062s
Created 551995 / 2274064 significant shell pairs
3C integrals and B formation took 2.142146s
Iteration |      Energy      |  DIIS Metric   | Fock Time (s) | DIIS Time (s)
----------+------------------+----------------+---------------+--------------
Density calculation took 0.686780s
Tau required
    1     | -1701.7744200352 |   1.0528e+03   |    1.7620     |    0.2938
Density calculation took 0.643450s
Tau required
    2     | -1690.1361492553 |   2.6720e+00   |    1.6035     |    0.2582
Density calculation took 0.619491s
Tau required
    3     | -1690.0196784927 |   3.2942e+00   |    1.5575     |    0.2679
Density calculation took 0.620742s
Tau required
    4     | -1690.8564533135 |   1.0458e-01   |    1.5561     |    0.2621
Density calculation took 0.619837s
Tau required
    5     | -1690.8712508563 |   4.2508e-02   |    1.5577     |    0.2704
Density calculation took 0.619706s
Tau required
    6     | -1690.8828345339 |   5.5093e-03   |    1.5556     |    0.2612
Density calculation took 0.619447s
Tau required
    7     | -1690.8843338789 |   3.1868e-04   |    1.5581     |    0.2724
Density calculation took 0.619766s
Tau required
    8     | -1690.8843912135 |   1.0422e-04   |    1.5569     |    0.2640
Density calculation took 0.620817s
Tau required
    9     | -1690.8844167830 |   1.0866e-05   |    1.5572     |    0.2624
Density calculation took 0.620722s
Tau required
   10     | -1690.8844185802 |   4.1493e-06   |    1.5579     |    0.2623
Density calculation took 0.620537s
Tau required
   11     | -1690.8844197562 |   5.1637e-07   |    1.5558     |    0.2631
Density calculation took 0.620908s
Tau required
   12     | -1690.8844199065 |   3.7256e-08   |    1.5564     |    0.2638
Density calculation took 0.621001s
Tau required
   13     | -1690.8844199127 |   1.7269e-08   |    1.5582     |    0.2628
Density calculation took 0.620829s
Tau required
   14     | -1690.8844199173 |   8.4837e-10   |    1.5575     |    0.2629
Density calculation took 0.620826s
Tau required
   15     | -1690.8844199174 |   3.2854e-10   |    1.5579     |    0.2646
Density calculation took 0.620589s
Tau required
   16     | -1690.8844199175 |   7.5738e-11   |    1.5556     |    0.2638
Created 718596 / 2985984 significant shell pairs
Created 558539 / 2274064 significant shell pairs
Total number of grid points: 393110 (5781 per atom)
One electron integrals and orthogonalizer took 0.052353s
Created 558539 / 2274064 significant shell pairs
3C integrals and B formation took 2.171271s
Iteration |      Energy      |  DIIS Metric   | Fock Time (s) | DIIS Time (s)
----------+------------------+----------------+---------------+--------------
Density calculation took 0.660826s
Tau required
    1     | -1701.7762688923 |   1.0537e+03   |    1.7618     |    0.2948
Density calculation took 0.649046s
Tau required
    2     | -1690.1354674210 |   2.6796e+00   |    1.5920     |    0.2604
Density calculation took 0.627067s
Tau required
    3     | -1690.0119178355 |   3.2939e+00   |    1.5534     |    0.2673
Density calculation took 0.627038s
Tau required
    4     | -1690.8439954445 |   1.4607e-01   |    1.5551     |    0.2597
Density calculation took 0.627284s
Tau required
    5     | -1690.8654513001 |   6.8555e-02   |    1.5538     |    0.2715
Density calculation took 0.627507s
Tau required
    6     | -1690.8850559857 |   5.9495e-03   |    1.5527     |    0.2621
Density calculation took 0.626800s
Tau required
    7     | -1690.8866098280 |   5.3647e-04   |    1.5535     |    0.2720
Density calculation took 0.627116s
Tau required
    8     | -1690.8867042119 |   2.4610e-04   |    1.5552     |    0.2640
Density calculation took 0.627183s
Tau required
    9     | -1690.8867706109 |   1.7202e-05   |    1.5532     |    0.2634
Density calculation took 0.627004s
Tau required
   10     | -1690.8867745463 |   3.6071e-06   |    1.5518     |    0.2631
Density calculation took 0.627189s
Tau required
   11     | -1690.8867754042 |   6.0134e-07   |    1.5520     |    0.2633
Density calculation took 0.627127s
Tau required
   12     | -1690.8867755700 |   3.9995e-08   |    1.5546     |    0.2648
Density calculation took 0.627496s
Tau required
   13     | -1690.8867755735 |   2.7384e-08   |    1.5534     |    0.2635
Density calculation took 0.627477s
Tau required
   14     | -1690.8867755814 |   1.0639e-09   |    1.5529     |    0.2626
Density calculation took 0.627170s
Tau required
   15     | -1690.8867755816 |   2.8555e-10   |    1.5515     |    0.2638
Density calculation took 0.627508s
Tau required
   16     | -1690.8867755817 |   6.8014e-11   |    1.5541     |    0.2641
Created 759002 / 2985984 significant shell pairs
Created 590054 / 2274064 significant shell pairs
Total number of grid points: 392198 (5767 per atom)
One electron integrals and orthogonalizer took 0.052853s
Created 590054 / 2274064 significant shell pairs
3C integrals and B formation took 2.178541s
Iteration |      Energy      |  DIIS Metric   | Fock Time (s) | DIIS Time (s)
----------+------------------+----------------+---------------+--------------
Density calculation took 0.643695s
Tau required
    1     | -1701.7949708885 |   1.0581e+03   |    1.7514     |    0.2951
Density calculation took 0.634104s
Tau required
    2     | -1690.1307482404 |   2.7147e+00   |    1.6091     |    0.2579
Density calculation took 0.614481s
Tau required
    3     | -1689.9473876739 |   3.5439e+00   |    1.5639     |    0.2681
Density calculation took 0.613935s
Tau required
    4     | -1690.8125626745 |   2.6096e-01   |    1.5679     |    0.2593
Density calculation took 0.614420s
Tau required
    5     | -1690.8671503551 |   7.7640e-02   |    1.5642     |    0.2704
Density calculation took 0.614467s
Tau required
    6     | -1690.8874569456 |   6.5546e-03   |    1.5678     |    0.2599
Density calculation took 0.614525s
Tau required
    7     | -1690.8889595797 |   1.2004e-03   |    1.5705     |    0.2710
Density calculation took 0.614433s
Tau required
    8     | -1690.8892329786 |   3.4037e-04   |    1.5686     |    0.2619
Density calculation took 0.613814s
Tau required
    9     | -1690.8893259422 |   3.4848e-05   |    1.5613     |    0.2635
Density calculation took 0.613816s
Tau required
   10     | -1690.8893354820 |   3.0464e-06   |    1.5687     |    0.2631
Density calculation took 0.613786s
Tau required
   11     | -1690.8893362051 |   5.4059e-07   |    1.5634     |    0.2654
Density calculation took 0.614006s
Tau required
   12     | -1690.8893363433 |   4.9835e-08   |    1.5677     |    0.2610
Density calculation took 0.613828s
Tau required
   13     | -1690.8893363508 |   2.3638e-08   |    1.5650     |    0.2606
Density calculation took 0.613997s
Tau required
   14     | -1690.8893363572 |   1.4282e-09   |    1.5667     |    0.2606
Density calculation took 0.613956s
Tau required
   15     | -1690.8893363575 |   5.4939e-10   |    1.5639     |    0.2608
Density calculation took 0.613818s
Tau required
   16     | -1690.8893363576 |   3.4907e-11   |    1.5669     |    0.2609
Please cite the following papers for the methods used in this calculation:
 - J.L. Galvez Vallejo et. al., Toward an extreme-scale electronic structure system, J. Chem. Phys., 2023. DOI: 10.1063/5.0156399

 - R. Stocks, E. Palethorpe, and G.M.J. Barca, Multi-GPU RI-HF Energies and Analytic Gradients ─ Toward High-Throughput Ab Initio Molecular Dynamics, J. Chem. Theory Comput., 2024. DOI: 10.1021/acs.jctc.4c00877
   For:
     * RI-HF energy

 - S. Lehtola, C. Steigemann, M.J.T. Oliveira, and M.A.L. Marques, Recent developments in Libxc: A comprehensive library of functionals for density functional theory, SoftwareX, 2018. DOI: 10.1016/j.softx.2017.11.002
   For:
     * LibXC version 6.2.0

 - D.B. Williams-Young, W.A. de Jong, H.J.J. van Dam, and C. Yang, On the Efficient Evaluation of the Exchange Correlation Potential on Graphics Processing Unit Clusters, Frontiers in Chemistry, 2020. DOI: 10.3389/fchem.2020.581058
   For:
     * ExchCXX GPU implementation of exchange-correlation functionals

 - R. Stocks and G.M.J. Barca, Efficient Algorithms for GPU Accelerated Evaluation of the DFT Exchange-Correlation Functional, J. Chem. Theory Comput., 2025. DOI: 10.1021/acs.jctc.5c01229
   For:
     * GPU accelerated DFT exchange-correlation evaluation

 - J. W. Furness, A. D. Kaplan, J. Ning, J. P. Perdew, and J. Sun.,  J. Phys. Chem. Lett. 11, 8208-8215 (2020) DOI: 10.1021/acs.jpclett.0c02405
   For:
     * MGGA_X_R2SCAN XC Functional
     * MGGA_C_R2SCAN XC Functional

[CRAYBLAS_WARNING] Application linked against multiple cray-libsci libraries
