Total number of grid points: 392402 (5770 per atom)
Density calculation took 0.660507s
Tau required
Density calculation took 0.650169s
Tau required
Density calculation took 0.622459s
Tau required
Density calculation took 0.621687s
Tau required
Density calculation took 0.623835s
Tau required
Density calculation took 0.622845s
Tau required
Density calculation took 0.624662s
Tau required
Density calculation took 0.622931s
Tau required
Density calculation took 0.624836s
Tau required
Density calculation took 0.622405s
Tau required
Density calculation took 0.624732s
Tau required
Density calculation took 0.623102s
Tau required
Density calculation took 0.624840s
Tau required
Density calculation took 0.623561s
Tau required
Density calculation took 0.625067s
Tau required
Density calculation took 0.623313s
Tau required
Density calculation took 0.625239s
Tau required
Total number of grid points: 392699 (5774 per atom)
Density calculation took 0.661062s
Tau required
Density calculation took 0.643354s
Tau required
Density calculation took 0.620012s
Tau required
Density calculation took 0.620584s
Tau required
Density calculation took 0.620079s
Tau required
Density calculation took 0.620668s
Tau required
Density calculation took 0.620453s
Tau required
Density calculation took 0.620898s
Tau required
Density calculation took 0.620529s
Tau required
Density calculation took 0.620687s
Tau required
Density calculation took 0.620706s
Tau required
Density calculation took 0.620972s
Tau required
Density calculation took 0.620544s
Tau required
Density calculation took 0.621173s
Tau required
Density calculation took 0.620914s
Tau required
Density calculation took 0.621039s
Tau required
Total number of grid points: 392927 (5778 per atom)
Density calculation took 0.663425s
Tau required
Density calculation took 0.647153s
Tau required
Density calculation took 0.625460s
Tau required
Density calculation took 0.625167s
Tau required
Density calculation took 0.625691s
Tau required
Density calculation took 0.625776s
Tau required
Density calculation took 0.626040s
Tau required
Density calculation took 0.625759s
Tau required
Density calculation took 0.626009s
Tau required
Density calculation took 0.625721s
Tau required
Density calculation took 0.625706s
Tau required
Density calculation took 0.626027s
Tau required
Density calculation took 0.625944s
Tau required
Density calculation took 0.626025s
Tau required
Density calculation took 0.626107s
Tau required
Density calculation took 0.625990s
Tau required
Total number of grid points: 392563 (5772 per atom)
Density calculation took 0.664096s
Tau required
Density calculation took 0.647665s
Tau required
Density calculation took 0.626535s
Tau required
Density calculation took 0.626641s
Tau required
Density calculation took 0.626457s
Tau required
Density calculation took 0.626259s
Tau required
Density calculation took 0.626305s
Tau required
Density calculation took 0.626003s
Tau required
Density calculation took 0.626821s
Tau required
Density calculation took 0.626687s
Tau required
Density calculation took 0.626819s
Tau required
Density calculation took 0.626836s
Tau required
Density calculation took 0.626728s
Tau required
Density calculation took 0.626637s
Tau required
Density calculation took 0.626804s
Tau required
Density calculation took 0.626876s
Tau required
Density calculation took 0.626674s
Tau required
Total number of grid points: 393112 (5781 per atom)
Density calculation took 0.688382s
Tau required
Density calculation took 0.651296s
Tau required
Density calculation took 0.626458s
Tau required
Density calculation took 0.628298s
Tau required
Density calculation took 0.626597s
Tau required
Density calculation took 0.628342s
Tau required
Density calculation took 0.626799s
Tau required
Density calculation took 0.628363s
Tau required
Density calculation took 0.627022s
Tau required
Density calculation took 0.628446s
Tau required
Density calculation took 0.627217s
Tau required
Density calculation took 0.628614s
Tau required
Density calculation took 0.627024s
Tau required
Density calculation took 0.628823s
Tau required
Density calculation took 0.626799s
Tau required
Density calculation took 0.628770s
Tau required
Total number of grid points: 392576 (5773 per atom)
Density calculation took 0.664261s
Tau required
Density calculation took 0.646219s
Tau required
Density calculation took 0.624279s
Tau required
Density calculation took 0.624520s
Tau required
Density calculation took 0.624978s
Tau required
Density calculation took 0.624925s
Tau required
Density calculation took 0.624926s
Tau required
Density calculation took 0.624861s
Tau required
Density calculation took 0.625026s
Tau required
Density calculation took 0.624910s
Tau required
Density calculation took 0.625294s
Tau required
Density calculation took 0.625133s
Tau required
Density calculation took 0.624908s
Tau required
Density calculation took 0.625314s
Tau required
Density calculation took 0.624812s
Tau required
Density calculation took 0.625002s
Tau required
Density calculation took 0.625156s
Tau required
Total number of grid points: 392715 (5775 per atom)
Density calculation took 0.701376s
Tau required
Density calculation took 0.648850s
Tau required
Density calculation took 0.626538s
Tau required
Density calculation took 0.626658s
Tau required
Density calculation took 0.626366s
Tau required
Density calculation took 0.626763s
Tau required
Density calculation took 0.626765s
Tau required
Density calculation took 0.627062s
Tau required
Density calculation took 0.626768s
Tau required
Density calculation took 0.627452s
Tau required
Density calculation took 0.626559s
Tau required
Density calculation took 0.627315s
Tau required
Density calculation took 0.626727s
Tau required
Density calculation took 0.627004s
Tau required
Density calculation took 0.626612s
Tau required
Density calculation took 0.627387s
Tau required
Total number of grid points: 393659 (5789 per atom)
Density calculation took 0.662801s
Tau required
Density calculation took 0.649753s
Tau required
Density calculation took 0.626635s
Tau required
Density calculation took 0.628221s
Tau required
Density calculation took 0.626715s
Tau required
Density calculation took 0.628091s
Tau required
Density calculation took 0.626908s
Tau required
Density calculation took 0.628272s
Tau required
Density calculation took 0.627309s
Tau required
Density calculation took 0.628776s
Tau required
Density calculation took 0.627311s
Tau required
Density calculation took 0.629068s
Tau required
Density calculation took 0.627590s
Tau required
Density calculation took 0.628880s
Tau required
Density calculation took 0.627240s
Tau required
Density calculation took 0.628734s
Tau required
Density calculation took 0.627443s
Tau required
Total number of grid points: 391741 (5760 per atom)
Density calculation took 0.681865s
Tau required
Density calculation took 0.652577s
Tau required
Density calculation took 0.628049s
Tau required
Density calculation took 0.628398s
Tau required
Density calculation took 0.628555s
Tau required
Density calculation took 0.628072s
Tau required
Density calculation took 0.628564s
Tau required
Density calculation took 0.628281s
Tau required
Density calculation took 0.628651s
Tau required
Density calculation took 0.628933s
Tau required
Density calculation took 0.629073s
Tau required
Density calculation took 0.628896s
Tau required
Density calculation took 0.628835s
Tau required
Density calculation took 0.628695s
Tau required
Density calculation took 0.628896s
Tau required
Density calculation took 0.628786s
Tau required
Density calculation took 0.628900s
Tau required
Total number of grid points: 392928 (5778 per atom)
Density calculation took 0.696303s
Tau required
Density calculation took 0.651451s
Tau required
Density calculation took 0.627310s
Tau required
Density calculation took 0.629287s
Tau required
Density calculation took 0.627820s
Tau required
Density calculation took 0.629495s
Tau required
Density calculation took 0.627898s
Tau required
Density calculation took 0.629145s
Tau required
Density calculation took 0.627930s
Tau required
Density calculation took 0.629555s
Tau required
Density calculation took 0.628098s
Tau required
Density calculation took 0.629604s
Tau required
Density calculation took 0.628295s
Tau required
Density calculation took 0.629541s
Tau required
Density calculation took 0.627695s
Tau required
Density calculation took 0.629097s
Tau required
Total number of grid points: 392040 (5765 per atom)
Density calculation took 0.693330s
Tau required
Density calculation took 0.651745s
Tau required
Density calculation took 0.630605s
Tau required
Density calculation took 0.629315s
Tau required
Density calculation took 0.631244s
Tau required
Density calculation took 0.628711s
Tau required
Density calculation took 0.631392s
Tau required
Density calculation took 0.629597s
Tau required
Density calculation took 0.631402s
Tau required
Density calculation took 0.629351s
Tau required
Density calculation took 0.631461s
Tau required
Density calculation took 0.629098s
Tau required
Density calculation took 0.631917s
Tau required
Density calculation took 0.630218s
Tau required
Density calculation took 0.631604s
Tau required
Total number of grid points: 392670 (5774 per atom)
Density calculation took 0.701198s
Tau required
Density calculation took 0.649991s
Tau required
Density calculation took 0.628504s
Tau required
Density calculation took 0.628716s
Tau required
Density calculation took 0.628648s
Tau required
Density calculation took 0.628722s
Tau required
Density calculation took 0.629012s
Tau required
Density calculation took 0.629067s
Tau required
Density calculation took 0.628952s
Tau required
Density calculation took 0.629075s
Tau required
Density calculation took 0.628790s
Tau required
Density calculation took 0.628978s
Tau required
Density calculation took 0.628772s
Tau required
Density calculation took 0.628960s
Tau required
Density calculation took 0.629337s
Tau required
Density calculation took 0.629461s
Tau required
Total number of grid points: 391824 (5762 per atom)
Density calculation took 0.704775s
Tau required
Density calculation took 0.648099s
Tau required
Density calculation took 0.625490s
Tau required
Density calculation took 0.626317s
Tau required
Density calculation took 0.625229s
Tau required
Density calculation took 0.626974s
Tau required
Density calculation took 0.625510s
Tau required
Density calculation took 0.626607s
Tau required
Density calculation took 0.625546s
Tau required
Density calculation took 0.626961s
Tau required
Density calculation took 0.625768s
Tau required
Density calculation took 0.626596s
Tau required
Density calculation took 0.625400s
Tau required
Density calculation took 0.626449s
Tau required
Density calculation took 0.625624s
Tau required
Density calculation took 0.626951s
Tau required
Density calculation took 0.625769s
Tau required
Total number of grid points: 393067 (5780 per atom)
Density calculation took 0.664135s
Tau required
Density calculation took 0.648757s
Tau required
Density calculation took 0.625908s
Tau required
Density calculation took 0.625877s
Tau required
Density calculation took 0.626078s
Tau required
Density calculation took 0.626002s
Tau required
Density calculation took 0.625608s
Tau required
Density calculation took 0.625750s
Tau required
Density calculation took 0.626133s
Tau required
Density calculation took 0.626088s
Tau required
Density calculation took 0.625951s
Tau required
Density calculation took 0.626227s
Tau required
Density calculation took 0.625977s
Tau required
Density calculation took 0.626029s
Tau required
Density calculation took 0.626159s
Tau required
Density calculation took 0.625942s
Tau required
Density calculation took 0.626068s
Tau required
Total number of grid points: 392721 (5775 per atom)
Density calculation took 0.689614s
Tau required
Density calculation took 0.649595s
Tau required
Density calculation took 0.628291s
Tau required
Density calculation took 0.628375s
Tau required
Density calculation took 0.628668s
Tau required
Density calculation took 0.628626s
Tau required
Density calculation took 0.628785s
Tau required
Density calculation took 0.628624s
Tau required
Density calculation took 0.628548s
Tau required
Density calculation took 0.628578s
Tau required
Density calculation took 0.628883s
Tau required
Density calculation took 0.628775s
Tau required
Density calculation took 0.628615s
Tau required
Density calculation took 0.628757s
Tau required
Density calculation took 0.628835s
Tau required
Density calculation took 0.628900s
Tau required
Total number of grid points: 392698 (5774 per atom)
Density calculation took 0.686658s
Tau required
Density calculation took 0.648148s
Tau required
Density calculation took 0.624019s
Tau required
Density calculation took 0.625139s
Tau required
Density calculation took 0.624315s
Tau required
Density calculation took 0.625008s
Tau required
Density calculation took 0.624379s
Tau required
Density calculation took 0.624655s
Tau required
Density calculation took 0.625003s
Tau required
Density calculation took 0.625457s
Tau required
Density calculation took 0.625219s
Tau required
Density calculation took 0.625037s
Tau required
Density calculation took 0.624897s
Tau required
Density calculation took 0.624645s
Tau required
Density calculation took 0.624732s
Tau required
Density calculation took 0.625815s
Tau required
Total number of grid points: 392279 (5768 per atom)
Density calculation took 0.700090s
Tau required
Density calculation took 0.652024s
Tau required
Density calculation took 0.628270s
Tau required
Density calculation took 0.630237s
Tau required
Density calculation took 0.628686s
Tau required
Density calculation took 0.630891s
Tau required
Density calculation took 0.628444s
Tau required
Density calculation took 0.630579s
Tau required
Density calculation took 0.628958s
Tau required
Density calculation took 0.630709s
Tau required
Density calculation took 0.629251s
Tau required
Density calculation took 0.630844s
Tau required
Density calculation took 0.629397s
Tau required
Density calculation took 0.630910s
Tau required
Density calculation took 0.629266s
Tau required
Density calculation took 0.631489s
Tau required
Total number of grid points: 393010 (5779 per atom)
Density calculation took 0.691872s
Tau required
Density calculation took 0.648972s
Tau required
Density calculation took 0.627026s
Tau required
Density calculation took 0.625598s
Tau required
Density calculation took 0.627540s
Tau required
Density calculation took 0.625342s
Tau required
Density calculation took 0.627369s
Tau required
Density calculation took 0.625444s
Tau required
Density calculation took 0.627477s
Tau required
Density calculation took 0.625548s
Tau required
Density calculation took 0.627520s
Tau required
Density calculation took 0.625851s
Tau required
Density calculation took 0.627553s
Tau required
Density calculation took 0.625413s
Tau required
Density calculation took 0.627466s
Tau required
Density calculation took 0.625692s
Tau required
Total number of grid points: 392406 (5770 per atom)
Density calculation took 0.692463s
Tau required
Density calculation took 0.645768s
Tau required
Density calculation took 0.624319s
Tau required
Density calculation took 0.625288s
Tau required
Density calculation took 0.625569s
Tau required
Density calculation took 0.625166s
Tau required
Density calculation took 0.624950s
Tau required
Density calculation took 0.624912s
Tau required
Density calculation took 0.625666s
Tau required
Density calculation took 0.625287s
Tau required
Density calculation took 0.625663s
Tau required
Density calculation took 0.625104s
Tau required
Density calculation took 0.625129s
Tau required
Density calculation took 0.625026s
Tau required
Density calculation took 0.625134s
Tau required
Density calculation took 0.624938s
Tau required
Total number of grid points: 392784 (5776 per atom)
Density calculation took 0.685549s
Tau required
Density calculation took 0.647709s
Tau required
Density calculation took 0.626306s
Tau required
Density calculation took 0.626561s
Tau required
Density calculation took 0.626258s
Tau required
Density calculation took 0.626367s
Tau required
Density calculation took 0.626800s
Tau required
Density calculation took 0.626810s
Tau required
Density calculation took 0.626929s
Tau required
Density calculation took 0.626708s
Tau required
Density calculation took 0.626792s
Tau required
Density calculation took 0.626649s
Tau required
Density calculation took 0.626582s
Tau required
Density calculation took 0.627207s
Tau required
Density calculation took 0.626805s
Tau required
Density calculation took 0.626967s
Tau required
[CRAYBLAS_WARNING] Application linked against multiple cray-libsci libraries
N file written to: json_logs/lustre_orion_chm213_scratch_ryan_dhdft_inputs_exess_exess_inputs_r2SCAN_def2-TZVP_isomers_36800-36819_topology_8.json
************************************************************
**************** Running topology 10 of 20 *****************
************************************************************

************************************************************
***** Beginning RI-MGGA_X_R2SCAN+MGGA_C_R2SCAN energy ******
************************************************************

=======================================================
      MGGA_X_R2SCAN+MGGA_C_R2SCAN Energy Results       
=======================================================
E MGGA_X_R2SCAN+MGGA_C_R2SCAN: -1690.88921316
Nuclear Repulsion Energy: 4575.22161775
Electronic Energy:        -6018.48844897
XC Energy:                -247.622382
Converged:                1
# of SCF iterations:      16
SCF Time:                 31.463s

=======================================================
            Individual Calculation Summary             
=======================================================
HF Energy: -1690.8892131605480245
=======================================================


Topology 9 time: 31.677685 s, performance: SP: 0 FLOP/s, DP: 33.23 TFLOP/s
JSON file written to: json_logs/lustre_orion_chm213_scratch_ryan_dhdft_inputs_exess_exess_inputs_r2SCAN_def2-TZVP_isomers_36800-36819_topology_9.json
************************************************************
**************** Running topology 11 of 20 *****************
************************************************************

************************************************************
***** Beginning RI-MGGA_X_R2SCAN+MGGA_C_R2SCAN energy ******
************************************************************

=======================================================
      MGGA_X_R2SCAN+MGGA_C_R2SCAN Energy Results       
=======================================================
E MGGA_X_R2SCAN+MGGA_C_R2SCAN: -1690.89350355
Nuclear Repulsion Energy: 4537.6324692
Electronic Energy:        -5980.90808585
XC Energy:                -247.617887
Converged:                1
# of SCF iterations:      15
SCF Time:                 29.981s

=======================================================
            Individual Calculation Summary             
=======================================================
HF Energy: -1690.8935035543033791
=======================================================


Topology 10 time: 30.191483 s, performance: SP: 0 FLOP/s, DP: 32.86 TFLOP/s
JSON file written to: json_logs/lustre_orion_chm213_scratch_ryan_dhdft_inputs_exess_exess_inputs_r2SCAN_def2-TZVP_isomers_36800-36819_topology_10.json
************************************************************
**************** Running topology 12 of 20 *****************
************************************************************

************************************************************
***** Beginning RI-MGGA_X_R2SCAN+MGGA_C_R2SCAN energy ******
************************************************************

=======================================================
      MGGA_X_R2SCAN+MGGA_C_R2SCAN Energy Results       
=======================================================
E MGGA_X_R2SCAN+MGGA_C_R2SCAN: -1690.88702764
Nuclear Repulsion Energy: 4537.29422806
Electronic Energy:        -5980.56650065
XC Energy:                -247.614755
Converged:                1
# of SCF iterations:      16
SCF Time:                 31.427s

=======================================================
            Individual Calculation Summary             
=======================================================
HF Energy: -1690.8870276359509717
=======================================================


Topology 11 time: 31.638825 s, performance: SP: 0 FLOP/s, DP: 33.29 TFLOP/s
JSON file written to: json_logs/lustre_orion_chm213_scratch_ryan_dhdft_inputs_exess_exess_inputs_r2SCAN_def2-TZVP_isomers_36800-36819_topology_11.json
************************************************************
**************** Running topology 13 of 20 *****************
************************************************************

************************************************************
***** Beginning RI-MGGA_X_R2SCAN+MGGA_C_R2SCAN energy ******
************************************************************

=======================================================
      MGGA_X_R2SCAN+MGGA_C_R2SCAN Energy Results       
=======================================================
E MGGA_X_R2SCAN+MGGA_C_R2SCAN: -1690.88464358
Nuclear Repulsion Energy: 4517.03282014
Electronic Energy:        -5960.30522593
XC Energy:                -247.612238
Converged:                1
# of SCF iterations:      17
SCF Time:                 33.131s

=======================================================
            Individual Calculation Summary             
=======================================================
HF Energy: -1690.8846435753994228
=======================================================


Topology 12 time: 33.340297 s, performance: SP: 0 FLOP/s, DP: 33.44 TFLOP/s
JSON file written to: json_logs/lustre_orion_chm213_scratch_ryan_dhdft_inputs_exess_exess_inputs_r2SCAN_def2-TZVP_isomers_36800-36819_topology_12.json
************************************************************
**************** Running topology 14 of 20 *****************
************************************************************

************************************************************
***** Beginning RI-MGGA_X_R2SCAN+MGGA_C_R2SCAN energy ******
************************************************************

=======================================================
      MGGA_X_R2SCAN+MGGA_C_R2SCAN Energy Results       
=======================================================
E MGGA_X_R2SCAN+MGGA_C_R2SCAN: -1690.88781586
Nuclear Repulsion Energy: 4628.37183898
Electronic Energy:        -6071.64509475
XC Energy:                -247.614560
Converged:                1
# of SCF iterations:      17
SCF Time:                 33.36s

=======================================================
            Individual Calculation Summary             
=======================================================
HF Energy: -1690.8878158608420108
=======================================================


Topology 13 time: 33.577489 s, performance: SP: 0 FLOP/s, DP: 33.18 TFLOP/s
JSON file written to: json_logs/lustre_orion_chm213_scratch_ryan_dhdft_inputs_exess_exess_inputs_r2SCAN_def2-TZVP_isomers_36800-36819_topology_13.json
************************************************************
**************** Running topology 15 of 20 *****************
************************************************************

************************************************************
***** Beginning RI-MGGA_X_R2SCAN+MGGA_C_R2SCAN energy ******
************************************************************

=======================================================
      MGGA_X_R2SCAN+MGGA_C_R2SCAN Energy Results       
=======================================================
E MGGA_X_R2SCAN+MGGA_C_R2SCAN: -1690.9009831
Nuclear Repulsion Energy: 4635.58133128
Electronic Energy:        -6078.85382221
XC Energy:                -247.628492
Converged:                1
# of SCF iterations:      16
SCF Time:                 31.651s

=======================================================
            Individual Calculation Summary             
=======================================================
HF Energy: -1690.9009831041259986
=======================================================


Topology 14 time: 31.871346 s, performance: SP: 0 FLOP/s, DP: 33 TFLOP/s
JSON file written to: json_logs/lustre_orion_chm213_scratch_ryan_dhdft_inputs_exess_exess_inputs_r2SCAN_def2-TZVP_isomers_36800-36819_topology_14.json
************************************************************
**************** Running topology 16 of 20 *****************
************************************************************

************************************************************
***** Beginning RI-MGGA_X_R2SCAN+MGGA_C_R2SCAN energy ******
************************************************************

=======================================================
      MGGA_X_R2SCAN+MGGA_C_R2SCAN Energy Results       
=======================================================
E MGGA_X_R2SCAN+MGGA_C_R2SCAN: -1690.90104876
Nuclear Repulsion Energy: 4470.95933546
Electronic Energy:        -5914.24270358
XC Energy:                -247.617681
Converged:                1
# of SCF iterations:      16
SCF Time:                 31.325s

=======================================================
            Individual Calculation Summary             
=======================================================
HF Energy: -1690.9010487636326161
=======================================================


Topology 15 time: 31.529344 s, performance: SP: 0 FLOP/s, DP: 33.41 TFLOP/s
JSON file written to: json_logs/lustre_orion_chm213_scratch_ryan_dhdft_inputs_exess_exess_inputs_r2SCAN_def2-TZVP_isomers_36800-36819_topology_15.json
************************************************************
**************** Running topology 17 of 20 *****************
************************************************************

************************************************************
***** Beginning RI-MGGA_X_R2SCAN+MGGA_C_R2SCAN energy ******
************************************************************

=======================================================
      MGGA_X_R2SCAN+MGGA_C_R2SCAN Energy Results       
=======================================================
E MGGA_X_R2SCAN+MGGA_C_R2SCAN: -1690.89896854
Nuclear Repulsion Energy: 4453.47851067
Electronic Energy:        -5896.76452565
XC Energy:                -247.612954
Converged:                1
# of SCF iterations:      16
SCF Time:                 31.659s

=======================================================
            Individual Calculation Summary             
=======================================================
HF Energy: -1690.8989685433330123
=======================================================


Topology 16 time: 31.862841 s, performance: SP: 0 FLOP/s, DP: 33.06 TFLOP/s
JSON file written to: json_logs/lustre_orion_chm213_scratch_ryan_dhdft_inputs_exess_exess_inputs_r2SCAN_def2-TZVP_isomers_36800-36819_topology_16.json
************************************************************
**************** Running topology 18 of 20 *****************
************************************************************

************************************************************
***** Beginning RI-MGGA_X_R2SCAN+MGGA_C_R2SCAN energy ******
************************************************************

=======================================================
      MGGA_X_R2SCAN+MGGA_C_R2SCAN Energy Results       
=======================================================
E MGGA_X_R2SCAN+MGGA_C_R2SCAN: -1690.88985018
Nuclear Repulsion Energy: 4505.43326444
Electronic Energy:        -5948.70751407
XC Energy:                -247.615601
Converged:                1
# of SCF iterations:      16
SCF Time:                 31.426s

=======================================================
            Individual Calculation Summary             
=======================================================
HF Energy: -1690.8898501750220476
=======================================================


Topology 17 time: 31.634472 s, performance: SP: 0 FLOP/s, DP: 33.27 TFLOP/s
JSON file written to: json_logs/lustre_orion_chm213_scratch_ryan_dhdft_inputs_exess_exess_inputs_r2SCAN_def2-TZVP_isomers_36800-36819_topology_17.json
************************************************************
**************** Running topology 19 of 20 *****************
************************************************************

************************************************************
***** Beginning RI-MGGA_X_R2SCAN+MGGA_C_R2SCAN energy ******
************************************************************

=======================================================
      MGGA_X_R2SCAN+MGGA_C_R2SCAN Energy Results       
=======================================================
E MGGA_X_R2SCAN+MGGA_C_R2SCAN: -1690.89045712
Nuclear Repulsion Energy: 4579.45602917
Electronic Energy:        -6022.72395826
XC Energy:                -247.622528
Converged:                1
# of SCF iterations:      16
SCF Time:                 31.55s

=======================================================
            Individual Calculation Summary             
=======================================================
HF Energy: -1690.8904571232280887
=======================================================


Topology 18 time: 31.761901 s, performance: SP: 0 FLOP/s, DP: 33.15 TFLOP/s
JSON file written to: json_logs/lustre_orion_chm213_scratch_ryan_dhdft_inputs_exess_exess_inputs_r2SCAN_def2-TZVP_isomers_36800-36819_topology_18.json
************************************************************
**************** Running topology 20 of 20 *****************
************************************************************

************************************************************
***** Beginning RI-MGGA_X_R2SCAN+MGGA_C_R2SCAN energy ******
************************************************************

=======================================================
      MGGA_X_R2SCAN+MGGA_C_R2SCAN Energy Results       
=======================================================
E MGGA_X_R2SCAN+MGGA_C_R2SCAN: -1690.88792185
Nuclear Repulsion Energy: 4583.58172203
Electronic Energy:        -6026.84796909
XC Energy:                -247.621675
Converged:                1
# of SCF iterations:      16
SCF Time:                 31.469s

=======================================================
            Individual Calculation Summary             
=======================================================
HF Energy: -1690.8879218490237690
=======================================================


Topology 19 time: 31.683626 s, performance: SP: 0 FLOP/s, DP: 33.21 TFLOP/s
JSON file written to: json_logs/lustre_orion_chm213_scratch_ryan_dhdft_inputs_exess_exess_inputs_r2SCAN_def2-TZVP_isomers_36800-36819_topology_19.json
Total flops: SP: 0 FLOPS, DP: 21.420104 PFLOPS
Performance: SP: 0 FLOP/s, DP: 32.67 TFLOP/s

Now, a word from our sponsors... 
 There are three constants in life. Death, Taxes, and Vim.

[31mTotal processing time 655.905315 seconds[0m
[CRAYBLAS_WARNING] Application linked against multiple cray-libsci libraries
0.2601
Density calculation took 0.608046s
Tau required
   13     | -1690.8846435687 |   2.3320e-08   |    1.5264     |    0.2596
Density calculation took 0.607635s
Tau required
   14     | -1690.8846435749 |   1.5063e-09   |    1.5236     |    0.2611
Density calculation took 0.607675s
Tau required
   15     | -1690.8846435753 |   1.9661e-10   |    1.5281     |    0.2596
Density calculation took 0.608129s
Tau required
   16     | -1690.8846435754 |   1.2155e-10   |    1.5231     |    0.2616
Density calculation took 0.608256s
Tau required
   17     | -1690.8846435754 |   8.8195e-12   |    1.5292     |    0.2604
Created 727034 / 2985984 significant shell pairs
Created 566732 / 2274064 significant shell pairs
Total number of grid points: 391212 (5753 per atom)
One electron integrals and orthogonalizer took 0.052493s
Created 566732 / 2274064 significant shell pairs
3C integrals and B formation took 2.161645s
Iteration |      Energy      |  DIIS Metric   | Fock Time (s) | DIIS Time (s)
----------+------------------+----------------+---------------+--------------
Density calculation took 0.681919s
Tau required
    1     | -1701.7656820253 |   1.0501e+03   |    1.7346     |    0.2944
Density calculation took 0.622822s
Tau required
    2     | -1690.1374014072 |   2.6726e+00   |    1.5732     |    0.2572
Density calculation took 0.602282s
Tau required
    3     | -1690.0255901949 |   3.2257e+00   |    1.5358     |    0.2662
Density calculation took 0.602918s
Tau required
    4     | -1690.8542994919 |   1.1326e-01   |    1.5360     |    0.2586
Density calculation took 0.602749s
Tau required
    5     | -1690.8699826581 |   5.8943e-02   |    1.5376     |    0.2674
Density calculation took 0.602842s
Tau required
    6     | -1690.8858100835 |   6.5193e-03   |    1.5373     |    0.2601
Density calculation took 0.602223s
Tau required
    7     | -1690.8874786028 |   1.0114e-03   |    1.5361     |    0.2694
Density calculation took 0.602792s
Tau required
    8     | -1690.8877228378 |   2.9461e-04   |    1.5373     |    0.2604
Density calculation took 0.602993s
Tau required
    9     | -1690.8878102765 |   1.8175e-05   |    1.5368     |    0.2615
Density calculation took 0.602887s
Tau required
   10     | -1690.8878147766 |   3.5143e-06   |    1.5386     |    0.2603
Density calculation took 0.603080s
Tau required
   11     | -1690.8878156711 |   6.3853e-07   |    1.5369     |    0.2598
Density calculation took 0.602885s
Tau required
   12     | -1690.8878158492 |   4.2263e-08   |    1.5376     |    0.2604
Density calculation took 0.603185s
Tau required
   13     | -1690.8878158522 |   3.0986e-08   |    1.5406     |    0.2608
Density calculation took 0.603906s
Tau required
   14     | -1690.8878158604 |   1.3566e-09   |    1.5346     |    0.2604
Density calculation took 0.603257s
Tau required
   15     | -1690.8878158607 |   3.5064e-10   |    1.5385     |    0.2603
Density calculation took 0.603431s
Tau required
   16     | -1690.8878158608 |   1.0236e-10   |    1.5376     |    0.2602
Density calculation took 0.603312s
Tau required
   17     | -1690.8878158608 |   1.1580e-11   |    1.5387     |    0.2601
Created 730280 / 2985984 significant shell pairs
Created 568845 / 2274064 significant shell pairs
Total number of grid points: 392451 (5771 per atom)
One electron integrals and orthogonalizer took 0.052784s
Created 568845 / 2274064 significant shell pairs
3C integrals and B formation took 2.166932s
Iteration |      Energy      |  DIIS Metric   | Fock Time (s) | DIIS Time (s)
----------+------------------+----------------+---------------+--------------
Density calculation took 0.652047s
Tau required
    1     | -1701.7920722822 |   1.0520e+03   |    1.7652     |    0.2931
Density calculation took 0.624355s
Tau required
    2     | -1690.1507603220 |   2.6918e+00   |    1.5807     |    0.2575
Density calculation took 0.603073s
Tau required
    3     | -1690.0486044228 |   3.2323e+00   |    1.5391     |    0.2695
Density calculation took 0.603438s
Tau required
    4     | -1690.8808476394 |   7.0807e-02   |    1.5422     |    0.2590
Density calculation took 0.603611s
Tau required
    5     | -1690.8902426941 |   3.6705e-02   |    1.5406     |    0.2707
Density calculation took 0.603556s
Tau required
    6     | -1690.9002003467 |   2.7019e-03   |    1.5392     |    0.2592
Density calculation took 0.605281s
Tau required
    7     | -1690.9008063961 |   5.7915e-04   |    1.5386     |    0.2702
Density calculation took 0.605588s
Tau required
    8     | -1690.9009448515 |   1.2736e-04   |    1.5409     |    0.2626
Density calculation took 0.603603s
Tau required
    9     | -1690.9009802227 |   9.3548e-06   |    1.5392     |    0.2619
Density calculation took 0.603801s
Tau required
   10     | -1690.9009824233 |   2.2781e-06   |    1.5395     |    0.2606
Density calculation took 0.604686s
Tau required
   11     | -1690.9009830554 |   1.6758e-07   |    1.5402     |    0.2608
Density calculation took 0.604019s
Tau required
   12     | -1690.9009830940 |   3.4692e-08   |    1.5390     |    0.2605
Density calculation took 0.604001s
Tau required
   13     | -1690.9009831010 |   1.0940e-08   |    1.5387     |    0.2627
Density calculation took 0.604176s
Tau required
   14     | -1690.9009831040 |   5.0277e-10   |    1.5415     |    0.2617
Density calculation took 0.603984s
Tau required
   15     | -1690.9009831041 |   1.7561e-10   |    1.5396     |    0.2612
Density calculation took 0.603952s
Tau required
   16     | -1690.9009831041 |   5.2016e-11   |    1.5411     |    0.2609
Created 677475 / 2985984 significant shell pairs
Created 526536 / 2274064 significant shell pairs
Total number of grid points: 392071 (5765 per atom)
One electron integrals and orthogonalizer took 0.052496s
Created 526536 / 2274064 significant shell pairs
3C integrals and B formation took 2.086124s
Iteration |      Energy      |  DIIS Metric   | Fock Time (s) | DIIS Time (s)
----------+------------------+----------------+---------------+--------------
Density calculation took 0.688409s
Tau required
    1     | -1701.7697727225 |   1.0486e+03   |    1.7540     |    0.2921
Density calculation took 0.627033s
Tau required
    2     | -1690.1497064138 |   2.6852e+00   |    1.5621     |    0.2562
Density calculation took 0.604336s
Tau required
    3     | -1690.0515558470 |   3.1968e+00   |    1.5246     |    0.2669
Density calculation took 0.604438s
Tau required
    4     | -1690.8790971539 |   7.8310e-02   |    1.5256     |    0.2617
Density calculation took 0.606862s
Tau required
    5     | -1690.8923582887 |   3.0675e-02   |    1.5228     |    0.2697
Density calculation took 0.605335s
Tau required
    6     | -1690.9001973454 |   2.9264e-03   |    1.5256     |    0.2595
Density calculation took 0.605242s
Tau required
    7     | -1690.9008903144 |   5.1767e-04   |    1.5271     |    0.2695
Density calculation took 0.607036s
Tau required
    8     | -1690.9010103861 |   1.3030e-04   |    1.5235     |    0.2611
Density calculation took 0.604632s
Tau required
    9     | -1690.9010459958 |   8.5826e-06   |    1.5246     |    0.2617
Density calculation took 0.605104s
Tau required
   10     | -1690.9010479341 |   2.5748e-06   |    1.5252     |    0.2610
Density calculation took 0.604884s
Tau required
   11     | -1690.9010486931 |   2.4000e-07   |    1.5263     |    0.2614
Density calculation took 0.605420s
Tau required
   12     | -1690.9010487537 |   3.4363e-08   |    1.5258     |    0.2618
Density calculation took 0.605120s
Tau required
   13     | -1690.9010487596 |   1.4052e-08   |    1.5242     |    0.2619
Density calculation took 0.604674s
Tau required
   14     | -1690.9010487634 |   8.0147e-10   |    1.5263     |    0.2617
Density calculation took 0.605180s
Tau required
   15     | -1690.9010487636 |   1.5178e-10   |    1.5256     |    0.2606
Density calculation took 0.605411s
Tau required
   16     | -1690.9010487636 |   7.3119e-11   |    1.5252     |    0.2608
Created 673630 / 2985984 significant shell pairs
Created 523575 / 2274064 significant shell pairs
Total number of grid points: 393184 (5782 per atom)
One electron integrals and orthogonalizer took 0.051868s
Created 523575 / 2274064 significant shell pairs
3C integrals and B formation took 2.077634s
Iteration |      Energy      |  DIIS Metric   | Fock Time (s) | DIIS Time (s)
----------+------------------+----------------+---------------+--------------
Density calculation took 0.651204s
Tau required
    1     | -1701.7618752732 |   1.0474e+03   |    1.7814     |    0.2932
Density calculation took 0.627799s
Tau required
    2     | -1690.1478503842 |   2.6764e+00   |    1.5837     |    0.2574
Density calculation took 0.604609s
Tau required
    3     | -1690.0498047162 |   3.1837e+00   |    1.5442     |    0.2684
Density calculation took 0.604840s
Tau required
    4     | -1690.8754949933 |   8.5748e-02   |    1.5471     |    0.2585
Density calculation took 0.606322s
Tau required
    5     | -1690.8917252164 |   2.6359e-02   |    1.5437     |    0.2686
Density calculation took 0.605322s
Tau required
    6     | -1690.8980808542 |   3.0481e-03   |    1.5505     |    0.2592
Density calculation took 0.605182s
Tau required
    7     | -1690.8988120206 |   5.0762e-04   |    1.5424     |    0.2707
Density calculation took 0.606749s
Tau required
    8     | -1690.8989316445 |   1.2697e-04   |    1.5471     |    0.2606
Density calculation took 0.605214s
Tau required
    9     | -1690.8989665415 |   6.4329e-06   |    1.5455     |    0.2606
Density calculation took 0.605187s
Tau required
   10     | -1690.8989677908 |   2.3582e-06   |    1.5504     |    0.2608
Density calculation took 0.605562s
Tau required
   11     | -1690.8989684782 |   2.1498e-07   |    1.5443     |    0.2609
Density calculation took 0.605423s
Tau required
   12     | -1690.8989685335 |   3.3306e-08   |    1.5502     |    0.2608
Density calculation took 0.605499s
Tau required
   13     | -1690.8989685393 |   1.3697e-08   |    1.5436     |    0.2601
Density calculation took 0.605619s
Tau required
   14     | -1690.8989685431 |   7.7936e-10   |    1.5515     |    0.2607
Density calculation took 0.605459s
Tau required
   15     | -1690.8989685433 |   1.3177e-10   |    1.5432     |    0.2611
Density calculation took 0.605667s
Tau required
   16     | -1690.8989685433 |   8.0305e-11   |    1.5507     |    0.2608
Created 689584 / 2985984 significant shell pairs
Created 536030 / 2274064 significant shell pairs
Total number of grid points: 392475 (5771 per atom)
One electron integrals and orthogonalizer took 0.052751s
Created 536030 / 2274064 significant shell pairs
3C integrals and B formation took 2.096445s
Iteration |      Energy      |  DIIS Metric   | Fock Time (s) | DIIS Time (s)
----------+------------------+----------------+---------------+--------------
Density calculation took 0.654395s
Tau required
    1     | -1701.7646344069 |   1.0495e+03   |    1.7680     |    0.2935
Density calculation took 0.622214s
Tau required
    2     | -1690.1402353226 |   2.6729e+00   |    1.5698     |    0.2571
Density calculation took 0.601512s
Tau required
    3     | -1690.0449138312 |   3.1725e+00   |    1.5323     |    0.2663
Density calculation took 0.601907s
Tau required
    4     | -1690.8686214421 |   7.6276e-02   |    1.5286     |    0.2581
Density calculation took 0.603428s
Tau required
    5     | -1690.8820387607 |   2.8168e-02   |    1.5334     |    0.2688
Density calculation took 0.601987s
Tau required
    6     | -1690.8890835917 |   2.6975e-03   |    1.5264     |    0.2591
Density calculation took 0.601918s
Tau required
    7     | -1690.8897033624 |   4.8860e-04   |    1.5338     |    0.2699
Density calculation took 0.603250s
Tau required
    8     | -1690.8898165037 |   1.1884e-04   |    1.5269     |    0.2613
Density calculation took 0.602042s
Tau required
    9     | -1690.8898487488 |   4.9386e-06   |    1.5356     |    0.2613
Density calculation took 0.602307s
Tau required
   10     | -1690.8898495184 |   2.1920e-06   |    1.5266     |    0.2611
Density calculation took 0.602305s
Tau required
   11     | -1690.8898501274 |   1.5692e-07   |    1.5322     |    0.2613
Density calculation took 0.601962s
Tau required
   12     | -1690.8898501656 |   3.1283e-08   |    1.5287     |    0.2594
Density calculation took 0.602810s
Tau required
   13     | -1690.8898501717 |   1.1370e-08   |    1.5349     |    0.2608
Density calculation took 0.602139s
Tau required
   14     | -1690.8898501748 |   9.4912e-10   |    1.5265     |    0.2605
Density calculation took 0.602246s
Tau required
   15     | -1690.8898501750 |   1.2909e-10   |    1.5348     |    0.2612
Density calculation took 0.602630s
Tau required
   16     | -1690.8898501750 |   7.0619e-11   |    1.5266     |    0.2631
Created 711824 / 2985984 significant shell pairs
Created 553733 / 2274064 significant shell pairs
Total number of grid points: 392037 (5765 per atom)
One electron integrals and orthogonalizer took 0.052603s
Created 553733 / 2274064 significant shell pairs
3C integrals and B formation took 2.143448s
Iteration |      Energy      |  DIIS Metric   | Fock Time (s) | DIIS Time (s)
----------+------------------+----------------+---------------+--------------
Density calculation took 0.649667s
Tau required
    1     | -1701.7786975892 |   1.0523e+03   |    1.7488     |    0.2931
Density calculation took 0.635494s
Tau required
    2     | -1690.1406228599 |   2.6796e+00   |    1.5701     |    0.2560
Density calculation took 0.605185s
Tau required
    3     | -1690.0272680661 |   3.2658e+00   |    1.5367     |    0.2668
Density calculation took 0.606005s
Tau required
    4     | -1690.8601523870 |   1.0844e-01   |    1.5369     |    0.2584
Density calculation took 0.605272s
Tau required
    5     | -1690.8762047582 |   4.7874e-02   |    1.5370     |    0.2683
Density calculation took 0.605621s
Tau required
    6     | -1690.8892895940 |   4.0794e-03   |    1.5373     |    0.2603
Density calculation took 0.605293s
Tau required
    7     | -1690.8903262445 |   4.4886e-04   |    1.5384     |    0.2696
Density calculation took 0.605032s
Tau required
    8     | -1690.8904085729 |   1.6358e-04   |    1.5356     |    0.2601
Density calculation took 0.605663s
Tau required
    9     | -1690.8904536047 |   1.1814e-05   |    1.5395     |    0.2606
Density calculation took 0.605878s
Tau required
   10     | -1690.8904562747 |   3.0004e-06   |    1.5369     |    0.2606
Density calculation took 0.605776s
Tau required
   11     | -1690.8904570529 |   2.4147e-07   |    1.5369     |    0.2618
Density calculation took 0.606737s
Tau required
   12     | -1690.8904571082 |   4.9826e-08   |    1.5360     |    0.2611
Density calculation took 0.605995s
Tau required
   13     | -1690.8904571184 |   1.5682e-08   |    1.5374     |    0.2612
Density calculation took 0.606082s
Tau required
   14     | -1690.8904571230 |   9.4222e-10   |    1.5358     |    0.2610
Density calculation took 0.606066s
Tau required
   15     | -1690.8904571232 |   1.6982e-10   |    1.5366     |    0.2612
Density calculation took 0.606044s
Tau required
   16     | -1690.8904571232 |   4.3353e-11   |    1.5369     |    0.2609
Created 713846 / 2985984 significant shell pairs
Created 555112 / 2274064 significant shell pairs
Total number of grid points: 392446 (5771 per atom)
One electron integrals and orthogonalizer took 0.057593s
Created 555112 / 2274064 significant shell pairs
3C integrals and B formation took 2.140336s
Iteration |      Energy      |  DIIS Metric   | Fock Time (s) | DIIS Time (s)
----------+------------------+----------------+---------------+--------------
Density calculation took 0.660138s
Tau required
    1     | -1701.7782946272 |   1.0525e+03   |    1.7559     |    0.2922
Density calculation took 0.625373s
Tau required
    2     | -1690.1385253447 |   2.6765e+00   |    1.5722     |    0.2567
Density calculation took 0.603990s
Tau required
    3     | -1690.0273965621 |   3.2560e+00   |    1.5294     |    0.2658
Density calculation took 0.604204s
Tau required
    4     | -1690.8601975357 |   1.0187e-01   |    1.5301     |    0.2573
Density calculation took 0.604650s
Tau required
    5     | -1690.8760339728 |   4.1553e-02   |    1.5311     |    0.2698
Density calculation took 0.604326s
Tau required
    6     | -1690.8867976031 |   3.9492e-03   |    1.5309     |    0.2595
Density calculation took 0.604532s
Tau required
    7     | -1690.8877771564 |   4.9702e-04   |    1.5299     |    0.2693
Density calculation took 0.604931s
Tau required
    8     | -1690.8878728964 |   1.6966e-04   |    1.5309     |    0.2601
Density calculation took 0.605125s
Tau required
    9     | -1690.8879188096 |   1.0045e-05   |    1.5314     |    0.2607
Density calculation took 0.604693s
Tau required
   10     | -1690.8879207514 |   3.6680e-06   |    1.5307     |    0.2620
Density calculation took 0.604808s
Tau required
   11     | -1690.8879217775 |   2.4338e-07   |    1.5300     |    0.2611
Density calculation took 0.604578s
Tau required
   12     | -1690.8879218337 |   4.9733e-08   |    1.5316     |    0.2608
Density calculation took 0.604861s
Tau required
   13     | -1690.8879218427 |   1.9990e-08   |    1.5319     |    0.2601
Density calculation took 0.604877s
Tau required
   14     | -1690.8879218488 |   1.0046e-09   |    1.5325     |    0.2616
Density calculation took 0.604831s
Tau required
   15     | -1690.8879218490 |   1.9852e-10   |    1.5312     |    0.2609
Density calculation took 0.605029s
Tau required
   16     | -1690.8879218490 |   5.9098e-11   |    1.5329     |    0.2651
Please cite the following papers for the methods used in this calculation:
 - J.L. Galvez Vallejo et. al., Toward an extreme-scale electronic structure system, J. Chem. Phys., 2023. DOI: 10.1063/5.0156399

 - R. Stocks, E. Palethorpe, and G.M.J. Barca, Multi-GPU RI-HF Energies and Analytic Gradients ─ Toward High-Throughput Ab Initio Molecular Dynamics, J. Chem. Theory Comput., 2024. DOI: 10.1021/acs.jctc.4c00877
   For:
     * RI-HF energy

 - S. Lehtola, C. Steigemann, M.J.T. Oliveira, and M.A.L. Marques, Recent developments in Libxc: A comprehensive library of functionals for density functional theory, SoftwareX, 2018. DOI: 10.1016/j.softx.2017.11.002
   For:
     * LibXC version 6.2.0

 - D.B. Williams-Young, W.A. de Jong, H.J.J. van Dam, and C. Yang, On the Efficient Evaluation of the Exchange Correlation Potential on Graphics Processing Unit Clusters, Frontiers in Chemistry, 2020. DOI: 10.3389/fchem.2020.581058
   For:
     * ExchCXX GPU implementation of exchange-correlation functionals

 - R. Stocks and G.M.J. Barca, Efficient Algorithms for GPU Accelerated Evaluation of the DFT Exchange-Correlation Functional, J. Chem. Theory Comput., 2025. DOI: 10.1021/acs.jctc.5c01229
   For:
     * GPU accelerated DFT exchange-correlation evaluation

 - J. W. Furness, A. D. Kaplan, J. Ning, J. P. Perdew, and J. Sun.,  J. Phys. Chem. Lett. 11, 8208-8215 (2020) DOI: 10.1021/acs.jpclett.0c02405
   For:
     * MGGA_X_R2SCAN XC Functional
     * MGGA_C_R2SCAN XC Functional

[CRAYBLAS_WARNING] Application linked against multiple cray-libsci libraries
