Total number of grid points: 323486 (5776 per atom)
Density calculation took 0.413966s
Tau required
Density calculation took 0.434247s
Tau required
Density calculation took 0.416847s
Tau required
Density calculation took 0.416649s
Tau required
Density calculation took 0.417127s
Tau required
Density calculation took 0.417108s
Tau required
Density calculation took 0.417170s
Tau required
Density calculation took 0.416694s
Tau required
Density calculation took 0.417120s
Tau required
Density calculation took 0.417026s
Tau required
Density calculation took 0.417096s
Tau required
Density calculation took 0.417281s
Tau required
Density calculation took 0.417141s
Tau required
Density calculation took 0.417238s
Tau required
Density calculation took 0.417057s
Tau required
Total number of grid points: 323311 (5773 per atom)
Density calculation took 0.420037s
Tau required
Density calculation took 0.431924s
Tau required
Density calculation took 0.412790s
Tau required
Density calculation took 0.413669s
Tau required
Density calculation took 0.413701s
Tau required
Density calculation took 0.413923s
Tau required
Density calculation took 0.413689s
Tau required
Density calculation took 0.413075s
Tau required
Density calculation took 0.414128s
Tau required
Density calculation took 0.413970s
Tau required
Density calculation took 0.413864s
Tau required
Density calculation took 0.413492s
Tau required
Density calculation took 0.414502s
Tau required
Density calculation took 0.414568s
Tau required
Density calculation took 0.413588s
Tau required
Total number of grid points: 322944 (5766 per atom)
Density calculation took 0.415305s
Tau required
Density calculation took 0.434642s
Tau required
Density calculation took 0.416275s
Tau required
Density calculation took 0.416002s
Tau required
Density calculation took 0.416213s
Tau required
Density calculation took 0.416152s
Tau required
Density calculation took 0.416171s
Tau required
Density calculation took 0.416243s
Tau required
Density calculation took 0.416414s
Tau required
Density calculation took 0.415888s
Tau required
Density calculation took 0.416596s
Tau required
Density calculation took 0.415954s
Tau required
Density calculation took 0.416458s
Tau required
Density calculation took 0.416121s
Tau required
Density calculation took 0.416300s
Tau required
Total number of grid points: 323218 (5771 per atom)
Density calculation took 0.414819s
Tau required
Density calculation took 0.429581s
Tau required
Density calculation took 0.411276s
Tau required
Density calculation took 0.411550s
Tau required
Density calculation took 0.411032s
Tau required
Density calculation took 0.411847s
Tau required
Density calculation took 0.411383s
Tau required
Density calculation took 0.411066s
Tau required
Density calculation took 0.411641s
Tau required
Density calculation took 0.412045s
Tau required
Density calculation took 0.411953s
Tau required
Density calculation took 0.412344s
Tau required
Density calculation took 0.411940s
Tau required
Density calculation took 0.412178s
Tau required
Density calculation took 0.411851s
Tau required
Total number of grid points: 323545 (5777 per atom)
Density calculation took 0.417085s
Tau required
Density calculation took 0.432949s
Tau required
Density calculation took 0.414588s
Tau required
Density calculation took 0.414301s
Tau required
Density calculation took 0.414464s
Tau required
Density calculation took 0.414632s
Tau required
Density calculation took 0.414254s
Tau required
Density calculation took 0.414825s
Tau required
Density calculation took 0.414725s
Tau required
Density calculation took 0.414550s
Tau required
Density calculation took 0.414892s
Tau required
Density calculation took 0.414560s
Tau required
Density calculation took 0.414181s
Tau required
Density calculation took 0.414640s
Tau required
Density calculation took 0.414615s
Tau required
Total number of grid points: 323161 (5770 per atom)
Density calculation took 0.416505s
Tau required
Density calculation took 0.434366s
Tau required
Density calculation took 0.415215s
Tau required
Density calculation took 0.415073s
Tau required
Density calculation took 0.415404s
Tau required
Density calculation took 0.415102s
Tau required
Density calculation took 0.415315s
Tau required
Density calculation took 0.415019s
Tau required
Density calculation took 0.415297s
Tau required
Density calculation took 0.415370s
Tau required
Density calculation took 0.415159s
Tau required
Density calculation took 0.415375s
Tau required
Density calculation took 0.415470s
Tau required
Density calculation took 0.415196s
Tau required
Density calculation took 0.415221s
Tau required
Total number of grid points: 322766 (5763 per atom)
Density calculation took 0.415669s
Tau required
Density calculation took 0.428697s
Tau required
Density calculation took 0.410426s
Tau required
Density calculation took 0.410333s
Tau required
Density calculation took 0.410330s
Tau required
Density calculation took 0.410440s
Tau required
Density calculation took 0.409863s
Tau required
Density calculation took 0.410628s
Tau required
Density calculation took 0.409746s
Tau required
Density calculation took 0.410694s
Tau required
Density calculation took 0.409870s
Tau required
Density calculation took 0.410695s
Tau required
Density calculation took 0.409992s
Tau required
Density calculation took 0.410396s
Tau required
Density calculation took 0.410620s
Tau required
Total number of grid points: 323698 (5780 per atom)
Density calculation took 0.415205s
Tau required
Density calculation took 0.434723s
Tau required
Density calculation took 0.416648s
Tau required
Density calculation took 0.416755s
Tau required
Density calculation took 0.416672s
Tau required
Density calculation took 0.416747s
Tau required
Density calculation took 0.416704s
Tau required
Density calculation took 0.416736s
Tau required
Density calculation took 0.416571s
Tau required
Density calculation took 0.416918s
Tau required
Density calculation took 0.416707s
Tau required
Density calculation took 0.416644s
Tau required
Density calculation took 0.416389s
Tau required
Density calculation took 0.417116s
Tau required
Density calculation took 0.416696s
Tau required
Total number of grid points: 323294 (5773 per atom)
Density calculation took 0.416277s
Tau required
Density calculation took 0.429948s
Tau required
Density calculation took 0.411502s
Tau required
Density calculation took 0.411685s
Tau required
Density calculation took 0.411324s
Tau required
Density calculation took 0.410852s
Tau required
Density calculation took 0.411603s
Tau required
Density calculation took 0.411984s
Tau required
Density calculation took 0.411964s
Tau required
Density calculation took 0.411316s
Tau required
Density calculation took 0.412024s
Tau required
Density calculation took 0.412044s
Tau required
Density calculation took 0.411642s
Tau required
Density calculation took 0.411494s
Tau required
Density calculation took 0.412111s
Tau required
Total number of grid points: 323356 (5774 per atom)
Density calculation took 0.413362s
Tau required
Density calculation took 0.432585s
Tau required
Density calculation took 0.414452s
Tau required
Density calculation took 0.413959s
Tau required
Density calculation took 0.414215s
Tau required
Density calculation took 0.414797s
Tau required
Density calculation took 0.414528s
Tau required
Density calculation took 0.414295s
Tau required
Density calculation took 0.414669s
Tau required
Density calculation took 0.414143s
Tau required
Density calculation took 0.414571s
Tau required
Density calculation took 0.414541s
Tau required
Density calculation took 0.414740s
Tau required
Density calculation took 0.414620s
Tau required
Density calculation took 0.414288s
Tau required
Total number of grid points: 323683 (5780 per atom)
Density calculation took 0.416153s
Tau required
Density calculation took 0.433992s
Tau required
Density calculation took 0.415940s
Tau required
Density calculation took 0.416187s
Tau required
Density calculation took 0.416274s
Tau required
Density calculation took 0.415882s
Tau required
Density calculation took 0.416226s
Tau required
Density calculation took 0.416052s
Tau required
Density calculation took 0.416204s
Tau required
Density calculation took 0.416333s
Tau required
Density calculation took 0.416333s
Tau required
Density calculation took 0.416365s
Tau required
Density calculation took 0.416219s
Tau required
Density calculation took 0.416321s
Tau required
Density calculation took 0.415869s
Tau required
Total number of grid points: 323268 (5772 per atom)
Density calculation took 0.415290s
Tau required
Density calculation took 0.432202s
Tau required
Density calculation took 0.414241s
Tau required
Density calculation took 0.414492s
Tau required
Density calculation took 0.414301s
Tau required
Density calculation took 0.413955s
Tau required
Density calculation took 0.414246s
Tau required
Density calculation took 0.414043s
Tau required
Density calculation took 0.414291s
Tau required
Density calculation took 0.414021s
Tau required
Density calculation took 0.414005s
Tau required
Density calculation took 0.414326s
Tau required
Density calculation took 0.413990s
Tau required
Density calculation took 0.414305s
Tau required
Density calculation took 0.413856s
Tau required
Total number of grid points: 322867 (5765 per atom)
Density calculation took 0.412607s
Tau required
Density calculation took 0.434839s
Tau required
Density calculation took 0.415304s
Tau required
Density calculation took 0.415247s
Tau required
Density calculation took 0.415215s
Tau required
Density calculation took 0.414891s
Tau required
Density calculation took 0.415362s
Tau required
Density calculation took 0.414974s
Tau required
Density calculation took 0.415077s
Tau required
Density calculation took 0.415477s
Tau required
Density calculation took 0.415211s
Tau required
Density calculation took 0.415398s
Tau required
Density calculation took 0.415468s
Tau required
Density calculation took 0.415471s
Tau required
Density calculation took 0.415332s
Tau required
Total number of grid points: 322395 (5757 per atom)
Density calculation took 0.414348s
Tau required
Density calculation took 0.434179s
Tau required
Density calculation took 0.415277s
Tau required
Density calculation took 0.415640s
Tau required
Density calculation took 0.415634s
Tau required
Density calculation took 0.415749s
Tau required
Density calculation took 0.415843s
Tau required
Density calculation took 0.415741s
Tau required
Density calculation took 0.415785s
Tau required
Density calculation took 0.415628s
Tau required
Density calculation took 0.415904s
Tau required
Density calculation took 0.415419s
Tau required
Density calculation took 0.415410s
Tau required
Density calculation took 0.415620s
Tau required
Density calculation took 0.415719s
Tau required
Total number of grid points: 323552 (5777 per atom)
Density calculation took 0.417098s
Tau required
Density calculation took 0.434554s
Tau required
Density calculation took 0.416252s
Tau required
Density calculation took 0.416715s
Tau required
Density calculation took 0.416234s
Tau required
Density calculation took 0.416743s
Tau required
Density calculation took 0.416963s
Tau required
Density calculation took 0.416868s
Tau required
Density calculation took 0.416364s
Tau required
Density calculation took 0.416628s
Tau required
Density calculation took 0.416986s
Tau required
Density calculation took 0.416508s
Tau required
Density calculation took 0.416812s
Tau required
Density calculation took 0.416981s
Tau required
Density calculation took 0.416441s
Tau required
Total number of grid points: 323875 (5783 per atom)
Density calculation took 0.413388s
Tau required
Density calculation took 0.431528s
Tau required
Density calculation took 0.412526s
Tau required
Density calculation took 0.412820s
Tau required
Density calculation took 0.412668s
Tau required
Density calculation took 0.413242s
Tau required
Density calculation took 0.412351s
Tau required
Density calculation took 0.412308s
Tau required
Density calculation took 0.412630s
Tau required
Density calculation took 0.413327s
Tau required
Density calculation took 0.412915s
Tau required
Density calculation took 0.413166s
Tau required
Density calculation took 0.413005s
Tau required
Density calculation took 0.412704s
Tau required
Density calculation took 0.412841s
Tau required
Density calculation took 0.413394s
Tau required
Total number of grid points: 323277 (5772 per atom)
Density calculation took 0.416431s
Tau required
Density calculation took 0.434944s
Tau required
Density calculation took 0.415320s
Tau required
Density calculation took 0.415306s
Tau required
Density calculation took 0.415265s
Tau required
Density calculation took 0.415443s
Tau required
Density calculation took 0.415355s
Tau required
Density calculation took 0.415447s
Tau required
Density calculation took 0.415180s
Tau required
Density calculation took 0.415453s
Tau required
Density calculation took 0.415116s
Tau required
Density calculation took 0.414932s
Tau required
Density calculation took 0.415131s
Tau required
Density calculation took 0.415479s
Tau required
Density calculation took 0.415356s
Tau required
Total number of grid points: 323060 (5768 per atom)
Density calculation took 0.414747s
Tau required
Density calculation took 0.430344s
Tau required
Density calculation took 0.412569s
Tau required
Density calculation took 0.412380s
Tau required
Density calculation took 0.412599s
Tau required
Density calculation took 0.412610s
Tau required
Density calculation took 0.412726s
Tau required
Density calculation took 0.412255s
Tau required
Density calculation took 0.412823s
Tau required
Density calculation took 0.412897s
Tau required
Density calculation took 0.412723s
Tau required
Density calculation took 0.412803s
Tau required
Density calculation took 0.412768s
Tau required
Density calculation took 0.412557s
Tau required
Density calculation took 0.412969s
Tau required
Total number of grid points: 322384 (5756 per atom)
Density calculation took 0.412250s
Tau required
Density calculation took 0.430374s
Tau required
Density calculation took 0.411456s
Tau required
Density calculation took 0.412314s
Tau required
Density calculation took 0.412231s
Tau required
Density calculation took 0.411607s
Tau required
Density calculation took 0.412351s
Tau required
Density calculation took 0.412298s
Tau required
Density calculation took 0.411647s
Tau required
Density calculation took 0.411520s
Tau required
Density calculation took 0.412580s
Tau required
Density calculation took 0.412222s
Tau required
Density calculation took 0.412319s
Tau required
Density calculation took 0.412240s
Tau required
Density calculation took 0.412115s
Tau required
Density calculation took 0.412846s
Tau required
Total number of grid points: 323739 (5781 per atom)
Density calculation took 0.414900s
Tau required
Density calculation took 0.433132s
Tau required
Density calculation took 0.414618s
Tau required
Density calculation took 0.414838s
Tau required
Density calculation took 0.414342s
Tau required
Density calculation took 0.414811s
Tau required
Density calculation took 0.414153s
Tau required
Density calculation took 0.414805s
Tau required
Density calculation took 0.414839s
Tau required
Density calculation took 0.414950s
Tau required
Density calculation took 0.414319s
Tau required
Density calculation took 0.414664s
Tau required
Density calculation took 0.414207s
Tau required
Density calculation took 0.414109s
Tau required
Density calculation took 0.414485s
Tau required
Density calculation took 0.415041s
Tau required
[CRAYBLAS_WARNING] Application linked against multiple cray-libsci libraries
******
***************** Running topology 9 of 20 *****************
************************************************************

************************************************************
***** Beginning RI-MGGA_X_R2SCAN+MGGA_C_R2SCAN energy ******
************************************************************

=======================================================
      MGGA_X_R2SCAN+MGGA_C_R2SCAN Energy Results       
=======================================================
E MGGA_X_R2SCAN+MGGA_C_R2SCAN: -1383.68542039
Nuclear Repulsion Energy: 3339.5411613
Electronic Energy:        -4520.49660712
XC Energy:                -202.729975
Converged:                1
# of SCF iterations:      15
SCF Time:                 18.323s

=======================================================
            Individual Calculation Summary             
=======================================================
HF Energy: -1383.6854203934440193
=======================================================


Topology 8 time: 18.467197 s, performance: SP: 0 FLOP/s, DP: 29.73 TFLOP/s
JSON file written to: json_logs/lustre_orion_chm213_scratch_ryan_dhdft_inputs_exess_exess_inputs_r2SCAN_def2-TZVP_isomers_1240-1259_topology_8.json
************************************************************
**************** Running topology 10 of 20 *****************
************************************************************

************************************************************
***** Beginning RI-MGGA_X_R2SCAN+MGGA_C_R2SCAN energy ******
************************************************************

=======================================================
      MGGA_X_R2SCAN+MGGA_C_R2SCAN Energy Results       
=======================================================
E MGGA_X_R2SCAN+MGGA_C_R2SCAN: -1383.69618639
Nuclear Repulsion Energy: 3226.90289852
Electronic Energy:        -4407.87295153
XC Energy:                -202.726133
Converged:                1
# of SCF iterations:      15
SCF Time:                 18.211s

=======================================================
            Individual Calculation Summary             
=======================================================
HF Energy: -1383.6961863857900426
=======================================================


Topology 9 time: 18.347003 s, performance: SP: 0 FLOP/s, DP: 29.95 TFLOP/s
JSON file written to: json_logs/lustre_orion_chm213_scratch_ryan_dhdft_inputs_exess_exess_inputs_r2SCAN_def2-TZVP_isomers_1240-1259_topology_9.json
************************************************************
**************** Running topology 11 of 20 *****************
************************************************************

************************************************************
***** Beginning RI-MGGA_X_R2SCAN+MGGA_C_R2SCAN energy ******
************************************************************

=======================================================
      MGGA_X_R2SCAN+MGGA_C_R2SCAN Energy Results       
=======================================================
E MGGA_X_R2SCAN+MGGA_C_R2SCAN: -1383.69132751
Nuclear Repulsion Energy: 3211.88689736
Electronic Energy:        -4392.85910847
XC Energy:                -202.719116
Converged:                1
# of SCF iterations:      15
SCF Time:                 18.224s

=======================================================
            Individual Calculation Summary             
=======================================================
HF Energy: -1383.6913275083411463
=======================================================


Topology 10 time: 18.359849 s, performance: SP: 0 FLOP/s, DP: 29.93 TFLOP/s
JSON file written to: json_logs/lustre_orion_chm213_scratch_ryan_dhdft_inputs_exess_exess_inputs_r2SCAN_def2-TZVP_isomers_1240-1259_topology_10.json
************************************************************
**************** Running topology 12 of 20 *****************
************************************************************

************************************************************
***** Beginning RI-MGGA_X_R2SCAN+MGGA_C_R2SCAN energy ******
************************************************************

=======================================================
      MGGA_X_R2SCAN+MGGA_C_R2SCAN Energy Results       
=======================================================
E MGGA_X_R2SCAN+MGGA_C_R2SCAN: -1383.68663061
Nuclear Repulsion Energy: 3261.72756533
Electronic Energy:        -4442.68922803
XC Energy:                -202.724968
Converged:                1
# of SCF iterations:      15
SCF Time:                 18.282s

=======================================================
            Individual Calculation Summary             
=======================================================
HF Energy: -1383.6866306066699508
=======================================================


Topology 11 time: 18.420914 s, performance: SP: 0 FLOP/s, DP: 29.82 TFLOP/s
JSON file written to: json_logs/lustre_orion_chm213_scratch_ryan_dhdft_inputs_exess_exess_inputs_r2SCAN_def2-TZVP_isomers_1240-1259_topology_11.json
************************************************************
**************** Running topology 13 of 20 *****************
************************************************************

************************************************************
***** Beginning RI-MGGA_X_R2SCAN+MGGA_C_R2SCAN energy ******
************************************************************

=======================================================
      MGGA_X_R2SCAN+MGGA_C_R2SCAN Energy Results       
=======================================================
E MGGA_X_R2SCAN+MGGA_C_R2SCAN: -1383.68268276
Nuclear Repulsion Energy: 3381.77826473
Electronic Energy:        -4562.73110893
XC Energy:                -202.729839
Converged:                1
# of SCF iterations:      15
SCF Time:                 18.478s

=======================================================
            Individual Calculation Summary             
=======================================================
HF Energy: -1383.6826827553841213
=======================================================


Topology 12 time: 18.623532 s, performance: SP: 0 FLOP/s, DP: 29.47 TFLOP/s
JSON file written to: json_logs/lustre_orion_chm213_scratch_ryan_dhdft_inputs_exess_exess_inputs_r2SCAN_def2-TZVP_isomers_1240-1259_topology_12.json
************************************************************
**************** Running topology 14 of 20 *****************
************************************************************

************************************************************
***** Beginning RI-MGGA_X_R2SCAN+MGGA_C_R2SCAN energy ******
************************************************************

=======================================================
      MGGA_X_R2SCAN+MGGA_C_R2SCAN Energy Results       
=======================================================
E MGGA_X_R2SCAN+MGGA_C_R2SCAN: -1383.68646241
Nuclear Repulsion Energy: 3372.68922668
Electronic Energy:        -4553.64481837
XC Energy:                -202.730871
Converged:                1
# of SCF iterations:      15
SCF Time:                 18.498s

=======================================================
            Individual Calculation Summary             
=======================================================
HF Energy: -1383.6864624056656794
=======================================================


Topology 13 time: 18.642335 s, performance: SP: 0 FLOP/s, DP: 29.44 TFLOP/s
JSON file written to: json_logs/lustre_orion_chm213_scratch_ryan_dhdft_inputs_exess_exess_inputs_r2SCAN_def2-TZVP_isomers_1240-1259_topology_13.json
************************************************************
**************** Running topology 15 of 20 *****************
************************************************************

************************************************************
***** Beginning RI-MGGA_X_R2SCAN+MGGA_C_R2SCAN energy ******
************************************************************

=======================================================
      MGGA_X_R2SCAN+MGGA_C_R2SCAN Energy Results       
=======================================================
E MGGA_X_R2SCAN+MGGA_C_R2SCAN: -1383.68550543
Nuclear Repulsion Energy: 3328.84006881
Electronic Energy:        -4509.79529442
XC Energy:                -202.730280
Converged:                1
# of SCF iterations:      15
SCF Time:                 18.395s

=======================================================
            Individual Calculation Summary             
=======================================================
HF Energy: -1383.6855054307056889
=======================================================


Topology 14 time: 18.536296 s, performance: SP: 0 FLOP/s, DP: 29.63 TFLOP/s
JSON file written to: json_logs/lustre_orion_chm213_scratch_ryan_dhdft_inputs_exess_exess_inputs_r2SCAN_def2-TZVP_isomers_1240-1259_topology_14.json
************************************************************
**************** Running topology 16 of 20 *****************
************************************************************

************************************************************
***** Beginning RI-MGGA_X_R2SCAN+MGGA_C_R2SCAN energy ******
************************************************************

=======================================================
      MGGA_X_R2SCAN+MGGA_C_R2SCAN Energy Results       
=======================================================
E MGGA_X_R2SCAN+MGGA_C_R2SCAN: -1383.67751913
Nuclear Repulsion Energy: 3417.11564378
Electronic Energy:        -4598.06670253
XC Energy:                -202.726460
Converged:                1
# of SCF iterations:      16
SCF Time:                 19.321s

=======================================================
            Individual Calculation Summary             
=======================================================
HF Energy: -1383.6775191298004302
=======================================================


Topology 15 time: 19.472531 s, performance: SP: 0 FLOP/s, DP: 29.9 TFLOP/s
JSON file written to: json_logs/lustre_orion_chm213_scratch_ryan_dhdft_inputs_exess_exess_inputs_r2SCAN_def2-TZVP_isomers_1240-1259_topology_15.json
************************************************************
**************** Running topology 17 of 20 *****************
************************************************************

************************************************************
***** Beginning RI-MGGA_X_R2SCAN+MGGA_C_R2SCAN energy ******
************************************************************

=======================================================
      MGGA_X_R2SCAN+MGGA_C_R2SCAN Energy Results       
=======================================================
E MGGA_X_R2SCAN+MGGA_C_R2SCAN: -1383.67409046
Nuclear Repulsion Energy: 3393.01092525
Electronic Energy:        -4573.96326787
XC Energy:                -202.721748
Converged:                1
# of SCF iterations:      15
SCF Time:                 18.424s

=======================================================
            Individual Calculation Summary             
=======================================================
HF Energy: -1383.6740904616176522
=======================================================


Topology 16 time: 18.571692 s, performance: SP: 0 FLOP/s, DP: 29.56 TFLOP/s
JSON file written to: json_logs/lustre_orion_chm213_scratch_ryan_dhdft_inputs_exess_exess_inputs_r2SCAN_def2-TZVP_isomers_1240-1259_topology_16.json
************************************************************
**************** Running topology 18 of 20 *****************
************************************************************

************************************************************
***** Beginning RI-MGGA_X_R2SCAN+MGGA_C_R2SCAN energy ******
************************************************************

=======================================================
      MGGA_X_R2SCAN+MGGA_C_R2SCAN Energy Results       
=======================================================
E MGGA_X_R2SCAN+MGGA_C_R2SCAN: -1383.67138284
Nuclear Repulsion Energy: 3369.21841576
Electronic Energy:        -4550.16905376
XC Energy:                -202.720745
Converged:                1
# of SCF iterations:      15
SCF Time:                 18.234s

=======================================================
            Individual Calculation Summary             
=======================================================
HF Energy: -1383.6713828375061439
=======================================================


Topology 17 time: 18.380688 s, performance: SP: 0 FLOP/s, DP: 29.83 TFLOP/s
JSON file written to: json_logs/lustre_orion_chm213_scratch_ryan_dhdft_inputs_exess_exess_inputs_r2SCAN_def2-TZVP_isomers_1240-1259_topology_17.json
************************************************************
**************** Running topology 19 of 20 *****************
************************************************************

************************************************************
***** Beginning RI-MGGA_X_R2SCAN+MGGA_C_R2SCAN energy ******
************************************************************

=======================================================
      MGGA_X_R2SCAN+MGGA_C_R2SCAN Energy Results       
=======================================================
E MGGA_X_R2SCAN+MGGA_C_R2SCAN: -1383.67342908
Nuclear Repulsion Energy: 3413.85780313
Electronic Energy:        -4594.80919961
XC Energy:                -202.722033
Converged:                1
# of SCF iterations:      16
SCF Time:                 19.345s

=======================================================
            Individual Calculation Summary             
=======================================================
HF Energy: -1383.6734290848260116
=======================================================


Topology 18 time: 19.496057 s, performance: SP: 0 FLOP/s, DP: 29.86 TFLOP/s
JSON file written to: json_logs/lustre_orion_chm213_scratch_ryan_dhdft_inputs_exess_exess_inputs_r2SCAN_def2-TZVP_isomers_1240-1259_topology_18.json
************************************************************
**************** Running topology 20 of 20 *****************
************************************************************

************************************************************
***** Beginning RI-MGGA_X_R2SCAN+MGGA_C_R2SCAN energy ******
************************************************************

=======================================================
      MGGA_X_R2SCAN+MGGA_C_R2SCAN Energy Results       
=======================================================
E MGGA_X_R2SCAN+MGGA_C_R2SCAN: -1383.67801364
Nuclear Repulsion Energy: 3460.99832485
Electronic Energy:        -4641.94857268
XC Energy:                -202.727766
Converged:                1
# of SCF iterations:      16
SCF Time:                 19.459s

=======================================================
            Individual Calculation Summary             
=======================================================
HF Energy: -1383.6780136367665364
=======================================================


Topology 19 time: 19.615284 s, performance: SP: 0 FLOP/s, DP: 29.64 TFLOP/s
JSON file written to: json_logs/lustre_orion_chm213_scratch_ryan_dhdft_inputs_exess_exess_inputs_r2SCAN_def2-TZVP_isomers_1240-1259_topology_19.json
Total flops: SP: 0 FLOPS, DP: 11.083403 PFLOPS
Performance: SP: 0 FLOP/s, DP: 29.01 TFLOP/s

Now, a word from our sponsors... 
 Es el top top top top top top top 

[31mTotal processing time 382.328845 seconds[0m
[CRAYBLAS_WARNING] Application linked against multiple cray-libsci libraries
   6.9414e-06   |    0.9479     |    0.1553
Density calculation took 0.388110s
Tau required
   10     | -1383.6864619971 |   1.4622e-06   |    0.9488     |    0.1555
Density calculation took 0.388280s
Tau required
   11     | -1383.6864623758 |   1.0271e-07   |    0.9487     |    0.1558
Density calculation took 0.388143s
Tau required
   12     | -1383.6864623950 |   3.5196e-08   |    0.9477     |    0.1552
Density calculation took 0.388105s
Tau required
   13     | -1383.6864624045 |   4.0465e-09   |    0.9468     |    0.1555
Density calculation took 0.388074s
Tau required
   14     | -1383.6864624055 |   5.0527e-10   |    0.9476     |    0.1548
Density calculation took 0.388197s
Tau required
   15     | -1383.6864624057 |   9.8430e-11   |    0.9469     |    0.1554
Created 533090 / 2005056 significant shell pairs
Created 412906 / 1527696 significant shell pairs
Total number of grid points: 323190 (5771 per atom)
One electron integrals and orthogonalizer took 0.040208s
Created 412906 / 1527696 significant shell pairs
3C integrals and B formation took 1.419843s
Iteration |      Energy      |  DIIS Metric   | Fock Time (s) | DIIS Time (s)
----------+------------------+----------------+---------------+--------------
Density calculation took 0.410033s
Tau required
    1     | -1392.5385671675 |   8.5815e+02   |    1.1227     |    0.1780
Density calculation took 0.416734s
Tau required
    2     | -1383.0600408229 |   2.2425e+00   |    0.9596     |    0.1530
Density calculation took 0.396884s
Tau required
    3     | -1382.9501375585 |   2.7940e+00   |    0.9413     |    0.1586
Density calculation took 0.397263s
Tau required
    4     | -1383.6653678901 |   7.3042e-02   |    0.9428     |    0.1528
Density calculation took 0.397060s
Tau required
    5     | -1383.6763293523 |   3.2039e-02   |    0.9422     |    0.1599
Density calculation took 0.396971s
Tau required
    6     | -1383.6850394608 |   1.6834e-03   |    0.9439     |    0.1572
Density calculation took 0.396746s
Tau required
    7     | -1383.6854107331 |   3.3661e-04   |    0.9430     |    0.1608
Density calculation took 0.397263s
Tau required
    8     | -1383.6854843102 |   7.2266e-05   |    0.9423     |    0.1557
Density calculation took 0.397329s
Tau required
    9     | -1383.6855036731 |   6.0790e-06   |    0.9406     |    0.1545
Density calculation took 0.396900s
Tau required
   10     | -1383.6855049762 |   1.5816e-06   |    0.9419     |    0.1548
Density calculation took 0.397131s
Tau required
   11     | -1383.6855053986 |   1.1121e-07   |    0.9424     |    0.1552
Density calculation took 0.396924s
Tau required
   12     | -1383.6855054205 |   3.4649e-08   |    0.9422     |    0.1548
Density calculation took 0.397079s
Tau required
   13     | -1383.6855054294 |   4.7369e-09   |    0.9435     |    0.1550
Density calculation took 0.396719s
Tau required
   14     | -1383.6855054305 |   7.1086e-10   |    0.9432     |    0.1549
Density calculation took 0.397205s
Tau required
   15     | -1383.6855054307 |   8.0695e-11   |    0.9415     |    0.1558
Created 564251 / 2005056 significant shell pairs
Created 437513 / 1527696 significant shell pairs
Total number of grid points: 323452 (5775 per atom)
One electron integrals and orthogonalizer took 0.040666s
Created 437513 / 1527696 significant shell pairs
3C integrals and B formation took 1.430305s
Iteration |      Energy      |  DIIS Metric   | Fock Time (s) | DIIS Time (s)
----------+------------------+----------------+---------------+--------------
Density calculation took 0.408417s
Tau required
    1     | -1392.5291598646 |   8.5916e+02   |    1.0912     |    0.1778
Density calculation took 0.415891s
Tau required
    2     | -1383.0517721417 |   2.2316e+00   |    0.9500     |    0.1533
Density calculation took 0.398411s
Tau required
    3     | -1382.9385756294 |   2.7749e+00   |    0.9303     |    0.1593
Density calculation took 0.398001s
Tau required
    4     | -1383.6494307979 |   9.8860e-02   |    0.9308     |    0.1531
Density calculation took 0.398128s
Tau required
    5     | -1383.6671103929 |   3.6318e-02   |    0.9311     |    0.1647
Density calculation took 0.398011s
Tau required
    6     | -1383.6766410407 |   3.1346e-03   |    0.9313     |    0.1537
Density calculation took 0.398480s
Tau required
    7     | -1383.6773688982 |   5.1083e-04   |    0.9321     |    0.1610
Density calculation took 0.397967s
Tau required
    8     | -1383.6774702899 |   1.7258e-04   |    0.9313     |    0.1555
Density calculation took 0.398210s
Tau required
    9     | -1383.6775157683 |   1.1558e-05   |    0.9316     |    0.1553
Density calculation took 0.398283s
Tau required
   10     | -1383.6775186448 |   1.7460e-06   |    0.9311     |    0.1550
Density calculation took 0.398127s
Tau required
   11     | -1383.6775190591 |   2.4223e-07   |    0.9317     |    0.1547
Density calculation took 0.398313s
Tau required
   12     | -1383.6775191226 |   2.4817e-08   |    0.9308     |    0.1554
Density calculation took 0.397988s
Tau required
   13     | -1383.6775191283 |   5.6538e-09   |    0.9301     |    0.1550
Density calculation took 0.398078s
Tau required
   14     | -1383.6775191297 |   3.6055e-10   |    0.9326     |    0.1552
Density calculation took 0.398108s
Tau required
   15     | -1383.6775191298 |   1.0436e-10   |    0.9313     |    0.1556
Density calculation took 0.398382s
Tau required
   16     | -1383.6775191298 |   1.0408e-11   |    0.9310     |    0.1557
Created 555184 / 2005056 significant shell pairs
Created 430801 / 1527696 significant shell pairs
Total number of grid points: 323325 (5773 per atom)
One electron integrals and orthogonalizer took 0.040642s
Created 430801 / 1527696 significant shell pairs
3C integrals and B formation took 1.420281s
Iteration |      Energy      |  DIIS Metric   | Fock Time (s) | DIIS Time (s)
----------+------------------+----------------+---------------+--------------
Density calculation took 0.410627s
Tau required
    1     | -1392.5227629788 |   8.5740e+02   |    1.1058     |    0.1777
Density calculation took 0.414041s
Tau required
    2     | -1383.0531773058 |   2.2094e+00   |    0.9645     |    0.1528
Density calculation took 0.396038s
Tau required
    3     | -1382.9545112961 |   2.7128e+00   |    0.9437     |    0.1590
Density calculation took 0.396214s
Tau required
    4     | -1383.6550171050 |   7.2306e-02   |    0.9431     |    0.1577
Density calculation took 0.396069s
Tau required
    5     | -1383.6690203425 |   1.8491e-02   |    0.9431     |    0.1604
Density calculation took 0.396519s
Tau required
    6     | -1383.6734556899 |   2.2133e-03   |    0.9449     |    0.1543
Density calculation took 0.396331s
Tau required
    7     | -1383.6739851249 |   3.6047e-04   |    0.9445     |    0.1613
Density calculation took 0.396213s
Tau required
    8     | -1383.6740666609 |   8.2254e-05   |    0.9443     |    0.1551
Density calculation took 0.396214s
Tau required
    9     | -1383.6740890480 |   4.7858e-06   |    0.9441     |    0.1546
Density calculation took 0.396396s
Tau required
   10     | -1383.6740899643 |   1.6645e-06   |    0.9461     |    0.1556
Density calculation took 0.396196s
Tau required
   11     | -1383.6740904249 |   1.2275e-07   |    0.9435     |    0.1551
Density calculation took 0.396115s
Tau required
   12     | -1383.6740904522 |   3.2071e-08   |    0.9426     |    0.1560
Density calculation took 0.396275s
Tau required
   13     | -1383.6740904598 |   6.7047e-09   |    0.9434     |    0.1558
Density calculation took 0.396300s
Tau required
   14     | -1383.6740904615 |   4.5098e-10   |    0.9452     |    0.1559
Density calculation took 0.396154s
Tau required
   15     | -1383.6740904616 |   8.1518e-11   |    0.9436     |    0.1560
Created 549437 / 2005056 significant shell pairs
Created 425544 / 1527696 significant shell pairs
Total number of grid points: 322840 (5765 per atom)
One electron integrals and orthogonalizer took 0.040812s
Created 425544 / 1527696 significant shell pairs
3C integrals and B formation took 1.418404s
Iteration |      Energy      |  DIIS Metric   | Fock Time (s) | DIIS Time (s)
----------+------------------+----------------+---------------+--------------
Density calculation took 0.408151s
Tau required
    1     | -1392.5190453904 |   8.5679e+02   |    1.1001     |    0.1783
Density calculation took 0.415432s
Tau required
    2     | -1383.0502353275 |   2.2108e+00   |    0.9500     |    0.1527
Density calculation took 0.396738s
Tau required
    3     | -1382.9545800576 |   2.6961e+00   |    0.9309     |    0.1595
Density calculation took 0.397055s
Tau required
    4     | -1383.6525176757 |   7.0348e-02   |    0.9322     |    0.1521
Density calculation took 0.396978s
Tau required
    5     | -1383.6660697150 |   1.9656e-02   |    0.9316     |    0.1608
Density calculation took 0.396623s
Tau required
    6     | -1383.6708037012 |   2.0124e-03   |    0.9324     |    0.1546
Density calculation took 0.397091s
Tau required
    7     | -1383.6712620751 |   3.9413e-04   |    0.9337     |    0.1596
Density calculation took 0.396918s
Tau required
    8     | -1383.6713576148 |   8.6773e-05   |    0.9322     |    0.1554
Density calculation took 0.396578s
Tau required
    9     | -1383.6713813374 |   5.0560e-06   |    0.9317     |    0.1548
Density calculation took 0.396729s
Tau required
   10     | -1383.6713823348 |   1.7532e-06   |    0.9339     |    0.1553
Density calculation took 0.396951s
Tau required
   11     | -1383.6713827998 |   1.3156e-07   |    0.9323     |    0.1552
Density calculation took 0.396753s
Tau required
   12     | -1383.6713828274 |   3.4475e-08   |    0.9333     |    0.1555
Density calculation took 0.396849s
Tau required
   13     | -1383.6713828358 |   6.1132e-09   |    0.9312     |    0.1553
Density calculation took 0.396793s
Tau required
   14     | -1383.6713828374 |   4.1906e-10   |    0.9328     |    0.1551
Density calculation took 0.396949s
Tau required
   15     | -1383.6713828375 |   8.4274e-11   |    0.9324     |    0.1540
Created 563057 / 2005056 significant shell pairs
Created 436918 / 1527696 significant shell pairs
Total number of grid points: 323819 (5782 per atom)
One electron integrals and orthogonalizer took 0.040722s
Created 436918 / 1527696 significant shell pairs
3C integrals and B formation took 1.430752s
Iteration |      Energy      |  DIIS Metric   | Fock Time (s) | DIIS Time (s)
----------+------------------+----------------+---------------+--------------
Density calculation took 0.411706s
Tau required
    1     | -1392.5221012282 |   8.5716e+02   |    1.1019     |    0.1772
Density calculation took 0.417393s
Tau required
    2     | -1383.0509706843 |   2.2153e+00   |    0.9522     |    0.1523
Density calculation took 0.397489s
Tau required
    3     | -1382.9465112328 |   2.7253e+00   |    0.9315     |    0.1619
Density calculation took 0.397262s
Tau required
    4     | -1383.6459854060 |   9.5081e-02   |    0.9330     |    0.1534
Density calculation took 0.397654s
Tau required
    5     | -1383.6619344700 |   3.8938e-02   |    0.9311     |    0.1602
Density calculation took 0.397651s
Tau required
    6     | -1383.6724560636 |   3.4894e-03   |    0.9323     |    0.1541
Density calculation took 0.397577s
Tau required
    7     | -1383.6733164948 |   3.8017e-04   |    0.9325     |    0.1616
Density calculation took 0.397302s
Tau required
    8     | -1383.6733924705 |   1.2769e-04   |    0.9326     |    0.1550
Density calculation took 0.397441s
Tau required
    9     | -1383.6734259110 |   1.0382e-05   |    0.9323     |    0.1556
Density calculation took 0.397536s
Tau required
   10     | -1383.6734284232 |   2.3255e-06   |    0.9326     |    0.1550
Density calculation took 0.397481s
Tau required
   11     | -1383.6734290230 |   2.1376e-07   |    0.9332     |    0.1547
Density calculation took 0.397463s
Tau required
   12     | -1383.6734290775 |   2.4537e-08   |    0.9327     |    0.1553
Density calculation took 0.397407s
Tau required
   13     | -1383.6734290832 |   5.5500e-09   |    0.9324     |    0.1552
Density calculation took 0.397577s
Tau required
   14     | -1383.6734290847 |   4.8281e-10   |    0.9327     |    0.1553
Density calculation took 0.397363s
Tau required
   15     | -1383.6734290848 |   1.1947e-10   |    0.9322     |    0.1555
Density calculation took 0.397499s
Tau required
   16     | -1383.6734290848 |   9.6799e-12   |    0.9322     |    0.1553
Created 580699 / 2005056 significant shell pairs
Created 450356 / 1527696 significant shell pairs
Total number of grid points: 323299 (5773 per atom)
One electron integrals and orthogonalizer took 0.041307s
Created 450356 / 1527696 significant shell pairs
3C integrals and B formation took 1.442877s
Iteration |      Energy      |  DIIS Metric   | Fock Time (s) | DIIS Time (s)
----------+------------------+----------------+---------------+--------------
Density calculation took 0.404640s
Tau required
    1     | -1392.5334276875 |   8.6003e+02   |    1.1115     |    0.1769
Density calculation took 0.410653s
Tau required
    2     | -1383.0529650289 |   2.2286e+00   |    0.9644     |    0.1527
Density calculation took 0.392966s
Tau required
    3     | -1382.9342597263 |   2.7862e+00   |    0.9378     |    0.1588
Density calculation took 0.393100s
Tau required
    4     | -1383.6418029556 |   1.2343e-01   |    0.9394     |    0.1533
Density calculation took 0.392740s
Tau required
    5     | -1383.6647104348 |   4.5942e-02   |    0.9378     |    0.1605
Density calculation took 0.392727s
Tau required
    6     | -1383.6771450324 |   3.2397e-03   |    0.9374     |    0.1541
Density calculation took 0.392715s
Tau required
    7     | -1383.6778557367 |   5.4666e-04   |    0.9378     |    0.1602
Density calculation took 0.392971s
Tau required
    8     | -1383.6779584107 |   1.9571e-04   |    0.9374     |    0.1551
Density calculation took 0.393012s
Tau required
    9     | -1383.6780097452 |   1.3442e-05   |    0.9379     |    0.1546
Density calculation took 0.392849s
Tau required
   10     | -1383.6780131167 |   1.8785e-06   |    0.9376     |    0.1581
Density calculation took 0.392865s
Tau required
   11     | -1383.6780135441 |   3.2354e-07   |    0.9368     |    0.1562
Density calculation took 0.392865s
Tau required
   12     | -1383.6780136299 |   2.3952e-08   |    0.9378     |    0.1559
Density calculation took 0.392904s
Tau required
   13     | -1383.6780136349 |   6.6606e-09   |    0.9367     |    0.1554
Density calculation took 0.392808s
Tau required
   14     | -1383.6780136366 |   4.2542e-10   |    0.9371     |    0.1557
Density calculation took 0.392949s
Tau required
   15     | -1383.6780136367 |   1.6340e-10   |    0.9375     |    0.1556
Density calculation took 0.392955s
Tau required
   16     | -1383.6780136368 |   9.7696e-12   |    0.9376     |    0.1548
Please cite the following papers for the methods used in this calculation:
 - J.L. Galvez Vallejo et. al., Toward an extreme-scale electronic structure system, J. Chem. Phys., 2023. DOI: 10.1063/5.0156399

 - R. Stocks, E. Palethorpe, and G.M.J. Barca, Multi-GPU RI-HF Energies and Analytic Gradients ─ Toward High-Throughput Ab Initio Molecular Dynamics, J. Chem. Theory Comput., 2024. DOI: 10.1021/acs.jctc.4c00877
   For:
     * RI-HF energy

 - S. Lehtola, C. Steigemann, M.J.T. Oliveira, and M.A.L. Marques, Recent developments in Libxc: A comprehensive library of functionals for density functional theory, SoftwareX, 2018. DOI: 10.1016/j.softx.2017.11.002
   For:
     * LibXC version 6.2.0

 - D.B. Williams-Young, W.A. de Jong, H.J.J. van Dam, and C. Yang, On the Efficient Evaluation of the Exchange Correlation Potential on Graphics Processing Unit Clusters, Frontiers in Chemistry, 2020. DOI: 10.3389/fchem.2020.581058
   For:
     * ExchCXX GPU implementation of exchange-correlation functionals

 - R. Stocks and G.M.J. Barca, Efficient Algorithms for GPU Accelerated Evaluation of the DFT Exchange-Correlation Functional, J. Chem. Theory Comput., 2025. DOI: 10.1021/acs.jctc.5c01229
   For:
     * GPU accelerated DFT exchange-correlation evaluation

 - J. W. Furness, A. D. Kaplan, J. Ning, J. P. Perdew, and J. Sun.,  J. Phys. Chem. Lett. 11, 8208-8215 (2020) DOI: 10.1021/acs.jpclett.0c02405
   For:
     * MGGA_X_R2SCAN XC Functional
     * MGGA_C_R2SCAN XC Functional

[CRAYBLAS_WARNING] Application linked against multiple cray-libsci libraries
