Total number of grid points: 357538 (5766 per atom)
Density calculation took 0.553884s
Tau required
Density calculation took 0.528115s
Tau required
Density calculation took 0.509592s
Tau required
Density calculation took 0.509844s
Tau required
Density calculation took 0.510011s
Tau required
Density calculation took 0.509777s
Tau required
Density calculation took 0.510250s
Tau required
Density calculation took 0.510168s
Tau required
Density calculation took 0.510739s
Tau required
Density calculation took 0.510094s
Tau required
Density calculation took 0.510143s
Tau required
Density calculation took 0.510236s
Tau required
Density calculation took 0.510393s
Tau required
Density calculation took 0.510479s
Tau required
Density calculation took 0.510472s
Tau required
Density calculation took 0.510457s
Tau required
Total number of grid points: 357994 (5774 per atom)
Density calculation took 0.560180s
Tau required
Density calculation took 0.534765s
Tau required
Density calculation took 0.513106s
Tau required
Density calculation took 0.513944s
Tau required
Density calculation took 0.514174s
Tau required
Density calculation took 0.513785s
Tau required
Density calculation took 0.513778s
Tau required
Density calculation took 0.514797s
Tau required
Density calculation took 0.514724s
Tau required
Density calculation took 0.514470s
Tau required
Density calculation took 0.514621s
Tau required
Density calculation took 0.515140s
Tau required
Density calculation took 0.514882s
Tau required
Density calculation took 0.514954s
Tau required
Density calculation took 0.515041s
Tau required
Density calculation took 0.515317s
Tau required
Total number of grid points: 358561 (5783 per atom)
Density calculation took 0.555098s
Tau required
Density calculation took 0.532125s
Tau required
Density calculation took 0.511642s
Tau required
Density calculation took 0.511986s
Tau required
Density calculation took 0.511779s
Tau required
Density calculation took 0.512230s
Tau required
Density calculation took 0.511569s
Tau required
Density calculation took 0.512327s
Tau required
Density calculation took 0.512593s
Tau required
Density calculation took 0.512635s
Tau required
Density calculation took 0.512403s
Tau required
Density calculation took 0.512771s
Tau required
Density calculation took 0.512806s
Tau required
Density calculation took 0.512804s
Tau required
Density calculation took 0.512684s
Tau required
Density calculation took 0.512798s
Tau required
Total number of grid points: 357694 (5769 per atom)
Density calculation took 0.563580s
Tau required
Density calculation took 0.538391s
Tau required
Density calculation took 0.516089s
Tau required
Density calculation took 0.516382s
Tau required
Density calculation took 0.516412s
Tau required
Density calculation took 0.516621s
Tau required
Density calculation took 0.516477s
Tau required
Density calculation took 0.516630s
Tau required
Density calculation took 0.516525s
Tau required
Density calculation took 0.516962s
Tau required
Density calculation took 0.516800s
Tau required
Density calculation took 0.517051s
Tau required
Density calculation took 0.516777s
Tau required
Density calculation took 0.517160s
Tau required
Density calculation took 0.516774s
Tau required
Density calculation took 0.517249s
Tau required
Total number of grid points: 357418 (5764 per atom)
Density calculation took 0.551347s
Tau required
Density calculation took 0.532370s
Tau required
Density calculation took 0.510924s
Tau required
Density calculation took 0.511070s
Tau required
Density calculation took 0.510722s
Tau required
Density calculation took 0.511689s
Tau required
Density calculation took 0.510952s
Tau required
Density calculation took 0.511241s
Tau required
Density calculation took 0.511438s
Tau required
Density calculation took 0.510632s
Tau required
Density calculation took 0.511313s
Tau required
Density calculation took 0.510909s
Tau required
Density calculation took 0.511203s
Tau required
Density calculation took 0.510802s
Tau required
Density calculation took 0.511295s
Tau required
Total number of grid points: 357849 (5771 per atom)
Density calculation took 0.564151s
Tau required
Density calculation took 0.536203s
Tau required
Density calculation took 0.515907s
Tau required
Density calculation took 0.515117s
Tau required
Density calculation took 0.515366s
Tau required
Density calculation took 0.515800s
Tau required
Density calculation took 0.515938s
Tau required
Density calculation took 0.516071s
Tau required
Density calculation took 0.515389s
Tau required
Density calculation took 0.515952s
Tau required
Density calculation took 0.516027s
Tau required
Density calculation took 0.515911s
Tau required
Density calculation took 0.516112s
Tau required
Density calculation took 0.516032s
Tau required
Density calculation took 0.516241s
Tau required
Total number of grid points: 357366 (5763 per atom)
Density calculation took 0.564033s
Tau required
Density calculation took 0.536121s
Tau required
Density calculation took 0.515553s
Tau required
Density calculation took 0.516679s
Tau required
Density calculation took 0.516522s
Tau required
Density calculation took 0.515978s
Tau required
Density calculation took 0.515487s
Tau required
Density calculation took 0.516203s
Tau required
Density calculation took 0.516162s
Tau required
Density calculation took 0.515810s
Tau required
Density calculation took 0.516084s
Tau required
Density calculation took 0.515438s
Tau required
Density calculation took 0.516073s
Tau required
Density calculation took 0.516328s
Tau required
Density calculation took 0.516270s
Tau required
Density calculation took 0.516292s
Tau required
Total number of grid points: 357089 (5759 per atom)
Density calculation took 0.565596s
Tau required
Density calculation took 0.535777s
Tau required
Density calculation took 0.514887s
Tau required
Density calculation took 0.514252s
Tau required
Density calculation took 0.514547s
Tau required
Density calculation took 0.515041s
Tau required
Density calculation took 0.515201s
Tau required
Density calculation took 0.515154s
Tau required
Density calculation took 0.515139s
Tau required
Density calculation took 0.515297s
Tau required
Density calculation took 0.515452s
Tau required
Density calculation took 0.515265s
Tau required
Density calculation took 0.515485s
Tau required
Density calculation took 0.515516s
Tau required
Density calculation took 0.515258s
Tau required
Density calculation took 0.515382s
Tau required
Total number of grid points: 357544 (5766 per atom)
Density calculation took 0.552966s
Tau required
Density calculation took 0.533797s
Tau required
Density calculation took 0.512457s
Tau required
Density calculation took 0.511744s
Tau required
Density calculation took 0.512806s
Tau required
Density calculation took 0.512960s
Tau required
Density calculation took 0.512809s
Tau required
Density calculation took 0.512899s
Tau required
Density calculation took 0.512820s
Tau required
Density calculation took 0.512688s
Tau required
Density calculation took 0.512932s
Tau required
Density calculation took 0.513007s
Tau required
Density calculation took 0.512916s
Tau required
Density calculation took 0.512883s
Tau required
Density calculation took 0.512911s
Tau required
Density calculation took 0.513026s
Tau required
Total number of grid points: 358384 (5780 per atom)
Density calculation took 0.554318s
Tau required
Density calculation took 0.534646s
Tau required
Density calculation took 0.514142s
Tau required
Density calculation took 0.514307s
Tau required
Density calculation took 0.514560s
Tau required
Density calculation took 0.513816s
Tau required
Density calculation took 0.514670s
Tau required
Density calculation took 0.513900s
Tau required
Density calculation took 0.514537s
Tau required
Density calculation took 0.514637s
Tau required
Density calculation took 0.514635s
Tau required
Density calculation took 0.514673s
Tau required
Density calculation took 0.514744s
Tau required
Density calculation took 0.514777s
Tau required
Density calculation took 0.514794s
Tau required
Density calculation took 0.514796s
Tau required
Total number of grid points: 357858 (5771 per atom)
Density calculation took 0.559227s
Tau required
Density calculation took 0.533142s
Tau required
Density calculation took 0.512461s
Tau required
Density calculation took 0.512152s
Tau required
Density calculation took 0.512952s
Tau required
Density calculation took 0.512375s
Tau required
Density calculation took 0.513026s
Tau required
Density calculation took 0.512739s
Tau required
Density calculation took 0.513230s
Tau required
Density calculation took 0.512927s
Tau required
Density calculation took 0.513337s
Tau required
Density calculation took 0.512730s
Tau required
Density calculation took 0.513286s
Tau required
Density calculation took 0.513064s
Tau required
Density calculation took 0.513403s
Tau required
Density calculation took 0.512729s
Tau required
Density calculation took 0.512975s
Tau required
Total number of grid points: 357701 (5769 per atom)
Density calculation took 0.571129s
Tau required
Density calculation took 0.539196s
Tau required
Density calculation took 0.518134s
Tau required
Density calculation took 0.518368s
Tau required
Density calculation took 0.518926s
Tau required
Density calculation took 0.518548s
Tau required
Density calculation took 0.518885s
Tau required
Density calculation took 0.518353s
Tau required
Density calculation took 0.518717s
Tau required
Density calculation took 0.518627s
Tau required
Density calculation took 0.518834s
Tau required
Density calculation took 0.518460s
Tau required
Density calculation took 0.518149s
Tau required
Density calculation took 0.518564s
Tau required
Density calculation took 0.518577s
Tau required
Density calculation took 0.518645s
Tau required
Total number of grid points: 357958 (5773 per atom)
Density calculation took 0.559635s
Tau required
Density calculation took 0.533305s
Tau required
Density calculation took 0.512533s
Tau required
Density calculation took 0.512106s
Tau required
Density calculation took 0.512328s
Tau required
Density calculation took 0.512579s
Tau required
Density calculation took 0.512426s
Tau required
Density calculation took 0.512487s
Tau required
Density calculation took 0.512628s
Tau required
Density calculation took 0.512433s
Tau required
Density calculation took 0.512757s
Tau required
Density calculation took 0.512727s
Tau required
Density calculation took 0.512892s
Tau required
Density calculation took 0.512167s
Tau required
Density calculation took 0.512895s
Tau required
Density calculation took 0.512630s
Tau required
Total number of grid points: 358060 (5775 per atom)
Density calculation took 0.549457s
Tau required
Density calculation took 0.535491s
Tau required
Density calculation took 0.514477s
Tau required
Density calculation took 0.514559s
Tau required
Density calculation took 0.513929s
Tau required
Density calculation took 0.514199s
Tau required
Density calculation took 0.513473s
Tau required
Density calculation took 0.513986s
Tau required
Density calculation took 0.513698s
Tau required
Density calculation took 0.514392s
Tau required
Density calculation took 0.514082s
Tau required
Density calculation took 0.514127s
Tau required
Density calculation took 0.514215s
Tau required
Density calculation took 0.514045s
Tau required
Density calculation took 0.514286s
Tau required
Density calculation took 0.514081s
Tau required
Total number of grid points: 358088 (5775 per atom)
Density calculation took 0.561055s
Tau required
Density calculation took 0.538216s
Tau required
Density calculation took 0.517465s
Tau required
Density calculation took 0.517363s
Tau required
Density calculation took 0.517494s
Tau required
Density calculation took 0.517473s
Tau required
Density calculation took 0.517720s
Tau required
Density calculation took 0.517059s
Tau required
Density calculation took 0.517619s
Tau required
Density calculation took 0.517744s
Tau required
Density calculation took 0.517267s
Tau required
Density calculation took 0.517545s
Tau required
Density calculation took 0.517672s
Tau required
Density calculation took 0.517347s
Tau required
Density calculation took 0.517714s
Tau required
Density calculation took 0.517935s
Tau required
Total number of grid points: 357894 (5772 per atom)
Density calculation took 0.554329s
Tau required
Density calculation took 0.535018s
Tau required
Density calculation took 0.512955s
Tau required
Density calculation took 0.512222s
Tau required
Density calculation took 0.512973s
Tau required
Density calculation took 0.513004s
Tau required
Density calculation took 0.513318s
Tau required
Density calculation took 0.512933s
Tau required
Density calculation took 0.513456s
Tau required
Density calculation took 0.513014s
Tau required
Density calculation took 0.512987s
Tau required
Density calculation took 0.513188s
Tau required
Density calculation took 0.513118s
Tau required
Density calculation took 0.513191s
Tau required
Density calculation took 0.513235s
Tau required
Density calculation took 0.513286s
Tau required
Total number of grid points: 357070 (5759 per atom)
Density calculation took 0.564972s
Tau required
Density calculation took 0.535550s
Tau required
Density calculation took 0.515095s
Tau required
Density calculation took 0.515068s
Tau required
Density calculation took 0.515152s
Tau required
Density calculation took 0.515189s
Tau required
Density calculation took 0.515058s
Tau required
Density calculation took 0.515177s
Tau required
Density calculation took 0.515505s
Tau required
Density calculation took 0.515477s
Tau required
Density calculation took 0.515255s
Tau required
Density calculation took 0.515223s
Tau required
Density calculation took 0.515654s
Tau required
Density calculation took 0.515424s
Tau required
Density calculation took 0.515831s
Tau required
Density calculation took 0.515495s
Tau required
Density calculation took 0.515927s
Tau required
Total number of grid points: 357512 (5766 per atom)
Density calculation took 0.556136s
Tau required
Density calculation took 0.539179s
Tau required
Density calculation took 0.518645s
Tau required
Density calculation took 0.519043s
Tau required
Density calculation took 0.519129s
Tau required
Density calculation took 0.519337s
Tau required
Density calculation took 0.519487s
Tau required
Density calculation took 0.519204s
Tau required
Density calculation took 0.519215s
Tau required
Density calculation took 0.519146s
Tau required
Density calculation took 0.519512s
Tau required
Density calculation took 0.519401s
Tau required
Density calculation took 0.519570s
Tau required
Density calculation took 0.519705s
Tau required
Density calculation took 0.519159s
Tau required
Density calculation took 0.519498s
Tau required
Total number of grid points: 357775 (5770 per atom)
Density calculation took 0.550594s
Tau required
Density calculation took 0.534197s
Tau required
Density calculation took 0.513524s
Tau required
Density calculation took 0.513794s
Tau required
Density calculation took 0.514174s
Tau required
Density calculation took 0.513403s
Tau required
Density calculation took 0.514262s
Tau required
Density calculation took 0.513790s
Tau required
Density calculation took 0.514308s
Tau required
Density calculation took 0.513719s
Tau required
Density calculation took 0.514148s
Tau required
Density calculation took 0.514028s
Tau required
Density calculation took 0.514100s
Tau required
Density calculation took 0.514071s
Tau required
Density calculation took 0.514357s
Tau required
Total number of grid points: 358264 (5778 per atom)
Density calculation took 0.546933s
Tau required
Density calculation took 0.536243s
Tau required
Density calculation took 0.513659s
Tau required
Density calculation took 0.514179s
Tau required
Density calculation took 0.514078s
Tau required
Density calculation took 0.514259s
Tau required
Density calculation took 0.514581s
Tau required
Density calculation took 0.514553s
Tau required
Density calculation took 0.514331s
Tau required
Density calculation took 0.514520s
Tau required
Density calculation took 0.514217s
Tau required
Density calculation took 0.514086s
Tau required
Density calculation took 0.514712s
Tau required
Density calculation took 0.514276s
Tau required
Density calculation took 0.514678s
Tau required
Density calculation took 0.514524s
Tau required
[CRAYBLAS_WARNING] Application linked against multiple cray-libsci libraries
=================================================
            Individual Calculation Summary             
=======================================================
HF Energy: -1537.2800530177744349
=======================================================


Topology 8 time: 23.673270 s, performance: SP: 0 FLOP/s, DP: 33.63 TFLOP/s
JSON file written to: json_logs/lustre_orion_chm213_scratch_ryan_dhdft_inputs_exess_exess_inputs_r2SCAN_def2-TZVP_isomers_10580-10599_topology_8.json
************************************************************
**************** Running topology 10 of 20 *****************
************************************************************

************************************************************
***** Beginning RI-MGGA_X_R2SCAN+MGGA_C_R2SCAN energy ******
************************************************************

=======================================================
      MGGA_X_R2SCAN+MGGA_C_R2SCAN Energy Results       
=======================================================
E MGGA_X_R2SCAN+MGGA_C_R2SCAN: -1537.27675262
Nuclear Repulsion Energy: 3772.29932303
Electronic Energy:        -5084.4172596
XC Energy:                -225.158816
Converged:                1
# of SCF iterations:      16
SCF Time:                 23.503s

=======================================================
            Individual Calculation Summary             
=======================================================
HF Energy: -1537.2767526190411900
=======================================================


Topology 9 time: 23.661137 s, performance: SP: 0 FLOP/s, DP: 33.65 TFLOP/s
JSON file written to: json_logs/lustre_orion_chm213_scratch_ryan_dhdft_inputs_exess_exess_inputs_r2SCAN_def2-TZVP_isomers_10580-10599_topology_9.json
************************************************************
**************** Running topology 11 of 20 *****************
************************************************************

************************************************************
***** Beginning RI-MGGA_X_R2SCAN+MGGA_C_R2SCAN energy ******
************************************************************

=======================================================
      MGGA_X_R2SCAN+MGGA_C_R2SCAN Energy Results       
=======================================================
E MGGA_X_R2SCAN+MGGA_C_R2SCAN: -1537.27844954
Nuclear Repulsion Energy: 3812.85406268
Electronic Energy:        -5124.97315904
XC Energy:                -225.159353
Converged:                1
# of SCF iterations:      17
SCF Time:                 25.03s

=======================================================
            Individual Calculation Summary             
=======================================================
HF Energy: -1537.2784495407554459
=======================================================


Topology 10 time: 25.188427 s, performance: SP: 0 FLOP/s, DP: 33.47 TFLOP/s
JSON file written to: json_logs/lustre_orion_chm213_scratch_ryan_dhdft_inputs_exess_exess_inputs_r2SCAN_def2-TZVP_isomers_10580-10599_topology_10.json
************************************************************
**************** Running topology 12 of 20 *****************
************************************************************

************************************************************
***** Beginning RI-MGGA_X_R2SCAN+MGGA_C_R2SCAN energy ******
************************************************************

=======================================================
      MGGA_X_R2SCAN+MGGA_C_R2SCAN Energy Results       
=======================================================
E MGGA_X_R2SCAN+MGGA_C_R2SCAN: -1537.28437874
Nuclear Repulsion Energy: 3686.68059758
Electronic Energy:        -4998.80971112
XC Energy:                -225.155265
Converged:                1
# of SCF iterations:      16
SCF Time:                 23.576s

=======================================================
            Individual Calculation Summary             
=======================================================
HF Energy: -1537.2843787420524677
=======================================================


Topology 11 time: 23.726911 s, performance: SP: 0 FLOP/s, DP: 33.59 TFLOP/s
JSON file written to: json_logs/lustre_orion_chm213_scratch_ryan_dhdft_inputs_exess_exess_inputs_r2SCAN_def2-TZVP_isomers_10580-10599_topology_11.json
************************************************************
**************** Running topology 13 of 20 *****************
************************************************************

************************************************************
***** Beginning RI-MGGA_X_R2SCAN+MGGA_C_R2SCAN energy ******
************************************************************

=======================================================
      MGGA_X_R2SCAN+MGGA_C_R2SCAN Energy Results       
=======================================================
E MGGA_X_R2SCAN+MGGA_C_R2SCAN: -1537.28435174
Nuclear Repulsion Energy: 3687.28372816
Electronic Energy:        -4999.41284948
XC Energy:                -225.155230
Converged:                1
# of SCF iterations:      16
SCF Time:                 23.656s

=======================================================
            Individual Calculation Summary             
=======================================================
HF Energy: -1537.2843517405274270
=======================================================


Topology 12 time: 23.806836 s, performance: SP: 0 FLOP/s, DP: 33.45 TFLOP/s
JSON file written to: json_logs/lustre_orion_chm213_scratch_ryan_dhdft_inputs_exess_exess_inputs_r2SCAN_def2-TZVP_isomers_10580-10599_topology_12.json
************************************************************
**************** Running topology 14 of 20 *****************
************************************************************

************************************************************
***** Beginning RI-MGGA_X_R2SCAN+MGGA_C_R2SCAN energy ******
************************************************************

=======================================================
      MGGA_X_R2SCAN+MGGA_C_R2SCAN Energy Results       
=======================================================
E MGGA_X_R2SCAN+MGGA_C_R2SCAN: -1537.28067018
Nuclear Repulsion Energy: 3832.77234473
Electronic Energy:        -5144.89087611
XC Energy:                -225.162139
Converged:                1
# of SCF iterations:      16
SCF Time:                 23.506s

=======================================================
            Individual Calculation Summary             
=======================================================
HF Energy: -1537.2806701772010456
=======================================================


Topology 13 time: 23.667344 s, performance: SP: 0 FLOP/s, DP: 33.64 TFLOP/s
JSON file written to: json_logs/lustre_orion_chm213_scratch_ryan_dhdft_inputs_exess_exess_inputs_r2SCAN_def2-TZVP_isomers_10580-10599_topology_13.json
************************************************************
**************** Running topology 15 of 20 *****************
************************************************************

************************************************************
***** Beginning RI-MGGA_X_R2SCAN+MGGA_C_R2SCAN energy ******
************************************************************

=======================================================
      MGGA_X_R2SCAN+MGGA_C_R2SCAN Energy Results       
=======================================================
E MGGA_X_R2SCAN+MGGA_C_R2SCAN: -1537.27998401
Nuclear Repulsion Energy: 3804.8234401
Electronic Energy:        -5116.94297168
XC Energy:                -225.160452
Converged:                1
# of SCF iterations:      16
SCF Time:                 23.507s

=======================================================
            Individual Calculation Summary             
=======================================================
HF Energy: -1537.2799840147035866
=======================================================


Topology 14 time: 23.667765 s, performance: SP: 0 FLOP/s, DP: 33.64 TFLOP/s
JSON file written to: json_logs/lustre_orion_chm213_scratch_ryan_dhdft_inputs_exess_exess_inputs_r2SCAN_def2-TZVP_isomers_10580-10599_topology_14.json
************************************************************
**************** Running topology 16 of 20 *****************
************************************************************

************************************************************
***** Beginning RI-MGGA_X_R2SCAN+MGGA_C_R2SCAN energy ******
************************************************************

=======================================================
      MGGA_X_R2SCAN+MGGA_C_R2SCAN Energy Results       
=======================================================
E MGGA_X_R2SCAN+MGGA_C_R2SCAN: -1537.27667167
Nuclear Repulsion Energy: 3774.83502502
Electronic Energy:        -5086.95293744
XC Energy:                -225.158759
Converged:                1
# of SCF iterations:      16
SCF Time:                 23.438s

=======================================================
            Individual Calculation Summary             
=======================================================
HF Energy: -1537.2766716706241823
=======================================================


Topology 15 time: 23.598622 s, performance: SP: 0 FLOP/s, DP: 33.73 TFLOP/s
JSON file written to: json_logs/lustre_orion_chm213_scratch_ryan_dhdft_inputs_exess_exess_inputs_r2SCAN_def2-TZVP_isomers_10580-10599_topology_15.json
************************************************************
**************** Running topology 17 of 20 *****************
************************************************************

************************************************************
***** Beginning RI-MGGA_X_R2SCAN+MGGA_C_R2SCAN energy ******
************************************************************

=======================================================
      MGGA_X_R2SCAN+MGGA_C_R2SCAN Energy Results       
=======================================================
E MGGA_X_R2SCAN+MGGA_C_R2SCAN: -1537.27838529
Nuclear Repulsion Energy: 3809.31092141
Electronic Energy:        -5121.43036797
XC Energy:                -225.158939
Converged:                1
# of SCF iterations:      17
SCF Time:                 24.754s

=======================================================
            Individual Calculation Summary             
=======================================================
HF Energy: -1537.2783852933625894
=======================================================


Topology 16 time: 24.914616 s, performance: SP: 0 FLOP/s, DP: 33.8 TFLOP/s
JSON file written to: json_logs/lustre_orion_chm213_scratch_ryan_dhdft_inputs_exess_exess_inputs_r2SCAN_def2-TZVP_isomers_10580-10599_topology_16.json
************************************************************
**************** Running topology 18 of 20 *****************
************************************************************

************************************************************
***** Beginning RI-MGGA_X_R2SCAN+MGGA_C_R2SCAN energy ******
************************************************************

=======================================================
      MGGA_X_R2SCAN+MGGA_C_R2SCAN Energy Results       
=======================================================
E MGGA_X_R2SCAN+MGGA_C_R2SCAN: -1537.29094658
Nuclear Repulsion Energy: 3711.48650379
Electronic Energy:        -5023.61521193
XC Energy:                -225.162238
Converged:                1
# of SCF iterations:      16
SCF Time:                 23.444s

=======================================================
            Individual Calculation Summary             
=======================================================
HF Energy: -1537.2909465772572730
=======================================================


Topology 17 time: 23.598419 s, performance: SP: 0 FLOP/s, DP: 33.76 TFLOP/s
JSON file written to: json_logs/lustre_orion_chm213_scratch_ryan_dhdft_inputs_exess_exess_inputs_r2SCAN_def2-TZVP_isomers_10580-10599_topology_17.json
************************************************************
**************** Running topology 19 of 20 *****************
************************************************************

************************************************************
***** Beginning RI-MGGA_X_R2SCAN+MGGA_C_R2SCAN energy ******
************************************************************

=======================================================
      MGGA_X_R2SCAN+MGGA_C_R2SCAN Energy Results       
=======================================================
E MGGA_X_R2SCAN+MGGA_C_R2SCAN: -1537.29007846
Nuclear Repulsion Energy: 3711.10102455
Electronic Energy:        -5023.23320745
XC Energy:                -225.157896
Converged:                1
# of SCF iterations:      15
SCF Time:                 22.05s

=======================================================
            Individual Calculation Summary             
=======================================================
HF Energy: -1537.2900784578821458
=======================================================


Topology 18 time: 22.203294 s, performance: SP: 0 FLOP/s, DP: 33.79 TFLOP/s
JSON file written to: json_logs/lustre_orion_chm213_scratch_ryan_dhdft_inputs_exess_exess_inputs_r2SCAN_def2-TZVP_isomers_10580-10599_topology_18.json
************************************************************
**************** Running topology 20 of 20 *****************
************************************************************

************************************************************
***** Beginning RI-MGGA_X_R2SCAN+MGGA_C_R2SCAN energy ******
************************************************************

=======================================================
      MGGA_X_R2SCAN+MGGA_C_R2SCAN Energy Results       
=======================================================
E MGGA_X_R2SCAN+MGGA_C_R2SCAN: -1537.28174244
Nuclear Repulsion Energy: 3779.8406105
Electronic Energy:        -5091.96059581
XC Energy:                -225.161757
Converged:                1
# of SCF iterations:      16
SCF Time:                 23.737s

=======================================================
            Individual Calculation Summary             
=======================================================
HF Energy: -1537.2817424411155116
=======================================================


Topology 19 time: 23.895988 s, performance: SP: 0 FLOP/s, DP: 33.31 TFLOP/s
JSON file written to: json_logs/lustre_orion_chm213_scratch_ryan_dhdft_inputs_exess_exess_inputs_r2SCAN_def2-TZVP_isomers_10580-10599_topology_19.json
Total flops: SP: 0 FLOPS, DP: 15.875908 PFLOPS
Performance: SP: 0 FLOP/s, DP: 32.88 TFLOP/s

Now, a word from our sponsors... 
 We just kept adding symmetry factors until the Fock matrix matched

[31mTotal processing time 483.071924 seconds[0m
[CRAYBLAS_WARNING] Application linked against multiple cray-libsci libraries
ints: 357719 (5769 per atom)
One electron integrals and orthogonalizer took 0.043726s
Created 459583 / 1882384 significant shell pairs
3C integrals and B formation took 1.705230s
Iteration |      Energy      |  DIIS Metric   | Fock Time (s) | DIIS Time (s)
----------+------------------+----------------+---------------+--------------
Density calculation took 0.541351s
Tau required
    1     | -1547.1317676576 |   9.5024e+02   |    1.3970     |    0.2328
Density calculation took 0.540503s
Tau required
    2     | -1536.5929615434 |   2.4512e+00   |    1.1407     |    0.1993
Density calculation took 0.520219s
Tau required
    3     | -1536.4851622208 |   3.0014e+00   |    1.1202     |    0.2070
Density calculation took 0.520693s
Tau required
    4     | -1537.2548365222 |   9.5014e-02   |    1.1211     |    0.2000
Density calculation took 0.520877s
Tau required
    5     | -1537.2707068533 |   3.3020e-02   |    1.1219     |    0.2085
Density calculation took 0.520538s
Tau required
    6     | -1537.2790860092 |   5.2478e-03   |    1.1203     |    0.2011
Density calculation took 0.520474s
Tau required
    7     | -1537.2805564618 |   3.8365e-04   |    1.1187     |    0.2098
Density calculation took 0.520922s
Tau required
    8     | -1537.2806333628 |   1.2468e-04   |    1.1187     |    0.2025
Density calculation took 0.521046s
Tau required
    9     | -1537.2806684273 |   5.4763e-06   |    1.1193     |    0.2046
Density calculation took 0.520951s
Tau required
   10     | -1537.2806692463 |   3.0229e-06   |    1.1179     |    0.2008
Density calculation took 0.521136s
Tau required
   11     | -1537.2806701313 |   1.5872e-07   |    1.1186     |    0.2021
Density calculation took 0.520789s
Tau required
   12     | -1537.2806701642 |   4.3601e-08   |    1.1183     |    0.2031
Density calculation took 0.521229s
Tau required
   13     | -1537.2806701740 |   1.1581e-08   |    1.1244     |    0.2022
Density calculation took 0.520946s
Tau required
   14     | -1537.2806701770 |   6.3061e-10   |    1.1171     |    0.2035
Density calculation took 0.520955s
Tau required
   15     | -1537.2806701772 |   1.8247e-10   |    1.1201     |    0.2026
Density calculation took 0.521015s
Tau required
   16     | -1537.2806701772 |   3.2194e-11   |    1.1179     |    0.2026
Created 584919 / 2471184 significant shell pairs
Created 452893 / 1882384 significant shell pairs
Total number of grid points: 357319 (5763 per atom)
One electron integrals and orthogonalizer took 0.044326s
Created 452893 / 1882384 significant shell pairs
3C integrals and B formation took 1.685473s
Iteration |      Energy      |  DIIS Metric   | Fock Time (s) | DIIS Time (s)
----------+------------------+----------------+---------------+--------------
Density calculation took 0.550252s
Tau required
    1     | -1547.1292186732 |   9.5013e+02   |    1.4075     |    0.2298
Density calculation took 0.535342s
Tau required
    2     | -1536.5924612472 |   2.4489e+00   |    1.1398     |    0.1999
Density calculation took 0.513716s
Tau required
    3     | -1536.4848824319 |   2.9964e+00   |    1.1187     |    0.2071
Density calculation took 0.514037s
Tau required
    4     | -1537.2554727552 |   9.1679e-02   |    1.1199     |    0.1995
Density calculation took 0.514364s
Tau required
    5     | -1537.2715099690 |   2.8609e-02   |    1.1192     |    0.2082
Density calculation took 0.514426s
Tau required
    6     | -1537.2781655818 |   5.8206e-03   |    1.1203     |    0.2010
Density calculation took 0.514325s
Tau required
    7     | -1537.2798667107 |   3.7019e-04   |    1.1202     |    0.2106
Density calculation took 0.514047s
Tau required
    8     | -1537.2799395568 |   1.4567e-04   |    1.1200     |    0.2033
Density calculation took 0.514369s
Tau required
    9     | -1537.2799816721 |   7.8932e-06   |    1.1192     |    0.2023
Density calculation took 0.514213s
Tau required
   10     | -1537.2799831295 |   3.0390e-06   |    1.1203     |    0.2021
Density calculation took 0.514368s
Tau required
   11     | -1537.2799839459 |   2.4082e-07   |    1.1209     |    0.2024
Density calculation took 0.514276s
Tau required
   12     | -1537.2799840047 |   3.4309e-08   |    1.1198     |    0.2025
Density calculation took 0.514545s
Tau required
   13     | -1537.2799840096 |   1.7410e-08   |    1.1196     |    0.2016
Density calculation took 0.514152s
Tau required
   14     | -1537.2799840145 |   6.8882e-10   |    1.1196     |    0.2079
Density calculation took 0.514302s
Tau required
   15     | -1537.2799840147 |   1.6658e-10   |    1.1189     |    0.2034
Density calculation took 0.514192s
Tau required
   16     | -1537.2799840147 |   4.9698e-11   |    1.1214     |    0.2021
Created 578749 / 2471184 significant shell pairs
Created 447789 / 1882384 significant shell pairs
Total number of grid points: 358634 (5784 per atom)
One electron integrals and orthogonalizer took 0.044186s
Created 447789 / 1882384 significant shell pairs
3C integrals and B formation took 1.688739s
Iteration |      Energy      |  DIIS Metric   | Fock Time (s) | DIIS Time (s)
----------+------------------+----------------+---------------+--------------
Density calculation took 0.557576s
Tau required
    1     | -1547.1239897478 |   9.4945e+02   |    1.3939     |    0.2300
Density calculation took 0.538024s
Tau required
    2     | -1536.5898206602 |   2.4464e+00   |    1.1370     |    0.1995
Density calculation took 0.514667s
Tau required
    3     | -1536.4894758866 |   2.9648e+00   |    1.1177     |    0.2054
Density calculation took 0.515154s
Tau required
    4     | -1537.2552210142 |   8.0329e-02   |    1.1150     |    0.2004
Density calculation took 0.515235s
Tau required
    5     | -1537.2697105651 |   2.4712e-02   |    1.1170     |    0.2084
Density calculation took 0.514904s
Tau required
    6     | -1537.2753742343 |   4.4126e-03   |    1.1142     |    0.2019
Density calculation took 0.514844s
Tau required
    7     | -1537.2765366283 |   4.4466e-04   |    1.1175     |    0.2103
Density calculation took 0.515234s
Tau required
    8     | -1537.2766076248 |   2.0411e-04   |    1.1149     |    0.2031
Density calculation took 0.515395s
Tau required
    9     | -1537.2766670694 |   1.4606e-05   |    1.1172     |    0.2025
Density calculation took 0.515396s
Tau required
   10     | -1537.2766705811 |   3.4861e-06   |    1.1161     |    0.2033
Density calculation took 0.515479s
Tau required
   11     | -1537.2766715333 |   4.3506e-07   |    1.1176     |    0.2028
Density calculation took 0.515400s
Tau required
   12     | -1537.2766716592 |   3.7727e-08   |    1.1151     |    0.2029
Density calculation took 0.515479s
Tau required
   13     | -1537.2766716626 |   2.7514e-08   |    1.1166     |    0.2026
Density calculation took 0.515523s
Tau required
   14     | -1537.2766716704 |   9.4006e-10   |    1.1172     |    0.2030
Density calculation took 0.515389s
Tau required
   15     | -1537.2766716706 |   2.2175e-10   |    1.1193     |    0.2028
Density calculation took 0.515421s
Tau required
   16     | -1537.2766716706 |   7.7030e-11   |    1.1151     |    0.2035
Created 587397 / 2471184 significant shell pairs
Created 454749 / 1882384 significant shell pairs
Total number of grid points: 357892 (5772 per atom)
One electron integrals and orthogonalizer took 0.044329s
Created 454749 / 1882384 significant shell pairs
3C integrals and B formation took 1.695591s
Iteration |      Energy      |  DIIS Metric   | Fock Time (s) | DIIS Time (s)
----------+------------------+----------------+---------------+--------------
Density calculation took 0.527545s
Tau required
    1     | -1547.1259767447 |   9.4969e+02   |    1.4038     |    0.2300
Density calculation took 0.538695s
Tau required
    2     | -1536.5915001294 |   2.4463e+00   |    1.1360     |    0.1991
Density calculation took 0.517229s
Tau required
    3     | -1536.4910915579 |   2.9628e+00   |    1.1145     |    0.2069
Density calculation took 0.517181s
Tau required
    4     | -1537.2572881673 |   7.8347e-02   |    1.1152     |    0.2004
Density calculation took 0.517216s
Tau required
    5     | -1537.2709455955 |   2.5619e-02   |    1.1157     |    0.2083
Density calculation took 0.517416s
Tau required
    6     | -1537.2763616889 |   6.1396e-03   |    1.1142     |    0.2010
Density calculation took 0.517488s
Tau required
    7     | -1537.2781722095 |   6.4472e-04   |    1.1145     |    0.2095
Density calculation took 0.517205s
Tau required
    8     | -1537.2783235469 |   2.1317e-04   |    1.1150     |    0.2027
Density calculation took 0.517383s
Tau required
    9     | -1537.2783822632 |   1.0759e-05   |    1.1160     |    0.2028
Density calculation took 0.517477s
Tau required
   10     | -1537.2783844133 |   2.9831e-06   |    1.1137     |    0.2029
Density calculation took 0.517480s
Tau required
   11     | -1537.2783851735 |   3.6970e-07   |    1.1141     |    0.2033
Density calculation took 0.517517s
Tau required
   12     | -1537.2783852821 |   3.8379e-08   |    1.1144     |    0.2028
Density calculation took 0.517488s
Tau required
   13     | -1537.2783852885 |   1.7075e-08   |    1.1140     |    0.2027
Density calculation took 0.517325s
Tau required
   14     | -1537.2783852931 |   1.0509e-09   |    1.1144     |    0.2026
Density calculation took 0.517330s
Tau required
   15     | -1537.2783852933 |   2.0091e-10   |    1.1141     |    0.2031
Density calculation took 0.517394s
Tau required
   16     | -1537.2783852933 |   1.2149e-10   |    1.1145     |    0.2027
Density calculation took 0.517274s
Tau required
   17     | -1537.2783852934 |   1.4198e-11   |    1.1145     |    0.2035
Created 560921 / 2471184 significant shell pairs
Created 433729 / 1882384 significant shell pairs
Total number of grid points: 357975 (5773 per atom)
One electron integrals and orthogonalizer took 0.044270s
Created 433729 / 1882384 significant shell pairs
3C integrals and B formation took 1.675016s
Iteration |      Energy      |  DIIS Metric   | Fock Time (s) | DIIS Time (s)
----------+------------------+----------------+---------------+--------------
Density calculation took 0.559492s
Tau required
    1     | -1547.1310642440 |   9.4820e+02   |    1.3982     |    0.2286
Density calculation took 0.542024s
Tau required
    2     | -1536.6010522246 |   2.4673e+00   |    1.1385     |    0.1994
Density calculation took 0.521269s
Tau required
    3     | -1536.4989701340 |   2.9928e+00   |    1.1147     |    0.2097
Density calculation took 0.521133s
Tau required
    4     | -1537.2709502624 |   7.5427e-02   |    1.1156     |    0.2000
Density calculation took 0.521163s
Tau required
    5     | -1537.2857675119 |   1.9567e-02   |    1.1190     |    0.2092
Density calculation took 0.521290s
Tau required
    6     | -1537.2904873409 |   1.6262e-03   |    1.1175     |    0.2018
Density calculation took 0.521342s
Tau required
    7     | -1537.2908225046 |   4.1123e-04   |    1.1196     |    0.2095
Density calculation took 0.521590s
Tau required
    8     | -1537.2909151475 |   9.6910e-05   |    1.1156     |    0.2031
Density calculation took 0.521228s
Tau required
    9     | -1537.2909443064 |   7.2357e-06   |    1.1167     |    0.2085
Density calculation took 0.521447s
Tau required
   10     | -1537.2909458214 |   2.4155e-06   |    1.1177     |    0.2029
Density calculation took 0.521409s
Tau required
   11     | -1537.2909465281 |   1.6155e-07   |    1.1188     |    0.2037
Density calculation took 0.521569s
Tau required
   12     | -1537.2909465700 |   2.5011e-08   |    1.1173     |    0.2024
Density calculation took 0.521192s
Tau required
   13     | -1537.2909465744 |   9.2992e-09   |    1.1182     |    0.2033
Density calculation took 0.521646s
Tau required
   14     | -1537.2909465771 |   6.7415e-10   |    1.1176     |    0.2028
Density calculation took 0.521209s
Tau required
   15     | -1537.2909465772 |   1.0539e-10   |    1.1158     |    0.2025
Density calculation took 0.521383s
Tau required
   16     | -1537.2909465773 |   2.7653e-11   |    1.1203     |    0.2031
Created 559252 / 2471184 significant shell pairs
Created 432671 / 1882384 significant shell pairs
Total number of grid points: 358176 (5777 per atom)
One electron integrals and orthogonalizer took 0.044277s
Created 432671 / 1882384 significant shell pairs
3C integrals and B formation took 1.678138s
Iteration |      Energy      |  DIIS Metric   | Fock Time (s) | DIIS Time (s)
----------+------------------+----------------+---------------+--------------
Density calculation took 0.533227s
Tau required
    1     | -1547.1238896419 |   9.4714e+02   |    1.3965     |    0.2303
Density calculation took 0.538316s
Tau required
    2     | -1536.6000246769 |   2.4598e+00   |    1.1336     |    0.1989
Density calculation took 0.517503s
Tau required
    3     | -1536.4964900940 |   2.9859e+00   |    1.1125     |    0.2079
Density calculation took 0.517676s
Tau required
    4     | -1537.2676186178 |   8.5161e-02   |    1.1137     |    0.2006
Density calculation took 0.517177s
Tau required
    5     | -1537.2850850850 |   1.8681e-02   |    1.1132     |    0.2080
Density calculation took 0.517264s
Tau required
    6     | -1537.2895122856 |   1.9622e-03   |    1.1126     |    0.2024
Density calculation took 0.517662s
Tau required
    7     | -1537.2899425358 |   4.3720e-04   |    1.1115     |    0.2095
Density calculation took 0.517664s
Tau required
    8     | -1537.2900400362 |   1.2186e-04   |    1.1125     |    0.2023
Density calculation took 0.517612s
Tau required
    9     | -1537.2900768735 |   5.3668e-06   |    1.1136     |    0.2023
Density calculation took 0.517449s
Tau required
   10     | -1537.2900779084 |   1.8053e-06   |    1.1131     |    0.2030
Density calculation took 0.517444s
Tau required
   11     | -1537.2900784158 |   1.4032e-07   |    1.1156     |    0.2028
Density calculation took 0.517704s
Tau required
   12     | -1537.2900784501 |   2.6810e-08   |    1.1117     |    0.2022
Density calculation took 0.517510s
Tau required
   13     | -1537.2900784548 |   9.9520e-09   |    1.1115     |    0.2035
Density calculation took 0.517435s
Tau required
   14     | -1537.2900784577 |   6.3832e-10   |    1.1125     |    0.2021
Density calculation took 0.517679s
Tau required
   15     | -1537.2900784579 |   8.7246e-11   |    1.1121     |    0.2016
Created 577721 / 2471184 significant shell pairs
Created 447198 / 1882384 significant shell pairs
Total number of grid points: 358294 (5778 per atom)
One electron integrals and orthogonalizer took 0.043710s
Created 447198 / 1882384 significant shell pairs
3C integrals and B formation took 1.697398s
Iteration |      Energy      |  DIIS Metric   | Fock Time (s) | DIIS Time (s)
----------+------------------+----------------+---------------+--------------
Density calculation took 0.555933s
Tau required
    1     | -1547.1292769359 |   9.4972e+02   |    1.3999     |    0.2305
Density calculation took 0.544840s
Tau required
    2     | -1536.5934873569 |   2.4532e+00   |    1.1652     |    0.1995
Density calculation took 0.521746s
Tau required
    3     | -1536.4927082267 |   2.9669e+00   |    1.1344     |    0.2066
Density calculation took 0.522125s
Tau required
    4     | -1537.2591141543 |   8.2485e-02   |    1.1330     |    0.2005
Density calculation took 0.522494s
Tau required
    5     | -1537.2737122970 |   2.7978e-02   |    1.1340     |    0.2092
Density calculation took 0.522519s
Tau required
    6     | -1537.2805904281 |   3.8582e-03   |    1.1331     |    0.2018
Density calculation took 0.522253s
Tau required
    7     | -1537.2815843316 |   5.1200e-04   |    1.1349     |    0.2103
Density calculation took 0.521936s
Tau required
    8     | -1537.2816950835 |   1.6227e-04   |    1.1338     |    0.2044
Density calculation took 0.522561s
Tau required
    9     | -1537.2817405807 |   6.1445e-06   |    1.1369     |    0.2052
Density calculation took 0.522186s
Tau required
   10     | -1537.2817415413 |   2.9172e-06   |    1.1332     |    0.2031
Density calculation took 0.522592s
Tau required
   11     | -1537.2817423866 |   1.8158e-07   |    1.1332     |    0.2032
Density calculation took 0.522251s
Tau required
   12     | -1537.2817424307 |   3.4190e-08   |    1.1342     |    0.2032
Density calculation took 0.522505s
Tau required
   13     | -1537.2817424369 |   1.3989e-08   |    1.1345     |    0.2032
Density calculation took 0.522245s
Tau required
   14     | -1537.2817424409 |   7.5200e-10   |    1.1336     |    0.2037
Density calculation took 0.522737s
Tau required
   15     | -1537.2817424411 |   1.4545e-10   |    1.1340     |    0.2033
Density calculation took 0.522426s
Tau required
   16     | -1537.2817424411 |   4.1687e-11   |    1.1367     |    0.2026
Please cite the following papers for the methods used in this calculation:
 - J.L. Galvez Vallejo et. al., Toward an extreme-scale electronic structure system, J. Chem. Phys., 2023. DOI: 10.1063/5.0156399

 - R. Stocks, E. Palethorpe, and G.M.J. Barca, Multi-GPU RI-HF Energies and Analytic Gradients ─ Toward High-Throughput Ab Initio Molecular Dynamics, J. Chem. Theory Comput., 2024. DOI: 10.1021/acs.jctc.4c00877
   For:
     * RI-HF energy

 - S. Lehtola, C. Steigemann, M.J.T. Oliveira, and M.A.L. Marques, Recent developments in Libxc: A comprehensive library of functionals for density functional theory, SoftwareX, 2018. DOI: 10.1016/j.softx.2017.11.002
   For:
     * LibXC version 6.2.0

 - D.B. Williams-Young, W.A. de Jong, H.J.J. van Dam, and C. Yang, On the Efficient Evaluation of the Exchange Correlation Potential on Graphics Processing Unit Clusters, Frontiers in Chemistry, 2020. DOI: 10.3389/fchem.2020.581058
   For:
     * ExchCXX GPU implementation of exchange-correlation functionals

 - R. Stocks and G.M.J. Barca, Efficient Algorithms for GPU Accelerated Evaluation of the DFT Exchange-Correlation Functional, J. Chem. Theory Comput., 2025. DOI: 10.1021/acs.jctc.5c01229
   For:
     * GPU accelerated DFT exchange-correlation evaluation

 - J. W. Furness, A. D. Kaplan, J. Ning, J. P. Perdew, and J. Sun.,  J. Phys. Chem. Lett. 11, 8208-8215 (2020) DOI: 10.1021/acs.jpclett.0c02405
   For:
     * MGGA_X_R2SCAN XC Functional
     * MGGA_C_R2SCAN XC Functional

[CRAYBLAS_WARNING] Application linked against multiple cray-libsci libraries
