Total number of grid points: 393062 (5780 per atom)
Density calculation took 0.668895s
Tau required
Density calculation took 0.652477s
Tau required
Density calculation took 0.632906s
Tau required
Density calculation took 0.632686s
Tau required
Density calculation took 0.633232s
Tau required
Density calculation took 0.632271s
Tau required
Density calculation took 0.632953s
Tau required
Density calculation took 0.632276s
Tau required
Density calculation took 0.633659s
Tau required
Density calculation took 0.632643s
Tau required
Density calculation took 0.633406s
Tau required
Density calculation took 0.633126s
Tau required
Density calculation took 0.633717s
Tau required
Density calculation took 0.633337s
Tau required
Density calculation took 0.633666s
Tau required
Density calculation took 0.633530s
Tau required
Density calculation took 0.633850s
Tau required
Total number of grid points: 393176 (5782 per atom)
Density calculation took 0.667316s
Tau required
Density calculation took 0.654375s
Tau required
Density calculation took 0.631421s
Tau required
Density calculation took 0.631162s
Tau required
Density calculation took 0.631133s
Tau required
Density calculation took 0.631616s
Tau required
Density calculation took 0.630794s
Tau required
Density calculation took 0.630631s
Tau required
Density calculation took 0.631553s
Tau required
Density calculation took 0.631360s
Tau required
Density calculation took 0.631305s
Tau required
Density calculation took 0.632261s
Tau required
Density calculation took 0.631271s
Tau required
Density calculation took 0.631630s
Tau required
Density calculation took 0.631359s
Tau required
Density calculation took 0.631686s
Tau required
Density calculation took 0.630788s
Tau required
Total number of grid points: 392254 (5768 per atom)
Density calculation took 0.706341s
Tau required
Density calculation took 0.656162s
Tau required
Density calculation took 0.635160s
Tau required
Density calculation took 0.634546s
Tau required
Density calculation took 0.635656s
Tau required
Density calculation took 0.634796s
Tau required
Density calculation took 0.635296s
Tau required
Density calculation took 0.634160s
Tau required
Density calculation took 0.636507s
Tau required
Density calculation took 0.634347s
Tau required
Density calculation took 0.635723s
Tau required
Density calculation took 0.634914s
Tau required
Density calculation took 0.635363s
Tau required
Density calculation took 0.633370s
Tau required
Density calculation took 0.635699s
Tau required
Density calculation took 0.634883s
Tau required
Density calculation took 0.635941s
Tau required
Total number of grid points: 392773 (5776 per atom)
Density calculation took 0.694342s
Tau required
Density calculation took 0.654682s
Tau required
Density calculation took 0.632952s
Tau required
Density calculation took 0.631431s
Tau required
Density calculation took 0.632908s
Tau required
Density calculation took 0.631299s
Tau required
Density calculation took 0.633134s
Tau required
Density calculation took 0.631103s
Tau required
Density calculation took 0.632999s
Tau required
Density calculation took 0.631818s
Tau required
Density calculation took 0.633579s
Tau required
Density calculation took 0.631999s
Tau required
Density calculation took 0.633249s
Tau required
Density calculation took 0.631837s
Tau required
Density calculation took 0.633535s
Tau required
Density calculation took 0.631404s
Tau required
Density calculation took 0.633514s
Tau required
Total number of grid points: 391476 (5757 per atom)
Density calculation took 0.664382s
Tau required
Density calculation took 0.659731s
Tau required
Density calculation took 0.634152s
Tau required
Density calculation took 0.635303s
Tau required
Density calculation took 0.634673s
Tau required
Density calculation took 0.635307s
Tau required
Density calculation took 0.635443s
Tau required
Density calculation took 0.635555s
Tau required
Density calculation took 0.634570s
Tau required
Density calculation took 0.635622s
Tau required
Density calculation took 0.636122s
Tau required
Density calculation took 0.635710s
Tau required
Density calculation took 0.635084s
Tau required
Density calculation took 0.635727s
Tau required
Density calculation took 0.635397s
Tau required
Density calculation took 0.635703s
Tau required
Total number of grid points: 393403 (5785 per atom)
Density calculation took 0.698952s
Tau required
Density calculation took 0.653222s
Tau required
Density calculation took 0.631729s
Tau required
Density calculation took 0.630512s
Tau required
Density calculation took 0.631795s
Tau required
Density calculation took 0.629718s
Tau required
Density calculation took 0.632081s
Tau required
Density calculation took 0.630829s
Tau required
Density calculation took 0.631630s
Tau required
Density calculation took 0.631395s
Tau required
Density calculation took 0.631957s
Tau required
Density calculation took 0.630610s
Tau required
Density calculation took 0.631990s
Tau required
Density calculation took 0.630419s
Tau required
Density calculation took 0.631586s
Tau required
Density calculation took 0.629660s
Tau required
Total number of grid points: 392613 (5773 per atom)
Density calculation took 0.703668s
Tau required
Density calculation took 0.660911s
Tau required
Density calculation took 0.637938s
Tau required
Density calculation took 0.638056s
Tau required
Density calculation took 0.638000s
Tau required
Density calculation took 0.638493s
Tau required
Density calculation took 0.638424s
Tau required
Density calculation took 0.638406s
Tau required
Density calculation took 0.637877s
Tau required
Density calculation took 0.637988s
Tau required
Density calculation took 0.637568s
Tau required
Density calculation took 0.638775s
Tau required
Density calculation took 0.638284s
Tau required
Density calculation took 0.638011s
Tau required
Density calculation took 0.638331s
Tau required
Density calculation took 0.638839s
Tau required
Density calculation took 0.638720s
Tau required
Total number of grid points: 392741 (5775 per atom)
Density calculation took 0.658586s
Tau required
Density calculation took 0.659271s
Tau required
Density calculation took 0.634675s
Tau required
Density calculation took 0.634306s
Tau required
Density calculation took 0.634653s
Tau required
Density calculation took 0.634824s
Tau required
Density calculation took 0.634699s
Tau required
Density calculation took 0.634847s
Tau required
Density calculation took 0.634352s
Tau required
Density calculation took 0.635114s
Tau required
Density calculation took 0.634490s
Tau required
Density calculation took 0.634809s
Tau required
Density calculation took 0.635001s
Tau required
Density calculation took 0.634344s
Tau required
Density calculation took 0.634865s
Tau required
Density calculation took 0.635048s
Tau required
Density calculation took 0.635116s
Tau required
Total number of grid points: 392653 (5774 per atom)
Density calculation took 0.669902s
Tau required
Density calculation took 0.663533s
Tau required
Density calculation took 0.638680s
Tau required
Density calculation took 0.639700s
Tau required
Density calculation took 0.639236s
Tau required
Density calculation took 0.639612s
Tau required
Density calculation took 0.639420s
Tau required
Density calculation took 0.639925s
Tau required
Density calculation took 0.639754s
Tau required
Density calculation took 0.639275s
Tau required
Density calculation took 0.639354s
Tau required
Density calculation took 0.639531s
Tau required
Density calculation took 0.640057s
Tau required
Density calculation took 0.639476s
Tau required
Density calculation took 0.639899s
Tau required
Density calculation took 0.639491s
Tau required
Density calculation took 0.639924s
Tau required
Total number of grid points: 392957 (5778 per atom)
Density calculation took 0.701623s
Tau required
Density calculation took 0.659667s
Tau required
Density calculation took 0.637172s
Tau required
Density calculation took 0.635771s
Tau required
Density calculation took 0.634736s
Tau required
Density calculation took 0.635618s
Tau required
Density calculation took 0.635800s
Tau required
Density calculation took 0.635409s
Tau required
Density calculation took 0.635437s
Tau required
Density calculation took 0.635763s
Tau required
Density calculation took 0.634917s
Tau required
Density calculation took 0.635624s
Tau required
Density calculation took 0.635981s
Tau required
Density calculation took 0.635851s
Tau required
Density calculation took 0.635366s
Tau required
Density calculation took 0.636018s
Tau required
Density calculation took 0.635379s
Tau required
Total number of grid points: 392511 (5772 per atom)
Density calculation took 0.705407s
Tau required
Density calculation took 0.656309s
Tau required
Density calculation took 0.635486s
Tau required
Density calculation took 0.633108s
Tau required
Density calculation took 0.635483s
Tau required
Density calculation took 0.633632s
Tau required
Density calculation took 0.635369s
Tau required
Density calculation took 0.633247s
Tau required
Density calculation took 0.635424s
Tau required
Density calculation took 0.633453s
Tau required
Density calculation took 0.635382s
Tau required
Density calculation took 0.633303s
Tau required
Density calculation took 0.635232s
Tau required
Density calculation took 0.633695s
Tau required
Density calculation took 0.635630s
Tau required
Density calculation took 0.633152s
Tau required
Density calculation took 0.635836s
Tau required
Total number of grid points: 392968 (5778 per atom)
Density calculation took 0.700914s
Tau required
Density calculation took 0.654672s
Tau required
Density calculation took 0.634669s
Tau required
Density calculation took 0.634611s
Tau required
Density calculation took 0.634463s
Tau required
Density calculation took 0.634630s
Tau required
Density calculation took 0.634610s
Tau required
Density calculation took 0.635189s
Tau required
Density calculation took 0.634106s
Tau required
Density calculation took 0.635129s
Tau required
Density calculation took 0.634911s
Tau required
Density calculation took 0.634823s
Tau required
Density calculation took 0.635072s
Tau required
Density calculation took 0.635232s
Tau required
Density calculation took 0.634738s
Tau required
Density calculation took 0.634573s
Tau required
Density calculation took 0.635094s
Tau required
Total number of grid points: 392323 (5769 per atom)
Density calculation took 0.693906s
Tau required
Density calculation took 0.659596s
Tau required
Density calculation took 0.638375s
Tau required
Density calculation took 0.638167s
Tau required
Density calculation took 0.637566s
Tau required
Density calculation took 0.637872s
Tau required
Density calculation took 0.638036s
Tau required
Density calculation took 0.638228s
Tau required
Density calculation took 0.637839s
Tau required
Density calculation took 0.638179s
Tau required
Density calculation took 0.637897s
Tau required
Density calculation took 0.638366s
Tau required
Density calculation took 0.637634s
Tau required
Density calculation took 0.638445s
Tau required
Density calculation took 0.638058s
Tau required
Density calculation took 0.637731s
Tau required
Density calculation took 0.637914s
Tau required
Total number of grid points: 392850 (5777 per atom)
Density calculation took 0.663499s
Tau required
Density calculation took 0.657336s
Tau required
Density calculation took 0.631775s
Tau required
Density calculation took 0.632625s
Tau required
Density calculation took 0.633766s
Tau required
Density calculation took 0.632645s
Tau required
Density calculation took 0.633431s
Tau required
Density calculation took 0.632687s
Tau required
Density calculation took 0.633452s
Tau required
Density calculation took 0.632658s
Tau required
Density calculation took 0.633646s
Tau required
Density calculation took 0.631697s
Tau required
Density calculation took 0.633175s
Tau required
Density calculation took 0.632602s
Tau required
Density calculation took 0.633997s
Tau required
Density calculation took 0.632538s
Tau required
Total number of grid points: 392401 (5770 per atom)
Density calculation took 0.662876s
Tau required
Density calculation took 0.661251s
Tau required
Density calculation took 0.639548s
Tau required
Density calculation took 0.639177s
Tau required
Density calculation took 0.639320s
Tau required
Density calculation took 0.639862s
Tau required
Density calculation took 0.640068s
Tau required
Density calculation took 0.639570s
Tau required
Density calculation took 0.640200s
Tau required
Density calculation took 0.638326s
Tau required
Density calculation took 0.639490s
Tau required
Density calculation took 0.639695s
Tau required
Density calculation took 0.639764s
Tau required
Density calculation took 0.639588s
Tau required
Density calculation took 0.640245s
Tau required
Density calculation took 0.639288s
Tau required
Density calculation took 0.638490s
Tau required
Total number of grid points: 392813 (5776 per atom)
Density calculation took 0.661087s
Tau required
Density calculation took 0.652750s
Tau required
Density calculation took 0.631523s
Tau required
Density calculation took 0.631092s
Tau required
Density calculation took 0.631927s
Tau required
Density calculation took 0.631658s
Tau required
Density calculation took 0.631704s
Tau required
Density calculation took 0.631822s
Tau required
Density calculation took 0.631588s
Tau required
Density calculation took 0.631012s
Tau required
Density calculation took 0.631978s
Tau required
Density calculation took 0.631973s
Tau required
Density calculation took 0.632165s
Tau required
Density calculation took 0.631363s
Tau required
Density calculation took 0.632069s
Tau required
Density calculation took 0.631875s
Tau required
Density calculation took 0.631822s
Tau required
Total number of grid points: 392095 (5766 per atom)
Density calculation took 0.688887s
Tau required
Density calculation took 0.650927s
Tau required
Density calculation took 0.629016s
Tau required
Density calculation took 0.629526s
Tau required
Density calculation took 0.628770s
Tau required
Density calculation took 0.629887s
Tau required
Density calculation took 0.629232s
Tau required
Density calculation took 0.629999s
Tau required
Density calculation took 0.629481s
Tau required
Density calculation took 0.630082s
Tau required
Density calculation took 0.629341s
Tau required
Density calculation took 0.629413s
Tau required
Density calculation took 0.629433s
Tau required
Density calculation took 0.629946s
Tau required
Density calculation took 0.628780s
Tau required
Density calculation took 0.629218s
Tau required
Density calculation took 0.628593s
Tau required
Total number of grid points: 392527 (5772 per atom)
Density calculation took 0.695300s
Tau required
Density calculation took 0.662455s
Tau required
Density calculation took 0.639266s
Tau required
Density calculation took 0.638495s
Tau required
Density calculation took 0.640255s
Tau required
Density calculation took 0.638107s
Tau required
Density calculation took 0.640431s
Tau required
Density calculation took 0.637868s
Tau required
Density calculation took 0.640498s
Tau required
Density calculation took 0.637039s
Tau required
Density calculation took 0.639614s
Tau required
Density calculation took 0.638219s
Tau required
Density calculation took 0.639451s
Tau required
Density calculation took 0.638817s
Tau required
Density calculation took 0.640514s
Tau required
Density calculation took 0.638227s
Tau required
Density calculation took 0.640534s
Tau required
Total number of grid points: 392344 (5769 per atom)
Density calculation took 0.692127s
Tau required
Density calculation took 0.663734s
Tau required
Density calculation took 0.639085s
Tau required
Density calculation took 0.638901s
Tau required
Density calculation took 0.639884s
Tau required
Density calculation took 0.639187s
Tau required
Density calculation took 0.639196s
Tau required
Density calculation took 0.638662s
Tau required
Density calculation took 0.640338s
Tau required
Density calculation took 0.639848s
Tau required
Density calculation took 0.638705s
Tau required
Density calculation took 0.638357s
Tau required
Density calculation took 0.640185s
Tau required
Density calculation took 0.639100s
Tau required
Density calculation took 0.639400s
Tau required
Density calculation took 0.639343s
Tau required
Density calculation took 0.639807s
Tau required
Total number of grid points: 393344 (5784 per atom)
Density calculation took 0.659305s
Tau required
Density calculation took 0.643157s
Tau required
Density calculation took 0.624121s
Tau required
Density calculation took 0.623951s
Tau required
Density calculation took 0.624330s
Tau required
Density calculation took 0.623668s
Tau required
Density calculation took 0.624084s
Tau required
Density calculation took 0.623566s
Tau required
Density calculation took 0.624632s
Tau required
Density calculation took 0.623223s
Tau required
Density calculation took 0.624942s
Tau required
Density calculation took 0.624034s
Tau required
Density calculation took 0.624443s
Tau required
Density calculation took 0.623882s
Tau required
Density calculation took 0.623951s
Tau required
Density calculation took 0.623553s
Tau required
Density calculation took 0.624171s
Tau required
[CRAYBLAS_WARNING] Application linked against multiple cray-libsci libraries
=====
       MGGA_X_M11_L+MGGA_C_M11_L Energy Results        
=======================================================
E MGGA_X_M11_L+MGGA_C_M11_L: -1691.5256724
Nuclear Repulsion Energy: 4479.8148213
Electronic Energy:        -5922.6367143
XC Energy:                -248.703779
Converged:                1
# of SCF iterations:      17
SCF Time:                 34.2s

=======================================================
            Individual Calculation Summary             
=======================================================
HF Energy: -1691.5256724046987529
=======================================================


Topology 9 time: 34.387622 s, performance: SP: 0 FLOP/s, DP: 32.45 TFLOP/s
JSON file written to: json_logs/lustre_orion_chm213_scratch_ryan_dhdft_inputs_exess_exess_inputs_M11-L_def2-TZVP_isomers_31320-31339_topology_9.json
************************************************************
**************** Running topology 11 of 20 *****************
************************************************************

************************************************************
****** Beginning RI-MGGA_X_M11_L+MGGA_C_M11_L energy *******
************************************************************

=======================================================
       MGGA_X_M11_L+MGGA_C_M11_L Energy Results        
=======================================================
E MGGA_X_M11_L+MGGA_C_M11_L: -1691.52827768
Nuclear Repulsion Energy: 4493.02463901
Electronic Energy:        -5935.84996507
XC Energy:                -248.702952
Converged:                1
# of SCF iterations:      17
SCF Time:                 34.259s

=======================================================
            Individual Calculation Summary             
=======================================================
HF Energy: -1691.5282776805411231
=======================================================


Topology 10 time: 34.448174 s, performance: SP: 0 FLOP/s, DP: 32.39 TFLOP/s
JSON file written to: json_logs/lustre_orion_chm213_scratch_ryan_dhdft_inputs_exess_exess_inputs_M11-L_def2-TZVP_isomers_31320-31339_topology_10.json
************************************************************
**************** Running topology 12 of 20 *****************
************************************************************

************************************************************
****** Beginning RI-MGGA_X_M11_L+MGGA_C_M11_L energy *******
************************************************************

=======================================================
       MGGA_X_M11_L+MGGA_C_M11_L Energy Results        
=======================================================
E MGGA_X_M11_L+MGGA_C_M11_L: -1691.52966214
Nuclear Repulsion Energy: 4440.67436268
Electronic Energy:        -5883.49929349
XC Energy:                -248.704731
Converged:                1
# of SCF iterations:      17
SCF Time:                 34.11s

=======================================================
            Individual Calculation Summary             
=======================================================
HF Energy: -1691.5296621355137177
=======================================================


Topology 11 time: 34.295444 s, performance: SP: 0 FLOP/s, DP: 32.56 TFLOP/s
JSON file written to: json_logs/lustre_orion_chm213_scratch_ryan_dhdft_inputs_exess_exess_inputs_M11-L_def2-TZVP_isomers_31320-31339_topology_11.json
************************************************************
**************** Running topology 13 of 20 *****************
************************************************************

************************************************************
****** Beginning RI-MGGA_X_M11_L+MGGA_C_M11_L energy *******
************************************************************

=======================================================
       MGGA_X_M11_L+MGGA_C_M11_L Energy Results        
=======================================================
E MGGA_X_M11_L+MGGA_C_M11_L: -1691.53131148
Nuclear Repulsion Energy: 4550.28619266
Electronic Energy:        -5993.10436312
XC Energy:                -248.713141
Converged:                1
# of SCF iterations:      17
SCF Time:                 34.175s

=======================================================
            Individual Calculation Summary             
=======================================================
HF Energy: -1691.5313114756654613
=======================================================


Topology 12 time: 34.369871 s, performance: SP: 0 FLOP/s, DP: 32.46 TFLOP/s
JSON file written to: json_logs/lustre_orion_chm213_scratch_ryan_dhdft_inputs_exess_exess_inputs_M11-L_def2-TZVP_isomers_31320-31339_topology_12.json
************************************************************
**************** Running topology 14 of 20 *****************
************************************************************

************************************************************
****** Beginning RI-MGGA_X_M11_L+MGGA_C_M11_L energy *******
************************************************************

=======================================================
       MGGA_X_M11_L+MGGA_C_M11_L Energy Results        
=======================================================
E MGGA_X_M11_L+MGGA_C_M11_L: -1691.52910994
Nuclear Repulsion Energy: 4573.87457838
Electronic Energy:        -6016.70364172
XC Energy:                -248.700047
Converged:                1
# of SCF iterations:      16
SCF Time:                 32.051s

=======================================================
            Individual Calculation Summary             
=======================================================
HF Energy: -1691.5291099433557065
=======================================================


Topology 13 time: 32.247914 s, performance: SP: 0 FLOP/s, DP: 32.63 TFLOP/s
JSON file written to: json_logs/lustre_orion_chm213_scratch_ryan_dhdft_inputs_exess_exess_inputs_M11-L_def2-TZVP_isomers_31320-31339_topology_13.json
************************************************************
**************** Running topology 15 of 20 *****************
************************************************************

************************************************************
****** Beginning RI-MGGA_X_M11_L+MGGA_C_M11_L energy *******
************************************************************

=======================================================
       MGGA_X_M11_L+MGGA_C_M11_L Energy Results        
=======================================================
E MGGA_X_M11_L+MGGA_C_M11_L: -1691.50529765
Nuclear Repulsion Energy: 4636.83634535
Electronic Energy:        -6079.63615601
XC Energy:                -248.705487
Converged:                1
# of SCF iterations:      17
SCF Time:                 34.53s

=======================================================
            Individual Calculation Summary             
=======================================================
HF Energy: -1691.5052976479832978
=======================================================


Topology 14 time: 34.732235 s, performance: SP: 0 FLOP/s, DP: 32.05 TFLOP/s
JSON file written to: json_logs/lustre_orion_chm213_scratch_ryan_dhdft_inputs_exess_exess_inputs_M11-L_def2-TZVP_isomers_31320-31339_topology_14.json
************************************************************
**************** Running topology 16 of 20 *****************
************************************************************

************************************************************
****** Beginning RI-MGGA_X_M11_L+MGGA_C_M11_L energy *******
************************************************************

=======================================================
       MGGA_X_M11_L+MGGA_C_M11_L Energy Results        
=======================================================
E MGGA_X_M11_L+MGGA_C_M11_L: -1691.5065242
Nuclear Repulsion Energy: 4627.31105909
Electronic Energy:        -6070.1159728
XC Energy:                -248.701610
Converged:                1
# of SCF iterations:      17
SCF Time:                 34.204s

=======================================================
            Individual Calculation Summary             
=======================================================
HF Energy: -1691.5065241971576597
=======================================================


Topology 15 time: 34.404543 s, performance: SP: 0 FLOP/s, DP: 32.36 TFLOP/s
JSON file written to: json_logs/lustre_orion_chm213_scratch_ryan_dhdft_inputs_exess_exess_inputs_M11-L_def2-TZVP_isomers_31320-31339_topology_15.json
************************************************************
**************** Running topology 17 of 20 *****************
************************************************************

************************************************************
****** Beginning RI-MGGA_X_M11_L+MGGA_C_M11_L energy *******
************************************************************

=======================================================
       MGGA_X_M11_L+MGGA_C_M11_L Energy Results        
=======================================================
E MGGA_X_M11_L+MGGA_C_M11_L: -1691.50717956
Nuclear Repulsion Energy: 4641.66412226
Electronic Energy:        -6084.46748454
XC Energy:                -248.703817
Converged:                1
# of SCF iterations:      17
SCF Time:                 34.067s

=======================================================
            Individual Calculation Summary             
=======================================================
HF Energy: -1691.5071795563242176
=======================================================


Topology 16 time: 34.269838 s, performance: SP: 0 FLOP/s, DP: 32.46 TFLOP/s
JSON file written to: json_logs/lustre_orion_chm213_scratch_ryan_dhdft_inputs_exess_exess_inputs_M11-L_def2-TZVP_isomers_31320-31339_topology_16.json
************************************************************
**************** Running topology 18 of 20 *****************
************************************************************

************************************************************
****** Beginning RI-MGGA_X_M11_L+MGGA_C_M11_L energy *******
************************************************************

=======================================================
       MGGA_X_M11_L+MGGA_C_M11_L Energy Results        
=======================================================
E MGGA_X_M11_L+MGGA_C_M11_L: -1691.50927186
Nuclear Repulsion Energy: 4632.64192802
Electronic Energy:        -6075.44903965
XC Energy:                -248.702160
Converged:                1
# of SCF iterations:      17
SCF Time:                 34.468s

=======================================================
            Individual Calculation Summary             
=======================================================
HF Energy: -1691.5092718567534575
=======================================================


Topology 17 time: 34.669243 s, performance: SP: 0 FLOP/s, DP: 32.1 TFLOP/s
JSON file written to: json_logs/lustre_orion_chm213_scratch_ryan_dhdft_inputs_exess_exess_inputs_M11-L_def2-TZVP_isomers_31320-31339_topology_17.json
************************************************************
**************** Running topology 19 of 20 *****************
************************************************************

************************************************************
****** Beginning RI-MGGA_X_M11_L+MGGA_C_M11_L energy *******
************************************************************

=======================================================
       MGGA_X_M11_L+MGGA_C_M11_L Energy Results        
=======================================================
E MGGA_X_M11_L+MGGA_C_M11_L: -1691.51051033
Nuclear Repulsion Energy: 4657.12862492
Electronic Energy:        -6099.93286588
XC Energy:                -248.706269
Converged:                1
# of SCF iterations:      17
SCF Time:                 34.531s

=======================================================
            Individual Calculation Summary             
=======================================================
HF Energy: -1691.5105103321984643
=======================================================


Topology 18 time: 34.734812 s, performance: SP: 0 FLOP/s, DP: 32.07 TFLOP/s
JSON file written to: json_logs/lustre_orion_chm213_scratch_ryan_dhdft_inputs_exess_exess_inputs_M11-L_def2-TZVP_isomers_31320-31339_topology_18.json
************************************************************
**************** Running topology 20 of 20 *****************
************************************************************

************************************************************
****** Beginning RI-MGGA_X_M11_L+MGGA_C_M11_L energy *******
************************************************************

=======================================================
       MGGA_X_M11_L+MGGA_C_M11_L Energy Results        
=======================================================
E MGGA_X_M11_L+MGGA_C_M11_L: -1691.50648966
Nuclear Repulsion Energy: 4667.25729694
Electronic Energy:        -6110.05765472
XC Energy:                -248.706132
Converged:                1
# of SCF iterations:      17
SCF Time:                 34.113s

=======================================================
            Individual Calculation Summary             
=======================================================
HF Energy: -1691.5064896592684818
=======================================================


Topology 19 time: 34.319272 s, performance: SP: 0 FLOP/s, DP: 32.43 TFLOP/s
JSON file written to: json_logs/lustre_orion_chm213_scratch_ryan_dhdft_inputs_exess_exess_inputs_M11-L_def2-TZVP_isomers_31320-31339_topology_19.json
Total flops: SP: 0 FLOPS, DP: 22.114195 PFLOPS
Performance: SP: 0 FLOP/s, DP: 31.93 TFLOP/s

Now, a word from our sponsors... 
 An EXESS programmer has seen the terrors of the world and understood the intrinsic horror of existence. 
 (Giuseppe Barca, alias G-Man)

[31mTotal processing time 692.891782 seconds[0m
[CRAYBLAS_WARNING] Application linked against multiple cray-libsci libraries
1
Density calculation took 0.626555s
Tau required
    7     | -1691.5309568586 |   1.2099e-03   |    1.5820     |    0.2716
Density calculation took 0.626541s
Tau required
    8     | -1691.5311730825 |   4.5528e-04   |    1.5828     |    0.2616
Density calculation took 0.627020s
Tau required
    9     | -1691.5313024305 |   2.9352e-05   |    1.5827     |    0.2623
Density calculation took 0.626660s
Tau required
   10     | -1691.5313093737 |   6.8814e-06   |    1.5827     |    0.2618
Density calculation took 0.626803s
Tau required
   11     | -1691.5313111567 |   1.0295e-06   |    1.5834     |    0.2627
Density calculation took 0.626880s
Tau required
   12     | -1691.5313113500 |   4.1483e-07   |    1.5824     |    0.2619
Density calculation took 0.627004s
Tau required
   13     | -1691.5313114626 |   4.3834e-08   |    1.5819     |    0.2646
Density calculation took 0.626695s
Tau required
   14     | -1691.5313114746 |   3.5269e-09   |    1.5834     |    0.2615
Density calculation took 0.626830s
Tau required
   15     | -1691.5313114754 |   8.3608e-10   |    1.5843     |    0.2615
Density calculation took 0.626781s
Tau required
   16     | -1691.5313114756 |   1.4379e-10   |    1.5833     |    0.2617
Density calculation took 0.626744s
Tau required
   17     | -1691.5313114757 |   3.3504e-11   |    1.5812     |    0.2608
Created 714174 / 2985984 significant shell pairs
Created 554842 / 2274064 significant shell pairs
Total number of grid points: 392306 (5769 per atom)
One electron integrals and orthogonalizer took 0.052786s
Created 554842 / 2274064 significant shell pairs
3C integrals and B formation took 2.166975s
Iteration |      Energy      |  DIIS Metric   | Fock Time (s) | DIIS Time (s)
----------+------------------+----------------+---------------+--------------
Density calculation took 0.662199s
Tau required
    1     | -1702.2518758909 |   1.0221e+03   |    1.7616     |    0.2943
Density calculation took 0.651932s
Tau required
    2     | -1690.6306827798 |   3.2362e+00   |    1.6056     |    0.2588
Density calculation took 0.627309s
Tau required
    3     | -1690.4493547591 |   3.8839e+00   |    1.5655     |    0.2659
Density calculation took 0.627294s
Tau required
    4     | -1691.4450516560 |   2.6522e-01   |    1.5634     |    0.2596
Density calculation took 0.628495s
Tau required
    5     | -1691.4924857470 |   1.1750e-01   |    1.5656     |    0.2718
Density calculation took 0.628944s
Tau required
    6     | -1691.5264864540 |   8.9637e-03   |    1.5637     |    0.2595
Density calculation took 0.628875s
Tau required
    7     | -1691.5284223062 |   2.0978e-03   |    1.5668     |    0.2709
Density calculation took 0.628690s
Tau required
    8     | -1691.5288589385 |   8.1383e-04   |    1.5653     |    0.2612
Density calculation took 0.628548s
Tau required
    9     | -1691.5290910229 |   6.1494e-05   |    1.5642     |    0.2608
Density calculation took 0.627543s
Tau required
   10     | -1691.5291067736 |   9.7603e-06   |    1.5645     |    0.2619
Density calculation took 0.628974s
Tau required
   11     | -1691.5291093424 |   1.8004e-06   |    1.5678     |    0.2619
Density calculation took 0.627788s
Tau required
   12     | -1691.5291098554 |   2.7988e-07   |    1.5645     |    0.2628
Density calculation took 0.628950s
Tau required
   13     | -1691.5291099302 |   4.2135e-08   |    1.5666     |    0.2633
Density calculation took 0.627826s
Tau required
   14     | -1691.5291099406 |   8.4281e-09   |    1.5635     |    0.2632
Density calculation took 0.628843s
Tau required
   15     | -1691.5291099429 |   1.4536e-09   |    1.5670     |    0.2637
Density calculation took 0.627708s
Tau required
   16     | -1691.5291099434 |   9.1770e-11   |    1.5634     |    0.2625
Created 734379 / 2985984 significant shell pairs
Created 570140 / 2274064 significant shell pairs
Total number of grid points: 393043 (5780 per atom)
One electron integrals and orthogonalizer took 0.052754s
Created 570140 / 2274064 significant shell pairs
3C integrals and B formation took 2.187698s
Iteration |      Energy      |  DIIS Metric   | Fock Time (s) | DIIS Time (s)
----------+------------------+----------------+---------------+--------------
Density calculation took 0.646061s
Tau required
    1     | -1702.2578296669 |   1.0287e+03   |    1.7847     |    0.2938
Density calculation took 0.639432s
Tau required
    2     | -1690.6010354742 |   3.2647e+00   |    1.6414     |    0.2588
Density calculation took 0.617309s
Tau required
    3     | -1690.4007025249 |   4.0642e+00   |    1.6034     |    0.2705
Density calculation took 0.618069s
Tau required
    4     | -1691.4481617394 |   1.9788e-01   |    1.6018     |    0.2604
Density calculation took 0.618361s
Tau required
    5     | -1691.4829365983 |   7.3139e-02   |    1.6028     |    0.2700
Density calculation took 0.618107s
Tau required
    6     | -1691.5026597211 |   9.1084e-03   |    1.5994     |    0.2612
Density calculation took 0.618310s
Tau required
    7     | -1691.5048322667 |   1.5422e-03   |    1.6022     |    0.2741
Density calculation took 0.617745s
Tau required
    8     | -1691.5051099625 |   6.0075e-04   |    1.6000     |    0.2618
Density calculation took 0.618763s
Tau required
    9     | -1691.5052764505 |   6.6207e-05   |    1.6039     |    0.2625
Density calculation took 0.618196s
Tau required
   10     | -1691.5052944099 |   1.0719e-05   |    1.5985     |    0.2628
Density calculation took 0.618264s
Tau required
   11     | -1691.5052971310 |   1.6733e-06   |    1.6020     |    0.2627
Density calculation took 0.618304s
Tau required
   12     | -1691.5052975180 |   4.1042e-07   |    1.6022     |    0.2629
Density calculation took 0.618265s
Tau required
   13     | -1691.5052976358 |   4.1726e-08   |    1.6052     |    0.2615
Density calculation took 0.618407s
Tau required
   14     | -1691.5052976471 |   2.8075e-09   |    1.6033     |    0.2622
Density calculation took 0.618253s
Tau required
   15     | -1691.5052976477 |   1.0831e-09   |    1.6073     |    0.2631
Density calculation took 0.618340s
Tau required
   16     | -1691.5052976479 |   2.2659e-10   |    1.6001     |    0.2636
Density calculation took 0.618241s
Tau required
   17     | -1691.5052976480 |   3.7643e-11   |    1.6038     |    0.2638
Created 732903 / 2985984 significant shell pairs
Created 568978 / 2274064 significant shell pairs
Total number of grid points: 392359 (5769 per atom)
One electron integrals and orthogonalizer took 0.052893s
Created 568978 / 2274064 significant shell pairs
3C integrals and B formation took 2.190799s
Iteration |      Energy      |  DIIS Metric   | Fock Time (s) | DIIS Time (s)
----------+------------------+----------------+---------------+--------------
Density calculation took 0.662370s
Tau required
    1     | -1702.2512522915 |   1.0271e+03   |    1.7658     |    0.2952
Density calculation took 0.652104s
Tau required
    2     | -1690.6062970629 |   3.2411e+00   |    1.6209     |    0.2591
Density calculation took 0.630683s
Tau required
    3     | -1690.4233810886 |   3.9497e+00   |    1.5843     |    0.2681
Density calculation took 0.631099s
Tau required
    4     | -1691.4501123091 |   1.9653e-01   |    1.5874     |    0.2608
Density calculation took 0.629377s
Tau required
    5     | -1691.4890422154 |   5.8861e-02   |    1.5844     |    0.2697
Density calculation took 0.629490s
Tau required
    6     | -1691.5032802912 |   1.0738e-02   |    1.5780     |    0.2605
Density calculation took 0.629939s
Tau required
    7     | -1691.5060805572 |   1.4779e-03   |    1.5840     |    0.2709
Density calculation took 0.629208s
Tau required
    8     | -1691.5063997856 |   4.2292e-04   |    1.5831     |    0.2618
Density calculation took 0.630020s
Tau required
    9     | -1691.5065103803 |   4.4213e-05   |    1.5817     |    0.2641
Density calculation took 0.631655s
Tau required
   10     | -1691.5065213326 |   9.1320e-06   |    1.5900     |    0.2615
Density calculation took 0.629667s
Tau required
   11     | -1691.5065236574 |   1.6022e-06   |    1.5793     |    0.2611
Density calculation took 0.631481s
Tau required
   12     | -1691.5065240189 |   5.4077e-07   |    1.5856     |    0.2655
Density calculation took 0.629749s
Tau required
   13     | -1691.5065241784 |   6.3537e-08   |    1.5793     |    0.2657
Density calculation took 0.631279s
Tau required
   14     | -1691.5065241955 |   5.5422e-09   |    1.5862     |    0.2621
Density calculation took 0.630087s
Tau required
   15     | -1691.5065241968 |   1.2703e-09   |    1.5794     |    0.2631
Density calculation took 0.631535s
Tau required
   16     | -1691.5065241970 |   4.8704e-10   |    1.5869     |    0.2613
Density calculation took 0.629925s
Tau required
   17     | -1691.5065241972 |   3.4461e-11   |    1.5790     |    0.2630
Created 738284 / 2985984 significant shell pairs
Created 572203 / 2274064 significant shell pairs
Total number of grid points: 392595 (5773 per atom)
One electron integrals and orthogonalizer took 0.054259s
Created 572203 / 2274064 significant shell pairs
3C integrals and B formation took 2.184929s
Iteration |      Energy      |  DIIS Metric   | Fock Time (s) | DIIS Time (s)
----------+------------------+----------------+---------------+--------------
Density calculation took 0.641725s
Tau required
    1     | -1702.2626288615 |   1.0301e+03   |    1.7958     |    0.2959
Density calculation took 0.645969s
Tau required
    2     | -1690.6000254998 |   3.2757e+00   |    1.6129     |    0.2585
Density calculation took 0.623674s
Tau required
    3     | -1690.3268159498 |   4.3321e+00   |    1.5723     |    0.2680
Density calculation took 0.623926s
Tau required
    4     | -1691.3973824810 |   3.7271e-01   |    1.5753     |    0.2587
Density calculation took 0.623539s
Tau required
    5     | -1691.4704478482 |   1.2736e-01   |    1.5726     |    0.2693
Density calculation took 0.623285s
Tau required
    6     | -1691.5037667281 |   1.1954e-02   |    1.5744     |    0.2601
Density calculation took 0.623543s
Tau required
    7     | -1691.5063692975 |   2.5686e-03   |    1.5735     |    0.2711
Density calculation took 0.623714s
Tau required
    8     | -1691.5069550266 |   6.9442e-04   |    1.5744     |    0.2620
Density calculation took 0.623744s
Tau required
    9     | -1691.5071541840 |   7.6864e-05   |    1.5728     |    0.2622
Density calculation took 0.624301s
Tau required
   10     | -1691.5071763737 |   1.0179e-05   |    1.5802     |    0.2620
Density calculation took 0.623754s
Tau required
   11     | -1691.5071787855 |   2.5479e-06   |    1.5729     |    0.2609
Density calculation took 0.624344s
Tau required
   12     | -1691.5071794457 |   3.6392e-07   |    1.5757     |    0.2625
Density calculation took 0.623600s
Tau required
   13     | -1691.5071795317 |   8.2310e-08   |    1.5748     |    0.2614
Density calculation took 0.624439s
Tau required
   14     | -1691.5071795544 |   6.1882e-09   |    1.5753     |    0.2628
Density calculation took 0.623866s
Tau required
   15     | -1691.5071795556 |   2.5565e-09   |    1.5725     |    0.2610
Density calculation took 0.624179s
Tau required
   16     | -1691.5071795561 |   7.2511e-10   |    1.5744     |    0.2610
Density calculation took 0.623895s
Tau required
   17     | -1691.5071795563 |   7.8241e-11   |    1.5744     |    0.2621
Created 736025 / 2985984 significant shell pairs
Created 570610 / 2274064 significant shell pairs
Total number of grid points: 392271 (5768 per atom)
One electron integrals and orthogonalizer took 0.052888s
Created 570610 / 2274064 significant shell pairs
3C integrals and B formation took 2.185779s
Iteration |      Energy      |  DIIS Metric   | Fock Time (s) | DIIS Time (s)
----------+------------------+----------------+---------------+--------------
Density calculation took 0.692560s
Tau required
    1     | -1702.2575079788 |   1.0283e+03   |    1.7950     |    0.2940
Density calculation took 0.649222s
Tau required
    2     | -1690.6046534190 |   3.2634e+00   |    1.6383     |    0.2573
Density calculation took 0.626034s
Tau required
    3     | -1690.3554408704 |   4.2319e+00   |    1.6010     |    0.2683
Density calculation took 0.626275s
Tau required
    4     | -1691.4080536379 |   3.4563e-01   |    1.5946     |    0.2587
Density calculation took 0.626111s
Tau required
    5     | -1691.4728840088 |   1.2366e-01   |    1.6033     |    0.2711
Density calculation took 0.624361s
Tau required
    6     | -1691.5057057068 |   1.2648e-02   |    1.5972     |    0.2611
Density calculation took 0.626412s
Tau required
    7     | -1691.5086993455 |   1.8957e-03   |    1.6023     |    0.2706
Density calculation took 0.626716s
Tau required
    8     | -1691.5090524148 |   7.2660e-04   |    1.5931     |    0.2635
Density calculation took 0.624547s
Tau required
    9     | -1691.5092542564 |   5.8952e-05   |    1.6028     |    0.2616
Density calculation took 0.626298s
Tau required
   10     | -1691.5092697749 |   7.0138e-06   |    1.5925     |    0.2619
Density calculation took 0.624802s
Tau required
   11     | -1691.5092713614 |   1.5873e-06   |    1.6010     |    0.2630
Density calculation took 0.626565s
Tau required
   12     | -1691.5092717612 |   2.9650e-07   |    1.5959     |    0.2620
Density calculation took 0.624476s
Tau required
   13     | -1691.5092718405 |   5.2447e-08   |    1.6016     |    0.2612
Density calculation took 0.627009s
Tau required
   14     | -1691.5092718552 |   4.8097e-09   |    1.5959     |    0.2626
Density calculation took 0.625002s
Tau required
   15     | -1691.5092718560 |   2.3482e-09   |    1.6018     |    0.2618
Density calculation took 0.626578s
Tau required
   16     | -1691.5092718566 |   4.7135e-10   |    1.5937     |    0.2605
Density calculation took 0.625061s
Tau required
   17     | -1691.5092718568 |   4.9961e-11   |    1.6042     |    0.2625
Created 740685 / 2985984 significant shell pairs
Created 575359 / 2274064 significant shell pairs
Total number of grid points: 392648 (5774 per atom)
One electron integrals and orthogonalizer took 0.053205s
Created 575359 / 2274064 significant shell pairs
3C integrals and B formation took 2.182643s
Iteration |      Energy      |  DIIS Metric   | Fock Time (s) | DIIS Time (s)
----------+------------------+----------------+---------------+--------------
Density calculation took 0.655049s
Tau required
    1     | -1702.2570416994 |   1.0278e+03   |    1.8097     |    0.2936
Density calculation took 0.640855s
Tau required
    2     | -1690.6093521119 |   3.2531e+00   |    1.6435     |    0.2594
Density calculation took 0.614401s
Tau required
    3     | -1690.4252038907 |   3.9959e+00   |    1.6028     |    0.2679
Density calculation took 0.614266s
Tau required
    4     | -1691.4637105235 |   1.6909e-01   |    1.6007     |    0.2599
Density calculation took 0.615471s
Tau required
    5     | -1691.4995403585 |   3.8623e-02   |    1.6058     |    0.2688
Density calculation took 0.615390s
Tau required
    6     | -1691.5084768906 |   6.7913e-03   |    1.5994     |    0.2593
Density calculation took 0.615455s
Tau required
    7     | -1691.5099839646 |   1.7454e-03   |    1.6020     |    0.2719
Density calculation took 0.614705s
Tau required
    8     | -1691.5104057588 |   3.5004e-04   |    1.5980     |    0.2619
Density calculation took 0.615469s
Tau required
    9     | -1691.5104992509 |   3.7253e-05   |    1.6038     |    0.2617
Density calculation took 0.614535s
Tau required
   10     | -1691.5105087416 |   5.5662e-06   |    1.6012     |    0.2627
Density calculation took 0.615405s
Tau required
   11     | -1691.5105101237 |   7.1137e-07   |    1.6019     |    0.2614
Density calculation took 0.614692s
Tau required
   12     | -1691.5105102169 |   3.7842e-07   |    1.5980     |    0.2621
Density calculation took 0.615603s
Tau required
   13     | -1691.5105103105 |   6.7605e-08   |    1.6045     |    0.2615
Density calculation took 0.614436s
Tau required
   14     | -1691.5105103305 |   5.1146e-09   |    1.6000     |    0.2635
Density calculation took 0.615391s
Tau required
   15     | -1691.5105103319 |   9.9769e-10   |    1.6040     |    0.2621
Density calculation took 0.614592s
Tau required
   16     | -1691.5105103321 |   3.0758e-10   |    1.6001     |    0.2636
Density calculation took 0.615292s
Tau required
   17     | -1691.5105103322 |   4.4160e-11   |    1.6031     |    0.2634
Created 744514 / 2985984 significant shell pairs
Created 578242 / 2274064 significant shell pairs
Total number of grid points: 392888 (5777 per atom)
One electron integrals and orthogonalizer took 0.055746s
Created 578242 / 2274064 significant shell pairs
3C integrals and B formation took 2.191960s
Iteration |      Energy      |  DIIS Metric   | Fock Time (s) | DIIS Time (s)
----------+------------------+----------------+---------------+--------------
Density calculation took 0.657610s
Tau required
    1     | -1702.2589422873 |   1.0290e+03   |    1.7753     |    0.2944
Density calculation took 0.645485s
Tau required
    2     | -1690.6033294335 |   3.2611e+00   |    1.6072     |    0.2577
Density calculation took 0.617390s
Tau required
    3     | -1690.4031056629 |   4.0622e+00   |    1.5826     |    0.2673
Density calculation took 0.616453s
Tau required
    4     | -1691.4481794033 |   2.0411e-01   |    1.5774     |    0.2601
Density calculation took 0.616890s
Tau required
    5     | -1691.4826991088 |   7.8393e-02   |    1.5785     |    0.2695
Density calculation took 0.617814s
Tau required
    6     | -1691.5033721871 |   1.0719e-02   |    1.5763     |    0.2611
Density calculation took 0.616758s
Tau required
    7     | -1691.5060925255 |   1.3411e-03   |    1.5787     |    0.2735
Density calculation took 0.616738s
Tau required
    8     | -1691.5063101850 |   5.7796e-04   |    1.5763     |    0.2630
Density calculation took 0.617017s
Tau required
    9     | -1691.5064664929 |   7.1499e-05   |    1.5790     |    0.2646
Density calculation took 0.616737s
Tau required
   10     | -1691.5064858873 |   1.2188e-05   |    1.5777     |    0.2614
Density calculation took 0.617017s
Tau required
   11     | -1691.5064890200 |   2.0362e-06   |    1.5784     |    0.2611
Density calculation took 0.616803s
Tau required
   12     | -1691.5064895267 |   4.2388e-07   |    1.5750     |    0.2603
Density calculation took 0.616872s
Tau required
   13     | -1691.5064896476 |   4.0386e-08   |    1.5805     |    0.2628
Density calculation took 0.616968s
Tau required
   14     | -1691.5064896583 |   3.3078e-09   |    1.5777     |    0.2628
Density calculation took 0.616834s
Tau required
   15     | -1691.5064896590 |   9.6855e-10   |    1.5779     |    0.2625
Density calculation took 0.616870s
Tau required
   16     | -1691.5064896592 |   2.5367e-10   |    1.5759     |    0.2609
Density calculation took 0.616915s
Tau required
   17     | -1691.5064896593 |   3.1369e-11   |    1.5788     |    0.2614
Please cite the following papers for the methods used in this calculation:
 - J.L. Galvez Vallejo et. al., Toward an extreme-scale electronic structure system, J. Chem. Phys., 2023. DOI: 10.1063/5.0156399

 - R. Stocks, E. Palethorpe, and G.M.J. Barca, Multi-GPU RI-HF Energies and Analytic Gradients ─ Toward High-Throughput Ab Initio Molecular Dynamics, J. Chem. Theory Comput., 2024. DOI: 10.1021/acs.jctc.4c00877
   For:
     * RI-HF energy

 - S. Lehtola, C. Steigemann, M.J.T. Oliveira, and M.A.L. Marques, Recent developments in Libxc: A comprehensive library of functionals for density functional theory, SoftwareX, 2018. DOI: 10.1016/j.softx.2017.11.002
   For:
     * LibXC version 6.2.0

 - D.B. Williams-Young, W.A. de Jong, H.J.J. van Dam, and C. Yang, On the Efficient Evaluation of the Exchange Correlation Potential on Graphics Processing Unit Clusters, Frontiers in Chemistry, 2020. DOI: 10.3389/fchem.2020.581058
   For:
     * ExchCXX GPU implementation of exchange-correlation functionals

 - R. Stocks and G.M.J. Barca, Efficient Algorithms for GPU Accelerated Evaluation of the DFT Exchange-Correlation Functional, J. Chem. Theory Comput., 2025. DOI: 10.1021/acs.jctc.5c01229
   For:
     * GPU accelerated DFT exchange-correlation evaluation

 - R. Peverati and D. G. Truhlar.,  J. Phys. Chem. Lett. 3, 117 (2012) DOI: 10.1021/jz201525m
   For:
     * MGGA_X_M11_L XC Functional
     * MGGA_C_M11_L XC Functional

[CRAYBLAS_WARNING] Application linked against multiple cray-libsci libraries
