Total number of grid points: 369771 (5777 per atom)
Density calculation took 0.554392s
Tau required
Density calculation took 0.574130s
Tau required
Density calculation took 0.556052s
Tau required
Density calculation took 0.557408s
Tau required
Density calculation took 0.556969s
Tau required
Density calculation took 0.557683s
Tau required
Density calculation took 0.557926s
Tau required
Density calculation took 0.558510s
Tau required
Density calculation took 0.557756s
Tau required
Density calculation took 0.558300s
Tau required
Density calculation took 0.558796s
Tau required
Density calculation took 0.559086s
Tau required
Density calculation took 0.558448s
Tau required
Density calculation took 0.559472s
Tau required
Density calculation took 0.559048s
Tau required
Density calculation took 0.559504s
Tau required
Density calculation took 0.559088s
Tau required
Density calculation took 0.559102s
Tau required
Total number of grid points: 370430 (5787 per atom)
Density calculation took 0.610014s
Tau required
Density calculation took 0.583891s
Tau required
Density calculation took 0.562813s
Tau required
Density calculation took 0.563310s
Tau required
Density calculation took 0.562695s
Tau required
Density calculation took 0.563662s
Tau required
Density calculation took 0.563262s
Tau required
Density calculation took 0.563747s
Tau required
Density calculation took 0.563527s
Tau required
Density calculation took 0.564155s
Tau required
Density calculation took 0.563884s
Tau required
Density calculation took 0.564405s
Tau required
Density calculation took 0.563226s
Tau required
Density calculation took 0.564228s
Tau required
Density calculation took 0.564100s
Tau required
Density calculation took 0.564636s
Tau required
Density calculation took 0.564123s
Tau required
Density calculation took 0.564392s
Tau required
Total number of grid points: 368956 (5764 per atom)
Density calculation took 0.553297s
Tau required
Density calculation took 0.587472s
Tau required
Density calculation took 0.565806s
Tau required
Density calculation took 0.566436s
Tau required
Density calculation took 0.566556s
Tau required
Density calculation took 0.567030s
Tau required
Density calculation took 0.566952s
Tau required
Density calculation took 0.566637s
Tau required
Density calculation took 0.567013s
Tau required
Density calculation took 0.567023s
Tau required
Density calculation took 0.567021s
Tau required
Density calculation took 0.566433s
Tau required
Density calculation took 0.567190s
Tau required
Density calculation took 0.567253s
Tau required
Density calculation took 0.567216s
Tau required
Density calculation took 0.565991s
Tau required
Density calculation took 0.567159s
Tau required
Total number of grid points: 369074 (5766 per atom)
Density calculation took 0.557618s
Tau required
Density calculation took 0.590955s
Tau required
Density calculation took 0.569529s
Tau required
Density calculation took 0.570268s
Tau required
Density calculation took 0.570028s
Tau required
Density calculation took 0.569921s
Tau required
Density calculation took 0.570003s
Tau required
Density calculation took 0.569991s
Tau required
Density calculation took 0.570055s
Tau required
Density calculation took 0.570656s
Tau required
Density calculation took 0.570009s
Tau required
Density calculation took 0.570276s
Tau required
Density calculation took 0.570694s
Tau required
Density calculation took 0.570589s
Tau required
Density calculation took 0.570758s
Tau required
Density calculation took 0.570473s
Tau required
Density calculation took 0.570696s
Tau required
Total number of grid points: 369348 (5771 per atom)
Density calculation took 0.555834s
Tau required
Density calculation took 0.594100s
Tau required
Density calculation took 0.571856s
Tau required
Density calculation took 0.572704s
Tau required
Density calculation took 0.572001s
Tau required
Density calculation took 0.573944s
Tau required
Density calculation took 0.572304s
Tau required
Density calculation took 0.573618s
Tau required
Density calculation took 0.571542s
Tau required
Density calculation took 0.574101s
Tau required
Density calculation took 0.572079s
Tau required
Density calculation took 0.573904s
Tau required
Density calculation took 0.572923s
Tau required
Density calculation took 0.574106s
Tau required
Density calculation took 0.572970s
Tau required
Density calculation took 0.574265s
Tau required
Density calculation took 0.572447s
Tau required
Total number of grid points: 369152 (5768 per atom)
Density calculation took 0.558289s
Tau required
Density calculation took 0.594390s
Tau required
Density calculation took 0.570859s
Tau required
Density calculation took 0.571000s
Tau required
Density calculation took 0.571383s
Tau required
Density calculation took 0.571086s
Tau required
Density calculation took 0.571768s
Tau required
Density calculation took 0.571571s
Tau required
Density calculation took 0.571604s
Tau required
Density calculation took 0.571808s
Tau required
Density calculation took 0.571496s
Tau required
Density calculation took 0.571835s
Tau required
Density calculation took 0.571380s
Tau required
Density calculation took 0.571872s
Tau required
Density calculation took 0.571271s
Tau required
Density calculation took 0.571959s
Tau required
Density calculation took 0.571903s
Tau required
Total number of grid points: 368942 (5764 per atom)
Density calculation took 0.588722s
Tau required
Density calculation took 0.591264s
Tau required
Density calculation took 0.570070s
Tau required
Density calculation took 0.569965s
Tau required
Density calculation took 0.570235s
Tau required
Density calculation took 0.570461s
Tau required
Density calculation took 0.569949s
Tau required
Density calculation took 0.569856s
Tau required
Density calculation took 0.570147s
Tau required
Density calculation took 0.569955s
Tau required
Density calculation took 0.570051s
Tau required
Density calculation took 0.570478s
Tau required
Density calculation took 0.570472s
Tau required
Density calculation took 0.570242s
Tau required
Density calculation took 0.571016s
Tau required
Density calculation took 0.570642s
Tau required
Density calculation took 0.570429s
Tau required
Total number of grid points: 369999 (5781 per atom)
Density calculation took 0.557433s
Tau required
Density calculation took 0.591708s
Tau required
Density calculation took 0.570730s
Tau required
Density calculation took 0.570483s
Tau required
Density calculation took 0.571040s
Tau required
Density calculation took 0.571189s
Tau required
Density calculation took 0.571429s
Tau required
Density calculation took 0.571384s
Tau required
Density calculation took 0.571428s
Tau required
Density calculation took 0.571803s
Tau required
Density calculation took 0.571454s
Tau required
Density calculation took 0.571419s
Tau required
Density calculation took 0.570953s
Tau required
Density calculation took 0.571241s
Tau required
Density calculation took 0.571445s
Tau required
Density calculation took 0.571779s
Tau required
Density calculation took 0.571505s
Tau required
Total number of grid points: 369598 (5774 per atom)
Density calculation took 0.593779s
Tau required
Density calculation took 0.592529s
Tau required
Density calculation took 0.572751s
Tau required
Density calculation took 0.573162s
Tau required
Density calculation took 0.572673s
Tau required
Density calculation took 0.573360s
Tau required
Density calculation took 0.572655s
Tau required
Density calculation took 0.573064s
Tau required
Density calculation took 0.573570s
Tau required
Density calculation took 0.573423s
Tau required
Density calculation took 0.573825s
Tau required
Density calculation took 0.573451s
Tau required
Density calculation took 0.573160s
Tau required
Density calculation took 0.573471s
Tau required
Density calculation took 0.573414s
Tau required
Density calculation took 0.572798s
Tau required
Density calculation took 0.573085s
Tau required
Total number of grid points: 369376 (5771 per atom)
Density calculation took 0.608702s
Tau required
Density calculation took 0.585204s
Tau required
Density calculation took 0.563774s
Tau required
Density calculation took 0.564558s
Tau required
Density calculation took 0.564466s
Tau required
Density calculation took 0.564916s
Tau required
Density calculation took 0.564272s
Tau required
Density calculation took 0.564743s
Tau required
Density calculation took 0.564528s
Tau required
Density calculation took 0.565101s
Tau required
Density calculation took 0.563929s
Tau required
Density calculation took 0.565171s
Tau required
Density calculation took 0.564354s
Tau required
Density calculation took 0.565423s
Tau required
Density calculation took 0.564538s
Tau required
Density calculation took 0.565475s
Tau required
Density calculation took 0.564275s
Tau required
Total number of grid points: 368685 (5760 per atom)
Density calculation took 0.586679s
Tau required
Density calculation took 0.579849s
Tau required
Density calculation took 0.558926s
Tau required
Density calculation took 0.558955s
Tau required
Density calculation took 0.559855s
Tau required
Density calculation took 0.558512s
Tau required
Density calculation took 0.559985s
Tau required
Density calculation took 0.559049s
Tau required
Density calculation took 0.560181s
Tau required
Density calculation took 0.558940s
Tau required
Density calculation took 0.560341s
Tau required
Density calculation took 0.559276s
Tau required
Density calculation took 0.560083s
Tau required
Density calculation took 0.559433s
Tau required
Density calculation took 0.560389s
Tau required
Density calculation took 0.559330s
Tau required
Density calculation took 0.559819s
Tau required
Density calculation took 0.559592s
Tau required
Total number of grid points: 369683 (5776 per atom)
Density calculation took 0.556571s
Tau required
Density calculation took 0.585347s
Tau required
Density calculation took 0.565882s
Tau required
Density calculation took 0.565185s
Tau required
Density calculation took 0.566300s
Tau required
Density calculation took 0.565808s
Tau required
Density calculation took 0.566146s
Tau required
Density calculation took 0.565608s
Tau required
Density calculation took 0.565753s
Tau required
Density calculation took 0.565991s
Tau required
Density calculation took 0.566251s
Tau required
Density calculation took 0.566082s
Tau required
Density calculation took 0.565579s
Tau required
Density calculation took 0.566160s
Tau required
Density calculation took 0.565873s
Tau required
Density calculation took 0.566161s
Tau required
Density calculation took 0.565622s
Tau required
Total number of grid points: 369599 (5774 per atom)
Density calculation took 0.556566s
Tau required
Density calculation took 0.589638s
Tau required
Density calculation took 0.569827s
Tau required
Density calculation took 0.567830s
Tau required
Density calculation took 0.570195s
Tau required
Density calculation took 0.568226s
Tau required
Density calculation took 0.570483s
Tau required
Density calculation took 0.568523s
Tau required
Density calculation took 0.570438s
Tau required
Density calculation took 0.567088s
Tau required
Density calculation took 0.570334s
Tau required
Density calculation took 0.568327s
Tau required
Density calculation took 0.570179s
Tau required
Density calculation took 0.568771s
Tau required
Density calculation took 0.570429s
Tau required
Density calculation took 0.568596s
Tau required
Density calculation took 0.569778s
Tau required
Total number of grid points: 369528 (5773 per atom)
Density calculation took 0.557186s
Tau required
Density calculation took 0.597327s
Tau required
Density calculation took 0.576655s
Tau required
Density calculation took 0.577080s
Tau required
Density calculation took 0.576247s
Tau required
Density calculation took 0.577166s
Tau required
Density calculation took 0.577120s
Tau required
Density calculation took 0.576645s
Tau required
Density calculation took 0.576728s
Tau required
Density calculation took 0.576532s
Tau required
Density calculation took 0.576894s
Tau required
Density calculation took 0.576962s
Tau required
Density calculation took 0.577269s
Tau required
Density calculation took 0.576381s
Tau required
Density calculation took 0.576536s
Tau required
Density calculation took 0.576953s
Tau required
Density calculation took 0.576900s
Tau required
Total number of grid points: 369975 (5780 per atom)
Density calculation took 0.558475s
Tau required
Density calculation took 0.589882s
Tau required
Density calculation took 0.569606s
Tau required
Density calculation took 0.569143s
Tau required
Density calculation took 0.569836s
Tau required
Density calculation took 0.570380s
Tau required
Density calculation took 0.569892s
Tau required
Density calculation took 0.570425s
Tau required
Density calculation took 0.569804s
Tau required
Density calculation took 0.569271s
Tau required
Density calculation took 0.570326s
Tau required
Density calculation took 0.570609s
Tau required
Density calculation took 0.570107s
Tau required
Density calculation took 0.569996s
Tau required
Density calculation took 0.570156s
Tau required
Density calculation took 0.569940s
Tau required
Density calculation took 0.570271s
Tau required
Total number of grid points: 368829 (5762 per atom)
Density calculation took 0.558862s
Tau required
Density calculation took 0.595575s
Tau required
Density calculation took 0.575134s
Tau required
Density calculation took 0.574234s
Tau required
Density calculation took 0.574343s
Tau required
Density calculation took 0.574494s
Tau required
Density calculation took 0.574268s
Tau required
Density calculation took 0.574259s
Tau required
Density calculation took 0.574795s
Tau required
Density calculation took 0.574904s
Tau required
Density calculation took 0.574547s
Tau required
Density calculation took 0.574216s
Tau required
Density calculation took 0.574723s
Tau required
Density calculation took 0.574814s
Tau required
Density calculation took 0.575115s
Tau required
Density calculation took 0.574363s
Tau required
Density calculation took 0.574573s
Tau required
Total number of grid points: 369747 (5777 per atom)
Density calculation took 0.556331s
Tau required
Density calculation took 0.593443s
Tau required
Density calculation took 0.571649s
Tau required
Density calculation took 0.570659s
Tau required
Density calculation took 0.572732s
Tau required
Density calculation took 0.570134s
Tau required
Density calculation took 0.572139s
Tau required
Density calculation took 0.569891s
Tau required
Density calculation took 0.572685s
Tau required
Density calculation took 0.570777s
Tau required
Density calculation took 0.572712s
Tau required
Density calculation took 0.570548s
Tau required
Density calculation took 0.572609s
Tau required
Density calculation took 0.570658s
Tau required
Density calculation took 0.572821s
Tau required
Density calculation took 0.570218s
Tau required
Density calculation took 0.571896s
Tau required
Total number of grid points: 369677 (5776 per atom)
Density calculation took 0.557657s
Tau required
Density calculation took 0.591907s
Tau required
Density calculation took 0.571247s
Tau required
Density calculation took 0.572232s
Tau required
Density calculation took 0.571631s
Tau required
Density calculation took 0.571762s
Tau required
Density calculation took 0.571148s
Tau required
Density calculation took 0.572497s
Tau required
Density calculation took 0.571501s
Tau required
Density calculation took 0.571644s
Tau required
Density calculation took 0.571019s
Tau required
Density calculation took 0.571862s
Tau required
Density calculation took 0.571482s
Tau required
Density calculation took 0.571712s
Tau required
Density calculation took 0.572091s
Tau required
Density calculation took 0.571639s
Tau required
Density calculation took 0.571406s
Tau required
Total number of grid points: 369738 (5777 per atom)
Density calculation took 0.556281s
Tau required
Density calculation took 0.599111s
Tau required
Density calculation took 0.573618s
Tau required
Density calculation took 0.575681s
Tau required
Density calculation took 0.573860s
Tau required
Density calculation took 0.575525s
Tau required
Density calculation took 0.573473s
Tau required
Density calculation took 0.575304s
Tau required
Density calculation took 0.573864s
Tau required
Density calculation took 0.576206s
Tau required
Density calculation took 0.573597s
Tau required
Density calculation took 0.575889s
Tau required
Density calculation took 0.574077s
Tau required
Density calculation took 0.575860s
Tau required
Density calculation took 0.574532s
Tau required
Density calculation took 0.575500s
Tau required
Density calculation took 0.574346s
Tau required
Total number of grid points: 368986 (5765 per atom)
Density calculation took 0.552955s
Tau required
Density calculation took 0.588977s
Tau required
Density calculation took 0.567333s
Tau required
Density calculation took 0.567243s
Tau required
Density calculation took 0.567570s
Tau required
Density calculation took 0.567829s
Tau required
Density calculation took 0.567037s
Tau required
Density calculation took 0.568109s
Tau required
Density calculation took 0.567474s
Tau required
Density calculation took 0.567888s
Tau required
Density calculation took 0.567765s
Tau required
Density calculation took 0.568064s
Tau required
Density calculation took 0.567869s
Tau required
Density calculation took 0.568182s
Tau required
Density calculation took 0.567981s
Tau required
Density calculation took 0.567875s
Tau required
Density calculation took 0.568000s
Tau required
[CRAYBLAS_WARNING] Application linked against multiple cray-libsci libraries
erged:                1
# of SCF iterations:      17
SCF Time:                 29.796s

=======================================================
            Individual Calculation Summary             
=======================================================
HF Energy: -1614.0871334732166815
=======================================================


Topology 9 time: 29.986552 s, performance: SP: 0 FLOP/s, DP: 31.61 TFLOP/s
JSON file written to: json_logs/lustre_orion_chm213_scratch_ryan_dhdft_inputs_exess_exess_inputs_M11-L_def2-TZVP_isomers_17660-17679_topology_9.json
************************************************************
**************** Running topology 11 of 20 *****************
************************************************************

************************************************************
****** Beginning RI-MGGA_X_M11_L+MGGA_C_M11_L energy *******
************************************************************

=======================================================
       MGGA_X_M11_L+MGGA_C_M11_L Energy Results        
=======================================================
E MGGA_X_M11_L+MGGA_C_M11_L: -1614.08925647
Nuclear Repulsion Energy: 4362.70544407
Electronic Energy:        -5739.71421006
XC Energy:                -237.080490
Converged:                1
# of SCF iterations:      18
SCF Time:                 31.226s

=======================================================
            Individual Calculation Summary             
=======================================================
HF Energy: -1614.0892564711066370
=======================================================


Topology 10 time: 31.414584 s, performance: SP: 0 FLOP/s, DP: 31.85 TFLOP/s
JSON file written to: json_logs/lustre_orion_chm213_scratch_ryan_dhdft_inputs_exess_exess_inputs_M11-L_def2-TZVP_isomers_17660-17679_topology_10.json
************************************************************
**************** Running topology 12 of 20 *****************
************************************************************

************************************************************
****** Beginning RI-MGGA_X_M11_L+MGGA_C_M11_L energy *******
************************************************************

=======================================================
       MGGA_X_M11_L+MGGA_C_M11_L Energy Results        
=======================================================
E MGGA_X_M11_L+MGGA_C_M11_L: -1614.07490011
Nuclear Repulsion Energy: 4339.83093951
Electronic Energy:        -5716.83007032
XC Energy:                -237.075769
Converged:                1
# of SCF iterations:      17
SCF Time:                 29.629s

=======================================================
            Individual Calculation Summary             
=======================================================
HF Energy: -1614.0749001074125317
=======================================================


Topology 11 time: 29.815757 s, performance: SP: 0 FLOP/s, DP: 31.8 TFLOP/s
JSON file written to: json_logs/lustre_orion_chm213_scratch_ryan_dhdft_inputs_exess_exess_inputs_M11-L_def2-TZVP_isomers_17660-17679_topology_11.json
************************************************************
**************** Running topology 13 of 20 *****************
************************************************************

************************************************************
****** Beginning RI-MGGA_X_M11_L+MGGA_C_M11_L energy *******
************************************************************

=======================================================
       MGGA_X_M11_L+MGGA_C_M11_L Energy Results        
=======================================================
E MGGA_X_M11_L+MGGA_C_M11_L: -1614.08413401
Nuclear Repulsion Energy: 4381.97845979
Electronic Energy:        -5758.98343186
XC Energy:                -237.079162
Converged:                1
# of SCF iterations:      17
SCF Time:                 29.825s

=======================================================
            Individual Calculation Summary             
=======================================================
HF Energy: -1614.0841340068727732
=======================================================


Topology 12 time: 30.015690 s, performance: SP: 0 FLOP/s, DP: 31.57 TFLOP/s
JSON file written to: json_logs/lustre_orion_chm213_scratch_ryan_dhdft_inputs_exess_exess_inputs_M11-L_def2-TZVP_isomers_17660-17679_topology_12.json
************************************************************
**************** Running topology 14 of 20 *****************
************************************************************

************************************************************
****** Beginning RI-MGGA_X_M11_L+MGGA_C_M11_L energy *******
************************************************************

=======================================================
       MGGA_X_M11_L+MGGA_C_M11_L Energy Results        
=======================================================
E MGGA_X_M11_L+MGGA_C_M11_L: -1614.09229023
Nuclear Repulsion Energy: 4253.55412524
Electronic Energy:        -5630.57265857
XC Energy:                -237.073757
Converged:                1
# of SCF iterations:      17
SCF Time:                 30.151s

=======================================================
            Individual Calculation Summary             
=======================================================
HF Energy: -1614.0922902289896683
=======================================================


Topology 13 time: 30.332726 s, performance: SP: 0 FLOP/s, DP: 31.3 TFLOP/s
JSON file written to: json_logs/lustre_orion_chm213_scratch_ryan_dhdft_inputs_exess_exess_inputs_M11-L_def2-TZVP_isomers_17660-17679_topology_13.json
************************************************************
**************** Running topology 15 of 20 *****************
************************************************************

************************************************************
****** Beginning RI-MGGA_X_M11_L+MGGA_C_M11_L energy *******
************************************************************

=======================================================
       MGGA_X_M11_L+MGGA_C_M11_L Energy Results        
=======================================================
E MGGA_X_M11_L+MGGA_C_M11_L: -1614.09126262
Nuclear Repulsion Energy: 4250.08416789
Electronic Energy:        -5627.10249321
XC Energy:                -237.072937
Converged:                1
# of SCF iterations:      17
SCF Time:                 29.824s

=======================================================
            Individual Calculation Summary             
=======================================================
HF Energy: -1614.0912626187769092
=======================================================


Topology 14 time: 30.004666 s, performance: SP: 0 FLOP/s, DP: 31.65 TFLOP/s
JSON file written to: json_logs/lustre_orion_chm213_scratch_ryan_dhdft_inputs_exess_exess_inputs_M11-L_def2-TZVP_isomers_17660-17679_topology_14.json
************************************************************
**************** Running topology 16 of 20 *****************
************************************************************

************************************************************
****** Beginning RI-MGGA_X_M11_L+MGGA_C_M11_L energy *******
************************************************************

=======================================================
       MGGA_X_M11_L+MGGA_C_M11_L Energy Results        
=======================================================
E MGGA_X_M11_L+MGGA_C_M11_L: -1614.08373525
Nuclear Repulsion Energy: 4361.8345412
Electronic Energy:        -5738.83858722
XC Energy:                -237.079689
Converged:                1
# of SCF iterations:      17
SCF Time:                 29.931s

=======================================================
            Individual Calculation Summary             
=======================================================
HF Energy: -1614.0837352464627656
=======================================================


Topology 15 time: 30.120886 s, performance: SP: 0 FLOP/s, DP: 31.47 TFLOP/s
JSON file written to: json_logs/lustre_orion_chm213_scratch_ryan_dhdft_inputs_exess_exess_inputs_M11-L_def2-TZVP_isomers_17660-17679_topology_15.json
************************************************************
**************** Running topology 17 of 20 *****************
************************************************************

************************************************************
****** Beginning RI-MGGA_X_M11_L+MGGA_C_M11_L energy *******
************************************************************

=======================================================
       MGGA_X_M11_L+MGGA_C_M11_L Energy Results        
=======================================================
E MGGA_X_M11_L+MGGA_C_M11_L: -1614.09645687
Nuclear Repulsion Energy: 4273.94277221
Electronic Energy:        -5650.9632142
XC Energy:                -237.076015
Converged:                1
# of SCF iterations:      17
SCF Time:                 29.876s

=======================================================
            Individual Calculation Summary             
=======================================================
HF Energy: -1614.0964568686731582
=======================================================


Topology 16 time: 30.057189 s, performance: SP: 0 FLOP/s, DP: 31.63 TFLOP/s
JSON file written to: json_logs/lustre_orion_chm213_scratch_ryan_dhdft_inputs_exess_exess_inputs_M11-L_def2-TZVP_isomers_17660-17679_topology_16.json
************************************************************
**************** Running topology 18 of 20 *****************
************************************************************

************************************************************
****** Beginning RI-MGGA_X_M11_L+MGGA_C_M11_L energy *******
************************************************************

=======================================================
       MGGA_X_M11_L+MGGA_C_M11_L Energy Results        
=======================================================
E MGGA_X_M11_L+MGGA_C_M11_L: -1614.09552048
Nuclear Repulsion Energy: 4260.18823498
Electronic Energy:        -5637.20783378
XC Energy:                -237.075922
Converged:                1
# of SCF iterations:      17
SCF Time:                 29.946s

=======================================================
            Individual Calculation Summary             
=======================================================
HF Energy: -1614.0955204834640426
=======================================================


Topology 17 time: 30.126672 s, performance: SP: 0 FLOP/s, DP: 31.53 TFLOP/s
JSON file written to: json_logs/lustre_orion_chm213_scratch_ryan_dhdft_inputs_exess_exess_inputs_M11-L_def2-TZVP_isomers_17660-17679_topology_17.json
************************************************************
**************** Running topology 19 of 20 *****************
************************************************************

************************************************************
****** Beginning RI-MGGA_X_M11_L+MGGA_C_M11_L energy *******
************************************************************

=======================================================
       MGGA_X_M11_L+MGGA_C_M11_L Energy Results        
=======================================================
E MGGA_X_M11_L+MGGA_C_M11_L: -1614.09816249
Nuclear Repulsion Energy: 4238.7296017
Electronic Energy:        -5615.75105953
XC Energy:                -237.076705
Converged:                1
# of SCF iterations:      17
SCF Time:                 30.125s

=======================================================
            Individual Calculation Summary             
=======================================================
HF Energy: -1614.0981624921639650
=======================================================


Topology 18 time: 30.304959 s, performance: SP: 0 FLOP/s, DP: 31.34 TFLOP/s
JSON file written to: json_logs/lustre_orion_chm213_scratch_ryan_dhdft_inputs_exess_exess_inputs_M11-L_def2-TZVP_isomers_17660-17679_topology_18.json
************************************************************
**************** Running topology 20 of 20 *****************
************************************************************

************************************************************
****** Beginning RI-MGGA_X_M11_L+MGGA_C_M11_L energy *******
************************************************************

=======================================================
       MGGA_X_M11_L+MGGA_C_M11_L Energy Results        
=======================================================
E MGGA_X_M11_L+MGGA_C_M11_L: -1614.09774969
Nuclear Repulsion Energy: 4270.66743912
Electronic Energy:        -5647.68866006
XC Energy:                -237.076529
Converged:                1
# of SCF iterations:      17
SCF Time:                 29.782s

=======================================================
            Individual Calculation Summary             
=======================================================
HF Energy: -1614.0977496934688133
=======================================================


Topology 19 time: 29.964312 s, performance: SP: 0 FLOP/s, DP: 31.68 TFLOP/s
JSON file written to: json_logs/lustre_orion_chm213_scratch_ryan_dhdft_inputs_exess_exess_inputs_M11-L_def2-TZVP_isomers_17660-17679_topology_19.json
Total flops: SP: 0 FLOPS, DP: 19.125998 PFLOPS
Performance: SP: 0 FLOP/s, DP: 31.1 TFLOP/s

Now, a word from our sponsors... 
 You have to poke the bear. (MSG)

[31mTotal processing time 615.305014 seconds[0m
[CRAYBLAS_WARNING] Application linked against multiple cray-libsci libraries
 0.547932s
Tau required
    1     | -1624.4498540819 |   9.8490e+02   |    1.5134     |    0.2586
Density calculation took 0.579779s
Tau required
    2     | -1613.2460394233 |   3.0164e+00   |    1.4013     |    0.2251
Density calculation took 0.558079s
Tau required
    3     | -1613.0671709979 |   3.7165e+00   |    1.3776     |    0.2340
Density calculation took 0.557941s
Tau required
    4     | -1614.0213732430 |   2.1531e-01   |    1.3786     |    0.2263
Density calculation took 0.558508s
Tau required
    5     | -1614.0642810390 |   6.7253e-02   |    1.3804     |    0.2351
Density calculation took 0.558592s
Tau required
    6     | -1614.0820071893 |   7.2622e-03   |    1.3787     |    0.2259
Density calculation took 0.558367s
Tau required
    7     | -1614.0835645878 |   1.8998e-03   |    1.3795     |    0.2352
Density calculation took 0.558086s
Tau required
    8     | -1614.0840196654 |   3.9949e-04   |    1.3794     |    0.2279
Density calculation took 0.558626s
Tau required
    9     | -1614.0841200000 |   4.3944e-05   |    1.3784     |    0.2281
Density calculation took 0.558261s
Tau required
   10     | -1614.0841307591 |   9.5942e-06   |    1.3781     |    0.2270
Density calculation took 0.558576s
Tau required
   11     | -1614.0841335958 |   1.3016e-06   |    1.3797     |    0.2271
Density calculation took 0.558229s
Tau required
   12     | -1614.0841338625 |   4.8183e-07   |    1.3788     |    0.2268
Density calculation took 0.558534s
Tau required
   13     | -1614.0841339830 |   7.6878e-08   |    1.3784     |    0.2274
Density calculation took 0.558043s
Tau required
   14     | -1614.0841340047 |   6.8488e-09   |    1.3811     |    0.2292
Density calculation took 0.558400s
Tau required
   15     | -1614.0841340064 |   1.4747e-09   |    1.3787     |    0.2275
Density calculation took 0.558156s
Tau required
   16     | -1614.0841340068 |   4.5010e-10   |    1.3776     |    0.2273
Density calculation took 0.558610s
Tau required
   17     | -1614.0841340069 |   6.6990e-11   |    1.3792     |    0.2267
Created 668195 / 2702736 significant shell pairs
Created 518049 / 2056356 significant shell pairs
Total number of grid points: 370128 (5783 per atom)
One electron integrals and orthogonalizer took 0.050262s
Created 518049 / 2056356 significant shell pairs
3C integrals and B formation took 1.942667s
Iteration |      Energy      |  DIIS Metric   | Fock Time (s) | DIIS Time (s)
----------+------------------+----------------+---------------+--------------
Density calculation took 0.559936s
Tau required
    1     | -1624.4391429871 |   9.7984e+02   |    1.5156     |    0.2578
Density calculation took 0.580272s
Tau required
    2     | -1613.2593637761 |   2.9945e+00   |    1.4227     |    0.2235
Density calculation took 0.558926s
Tau required
    3     | -1613.1102929891 |   3.5853e+00   |    1.4031     |    0.2304
Density calculation took 0.558629s
Tau required
    4     | -1614.0416529909 |   1.8143e-01   |    1.4045     |    0.2222
Density calculation took 0.558682s
Tau required
    5     | -1614.0787716388 |   4.6339e-02   |    1.4033     |    0.2326
Density calculation took 0.559140s
Tau required
    6     | -1614.0901991758 |   6.8028e-03   |    1.4024     |    0.2249
Density calculation took 0.558325s
Tau required
    7     | -1614.0917172948 |   1.7551e-03   |    1.4040     |    0.2337
Density calculation took 0.558744s
Tau required
    8     | -1614.0920887426 |   6.3027e-04   |    1.4034     |    0.2261
Density calculation took 0.558791s
Tau required
    9     | -1614.0922719578 |   5.5364e-05   |    1.4039     |    0.2252
Density calculation took 0.558664s
Tau required
   10     | -1614.0922874781 |   8.5777e-06   |    1.4037     |    0.2245
Density calculation took 0.558761s
Tau required
   11     | -1614.0922898940 |   1.1028e-06   |    1.4012     |    0.2254
Density calculation took 0.558731s
Tau required
   12     | -1614.0922901283 |   3.4023e-07   |    1.4030     |    0.2245
Density calculation took 0.558864s
Tau required
   13     | -1614.0922902131 |   5.3404e-08   |    1.4029     |    0.2240
Density calculation took 0.558628s
Tau required
   14     | -1614.0922902279 |   3.4579e-09   |    1.4040     |    0.2257
Density calculation took 0.558811s
Tau required
   15     | -1614.0922902287 |   9.4766e-10   |    1.4024     |    0.2272
Density calculation took 0.558677s
Tau required
   16     | -1614.0922902289 |   3.6895e-10   |    1.4017     |    0.2259
Density calculation took 0.558814s
Tau required
   17     | -1614.0922902290 |   2.8841e-11   |    1.4033     |    0.2259
Created 667956 / 2702736 significant shell pairs
Created 517769 / 2056356 significant shell pairs
Total number of grid points: 369443 (5772 per atom)
One electron integrals and orthogonalizer took 0.050546s
Created 517769 / 2056356 significant shell pairs
3C integrals and B formation took 1.944561s
Iteration |      Energy      |  DIIS Metric   | Fock Time (s) | DIIS Time (s)
----------+------------------+----------------+---------------+--------------
Density calculation took 0.557797s
Tau required
    1     | -1624.4374778675 |   9.7966e+02   |    1.5061     |    0.2558
Density calculation took 0.587940s
Tau required
    2     | -1613.2584841101 |   2.9940e+00   |    1.4012     |    0.2243
Density calculation took 0.566504s
Tau required
    3     | -1613.1097394744 |   3.5841e+00   |    1.3810     |    0.2311
Density calculation took 0.567090s
Tau required
    4     | -1614.0409936120 |   1.8078e-01   |    1.3794     |    0.2267
Density calculation took 0.566411s
Tau required
    5     | -1614.0779088803 |   4.6186e-02   |    1.3808     |    0.2327
Density calculation took 0.566355s
Tau required
    6     | -1614.0891608218 |   6.8718e-03   |    1.3823     |    0.2255
Density calculation took 0.566725s
Tau required
    7     | -1614.0907206757 |   1.6379e-03   |    1.3806     |    0.2366
Density calculation took 0.567440s
Tau required
    8     | -1614.0910818530 |   5.5519e-04   |    1.3803     |    0.2269
Density calculation took 0.566267s
Tau required
    9     | -1614.0912442191 |   5.4472e-05   |    1.3809     |    0.2340
Density calculation took 0.566990s
Tau required
   10     | -1614.0912587593 |   1.1295e-05   |    1.3796     |    0.2257
Density calculation took 0.566464s
Tau required
   11     | -1614.0912621231 |   1.4924e-06   |    1.3800     |    0.2268
Density calculation took 0.567338s
Tau required
   12     | -1614.0912624497 |   5.3288e-07   |    1.3812     |    0.2277
Density calculation took 0.566607s
Tau required
   13     | -1614.0912625978 |   6.8695e-08   |    1.3808     |    0.2286
Density calculation took 0.567423s
Tau required
   14     | -1614.0912626170 |   5.5043e-09   |    1.3827     |    0.2276
Density calculation took 0.566330s
Tau required
   15     | -1614.0912626184 |   1.1485e-09   |    1.3812     |    0.2280
Density calculation took 0.567394s
Tau required
   16     | -1614.0912626186 |   4.6420e-10   |    1.3818     |    0.2291
Density calculation took 0.566425s
Tau required
   17     | -1614.0912626188 |   3.8839e-11   |    1.3803     |    0.2319
Created 707481 / 2702736 significant shell pairs
Created 548508 / 2056356 significant shell pairs
Total number of grid points: 369610 (5775 per atom)
One electron integrals and orthogonalizer took 0.050434s
Created 548508 / 2056356 significant shell pairs
3C integrals and B formation took 1.954380s
Iteration |      Energy      |  DIIS Metric   | Fock Time (s) | DIIS Time (s)
----------+------------------+----------------+---------------+--------------
Density calculation took 0.549563s
Tau required
    1     | -1624.4506806349 |   9.8503e+02   |    1.5137     |    0.2581
Density calculation took 0.579480s
Tau required
    2     | -1613.2454816273 |   3.0185e+00   |    1.4043     |    0.2247
Density calculation took 0.556753s
Tau required
    3     | -1613.0734208459 |   3.7037e+00   |    1.3893     |    0.2324
Density calculation took 0.557229s
Tau required
    4     | -1614.0282122179 |   1.9424e-01   |    1.3874     |    0.2252
Density calculation took 0.557230s
Tau required
    5     | -1614.0653906529 |   6.2275e-02   |    1.3848     |    0.2343
Density calculation took 0.557883s
Tau required
    6     | -1614.0814400803 |   7.7426e-03   |    1.3857     |    0.2265
Density calculation took 0.557699s
Tau required
    7     | -1614.0832591884 |   1.5466e-03   |    1.3853     |    0.2355
Density calculation took 0.557758s
Tau required
    8     | -1614.0835927656 |   4.5644e-04   |    1.3869     |    0.2283
Density calculation took 0.557366s
Tau required
    9     | -1614.0837206416 |   4.7384e-05   |    1.3866     |    0.2274
Density calculation took 0.557617s
Tau required
   10     | -1614.0837320693 |   9.8649e-06   |    1.3869     |    0.2278
Density calculation took 0.557415s
Tau required
   11     | -1614.0837346890 |   1.7677e-06   |    1.3849     |    0.2279
Density calculation took 0.557484s
Tau required
   12     | -1614.0837351324 |   3.8665e-07   |    1.3875     |    0.2278
Density calculation took 0.557483s
Tau required
   13     | -1614.0837352281 |   6.1584e-08   |    1.3856     |    0.2277
Density calculation took 0.557531s
Tau required
   14     | -1614.0837352449 |   4.9177e-09   |    1.3863     |    0.2273
Density calculation took 0.557702s
Tau required
   15     | -1614.0837352460 |   1.6120e-09   |    1.3862     |    0.2302
Density calculation took 0.557614s
Tau required
   16     | -1614.0837352463 |   4.3799e-10   |    1.3872     |    0.2278
Density calculation took 0.557503s
Tau required
   17     | -1614.0837352465 |   6.1669e-11   |    1.3862     |    0.2279
Created 674731 / 2702736 significant shell pairs
Created 523703 / 2056356 significant shell pairs
Total number of grid points: 369155 (5768 per atom)
One electron integrals and orthogonalizer took 0.049832s
Created 523703 / 2056356 significant shell pairs
3C integrals and B formation took 1.943575s
Iteration |      Energy      |  DIIS Metric   | Fock Time (s) | DIIS Time (s)
----------+------------------+----------------+---------------+--------------
Density calculation took 0.552573s
Tau required
    1     | -1624.4441159139 |   9.8044e+02   |    1.5126     |    0.2576
Density calculation took 0.584529s
Tau required
    2     | -1613.2623785218 |   2.9985e+00   |    1.4069     |    0.2254
Density calculation took 0.562123s
Tau required
    3     | -1613.1095959745 |   3.6060e+00   |    1.3824     |    0.2328
Density calculation took 0.562010s
Tau required
    4     | -1614.0421606587 |   1.9383e-01   |    1.3844     |    0.2254
Density calculation took 0.562177s
Tau required
    5     | -1614.0796076386 |   5.6547e-02   |    1.3840     |    0.2343
Density calculation took 0.562964s
Tau required
    6     | -1614.0938005878 |   8.7478e-03   |    1.3826     |    0.2265
Density calculation took 0.562314s
Tau required
    7     | -1614.0959215096 |   1.6299e-03   |    1.3836     |    0.2359
Density calculation took 0.562199s
Tau required
    8     | -1614.0962537875 |   6.2081e-04   |    1.3828     |    0.2279
Density calculation took 0.562280s
Tau required
    9     | -1614.0964351337 |   6.6737e-05   |    1.3827     |    0.2279
Density calculation took 0.562152s
Tau required
   10     | -1614.0964540287 |   8.6654e-06   |    1.3850     |    0.2275
Density calculation took 0.562195s
Tau required
   11     | -1614.0964564425 |   1.3483e-06   |    1.3845     |    0.2281
Density calculation took 0.562133s
Tau required
   12     | -1614.0964567307 |   4.5306e-07   |    1.3852     |    0.2275
Density calculation took 0.562179s
Tau required
   13     | -1614.0964568409 |   8.9417e-08   |    1.3832     |    0.2283
Density calculation took 0.562229s
Tau required
   14     | -1614.0964568675 |   3.9150e-09   |    1.3822     |    0.2282
Density calculation took 0.562225s
Tau required
   15     | -1614.0964568684 |   8.9456e-10   |    1.3837     |    0.2281
Density calculation took 0.562318s
Tau required
   16     | -1614.0964568686 |   2.1044e-10   |    1.3825     |    0.2281
Density calculation took 0.562272s
Tau required
   17     | -1614.0964568687 |   2.7357e-11   |    1.3828     |    0.2281
Created 670997 / 2702736 significant shell pairs
Created 520342 / 2056356 significant shell pairs
Total number of grid points: 368806 (5762 per atom)
One electron integrals and orthogonalizer took 0.049992s
Created 520342 / 2056356 significant shell pairs
3C integrals and B formation took 1.942712s
Iteration |      Energy      |  DIIS Metric   | Fock Time (s) | DIIS Time (s)
----------+------------------+----------------+---------------+--------------
Density calculation took 0.541066s
Tau required
    1     | -1624.4431611749 |   9.8028e+02   |    1.5083     |    0.2574
Density calculation took 0.571019s
Tau required
    2     | -1613.2612939142 |   2.9993e+00   |    1.4090     |    0.2240
Density calculation took 0.549582s
Tau required
    3     | -1613.1060871123 |   3.6149e+00   |    1.3859     |    0.2350
Density calculation took 0.550361s
Tau required
    4     | -1614.0407701161 |   1.9568e-01   |    1.3907     |    0.2250
Density calculation took 0.550706s
Tau required
    5     | -1614.0792260847 |   5.4707e-02   |    1.3865     |    0.2340
Density calculation took 0.550416s
Tau required
    6     | -1614.0929022701 |   8.7052e-03   |    1.3880     |    0.2265
Density calculation took 0.550513s
Tau required
    7     | -1614.0949424137 |   1.7665e-03   |    1.3872     |    0.2362
Density calculation took 0.550540s
Tau required
    8     | -1614.0953055369 |   6.6640e-04   |    1.3914     |    0.2278
Density calculation took 0.550107s
Tau required
    9     | -1614.0955041062 |   5.1918e-05   |    1.3858     |    0.2276
Density calculation took 0.550586s
Tau required
   10     | -1614.0955180086 |   7.6735e-06   |    1.3900     |    0.2283
Density calculation took 0.550107s
Tau required
   11     | -1614.0955201708 |   9.9762e-07   |    1.3856     |    0.2282
Density calculation took 0.550640s
Tau required
   12     | -1614.0955204087 |   2.5180e-07   |    1.3890     |    0.2286
Density calculation took 0.550203s
Tau required
   13     | -1614.0955204736 |   3.3026e-08   |    1.3868     |    0.2280
Density calculation took 0.550606s
Tau required
   14     | -1614.0955204826 |   2.8931e-09   |    1.3877     |    0.2278
Density calculation took 0.550130s
Tau required
   15     | -1614.0955204833 |   5.8778e-10   |    1.3884     |    0.2291
Density calculation took 0.550676s
Tau required
   16     | -1614.0955204834 |   1.8076e-10   |    1.3895     |    0.2280
Density calculation took 0.550334s
Tau required
   17     | -1614.0955204835 |   3.7173e-11   |    1.3867     |    0.2289
Created 664491 / 2702736 significant shell pairs
Created 515092 / 2056356 significant shell pairs
Total number of grid points: 370051 (5782 per atom)
One electron integrals and orthogonalizer took 0.050439s
Created 515092 / 2056356 significant shell pairs
3C integrals and B formation took 1.940400s
Iteration |      Energy      |  DIIS Metric   | Fock Time (s) | DIIS Time (s)
----------+------------------+----------------+---------------+--------------
Density calculation took 0.543276s
Tau required
    1     | -1624.4450697520 |   9.8038e+02   |    1.5202     |    0.2569
Density calculation took 0.585753s
Tau required
    2     | -1613.2636152121 |   2.9997e+00   |    1.4263     |    0.2251
Density calculation took 0.564225s
Tau required
    3     | -1613.1097780540 |   3.5969e+00   |    1.3953     |    0.2329
Density calculation took 0.563930s
Tau required
    4     | -1614.0443586974 |   1.9140e-01   |    1.4026     |    0.2245
Density calculation took 0.564513s
Tau required
    5     | -1614.0843496072 |   4.8629e-02   |    1.3947     |    0.2343
Density calculation took 0.564783s
Tau required
    6     | -1614.0965212468 |   5.5572e-03   |    1.4019     |    0.2267
Density calculation took 0.564655s
Tau required
    7     | -1614.0976500737 |   1.5743e-03   |    1.3944     |    0.2360
Density calculation took 0.564281s
Tau required
    8     | -1614.0979847324 |   5.4379e-04   |    1.4029     |    0.2273
Density calculation took 0.564600s
Tau required
    9     | -1614.0981471844 |   4.9497e-05   |    1.3965     |    0.2272
Density calculation took 0.564232s
Tau required
   10     | -1614.0981600322 |   7.8417e-06   |    1.4015     |    0.2274
Density calculation took 0.564991s
Tau required
   11     | -1614.0981619898 |   1.4904e-06   |    1.3963     |    0.2289
Density calculation took 0.564287s
Tau required
   12     | -1614.0981623761 |   3.6161e-07   |    1.4035     |    0.2276
Density calculation took 0.564903s
Tau required
   13     | -1614.0981624736 |   6.1455e-08   |    1.3922     |    0.2276
Density calculation took 0.564274s
Tau required
   14     | -1614.0981624911 |   3.2959e-09   |    1.4027     |    0.2282
Density calculation took 0.564874s
Tau required
   15     | -1614.0981624918 |   1.2706e-09   |    1.3958     |    0.2275
Density calculation took 0.564095s
Tau required
   16     | -1614.0981624921 |   2.6634e-10   |    1.4008     |    0.2281
Density calculation took 0.564657s
Tau required
   17     | -1614.0981624922 |   2.6393e-11   |    1.3951     |    0.2277
Created 674209 / 2702736 significant shell pairs
Created 523118 / 2056356 significant shell pairs
Total number of grid points: 370883 (5795 per atom)
One electron integrals and orthogonalizer took 0.050459s
Created 523118 / 2056356 significant shell pairs
3C integrals and B formation took 1.938633s
Iteration |      Energy      |  DIIS Metric   | Fock Time (s) | DIIS Time (s)
----------+------------------+----------------+---------------+--------------
Density calculation took 0.559117s
Tau required
    1     | -1624.4449962643 |   9.8053e+02   |    1.5048     |    0.2578
Density calculation took 0.587085s
Tau required
    2     | -1613.2637714719 |   2.9971e+00   |    1.3983     |    0.2248
Density calculation took 0.565198s
Tau required
    3     | -1613.1098772733 |   3.5907e+00   |    1.3763     |    0.2317
Density calculation took 0.565041s
Tau required
    4     | -1614.0412068427 |   1.9822e-01   |    1.3759     |    0.2244
Density calculation took 0.565834s
Tau required
    5     | -1614.0820521181 |   5.3631e-02   |    1.3781     |    0.2415
Density calculation took 0.565557s
Tau required
    6     | -1614.0959128085 |   6.1305e-03   |    1.3777     |    0.2266
Density calculation took 0.565621s
Tau required
    7     | -1614.0972921422 |   1.4099e-03   |    1.3774     |    0.2350
Density calculation took 0.565948s
Tau required
    8     | -1614.0975814152 |   5.1685e-04   |    1.3767     |    0.2287
Density calculation took 0.565399s
Tau required
    9     | -1614.0977310570 |   5.9573e-05   |    1.3786     |    0.2278
Density calculation took 0.565840s
Tau required
   10     | -1614.0977472530 |   7.7305e-06   |    1.3785     |    0.2288
Density calculation took 0.565360s
Tau required
   11     | -1614.0977492778 |   1.2537e-06   |    1.3788     |    0.2286
Density calculation took 0.566041s
Tau required
   12     | -1614.0977495882 |   3.2518e-07   |    1.3776     |    0.2310
Density calculation took 0.565531s
Tau required
   13     | -1614.0977496765 |   5.4367e-08   |    1.3785     |    0.2268
Density calculation took 0.566307s
Tau required
   14     | -1614.0977496921 |   4.2990e-09   |    1.3770     |    0.2280
Density calculation took 0.565366s
Tau required
   15     | -1614.0977496930 |   1.4990e-09   |    1.3788     |    0.2269
Density calculation took 0.566242s
Tau required
   16     | -1614.0977496934 |   3.3245e-10   |    1.3774     |    0.2288
Density calculation took 0.565555s
Tau required
   17     | -1614.0977496935 |   3.7867e-11   |    1.3797     |    0.2265
Please cite the following papers for the methods used in this calculation:
 - J.L. Galvez Vallejo et. al., Toward an extreme-scale electronic structure system, J. Chem. Phys., 2023. DOI: 10.1063/5.0156399

 - R. Stocks, E. Palethorpe, and G.M.J. Barca, Multi-GPU RI-HF Energies and Analytic Gradients ─ Toward High-Throughput Ab Initio Molecular Dynamics, J. Chem. Theory Comput., 2024. DOI: 10.1021/acs.jctc.4c00877
   For:
     * RI-HF energy

 - S. Lehtola, C. Steigemann, M.J.T. Oliveira, and M.A.L. Marques, Recent developments in Libxc: A comprehensive library of functionals for density functional theory, SoftwareX, 2018. DOI: 10.1016/j.softx.2017.11.002
   For:
     * LibXC version 6.2.0

 - D.B. Williams-Young, W.A. de Jong, H.J.J. van Dam, and C. Yang, On the Efficient Evaluation of the Exchange Correlation Potential on Graphics Processing Unit Clusters, Frontiers in Chemistry, 2020. DOI: 10.3389/fchem.2020.581058
   For:
     * ExchCXX GPU implementation of exchange-correlation functionals

 - R. Stocks and G.M.J. Barca, Efficient Algorithms for GPU Accelerated Evaluation of the DFT Exchange-Correlation Functional, J. Chem. Theory Comput., 2025. DOI: 10.1021/acs.jctc.5c01229
   For:
     * GPU accelerated DFT exchange-correlation evaluation

 - R. Peverati and D. G. Truhlar.,  J. Phys. Chem. Lett. 3, 117 (2012) DOI: 10.1021/jz201525m
   For:
     * MGGA_X_M11_L XC Functional
     * MGGA_C_M11_L XC Functional

[CRAYBLAS_WARNING] Application linked against multiple cray-libsci libraries
