Total number of grid points: 369314 (5770 per atom)
Density calculation took 0.552574s
Tau required
Density calculation took 0.575185s
Tau required
Density calculation took 0.561919s
Tau required
Density calculation took 0.561937s
Tau required
Density calculation took 0.562579s
Tau required
Density calculation took 0.562523s
Tau required
Density calculation took 0.562577s
Tau required
Density calculation took 0.562946s
Tau required
Density calculation took 0.563121s
Tau required
Density calculation took 0.563084s
Tau required
Density calculation took 0.563512s
Tau required
Density calculation took 0.563314s
Tau required
Density calculation took 0.563686s
Tau required
Density calculation took 0.563283s
Tau required
Density calculation took 0.564016s
Tau required
Density calculation took 0.563403s
Tau required
Density calculation took 0.564156s
Tau required
Total number of grid points: 368986 (5765 per atom)
Density calculation took 0.552006s
Tau required
Density calculation took 0.583565s
Tau required
Density calculation took 0.562126s
Tau required
Density calculation took 0.562423s
Tau required
Density calculation took 0.562780s
Tau required
Density calculation took 0.562730s
Tau required
Density calculation took 0.563039s
Tau required
Density calculation took 0.562823s
Tau required
Density calculation took 0.562932s
Tau required
Density calculation took 0.562877s
Tau required
Density calculation took 0.563209s
Tau required
Density calculation took 0.563220s
Tau required
Density calculation took 0.563957s
Tau required
Density calculation took 0.563439s
Tau required
Density calculation took 0.563187s
Tau required
Density calculation took 0.563933s
Tau required
Density calculation took 0.563536s
Tau required
Total number of grid points: 369422 (5772 per atom)
Density calculation took 0.554649s
Tau required
Density calculation took 0.586646s
Tau required
Density calculation took 0.565092s
Tau required
Density calculation took 0.563752s
Tau required
Density calculation took 0.566119s
Tau required
Density calculation took 0.564054s
Tau required
Density calculation took 0.566399s
Tau required
Density calculation took 0.564637s
Tau required
Density calculation took 0.566457s
Tau required
Density calculation took 0.564327s
Tau required
Density calculation took 0.566526s
Tau required
Density calculation took 0.563949s
Tau required
Density calculation took 0.566425s
Tau required
Density calculation took 0.564328s
Tau required
Density calculation took 0.565564s
Tau required
Density calculation took 0.564646s
Tau required
Density calculation took 0.566491s
Tau required
Total number of grid points: 369408 (5772 per atom)
Density calculation took 0.592943s
Tau required
Density calculation took 0.586597s
Tau required
Density calculation took 0.564911s
Tau required
Density calculation took 0.565383s
Tau required
Density calculation took 0.565160s
Tau required
Density calculation took 0.565486s
Tau required
Density calculation took 0.565657s
Tau required
Density calculation took 0.565577s
Tau required
Density calculation took 0.565962s
Tau required
Density calculation took 0.565420s
Tau required
Density calculation took 0.565306s
Tau required
Density calculation took 0.565622s
Tau required
Density calculation took 0.566111s
Tau required
Density calculation took 0.566352s
Tau required
Density calculation took 0.566265s
Tau required
Density calculation took 0.566099s
Tau required
Density calculation took 0.565927s
Tau required
Total number of grid points: 369386 (5771 per atom)
Density calculation took 0.553110s
Tau required
Density calculation took 0.579223s
Tau required
Density calculation took 0.554895s
Tau required
Density calculation took 0.555384s
Tau required
Density calculation took 0.555820s
Tau required
Density calculation took 0.555629s
Tau required
Density calculation took 0.555602s
Tau required
Density calculation took 0.555389s
Tau required
Density calculation took 0.555873s
Tau required
Density calculation took 0.555938s
Tau required
Density calculation took 0.556120s
Tau required
Density calculation took 0.556144s
Tau required
Density calculation took 0.556164s
Tau required
Density calculation took 0.555626s
Tau required
Density calculation took 0.556068s
Tau required
Density calculation took 0.556115s
Tau required
Density calculation took 0.555986s
Tau required
Total number of grid points: 369316 (5770 per atom)
Density calculation took 0.555001s
Tau required
Density calculation took 0.590109s
Tau required
Density calculation took 0.568315s
Tau required
Density calculation took 0.569201s
Tau required
Density calculation took 0.568528s
Tau required
Density calculation took 0.569930s
Tau required
Density calculation took 0.568743s
Tau required
Density calculation took 0.569702s
Tau required
Density calculation took 0.568662s
Tau required
Density calculation took 0.569243s
Tau required
Density calculation took 0.568947s
Tau required
Density calculation took 0.569702s
Tau required
Density calculation took 0.568203s
Tau required
Density calculation took 0.570133s
Tau required
Density calculation took 0.569202s
Tau required
Density calculation took 0.570696s
Tau required
Density calculation took 0.569170s
Tau required
Total number of grid points: 369700 (5776 per atom)
Density calculation took 0.591286s
Tau required
Density calculation took 0.585288s
Tau required
Density calculation took 0.564467s
Tau required
Density calculation took 0.565149s
Tau required
Density calculation took 0.565056s
Tau required
Density calculation took 0.565313s
Tau required
Density calculation took 0.565038s
Tau required
Density calculation took 0.566234s
Tau required
Density calculation took 0.565100s
Tau required
Density calculation took 0.566034s
Tau required
Density calculation took 0.564343s
Tau required
Density calculation took 0.566256s
Tau required
Density calculation took 0.564524s
Tau required
Density calculation took 0.566191s
Tau required
Density calculation took 0.565381s
Tau required
Density calculation took 0.566231s
Tau required
Density calculation took 0.565115s
Tau required
Total number of grid points: 370025 (5781 per atom)
Density calculation took 0.595236s
Tau required
Density calculation took 0.588191s
Tau required
Density calculation took 0.565993s
Tau required
Density calculation took 0.565763s
Tau required
Density calculation took 0.566123s
Tau required
Density calculation took 0.565849s
Tau required
Density calculation took 0.565962s
Tau required
Density calculation took 0.565886s
Tau required
Density calculation took 0.565979s
Tau required
Density calculation took 0.566115s
Tau required
Density calculation took 0.566053s
Tau required
Density calculation took 0.565990s
Tau required
Density calculation took 0.565941s
Tau required
Density calculation took 0.565848s
Tau required
Density calculation took 0.566003s
Tau required
Density calculation took 0.566177s
Tau required
Total number of grid points: 369603 (5775 per atom)
Density calculation took 0.553868s
Tau required
Density calculation took 0.588436s
Tau required
Density calculation took 0.567636s
Tau required
Density calculation took 0.565841s
Tau required
Density calculation took 0.567896s
Tau required
Density calculation took 0.565672s
Tau required
Density calculation took 0.567814s
Tau required
Density calculation took 0.566289s
Tau required
Density calculation took 0.567839s
Tau required
Density calculation took 0.566407s
Tau required
Density calculation took 0.568325s
Tau required
Density calculation took 0.566322s
Tau required
Density calculation took 0.567958s
Tau required
Density calculation took 0.566609s
Tau required
Density calculation took 0.568667s
Tau required
Density calculation took 0.566368s
Tau required
Density calculation took 0.567583s
Tau required
Total number of grid points: 368930 (5764 per atom)
Density calculation took 0.588728s
Tau required
Density calculation took 0.588788s
Tau required
Density calculation took 0.568296s
Tau required
Density calculation took 0.567646s
Tau required
Density calculation took 0.568698s
Tau required
Density calculation took 0.567801s
Tau required
Density calculation took 0.568722s
Tau required
Density calculation took 0.567967s
Tau required
Density calculation took 0.568996s
Tau required
Density calculation took 0.568094s
Tau required
Density calculation took 0.568527s
Tau required
Density calculation took 0.568214s
Tau required
Density calculation took 0.568887s
Tau required
Density calculation took 0.567873s
Tau required
Density calculation took 0.568803s
Tau required
Density calculation took 0.567804s
Tau required
Density calculation took 0.569026s
Tau required
Total number of grid points: 368756 (5761 per atom)
Density calculation took 0.551163s
Tau required
Density calculation took 0.584385s
Tau required
Density calculation took 0.560319s
Tau required
Density calculation took 0.560506s
Tau required
Density calculation took 0.560997s
Tau required
Density calculation took 0.560590s
Tau required
Density calculation took 0.561069s
Tau required
Density calculation took 0.560431s
Tau required
Density calculation took 0.560293s
Tau required
Density calculation took 0.560705s
Tau required
Density calculation took 0.561275s
Tau required
Density calculation took 0.560479s
Tau required
Density calculation took 0.561302s
Tau required
Density calculation took 0.560303s
Tau required
Density calculation took 0.561222s
Tau required
Density calculation took 0.560515s
Tau required
Density calculation took 0.561327s
Tau required
Total number of grid points: 369352 (5771 per atom)
Density calculation took 0.553896s
Tau required
Density calculation took 0.585070s
Tau required
Density calculation took 0.565889s
Tau required
Density calculation took 0.564953s
Tau required
Density calculation took 0.566705s
Tau required
Density calculation took 0.565220s
Tau required
Density calculation took 0.566820s
Tau required
Density calculation took 0.565368s
Tau required
Density calculation took 0.566798s
Tau required
Density calculation took 0.564916s
Tau required
Density calculation took 0.566293s
Tau required
Density calculation took 0.565256s
Tau required
Density calculation took 0.567031s
Tau required
Density calculation took 0.565286s
Tau required
Density calculation took 0.566792s
Tau required
Density calculation took 0.565245s
Tau required
Density calculation took 0.566851s
Tau required
Total number of grid points: 369882 (5779 per atom)
Density calculation took 0.575800s
Tau required
Density calculation took 0.588113s
Tau required
Density calculation took 0.568867s
Tau required
Density calculation took 0.569495s
Tau required
Density calculation took 0.569364s
Tau required
Density calculation took 0.569526s
Tau required
Density calculation took 0.569161s
Tau required
Density calculation took 0.569599s
Tau required
Density calculation took 0.569774s
Tau required
Density calculation took 0.569318s
Tau required
Density calculation took 0.569789s
Tau required
Density calculation took 0.569582s
Tau required
Density calculation took 0.569499s
Tau required
Density calculation took 0.569366s
Tau required
Density calculation took 0.569794s
Tau required
Density calculation took 0.569262s
Tau required
Density calculation took 0.569117s
Tau required
Total number of grid points: 370322 (5786 per atom)
Density calculation took 0.555965s
Tau required
Density calculation took 0.592422s
Tau required
Density calculation took 0.571847s
Tau required
Density calculation took 0.570910s
Tau required
Density calculation took 0.572305s
Tau required
Density calculation took 0.571122s
Tau required
Density calculation took 0.571729s
Tau required
Density calculation took 0.571756s
Tau required
Density calculation took 0.572400s
Tau required
Density calculation took 0.571879s
Tau required
Density calculation took 0.572274s
Tau required
Density calculation took 0.571388s
Tau required
Density calculation took 0.571863s
Tau required
Density calculation took 0.571862s
Tau required
Density calculation took 0.572293s
Tau required
Density calculation took 0.571365s
Tau required
Density calculation took 0.572302s
Tau required
Total number of grid points: 369107 (5767 per atom)
Density calculation took 0.555270s
Tau required
Density calculation took 0.589260s
Tau required
Density calculation took 0.567429s
Tau required
Density calculation took 0.569494s
Tau required
Density calculation took 0.567875s
Tau required
Density calculation took 0.569348s
Tau required
Density calculation took 0.567965s
Tau required
Density calculation took 0.569713s
Tau required
Density calculation took 0.567683s
Tau required
Density calculation took 0.568668s
Tau required
Density calculation took 0.567981s
Tau required
Density calculation took 0.569297s
Tau required
Density calculation took 0.567933s
Tau required
Density calculation took 0.569697s
Tau required
Density calculation took 0.568507s
Tau required
Density calculation took 0.569818s
Tau required
Density calculation took 0.567373s
Tau required
Total number of grid points: 369149 (5767 per atom)
Density calculation took 0.553083s
Tau required
Density calculation took 0.582143s
Tau required
Density calculation took 0.560336s
Tau required
Density calculation took 0.560955s
Tau required
Density calculation took 0.560792s
Tau required
Density calculation took 0.560970s
Tau required
Density calculation took 0.560810s
Tau required
Density calculation took 0.560487s
Tau required
Density calculation took 0.560703s
Tau required
Density calculation took 0.560834s
Tau required
Density calculation took 0.560249s
Tau required
Density calculation took 0.561540s
Tau required
Density calculation took 0.560671s
Tau required
Density calculation took 0.561664s
Tau required
Density calculation took 0.560930s
Tau required
Density calculation took 0.561462s
Tau required
Density calculation took 0.561062s
Tau required
Total number of grid points: 370058 (5782 per atom)
Density calculation took 0.594718s
Tau required
Density calculation took 0.587255s
Tau required
Density calculation took 0.565791s
Tau required
Density calculation took 0.565149s
Tau required
Density calculation took 0.566643s
Tau required
Density calculation took 0.565057s
Tau required
Density calculation took 0.566037s
Tau required
Density calculation took 0.565394s
Tau required
Density calculation took 0.566277s
Tau required
Density calculation took 0.564407s
Tau required
Density calculation took 0.566446s
Tau required
Density calculation took 0.564797s
Tau required
Density calculation took 0.566615s
Tau required
Density calculation took 0.565104s
Tau required
Density calculation took 0.567071s
Tau required
Density calculation took 0.565303s
Tau required
Total number of grid points: 369301 (5770 per atom)
Density calculation took 0.594839s
Tau required
Density calculation took 0.584127s
Tau required
Density calculation took 0.562944s
Tau required
Density calculation took 0.563163s
Tau required
Density calculation took 0.562410s
Tau required
Density calculation took 0.562269s
Tau required
Density calculation took 0.563474s
Tau required
Density calculation took 0.562606s
Tau required
Density calculation took 0.563550s
Tau required
Density calculation took 0.563442s
Tau required
Density calculation took 0.563027s
Tau required
Density calculation took 0.563240s
Tau required
Density calculation took 0.563810s
Tau required
Density calculation took 0.563227s
Tau required
Density calculation took 0.563602s
Tau required
Density calculation took 0.563617s
Tau required
Density calculation took 0.563500s
Tau required
Total number of grid points: 370301 (5785 per atom)
Density calculation took 0.593695s
Tau required
Density calculation took 0.584621s
Tau required
Density calculation took 0.560889s
Tau required
Density calculation took 0.561237s
Tau required
Density calculation took 0.561391s
Tau required
Density calculation took 0.560999s
Tau required
Density calculation took 0.561657s
Tau required
Density calculation took 0.561292s
Tau required
Density calculation took 0.561851s
Tau required
Density calculation took 0.561352s
Tau required
Density calculation took 0.561690s
Tau required
Density calculation took 0.560938s
Tau required
Density calculation took 0.561205s
Tau required
Density calculation took 0.561264s
Tau required
Density calculation took 0.561746s
Tau required
Density calculation took 0.561302s
Tau required
Density calculation took 0.561854s
Tau required
Total number of grid points: 369245 (5769 per atom)
Density calculation took 0.552387s
Tau required
Density calculation took 0.583411s
Tau required
Density calculation took 0.562801s
Tau required
Density calculation took 0.562253s
Tau required
Density calculation took 0.562721s
Tau required
Density calculation took 0.562600s
Tau required
Density calculation took 0.562702s
Tau required
Density calculation took 0.563020s
Tau required
Density calculation took 0.562230s
Tau required
Density calculation took 0.563089s
Tau required
Density calculation took 0.563439s
Tau required
Density calculation took 0.562951s
Tau required
Density calculation took 0.563219s
Tau required
Density calculation took 0.562898s
Tau required
Density calculation took 0.563412s
Tau required
Density calculation took 0.563396s
Tau required
Density calculation took 0.563366s
Tau required
[CRAYBLAS_WARNING] Application linked against multiple cray-libsci libraries
rgy Results        
=======================================================
E MGGA_X_M11_L+MGGA_C_M11_L: -1614.11499215
Nuclear Repulsion Energy: 4053.05055197
Electronic Energy:        -5430.08828143
XC Energy:                -237.077263
Converged:                1
# of SCF iterations:      17
SCF Time:                 29.24s

=======================================================
            Individual Calculation Summary             
=======================================================
HF Energy: -1614.1149921467967943
=======================================================


Topology 9 time: 29.412405 s, performance: SP: 0 FLOP/s, DP: 32.33 TFLOP/s
JSON file written to: json_logs/lustre_orion_chm213_scratch_ryan_dhdft_inputs_exess_exess_inputs_M11-L_def2-TZVP_isomers_16180-16199_topology_9.json
************************************************************
**************** Running topology 11 of 20 *****************
************************************************************

************************************************************
****** Beginning RI-MGGA_X_M11_L+MGGA_C_M11_L energy *******
************************************************************

=======================================================
       MGGA_X_M11_L+MGGA_C_M11_L Energy Results        
=======================================================
E MGGA_X_M11_L+MGGA_C_M11_L: -1614.10494047
Nuclear Repulsion Energy: 4171.21069791
Electronic Energy:        -5548.23579904
XC Energy:                -237.079839
Converged:                1
# of SCF iterations:      17
SCF Time:                 29.155s

=======================================================
            Individual Calculation Summary             
=======================================================
HF Energy: -1614.1049404738230351
=======================================================


Topology 10 time: 29.336124 s, performance: SP: 0 FLOP/s, DP: 32.37 TFLOP/s
JSON file written to: json_logs/lustre_orion_chm213_scratch_ryan_dhdft_inputs_exess_exess_inputs_M11-L_def2-TZVP_isomers_16180-16199_topology_10.json
************************************************************
**************** Running topology 12 of 20 *****************
************************************************************

************************************************************
****** Beginning RI-MGGA_X_M11_L+MGGA_C_M11_L energy *******
************************************************************

=======================================================
       MGGA_X_M11_L+MGGA_C_M11_L Energy Results        
=======================================================
E MGGA_X_M11_L+MGGA_C_M11_L: -1614.10671054
Nuclear Repulsion Energy: 4106.97470488
Electronic Energy:        -5484.01114428
XC Energy:                -237.070271
Converged:                1
# of SCF iterations:      17
SCF Time:                 29.304s

=======================================================
            Individual Calculation Summary             
=======================================================
HF Energy: -1614.1067105365175394
=======================================================


Topology 11 time: 29.477799 s, performance: SP: 0 FLOP/s, DP: 32.24 TFLOP/s
JSON file written to: json_logs/lustre_orion_chm213_scratch_ryan_dhdft_inputs_exess_exess_inputs_M11-L_def2-TZVP_isomers_16180-16199_topology_11.json
************************************************************
**************** Running topology 13 of 20 *****************
************************************************************

************************************************************
****** Beginning RI-MGGA_X_M11_L+MGGA_C_M11_L energy *******
************************************************************

=======================================================
       MGGA_X_M11_L+MGGA_C_M11_L Energy Results        
=======================================================
E MGGA_X_M11_L+MGGA_C_M11_L: -1614.1182111
Nuclear Repulsion Energy: 4047.21479625
Electronic Energy:        -5424.25754803
XC Energy:                -237.075459
Converged:                1
# of SCF iterations:      17
SCF Time:                 29.34s

=======================================================
            Individual Calculation Summary             
=======================================================
HF Energy: -1614.1182111000618988
=======================================================


Topology 12 time: 29.509714 s, performance: SP: 0 FLOP/s, DP: 32.25 TFLOP/s
JSON file written to: json_logs/lustre_orion_chm213_scratch_ryan_dhdft_inputs_exess_exess_inputs_M11-L_def2-TZVP_isomers_16180-16199_topology_12.json
************************************************************
**************** Running topology 14 of 20 *****************
************************************************************

************************************************************
****** Beginning RI-MGGA_X_M11_L+MGGA_C_M11_L energy *******
************************************************************

=======================================================
       MGGA_X_M11_L+MGGA_C_M11_L Energy Results        
=======================================================
E MGGA_X_M11_L+MGGA_C_M11_L: -1614.11840886
Nuclear Repulsion Energy: 4041.99512845
Electronic Energy:        -5419.03437008
XC Energy:                -237.079167
Converged:                1
# of SCF iterations:      17
SCF Time:                 29.487s

=======================================================
            Individual Calculation Summary             
=======================================================
HF Energy: -1614.1184088629154303
=======================================================


Topology 13 time: 29.657775 s, performance: SP: 0 FLOP/s, DP: 32.08 TFLOP/s
JSON file written to: json_logs/lustre_orion_chm213_scratch_ryan_dhdft_inputs_exess_exess_inputs_M11-L_def2-TZVP_isomers_16180-16199_topology_13.json
************************************************************
**************** Running topology 15 of 20 *****************
************************************************************

************************************************************
****** Beginning RI-MGGA_X_M11_L+MGGA_C_M11_L energy *******
************************************************************

=======================================================
       MGGA_X_M11_L+MGGA_C_M11_L Energy Results        
=======================================================
E MGGA_X_M11_L+MGGA_C_M11_L: -1614.11822156
Nuclear Repulsion Energy: 4041.40395183
Electronic Energy:        -5418.44670908
XC Energy:                -237.075464
Converged:                1
# of SCF iterations:      17
SCF Time:                 29.381s

=======================================================
            Individual Calculation Summary             
=======================================================
HF Energy: -1614.1182215566561808
=======================================================


Topology 14 time: 29.550990 s, performance: SP: 0 FLOP/s, DP: 32.2 TFLOP/s
JSON file written to: json_logs/lustre_orion_chm213_scratch_ryan_dhdft_inputs_exess_exess_inputs_M11-L_def2-TZVP_isomers_16180-16199_topology_14.json
************************************************************
**************** Running topology 16 of 20 *****************
************************************************************

************************************************************
****** Beginning RI-MGGA_X_M11_L+MGGA_C_M11_L energy *******
************************************************************

=======================================================
       MGGA_X_M11_L+MGGA_C_M11_L Energy Results        
=======================================================
E MGGA_X_M11_L+MGGA_C_M11_L: -1614.10660505
Nuclear Repulsion Energy: 4096.5253622
Electronic Energy:        -5473.56162505
XC Energy:                -237.070342
Converged:                1
# of SCF iterations:      17
SCF Time:                 29.227s

=======================================================
            Individual Calculation Summary             
=======================================================
HF Energy: -1614.1066050486524546
=======================================================


Topology 15 time: 29.401862 s, performance: SP: 0 FLOP/s, DP: 32.33 TFLOP/s
JSON file written to: json_logs/lustre_orion_chm213_scratch_ryan_dhdft_inputs_exess_exess_inputs_M11-L_def2-TZVP_isomers_16180-16199_topology_15.json
************************************************************
**************** Running topology 17 of 20 *****************
************************************************************

************************************************************
****** Beginning RI-MGGA_X_M11_L+MGGA_C_M11_L energy *******
************************************************************

=======================================================
       MGGA_X_M11_L+MGGA_C_M11_L Energy Results        
=======================================================
E MGGA_X_M11_L+MGGA_C_M11_L: -1614.12072487
Nuclear Repulsion Energy: 4060.41520144
Electronic Energy:        -5437.45317423
XC Energy:                -237.082752
Converged:                1
# of SCF iterations:      16
SCF Time:                 27.732s

=======================================================
            Individual Calculation Summary             
=======================================================
HF Energy: -1614.1207248684136175
=======================================================


Topology 16 time: 27.904086 s, performance: SP: 0 FLOP/s, DP: 32.22 TFLOP/s
JSON file written to: json_logs/lustre_orion_chm213_scratch_ryan_dhdft_inputs_exess_exess_inputs_M11-L_def2-TZVP_isomers_16180-16199_topology_16.json
************************************************************
**************** Running topology 18 of 20 *****************
************************************************************

************************************************************
****** Beginning RI-MGGA_X_M11_L+MGGA_C_M11_L energy *******
************************************************************

=======================================================
       MGGA_X_M11_L+MGGA_C_M11_L Energy Results        
=======================================================
E MGGA_X_M11_L+MGGA_C_M11_L: -1614.11456873
Nuclear Repulsion Energy: 4007.93662106
Electronic Energy:        -5384.97879488
XC Energy:                -237.072395
Converged:                1
# of SCF iterations:      17
SCF Time:                 29.154s

=======================================================
            Individual Calculation Summary             
=======================================================
HF Energy: -1614.1145687274718057
=======================================================


Topology 17 time: 29.324529 s, performance: SP: 0 FLOP/s, DP: 32.46 TFLOP/s
JSON file written to: json_logs/lustre_orion_chm213_scratch_ryan_dhdft_inputs_exess_exess_inputs_M11-L_def2-TZVP_isomers_16180-16199_topology_17.json
************************************************************
**************** Running topology 19 of 20 *****************
************************************************************

************************************************************
****** Beginning RI-MGGA_X_M11_L+MGGA_C_M11_L energy *******
************************************************************

=======================================================
       MGGA_X_M11_L+MGGA_C_M11_L Energy Results        
=======================================================
E MGGA_X_M11_L+MGGA_C_M11_L: -1614.12032188
Nuclear Repulsion Energy: 4014.88956123
Electronic Energy:        -5391.93499276
XC Energy:                -237.074890
Converged:                1
# of SCF iterations:      17
SCF Time:                 29.324s

=======================================================
            Individual Calculation Summary             
=======================================================
HF Energy: -1614.1203218767768703
=======================================================


Topology 18 time: 29.494637 s, performance: SP: 0 FLOP/s, DP: 32.27 TFLOP/s
JSON file written to: json_logs/lustre_orion_chm213_scratch_ryan_dhdft_inputs_exess_exess_inputs_M11-L_def2-TZVP_isomers_16180-16199_topology_18.json
************************************************************
**************** Running topology 20 of 20 *****************
************************************************************

************************************************************
****** Beginning RI-MGGA_X_M11_L+MGGA_C_M11_L energy *******
************************************************************

=======================================================
       MGGA_X_M11_L+MGGA_C_M11_L Energy Results        
=======================================================
E MGGA_X_M11_L+MGGA_C_M11_L: -1614.10907608
Nuclear Repulsion Energy: 4125.0494901
Electronic Energy:        -5502.08055705
XC Energy:                -237.078009
Converged:                1
# of SCF iterations:      17
SCF Time:                 29.307s

=======================================================
            Individual Calculation Summary             
=======================================================
HF Energy: -1614.1090760810914162
=======================================================


Topology 19 time: 29.484174 s, performance: SP: 0 FLOP/s, DP: 32.23 TFLOP/s
JSON file written to: json_logs/lustre_orion_chm213_scratch_ryan_dhdft_inputs_exess_exess_inputs_M11-L_def2-TZVP_isomers_16180-16199_topology_19.json
Total flops: SP: 0 FLOPS, DP: 18.912354 PFLOPS
Performance: SP: 0 FLOP/s, DP: 31.71 TFLOP/s

Now, a word from our sponsors... 
 Tres tristes tigres tragaban trigo en un trigal. --Mexican tonguetwister 

[31mTotal processing time 596.669441 seconds[0m
[CRAYBLAS_WARNING] Application linked against multiple cray-libsci libraries
40765218 |   4.8339e-02   |    1.3612     |    0.2329
Density calculation took 0.563900s
Tau required
    6     | -1614.1163787472 |   5.8485e-03   |    1.3617     |    0.2248
Density calculation took 0.563499s
Tau required
    7     | -1614.1177795585 |   1.3063e-03   |    1.3604     |    0.2352
Density calculation took 0.564313s
Tau required
    8     | -1614.1180692300 |   4.3100e-04   |    1.3592     |    0.2275
Density calculation took 0.563613s
Tau required
    9     | -1614.1181979193 |   4.0615e-05   |    1.3600     |    0.2258
Density calculation took 0.564403s
Tau required
   10     | -1614.1182093032 |   5.7026e-06   |    1.3587     |    0.2267
Density calculation took 0.563793s
Tau required
   11     | -1614.1182106897 |   1.2757e-06   |    1.3599     |    0.2253
Density calculation took 0.564369s
Tau required
   12     | -1614.1182109462 |   4.6755e-07   |    1.3598     |    0.2252
Density calculation took 0.563851s
Tau required
   13     | -1614.1182110789 |   6.7933e-08   |    1.3618     |    0.2259
Density calculation took 0.564415s
Tau required
   14     | -1614.1182110993 |   2.5560e-09   |    1.3595     |    0.2253
Density calculation took 0.563855s
Tau required
   15     | -1614.1182110998 |   7.5627e-10   |    1.3596     |    0.2265
Density calculation took 0.564136s
Tau required
   16     | -1614.1182111000 |   1.2567e-10   |    1.3594     |    0.2262
Density calculation took 0.563939s
Tau required
   17     | -1614.1182111001 |   1.8030e-11   |    1.3582     |    0.2271
Created 613795 / 2702736 significant shell pairs
Created 474082 / 2056356 significant shell pairs
Total number of grid points: 369264 (5769 per atom)
One electron integrals and orthogonalizer took 0.044995s
Created 474082 / 2056356 significant shell pairs
3C integrals and B formation took 1.871186s
Iteration |      Energy      |  DIIS Metric   | Fock Time (s) | DIIS Time (s)
----------+------------------+----------------+---------------+--------------
Density calculation took 0.596901s
Tau required
    1     | -1624.4470663076 |   9.7675e+02   |    1.5465     |    0.2569
Density calculation took 0.585613s
Tau required
    2     | -1613.2781748592 |   3.0318e+00   |    1.3861     |    0.2232
Density calculation took 0.561839s
Tau required
    3     | -1613.1233740762 |   3.6361e+00   |    1.3658     |    0.2307
Density calculation took 0.562842s
Tau required
    4     | -1614.0711804522 |   1.6507e-01   |    1.3642     |    0.2237
Density calculation took 0.562555s
Tau required
    5     | -1614.1029600389 |   5.3952e-02   |    1.3673     |    0.2321
Density calculation took 0.562950s
Tau required
    6     | -1614.1170583690 |   4.4972e-03   |    1.3638     |    0.2251
Density calculation took 0.562085s
Tau required
    7     | -1614.1179476392 |   1.4329e-03   |    1.3668     |    0.2346
Density calculation took 0.562313s
Tau required
    8     | -1614.1182903192 |   3.4783e-04   |    1.3642     |    0.2265
Density calculation took 0.562687s
Tau required
    9     | -1614.1183906666 |   5.2937e-05   |    1.3664     |    0.2266
Density calculation took 0.562915s
Tau required
   10     | -1614.1184069495 |   6.0431e-06   |    1.3660     |    0.2267
Density calculation took 0.562366s
Tau required
   11     | -1614.1184085930 |   8.8854e-07   |    1.3656     |    0.2348
Density calculation took 0.562690s
Tau required
   12     | -1614.1184087339 |   4.0445e-07   |    1.3640     |    0.2268
Density calculation took 0.562071s
Tau required
   13     | -1614.1184088477 |   4.8773e-08   |    1.3659     |    0.2267
Density calculation took 0.562447s
Tau required
   14     | -1614.1184088616 |   4.3342e-09   |    1.3641     |    0.2268
Density calculation took 0.562571s
Tau required
   15     | -1614.1184088627 |   7.9501e-10   |    1.3663     |    0.2269
Density calculation took 0.562636s
Tau required
   16     | -1614.1184088629 |   1.7858e-10   |    1.3649     |    0.2276
Density calculation took 0.561847s
Tau required
   17     | -1614.1184088629 |   3.3867e-11   |    1.3671     |    0.2271
Created 610888 / 2702736 significant shell pairs
Created 472150 / 2056356 significant shell pairs
Total number of grid points: 369738 (5777 per atom)
One electron integrals and orthogonalizer took 0.044795s
Created 472150 / 2056356 significant shell pairs
3C integrals and B formation took 1.871358s
Iteration |      Energy      |  DIIS Metric   | Fock Time (s) | DIIS Time (s)
----------+------------------+----------------+---------------+--------------
Density calculation took 0.606351s
Tau required
    1     | -1624.4405798644 |   9.7491e+02   |    1.5478     |    0.2574
Density calculation took 0.587662s
Tau required
    2     | -1613.2798215407 |   3.0179e+00   |    1.3797     |    0.2241
Density calculation took 0.566100s
Tau required
    3     | -1613.1219817614 |   3.6234e+00   |    1.3594     |    0.2322
Density calculation took 0.565960s
Tau required
    4     | -1614.0636168342 |   1.9279e-01   |    1.3586     |    0.2243
Density calculation took 0.565780s
Tau required
    5     | -1614.1043595290 |   4.7696e-02   |    1.3595     |    0.2331
Density calculation took 0.565739s
Tau required
    6     | -1614.1165052862 |   5.5345e-03   |    1.3567     |    0.2262
Density calculation took 0.566641s
Tau required
    7     | -1614.1178162767 |   1.2519e-03   |    1.3586     |    0.2344
Density calculation took 0.565539s
Tau required
    8     | -1614.1180996855 |   3.8162e-04   |    1.3589     |    0.2280
Density calculation took 0.566010s
Tau required
    9     | -1614.1182087315 |   3.9225e-05   |    1.3595     |    0.2264
Density calculation took 0.565603s
Tau required
   10     | -1614.1182198425 |   5.3617e-06   |    1.3575     |    0.2264
Density calculation took 0.565890s
Tau required
   11     | -1614.1182212578 |   9.3640e-07   |    1.3618     |    0.2270
Density calculation took 0.565382s
Tau required
   12     | -1614.1182214156 |   4.2489e-07   |    1.3578     |    0.2262
Density calculation took 0.565761s
Tau required
   13     | -1614.1182215335 |   7.1678e-08   |    1.3588     |    0.2267
Density calculation took 0.565447s
Tau required
   14     | -1614.1182215559 |   2.4572e-09   |    1.3581     |    0.2269
Density calculation took 0.565938s
Tau required
   15     | -1614.1182215564 |   7.0815e-10   |    1.3598     |    0.2284
Density calculation took 0.565642s
Tau required
   16     | -1614.1182215566 |   1.3133e-10   |    1.3582     |    0.2267
Density calculation took 0.566272s
Tau required
   17     | -1614.1182215567 |   1.7931e-11   |    1.3586     |    0.2271
Created 625736 / 2702736 significant shell pairs
Created 483846 / 2056356 significant shell pairs
Total number of grid points: 369504 (5773 per atom)
One electron integrals and orthogonalizer took 0.044825s
Created 483846 / 2056356 significant shell pairs
3C integrals and B formation took 1.884801s
Iteration |      Energy      |  DIIS Metric   | Fock Time (s) | DIIS Time (s)
----------+------------------+----------------+---------------+--------------
Density calculation took 0.549746s
Tau required
    1     | -1624.4365632162 |   9.7629e+02   |    1.5014     |    0.2568
Density calculation took 0.579099s
Tau required
    2     | -1613.2721893289 |   2.9912e+00   |    1.3784     |    0.2235
Density calculation took 0.557671s
Tau required
    3     | -1613.1206552734 |   3.5587e+00   |    1.3500     |    0.2322
Density calculation took 0.558036s
Tau required
    4     | -1614.0508471422 |   1.9637e-01   |    1.3497     |    0.2272
Density calculation took 0.557372s
Tau required
    5     | -1614.0931410093 |   4.7851e-02   |    1.3528     |    0.2322
Density calculation took 0.557607s
Tau required
    6     | -1614.1049869265 |   5.4599e-03   |    1.3502     |    0.2245
Density calculation took 0.557551s
Tau required
    7     | -1614.1061887343 |   1.3261e-03   |    1.3507     |    0.2339
Density calculation took 0.557947s
Tau required
    8     | -1614.1064421640 |   4.9092e-04   |    1.3534     |    0.2269
Density calculation took 0.557269s
Tau required
    9     | -1614.1065891505 |   4.7049e-05   |    1.3524     |    0.2266
Density calculation took 0.559237s
Tau required
   10     | -1614.1066031514 |   5.6491e-06   |    1.3509     |    0.2261
Density calculation took 0.557593s
Tau required
   11     | -1614.1066046555 |   1.1880e-06   |    1.3503     |    0.2266
Density calculation took 0.557914s
Tau required
   12     | -1614.1066049146 |   4.2801e-07   |    1.3511     |    0.2269
Density calculation took 0.558133s
Tau required
   13     | -1614.1066050290 |   6.3914e-08   |    1.3509     |    0.2268
Density calculation took 0.558148s
Tau required
   14     | -1614.1066050471 |   4.9286e-09   |    1.3547     |    0.2274
Density calculation took 0.557992s
Tau required
   15     | -1614.1066050484 |   9.3366e-10   |    1.3503     |    0.2262
Density calculation took 0.557885s
Tau required
   16     | -1614.1066050486 |   2.6380e-10   |    1.3537     |    0.2259
Density calculation took 0.558568s
Tau required
   17     | -1614.1066050487 |   3.4047e-11   |    1.3523     |    0.2264
Created 617413 / 2702736 significant shell pairs
Created 477139 / 2056356 significant shell pairs
Total number of grid points: 369874 (5779 per atom)
One electron integrals and orthogonalizer took 0.045360s
Created 477139 / 2056356 significant shell pairs
3C integrals and B formation took 1.882458s
Iteration |      Energy      |  DIIS Metric   | Fock Time (s) | DIIS Time (s)
----------+------------------+----------------+---------------+--------------
Density calculation took 0.554512s
Tau required
    1     | -1624.4475215541 |   9.7639e+02   |    1.5313     |    0.2569
Density calculation took 0.583200s
Tau required
    2     | -1613.2789353805 |   3.0430e+00   |    1.3767     |    0.2238
Density calculation took 0.560998s
Tau required
    3     | -1613.1281835353 |   3.6440e+00   |    1.3594     |    0.2313
Density calculation took 0.559278s
Tau required
    4     | -1614.0788115114 |   1.4864e-01   |    1.3545     |    0.2236
Density calculation took 0.560287s
Tau required
    5     | -1614.1074151250 |   4.7718e-02   |    1.3581     |    0.2334
Density calculation took 0.560486s
Tau required
    6     | -1614.1193903800 |   4.5917e-03   |    1.3549     |    0.2246
Density calculation took 0.560349s
Tau required
    7     | -1614.1203913745 |   1.1201e-03   |    1.3566     |    0.2341
Density calculation took 0.559356s
Tau required
    8     | -1614.1206251187 |   3.1245e-04   |    1.3540     |    0.2266
Density calculation took 0.559961s
Tau required
    9     | -1614.1207160772 |   2.6658e-05   |    1.3585     |    0.2265
Density calculation took 0.560175s
Tau required
   10     | -1614.1207232248 |   5.1165e-06   |    1.3522     |    0.2263
Density calculation took 0.559970s
Tau required
   11     | -1614.1207246020 |   8.2107e-07   |    1.3582     |    0.2261
Density calculation took 0.559810s
Tau required
   12     | -1614.1207247762 |   3.0235e-07   |    1.3542     |    0.2257
Density calculation took 0.559964s
Tau required
   13     | -1614.1207248624 |   1.9627e-08   |    1.3592     |    0.2257
Density calculation took 0.559548s
Tau required
   14     | -1614.1207248679 |   1.6875e-09   |    1.3536     |    0.2260
Density calculation took 0.560167s
Tau required
   15     | -1614.1207248683 |   3.4032e-10   |    1.3594     |    0.2261
Density calculation took 0.559680s
Tau required
   16     | -1614.1207248684 |   4.3791e-11   |    1.3540     |    0.2258
Created 605434 / 2702736 significant shell pairs
Created 467547 / 2056356 significant shell pairs
Total number of grid points: 369776 (5777 per atom)
One electron integrals and orthogonalizer took 0.045434s
Created 467547 / 2056356 significant shell pairs
3C integrals and B formation took 1.867852s
Iteration |      Energy      |  DIIS Metric   | Fock Time (s) | DIIS Time (s)
----------+------------------+----------------+---------------+--------------
Density calculation took 0.550343s
Tau required
    1     | -1624.4334571565 |   9.7395e+02   |    1.5325     |    0.2563
Density calculation took 0.581266s
Tau required
    2     | -1613.2771092417 |   3.0149e+00   |    1.3678     |    0.2229
Density calculation took 0.559599s
Tau required
    3     | -1613.1325599708 |   3.5724e+00   |    1.3495     |    0.2315
Density calculation took 0.559211s
Tau required
    4     | -1614.0657300707 |   1.7193e-01   |    1.3444     |    0.2243
Density calculation took 0.558909s
Tau required
    5     | -1614.1003079547 |   4.9803e-02   |    1.3471     |    0.2324
Density calculation took 0.559899s
Tau required
    6     | -1614.1125748015 |   6.4233e-03   |    1.3440     |    0.2250
Density calculation took 0.558622s
Tau required
    7     | -1614.1139875112 |   1.6951e-03   |    1.3484     |    0.2330
Density calculation took 0.558650s
Tau required
    8     | -1614.1142817702 |   8.0016e-04   |    1.3441     |    0.2256
Density calculation took 0.558878s
Tau required
    9     | -1614.1145507884 |   5.3752e-05   |    1.3487     |    0.2256
Density calculation took 0.559984s
Tau required
   10     | -1614.1145665007 |   6.9223e-06   |    1.3467     |    0.2268
Density calculation took 0.559289s
Tau required
   11     | -1614.1145682767 |   1.4184e-06   |    1.3482     |    0.2258
Density calculation took 0.559131s
Tau required
   12     | -1614.1145686383 |   2.9561e-07   |    1.3453     |    0.2263
Density calculation took 0.558762s
Tau required
   13     | -1614.1145687147 |   4.1401e-08   |    1.3490     |    0.2255
Density calculation took 0.561406s
Tau required
   14     | -1614.1145687261 |   4.4714e-09   |    1.3459     |    0.2261
Density calculation took 0.559141s
Tau required
   15     | -1614.1145687271 |   1.1043e-09   |    1.3500     |    0.2259
Density calculation took 0.559250s
Tau required
   16     | -1614.1145687274 |   2.7549e-10   |    1.3446     |    0.2276
Density calculation took 0.560208s
Tau required
   17     | -1614.1145687275 |   5.0699e-11   |    1.3489     |    0.2266
Created 604606 / 2702736 significant shell pairs
Created 467074 / 2056356 significant shell pairs
Total number of grid points: 369060 (5766 per atom)
One electron integrals and orthogonalizer took 0.045633s
Created 467074 / 2056356 significant shell pairs
3C integrals and B formation took 1.862635s
Iteration |      Energy      |  DIIS Metric   | Fock Time (s) | DIIS Time (s)
----------+------------------+----------------+---------------+--------------
Density calculation took 0.551175s
Tau required
    1     | -1624.4389318276 |   9.7455e+02   |    1.5100     |    0.2573
Density calculation took 0.583894s
Tau required
    2     | -1613.2813686652 |   3.0201e+00   |    1.3811     |    0.2230
Density calculation took 0.560331s
Tau required
    3     | -1613.1340719174 |   3.5864e+00   |    1.3582     |    0.2325
Density calculation took 0.560132s
Tau required
    4     | -1614.0714176129 |   1.7219e-01   |    1.3581     |    0.2320
Density calculation took 0.560112s
Tau required
    5     | -1614.1060880895 |   4.9974e-02   |    1.3570     |    0.2329
Density calculation took 0.559848s
Tau required
    6     | -1614.1184514428 |   6.0071e-03   |    1.3584     |    0.2254
Density calculation took 0.559555s
Tau required
    7     | -1614.1198199245 |   1.4921e-03   |    1.3588     |    0.2340
Density calculation took 0.560234s
Tau required
    8     | -1614.1201174297 |   5.8616e-04   |    1.3577     |    0.2259
Density calculation took 0.559905s
Tau required
    9     | -1614.1203081068 |   4.2170e-05   |    1.3589     |    0.2270
Density calculation took 0.560142s
Tau required
   10     | -1614.1203204876 |   4.6425e-06   |    1.3596     |    0.2257
Density calculation took 0.561067s
Tau required
   11     | -1614.1203215526 |   1.0636e-06   |    1.3571     |    0.2306
Density calculation took 0.560372s
Tau required
   12     | -1614.1203217947 |   2.7326e-07   |    1.3579     |    0.2273
Density calculation took 0.559950s
Tau required
   13     | -1614.1203218637 |   4.0602e-08   |    1.3581     |    0.2263
Density calculation took 0.561432s
Tau required
   14     | -1614.1203218757 |   3.5052e-09   |    1.3572     |    0.2259
Density calculation took 0.559731s
Tau required
   15     | -1614.1203218766 |   7.2577e-10   |    1.3581     |    0.2260
Density calculation took 0.560480s
Tau required
   16     | -1614.1203218767 |   1.4295e-10   |    1.3580     |    0.2264
Density calculation took 0.560436s
Tau required
   17     | -1614.1203218768 |   2.2622e-11   |    1.3594     |    0.2263
Created 633136 / 2702736 significant shell pairs
Created 489772 / 2056356 significant shell pairs
Total number of grid points: 369102 (5767 per atom)
One electron integrals and orthogonalizer took 0.045637s
Created 489772 / 2056356 significant shell pairs
3C integrals and B formation took 1.890908s
Iteration |      Energy      |  DIIS Metric   | Fock Time (s) | DIIS Time (s)
----------+------------------+----------------+---------------+--------------
Density calculation took 0.598130s
Tau required
    1     | -1624.4438052830 |   9.7774e+02   |    1.5433     |    0.2551
Density calculation took 0.587255s
Tau required
    2     | -1613.2716034415 |   3.0151e+00   |    1.3758     |    0.2232
Density calculation took 0.565215s
Tau required
    3     | -1613.1262874530 |   3.5792e+00   |    1.3546     |    0.2318
Density calculation took 0.564509s
Tau required
    4     | -1614.0616701366 |   1.6420e-01   |    1.3519     |    0.2280
Density calculation took 0.564480s
Tau required
    5     | -1614.0898607119 |   6.4460e-02   |    1.3514     |    0.2332
Density calculation took 0.564926s
Tau required
    6     | -1614.1064607498 |   8.3183e-03   |    1.3551     |    0.2252
Density calculation took 0.564621s
Tau required
    7     | -1614.1084985116 |   1.7715e-03   |    1.3563     |    0.2345
Density calculation took 0.564620s
Tau required
    8     | -1614.1089117680 |   5.1727e-04   |    1.3518     |    0.2263
Density calculation took 0.564315s
Tau required
    9     | -1614.1090644996 |   3.9032e-05   |    1.3522     |    0.2268
Density calculation took 0.564397s
Tau required
   10     | -1614.1090744398 |   5.5065e-06   |    1.3528     |    0.2264
Density calculation took 0.564619s
Tau required
   11     | -1614.1090758242 |   8.0987e-07   |    1.3524     |    0.2280
Density calculation took 0.564829s
Tau required
   12     | -1614.1090759879 |   3.1011e-07   |    1.3521     |    0.2268
Density calculation took 0.564755s
Tau required
   13     | -1614.1090760707 |   3.4387e-08   |    1.3528     |    0.2268
Density calculation took 0.564516s
Tau required
   14     | -1614.1090760792 |   6.1639e-09   |    1.3509     |    0.2267
Density calculation took 0.564851s
Tau required
   15     | -1614.1090760809 |   7.5903e-10   |    1.3520     |    0.2274
Density calculation took 0.565692s
Tau required
   16     | -1614.1090760810 |   2.8133e-10   |    1.3529     |    0.2280
Density calculation took 0.564482s
Tau required
   17     | -1614.1090760811 |   2.0399e-11   |    1.3524     |    0.2269
Please cite the following papers for the methods used in this calculation:
 - J.L. Galvez Vallejo et. al., Toward an extreme-scale electronic structure system, J. Chem. Phys., 2023. DOI: 10.1063/5.0156399

 - R. Stocks, E. Palethorpe, and G.M.J. Barca, Multi-GPU RI-HF Energies and Analytic Gradients ─ Toward High-Throughput Ab Initio Molecular Dynamics, J. Chem. Theory Comput., 2024. DOI: 10.1021/acs.jctc.4c00877
   For:
     * RI-HF energy

 - S. Lehtola, C. Steigemann, M.J.T. Oliveira, and M.A.L. Marques, Recent developments in Libxc: A comprehensive library of functionals for density functional theory, SoftwareX, 2018. DOI: 10.1016/j.softx.2017.11.002
   For:
     * LibXC version 6.2.0

 - D.B. Williams-Young, W.A. de Jong, H.J.J. van Dam, and C. Yang, On the Efficient Evaluation of the Exchange Correlation Potential on Graphics Processing Unit Clusters, Frontiers in Chemistry, 2020. DOI: 10.3389/fchem.2020.581058
   For:
     * ExchCXX GPU implementation of exchange-correlation functionals

 - R. Stocks and G.M.J. Barca, Efficient Algorithms for GPU Accelerated Evaluation of the DFT Exchange-Correlation Functional, J. Chem. Theory Comput., 2025. DOI: 10.1021/acs.jctc.5c01229
   For:
     * GPU accelerated DFT exchange-correlation evaluation

 - R. Peverati and D. G. Truhlar.,  J. Phys. Chem. Lett. 3, 117 (2012) DOI: 10.1021/jz201525m
   For:
     * MGGA_X_M11_L XC Functional
     * MGGA_C_M11_L XC Functional

[CRAYBLAS_WARNING] Application linked against multiple cray-libsci libraries
