Total number of grid points: 369055 (5766 per atom)
Density calculation took 0.553486s
Tau required
Density calculation took 0.579142s
Tau required
Density calculation took 0.559113s
Tau required
Density calculation took 0.559188s
Tau required
Density calculation took 0.558795s
Tau required
Density calculation took 0.559213s
Tau required
Density calculation took 0.558445s
Tau required
Density calculation took 0.559328s
Tau required
Density calculation took 0.559495s
Tau required
Density calculation took 0.558292s
Tau required
Density calculation took 0.559554s
Tau required
Density calculation took 0.559609s
Tau required
Density calculation took 0.559962s
Tau required
Density calculation took 0.559928s
Tau required
Density calculation took 0.559582s
Tau required
Density calculation took 0.559754s
Tau required
Density calculation took 0.559667s
Tau required
Total number of grid points: 370073 (5782 per atom)
Density calculation took 0.552459s
Tau required
Density calculation took 0.580214s
Tau required
Density calculation took 0.558777s
Tau required
Density calculation took 0.558368s
Tau required
Density calculation took 0.558771s
Tau required
Density calculation took 0.558721s
Tau required
Density calculation took 0.558931s
Tau required
Density calculation took 0.558447s
Tau required
Density calculation took 0.559473s
Tau required
Density calculation took 0.558710s
Tau required
Density calculation took 0.559513s
Tau required
Density calculation took 0.558618s
Tau required
Density calculation took 0.559245s
Tau required
Density calculation took 0.559056s
Tau required
Density calculation took 0.559691s
Tau required
Density calculation took 0.558753s
Tau required
Density calculation took 0.559685s
Tau required
Total number of grid points: 370480 (5788 per atom)
Density calculation took 0.598089s
Tau required
Density calculation took 0.575185s
Tau required
Density calculation took 0.553850s
Tau required
Density calculation took 0.554108s
Tau required
Density calculation took 0.553938s
Tau required
Density calculation took 0.554332s
Tau required
Density calculation took 0.554269s
Tau required
Density calculation took 0.553887s
Tau required
Density calculation took 0.554596s
Tau required
Density calculation took 0.554408s
Tau required
Density calculation took 0.554157s
Tau required
Density calculation took 0.554474s
Tau required
Density calculation took 0.554586s
Tau required
Density calculation took 0.554141s
Tau required
Density calculation took 0.554364s
Tau required
Density calculation took 0.554578s
Tau required
Density calculation took 0.554647s
Tau required
Density calculation took 0.554407s
Tau required
Total number of grid points: 369431 (5772 per atom)
Density calculation took 0.615529s
Tau required
Density calculation took 0.574950s
Tau required
Density calculation took 0.553002s
Tau required
Density calculation took 0.554242s
Tau required
Density calculation took 0.553814s
Tau required
Density calculation took 0.554146s
Tau required
Density calculation took 0.553910s
Tau required
Density calculation took 0.554145s
Tau required
Density calculation took 0.553144s
Tau required
Density calculation took 0.553667s
Tau required
Density calculation took 0.554394s
Tau required
Density calculation took 0.554241s
Tau required
Density calculation took 0.553234s
Tau required
Density calculation took 0.553766s
Tau required
Density calculation took 0.554459s
Tau required
Density calculation took 0.554419s
Tau required
Density calculation took 0.554230s
Tau required
Density calculation took 0.554078s
Tau required
Total number of grid points: 369061 (5766 per atom)
Density calculation took 0.616016s
Tau required
Density calculation took 0.576370s
Tau required
Density calculation took 0.555734s
Tau required
Density calculation took 0.556174s
Tau required
Density calculation took 0.554638s
Tau required
Density calculation took 0.555703s
Tau required
Density calculation took 0.556093s
Tau required
Density calculation took 0.556103s
Tau required
Density calculation took 0.556160s
Tau required
Density calculation took 0.555583s
Tau required
Density calculation took 0.556187s
Tau required
Density calculation took 0.556197s
Tau required
Density calculation took 0.556008s
Tau required
Density calculation took 0.555992s
Tau required
Density calculation took 0.555469s
Tau required
Density calculation took 0.556216s
Tau required
Density calculation took 0.556319s
Tau required
Density calculation took 0.556427s
Tau required
Total number of grid points: 369225 (5769 per atom)
Density calculation took 0.585112s
Tau required
Density calculation took 0.582983s
Tau required
Density calculation took 0.560488s
Tau required
Density calculation took 0.560440s
Tau required
Density calculation took 0.560980s
Tau required
Density calculation took 0.560116s
Tau required
Density calculation took 0.559850s
Tau required
Density calculation took 0.560612s
Tau required
Density calculation took 0.560678s
Tau required
Density calculation took 0.559921s
Tau required
Density calculation took 0.560271s
Tau required
Density calculation took 0.560629s
Tau required
Density calculation took 0.560947s
Tau required
Density calculation took 0.559848s
Tau required
Density calculation took 0.560832s
Tau required
Density calculation took 0.559814s
Tau required
Density calculation took 0.560547s
Tau required
Total number of grid points: 368803 (5762 per atom)
Density calculation took 0.583383s
Tau required
Density calculation took 0.579337s
Tau required
Density calculation took 0.559190s
Tau required
Density calculation took 0.559317s
Tau required
Density calculation took 0.559152s
Tau required
Density calculation took 0.559335s
Tau required
Density calculation took 0.559472s
Tau required
Density calculation took 0.559782s
Tau required
Density calculation took 0.559626s
Tau required
Density calculation took 0.559677s
Tau required
Density calculation took 0.559174s
Tau required
Density calculation took 0.559892s
Tau required
Density calculation took 0.559678s
Tau required
Density calculation took 0.559675s
Tau required
Density calculation took 0.559324s
Tau required
Density calculation took 0.559729s
Tau required
Density calculation took 0.559949s
Tau required
Density calculation took 0.559706s
Tau required
Total number of grid points: 369071 (5766 per atom)
Density calculation took 0.607145s
Tau required
Density calculation took 0.578163s
Tau required
Density calculation took 0.555522s
Tau required
Density calculation took 0.555410s
Tau required
Density calculation took 0.554927s
Tau required
Density calculation took 0.555562s
Tau required
Density calculation took 0.555035s
Tau required
Density calculation took 0.554917s
Tau required
Density calculation took 0.555340s
Tau required
Density calculation took 0.555265s
Tau required
Density calculation took 0.555012s
Tau required
Density calculation took 0.555716s
Tau required
Density calculation took 0.555266s
Tau required
Density calculation took 0.554975s
Tau required
Density calculation took 0.555183s
Tau required
Density calculation took 0.555472s
Tau required
Density calculation took 0.555576s
Tau required
Density calculation took 0.555243s
Tau required
Total number of grid points: 369777 (5777 per atom)
Density calculation took 0.550470s
Tau required
Density calculation took 0.581670s
Tau required
Density calculation took 0.560527s
Tau required
Density calculation took 0.559171s
Tau required
Density calculation took 0.560600s
Tau required
Density calculation took 0.559193s
Tau required
Density calculation took 0.560661s
Tau required
Density calculation took 0.559024s
Tau required
Density calculation took 0.560414s
Tau required
Density calculation took 0.559007s
Tau required
Density calculation took 0.560711s
Tau required
Density calculation took 0.558851s
Tau required
Density calculation took 0.560631s
Tau required
Density calculation took 0.559082s
Tau required
Density calculation took 0.560795s
Tau required
Density calculation took 0.559124s
Tau required
Density calculation took 0.560643s
Tau required
Total number of grid points: 368890 (5763 per atom)
Density calculation took 0.556404s
Tau required
Density calculation took 0.580545s
Tau required
Density calculation took 0.558168s
Tau required
Density calculation took 0.558624s
Tau required
Density calculation took 0.558619s
Tau required
Density calculation took 0.558748s
Tau required
Density calculation took 0.558985s
Tau required
Density calculation took 0.558986s
Tau required
Density calculation took 0.558973s
Tau required
Density calculation took 0.558849s
Tau required
Density calculation took 0.559106s
Tau required
Density calculation took 0.558517s
Tau required
Density calculation took 0.558849s
Tau required
Density calculation took 0.558824s
Tau required
Density calculation took 0.558095s
Tau required
Density calculation took 0.558815s
Tau required
Density calculation took 0.558738s
Tau required
Total number of grid points: 369477 (5773 per atom)
Density calculation took 0.552205s
Tau required
Density calculation took 0.580393s
Tau required
Density calculation took 0.559915s
Tau required
Density calculation took 0.560136s
Tau required
Density calculation took 0.560203s
Tau required
Density calculation took 0.559368s
Tau required
Density calculation took 0.560137s
Tau required
Density calculation took 0.560320s
Tau required
Density calculation took 0.560308s
Tau required
Density calculation took 0.559575s
Tau required
Density calculation took 0.559859s
Tau required
Density calculation took 0.560209s
Tau required
Density calculation took 0.559746s
Tau required
Density calculation took 0.559825s
Tau required
Density calculation took 0.560198s
Tau required
Density calculation took 0.560172s
Tau required
Density calculation took 0.559875s
Tau required
Total number of grid points: 369558 (5774 per atom)
Density calculation took 0.552251s
Tau required
Density calculation took 0.578369s
Tau required
Density calculation took 0.557087s
Tau required
Density calculation took 0.557204s
Tau required
Density calculation took 0.557561s
Tau required
Density calculation took 0.557110s
Tau required
Density calculation took 0.556821s
Tau required
Density calculation took 0.555972s
Tau required
Density calculation took 0.556437s
Tau required
Density calculation took 0.556589s
Tau required
Density calculation took 0.557267s
Tau required
Density calculation took 0.557328s
Tau required
Density calculation took 0.557075s
Tau required
Density calculation took 0.557054s
Tau required
Density calculation took 0.556504s
Tau required
Density calculation took 0.556959s
Tau required
Density calculation took 0.557580s
Tau required
Total number of grid points: 370485 (5788 per atom)
Density calculation took 0.552458s
Tau required
Density calculation took 0.580710s
Tau required
Density calculation took 0.560270s
Tau required
Density calculation took 0.559202s
Tau required
Density calculation took 0.560262s
Tau required
Density calculation took 0.559571s
Tau required
Density calculation took 0.559628s
Tau required
Density calculation took 0.559952s
Tau required
Density calculation took 0.560520s
Tau required
Density calculation took 0.559737s
Tau required
Density calculation took 0.559155s
Tau required
Density calculation took 0.560211s
Tau required
Density calculation took 0.560448s
Tau required
Density calculation took 0.559611s
Tau required
Density calculation took 0.560197s
Tau required
Density calculation took 0.559959s
Tau required
Density calculation took 0.560496s
Tau required
Total number of grid points: 369385 (5771 per atom)
Density calculation took 0.551779s
Tau required
Density calculation took 0.580244s
Tau required
Density calculation took 0.559477s
Tau required
Density calculation took 0.559136s
Tau required
Density calculation took 0.559108s
Tau required
Density calculation took 0.559296s
Tau required
Density calculation took 0.559348s
Tau required
Density calculation took 0.559271s
Tau required
Density calculation took 0.559072s
Tau required
Density calculation took 0.559347s
Tau required
Density calculation took 0.559518s
Tau required
Density calculation took 0.559382s
Tau required
Density calculation took 0.559602s
Tau required
Density calculation took 0.559215s
Tau required
Density calculation took 0.559499s
Tau required
Density calculation took 0.559444s
Tau required
Density calculation took 0.559264s
Tau required
Total number of grid points: 368827 (5762 per atom)
Density calculation took 0.552182s
Tau required
Density calculation took 0.579445s
Tau required
Density calculation took 0.555457s
Tau required
Density calculation took 0.555465s
Tau required
Density calculation took 0.556389s
Tau required
Density calculation took 0.556228s
Tau required
Density calculation took 0.557147s
Tau required
Density calculation took 0.556402s
Tau required
Density calculation took 0.557106s
Tau required
Density calculation took 0.556263s
Tau required
Density calculation took 0.557166s
Tau required
Density calculation took 0.556498s
Tau required
Density calculation took 0.556092s
Tau required
Density calculation took 0.556439s
Tau required
Density calculation took 0.557142s
Tau required
Density calculation took 0.556290s
Tau required
Density calculation took 0.557224s
Tau required
Total number of grid points: 369296 (5770 per atom)
Density calculation took 0.553503s
Tau required
Density calculation took 0.580319s
Tau required
Density calculation took 0.559563s
Tau required
Density calculation took 0.559187s
Tau required
Density calculation took 0.560121s
Tau required
Density calculation took 0.560359s
Tau required
Density calculation took 0.560368s
Tau required
Density calculation took 0.560066s
Tau required
Density calculation took 0.560091s
Tau required
Density calculation took 0.559270s
Tau required
Density calculation took 0.559545s
Tau required
Density calculation took 0.560289s
Tau required
Density calculation took 0.560129s
Tau required
Density calculation took 0.560091s
Tau required
Density calculation took 0.559599s
Tau required
Density calculation took 0.560251s
Tau required
Density calculation took 0.559821s
Tau required
Total number of grid points: 369058 (5766 per atom)
Density calculation took 0.603164s
Tau required
Density calculation took 0.582251s
Tau required
Density calculation took 0.559847s
Tau required
Density calculation took 0.560272s
Tau required
Density calculation took 0.560206s
Tau required
Density calculation took 0.560306s
Tau required
Density calculation took 0.559780s
Tau required
Density calculation took 0.560153s
Tau required
Density calculation took 0.560406s
Tau required
Density calculation took 0.560350s
Tau required
Density calculation took 0.559696s
Tau required
Density calculation took 0.558849s
Tau required
Density calculation took 0.560399s
Tau required
Density calculation took 0.560332s
Tau required
Density calculation took 0.559833s
Tau required
Density calculation took 0.559700s
Tau required
Density calculation took 0.560324s
Tau required
Total number of grid points: 369666 (5776 per atom)
Density calculation took 0.600158s
Tau required
Density calculation took 0.577106s
Tau required
Density calculation took 0.556066s
Tau required
Density calculation took 0.555399s
Tau required
Density calculation took 0.555452s
Tau required
Density calculation took 0.554367s
Tau required
Density calculation took 0.556306s
Tau required
Density calculation took 0.555607s
Tau required
Density calculation took 0.556222s
Tau required
Density calculation took 0.554938s
Tau required
Density calculation took 0.555932s
Tau required
Density calculation took 0.555636s
Tau required
Density calculation took 0.556225s
Tau required
Density calculation took 0.554496s
Tau required
Density calculation took 0.556148s
Tau required
Density calculation took 0.555635s
Tau required
Density calculation took 0.555503s
Tau required
Density calculation took 0.556005s
Tau required
Total number of grid points: 369477 (5773 per atom)
Density calculation took 0.588830s
Tau required
Density calculation took 0.570953s
Tau required
Density calculation took 0.550321s
Tau required
Density calculation took 0.551612s
Tau required
Density calculation took 0.550402s
Tau required
Density calculation took 0.551652s
Tau required
Density calculation took 0.550430s
Tau required
Density calculation took 0.552301s
Tau required
Density calculation took 0.550512s
Tau required
Density calculation took 0.552057s
Tau required
Density calculation took 0.550706s
Tau required
Density calculation took 0.551558s
Tau required
Density calculation took 0.550695s
Tau required
Density calculation took 0.551858s
Tau required
Density calculation took 0.550357s
Tau required
Density calculation took 0.552218s
Tau required
Density calculation took 0.550576s
Tau required
Density calculation took 0.551980s
Tau required
Total number of grid points: 369367 (5771 per atom)
Density calculation took 0.583828s
Tau required
Density calculation took 0.582248s
Tau required
Density calculation took 0.560898s
Tau required
Density calculation took 0.560257s
Tau required
Density calculation took 0.560966s
Tau required
Density calculation took 0.560611s
Tau required
Density calculation took 0.560816s
Tau required
Density calculation took 0.560906s
Tau required
Density calculation took 0.561207s
Tau required
Density calculation took 0.560525s
Tau required
Density calculation took 0.560960s
Tau required
Density calculation took 0.560975s
Tau required
Density calculation took 0.560596s
Tau required
Density calculation took 0.560257s
Tau required
Density calculation took 0.560787s
Tau required
Density calculation took 0.561067s
Tau required
Density calculation took 0.561013s
Tau required
[CRAYBLAS_WARNING] Application linked against multiple cray-libsci libraries
       
=======================================================
HF Energy: -1614.0885414376245990
=======================================================


Topology 9 time: 29.745789 s, performance: SP: 0 FLOP/s, DP: 31.87 TFLOP/s
JSON file written to: json_logs/lustre_orion_chm213_scratch_ryan_dhdft_inputs_exess_exess_inputs_M11-L_def2-TZVP_isomers_14760-14779_topology_9.json
************************************************************
**************** Running topology 11 of 20 *****************
************************************************************

************************************************************
****** Beginning RI-MGGA_X_M11_L+MGGA_C_M11_L energy *******
************************************************************

=======================================================
       MGGA_X_M11_L+MGGA_C_M11_L Energy Results        
=======================================================
E MGGA_X_M11_L+MGGA_C_M11_L: -1614.08308776
Nuclear Repulsion Energy: 4400.80814707
Electronic Energy:        -5777.80726244
XC Energy:                -237.083972
Converged:                1
# of SCF iterations:      17
SCF Time:                 29.35s

=======================================================
            Individual Calculation Summary             
=======================================================
HF Energy: -1614.0830877613452685
=======================================================


Topology 10 time: 29.559176 s, performance: SP: 0 FLOP/s, DP: 32.02 TFLOP/s
JSON file written to: json_logs/lustre_orion_chm213_scratch_ryan_dhdft_inputs_exess_exess_inputs_M11-L_def2-TZVP_isomers_14760-14779_topology_10.json
************************************************************
**************** Running topology 12 of 20 *****************
************************************************************

************************************************************
****** Beginning RI-MGGA_X_M11_L+MGGA_C_M11_L energy *******
************************************************************

=======================================================
       MGGA_X_M11_L+MGGA_C_M11_L Energy Results        
=======================================================
E MGGA_X_M11_L+MGGA_C_M11_L: -1614.09862925
Nuclear Repulsion Energy: 4411.30565143
Electronic Energy:        -5788.31451799
XC Energy:                -237.089763
Converged:                1
# of SCF iterations:      17
SCF Time:                 29.163s

=======================================================
            Individual Calculation Summary             
=======================================================
HF Energy: -1614.0986292487816627
=======================================================


Topology 11 time: 29.373040 s, performance: SP: 0 FLOP/s, DP: 32.25 TFLOP/s
JSON file written to: json_logs/lustre_orion_chm213_scratch_ryan_dhdft_inputs_exess_exess_inputs_M11-L_def2-TZVP_isomers_14760-14779_topology_11.json
************************************************************
**************** Running topology 13 of 20 *****************
************************************************************

************************************************************
****** Beginning RI-MGGA_X_M11_L+MGGA_C_M11_L energy *******
************************************************************

=======================================================
       MGGA_X_M11_L+MGGA_C_M11_L Energy Results        
=======================================================
E MGGA_X_M11_L+MGGA_C_M11_L: -1614.09865024
Nuclear Repulsion Energy: 4475.88079206
Electronic Energy:        -5852.88839801
XC Energy:                -237.091044
Converged:                1
# of SCF iterations:      17
SCF Time:                 29.43s

=======================================================
            Individual Calculation Summary             
=======================================================
HF Energy: -1614.0986502408031811
=======================================================


Topology 12 time: 29.645173 s, performance: SP: 0 FLOP/s, DP: 31.91 TFLOP/s
JSON file written to: json_logs/lustre_orion_chm213_scratch_ryan_dhdft_inputs_exess_exess_inputs_M11-L_def2-TZVP_isomers_14760-14779_topology_12.json
************************************************************
**************** Running topology 14 of 20 *****************
************************************************************

************************************************************
****** Beginning RI-MGGA_X_M11_L+MGGA_C_M11_L energy *******
************************************************************

=======================================================
       MGGA_X_M11_L+MGGA_C_M11_L Energy Results        
=======================================================
E MGGA_X_M11_L+MGGA_C_M11_L: -1614.09490396
Nuclear Repulsion Energy: 4428.58575419
Electronic Energy:        -5805.59378818
XC Energy:                -237.086870
Converged:                1
# of SCF iterations:      17
SCF Time:                 29.356s

=======================================================
            Individual Calculation Summary             
=======================================================
HF Energy: -1614.0949039576737505
=======================================================


Topology 13 time: 29.569609 s, performance: SP: 0 FLOP/s, DP: 32.02 TFLOP/s
JSON file written to: json_logs/lustre_orion_chm213_scratch_ryan_dhdft_inputs_exess_exess_inputs_M11-L_def2-TZVP_isomers_14760-14779_topology_13.json
************************************************************
**************** Running topology 15 of 20 *****************
************************************************************

************************************************************
****** Beginning RI-MGGA_X_M11_L+MGGA_C_M11_L energy *******
************************************************************

=======================================================
       MGGA_X_M11_L+MGGA_C_M11_L Energy Results        
=======================================================
E MGGA_X_M11_L+MGGA_C_M11_L: -1614.08908286
Nuclear Repulsion Energy: 4436.95807307
Electronic Energy:        -5813.96040609
XC Energy:                -237.086750
Converged:                1
# of SCF iterations:      17
SCF Time:                 29.234s

=======================================================
            Individual Calculation Summary             
=======================================================
HF Energy: -1614.0890828584174415
=======================================================


Topology 14 time: 29.447273 s, performance: SP: 0 FLOP/s, DP: 32.13 TFLOP/s
JSON file written to: json_logs/lustre_orion_chm213_scratch_ryan_dhdft_inputs_exess_exess_inputs_M11-L_def2-TZVP_isomers_14760-14779_topology_14.json
************************************************************
**************** Running topology 16 of 20 *****************
************************************************************

************************************************************
****** Beginning RI-MGGA_X_M11_L+MGGA_C_M11_L energy *******
************************************************************

=======================================================
       MGGA_X_M11_L+MGGA_C_M11_L Energy Results        
=======================================================
E MGGA_X_M11_L+MGGA_C_M11_L: -1614.09309026
Nuclear Repulsion Energy: 4455.58687367
Electronic Energy:        -5832.59044838
XC Energy:                -237.089516
Converged:                1
# of SCF iterations:      17
SCF Time:                 29.395s

=======================================================
            Individual Calculation Summary             
=======================================================
HF Energy: -1614.0930902582199451
=======================================================


Topology 15 time: 29.608529 s, performance: SP: 0 FLOP/s, DP: 31.94 TFLOP/s
JSON file written to: json_logs/lustre_orion_chm213_scratch_ryan_dhdft_inputs_exess_exess_inputs_M11-L_def2-TZVP_isomers_14760-14779_topology_15.json
************************************************************
**************** Running topology 17 of 20 *****************
************************************************************

************************************************************
****** Beginning RI-MGGA_X_M11_L+MGGA_C_M11_L energy *******
************************************************************

=======================================================
       MGGA_X_M11_L+MGGA_C_M11_L Energy Results        
=======================================================
E MGGA_X_M11_L+MGGA_C_M11_L: -1614.09324102
Nuclear Repulsion Energy: 4574.99433159
Electronic Energy:        -5951.99181793
XC Energy:                -237.095755
Converged:                1
# of SCF iterations:      17
SCF Time:                 29.532s

=======================================================
            Individual Calculation Summary             
=======================================================
HF Energy: -1614.0932410225443618
=======================================================


Topology 16 time: 29.754156 s, performance: SP: 0 FLOP/s, DP: 31.7 TFLOP/s
JSON file written to: json_logs/lustre_orion_chm213_scratch_ryan_dhdft_inputs_exess_exess_inputs_M11-L_def2-TZVP_isomers_14760-14779_topology_16.json
************************************************************
**************** Running topology 18 of 20 *****************
************************************************************

************************************************************
****** Beginning RI-MGGA_X_M11_L+MGGA_C_M11_L energy *******
************************************************************

=======================================================
       MGGA_X_M11_L+MGGA_C_M11_L Energy Results        
=======================================================
E MGGA_X_M11_L+MGGA_C_M11_L: -1614.10306407
Nuclear Repulsion Energy: 4641.8941979
Electronic Energy:        -6018.89030288
XC Energy:                -237.106959
Converged:                1
# of SCF iterations:      18
SCF Time:                 30.947s

=======================================================
            Individual Calculation Summary             
=======================================================
HF Energy: -1614.1030640723879515
=======================================================


Topology 17 time: 31.175167 s, performance: SP: 0 FLOP/s, DP: 31.86 TFLOP/s
JSON file written to: json_logs/lustre_orion_chm213_scratch_ryan_dhdft_inputs_exess_exess_inputs_M11-L_def2-TZVP_isomers_14760-14779_topology_17.json
************************************************************
**************** Running topology 19 of 20 *****************
************************************************************

************************************************************
****** Beginning RI-MGGA_X_M11_L+MGGA_C_M11_L energy *******
************************************************************

=======================================================
       MGGA_X_M11_L+MGGA_C_M11_L Energy Results        
=======================================================
E MGGA_X_M11_L+MGGA_C_M11_L: -1614.10288013
Nuclear Repulsion Energy: 4713.52477303
Electronic Energy:        -6090.51512969
XC Energy:                -237.112523
Converged:                1
# of SCF iterations:      18
SCF Time:                 30.807s

=======================================================
            Individual Calculation Summary             
=======================================================
HF Energy: -1614.1028801313934764
=======================================================


Topology 18 time: 31.039485 s, performance: SP: 0 FLOP/s, DP: 31.95 TFLOP/s
JSON file written to: json_logs/lustre_orion_chm213_scratch_ryan_dhdft_inputs_exess_exess_inputs_M11-L_def2-TZVP_isomers_14760-14779_topology_18.json
************************************************************
**************** Running topology 20 of 20 *****************
************************************************************

************************************************************
****** Beginning RI-MGGA_X_M11_L+MGGA_C_M11_L energy *******
************************************************************

=======================================================
       MGGA_X_M11_L+MGGA_C_M11_L Energy Results        
=======================================================
E MGGA_X_M11_L+MGGA_C_M11_L: -1614.10373633
Nuclear Repulsion Energy: 4588.90148872
Electronic Energy:        -5965.91221323
XC Energy:                -237.093012
Converged:                1
# of SCF iterations:      17
SCF Time:                 29.593s

=======================================================
            Individual Calculation Summary             
=======================================================
HF Energy: -1614.1037363260832080
=======================================================


Topology 19 time: 29.817520 s, performance: SP: 0 FLOP/s, DP: 31.61 TFLOP/s
JSON file written to: json_logs/lustre_orion_chm213_scratch_ryan_dhdft_inputs_exess_exess_inputs_M11-L_def2-TZVP_isomers_14760-14779_topology_19.json
Total flops: SP: 0 FLOPS, DP: 19.252303 PFLOPS
Performance: SP: 0 FLOP/s, DP: 31.43 TFLOP/s

Now, a word from our sponsors... 
 Cartesian coordinates are now working perfectly, something is wrong with the internal coordinates though... (Every geometry optimization #standup update)

[31mTotal processing time 612.885726 seconds[0m
[CRAYBLAS_WARNING] Application linked against multiple cray-libsci libraries
s) | DIIS Time (s)
----------+------------------+----------------+---------------+--------------
Density calculation took 0.545637s
Tau required
    1     | -1624.4762365115 |   9.9043e+02   |    1.5109     |    0.2565
Density calculation took 0.560852s
Tau required
    2     | -1613.2544713747 |   3.0424e+00   |    1.3831     |    0.2237
Density calculation took 0.539735s
Tau required
    3     | -1613.0436130460 |   3.8361e+00   |    1.3557     |    0.2317
Density calculation took 0.540132s
Tau required
    4     | -1614.0067159825 |   3.0214e-01   |    1.3554     |    0.2237
Density calculation took 0.540203s
Tau required
    5     | -1614.0637213540 |   1.1896e-01   |    1.3545     |    0.2333
Density calculation took 0.540151s
Tau required
    6     | -1614.0957577138 |   1.0118e-02   |    1.3561     |    0.2254
Density calculation took 0.540035s
Tau required
    7     | -1614.0980209861 |   2.1180e-03   |    1.3556     |    0.2347
Density calculation took 0.539971s
Tau required
    8     | -1614.0984747196 |   5.6727e-04   |    1.3553     |    0.2266
Density calculation took 0.539781s
Tau required
    9     | -1614.0986321527 |   5.8182e-05   |    1.3554     |    0.2266
Density calculation took 0.540006s
Tau required
   10     | -1614.0986483946 |   6.1027e-06   |    1.3551     |    0.2272
Density calculation took 0.539783s
Tau required
   11     | -1614.0986496454 |   1.9323e-06   |    1.3525     |    0.2268
Density calculation took 0.540107s
Tau required
   12     | -1614.0986501652 |   2.5758e-07   |    1.3528     |    0.2260
Density calculation took 0.539848s
Tau required
   13     | -1614.0986502252 |   5.2305e-08   |    1.3555     |    0.2264
Density calculation took 0.539722s
Tau required
   14     | -1614.0986502399 |   2.7398e-09   |    1.3568     |    0.2282
Density calculation took 0.539883s
Tau required
   15     | -1614.0986502402 |   1.9558e-09   |    1.3545     |    0.2266
Density calculation took 0.539866s
Tau required
   16     | -1614.0986502408 |   1.9159e-10   |    1.3555     |    0.2264
Density calculation took 0.539729s
Tau required
   17     | -1614.0986502408 |   5.7461e-11   |    1.3543     |    0.2263
Created 729360 / 2702736 significant shell pairs
Created 566033 / 2056356 significant shell pairs
Total number of grid points: 368548 (5758 per atom)
One electron integrals and orthogonalizer took 0.050792s
Created 566033 / 2056356 significant shell pairs
3C integrals and B formation took 1.969442s
Iteration |      Energy      |  DIIS Metric   | Fock Time (s) | DIIS Time (s)
----------+------------------+----------------+---------------+--------------
Density calculation took 0.549518s
Tau required
    1     | -1624.4659160488 |   9.8798e+02   |    1.5000     |    0.2559
Density calculation took 0.565759s
Tau required
    2     | -1613.2551263096 |   3.0200e+00   |    1.3708     |    0.2245
Density calculation took 0.544998s
Tau required
    3     | -1613.0946755040 |   3.6335e+00   |    1.3504     |    0.2330
Density calculation took 0.545085s
Tau required
    4     | -1614.0404630098 |   1.8066e-01   |    1.3533     |    0.2237
Density calculation took 0.545070s
Tau required
    5     | -1614.0723019632 |   7.4454e-02   |    1.3506     |    0.2329
Density calculation took 0.545203s
Tau required
    6     | -1614.0925106215 |   7.8992e-03   |    1.3507     |    0.2252
Density calculation took 0.545198s
Tau required
    7     | -1614.0944186684 |   1.5948e-03   |    1.3504     |    0.2355
Density calculation took 0.545492s
Tau required
    8     | -1614.0947887443 |   3.9610e-04   |    1.3510     |    0.2264
Density calculation took 0.545261s
Tau required
    9     | -1614.0948893447 |   4.8994e-05   |    1.3509     |    0.2340
Density calculation took 0.545371s
Tau required
   10     | -1614.0949021275 |   6.2692e-06   |    1.3518     |    0.2263
Density calculation took 0.545497s
Tau required
   11     | -1614.0949035604 |   1.3596e-06   |    1.3529     |    0.2269
Density calculation took 0.545474s
Tau required
   12     | -1614.0949038666 |   3.1295e-07   |    1.3543     |    0.2263
Density calculation took 0.545124s
Tau required
   13     | -1614.0949039414 |   5.2321e-08   |    1.3507     |    0.2263
Density calculation took 0.545742s
Tau required
   14     | -1614.0949039559 |   5.3576e-09   |    1.3505     |    0.2265
Density calculation took 0.545379s
Tau required
   15     | -1614.0949039574 |   9.8149e-10   |    1.3507     |    0.2262
Density calculation took 0.545999s
Tau required
   16     | -1614.0949039576 |   2.9375e-10   |    1.3520     |    0.2274
Density calculation took 0.545403s
Tau required
   17     | -1614.0949039577 |   3.2460e-11   |    1.3515     |    0.2268
Created 731241 / 2702736 significant shell pairs
Created 567224 / 2056356 significant shell pairs
Total number of grid points: 369536 (5774 per atom)
One electron integrals and orthogonalizer took 0.050672s
Created 567224 / 2056356 significant shell pairs
3C integrals and B formation took 1.971344s
Iteration |      Energy      |  DIIS Metric   | Fock Time (s) | DIIS Time (s)
----------+------------------+----------------+---------------+--------------
Density calculation took 0.548828s
Tau required
    1     | -1624.4689782961 |   9.8952e+02   |    1.4966     |    0.2569
Density calculation took 0.564551s
Tau required
    2     | -1613.2486797603 |   3.0233e+00   |    1.3722     |    0.2226
Density calculation took 0.542928s
Tau required
    3     | -1613.0637232826 |   3.7228e+00   |    1.3427     |    0.2308
Density calculation took 0.543646s
Tau required
    4     | -1614.0102360708 |   2.5299e-01   |    1.3472     |    0.2226
Density calculation took 0.543050s
Tau required
    5     | -1614.0572712003 |   1.0083e-01   |    1.3429     |    0.2324
Density calculation took 0.542781s
Tau required
    6     | -1614.0864273075 |   9.0891e-03   |    1.3463     |    0.2251
Density calculation took 0.543192s
Tau required
    7     | -1614.0885348622 |   1.8231e-03   |    1.3425     |    0.2347
Density calculation took 0.543097s
Tau required
    8     | -1614.0888938765 |   6.3528e-04   |    1.3470     |    0.2265
Density calculation took 0.543214s
Tau required
    9     | -1614.0890662441 |   5.4139e-05   |    1.3433     |    0.2286
Density calculation took 0.543487s
Tau required
   10     | -1614.0890810449 |   6.1328e-06   |    1.3477     |    0.2257
Density calculation took 0.544153s
Tau required
   11     | -1614.0890824388 |   1.4085e-06   |    1.3432     |    0.2266
Density calculation took 0.543136s
Tau required
   12     | -1614.0890827634 |   3.2084e-07   |    1.3459     |    0.2264
Density calculation took 0.543661s
Tau required
   13     | -1614.0890828390 |   6.3472e-08   |    1.3416     |    0.2256
Density calculation took 0.543475s
Tau required
   14     | -1614.0890828561 |   7.1762e-09   |    1.3473     |    0.2264
Density calculation took 0.543594s
Tau required
   15     | -1614.0890828580 |   1.2626e-09   |    1.3427     |    0.2260
Density calculation took 0.543220s
Tau required
   16     | -1614.0890828583 |   3.0339e-10   |    1.3465     |    0.2265
Density calculation took 0.543438s
Tau required
   17     | -1614.0890828584 |   4.4800e-11   |    1.3418     |    0.2262
Created 739889 / 2702736 significant shell pairs
Created 572819 / 2056356 significant shell pairs
Total number of grid points: 369306 (5770 per atom)
One electron integrals and orthogonalizer took 0.049837s
Created 572819 / 2056356 significant shell pairs
3C integrals and B formation took 1.986802s
Iteration |      Energy      |  DIIS Metric   | Fock Time (s) | DIIS Time (s)
----------+------------------+----------------+---------------+--------------
Density calculation took 0.540615s
Tau required
    1     | -1624.4816648863 |   9.9201e+02   |    1.4978     |    0.2569
Density calculation took 0.556287s
Tau required
    2     | -1613.2471737950 |   3.0513e+00   |    1.3729     |    0.2234
Density calculation took 0.536139s
Tau required
    3     | -1612.9866381543 |   4.0601e+00   |    1.3525     |    0.2357
Density calculation took 0.536722s
Tau required
    4     | -1613.9792242770 |   3.8686e-01   |    1.3541     |    0.2231
Density calculation took 0.536281s
Tau required
    5     | -1614.0593205879 |   1.1763e-01   |    1.3546     |    0.2337
Density calculation took 0.536330s
Tau required
    6     | -1614.0892266667 |   1.3260e-02   |    1.3556     |    0.2253
Density calculation took 0.536124s
Tau required
    7     | -1614.0922708502 |   2.6727e-03   |    1.3537     |    0.2344
Density calculation took 0.536668s
Tau required
    8     | -1614.0928696692 |   7.2742e-04   |    1.3536     |    0.2264
Density calculation took 0.537056s
Tau required
    9     | -1614.0930642628 |   8.3880e-05   |    1.3533     |    0.2272
Density calculation took 0.536734s
Tau required
   10     | -1614.0930873546 |   9.6176e-06   |    1.3524     |    0.2268
Density calculation took 0.536718s
Tau required
   11     | -1614.0930893376 |   3.1077e-06   |    1.3531     |    0.2265
Density calculation took 0.536663s
Tau required
   12     | -1614.0930901512 |   3.5610e-07   |    1.3533     |    0.2264
Density calculation took 0.536848s
Tau required
   13     | -1614.0930902216 |   1.1203e-07   |    1.3535     |    0.2279
Density calculation took 0.536594s
Tau required
   14     | -1614.0930902561 |   6.2646e-09   |    1.3522     |    0.2262
Density calculation took 0.536721s
Tau required
   15     | -1614.0930902574 |   2.7948e-09   |    1.3519     |    0.2267
Density calculation took 0.536995s
Tau required
   16     | -1614.0930902580 |   9.4499e-10   |    1.3548     |    0.2260
Density calculation took 0.536757s
Tau required
   17     | -1614.0930902582 |   7.7092e-11   |    1.3525     |    0.2265
Created 780584 / 2702736 significant shell pairs
Created 604710 / 2056356 significant shell pairs
Total number of grid points: 369479 (5773 per atom)
One electron integrals and orthogonalizer took 0.051091s
Created 604710 / 2056356 significant shell pairs
3C integrals and B formation took 2.002427s
Iteration |      Energy      |  DIIS Metric   | Fock Time (s) | DIIS Time (s)
----------+------------------+----------------+---------------+--------------
Density calculation took 0.541259s
Tau required
    1     | -1624.4970594770 |   9.9618e+02   |    1.5117     |    0.2563
Density calculation took 0.555687s
Tau required
    2     | -1613.2420780830 |   3.0793e+00   |    1.3810     |    0.2229
Density calculation took 0.534467s
Tau required
    3     | -1612.9232043661 |   4.3000e+00   |    1.3624     |    0.2311
Density calculation took 0.534569s
Tau required
    4     | -1613.9336166199 |   5.2013e-01   |    1.3591     |    0.2244
Density calculation took 0.535289s
Tau required
    5     | -1614.0508073944 |   1.4363e-01   |    1.3591     |    0.2332
Density calculation took 0.535162s
Tau required
    6     | -1614.0891337662 |   1.3991e-02   |    1.3592     |    0.2252
Density calculation took 0.535036s
Tau required
    7     | -1614.0919929659 |   4.1357e-03   |    1.3597     |    0.2344
Density calculation took 0.534925s
Tau required
    8     | -1614.0930127838 |   7.6058e-04   |    1.3584     |    0.2262
Density calculation took 0.535442s
Tau required
    9     | -1614.0932173950 |   7.5479e-05   |    1.3607     |    0.2261
Density calculation took 0.535463s
Tau required
   10     | -1614.0932379564 |   9.6929e-06   |    1.3606     |    0.2270
Density calculation took 0.535171s
Tau required
   11     | -1614.0932402027 |   2.6752e-06   |    1.3578     |    0.2274
Density calculation took 0.535447s
Tau required
   12     | -1614.0932409234 |   3.4504e-07   |    1.3582     |    0.2268
Density calculation took 0.534945s
Tau required
   13     | -1614.0932409968 |   8.8889e-08   |    1.3594     |    0.2265
Density calculation took 0.535176s
Tau required
   14     | -1614.0932410204 |   7.0887e-09   |    1.3582     |    0.2266
Density calculation took 0.535141s
Tau required
   15     | -1614.0932410207 |   6.1544e-09   |    1.3599     |    0.2261
Density calculation took 0.535349s
Tau required
   16     | -1614.0932410224 |   5.2366e-10   |    1.3590     |    0.2262
Density calculation took 0.534898s
Tau required
   17     | -1614.0932410225 |   9.6544e-11   |    1.3602     |    0.2263
Created 803991 / 2702736 significant shell pairs
Created 621508 / 2056356 significant shell pairs
Total number of grid points: 369114 (5767 per atom)
One electron integrals and orthogonalizer took 0.050245s
Created 621508 / 2056356 significant shell pairs
3C integrals and B formation took 2.010851s
Iteration |      Energy      |  DIIS Metric   | Fock Time (s) | DIIS Time (s)
----------+------------------+----------------+---------------+--------------
Density calculation took 0.548704s
Tau required
    1     | -1624.5260567561 |   1.0039e+03   |    1.5233     |    0.2569
Density calculation took 0.560557s
Tau required
    2     | -1613.2420209875 |   3.1180e+00   |    1.3697     |    0.2279
Density calculation took 0.540208s
Tau required
    3     | -1612.8104018897 |   4.7606e+00   |    1.3468     |    0.2325
Density calculation took 0.540018s
Tau required
    4     | -1613.8671684783 |   8.2030e-01   |    1.3492     |    0.2254
Density calculation took 0.540476s
Tau required
    5     | -1614.0601494793 |   1.5731e-01   |    1.3460     |    0.2339
Density calculation took 0.540947s
Tau required
    6     | -1614.0985908713 |   1.5619e-02   |    1.3459     |    0.2328
Density calculation took 0.540790s
Tau required
    7     | -1614.1018275475 |   3.9430e-03   |    1.3465     |    0.2344
Density calculation took 0.540566s
Tau required
    8     | -1614.1027215120 |   1.0675e-03   |    1.3490     |    0.2268
Density calculation took 0.540840s
Tau required
    9     | -1614.1030371860 |   8.9776e-05   |    1.3478     |    0.2280
Density calculation took 0.540298s
Tau required
   10     | -1614.1030609969 |   1.0849e-05   |    1.3463     |    0.2276
Density calculation took 0.541561s
Tau required
   11     | -1614.1030629509 |   3.7844e-06   |    1.3479     |    0.2263
Density calculation took 0.540144s
Tau required
   12     | -1614.1030639315 |   4.5787e-07   |    1.3499     |    0.2258
Density calculation took 0.541369s
Tau required
   13     | -1614.1030640291 |   1.3784e-07   |    1.3473     |    0.2259
Density calculation took 0.540403s
Tau required
   14     | -1614.1030640691 |   1.0783e-08   |    1.3474     |    0.2255
Density calculation took 0.541194s
Tau required
   15     | -1614.1030640699 |   8.5782e-09   |    1.3478     |    0.2271
Density calculation took 0.540458s
Tau required
   16     | -1614.1030640721 |   1.0218e-09   |    1.3501     |    0.2261
Density calculation took 0.541199s
Tau required
   17     | -1614.1030640724 |   1.4686e-10   |    1.3459     |    0.2257
Density calculation took 0.540469s
Tau required
   18     | -1614.1030640724 |   3.3600e-11   |    1.3488     |    0.2257
Created 829153 / 2702736 significant shell pairs
Created 640422 / 2056356 significant shell pairs
Total number of grid points: 369586 (5774 per atom)
One electron integrals and orthogonalizer took 0.056317s
Created 640422 / 2056356 significant shell pairs
3C integrals and B formation took 2.061189s
Iteration |      Energy      |  DIIS Metric   | Fock Time (s) | DIIS Time (s)
----------+------------------+----------------+---------------+--------------
Density calculation took 0.545617s
Tau required
    1     | -1624.5402909827 |   1.0087e+03   |    1.5319     |    0.2562
Density calculation took 0.557682s
Tau required
    2     | -1613.2395151507 |   3.1282e+00   |    1.3565     |    0.2233
Density calculation took 0.536795s
Tau required
    3     | -1612.7602726695 |   4.9437e+00   |    1.3358     |    0.2310
Density calculation took 0.536441s
Tau required
    4     | -1613.8221488954 |   9.7834e-01   |    1.3350     |    0.2240
Density calculation took 0.537212s
Tau required
    5     | -1614.0649004318 |   1.3897e-01   |    1.3350     |    0.2319
Density calculation took 0.536978s
Tau required
    6     | -1614.0974569111 |   1.8936e-02   |    1.3353     |    0.2250
Density calculation took 0.537691s
Tau required
    7     | -1614.1010818816 |   5.9620e-03   |    1.3357     |    0.2335
Density calculation took 0.536694s
Tau required
    8     | -1614.1025643958 |   1.0845e-03   |    1.3342     |    0.2265
Density calculation took 0.536921s
Tau required
    9     | -1614.1028479449 |   1.1086e-04   |    1.3355     |    0.2254
Density calculation took 0.537563s
Tau required
   10     | -1614.1028769938 |   1.0730e-05   |    1.3357     |    0.2261
Density calculation took 0.536574s
Tau required
   11     | -1614.1028789278 |   3.9984e-06   |    1.3354     |    0.2260
Density calculation took 0.537632s
Tau required
   12     | -1614.1028799338 |   6.1926e-07   |    1.3384     |    0.2256
Density calculation took 0.536848s
Tau required
   13     | -1614.1028800811 |   1.5741e-07   |    1.3354     |    0.2262
Density calculation took 0.537103s
Tau required
   14     | -1614.1028801287 |   9.2790e-09   |    1.3350     |    0.2259
Density calculation took 0.536936s
Tau required
   15     | -1614.1028801287 |   9.4380e-09   |    1.3347     |    0.2262
Density calculation took 0.537315s
Tau required
   16     | -1614.1028801311 |   1.0229e-09   |    1.3356     |    0.2251
Density calculation took 0.536865s
Tau required
   17     | -1614.1028801314 |   1.2359e-10   |    1.3366     |    0.2259
Density calculation took 0.537607s
Tau required
   18     | -1614.1028801314 |   2.3723e-11   |    1.3345     |    0.2313
Created 788216 / 2702736 significant shell pairs
Created 610553 / 2056356 significant shell pairs
Total number of grid points: 369676 (5776 per atom)
One electron integrals and orthogonalizer took 0.049972s
Created 610553 / 2056356 significant shell pairs
3C integrals and B formation took 2.004927s
Iteration |      Energy      |  DIIS Metric   | Fock Time (s) | DIIS Time (s)
----------+------------------+----------------+---------------+--------------
Density calculation took 0.590658s
Tau required
    1     | -1624.5013989054 |   9.9561e+02   |    1.5151     |    0.2579
Density calculation took 0.556437s
Tau required
    2     | -1613.2521064315 |   3.0722e+00   |    1.3833     |    0.2244
Density calculation took 0.536133s
Tau required
    3     | -1612.9145243723 |   4.3104e+00   |    1.3621     |    0.2315
Density calculation took 0.536721s
Tau required
    4     | -1613.9073683166 |   6.4050e-01   |    1.3594     |    0.2245
Density calculation took 0.536661s
Tau required
    5     | -1614.0669595313 |   1.2880e-01   |    1.3622     |    0.2342
Density calculation took 0.536653s
Tau required
    6     | -1614.0993205209 |   1.5207e-02   |    1.3604     |    0.2267
Density calculation took 0.537003s
Tau required
    7     | -1614.1023838268 |   4.3995e-03   |    1.3607     |    0.2354
Density calculation took 0.536964s
Tau required
    8     | -1614.1034835900 |   8.3718e-04   |    1.3617     |    0.2276
Density calculation took 0.536832s
Tau required
    9     | -1614.1037087716 |   9.0500e-05   |    1.3639     |    0.2281
Density calculation took 0.536969s
Tau required
   10     | -1614.1037331410 |   1.0613e-05   |    1.3615     |    0.2279
Density calculation took 0.536894s
Tau required
   11     | -1614.1037355814 |   2.4957e-06   |    1.3622     |    0.2278
Density calculation took 0.537068s
Tau required
   12     | -1614.1037361723 |   5.0529e-07   |    1.3602     |    0.2271
Density calculation took 0.536955s
Tau required
   13     | -1614.1037362844 |   1.3559e-07   |    1.3615     |    0.2265
Density calculation took 0.536951s
Tau required
   14     | -1614.1037363240 |   6.8645e-09   |    1.3615     |    0.2283
Density calculation took 0.537121s
Tau required
   15     | -1614.1037363247 |   4.8029e-09   |    1.3597     |    0.2329
Density calculation took 0.537161s
Tau required
   16     | -1614.1037363259 |   6.8136e-10   |    1.3594     |    0.2281
Density calculation took 0.536909s
Tau required
   17     | -1614.1037363261 |   9.6518e-11   |    1.3628     |    0.2281
Please cite the following papers for the methods used in this calculation:
 - J.L. Galvez Vallejo et. al., Toward an extreme-scale electronic structure system, J. Chem. Phys., 2023. DOI: 10.1063/5.0156399

 - R. Stocks, E. Palethorpe, and G.M.J. Barca, Multi-GPU RI-HF Energies and Analytic Gradients ─ Toward High-Throughput Ab Initio Molecular Dynamics, J. Chem. Theory Comput., 2024. DOI: 10.1021/acs.jctc.4c00877
   For:
     * RI-HF energy

 - S. Lehtola, C. Steigemann, M.J.T. Oliveira, and M.A.L. Marques, Recent developments in Libxc: A comprehensive library of functionals for density functional theory, SoftwareX, 2018. DOI: 10.1016/j.softx.2017.11.002
   For:
     * LibXC version 6.2.0

 - D.B. Williams-Young, W.A. de Jong, H.J.J. van Dam, and C. Yang, On the Efficient Evaluation of the Exchange Correlation Potential on Graphics Processing Unit Clusters, Frontiers in Chemistry, 2020. DOI: 10.3389/fchem.2020.581058
   For:
     * ExchCXX GPU implementation of exchange-correlation functionals

 - R. Stocks and G.M.J. Barca, Efficient Algorithms for GPU Accelerated Evaluation of the DFT Exchange-Correlation Functional, J. Chem. Theory Comput., 2025. DOI: 10.1021/acs.jctc.5c01229
   For:
     * GPU accelerated DFT exchange-correlation evaluation

 - R. Peverati and D. G. Truhlar.,  J. Phys. Chem. Lett. 3, 117 (2012) DOI: 10.1021/jz201525m
   For:
     * MGGA_X_M11_L XC Functional
     * MGGA_C_M11_L XC Functional

[CRAYBLAS_WARNING] Application linked against multiple cray-libsci libraries
