Total number of grid points: 323153 (5049 per atom)
Total number of grid points: 322089 (5032 per atom)
Total number of grid points: 319316 (4989 per atom)
Total number of grid points: 324416 (5069 per atom)
Total number of grid points: 319324 (4989 per atom)
Total number of grid points: 321849 (5028 per atom)
Total number of grid points: 322701 (5042 per atom)
Total number of grid points: 327253 (5113 per atom)
Total number of grid points: 323444 (5053 per atom)
Total number of grid points: 327597 (5118 per atom)
Total number of grid points: 325259 (5082 per atom)
Total number of grid points: 322802 (5043 per atom)
Total number of grid points: 328066 (5126 per atom)
Total number of grid points: 323245 (5050 per atom)
Total number of grid points: 329253 (5144 per atom)
Total number of grid points: 325170 (5080 per atom)
Total number of grid points: 321280 (5020 per atom)
Total number of grid points: 323860 (5060 per atom)
Total number of grid points: 324862 (5075 per atom)
Total number of grid points: 326996 (5109 per atom)
[CRAYBLAS_WARNING] Application linked against multiple cray-libsci libraries
4453
   10     | -1614.1867204028 |   1.2074e-05   |    0.9888     |    0.2879
   11     | -1614.1867243446 |   8.2334e-07   |    1.3217     |    0.4165
   12     | -1614.1867245406 |   2.1066e-07   |    1.2569     |    0.4131
   13     | -1614.1867245852 |   5.2228e-08   |    1.3871     |    0.2848
   14     | -1614.1867245974 |   1.1382e-08   |    1.2235     |    0.3647
   15     | -1614.1867246007 |   7.4513e-10   |    1.2293     |    0.2866
   16     | -1614.1867246004 |   1.4927e-09   |    1.6629     |    0.2881
   17     | -1614.1867246008 |   2.2125e-10   |    1.5263     |    0.4617
   18     | -1614.1867246009 |   4.4389e-11   |    1.4458     |    0.4002
Created 661758 / 2702736 significant shell pairs
Created 512853 / 2056356 significant shell pairs
Total number of grid points: 323022 (5047 per atom)
One electron integrals and orthogonalizer took 0.136020s
Created 512853 / 2056356 significant shell pairs
3C integrals and B formation took 2.642305s
Iteration |      Energy      |  DIIS Metric   | Fock Time (s) | DIIS Time (s)
----------+------------------+----------------+---------------+--------------
    1     | -1624.1901371454 |   9.9223e+02   |    2.0482     |    0.8622
    2     | -1613.2729992292 |   3.2967e+00   |    2.0507     |    0.8663
    3     | -1612.9104885164 |   4.7130e+00   |    2.0570     |    0.7419
    4     | -1614.1395449803 |   1.4196e-01   |    1.7343     |    0.8652
    5     | -1614.1629663700 |   5.7265e-02   |    1.7334     |    0.7421
    6     | -1614.1774342714 |   6.6889e-03   |    2.0596     |    0.8719
    7     | -1614.1790194756 |   1.2999e-03   |    2.0504     |    0.7422
    8     | -1614.1792861774 |   4.6284e-04   |    2.0592     |    0.4177
    9     | -1614.1794109405 |   3.9179e-05   |    1.7346     |    0.5405
   10     | -1614.1794193002 |   1.2525e-05   |    1.7329     |    0.4176
   11     | -1614.1794227765 |   8.4091e-07   |    2.0593     |    0.5479
   12     | -1614.1794229606 |   1.8143e-07   |    2.0504     |    0.4180
   13     | -1614.1794230011 |   4.2560e-08   |    2.0596     |    0.4169
   14     | -1614.1794230122 |   5.1733e-09   |    1.7343     |    0.5410
   15     | -1614.1794230135 |   4.6786e-10   |    1.7334     |    0.5412
   16     | -1614.1794230133 |   1.0150e-09   |    2.0586     |    0.5474
   17     | -1614.1794230136 |   1.1347e-10   |    2.0504     |    0.5412
   18     | -1614.1794230136 |   3.1339e-11   |    2.0580     |    0.5412
Created 688705 / 2702736 significant shell pairs
Created 533619 / 2056356 significant shell pairs
Total number of grid points: 322206 (5034 per atom)
One electron integrals and orthogonalizer took 0.135862s
Created 533619 / 2056356 significant shell pairs
3C integrals and B formation took 2.934658s
Iteration |      Energy      |  DIIS Metric   | Fock Time (s) | DIIS Time (s)
----------+------------------+----------------+---------------+--------------
    1     | -1624.1840591647 |   9.9491e+02   |    2.0373     |    0.6284
    2     | -1613.2560061485 |   3.2903e+00   |    1.9870     |    0.4888
    3     | -1612.8676976463 |   4.7889e+00   |    2.0577     |    0.4171
    4     | -1614.0978353144 |   2.2006e-01   |    1.7345     |    0.5406
    5     | -1614.1356366030 |   8.9957e-02   |    1.7331     |    0.5410
    6     | -1614.1598713019 |   7.5587e-03   |    2.0582     |    0.6288
    7     | -1614.1615171681 |   1.3507e-03   |    1.9882     |    0.4877
    8     | -1614.1617537612 |   5.4980e-04   |    2.0586     |    0.5412
    9     | -1614.1619008801 |   3.9176e-05   |    1.7329     |    0.5416
   10     | -1614.1619098177 |   1.1192e-05   |    1.7329     |    0.4178
   11     | -1614.1619131843 |   9.5526e-07   |    2.0591     |    0.5479
   12     | -1614.1619134017 |   2.3110e-07   |    2.0701     |    0.3650
   13     | -1614.1619134538 |   6.2456e-08   |    2.0594     |    0.4173
   14     | -1614.1619134692 |   9.0004e-09   |    1.7345     |    0.5413
   15     | -1614.1619134714 |   1.3493e-09   |    1.7331     |    0.4177
   16     | -1614.1619134714 |   1.6789e-09   |    2.0590     |    0.5480
   17     | -1614.1619134718 |   1.2397e-10   |    2.0697     |    0.4883
   18     | -1614.1619134718 |   8.6231e-11   |    2.0585     |    0.4172
Created 658824 / 2702736 significant shell pairs
Created 510042 / 2056356 significant shell pairs
Total number of grid points: 319958 (4999 per atom)
One electron integrals and orthogonalizer took 0.210555s
Created 510042 / 2056356 significant shell pairs
3C integrals and B formation took 2.612865s
Iteration |      Energy      |  DIIS Metric   | Fock Time (s) | DIIS Time (s)
----------+------------------+----------------+---------------+--------------
    1     | -1624.1994258227 |   9.9414e+02   |    2.0390     |    0.8719
    2     | -1613.2747993795 |   3.3012e+00   |    2.0503     |    0.8670
    3     | -1612.9105257322 |   4.7305e+00   |    2.0571     |    0.7414
    4     | -1614.1437929477 |   1.3513e-01   |    1.7335     |    0.8653
    5     | -1614.1654946493 |   5.7218e-02   |    1.7318     |    0.8664
    6     | -1614.1800588795 |   4.4749e-03   |    2.0578     |    0.8722
    7     | -1614.1810383046 |   1.1950e-03   |    2.0505     |    0.8651
    8     | -1614.1813342036 |   2.5922e-04   |    2.0583     |    0.5413
    9     | -1614.1814031117 |   1.6448e-05   |    1.7334     |    0.5412
   10     | -1614.1814059778 |   6.2837e-06   |    1.7313     |    0.4175
   11     | -1614.1814076284 |   4.2483e-07   |    2.0596     |    0.5481
   12     | -1614.1814076953 |   1.8338e-07   |    2.0503     |    0.5412
   13     | -1614.1814077374 |   3.7942e-08   |    2.0582     |    0.5424
   14     | -1614.1814077462 |   7.1426e-09   |    1.7302     |    0.4174
   15     | -1614.1814077481 |   4.7947e-10   |    1.7319     |    0.4183
   16     | -1614.1814077479 |   1.2594e-09   |    2.0591     |    0.5481
   17     | -1614.1814077483 |   1.5012e-10   |    2.0504     |    0.5416
   18     | -1614.1814077483 |   2.1237e-11   |    2.0579     |    0.4178
Created 652334 / 2702736 significant shell pairs
Created 504585 / 2056356 significant shell pairs
Total number of grid points: 326552 (5102 per atom)
One electron integrals and orthogonalizer took 0.210259s
Created 504585 / 2056356 significant shell pairs
3C integrals and B formation took 2.939835s
Iteration |      Energy      |  DIIS Metric   | Fock Time (s) | DIIS Time (s)
----------+------------------+----------------+---------------+--------------
    1     | -1624.1970175068 |   9.9343e+02   |    2.0382     |    0.6292
    2     | -1613.2744656306 |   3.3054e+00   |    1.9696     |    0.5409
    3     | -1612.9196132785 |   4.7101e+00   |    2.0571     |    0.4172
    4     | -1614.1485144971 |   1.1768e-01   |    1.6890     |    0.5705
    5     | -1614.1680789566 |   4.7422e-02   |    1.6872     |    0.5706
    6     | -1614.1796630230 |   4.2025e-03   |    2.0324     |    0.5726
    7     | -1614.1804090677 |   1.6107e-03   |    2.0504     |    0.5409
    8     | -1614.1808015914 |   3.8930e-04   |    2.0582     |    0.5415
    9     | -1614.1809102396 |   2.7028e-05   |    1.6867     |    0.4468
   10     | -1614.1809160085 |   8.7388e-06   |    1.7090     |    0.5658
   11     | -1614.1809183259 |   5.5387e-07   |    2.0131     |    0.5772
   12     | -1614.1809184255 |   1.9116e-07   |    2.0500     |    0.5415
   13     | -1614.1809184727 |   2.5928e-08   |    2.0579     |    0.5412
   14     | -1614.1809184791 |   4.4182e-09   |    1.6866     |    0.5700
   15     | -1614.1809184803 |   4.1481e-10   |    1.6883     |    0.5705
   16     | -1614.1809184801 |   8.4186e-10   |    2.0134     |    0.5771
   17     | -1614.1809184803 |   1.6614e-10   |    2.0502     |    0.4179
   18     | -1614.1809184804 |   1.9297e-11   |    2.0592     |    0.5412
Created 628726 / 2702736 significant shell pairs
Created 485951 / 2056356 significant shell pairs
Total number of grid points: 321127 (5017 per atom)
One electron integrals and orthogonalizer took 0.210198s
Created 485951 / 2056356 significant shell pairs
3C integrals and B formation took 2.614078s
Iteration |      Energy      |  DIIS Metric   | Fock Time (s) | DIIS Time (s)
----------+------------------+----------------+---------------+--------------
    1     | -1624.1858544059 |   9.8946e+02   |    2.0401     |    0.6286
    2     | -1613.2807171234 |   3.3103e+00   |    1.9234     |    0.5711
    3     | -1612.9323369931 |   4.6780e+00   |    2.0123     |    0.5701
    4     | -1614.1546609443 |   1.2005e-01   |    1.6832     |    0.5703
    5     | -1614.1754104967 |   4.6718e-02   |    1.6813     |    0.4464
    6     | -1614.1869824957 |   3.3644e-03   |    2.0094     |    0.5771
    7     | -1614.1875694159 |   1.2584e-03   |    2.0040     |    0.5694
    8     | -1614.1878693056 |   3.2884e-04   |    2.0137     |    0.5701
    9     | -1614.1879691013 |   3.0818e-05   |    1.6832     |    0.5701
   10     | -1614.1879765402 |   9.7577e-06   |    1.6824     |    0.5701
   11     | -1614.1879792837 |   6.7203e-07   |    2.0068     |    0.5770
   12     | -1614.1879794079 |   2.3137e-07   |    2.0046     |    0.4468
   13     | -1614.1879794634 |   3.9567e-08   |    2.0145     |    0.4465
   14     | -1614.1879794730 |   8.2398e-09   |    1.6849     |    0.5704
   15     | -1614.1879794753 |   8.4199e-10   |    1.6828     |    0.4469
   16     | -1614.1879794750 |   1.6472e-09   |    2.0088     |    0.5771
   17     | -1614.1879794754 |   3.0142e-10   |    2.0245     |    0.4423
   18     | -1614.1879794755 |   5.0758e-11   |    2.0132     |    0.4467
Created 629059 / 2702736 significant shell pairs
Created 486068 / 2056356 significant shell pairs
Total number of grid points: 324432 (5069 per atom)
One electron integrals and orthogonalizer took 0.210033s
Created 486068 / 2056356 significant shell pairs
3C integrals and B formation took 2.938335s
Iteration |      Energy      |  DIIS Metric   | Fock Time (s) | DIIS Time (s)
----------+------------------+----------------+---------------+--------------
    1     | -1624.1862710846 |   9.8948e+02   |    1.9930     |    0.6582
    2     | -1613.2811993674 |   3.3118e+00   |    1.9439     |    0.5664
    3     | -1612.9319678077 |   4.6831e+00   |    2.0569     |    0.4174
    4     | -1614.1553888769 |   1.1994e-01   |    1.6807     |    0.5700
    5     | -1614.1761228161 |   4.6661e-02   |    1.6800     |    0.4460
    6     | -1614.1878203672 |   3.2967e-03   |    2.0084     |    0.5771
    7     | -1614.1884507640 |   1.0700e-03   |    2.0046     |    0.4460
    8     | -1614.1887168298 |   2.1400e-04   |    2.0125     |    0.4467
    9     | -1614.1887749384 |   2.2832e-05   |    1.6814     |    0.5701
   10     | -1614.1887792838 |   9.6719e-06   |    1.6806     |    0.4465
   11     | -1614.1887821269 |   6.9878e-07   |    2.0077     |    0.5770
   12     | -1614.1887822708 |   2.2164e-07   |    2.0051     |    0.4466
   13     | -1614.1887823285 |   2.6537e-08   |    2.0121     |    0.4465
   14     | -1614.1887823346 |   6.2741e-09   |    1.6802     |    0.4468
   15     | -1614.1887823363 |   8.6296e-10   |    1.6823     |    0.4467
   16     | -1614.1887823361 |   1.2839e-09   |    2.0084     |    0.5771
   17     | -1614.1887823365 |   2.2626e-10   |    2.0054     |    0.4464
   18     | -1614.1887823365 |   2.8618e-11   |    2.0123     |    0.4466
Created 657193 / 2702736 significant shell pairs
Created 508824 / 2056356 significant shell pairs
Total number of grid points: 317670 (4963 per atom)
One electron integrals and orthogonalizer took 0.136306s
Created 508824 / 2056356 significant shell pairs
3C integrals and B formation took 2.939180s
Iteration |      Energy      |  DIIS Metric   | Fock Time (s) | DIIS Time (s)
----------+------------------+----------------+---------------+--------------
    1     | -1624.1976542593 |   9.9352e+02   |    2.0399     |    0.6283
    2     | -1613.2745309253 |   3.3061e+00   |    1.9677     |    0.5412
    3     | -1612.9173118310 |   4.7153e+00   |    2.0116     |    0.4469
    4     | -1614.1473943520 |   1.2029e-01   |    1.6868     |    0.4468
    5     | -1614.1662017198 |   5.2690e-02   |    1.6867     |    0.4466
    6     | -1614.1793187648 |   5.8593e-03   |    2.0130     |    0.5770
    7     | -1614.1806172435 |   1.5795e-03   |    2.0479     |    0.4188
    8     | -1614.1810037143 |   3.8639e-04   |    2.0340     |    0.4424
    9     | -1614.1811080541 |   3.4934e-05   |    1.6869     |    0.5701
   10     | -1614.1811157570 |   1.0810e-05   |    1.6856     |    0.4462
   11     | -1614.1811187088 |   6.2068e-07   |    2.0115     |    0.5770
   12     | -1614.1811188299 |   1.8277e-07   |    2.0488     |    0.5408
   13     | -1614.1811188739 |   2.7382e-08   |    2.0557     |    0.4185
   14     | -1614.1811188804 |   4.9274e-09   |    1.6859     |    0.4468
   15     | -1614.1811188817 |   4.7630e-10   |    1.6865     |    0.4467
   16     | -1614.1811188815 |   1.0025e-09   |    2.0129     |    0.5771
   17     | -1614.1811188818 |   1.6369e-10   |    2.0484     |    0.5413
   18     | -1614.1811188818 |   2.0956e-11   |    2.0564     |    0.4178
Created 684123 / 2702736 significant shell pairs
Created 529577 / 2056356 significant shell pairs
Total number of grid points: 320902 (5014 per atom)
One electron integrals and orthogonalizer took 0.295314s
Created 529577 / 2056356 significant shell pairs
3C integrals and B formation took 2.773237s
Iteration |      Energy      |  DIIS Metric   | Fock Time (s) | DIIS Time (s)
----------+------------------+----------------+---------------+--------------
    1     | -1624.1940796972 |   9.9652e+02   |    2.0378     |    0.6288
    2     | -1613.2591790947 |   3.2984e+00   |    1.9695     |    0.5403
    3     | -1612.8844671071 |   4.7633e+00   |    2.0577     |    0.4176
    4     | -1614.1164024823 |   1.6957e-01   |    1.7344     |    0.5402
    5     | -1614.1420371328 |   7.9286e-02   |    1.7329     |    0.4176
    6     | -1614.1629032652 |   6.6853e-03   |    2.0591     |    0.5470
    7     | -1614.1644432324 |   1.1030e-03   |    2.0503     |    0.4175
    8     | -1614.1646713920 |   3.2920e-04   |    2.0595     |    0.5410
    9     | -1614.1647613481 |   1.9150e-05   |    1.7335     |    0.5403
   10     | -1614.1647641313 |   9.4592e-06   |    1.7331     |    0.5413
   11     | -1614.1647667092 |   6.9274e-07   |    2.0580     |    0.5482
   12     | -1614.1647668608 |   2.0398e-07   |    2.0503     |    0.5413
   13     | -1614.1647669091=======================================================
          GGA_X_B88+GGA_C_PW91 Energy Results          
=======================================================
E GGA_X_B88+GGA_C_PW91: -1614.16476692
Nuclear Repulsion Energy: 4286.39962936
Electronic Energy:        -5663.73657092
XC Energy:                -236.827825
Converged:      Created 669399 / 2702736 significant shell pairs
Created 518227 / 2056356 significant shell pairs
Total number of grid points: 323041 (5047 per atom)
One electron integrals and orthogonalizer took 0.295680s
Created 518227 / 2056356 significant shell pairs
3C integrals and B formation took 2.773220s
Iteration |      Energy      |  DIIS Metric   | Fock Time (s) | DIIS Time (s)
----------+------------------+----------------+---------------+--------------
    1     | -1624.1986019912 |   9.9472e+02   |    2.0386     |    0.6286
    2     | -1613.2717510607 |   3.3211e+00   |    1.9691     |    0.5404
    3     | -1612.8930378390 |   4.7994e+00   |    2.0581     |    0.5405
    4     | -1614.1332009905 |   1.6346e-01   |    1.7336     |    0.4164
    5     | -1614.1540415351 |   9.3370e-02   |    1.7342     |    0.4174
    6     | -1614.1793721370 |   6.1496e-03   |    2.0592     |    0.5472
    7     | -1614.1806976913=======================================================
          GGA_X_B88+GGA_C_PW91 Energy Results          
=======================================================
E GGA_X_B88+GGA_C_PW91: -1614.18111888
Nuclear Repulsion Energy: 4245.69877145
Electronic Energy:        -5623.0495774
XC Energy:                -236.830313
Converged:                1
# of SCF iterations:      18
SCF Time:                 48.543s

=======================================================
            Individual Calculation Summary             
=======================================================
HF Energy: -1614.1811188789708922
=======================================================


Topology 9 time: 48.761827 s, performance: SP: 0 FLOP/s, DP: 292.7 GFLOP/s
JSON file written to: json_logs/lustre_orion_chm213_scratch_ryan_dhdft_inputs_exess_exess_inputs_BPW91_def2-Created 626869 / 2702736 significant shell pairs
Created 484359 / 2056356 significant shell pairs
Total number of grid points: 320476 (5007 per atom)
One electron integrals and orthogonalizer took 0.134965s
Created 484359 / 2056356 significant shell pairs
3C integrals and B formation took 2.937627s
Iteration |      Energy      |  DIIS Metric   | Fock Time (s) | DIIS Time (s)
----------+------------------+-=======================================================
          GGA_X_B88+GGA_C_PW91 Energy Results          
=======================================================
E GGA_X_B88+GGA_C_PW91: -1614.19148898
Nuclear Repulsion Energy: 4099.74898877
Electronic Energy:        -5477.11554727
XC Energy:                -236.824930
Converged:                1
# of SCF iterations:      18
SCF Time:                 48.551s

=======================================================
            Individual Calculation Summary             
=======================================================
HF Energy: -1614.1914889799652428
=======================================================


Topology 10 time: 48.760658 s, performance: SP: 0 FLOP/s, DP: 275.5 GFLOP/s
JSON file written to: json_logs/lustre_orion_chm213_scratch_ryan_dhdft_inputs_exess_exess_inputs_BPW91_def2-TZVP_isomers_17940-17959_topology_10.json
************************************************************
**************** Running topology 12 of 20 *****************
************************************************************

************************************************************
********* Beginning RI-GGA_X_B88+GGA_C_PW91 energy *********
************************************************************

=======================================================
          GGA_X_B88+GGA_C_PW91 Energy Results          
=======================================================
E GGA_X_B88+GGA_C_PW91: -1614.18735295
Nuclear Repulsion Energy: 4077.25638995
Electronic Energy:        -5454.62420601
XC Energy:                -236.819537
Converged:                1
# of SCF iterations:      18
SCF Time:                 48.555s

=======================================================
            Individual Calculation Summary             
=======================================================
HF Energy: -1614.1873529511967718
=======================================================


Topology 11 time: 48.764202 s, performance: SP: 0 FLOP/s, DP: 273.4 GFLOP/s
JSON file written to: json_logs/lustre_orion_chm213_scratch_ryan_dhdft_inputs_exess_exess_inputs_BPW91_def2-TZVP_isomers_17940-17959_topology_11.json
************************************************************
**************** Running topology 13 of 20 *****************
************************************************************

************************************************************
********* Beginning RI-GGA_X_B88+GGA_C_PW91 energy *********
************************************************************

=======================================================
          GGA_X_B88+GGA_C_PW91 Energy Results          
=======================================================
E GGA_X_B88+GGA_C_PW91: -1614.17867463
Nuclear Repulsion Energy: 4122.37094197
Electronic Energy:        -5499.7262118
XC Energy:                -236.823405
Converged:                1
# of SCF iterations:      18
SCF Time:                 48.544s

=======================================================
            Individual Calculation Summary             
=======================================================
HF Energy: -1614.1786746332827533
=======================================================


Topology 12 time: 48.762198 s, performance: SP: 0 FLOP/s, DP: 278.7 GFLOP/s
JSON file written to: json_logs/lustre_orion_chm213_scratch_ryan_dhdft_inputs_exess_exess_inputs_BPW91_def2-TZVP_isomers_17940-17959_topology_12.json
************************************************************
**************** Running topology 14 of 20 *****************
************************************************************

************************************************************
********* Beginning RI-GGA_X_B88+GGA_C_PW91 energy *********
************************************************************

=======================================================
          GGA_X_B88+GGA_C_PW91 Energy Results          
=======================================================
E GGA_X_B88+GGA_C_PW91: -1614.18859852
Nuclear Repulsion Energy: 4124.81330431
Electronic Energy:        -5502.18135633
XC Energy:                -236.820547
Converged:                1
# of SCF iterations:      18
SCF Time:                 48.542s

=======================================================
            Individual Calculation Summary             
=======================================================
HF Energy: -1614.1885985247206463
=======================================================


Topology 13 time: 48.762370 s, performance: SP: 0 FLOP/s, DP: 278.1 GFLOP/s
JSON file written to: json_logs/lustre_orion_chm213_scratch_ryan_dhdft_inputs_exess_exess_inputs_BPW91_def2-TZVP_isomers_17940-17959_topology_13.json
************************************************************
**************** Running topology 15 of 20 *****************
************************************************************

************************************************************
********* Beginning RI-GGA_X_B88+GGA_C_PW91 energy *********
************************************************************

=======================================================
          GGA_X_B88+GGA_C_PW91 Energy Results          
=======================================================
E GGA_X_B88+GGA_C_PW91: -1614.19716481
Nuclear Repulsion Energy: 4043.16176458
Electronic Energy:        -5420.54116049
XC Energy:                -236.817769
Converged:                1
# of SCF iterations:      18
SCF Time:                 48.547s

=======================================================
            Individual Calculation Summary             
=======================================================
HF Energy: -1614.1971648066032685
=======================================================


Topology 14 time: 48.756744 s, performance: SP: 0 FLOP/s, DP: 269 GFLOP/s
JSON file written to: json_logs/lustre_orion_chm213_scratch_ryan_dhdft_inputs_exess_exess_inputs_BPW91_def2-TZVP_isomers_17940-17959_topology_14.json
************************************************************
**************** Running topology 16 of 20 *****************
************************************************************

************************************************************
********* Beginning RI-GGA_X_B88+GGA_C_PW91 energy *********
************************************************************

=======================================================
          GGA_X_B88+GGA_C_PW91 Energy Results          
=======================================================
E GGA_X_B88+GGA_C_PW91: -1614.19797542
Nuclear Repulsion Energy: 4037.55324155
Electronic Energy:        -5414.92868647
XC Energy:                -236.822531
Converged:                1
# of SCF iterations:      18
SCF Time:                 46.593s

=======================================================
            Individual Calculation Summary             
=======================================================
HF Energy: -1614.1979754215412868
=======================================================


Topology 15 time: 46.806269 s, performance: SP: 0 FLOP/s, DP: 280.7 GFLOP/s
JSON file written to: json_logs/lustre_orion_chm213_scratch_ryan_dhdft_inputs_exess_exess_inputs_BPW91_def2-TZVP_isomers_17940-17959_topology_15.json
************************************************************
**************** Running topology 17 of 20 *****************
************************************************************

************************************************************
********* Beginning RI-GGA_X_B88+GGA_C_PW91 energy *********
************************************************************

=======================================================
          GGA_X_B88+GGA_C_PW91 Energy Results          
=======================================================
E GGA_X_B88+GGA_C_PW91: -1614.1889997
Nuclear Repulsion Energy: 4166.38491392
Electronic Energy:        -5543.74670072
XC Energy:                -236.827213
Converged:                1
# of SCF iterations:      18
SCF Time:                 48.539s

=======================================================
            Individual Calculation Summary             
=======================================================
HF Energy: -1614.1889996990205418
=======================================================


Topology 16 time: 48.763539 s, performance: SP: 0 FLOP/s, DP: 283.1 GFLOP/s
JSON file written to: json_logs/lustre_orion_chm213_scratch_ryan_dhdft_inputs_exess_exess_inputs_BPW91_def2-TZVP_isomers_17940-17959_topology_16.json
************************************************************
**************** Running topology 18 of 20 *****************
************************************************************

************************************************************
********* Beginning RI-GGA_X_B88+GGA_C_PW91 energy *********
************************************************************

=======================================================
          GGA_X_B88+GGA_C_PW91 Energy Results          
=======================================================
E GGA_X_B88+GGA_C_PW91: -1614.18881188
Nuclear Repulsion Energy: 4136.73442039
Electronic Energy:        -5514.09665992
XC Energy:                -236.826572
Converged:                1
# of SCF iterations:      18
SCF Time:                 48.534s

=======================================================
            Individual Calculation Summary             
=======================================================
HF Energy: -1614.1888118808997206
=======================================================


Topology 17 time: 48.758188 s, performance: SP: 0 FLOP/s, DP: 280.5 GFLOP/s
JSON file written to: json_logs/lustre_orion_chm213_scratch_ryan_dhdft_inputs_exess_exess_inputs_BPW91_def2-TZVP_isomers_17940-17959_topology_17.json
************************************************************
**************** Running topology 19 of 20 *****************
************************************************************

************************************************************
********* Beginning RI-GGA_X_B88+GGA_C_PW91 energy *********
************************************************************

=======================================================
          GGA_X_B88+GGA_C_PW91 Energy Results          
=======================================================
E GGA_X_B88+GGA_C_PW91: -1614.18800315
Nuclear Repulsion Energy: 4153.68665026
Electronic Energy:        -5531.04864014
XC Energy:                -236.826013
Converged:                1
# of SCF iterations:      18
SCF Time:                 48.534s

=======================================================
            Individual Calculation Summary             
=======================================================
HF Energy: -1614.1880031494190462
=======================================================


Topology 18 time: 48.759659 s, performance: SP: 0 FLOP/s, DP: 281.3 GFLOP/s
JSON file written to: json_logs/lustre_orion_chm213_scratch_ryan_dhdft_inputs_exess_exess_inputs_BPW91_def2-TZVP_isomers_17940-17959_topology_18.json
************************************************************
**************** Running topology 20 of 20 *****************
************************************************************

************************************************************
********* Beginning RI-GGA_X_B88+GGA_C_PW91 energy *********
************************************************************

=======================================================
          GGA_X_B88+GGA_C_PW91 Energy Results          
=======================================================
E GGA_X_B88+GGA_C_PW91: -1614.17244821
Nuclear Repulsion Energy: 4222.97409512
Electronic Energy:        -5600.32309379
XC Energy:                -236.823450
Converged:                1
# of SCF iterations:      17
SCF Time:                 45.925s

=======================================================
            Individual Calculation Summary             
=======================================================
HF Energy: -1614.1724482126965086
=======================================================


Topology 19 time: 46.161651 s, performance: SP: 0 FLOP/s, DP: 305.7 GFLOP/s
JSON file written to: json_logs/lustre_orion_chm213_scratch_ryan_dhdft_inputs_exess_exess_inputs_BPW91_def2-TZVP_isomers_17940-17959_topology_19.json
Total flops: SP: 0 FLOPS, DP: 275.51408 TFLOPS
Performance: SP: 0 FLOP/s, DP: 285.5 GFLOP/s

Now, a word from our sponsors... 
 Alles hat ein Ende, nur die Wurst hat zwei

[31mTotal processing time 965.463461 seconds[0m
[CRAYBLAS_WARNING] Application linked against multiple cray-libsci libraries
| -1613.2790078322 |   3.3181e+00   |    1.9677     |    0.5412
    3     | -1612.9157241867 |   4.7506e+00   |    2.0581     |    0.5408
    4     | -1614.1547677114 |   1.2436e-01   |    1.6851     |    0.5702
    5     | -1614.1745657246 |   5.1767e-02   |    1.6854     |    0.4467
    6     | -1614.1864932763 |   7.4203e-03   |    2.0116     |    0.5771
    7     | -1614.1882863595 |   1.6508e-03   |    2.0493     |    0.4178
    8     | -1614.1887057436 |   3.6176e-04   |    2.0580     |    0.5412
    9     | -1614.1888043327 |   2.5140e-05   |    1.6854     |    0.4468
   10     | -1614.1888096338 |   7.8572e-06   |    1.6872     |    0.5699
   11     | -1614.1888117167 |   5.6170e-07   |    2.0103     |    0.5770
   12     | -1614.1888118242 |   1.9455e-07   |    2.0500     |    0.5414
   13     | -1614.1888118738 |   2.3942e-08   |    2.0583     |    0.5404
   14     | -1614.1888118797 |   4.1215e-09   |    1.6843     |    0.4468
   15     | -1614.1888118808 |   3.6137e-10   |    1.6867     |    0.4468
   16     | -1614.1888118806 |   8.9878e-10   |    2.0118     |    0.5770
   17     | -1614.1888118809 |   1.6005e-10   |    2.0503     |    0.4176
   18     | -1614.1888118809 |   1.4341e-11   |    2.0594     |    0.4177
Created 640606 / 2702736 significant shell pairs
Created 495777 / 2056356 significant shell pairs
Total number of grid points: 322333 (5036 per atom)
One electron integrals and orthogonalizer took 0.166358s
Created 495777 / 2056356 significant shell pairs
3C integrals and B formation took 2.777134s
Iteration |      Energy      |  DIIS Metric   | Fock Time (s) | DIIS Time (s)
----------+------------------+----------------+---------------+--------------
    1     | -1624.1914778174 |   9.9065e+02   |    2.0397     |    0.6287
    2     | -1613.2786488570 |   3.3162e+00   |    1.9439     |    0.5668
    3     | -1612.9146487673 |   4.7493e+00   |    2.0310     |    0.5648
    4     | -1614.1531028130 |   1.2612e-01   |    1.6837     |    0.5700
    5     | -1614.1719163430 |   5.5923e-02   |    1.6879     |    0.4466
    6     | -1614.1848653939 |   9.7677e-03   |    2.0111     |    0.5769
    7     | -1614.1875180637 |   1.5108e-03   |    2.0249     |    0.5650
    8     | -1614.1878993375 |   3.5953e-04   |    2.0135     |    0.5701
    9     | -1614.1879953063 |   2.6679e-05   |    1.6855     |    0.5705
   10     | -1614.1880003620 |   9.6338e-06   |    1.6851     |    0.4464
   11     | -1614.1880029393 |   7.0593e-07   |    2.0134     |    0.5769
   12     | -1614.1880030951 |   1.9302e-07   |    2.0249     |    0.5655
   13     | -1614.1880031435 |   2.2134e-08   |    2.0138     |    0.5702
   14     | -1614.1880031486 |   3.0342e-09   |    1.6846     |    0.4468
   15     | -1614.1880031493 |   4.5127e-10   |    1.6878     |    0.4466
   16     | -1614.1880031491 |   1.1179e-09   |    2.0119     |    0.5770
   17     | -1614.1880031494 |   1.5100e-10   |    2.0251     |    0.5656
   18     | -1614.1880031494 |   1.3511e-11   |    2.0333     |    0.5655
Created 664425 / 2702736 significant shell pairs
Created 514680 / 2056356 significant shell pairs
Total number of grid points: 324816 (5075 per atom)
One electron integrals and orthogonalizer took 0.170982s
Created 514680 / 2056356 significant shell pairs
3C integrals and B formation took 2.773491s
Iteration |      Energy      |  DIIS Metric   | Fock Time (s) | DIIS Time (s)
----------+------------------+----------------+---------------+--------------
    1     | -1624.1862633344 |   9.9206e+02   |    2.0390     |    0.6285
    2     | -1613.2684819161 |   3.2865e+00   |    1.9695     |    0.5402
    3     | -1612.9081878538 |   4.6958e+00   |    2.0570     |    0.5409
    4     | -1614.1286147055 |   1.5643e-01   |    1.7076     |    0.5661
    5     | -1614.1510045535 |   7.1426e-02   |    1.7077     |    0.5650
    6     | -1614.1695381980 |   9.2318e-03   |    2.0572     |    0.5473
    7     | -1614.1720940166 |   1.0983e-03   |    2.0505     |    0.5406
    8     | -1614.1723432916 |   3.4893e-04   |    2.0585     |    0.5408
    9     | -1614.1724431121 |   1.7314e-05   |    1.7078     |    0.5655
   10     | -1614.1724458370 |   8.2545e-06   |    1.7083     |    0.5655
   11     | -1614.1724480080 |   6.9111e-07   |    2.0568     |    0.5484
   12     | -1614.1724481396 |   2.3655e-07   |    2.0501     |    0.5412
   13     | -1614.1724481963 |   5.7055e-08   |    2.0583     |    0.4173
   14     | -1614.1724482112 |   5.3854e-09   |    1.6894     |    0.5700
   15     | -1614.1724482126 |   3.8780e-10   |    1.6884     |    0.4466
   16     | -1614.1724482122 |   1.6146e-09   |    2.0581     |    0.5483
   17     | -1614.1724482127 |   7.5215e-11   |    2.0505     |    0.4175
Please cite the following papers for the methods used in this calculation:
 - J.L. Galvez Vallejo et. al., Toward an extreme-scale electronic structure system, J. Chem. Phys., 2023. DOI: 10.1063/5.0156399

 - R. Stocks, E. Palethorpe, and G.M.J. Barca, Multi-GPU RI-HF Energies and Analytic Gradients ─ Toward High-Throughput Ab Initio Molecular Dynamics, J. Chem. Theory Comput., 2024. DOI: 10.1021/acs.jctc.4c00877
   For:
     * RI-HF energy

 - D.B. Williams-Young, W.A. de Jong, H.J.J. van Dam, and C. Yang, On the Efficient Evaluation of the Exchange Correlation Potential on Graphics Processing Unit Clusters, Frontiers in Chemistry, 2020. DOI: 10.3389/fchem.2020.581058
   For:
     * GauXC implementation of exchange-correlation integration

 - R. Stocks and G.M.J. Barca, Efficient Algorithms for GPU Accelerated Evaluation of the DFT Exchange-Correlation Functional, J. Chem. Theory Comput., 2025. DOI: 10.1021/acs.jctc.5c01229
   For:
     * GPU accelerated DFT exchange-correlation evaluation

 - A. D. Becke.,  Phys. Rev. A 38, 3098 (1988) DOI: 10.1103/PhysRevA.38.3098
   For:
     * GGA_X_B88 XC Functional

 - J. P. Perdew. In P. Ziesche and H. Eschrig, editors, Proceedings of the 75. WE-Heraeus-Seminar and 21st Annual International Symposium on Electronic Structure of Solids, 11. Berlin, 1991. Akademie Verlag. DOI: 
   For:
     * GGA_C_PW91 XC Functional

[CRAYBLAS_WARNING] Application linked against multiple cray-libsci libraries
