Total number of grid points: 325197 (5081 per atom)
Total number of grid points: 323129 (5048 per atom)
Total number of grid points: 330117 (5158 per atom)
Total number of grid points: 325146 (5080 per atom)
Total number of grid points: 326934 (5108 per atom)
Total number of grid points: 323254 (5050 per atom)
Total number of grid points: 327005 (5109 per atom)
Total number of grid points: 324098 (5064 per atom)
Total number of grid points: 321979 (5030 per atom)
Total number of grid points: 326333 (5098 per atom)
Total number of grid points: 323569 (5055 per atom)
Total number of grid points: 320564 (5008 per atom)
Total number of grid points: 322851 (5044 per atom)
Total number of grid points: 317009 (4953 per atom)
Total number of grid points: 324938 (5077 per atom)
Total number of grid points: 321062 (5016 per atom)
Total number of grid points: 323029 (5047 per atom)
Total number of grid points: 324487 (5070 per atom)
Total number of grid points: 316622 (4947 per atom)
Total number of grid points: 329235 (5144 per atom)
[CRAYBLAS_WARNING] Application linked against multiple cray-libsci libraries
4876
   10     | -1614.1892162539 |   7.3279e-06   |    1.1937     |    0.4074
   11     | -1614.1892181373 |   7.6345e-07   |    1.2642     |    0.4887
   12     | -1614.1892182785 |   2.6076e-07   |    1.4188     |    0.3324
   13     | -1614.1892183452 |   3.1431e-08   |    1.3450     |    0.3396
   14     | -1614.1892183529 |   3.7274e-09   |    1.1757     |    0.3391
   15     | -1614.1892183538 |   5.9520e-10   |    1.1039     |    0.3089
   16     | -1614.1892183535 |   1.3435e-09   |    1.5455     |    0.3098
   17     | -1614.1892183539 |   1.3367e-10   |    1.4129     |    0.3387
   18     | -1614.1892183540 |   2.3153e-11   |    1.4338     |    0.3102
Created 639975 / 2702736 significant shell pairs
Created 495853 / 2056356 significant shell pairs
Total number of grid points: 325830 (5091 per atom)
One electron integrals and orthogonalizer took 0.087854s
Created 495853 / 2056356 significant shell pairs
3C integrals and B formation took 2.357069s
Iteration |      Energy      |  DIIS Metric   | Fock Time (s) | DIIS Time (s)
----------+------------------+----------------+---------------+--------------
    1     | -1624.1920921913 |   9.8824e+02   |    1.4930     |    0.5104
    2     | -1613.2875671028 |   3.3343e+00   |    1.3942     |    0.5875
    3     | -1612.9153302236 |   4.7973e+00   |    1.4419     |    0.6228
    4     | -1614.1628562568 |   1.3654e-01   |    1.4323     |    0.5421
    5     | -1614.1853870713 |   5.3749e-02   |    1.4581     |    0.5421
    6     | -1614.1985826998 |   5.5258e-03   |    1.4341     |    0.6228
    7     | -1614.1998901697 |   1.1943e-03   |    1.5299     |    0.6219
    8     | -1614.2001313691 |   4.3250e-04   |    1.4483     |    0.3914
    9     | -1614.2002561748 |   3.3892e-05   |    1.4593     |    0.4078
   10     | -1614.2002640954 |   9.6043e-06   |    1.4736     |    0.4079
   11     | -1614.2002667054 |   9.3858e-07   |    1.5696     |    0.3785
   12     | -1614.2002669117 |   2.4838e-07   |    1.5707     |    0.3918
   13     | -1614.2002669718 |   4.3998e-08   |    1.5555     |    0.3915
   14     | -1614.2002669829 |   4.5483e-09   |    1.4586     |    0.4079
   15     | -1614.2002669841 |   4.7796e-10   |    1.4717     |    0.4079
   16     | -1614.2002669838 |   1.3626e-09   |    1.5694     |    0.3917
   17     | -1614.2002669842 |   1.0150e-10   |    1.5557     |    0.3920
   18     | -1614.2002669842 |   3.3766e-11   |    1.5554     |    0.3915
Created 638978 / 2702736 significant shell pairs
Created 494477 / 2056356 significant shell pairs
Total number of grid points: 320155 (5002 per atom)
One electron integrals and orthogonalizer took 0.168672s
Created 494477 / 2056356 significant shell pairs
3C integrals and B formation took 2.405710s
Iteration |      Energy      |  DIIS Metric   | Fock Time (s) | DIIS Time (s)
----------+------------------+----------------+---------------+--------------
    1     | -1624.2008435657 |   9.9001e+02   |    1.4330     |    0.5015
    2     | -1613.2857598182 |   3.3465e+00   |    1.4463     |    0.3910
    3     | -1612.9058345681 |   4.8571e+00   |    1.5556     |    0.3912
    4     | -1614.1689172255 |   1.1430e-01   |    1.4563     |    0.4084
    5     | -1614.1885735922 |   4.2577e-02   |    1.4651     |    0.4073
    6     | -1614.1990863935 |   3.6169e-03   |    1.5689     |    0.3911
    7     | -1614.1997910206 |   1.1227e-03   |    1.5563     |    0.3914
    8     | -1614.2000619306 |   1.8515e-04   |    1.5562     |    0.3917
    9     | -1614.2001094820 |   1.9775e-05   |    1.4536     |    0.4086
   10     | -1614.2001136832 |   4.7137e-06   |    1.4660     |    0.4080
   11     | -1614.2001149257 |   3.1456e-07   |    1.5690     |    0.3916
   12     | -1614.2001149647 |   1.8798e-07   |    1.5561     |    0.3919
   13     | -1614.2001150156 |   1.4675e-08   |    1.5561     |    0.3918
   14     | -1614.2001150188 |   3.9105e-09   |    1.4543     |    0.4081
   15     | -1614.2001150199 |   2.4529e-10   |    1.4685     |    0.4084
   16     | -1614.2001150198 |   5.6137e-10   |    1.5684     |    0.3918
   17     | -1614.2001150199 |   6.8830e-11   |    1.5561     |    0.3916
Created 635622 / 2702736 significant shell pairs
Created 492621 / 2056356 significant shell pairs
Total number of grid points: 327683 (5120 per atom)
One electron integrals and orthogonalizer took 0.095376s
Created 492621 / 2056356 significant shell pairs
3C integrals and B formation took 2.298343s
Iteration |      Energy      |  DIIS Metric   | Fock Time (s) | DIIS Time (s)
----------+------------------+----------------+---------------+--------------
    1     | -1624.1950091002 |   9.8875e+02   |    1.6173     |    0.5142
    2     | -1613.2880531268 |   3.3332e+00   |    1.4342     |    0.6232
    3     | -1612.9028099994 |   4.8468e+00   |    1.5287     |    0.6209
    4     | -1614.1534594324 |   1.7298e-01   |    1.3274     |    0.6222
    5     | -1614.1799977301 |   7.2399e-02   |    1.3264     |    0.6217
    6     | -1614.1984716304 |   8.1563e-03   |    1.4489     |    0.6226
    7     | -1614.2005490277 |   1.0719e-03   |    1.5298     |    0.6220
    8     | -1614.2007227735 |   4.8683e-04   |    1.4496     |    0.3921
    9     | -1614.2008642177 |   3.7220e-05   |    1.4341     |    0.5009
   10     | -1614.2008720121 |   1.2693e-05   |    1.4491     |    0.5016
   11     | -1614.2008758000 |   9.6188e-07   |    1.5685     |    0.3917
   12     | -1614.2008760164 |   2.1265e-07   |    1.5565     |    0.3918
   13     | -1614.2008760621 |   4.9451e-08   |    1.5566     |    0.3917
   14     | -1614.2008760750 |   3.1687e-09   |    1.4352     |    0.5007
   15     | -1614.2008760758 |   4.4042e-10   |    1.4492     |    0.5010
   16     | -1614.2008760755 |   1.2802e-09   |    1.5700     |    0.3916
   17     | -1614.2008760759 |   4.3085e-11   |    1.5559     |    0.3920
Created 648949 / 2702736 significant shell pairs
Created 502722 / 2056356 significant shell pairs
Total number of grid points: 322770 (5043 per atom)
One electron integrals and orthogonalizer took 0.094970s
Created 502722 / 2056356 significant shell pairs
3C integrals and B formation took 2.349633s
Iteration |      Energy      |  DIIS Metric   | Fock Time (s) | DIIS Time (s)
----------+------------------+----------------+---------------+--------------
    1     | -1624.1839837556 |   9.8960e+02   |    1.5666     |    0.5013
    2     | -1613.2765499651 |   3.3049e+00   |    1.4456     |    0.3791
    3     | -1612.9030468412 |   4.7611e+00   |    1.5678     |    0.3913
    4     | -1614.1381207559 |   1.7288e-01   |    1.4584     |    0.4082
    5     | -1614.1669157071 |   6.6006e-02   |    1.4691     |    0.4081
    6     | -1614.1835231138 |   5.6514e-03   |    1.5689     |    0.3781
    7     | -1614.1847982250 |   1.2493e-03   |    1.5697     |    0.3923
    8     | -1614.1849876446 |   6.3691e-04   |    1.5554     |    0.3920
    9     | -1614.1851887355 |   5.1886e-05   |    1.4582     |    0.4081
   10     | -1614.1852019904 |   1.1716e-05   |    1.4701     |    0.4079
   11     | -1614.1852050295 |   1.8259e-06   |    1.5699     |    0.3915
   12     | -1614.1852054627 |   3.3036e-07   |    1.5561     |    0.3920
   13     | -1614.1852055328 |   8.7748e-08   |    1.5552     |    0.3918
   14     | -1614.1852055549 |   8.7727e-09   |    1.4582     |    0.4084
   15     | -1614.1852055572 |   1.1727e-09   |    1.4690     |    0.4080
   16     | -1614.1852055568 |   2.4877e-09   |    1.5697     |    0.3918
   17     | -1614.1852055575 |   2.6007e-10   |    1.5558     |    0.3921
   18     | -1614.1852055576 |   8.2247e-11   |    1.5556     |    0.3913
Created 642029 / 2702736 significant shell pairs
Created 498050 / 2056356 significant shell pairs
Total number of grid points: 320615 (5009 per atom)
One electron integrals and orthogonalizer took 0.095097s
Created 498050 / 2056356 significant shell pairs
3C integrals and B formation took 2.351896s
Iteration |      Energy      |  DIIS Metric   | Fock Time (s) | DIIS Time (s)
----------+------------------+----------------+---------------+--------------
    1     | -1624.1841818050 |   9.8709e+02   |    1.5641     |    0.5013
    2     | -1613.2857652100 |   3.3238e+00   |    1.4460     |    0.3784
    3     | -1612.9099052189 |   4.7861e+00   |    1.5692     |    0.3912
    4     | -1614.1564630457 |   1.5338e-01   |    1.4532     |    0.4086
    5     | -1614.1834608217 |   5.2931e-02   |    1.4475     |    0.5013
    6     | -1614.1962072548 |   6.8417e-03   |    1.5683     |    0.3787
    7     | -1614.1979446766 |   1.3109e-03   |    1.5699     |    0.3909
    8     | -1614.1982094012 |   5.2129e-04   |    1.5560     |    0.3919
    9     | -1614.1983624327 |   3.5118e-05   |    1.4531     |    0.4080
   10     | -1614.1983707119 |   9.5965e-06   |    1.4478     |    0.5011
   11     | -1614.1983732391 |   7.7154e-07   |    1.5698     |    0.3922
   12     | -1614.1983733847 |   2.5308e-07   |    1.5561     |    0.3920
   13     | -1614.1983734453 |   5.0060e-08   |    1.5554     |    0.3917
   14     | -1614.1983734577 |   4.9980e-09   |    1.4523     |    0.4078
   15     | -1614.1983734590 |   5.1875e-10   |    1.4495     |    0.5008
   16     | -1614.1983734586 |   1.7539e-09   |    1.5703     |    0.3922
   17     | -1614.1983734591 |   1.5416e-10   |    1.5551     |    0.3918
   18     | -1614.1983734591 |   3.2402e-11   |    1.5573     |    0.3919
Created 629835 / 2702736 significant shell pairs
Created 487843 / 2056356 significant shell pairs
Total number of grid points: 318060 (4969 per atom)
One electron integrals and orthogonalizer took 0.095723s
Created 487843 / 2056356 significant shell pairs
3C integrals and B formation took 2.283718s
Iteration |      Energy      |  DIIS Metric   | Fock Time (s) | DIIS Time (s)
----------+------------------+----------------+---------------+--------------
    1     | -1624.1786354885 |   9.8635e+02   |    1.5116     |    0.5013
    2     | -1613.2821765932 |   3.3192e+00   |    1.5666     |    0.3793
    3     | -1612.9097874598 |   4.7673e+00   |    1.5687     |    0.3911
    4     | -1614.1514620285 |   1.5392e-01   |    1.4351     |    0.4194
    5     | -1614.1783701208 |   5.4110e-02   |    1.4086     |    0.4318
    6     | -1614.1916977022 |   7.0970e-03   |    1.4329     |    0.3793
    7     | -1614.1934001093 |   1.6907e-03   |    1.5685     |    0.3925
    8     | -1614.1937456743 |   6.9658e-04   |    1.5547     |    0.3792
    9     | -1614.1939590534 |   5.7368e-05   |    1.4489     |    0.5005
   10     | -1614.1939736710 |   1.1598e-05   |    1.4492     |    0.5010
   11     | -1614.1939766222 |   1.0964e-06   |    1.5690     |    0.3791
   12     | -1614.1939768450 |   3.0513e-07   |    1.5461     |    0.4032
   13     | -1614.1939769176 |   6.2390e-08   |    1.5698     |    0.3919
   14     | -1614.1939769331 |   5.8730e-09   |    1.4345     |    0.5006
   15     | -1614.1939769346 |   7.1145e-10   |    1.4494     |    0.5010
   16     | -1614.1939769340 |   2.1484e-09   |    1.5681     |    0.3793
   17     | -1614.1939769347 |   2.2785e-10   |    1.5685     |    0.3799
   18     | -1614.1939769347 |   5.6154e-11   |    1.5681     |    0.3800
Created 638564 / 2702736 significant shell pairs
Created 494475 / 2056356 significant shell pairs
Total number of grid points: 328949 (5139 per atom)
One electron integrals and orthogonalizer took 0.095378s
Created 494475 / 2056356 significant shell pairs
3C integrals and B formation took 2.299475s
Iteration |      Energy      |  DIIS Metric   | Fock Time (s) | DIIS Time (s)
----------+------------------+----------------+---------------+--------------
    1     | -1624.1924902721 |   9.8875e+02   |    1.6160     |    0.5014
    2     | -1613.2840570059 |   3.3360e+00   |    1.4460     |    0.3784
    3     | -1612.9013218974 |   4.8442e+00   |    1.5685     |    0.3914
    4     | -1614.1627619236 |   1.3080e-01   |    1.4575     |    0.4087
    5     | -1614.1864714602 |   4.3080e-02   |    1.4696     |    0.4082
    6     | -1614.1970502968 |   4.0374e-03   |    1.5685     |    0.3792
    7     | -1614.1978964903 |   1.1408e-03   |    1.5689     |    0.3915
    8     | -1614.1981890240 |   1.8271e-04   |    1.5552     |    0.3923
    9     | -1614.1982368953 |   1.6708e-05   |    1.4562     |    0.4086
   10     | -1614.1982403520 |   4.2170e-06   |    1.4694     |    0.4080
   11     | -1614.1982414568 |   3.3365e-07   |    1.5687     |    0.3918
   12     | -1614.1982415082 |   1.6406e-07   |    1.5558     |    0.3918
   13     | -1614.1982415501 |   1.3326e-08   |    1.5560     |    0.3918
   14     | -1614.1982415527 |   3.9501e-09   |    1.4576     |    0.4078
   15     | -1614.1982415538 |   3.3414e-10   |    1.4704     |    0.4085
   16     | -1614.1982415537 |   7.0117e-10   |    1.5692     |    0.3921
   17     | -1614.1982415539 |   1.0831e-10   |    1.5559     |    0.3914
   18     | -1614.1982415539 |   1.5613e-11   |    1.5562     |    0.3915
Created 634100 / 2702736 significant shell pairs
Created 491895 / 2056356 significant shell pairs
Total number of grid points: 320886 (5013 per atom)
One electron integrals and orthogonalizer took 0.088036s
Created 491895 / 2056356 significant shell pairs
3C integrals and B formation took 2.401220s
Iteration |      Energy      |  DIIS Metric   | Fock Time (s) | DIIS Time (s)
----------+------------------+----------------+---------------+--------------
    1     | -1624.1869797422 |   9.8770e+02   |    1.4293     |    0.5009
    2     | -1613.2860441919 |   3.3211e+00   |    1.4466     |    0.3788
    3     | -1612.8974516842 |   4.8312e+00   |    1.5687     |    0.3918
    4     | -1614.1479329233 |   1.8622e-01   |    1.4345     |    0.4198
    5     | -1614.1793436826 |   6.6831e-02   |    1.4075     |    0.4320
    6     | -1614.1959300233 |   9.2092e-03   |    1.4325     |    0.3797
    7     | -1614.1983701124 |   1.1359e-03   |    1.5687     |    0.3916
    8     | -1614.1985486047 |   5.5794e-04   |    1.5567     |    0.3917
    9     | -1614.1987137826 |   3.8731e-05   |    1.4345     |    0.5013
   10     | -1614.1987219940 |   1.2998e-05   |    1.4646     |    0.4086
   11     | -1614.1987257809 |   8.6450e-07   |    1.5697     |    0.3919
   12     | -1614.1987259598 |   2.2374e-07   |    1.5546     |    0.3800
   13     | -1614.1987260077 |   5.6358e-08   |    1.5697     |    0.3916
   14     | -1614.1987260221 |   4.4005e-09   |    1.4346     |    0.5015
   15     | -1614.1987260232 =======================================================
          GGA_X_B88+GGA_C_PW91 Energy Results          
=======================================================
E GGA_X_B88+GGA_C_PW91: -Created 647751 / 2702736 significant shell pairs
Created 502177 / 2056356 significant shell pairs
Total number of grid points: 325123 (5080 per atom)
One electron integrals and orthogonalizer took 0.087596s
Created 502177 / 2056356 significant shell pairs
3C integrals and B formation took 2.412700s
Iteration |      Energy      |  DIIS Metric   | Fock Time (s) | DIIS Time (s)
----------+------------------+----------------+---------------+--------------
    1     | -1624.1760556243 |   9.8839e+02   |    1.6233     |    0.5012
    2     | -1613.2747739834 |   3.2943e+00   |    1.5681     |    0.3785
    3     | -1612.8995106934 |   4.7445e+00   |    1.5680     |    0.3917
    4     | -1614.1329874540 |   1.8615e-01   |    1.4570     |    0.4082
    5     | -1614.1664396565 |   6.0704e-02   |    1.4712     |    0.4078
    6     | -1614.1811724257 |   6.7228e-03   |    1.5687     |    0.3788
    7     | -1614.1827036569 |   1.6048e-03   |    1.5693     |    0.3924
    8     | -1614.1829852311 |   7.9928e-04   |    1.5549     |    0.3919
    9     | -1614.1832421919 =======================================================
          GGA_X_B88+GGA_C_PW91 Energy Results          
=======================================================
E GGA_X_B88+GGA_C_PW91: -1614.183257
Nuclear Repulsion Energy: 4186.34482613
Electronic Energy:        -5563.7110315
XC Energy:                -236.817052
Converged:                1
# of SCF iterations:      18
SCF Time:                 38.456s

=======================================================
            Individual Calculation Summary             
=======================================================
HF Energy: -1614.1832570006276910
=======================================================


Topology 9 time: 38.672510 s, perforCreated 646280 / 2702736 significant shell pairs
Created 500797 / 2056356 significant shell pairs
Total number of grid points: 323216 (5050 per atom)
One electron integrals and orthogonalizer took 0.087750s
Created 500797 / 2056356 significant shell pairs
3C integrals and B formation took 2.409200s
Iteration |      Energy      |  DIIS Metric   | Fock Time (s) | DIIS Time (s)
----------+------------------+----------------+---------------+--------------
    1     | -1624.1982176970 |   9.8922e+02   |    1.6239     |    0.5009
    2     | -1613.28515054=======================================================
          GGA_X_B88+GGA_C_PW91 Energy Results          
=======================================================
E GGA_X_B88+GGA_C_PW91: -1614.19795355
Nuclear Repulsion Energy: 4178.92926616
Electronic Energy:        -5556.2995698
XC Energy:                -236.827650
Converged:                1
# of SCF iterations:      17
SCF Time:                 36.502s

=======================================================
            Individual Calculation Summary             
=======================================================
HF Energy: -1614.1979535474201839
=======================================================


Topology 10 time: 36.721972 s, performance: SP: 0 FLOP/s, DP: 374.9 GFLOP/s
JSON file written to: json_logs/lustre_orion_chm213_scratch_ryan_dhdft_inputs_exess_exess_inputs_BPW91_def2-TZVP_isomers_12260-12279_topology_10.json
************************************************************
**************** Running topology 12 of 20 *****************
************************************************************

************************************************************
********* Created 622920 / 2702736 significant shell pairs
Created 481978 / 2056356 significant shell pairs
Total number of=======================================================
          GGA_X_B88+GGA_C_PW91 Energy Results          
=======================================================
E GGA_X_B88+GGA_C_PW91: -1614.20204917
Nuclear Repulsion Energy: 4092.42678459
Electronic Energy:        -5469.80692081
XC Energy:                -236.821913
Converged:                1
# of SCF iterations:      18
SCF Time:                 38.467s

=======================================================
            Individual Calculation Summary             
=======================================================
HF Energy: -1614.2020491682903867
=======================================================


Topology 11 time: 38.682951 s, performance: SP: 0 FLOP/s, DP: 345.7 GFLOP/s
JSON file written to: json_logs/lustre_orion_chm213_scratch_ryan_dhdft_inputs_exess_exess_inputs_BPW91_def2-TZVP_isomers_12260-12279_topology_11.json
************************************************************
**************** Running topology 13 of 20 *****************
************************************************************

************************************************************
********* Beginning RI-GGA_X_B88+GGA_C_PW91 energy *********
************************************************************

=======================================================
          GGA_X_B88+GGA_C_PW91 Energy Results          
=======================================================
E GGA_X_B88+GGA_C_PW91: -1614.19281437
Nuclear Repulsion Energy: 4082.44923312
Electronic Energy:        -5459.82829166
XC Energy:                -236.813756
Converged:                1
# of SCF iterations:      18
SCF Time:                 38.459s

=======================================================
            Individual Calculation Summary             
=======================================================
HF Energy: -1614.1928143739773986
=======================================================


Topology 12 time: 38.671143 s, performance: SP: 0 FLOP/s, DP: 343.4 GFLOP/s
JSON file written to: json_logs/lustre_orion_chm213_scratch_ryan_dhdft_inputs_exess_exess_inputs_BPW91_def2-TZVP_isomers_12260-12279_topology_12.json
************************************************************
**************** Running topology 14 of 20 *****************
************************************************************

************************************************************
********* Beginning RI-GGA_X_B88+GGA_C_PW91 energy *********
************************************************************

=======================================================
          GGA_X_B88+GGA_C_PW91 Energy Results          
=======================================================
E GGA_X_B88+GGA_C_PW91: -1614.20154386
Nuclear Repulsion Energy: 4142.64249097
Electronic Energy:        -5520.02144659
XC Energy:                -236.822588
Converged:                1
# of SCF iterations:      18
SCF Time:                 38.451s

=======================================================
            Individual Calculation Summary             
=======================================================
HF Energy: -1614.2015438638661635
=======================================================


Topology 13 time: 38.673006 s, performance: SP: 0 FLOP/s, DP: 351.8 GFLOP/s
JSON file written to: json_logs/lustre_orion_chm213_scratch_ryan_dhdft_inputs_exess_exess_inputs_BPW91_def2-TZVP_isomers_12260-12279_topology_13.json
************************************************************
**************** Running topology 15 of 20 *****************
************************************************************

************************************************************
********* Beginning RI-GGA_X_B88+GGA_C_PW91 energy *********
************************************************************

=======================================================
          GGA_X_B88+GGA_C_PW91 Energy Results          
=======================================================
E GGA_X_B88+GGA_C_PW91: -1614.19173434
Nuclear Repulsion Energy: 4213.65259704
Electronic Energy:        -5591.02025745
XC Energy:                -236.824074
Converged:                1
# of SCF iterations:      18
SCF Time:                 38.455s

=======================================================
            Individual Calculation Summary             
=======================================================
HF Energy: -1614.1917343400364189
=======================================================


Topology 14 time: 38.686834 s, performance: SP: 0 FLOP/s, DP: 362.6 GFLOP/s
JSON file written to: json_logs/lustre_orion_chm213_scratch_ryan_dhdft_inputs_exess_exess_inputs_BPW91_def2-TZVP_isomers_12260-12279_topology_14.json
************************************************************
**************** Running topology 16 of 20 *****************
************************************************************

************************************************************
********* Beginning RI-GGA_X_B88+GGA_C_PW91 energy *********
************************************************************

=======================================================
          GGA_X_B88+GGA_C_PW91 Energy Results          
=======================================================
E GGA_X_B88+GGA_C_PW91: -1614.18752493
Nuclear Repulsion Energy: 4251.65925341
Electronic Energy:        -5629.02723734
XC Energy:                -236.819541
Converged:                1
# of SCF iterations:      18
SCF Time:                 38.759s

=======================================================
            Individual Calculation Summary             
=======================================================
HF Energy: -1614.1875249251229434
=======================================================


Topology 15 time: 38.993406 s, performance: SP: 0 FLOP/s, DP: 366 GFLOP/s
JSON file written to: json_logs/lustre_orion_chm213_scratch_ryan_dhdft_inputs_exess_exess_inputs_BPW91_def2-TZVP_isomers_12260-12279_topology_15.json
************************************************************
**************** Running topology 17 of 20 *****************
************************************************************

************************************************************
********* Beginning RI-GGA_X_B88+GGA_C_PW91 energy *********
************************************************************

=======================================================
          GGA_X_B88+GGA_C_PW91 Energy Results          
=======================================================
E GGA_X_B88+GGA_C_PW91: -1614.1806999
Nuclear Repulsion Energy: 4366.97546166
Electronic Energy:        -5744.32915547
XC Energy:                -236.827006
Converged:                1
# of SCF iterations:      18
SCF Time:                 41.015s

=======================================================
            Individual Calculation Summary             
=======================================================
HF Energy: -1614.1806998995020876
=======================================================


Topology 16 time: 41.262614 s, performance: SP: 0 FLOP/s, DP: 365 GFLOP/s
JSON file written to: json_logs/lustre_orion_chm213_scratch_ryan_dhdft_inputs_exess_exess_inputs_BPW91_def2-TZVP_isomers_12260-12279_topology_16.json
************************************************************
**************** Running topology 18 of 20 *****************
************************************************************

************************************************************
********* Beginning RI-GGA_X_B88+GGA_C_PW91 energy *********
************************************************************

=======================================================
          GGA_X_B88+GGA_C_PW91 Energy Results          
=======================================================
E GGA_X_B88+GGA_C_PW91: -1614.16912335
Nuclear Repulsion Energy: 4281.13268744
Electronic Energy:        -5658.47590921
XC Energy:                -236.825902
Converged:                1
# of SCF iterations:      18
SCF Time:                 39.091s

=======================================================
            Individual Calculation Summary             
=======================================================
HF Energy: -1614.1691233544274837
=======================================================


Topology 17 time: 39.332496 s, performance: SP: 0 FLOP/s, DP: 368.6 GFLOP/s
JSON file written to: json_logs/lustre_orion_chm213_scratch_ryan_dhdft_inputs_exess_exess_inputs_BPW91_def2-TZVP_isomers_12260-12279_topology_17.json
************************************************************
**************** Running topology 19 of 20 *****************
************************************************************

************************************************************
********* Beginning RI-GGA_X_B88+GGA_C_PW91 energy *********
************************************************************

=======================================================
          GGA_X_B88+GGA_C_PW91 Energy Results          
=======================================================
E GGA_X_B88+GGA_C_PW91: -1614.17482715
Nuclear Repulsion Energy: 4190.88408374
Electronic Energy:        -5568.23902724
XC Energy:                -236.819884
Converged:                1
# of SCF iterations:      18
SCF Time:                 38.432s

=======================================================
            Individual Calculation Summary             
=======================================================
HF Energy: -1614.1748271497499445
=======================================================


Topology 18 time: 38.662035 s, performance: SP: 0 FLOP/s, DP: 361.4 GFLOP/s
JSON file written to: json_logs/lustre_orion_chm213_scratch_ryan_dhdft_inputs_exess_exess_inputs_BPW91_def2-TZVP_isomers_12260-12279_topology_18.json
************************************************************
**************** Running topology 20 of 20 *****************
************************************************************

************************************************************
********* Beginning RI-GGA_X_B88+GGA_C_PW91 energy *********
************************************************************

=======================================================
          GGA_X_B88+GGA_C_PW91 Energy Results          
=======================================================
E GGA_X_B88+GGA_C_PW91: -1614.17794761
Nuclear Repulsion Energy: 4183.45722933
Electronic Energy:        -5560.81031571
XC Energy:                -236.824861
Converged:                1
# of SCF iterations:      18
SCF Time:                 38.442s

=======================================================
            Individual Calculation Summary             
=======================================================
HF Energy: -1614.1779476111751137
=======================================================


Topology 19 time: 38.676038 s, performance: SP: 0 FLOP/s, DP: 360.2 GFLOP/s
JSON file written to: json_logs/lustre_orion_chm213_scratch_ryan_dhdft_inputs_exess_exess_inputs_BPW91_def2-TZVP_isomers_12260-12279_topology_19.json
Total flops: SP: 0 FLOPS, DP: 277.08422 TFLOPS
Performance: SP: 0 FLOP/s, DP: 358.6 GFLOP/s

Now, a word from our sponsors... 
 This city sucks - Giuseppe 1 hour after landing in Sydney

[31mTotal processing time 772.966625 seconds[0m
[CRAYBLAS_WARNING] Application linked against multiple cray-libsci libraries
137471 |   9.2894e-02   |    1.4782     |    0.4078
    6     | -1614.1673702985 |   6.5616e-03   |    1.5884     |    0.3396
    7     | -1614.1687773881 |   1.1902e-03   |    1.5751     |    0.4483
    8     | -1614.1690160938 |   3.6624e-04   |    1.6682     |    0.4079
    9     | -1614.1691153232 |   2.7261e-05   |    1.4794     |    0.4080
   10     | -1614.1691204787 |   9.5238e-06   |    1.4780     |    0.4081
   11     | -1614.1691230719 |   8.8851e-07   |    1.5886     |    0.3396
   12     | -1614.1691232627 |   2.7767e-07   |    1.5758     |    0.3394
   13     | -1614.1691233277 |   8.5497e-08   |    1.5733     |    0.3393
   14     | -1614.1691233504 |   1.3211e-08   |    1.4662     |    0.4085
   15     | -1614.1691233542 |   9.0939e-10   |    1.4788     |    0.4082
   16     | -1614.1691233541 |   1.3051e-09   |    1.5909     |    0.3395
   17     | -1614.1691233544 |   1.2700e-10   |    1.5750     |    0.3395
   18     | -1614.1691233544 |   4.7722e-11   |    1.5742     |    0.3392
Created 653916 / 2702736 significant shell pairs
Created 506108 / 2056356 significant shell pairs
Total number of grid points: 322956 (5046 per atom)
One electron integrals and orthogonalizer took 0.086895s
Created 506108 / 2056356 significant shell pairs
3C integrals and B formation took 2.411093s
Iteration |      Energy      |  DIIS Metric   | Fock Time (s) | DIIS Time (s)
----------+------------------+----------------+---------------+--------------
    1     | -1624.1803748727 |   9.9104e+02   |    1.6219     |    0.5086
    2     | -1613.2693633242 |   3.2819e+00   |    1.5605     |    0.3790
    3     | -1612.9070278109 |   4.6690e+00   |    1.5681     |    0.3911
    4     | -1614.1276098224 |   1.6776e-01   |    1.4564     |    0.4089
    5     | -1614.1574189958 |   6.2350e-02   |    1.4696     |    0.4082
    6     | -1614.1732156537 |   5.3266e-03   |    1.5692     |    0.3780
    7     | -1614.1743253121 |   1.4528e-03   |    1.5682     |    0.3911
    8     | -1614.1746242002 |   6.1110e-04   |    1.5564     |    0.3918
    9     | -1614.1748160489 |   3.6324e-05   |    1.4579     |    0.4082
   10     | -1614.1748236045 |   1.1859e-05   |    1.4690     |    0.4079
   11     | -1614.1748267490 |   1.3915e-06   |    1.5689     |    0.3923
   12     | -1614.1748270826 |   2.3996e-07   |    1.5556     |    0.3918
   13     | -1614.1748271338 |   5.9522e-08   |    1.5562     |    0.3916
   14     | -1614.1748271476 |   7.6234e-09   |    1.4575     |    0.4078
   15     | -1614.1748271495 |   9.9873e-10   |    1.4702     |    0.4079
   16     | -1614.1748271491 |   2.1489e-09   |    1.5702     |    0.3917
   17     | -1614.1748271497 |   2.5782e-10   |    1.5561     |    0.3918
   18     | -1614.1748271497 |   5.3301e-11   |    1.5567     |    0.3906
Created 652292 / 2702736 significant shell pairs
Created 504457 / 2056356 significant shell pairs
Total number of grid points: 326604 (5103 per atom)
One electron integrals and orthogonalizer took 0.088090s
Created 504457 / 2056356 significant shell pairs
3C integrals and B formation took 2.411046s
Iteration |      Energy      |  DIIS Metric   | Fock Time (s) | DIIS Time (s)
----------+------------------+----------------+---------------+--------------
    1     | -1624.1898431966 |   9.9259e+02   |    1.7173     |    0.4170
    2     | -1613.2719451113 |   3.2925e+00   |    1.5714     |    0.3396
    3     | -1612.9132550286 |   4.6775e+00   |    1.5563     |    0.3909
    4     | -1614.1352629368 |   1.5041e-01   |    1.4610     |    0.4082
    5     | -1614.1590545862 |   6.6490e-02   |    1.4722     |    0.4081
    6     | -1614.1761292782 |   5.6137e-03   |    1.5848     |    0.3395
    7     | -1614.1773242450 |   1.7574e-03   |    1.5730     |    0.4489
    8     | -1614.1777736001 |   5.4326e-04   |    1.4471     |    0.3919
    9     | -1614.1779372040 |   3.4950e-05   |    1.4615     |    0.4080
   10     | -1614.1779451057 |   8.6582e-06   |    1.4731     |    0.4142
   11     | -1614.1779471816 |   1.5044e-06   |    1.5623     |    0.3919
   12     | -1614.1779475491 |   2.2293e-07   |    1.5731     |    0.3393
   13     | -1614.1779475965 |   5.4462e-08   |    1.5562     |    0.3919
   14     | -1614.1779476092 |   6.9783e-09   |    1.4606     |    0.4078
   15     | -1614.1779476110 |   7.6523e-10   |    1.4748     |    0.4088
   16     | -1614.1779476105 |   2.0716e-09   |    1.5842     |    0.3396
   17     | -1614.1779476111 |   2.4015e-10   |    1.5561     |    0.3922
   18     | -1614.1779476112 |   3.5027e-11   |    1.5558     |    0.3911
Please cite the following papers for the methods used in this calculation:
 - J.L. Galvez Vallejo et. al., Toward an extreme-scale electronic structure system, J. Chem. Phys., 2023. DOI: 10.1063/5.0156399

 - R. Stocks, E. Palethorpe, and G.M.J. Barca, Multi-GPU RI-HF Energies and Analytic Gradients ─ Toward High-Throughput Ab Initio Molecular Dynamics, J. Chem. Theory Comput., 2024. DOI: 10.1021/acs.jctc.4c00877
   For:
     * RI-HF energy

 - D.B. Williams-Young, W.A. de Jong, H.J.J. van Dam, and C. Yang, On the Efficient Evaluation of the Exchange Correlation Potential on Graphics Processing Unit Clusters, Frontiers in Chemistry, 2020. DOI: 10.3389/fchem.2020.581058
   For:
     * GauXC implementation of exchange-correlation integration

 - R. Stocks and G.M.J. Barca, Efficient Algorithms for GPU Accelerated Evaluation of the DFT Exchange-Correlation Functional, J. Chem. Theory Comput., 2025. DOI: 10.1021/acs.jctc.5c01229
   For:
     * GPU accelerated DFT exchange-correlation evaluation

 - A. D. Becke.,  Phys. Rev. A 38, 3098 (1988) DOI: 10.1103/PhysRevA.38.3098
   For:
     * GGA_X_B88 XC Functional

 - J. P. Perdew. In P. Ziesche and H. Eschrig, editors, Proceedings of the 75. WE-Heraeus-Seminar and 21st Annual International Symposium on Electronic Structure of Solids, 11. Berlin, 1991. Akademie Verlag. DOI: 
   For:
     * GGA_C_PW91 XC Functional

[CRAYBLAS_WARNING] Application linked against multiple cray-libsci libraries
