Total number of grid points: 286175 (5110 per atom)
Total number of grid points: 278028 (4964 per atom)
Total number of grid points: 279026 (4982 per atom)
Total number of grid points: 285024 (5089 per atom)
Total number of grid points: 286832 (5122 per atom)
Total number of grid points: 277857 (4961 per atom)
Total number of grid points: 281418 (5025 per atom)
Total number of grid points: 280201 (5003 per atom)
Total number of grid points: 278606 (4975 per atom)
Total number of grid points: 277055 (4947 per atom)
Total number of grid points: 293182 (5235 per atom)
Total number of grid points: 280915 (5016 per atom)
Total number of grid points: 281210 (5021 per atom)
Total number of grid points: 280814 (5014 per atom)
Total number of grid points: 278850 (4979 per atom)
Total number of grid points: 278047 (4965 per atom)
Total number of grid points: 277894 (4962 per atom)
Total number of grid points: 286493 (5115 per atom)
Total number of grid points: 281247 (5022 per atom)
Total number of grid points: 282562 (5045 per atom)
[CRAYBLAS_WARNING] Application linked against multiple cray-libsci libraries
3351
   10     | -1384.2577330472 |   7.6133e-06   |    0.9616     |    0.2136
   11     | -1384.2577351637 |   3.1275e-07   |    1.0897     |    0.2669
   12     | -1384.2577351984 |   1.9521e-07   |    1.1161     |    0.2483
   13     | -1384.2577352490 |   1.6031e-08   |    1.0590     |    0.2495
   14     | -1384.2577352527 |   2.2335e-09   |    0.8789     |    0.2868
   15     | -1384.2577352533 |   1.8781e-10   |    0.8344     |    0.2070
   16     | -1384.2577352531 |   5.8595e-10   |    1.0753     |    0.2847
   17     | -1384.2577352533 |   3.5060e-11   |    1.0547     |    0.2136
Created 526434 / 2005056 significant shell pairs
Created 407621 / 1527696 significant shell pairs
Total number of grid points: 282042 (5036 per atom)
One electron integrals and orthogonalizer took 0.076613s
Created 407621 / 1527696 significant shell pairs
3C integrals and B formation took 1.634964s
Iteration |      Energy      |  DIIS Metric   | Fock Time (s) | DIIS Time (s)
----------+------------------+----------------+---------------+--------------
    1     | -1392.6853812042 |   8.4045e+02   |    1.2953     |    0.3119
    2     | -1383.4478872068 |   2.9437e+00   |    1.2270     |    0.3132
    3     | -1383.0774136041 |   4.4004e+00   |    1.1390     |    0.3361
    4     | -1384.2212960344 |   1.2841e-01   |    0.9236     |    0.2655
    5     | -1384.2399416884 |   5.6769e-02   |    1.0053     |    0.3365
    6     | -1384.2536411805 |   8.3221e-03   |    1.2284     |    0.3144
    7     | -1384.2558904663 |   8.3327e-04   |    1.2281     |    0.3136
    8     | -1384.2560530445 |   3.2578e-04   |    1.1783     |    0.2538
    9     | -1384.2561479838 |   1.6170e-05   |    1.0058     |    0.2883
   10     | -1384.2561508106 |   6.7818e-06   |    0.9448     |    0.2491
   11     | -1384.2561526312 |   4.3170e-07   |    1.1383     |    0.2136
   12     | -1384.2561527010 |   1.9300e-07   |    1.1795     |    0.2541
   13     | -1384.2561527488 |   3.1201e-08   |    1.1360     |    0.2066
   14     | -1384.2561527565 |   3.9109e-09   |    1.0086     |    0.3371
   15     | -1384.2561527575 |   3.7700e-10   |    0.9357     |    0.2143
   16     | -1384.2561527571 |   1.5875e-09   |    1.2283     |    0.2474
   17     | -1384.2561527575 |   1.2655e-10   |    1.1201     |    0.2067
   18     | -1384.2561527576 |   1.4876e-11   |    1.1813     |    0.2129
Created 520682 / 2005056 significant shell pairs
Created 402793 / 1527696 significant shell pairs
Total number of grid points: 281469 (5026 per atom)
One electron integrals and orthogonalizer took 0.116692s
Created 402793 / 1527696 significant shell pairs
3C integrals and B formation took 1.652870s
Iteration |      Energy      |  DIIS Metric   | Fock Time (s) | DIIS Time (s)
----------+------------------+----------------+---------------+--------------
    1     | -1392.6811989068 |   8.3987e+02   |    1.2312     |    0.3076
    2     | -1383.4460716084 |   2.9416e+00   |    1.2134     |    0.2492
    3     | -1383.0853165586 |   4.3586e+00   |    1.1101     |    0.1847
    4     | -1384.2231020377 |   1.1224e-01   |    0.9740     |    0.2068
    5     | -1384.2397860783 |   5.0791e-02   |    0.9703     |    0.1712
    6     | -1384.2516742752 |   7.0671e-03   |    1.1098     |    0.2139
    7     | -1384.2533702438 |   1.2063e-03   |    1.1724     |    0.2544
    8     | -1384.2536039008 |   4.7404e-04   |    1.1291     |    0.2071
    9     | -1384.2537417537 |   2.6202e-05   |    0.9099     |    0.2439
   10     | -1384.2537470823 |   8.8865e-06   |    0.9734     |    0.2070
   11     | -1384.2537494823 |   4.7501e-07   |    1.1550     |    0.2132
   12     | -1384.2537495679 |   1.9245e-07   |    1.1334     |    0.2545
   13     | -1384.2537496182 |   3.1451e-08   |    1.1291     |    0.1845
   14     | -1384.2537496259 |   3.9065e-09   |    0.9741     |    0.2075
   15     | -1384.2537496268 |   4.4240e-10   |    0.9693     |    0.1672
   16     | -1384.2537496267 |   7.3038e-10   |    1.1139     |    0.2137
   17     | -1384.2537496269 |   1.7712e-10   |    1.1724     |    0.2539
   18     | -1384.2537496270 |   2.0688e-11   |    1.1291     |    0.2133
Created 530880 / 2005056 significant shell pairs
Created 411305 / 1527696 significant shell pairs
Total number of grid points: 284288 (5076 per atom)
One electron integrals and orthogonalizer took 0.082606s
Created 411305 / 1527696 significant shell pairs
3C integrals and B formation took 1.654130s
Iteration |      Energy      |  DIIS Metric   | Fock Time (s) | DIIS Time (s)
----------+------------------+----------------+---------------+--------------
    1     | -1392.6832428943 |   8.4015e+02   |    1.2161     |    0.3282
    2     | -1383.4473581286 |   2.9408e+00   |    1.1704     |    0.3348
    3     | -1383.0865136015 |   4.3535e+00   |    1.2105     |    0.3461
    4     | -1384.2235965931 |   1.1242e-01   |    0.9973     |    0.3353
    5     | -1384.2382645484 |   5.7475e-02   |    0.9343     |    0.2663
    6     | -1384.2517931888 |   9.9749e-03   |    1.1574     |    0.3845
    7     | -1384.2545343626 |   1.3798e-03   |    1.1744     |    0.3678
    8     | -1384.2548696915 |   4.0499e-04   |    1.1316     |    0.2148
    9     | -1384.2549778640 |   1.7996e-05   |    0.9735     |    0.2129
   10     | -1384.2549806372 |   7.8526e-06   |    0.9324     |    0.2494
   11     | -1384.2549827098 |   4.2567e-07   |    1.1494     |    0.2137
   12     | -1384.2549827833 |   1.8100e-07   |    1.2531     |    0.2853
   13     | -1384.2549828308 |   1.6032e-08   |    1.2516     |    0.2883
   14     | -1384.2549828343 |   2.9548e-09   |    0.9812     |    0.2131
   15     | -1384.2549828350 |   3.1767e-10   |    0.9381     |    0.2478
   16     | -1384.2549828349 |   7.4464e-10   |    1.1503     |    0.2138
   17     | -1384.2549828351 |   1.2966e-10   |    1.2527     |    0.2858
   18     | -1384.2549828351 |   1.2250e-11   |    1.2509     |    0.2905
Created 526346 / 2005056 significant shell pairs
Created 407455 / 1527696 significant shell pairs
Total number of grid points: 286027 (5107 per atom)
One electron integrals and orthogonalizer took 0.077392s
Created 407455 / 1527696 significant shell pairs
3C integrals and B formation took 1.681049s
Iteration |      Energy      |  DIIS Metric   | Fock Time (s) | DIIS Time (s)
----------+------------------+----------------+---------------+--------------
    1     | -1392.6727326396 |   8.3841e+02   |    1.2121     |    0.3145
    2     | -1383.4417272861 |   2.9288e+00   |    1.1339     |    0.2061
    3     | -1383.0745673203 |   4.3718e+00   |    1.1803     |    0.2131
    4     | -1384.2060769111 |   1.5279e-01   |    0.9272     |    0.2475
    5     | -1384.2292669187 |   6.1600e-02   |    1.0082     |    0.2978
    6     | -1384.2443432979 |   1.0920e-02   |    1.1367     |    0.2078
    7     | -1384.2473850046 |   9.6217e-04   |    1.1795     |    0.2129
    8     | -1384.2475483272 |   4.4501e-04   |    1.1394     |    0.2542
    9     | -1384.2476707336 |   3.9709e-05   |    0.9214     |    0.2583
   10     | -1384.2476793630 |   1.1943e-05   |    0.9653     |    0.2132
   11     | -1384.2476825434 |   7.6240e-07   |    1.1421     |    0.2542
   12     | -1384.2476827004 |   2.0285e-07   |    1.1351     |    0.1854
   13     | -1384.2476827493 |   2.9217e-08   |    1.1194     |    0.2135
   14     | -1384.2476827562 |   3.5543e-09   |    0.9647     |    0.2131
   15     | -1384.2476827570 |   6.7861e-10   |    0.9291     |    0.2489
   16     | -1384.2476827566 |   1.7508e-09   |    1.1390     |    0.2134
   17     | -1384.2476827572 |   1.0979e-10   |    1.1791     |    0.2539
   18     | -1384.2476827572 |   2.9534e-11   |    1.1334     |    0.2086
Created 520013 / 2005056 significant shell pairs
Created 402363 / 1527696 significant shell pairs
Total number of grid points: 280479 (5008 per atom)
One electron integrals and orthogonalizer took 0.077478s
Created 402363 / 1527696 significant shell pairs
3C integrals and B formation took 1.598275s
Iteration |      Energy      |  DIIS Metric   | Fock Time (s) | DIIS Time (s)
----------+------------------+----------------+---------------+--------------
    1     | -1392.6700009511 |   8.3829e+02   |    1.2243     |    0.2614
    2     | -1383.4416994070 |   2.9253e+00   |    1.2274     |    0.2325
    3     | -1383.0738057678 |   4.3665e+00   |    1.1342     |    0.1853
    4     | -1384.2070200825 |   1.5049e-01   |    0.9897     |    0.2977
    5     | -1384.2308286772 |   5.6777e-02   |    1.0029     |    0.2938
    6     | -1384.2440929123 |   1.0936e-02   |    1.1415     |    0.2546
    7     | -1384.2472369207 |   7.4233e-04   |    1.1325     |    0.1855
    8     | -1384.2473432800 |   4.1271e-04   |    1.1199     |    0.2137
    9     | -1384.2474635524 |   2.4858e-05   |    0.9643     |    0.2132
   10     | -1384.2474672736 |   1.3045e-05   |    0.9269     |    0.2502
   11     | -1384.2474710630 |   6.6799e-07   |    1.1361     |    0.2135
   12     | -1384.2474711941 |   2.1985e-07   |    1.1762     |    0.2543
   13     | -1384.2474712425 |   5.1288e-08   |    1.1360     |    0.2071
   14     | -1384.2474712543 |   7.7387e-09   |    1.0089     |    0.3366
   15     | -1384.2474712564 |   5.1659e-10   |    0.9219     |    0.2553
   16     | -1384.2474712559 |   2.2321e-09   |    1.1753     |    0.2542
   17     | -1384.2474712565 |   1.7869e-10   |    1.1322     |    0.2073
   18     | -1384.2474712565 |   2.5570e-11   |    1.1786     |    0.2129
Created 514220 / 2005056 significant shell pairs
Created 397593 / 1527696 significant shell pairs
Total number of grid points: 286247 (5111 per atom)
One electron integrals and orthogonalizer took 0.117852s
Created 397593 / 1527696 significant shell pairs
3C integrals and B formation took 1.550634s
Iteration |      Energy      |  DIIS Metric   | Fock Time (s) | DIIS Time (s)
----------+------------------+----------------+---------------+--------------
    1     | -1392.6650141540 |   8.3763e+02   |    1.0807     |    0.3123
    2     | -1383.4391213917 |   2.9225e+00   |    1.0887     |    0.2047
    3     | -1383.0817819245 |   4.3206e+00   |    1.1783     |    0.2128
    4     | -1384.2083181107 |   1.3333e-01   |    0.9238     |    0.2449
    5     | -1384.2306585735 |   4.9098e-02   |    0.8871     |    0.2928
    6     | -1384.2419236724 |   7.7372e-03   |    1.1758     |    0.2132
    7     | -1384.2438371421 |   1.0460e-03   |    1.1348     |    0.2540
    8     | -1384.2440059724 |   4.8181e-04   |    1.1310     |    0.1845
    9     | -1384.2441488613 |   3.1007e-05   |    0.9867     |    0.3008
   10     | -1384.2441548436 |   1.1935e-05   |    0.9863     |    0.2470
   11     | -1384.2441582287 |   1.1846e-06   |    1.1151     |    0.1851
   12     | -1384.2441585019 |   3.3723e-07   |    1.1175     |    0.2137
   13     | -1384.2441585837 |   7.3794e-08   |    1.1735     |    0.2539
   14     | -1384.2441586030 |   7.0065e-09   |    1.0000     |    0.2462
   15     | -1384.2441586048 |   1.0657e-09   |    0.8912     |    0.2583
   16     | -1384.2441586046 |   1.7052e-09   |    1.1749     |    0.2540
   17     | -1384.2441586050 |   2.7968e-10   |    1.1302     |    0.2084
   18     | -1384.2441586051 |   6.1361e-11   |    1.1744     |    0.2131
Created 506951 / 2005056 significant shell pairs
Created 391683 / 1527696 significant shell pairs
Total number of grid points: 281001 (5017 per atom)
One electron integrals and orthogonalizer took 0.118154s
Created 391683 / 1527696 significant shell pairs
3C integrals and B formation took 1.548046s
Iteration |      Energy      |  DIIS Metric   | Fock Time (s) | DIIS Time (s)
----------+------------------+----------------+---------------+--------------
    1     | -1392.6767270417 |   8.3714e+02   |    1.0689     |    0.3253
    2     | -1383.4506922965 |   2.9513e+00   |    1.0801     |    0.2451
    3     | -1383.0872392909 |   4.3887e+00   |    1.1612     |    0.2522
    4     | -1384.2294696894 |   1.1677e-01   |    0.8891     |    0.2671
    5     | -1384.2501172397 |   3.7619e-02   |    0.9051     |    0.2516
    6     | -1384.2591137878 |   4.6458e-03   |    1.0993     |    0.2324
    7     | -1384.2602197493 |   9.8079e-04   |    1.1055     |    0.2626
    8     | -1384.2604447549 |   2.3132e-04   |    1.1625     |    0.2985
    9     | -1384.2605092600 |   2.0398e-05   |    0.8647     |    0.1651
   10     | -1384.2605122286 |   1.0941e-05   |    0.9718     |    0.2063
   11     | -1384.2605154333 |   4.6130e-07   |    1.1453     |    0.2603
   12     | -1384.2605155181 |   1.5753e-07   |    1.1260     |    0.2540
   13     | -1384.2605155557 |   2.8452e-08   |    1.1080     |    0.2443
   14     | -1384.2605155628 |   2.9591e-09   |    0.9733     |    0.2071
   15     | -1384.2605155635 |   2.4390e-10   |    0.9701     |    0.1667
   16     | -1384.2605155633 |   7.6108e-10   |    1.1034     |    0.2609
   17     | -1384.2605155635 |   6.2720e-11   |    1.1634     |    0.2985
Created 507357 / 2005056 significant shell pairs
Created 392301 / 1527696 significant shell pairs
Total number of grid points: 284176 (5074 per atom)
One electron integrals and orthogonalizer took 0.036321s
Created 392301 / 1527696 significant shell pairs
3C integrals and B formation took 1.547420s
Iteration |      Energy      |  DIIS Metric   | Fock Time (s) | DIIS Time (s)
----------+------------------+----------------+---------------+--------------
    1     | -1392.6761286800 |   8.3708e+02   |    1.0661     |    0.3430
    2     | -1383.4499843513 |   2.9515e+00   |    1.0729     |    0.2063
    3     | -1383.0865212126 |   4.3883e+00   |    1.1880     |    0.2130
    4     | -1384.2280658321 |   1.1933e-01   |    0.9252     |    0.2453
    5     | -1384.2488161076 |   3.9654e-02   |    0.8843     |    0.2955
    6     | -1384.2585632293 |   4.3515e-03   |    1.1761     |    0.2272
    7     | -1384.2595866417 |   9.5001e-04   |    1.2141     |    0.2522
    8     | -1384.2598066053 |   1.9820e-04   |    1.1053     |    0.1859
    9     | -1384.2598571699 |   2.7468e-05   |    0.9856     |    0.3017
   10     | -1384.2598627682 |   9.9096e-06   |    0.9855     |    0.2470
   11     | -1384.2598656565 |   4.7638e-07   |    1.1133     |    0.1851
   12     | -1384.2598657231 |   2.4430e-07   |    1.1167     |    0.2134
   13     | -1384.2598657855 |   2.8608e-08   |    1.1692     |    0.2540
   14     | -1384.2598657918 |   5.0081e-09   |    0.9991     |    0.2486
   15     | -=======================================================
          GGA_X_B88+GGA_C_PW91 Energy Results          
=======================================================
E GGA_X_B88+GGA_C_PW91: -1384.25986579
Nuclear Repulsion Energy: 3234.22467341
Electronic Energy:        -4415.0952Created 522890 / 2005056 significant shell pairs
Created 404501 / 1527696 significant shell pairs
Total number of grid points: 281740 (5031 per atom)
One electron integrals and orthogonalizer took 0.117969s
Created 404501 / 1527696 significant shell pairs
3C integrals and B formation took 1.552383s
Iteration |      Energy      |  DIIS Metric   | Fock Time (s) | DIIS Time (s)
----------+------------------+----------------+---------------+--------------
    1     | -1392.6665724458 |   8.3785e+02   |    1.0664     |    0.3269
    2     | -1383.4408064829 |   2.9223e+00   |    1.0907     |    0.2050
    3     | -1383.0833131751 |   4.3172e+00   |    1.1812     |    0.2133
    4     | -1384.2101285039 |   1.3060e-01   |    0.9249     |    0.2453
    5     | -1384.2304802062 |   5.2970e-02   |    1.0111     |    0.2962
    6     | -1384.2417899610 |   1.2300e-02   |    1.1323     |    0.2050
    7     | -1384.2453579427 |   1.3863e-03   |    1.1809     |    0.2131
    8    =======================================================
          GGA_X_B88+GGA_C_PW91 Energy Results          
=======================================================
E GGA_X_B88+GGA_C_PW91: -1384.24582222
Nuclear Repulsion Energy: 3286.09292953
Electronic Energy:        -4466.95454221
XC Energy:                -203.384210
Converged:                1
# of SCF iterations:      18
SCF Time:                 26.473s

=======================================================
            Individual Calculation Summary             
=======================================================
HF Energy: -1384.2458222217721868
=======================================================


Topology 9 time: 26.641128 s, performance: SP: 0 FLOP/s, DP: 314 GFLOP/s
JSON file written to: json_logs/lustre_orion_chm213_scCreated 499665 / 2005056 significant shell pairs
Created 385962 / 1527696 significant shell pairs
Total number of grid points: 284464 (5079 per atom)
One electron integrals and orthogonalizer took 0.077152s
Created 385962 / 1527696 significant shell pairs
3C integrals and B formation took 1.548551s
Iteration |      Energy      |  DIIS Metric   | Fock Time (s) | DIIS Time (s)
----------+------------------+----------------+---------------+--------------
    1=======================================================
          GGA_X_B88+GGA_C_PW91 Energy Results          
=======================================================
E GGA_X_B88+GGA_C_PW91: -1384.2641643
Nuclear Repulsion Energy: 3203.74508782
Electronic Energy:        -4384.61862906
XC Energy:                -203.390623
Converged:                1
# of SCF iterations:      17
SCF Time:                 24.261s

=======================================================
            Individual Calculation Summary             
=======================================================
HF Energy: -1384.2641642978637719
=======================================================


Topology 10 time: 24.425590 s, performance: SP: 0 FLOP/s, DP: 326.5 GFLOP/s
JSON file written to: json_logs/lustre_orion_chm213_scratch_ryan_dhdft_inputs_exess_exess_inputs_BPW91_def2-TZVP_isomers_2140-2159_topology_10.json
************************************************************
**************** Running topology 12 of 20 *****************
************************************************************

************************************************************
********* Beginning RI-GGA_X_B88+GGA_C_PW91 energy *********
**********************************************Created 493572 /=======================================================
          GGA_X_B88+GGA_C_PW91 Energy Results          
=======================================================
E GGA_X_B88+GGA_C_PW91: -1384.25200923
Nuclear Repulsion Energy: 3177.41142639
Electronic Energy:        -4358.28214423
XC Energy:                -203.381291
Converged:                1
# of SCF iterations:      18
SCF Time:                 25.5s

=======================================================
            Individual Calculation Summary             
=======================================================
HF Energy: -1384.2520092328204555
=======================================================


Topology 11 time: 25.657265 s, performance: SP: 0 FLOP/s, DP: 309.2 GFLOP/s
JSON file written to: json_logs/lustre_orion_chm213_scratch_ryan_dhdft_inputs_exess_exess_inputs_BPW91_def2-TZVP_isomers_2140-2159_topology_11.json
************************************************************
**************** Running topology 13 of 20 *****************
************************************************************

************************************************************
********* Beginning RI-GGA_X_B88+GGA_C_PW91 energy *********
************************************************************

=======================================================
          GGA_X_B88+GGA_C_PW91 Energy Results          
=======================================================
E GGA_X_B88+GGA_C_PW91: -1384.26409
Nuclear Repulsion Energy: 3205.09783268
Electronic Energy:        -4385.97131249
XC Energy:                -203.390610
Converged:                1
# of SCF iterations:      17
SCF Time:                 24.544s

=======================================================
            Individual Calculation Summary             
=======================================================
HF Energy: -1384.2640899990112757
=======================================================


Topology 12 time: 24.709868 s, performance: SP: 0 FLOP/s, DP: 322.6 GFLOP/s
JSON file written to: json_logs/lustre_orion_chm213_scratch_ryan_dhdft_inputs_exess_exess_inputs_BPW91_def2-TZVP_isomers_2140-2159_topology_12.json
************************************************************
**************** Running topology 14 of 20 *****************
************************************************************

************************************************************
********* Beginning RI-GGA_X_B88+GGA_C_PW91 energy *********
************************************************************

=======================================================
          GGA_X_B88+GGA_C_PW91 Energy Results          
=======================================================
E GGA_X_B88+GGA_C_PW91: -1384.25721326
Nuclear Repulsion Energy: 3339.78543332
Electronic Energy:        -4520.64687755
XC Energy:                -203.395769
Converged:                1
# of SCF iterations:      17
SCF Time:                 25.976s

=======================================================
            Individual Calculation Summary             
=======================================================
HF Energy: -1384.2572132615750888
=======================================================


Topology 13 time: 26.148490 s, performance: SP: 0 FLOP/s, DP: 327.6 GFLOP/s
JSON file written to: json_logs/lustre_orion_chm213_scratch_ryan_dhdft_inputs_exess_exess_inputs_BPW91_def2-TZVP_isomers_2140-2159_topology_13.json
************************************************************
**************** Running topology 15 of 20 *****************
************************************************************

************************************************************
********* Beginning RI-GGA_X_B88+GGA_C_PW91 energy *********
************************************************************

=======================================================
          GGA_X_B88+GGA_C_PW91 Energy Results          
=======================================================
E GGA_X_B88+GGA_C_PW91: -1384.25557542
Nuclear Repulsion Energy: 3314.37559558
Electronic Energy:        -4495.23764688
XC Energy:                -203.393524
Converged:                1
# of SCF iterations:      17
SCF Time:                 25.46s

=======================================================
            Individual Calculation Summary             
=======================================================
HF Energy: -1384.2555754249451638
=======================================================


Topology 14 time: 25.641954 s, performance: SP: 0 FLOP/s, DP: 328.7 GFLOP/s
JSON file written to: json_logs/lustre_orion_chm213_scratch_ryan_dhdft_inputs_exess_exess_inputs_BPW91_def2-TZVP_isomers_2140-2159_topology_14.json
************************************************************
**************** Running topology 16 of 20 *****************
************************************************************

************************************************************
********* Beginning RI-GGA_X_B88+GGA_C_PW91 energy *********
************************************************************

=======================================================
          GGA_X_B88+GGA_C_PW91 Energy Results          
=======================================================
E GGA_X_B88+GGA_C_PW91: -1384.25321813
Nuclear Repulsion Energy: 3286.75113592
Electronic Energy:        -4467.61216633
XC Energy:                -203.392188
Converged:                1
# of SCF iterations:      18
SCF Time:                 26.609s

=======================================================
            Individual Calculation Summary             
=======================================================
HF Energy: -1384.2532181281369503
=======================================================


Topology 15 time: 26.786614 s, performance: SP: 0 FLOP/s, DP: 312 GFLOP/s
JSON file written to: json_logs/lustre_orion_chm213_scratch_ryan_dhdft_inputs_exess_exess_inputs_BPW91_def2-TZVP_isomers_2140-2159_topology_15.json
************************************************************
**************** Running topology 17 of 20 *****************
************************************************************

************************************************************
********* Beginning RI-GGA_X_B88+GGA_C_PW91 energy *********
************************************************************

=======================================================
          GGA_X_B88+GGA_C_PW91 Energy Results          
=======================================================
E GGA_X_B88+GGA_C_PW91: -1384.25444041
Nuclear Repulsion Energy: 3314.15180601
Electronic Energy:        -4495.01374942
XC Energy:                -203.392497
Converged:                1
# of SCF iterations:      18
SCF Time:                 26.836s

=======================================================
            Individual Calculation Summary             
=======================================================
HF Energy: -1384.2544404094051060
=======================================================


Topology 16 time: 27.015478 s, performance: SP: 0 FLOP/s, DP: 313.9 GFLOP/s
JSON file written to: json_logs/lustre_orion_chm213_scratch_ryan_dhdft_inputs_exess_exess_inputs_BPW91_def2-TZVP_isomers_2140-2159_topology_16.json
************************************************************
**************** Running topology 18 of 20 *****************
************************************************************

************************************************************
********* Beginning RI-GGA_X_B88+GGA_C_PW91 energy *********
************************************************************

=======================================================
          GGA_X_B88+GGA_C_PW91 Energy Results          
=======================================================
E GGA_X_B88+GGA_C_PW91: -1384.26778683
Nuclear Repulsion Energy: 3230.07514462
Electronic Energy:        -4410.94710755
XC Energy:                -203.395824
Converged:                1
# of SCF iterations:      17
SCF Time:                 24.198s

=======================================================
            Individual Calculation Summary             
=======================================================
HF Energy: -1384.2677868277621656
=======================================================


Topology 17 time: 24.368179 s, performance: SP: 0 FLOP/s, DP: 332 GFLOP/s
JSON file written to: json_logs/lustre_orion_chm213_scratch_ryan_dhdft_inputs_exess_exess_inputs_BPW91_def2-TZVP_isomers_2140-2159_topology_17.json
************************************************************
**************** Running topology 19 of 20 *****************
************************************************************

************************************************************
********* Beginning RI-GGA_X_B88+GGA_C_PW91 energy *********
************************************************************

=======================================================
          GGA_X_B88+GGA_C_PW91 Energy Results          
=======================================================
E GGA_X_B88+GGA_C_PW91: -1384.26628754
Nuclear Repulsion Energy: 3229.6621354
Electronic Energy:        -4410.5371506
XC Energy:                -203.391272
Converged:                1
# of SCF iterations:      17
SCF Time:                 24.714s

=======================================================
            Individual Calculation Summary             
=======================================================
HF Energy: -1384.2662875410505876
=======================================================


Topology 18 time: 24.885049 s, performance: SP: 0 FLOP/s, DP: 324.7 GFLOP/s
JSON file written to: json_logs/lustre_orion_chm213_scratch_ryan_dhdft_inputs_exess_exess_inputs_BPW91_def2-TZVP_isomers_2140-2159_topology_18.json
************************************************************
**************** Running topology 20 of 20 *****************
************************************************************

************************************************************
********* Beginning RI-GGA_X_B88+GGA_C_PW91 energy *********
************************************************************

=======================================================
          GGA_X_B88+GGA_C_PW91 Energy Results          
=======================================================
E GGA_X_B88+GGA_C_PW91: -1384.25844266
Nuclear Repulsion Energy: 3299.63402529
Electronic Energy:        -4480.49753971
XC Energy:                -203.394928
Converged:                1
# of SCF iterations:      17
SCF Time:                 25.153s

=======================================================
            Individual Calculation Summary             
=======================================================
HF Energy: -1384.2584426637467914
=======================================================


Topology 19 time: 25.334866 s, performance: SP: 0 FLOP/s, DP: 330.5 GFLOP/s
JSON file written to: json_logs/lustre_orion_chm213_scratch_ryan_dhdft_inputs_exess_exess_inputs_BPW91_def2-TZVP_isomers_2140-2159_topology_19.json
Total flops: SP: 0 FLOPS, DP: 165.53024 TFLOPS
Performance: SP: 0 FLOP/s, DP: 312.9 GFLOP/s

Now, a word from our sponsors... 
 You look tired...

[31mTotal processing time 529.239173 seconds[0m
[CRAYBLAS_WARNING] Application linked against multiple cray-libsci libraries
  | -1384.2669662268 |   2.9308e-03   |    1.0852     |    0.2447
    7     | -1384.2675081633 |   9.5058e-04   |    1.1028     |    0.2643
    8     | -1384.2677420874 |   1.4889e-04   |    1.1485     |    0.2066
    9     | -1384.2677834719 |   1.1396e-05   |    0.9705     |    0.1671
   10     | -1384.2677860628 |   2.6899e-06   |    0.9697     |    0.2071
   11     | -1384.2677867672 |   2.0802e-07   |    1.1414     |    0.2638
   12     | -1384.2677867869 |   1.3935e-07   |    1.1199     |    0.3425
   13     | -1384.2677868243 |   1.1949e-08   |    1.1072     |    0.2443
   14     | -1384.2677868270 |   2.6432e-09   |    0.9735     |    0.2073
   15     | -1384.2677868277 |   1.2911e-10   |    0.9699     |    0.1683
   16     | -1384.2677868277 |   3.3107e-10   |    1.0990     |    0.2634
   17     | -1384.2677868278 |   5.0316e-11   |    1.1485     |    0.2067
Created 506344 / 2005056 significant shell pairs
Created 391610 / 1527696 significant shell pairs
Total number of grid points: 285398 (5096 per atom)
One electron integrals and orthogonalizer took 0.036304s
Created 391610 / 1527696 significant shell pairs
3C integrals and B formation took 1.550937s
Iteration |      Energy      |  DIIS Metric   | Fock Time (s) | DIIS Time (s)
----------+------------------+----------------+---------------+--------------
    1     | -1392.6805188823 |   8.3747e+02   |    1.0759     |    0.3196
    2     | -1383.4550089580 |   2.9579e+00   |    1.0830     |    0.2887
    3     | -1383.0894369122 |   4.3874e+00   |    1.1293     |    0.2927
    4     | -1384.2341538000 |   1.1879e-01   |    0.8344     |    0.2672
    5     | -1384.2557630205 |   3.9650e-02   |    0.9543     |    0.2632
    6     | -1384.2653221527 |   3.4283e-03   |    1.1308     |    0.2542
    7     | -1384.2660196793 |   9.0997e-04   |    1.1237     |    0.2294
    8     | -1384.2662387924 |   1.6253e-04   |    1.1108     |    0.2585
    9     | -1384.2662836985 |   1.2975e-05   |    0.9546     |    0.2628
   10     | -1384.2662864476 |   3.6547e-06   |    0.9205     |    0.3282
   11     | -1384.2662874672 |   2.5001e-07   |    1.0919     |    0.2895
   12     | -1384.2662875097 |   1.1063e-07   |    1.1731     |    0.2986
   13     | -1384.2662875380 |   1.0753e-08   |    1.1232     |    0.2919
   14     | -1384.2662875404 |   2.4273e-09   |    0.9102     |    0.2453
   15     | -1384.2662875410 |   2.5218e-10   |    0.9724     |    0.2071
   16     | -1384.2662875409 |   4.8327e-10   |    1.1470     |    0.2578
   17     | -1384.2662875411 |   9.6730e-11   |    1.1305     |    0.2543
Created 526442 / 2005056 significant shell pairs
Created 407516 / 1527696 significant shell pairs
Total number of grid points: 283580 (5063 per atom)
One electron integrals and orthogonalizer took 0.118265s
Created 407516 / 1527696 significant shell pairs
3C integrals and B formation took 1.559901s
Iteration |      Energy      |  DIIS Metric   | Fock Time (s) | DIIS Time (s)
----------+------------------+----------------+---------------+--------------
    1     | -1392.6862578769 |   8.4019e+02   |    1.0822     |    0.3252
    2     | -1383.4499075675 |   2.9473e+00   |    1.0778     |    0.2043
    3     | -1383.0912957419 |   4.3478e+00   |    1.1810     |    0.2134
    4     | -1384.2264213316 |   1.1364e-01   |    0.9267     |    0.2456
    5     | -1384.2432394169 |   5.4179e-02   |    1.0105     |    0.2982
    6     | -1384.2571687663 |   4.5821e-03   |    1.1335     |    0.2068
    7     | -1384.2582056016 |   8.2405e-04   |    1.1805     |    0.2135
    8     | -1384.2583900491 |   1.9103e-04   |    1.1378     |    0.2548
    9     | -1384.2584394749 |   1.1471e-05   |    0.9202     |    0.2583
   10     | -1384.2584410552 |   5.4203e-06   |    0.9643     |    0.2132
   11     | -1384.2584425609 |   3.5488e-07   |    1.1401     |    0.2546
   12     | -1384.2584426273 |   1.2939e-07   |    1.1325     |    0.1857
   13     | -1384.2584426604 |   1.1554e-08   |    1.1185     |    0.2135
   14     | -1384.2584426631 |   2.2356e-09   |    0.9646     |    0.2132
   15     | -1384.2584426637 |   2.0870e-10   |    0.9273     |    0.2457
   16     | -1384.2584426636 |   3.9873e-10   |    1.1412     |    0.2137
   17     | -1384.2584426637 |   4.5301e-11   |    1.2298     |    0.2481
Please cite the following papers for the methods used in this calculation:
 - J.L. Galvez Vallejo et. al., Toward an extreme-scale electronic structure system, J. Chem. Phys., 2023. DOI: 10.1063/5.0156399

 - R. Stocks, E. Palethorpe, and G.M.J. Barca, Multi-GPU RI-HF Energies and Analytic Gradients ─ Toward High-Throughput Ab Initio Molecular Dynamics, J. Chem. Theory Comput., 2024. DOI: 10.1021/acs.jctc.4c00877
   For:
     * RI-HF energy

 - D.B. Williams-Young, W.A. de Jong, H.J.J. van Dam, and C. Yang, On the Efficient Evaluation of the Exchange Correlation Potential on Graphics Processing Unit Clusters, Frontiers in Chemistry, 2020. DOI: 10.3389/fchem.2020.581058
   For:
     * GauXC implementation of exchange-correlation integration

 - R. Stocks and G.M.J. Barca, Efficient Algorithms for GPU Accelerated Evaluation of the DFT Exchange-Correlation Functional, J. Chem. Theory Comput., 2025. DOI: 10.1021/acs.jctc.5c01229
   For:
     * GPU accelerated DFT exchange-correlation evaluation

 - A. D. Becke.,  Phys. Rev. A 38, 3098 (1988) DOI: 10.1103/PhysRevA.38.3098
   For:
     * GGA_X_B88 XC Functional

 - J. P. Perdew. In P. Ziesche and H. Eschrig, editors, Proceedings of the 75. WE-Heraeus-Seminar and 21st Annual International Symposium on Electronic Structure of Solids, 11. Berlin, 1991. Akademie Verlag. DOI: 
   For:
     * GGA_C_PW91 XC Functional

[CRAYBLAS_WARNING] Application linked against multiple cray-libsci libraries
