Total number of grid points: 348812 (5129 per atom)
Total number of grid points: 341235 (5018 per atom)
Total number of grid points: 345920 (5087 per atom)
Total number of grid points: 344075 (5059 per atom)
Total number of grid points: 341783 (5026 per atom)
Total number of grid points: 344190 (5061 per atom)
Total number of grid points: 342826 (5041 per atom)
Total number of grid points: 342200 (5032 per atom)
Total number of grid points: 336317 (4945 per atom)
Total number of grid points: 345899 (5086 per atom)
Total number of grid points: 341217 (5017 per atom)
Total number of grid points: 344250 (5062 per atom)
Total number of grid points: 348018 (5117 per atom)
Total number of grid points: 350717 (5157 per atom)
Total number of grid points: 343063 (5045 per atom)
Total number of grid points: 343778 (5055 per atom)
Total number of grid points: 341687 (5024 per atom)
Total number of grid points: 344798 (5070 per atom)
Total number of grid points: 341317 (5019 per atom)
Total number of grid points: 340770 (5011 per atom)
[CRAYBLAS_WARNING] Application linked against multiple cray-libsci libraries
6480
   10     | -1691.3317145757 |   4.8809e-06   |    1.2986     |    0.3881
   11     | -1691.3317158939 |   2.7293e-07   |    1.4886     |    0.4581
   12     | -1691.3317159116 |   2.1918e-07   |    1.3844     |    0.5090
   13     | -1691.3317159710 |   9.6190e-09   |    1.3503     |    0.4613
   14     | -1691.3317159721 |   5.4128e-09   |    1.3933     |    0.3815
   15     | -1691.3317159735 |   2.7247e-10   |    1.1273     |    0.3833
   16     | -1691.3317159734 |   5.8546e-10   |    1.3109     |    0.3919
   17     | -1691.3317159736 |   1.8599e-10   |    1.3151     |    0.3904
   18     | -1691.3317159736 |   1.9709e-11   |    1.3124     |    0.4318
Created 672595 / 2985984 significant shell pairs
Created 521385 / 2274064 significant shell pairs
Total number of grid points: 345994 (5088 per atom)
One electron integrals and orthogonalizer took 0.093465s
Created 521385 / 2274064 significant shell pairs
3C integrals and B formation took 2.483021s
Iteration |      Energy      |  DIIS Metric   | Fock Time (s) | DIIS Time (s)
----------+------------------+----------------+---------------+--------------
    1     | -1701.7891681333 |   1.0289e+03   |    1.4775     |    0.5258
    2     | -1690.4305872962 |   3.3187e+00   |    1.4155     |    0.6266
    3     | -1690.0025410496 |   4.9360e+00   |    1.3583     |    0.5934
    4     | -1691.3128896210 |   1.1761e-01   |    1.2734     |    0.5665
    5     | -1691.3327937189 |   4.6918e-02   |    1.2629     |    0.5936
    6     | -1691.3444625088 |   3.2438e-03   |    1.4393     |    0.6694
    7     | -1691.3450631232 |   1.0420e-03   |    1.4442     |    0.6695
    8     | -1691.3453219648 |   1.6556e-04   |    1.4452     |    0.4284
    9     | -1691.3453641094 |   1.8350e-05   |    1.2384     |    0.4168
   10     | -1691.3453681305 |   4.3578e-06   |    1.2760     |    0.3795
   11     | -1691.3453693309 |   3.4895e-07   |    1.4406     |    0.4320
   12     | -1691.3453693672 |   2.4376e-07   |    1.4330     |    0.3421
   13     | -1691.3453694332 |   1.5868e-08   |    1.3802     |    0.3820
   14     | -1691.3453694355 |   7.7060e-09   |    1.2356     |    0.4320
   15     | -1691.3453694377 |   2.2613e-10   |    1.2350     |    0.4176
   16     | -1691.3453694376 |   5.9570e-10   |    1.4479     |    0.3942
   17     | -1691.3453694377 |   1.5417e-10   |    1.4400     |    0.3506
   18     | -1691.3453694377 |   1.8535e-11   |    1.4348     |    0.3421
Created 715512 / 2985984 significant shell pairs
Created 555334 / 2274064 significant shell pairs
Total number of grid points: 336649 (4950 per atom)
One electron integrals and orthogonalizer took 0.135815s
Created 555334 / 2274064 significant shell pairs
3C integrals and B formation took 2.695621s
Iteration |      Energy      |  DIIS Metric   | Fock Time (s) | DIIS Time (s)
----------+------------------+----------------+---------------+--------------
    1     | -1701.7977717525 |   1.0336e+03   |    1.5110     |    0.4715
    2     | -1690.4180209858 |   3.3297e+00   |    1.4375     |    0.3499
    3     | -1689.9686563498 |   5.0424e+00   |    1.5203     |    0.4302
    4     | -1691.2992355246 |   1.2717e-01   |    1.3164     |    0.3496
    5     | -1691.3143467962 |   7.4407e-02   |    1.3971     |    0.4314
    6     | -1691.3332586379 |   5.5391e-03   |    1.3908     |    0.3820
    7     | -1691.3344485253 |   1.1623e-03   |    1.5605     |    0.3497
    8     | -1691.3347135388 |   2.1885e-04   |    1.4386     |    0.4326
    9     | -1691.3347657836 |   4.0642e-05   |    1.3974     |    0.4322
   10     | -1691.3347758869 |   7.9382e-06   |    1.3576     |    0.4315
   11     | -1691.3347779497 |   5.6011e-07   |    1.5602     |    0.3506
   12     | -1691.3347780264 |   2.8866e-07   |    1.4391     |    0.4318
   13     | -1691.3347781024 |   2.9225e-08   |    1.5190     |    0.4730
   14     | -1691.3347781084 |   8.9375e-09   |    1.3082     |    0.3558
   15     | -1691.3347781108 |   2.0083e-10   |    1.2607     |    0.3509
   16     | -1691.3347781108 |   3.1447e-10   |    1.5175     |    0.4730
   17     | -1691.3347781109 |   4.8880e-11   |    1.4377     |    0.3505
Created 731373 / 2985984 significant shell pairs
Created 567654 / 2274064 significant shell pairs
Total number of grid points: 342438 (5035 per atom)
One electron integrals and orthogonalizer took 0.136219s
Created 567654 / 2274064 significant shell pairs
3C integrals and B formation took 2.739538s
Iteration |      Energy      |  DIIS Metric   | Fock Time (s) | DIIS Time (s)
----------+------------------+----------------+---------------+--------------
    1     | -1701.7932797169 |   1.0360e+03   |    1.5823     |    0.4639
    2     | -1690.3988968496 |   3.3119e+00   |    1.5824     |    0.4640
    3     | -1689.9349759167 |   5.0810e+00   |    1.5816     |    0.4639
    4     | -1691.2614304768 |   1.8208e-01   |    1.4234     |    0.5629
    5     | -1691.2836517019 |   9.9309e-02   |    1.3520     |    0.5400
    6     | -1691.3099736718 |   7.7921e-03   |    1.4103     |    0.5339
    7     | -1691.3117913309 |   1.1847e-03   |    1.5506     |    0.5390
    8     | -1691.3120117653 |   4.0499e-04   |    1.5485     |    0.3820
    9     | -1691.3121205129 |   3.3667e-05   |    1.3510     |    0.3010
   10     | -1691.3121267348 |   1.3218e-05   |    1.4242     |    0.3423
   11     | -1691.3121302380 |   1.1518e-06   |    1.4105     |    0.3769
   12     | -1691.3121305021 |   2.7857e-07   |    1.5878     |    0.3216
   13     | -1691.3121305734 |   3.6115e-08   |    1.4573     |    0.3825
   14     | -1691.3121305807 |   9.8518e-09   |    1.4228     |    0.3422
   15     | -1691.3121305834 |   4.1852e-10   |    1.3780     |    0.3825
   16     | -1691.3121305833 |   9.1201e-10   |    1.5858     |    0.3240
   17     | -1691.3121305835 |   7.1375e-11   |    1.4616     |    0.3825
Created 697058 / 2985984 significant shell pairs
Created 541179 / 2274064 significant shell pairs
Total number of grid points: 348905 (5130 per atom)
One electron integrals and orthogonalizer took 0.054307s
Created 541179 / 2274064 significant shell pairs
3C integrals and B formation took 2.808614s
Iteration |      Energy      |  DIIS Metric   | Fock Time (s) | DIIS Time (s)
----------+------------------+----------------+---------------+--------------
    1     | -1701.7832361851 |   1.0297e+03   |    1.5209     |    0.4713
    2     | -1690.4196991604 |   3.3009e+00   |    1.5188     |    0.3512
    3     | -1689.9960042052 |   4.9139e+00   |    1.4377     |    0.4312
    4     | -1691.2978932459 |   1.2378e-01   |    1.3155     |    0.3500
    5     | -1691.3185526484 |   4.6043e-02   |    1.3973     |    0.3495
    6     | -1691.3297992854 |   4.8515e-03   |    1.4380     |    0.4320
    7     | -1691.3308865608 |   1.0045e-03   |    1.5174     |    0.4723
    8     | -1691.3311017918 |   2.5727e-04   |    1.4375     |    0.3508
    9     | -1691.3311682964 |   3.0199e-05   |    1.4181     |    0.3294
   10     | -1691.3311747126 |   9.5508e-06   |    1.3320     |    0.3971
   11     | -1691.3311774060 |   7.3317e-07   |    1.4644     |    0.4324
   12     | -1691.3311775473 |   2.5986e-07   |    1.3845     |    0.3819
   13     | -1691.3311776142 |   2.6686e-08   |    1.5603     |    0.3508
   14     | -1691.3311776198 |   6.9587e-09   |    1.3292     |    0.3949
   15     | -1691.3311776217 |   3.8295e-10   |    1.3320     |    0.3679
   16     | -1691.3311776215 |   1.2189e-09   |    1.5340     |    0.4316
   17     | -1691.3311776218 |   1.6572e-10   |    1.5603     |    0.3503
   18     | -1691.3311776218 |   3.3062e-11   |    1.4387     |    0.4322
Created 680492 / 2985984 significant shell pairs
Created 528213 / 2274064 significant shell pairs
Total number of grid points: 334138 (4913 per atom)
One electron integrals and orthogonalizer took 0.176166s
Created 528213 / 2274064 significant shell pairs
3C integrals and B formation took 2.687289s
Iteration |      Energy      |  DIIS Metric   | Fock Time (s) | DIIS Time (s)
----------+------------------+----------------+---------------+--------------
    1     | -1701.7890256531 |   1.0289e+03   |    1.5235     |    0.4254
    2     | -1690.4329174885 |   3.3202e+00   |    1.4452     |    0.3510
    3     | -1690.0046928084 |   4.9556e+00   |    1.4319     |    0.3424
    4     | -1691.3156201809 |   1.1916e-01   |    1.2756     |    0.3899
    5     | -1691.3332146824 |   5.2176e-02   |    1.3562     |    0.4315
    6     | -1691.3461638573 |   5.9868e-03   |    1.5165     |    0.4745
    7     | -1691.3475914513 |   9.5348e-04   |    1.3757     |    0.3766
    8     | -1691.3477982959 |   2.3113e-04   |    1.4797     |    0.3413
    9     | -1691.3478597004 |   1.7947e-05   |    1.3565     |    0.4323
   10     | -1691.3478635726 |   4.4686e-06   |    1.3162     |    0.3508
   11     | -1691.3478646938 |   4.1786e-07   |    1.4920     |    0.3364
   12     | -1691.3478647283 |   2.9275e-07   |    1.5178     |    0.5149
   13     | -1691.3478648103 |   2.2188e-08   |    1.4379     |    0.4322
   14     | -1691.3478648152 |   5.8367e-09   |    1.3157     |    0.3510
   15     | -1691.3478648168 |   1.8337e-10   |    1.3964     |    0.3507
   16     | -1691.3478648168 |   2.1308e-10   |    1.4370     |    0.4320
   17     | -1691.3478648168 |   1.0527e-10   |    1.4314     |    0.3420
   18     | -1691.3478648169 |   1.5270e-11   |    1.3814     |    0.3820
Created 684848 / 2985984 significant shell pairs
Created 531072 / 2274064 significant shell pairs
Total number of grid points: 345780 (5085 per atom)
One electron integrals and orthogonalizer took 0.094353s
Created 531072 / 2274064 significant shell pairs
3C integrals and B formation took 2.632095s
Iteration |      Energy      |  DIIS Metric   | Fock Time (s) | DIIS Time (s)
----------+------------------+----------------+---------------+--------------
    1     | -1701.7843458661 |   1.0298e+03   |    1.3888     |    0.5391
    2     | -1690.4214994287 |   3.3047e+00   |    1.4987     |    0.3365
    3     | -1689.9932066374 |   4.9192e+00   |    1.5183     |    0.5132
    4     | -1691.3004964255 |   1.2286e-01   |    1.3158     |    0.4314
    5     | -1691.3207372485 |   4.9936e-02   |    1.2748     |    0.4054
    6     | -1691.3330281007 |   4.6657e-03   |    1.5039     |    0.3503
    7     | -1691.3340340774 |   1.1364e-03   |    1.4371     |    0.4317
    8     | -1691.3342943635 |   2.4328e-04   |    1.4337     |    0.3421
    9     | -1691.3343567940 |   2.1740e-05   |    1.2755     |    0.3909
   10     | -1691.3343610051 |   7.5235e-06   |    1.3570     |    0.4322
   11     | -1691.3343630023 |   5.7221e-07   |    1.5167     |    0.4735
   12     | -1691.3343630866 |   2.8071e-07   |    1.3750     |    0.3763
   13     | -1691.3343631622 |   2.3716e-08   |    1.5234     |    0.4325
   14     | -1691.3343631669 |   8.3764e-09   |    1.2691     |    0.3822
   15     | -1691.3343631692 |   2.9354e-10   |    1.3169     |    0.3507
   16     | -1691.3343631690 |   8.5551e-10   |    1.5179     |    0.4319
   17     | -1691.3343631692 |   2.0336e-10   |    1.5614     |    0.3503
   18     | -1691.3343631693 |   2.4557e-11   |    1.4374     |    0.4322
Created 689715 / 2985984 significant shell pairs
Created 535555 / 2274064 significant shell pairs
Total number of grid points: 340236 (5003 per atom)
One electron integrals and orthogonalizer took 0.054709s
Created 535555 / 2274064 significant shell pairs
3C integrals and B formation took 2.694409s
Iteration |      Energy      |  DIIS Metric   | Fock Time (s) | DIIS Time (s)
----------+------------------+----------------+---------------+--------------
    1     | -1701.7917210497 |   1.0294e+03   |    1.5112     |    0.4310
    2     | -1690.4319829037 |   3.3148e+00   |    1.5202     |    0.5135
    3     | -1690.0034673285 |   4.9295e+00   |    1.4377     |    0.4307
    4     | -1691.3119822599 |   1.2285e-01   |    1.3164     |    0.3497
    5     | -1691.3332404974 |   4.7817e-02   |    1.3972     |    0.3499
    6     | -1691.3452251863 |   3.0021e-03   |    1.4384     |    0.4314
    7     | -1691.3457672002 |   9.5540e-04   |    1.5171     |    0.4729
    8     | -1691.3459920836 |   1.9001e-04   |    1.3767     |    0.3681
    9     | -1691.3460414065 |   1.6907e-05   |    1.2752     |    0.3827
   10     | -1691.3460446566 |   4.9909e-06   |    1.3199     |    0.4766
   11     | -1691.3460459765 |   2.8988e-07   |    1.4196     |    0.3011
   12     | -1691.3460459997 |   2.1269e-07   |    1.5180     |    0.4317
   13     | -1691.3460460598 |   1.3410e-08   |    1.5607     |    0.3508
   14     | -1691.3460460619 |   5.9215e-09   |    1.3196     |    0.4780
   15     | -1691.3460460635 |   2.5182e-10   |    1.3074     |    0.4176
   16     | -1691.3460460634 |   6.3716e-10   |    1.5345     |    0.4316
   17     | -1691.3460460635 |   1.4431e-10   |    1.5602     |    0.3505
   18     | -1691.3460460636 |   2.0594e-11   |    1.4374     |    0.4322
Created 730285 / 2985984 significant shell pairs
Created 566969 / 2274064 significant shell pairs
Total number of grid points: 345354 (5078 per atom)
One electron integrals and orthogonalizer took 0.054203s
Created 566969 / 2274064 significant shell pairs
3C integrals and B formation took 2.809696s
Iteration |      Energy      |  DIIS Metric   | Fock Time (s) | DIIS Time (s)
----------+------------------+----------------+---------------+--------------
    1     | -1701.7987917013 |   1.0343e+03   |    1.5203     |    0.4716
    2     | -1690.4165007161 |   3.3339e+00   |    1.5188     |    0.3508
    3     | -1689.9426542618 |   5.1271e+00   |    1.4384     |    0.4316
    4     | -1691.2789619821 |   1.8721e-01   |    1.3968     |    0.4316
    5     | -1691.3002802319 |   1.1548e-01   |    1.3575     |    0.4303
    6     | -1691.3325695958 |   7.1406e-03   |    1.5605     |    0.3496
    7     | -1691.3340507242 |   1.6611e-03   |    1.4390     |    0.4308
    8     | -1691.3344033671 |   4.7655e-04   |    1.5182     |    0.4731
    9     | -1691.3345284171 |   3.2150e-05   |    1.3096     |    0.3568
   10     | -1691.3345354169 |   7.2627e-06   |    1.2820     |    0.3015
   11     | -1691.3345372667 |   6.7306e-07   |    1.5179     |    0.4730
   12     | -1691.3345373686 |   3.4639e-07   |    1.4381     |    0.3509
   13     | -1691.3345374621 |   2.3042e-08   |    1.5202     |    0.4316
   14     | -1691.3345374649 |   1.1729e-08   |    1.3387     |    0.3015
   15     | -1691.3345374682 |   3.3664e-10   | =======================================================
         GGA_X_PBE_R+GGA_C_PBE Energy Results          
=======================================================
E GGA_Created 759456 / 2985984 significant shell pairs
Created 590289 / 2274064 significant shell pairs
Total number of grid points: 339001 (4985 per atom)
One electron integrals and orthogonalizer took 0.095613s
Created 590289 / 2274064 significant shell pairs
3C integrals and B formation took 2.864240s
Iteration |      Energy      |  DIIS Metric   | Fock Time (s) | DIIS Time (s)
----------+------------------+----------------+---------------+--------------
    1     | -1701.7994569085 |   1.0369e+03   |    1.5431     |    0.4299
    2     | -1690.4082596227 |   3.3326e+00   |    1.4521     |    0.3422
    3     | -1689.9276579609 |   5.1371e+00   |    1.4577     |    0.3586
    4     | -1691.2709477805 |   1.8908e-01   |    1.5297     |    0.3215
    5     | -1691.2962243173 |   1.0575e-01   |    1.3392     |    0.4010
    6     | -1691.3248130886 |   7.3065e-03   |    1.6033     |    0.4502
    7     | -1691.3263246173 |   1.8592e-03   |    1.4652     |    0.3216
    8     | -1691.3267641540 |   4.3108e-04   |    1.5808     |    0.3981
    9     | -1691.3268712549 |   3.5712e-05   |  =======================================================
         GGA_X_PBE_R+GGA_C_PBE Energy Results          
=======================================================
E GGA_X_PBE_R+GGA_C_PBE: -1691.32688125
Nuclear Repulsion Energy: 4717.55924511
Electronic Energy:        -6160.68842083
XC Energy:                -248.197706
Converged:                1
# of SCF iterations:      17
SCF Time:                 35.376s

=======================================================
            Individual Calculation Summary             
=======================================================
HF Energy: -1691.3268812544190Created 711619 / 2985984 significant shell pairs
Created 552582 / 2274064 significant shell pairs
Total number of grid points: 344012 (5059 per atom)
One electron integrals and orthogonalizer took 0.094993s
Created 552582 / 2274064 significant shell pairs
3C integrals and B formation took 2.736239s
Iteration |      Energy      |  DIIS Metric   | Fock Time (s) | DIIS Time (s)
----------+------------------+----------------+---------------+--------------
    1     | -1701.7911345237 |   1.0321e+03   |    1.6378     |    0.4679
    2     | -1690.4209663328 |   3.3165e+00   |    1.4548     |    0.3426
    3     | -1689.9845554490 |   4.9451e+00   |    =======================================================
         GGA_X_PBE_R+GGA_C_PBE Energy Results          
=======================================================
E GGA_X_PBE_R+GGA_C_PBE: -1691.33635288
Nuclear Repulsion Energy: 4572.81221984
Electronic Energy:        -6015.95641637
XC Energy:                -248.192156
Converged:                1
# of SCF iterations:      17
SCF Time:                 35.008s

=======================================================
            Individual Calculation Summary             
=======================================================
HF Energy: -1691.3363528789293468
=======================================================


Topology 10 time: 35.244491 s, performance: SP: 0 FLOP/s, DP: 474.4 GFLOP/s
JSON file written to: json_logs/lustre_orion_chm213_scratch_ryan_dhdft_inputs_exess_exess_inputs_revPBE_def2-TZVP_isomers_33140-33159_topology_10.json
************************************************************
**************** Running topology 12 of 20 *****************
*******************************Created 771847 / 2985984 significant shell pairs
Created 599224 / 2274064 significant shell pairs
Total number of grid points: 337906 (4969 per atom)
One electron integrals and orthogonalizer took 0.060006s
Created =======================================================
         GGA_X_PBE_R+GGA_C_PBE Energy Results          
=======================================================
E GGA_X_PBE_R+GGA_C_PBE: -1691.32454223
Nuclear Repulsion Energy: 4753.99119809
Electronic Energy:        -6197.11914991
XC Energy:                -248.196590
Converged:                1
# of SCF iterations:      18
SCF Time:                 38.213s

=======================================================
            Individual Calculation Summary             
=======================================================
HF Energy: -1691.3245422335003241
=======================================================


Topology 11 time: 38.467014 s, performance: SP: 0 FLOP/s, DP: 470.2 GFLOP/s
JSON file written to: json_logs/lustre_orion_chm213_scratch_ryan_dhdft_inputs_exess_exess_inputs_revPBE_def2-TZVP_isomers_33140-33159_topology_11.json
************************************************************
**************** Running topology 13 of 20 *****************
************************************************************

************************************************************
******** Beginning RI-GGA_X_PBE_R+GGA_C_PBE energy *********
************************************************************

=======================================================
         GGA_X_PBE_R+GGA_C_PBE Energy Results          
=======================================================
E GGA_X_PBE_R+GGA_C_PBE: -1691.30640703
Nuclear Repulsion Energy: 5007.94915986
Electronic Energy:        -6451.04810404
XC Energy:                -248.207463
Converged:                1
# of SCF iterations:      18
SCF Time:                 41.611s

=======================================================
            Individual Calculation Summary             
=======================================================
HF Energy: -1691.3064070277202973
=======================================================


Topology 12 time: 41.892621 s, performance: SP: 0 FLOP/s, DP: 476 GFLOP/s
JSON file written to: json_logs/lustre_orion_chm213_scratch_ryan_dhdft_inputs_exess_exess_inputs_revPBE_def2-TZVP_isomers_33140-33159_topology_12.json
************************************************************
**************** Running topology 14 of 20 *****************
************************************************************

************************************************************
******** Beginning RI-GGA_X_PBE_R+GGA_C_PBE energy *********
************************************************************

=======================================================
         GGA_X_PBE_R+GGA_C_PBE Energy Results          
=======================================================
E GGA_X_PBE_R+GGA_C_PBE: -1691.31085002
Nuclear Repulsion Energy: 4869.90886293
Electronic Energy:        -6313.0200915
XC Energy:                -248.199621
Converged:                1
# of SCF iterations:      19
SCF Time:                 42.485s

=======================================================
            Individual Calculation Summary             
=======================================================
HF Energy: -1691.3108500249802546
=======================================================


Topology 13 time: 42.755046 s, performance: SP: 0 FLOP/s, DP: 445.9 GFLOP/s
JSON file written to: json_logs/lustre_orion_chm213_scratch_ryan_dhdft_inputs_exess_exess_inputs_revPBE_def2-TZVP_isomers_33140-33159_topology_13.json
************************************************************
**************** Running topology 15 of 20 *****************
************************************************************

************************************************************
******** Beginning RI-GGA_X_PBE_R+GGA_C_PBE energy *********
************************************************************

=======================================================
         GGA_X_PBE_R+GGA_C_PBE Energy Results          
=======================================================
E GGA_X_PBE_R+GGA_C_PBE: -1691.3209668
Nuclear Repulsion Energy: 4697.04165772
Electronic Energy:        -6140.16800489
XC Energy:                -248.194620
Converged:                1
# of SCF iterations:      17
SCF Time:                 35.75s

=======================================================
            Individual Calculation Summary             
=======================================================
HF Energy: -1691.3209668039035023
=======================================================


Topology 14 time: 36.007715 s, performance: SP: 0 FLOP/s, DP: 488.2 GFLOP/s
JSON file written to: json_logs/lustre_orion_chm213_scratch_ryan_dhdft_inputs_exess_exess_inputs_revPBE_def2-TZVP_isomers_33140-33159_topology_14.json
************************************************************
**************** Running topology 16 of 20 *****************
************************************************************

************************************************************
******** Beginning RI-GGA_X_PBE_R+GGA_C_PBE energy *********
************************************************************

=======================================================
         GGA_X_PBE_R+GGA_C_PBE Energy Results          
=======================================================
E GGA_X_PBE_R+GGA_C_PBE: -1691.31211467
Nuclear Repulsion Energy: 4745.04426756
Electronic Energy:        -6188.16291568
XC Energy:                -248.193467
Converged:                1
# of SCF iterations:      18
SCF Time:                 37.719s

=======================================================
            Individual Calculation Summary             
=======================================================
HF Energy: -1691.3121146725973176
=======================================================


Topology 15 time: 37.982747 s, performance: SP: 0 FLOP/s, DP: 474.6 GFLOP/s
JSON file written to: json_logs/lustre_orion_chm213_scratch_ryan_dhdft_inputs_exess_exess_inputs_revPBE_def2-TZVP_isomers_33140-33159_topology_15.json
************************************************************
**************** Running topology 17 of 20 *****************
************************************************************

************************************************************
******** Beginning RI-GGA_X_PBE_R+GGA_C_PBE energy *********
************************************************************

=======================================================
         GGA_X_PBE_R+GGA_C_PBE Energy Results          
=======================================================
E GGA_X_PBE_R+GGA_C_PBE: -1691.31155954
Nuclear Repulsion Energy: 4772.38056115
Electronic Energy:        -6215.49499638
XC Energy:                -248.197124
Converged:                1
# of SCF iterations:      18
SCF Time:                 38.788s

=======================================================
            Individual Calculation Summary             
=======================================================
HF Energy: -1691.3115595445551662
=======================================================


Topology 16 time: 39.056812 s, performance: SP: 0 FLOP/s, DP: 466.5 GFLOP/s
JSON file written to: json_logs/lustre_orion_chm213_scratch_ryan_dhdft_inputs_exess_exess_inputs_revPBE_def2-TZVP_isomers_33140-33159_topology_16.json
************************************************************
**************** Running topology 18 of 20 *****************
************************************************************

************************************************************
******** Beginning RI-GGA_X_PBE_R+GGA_C_PBE energy *********
************************************************************

=======================================================
         GGA_X_PBE_R+GGA_C_PBE Energy Results          
=======================================================
E GGA_X_PBE_R+GGA_C_PBE: -1691.31709186
Nuclear Repulsion Energy: 4769.47696032
Electronic Energy:        -6212.59909056
XC Energy:                -248.194962
Converged:                1
# of SCF iterations:      18
SCF Time:                 38.789s

=======================================================
            Individual Calculation Summary             
=======================================================
HF Energy: -1691.3170918639109459
=======================================================


Topology 17 time: 39.061741 s, performance: SP: 0 FLOP/s, DP: 465.9 GFLOP/s
JSON file written to: json_logs/lustre_orion_chm213_scratch_ryan_dhdft_inputs_exess_exess_inputs_revPBE_def2-TZVP_isomers_33140-33159_topology_17.json
************************************************************
**************** Running topology 19 of 20 *****************
************************************************************

************************************************************
******** Beginning RI-GGA_X_PBE_R+GGA_C_PBE energy *********
************************************************************

=======================================================
         GGA_X_PBE_R+GGA_C_PBE Energy Results          
=======================================================
E GGA_X_PBE_R+GGA_C_PBE: -1691.30516274
Nuclear Repulsion Energy: 4720.86371627
Electronic Energy:        -6163.97634034
XC Energy:                -248.192539
Converged:                1
# of SCF iterations:      17
SCF Time:                 36.815s

=======================================================
            Individual Calculation Summary             
=======================================================
HF Energy: -1691.3051627361778628
=======================================================


Topology 18 time: 37.079458 s, performance: SP: 0 FLOP/s, DP: 478.1 GFLOP/s
JSON file written to: json_logs/lustre_orion_chm213_scratch_ryan_dhdft_inputs_exess_exess_inputs_revPBE_def2-TZVP_isomers_33140-33159_topology_18.json
************************************************************
**************** Running topology 20 of 20 *****************
************************************************************

************************************************************
******** Beginning RI-GGA_X_PBE_R+GGA_C_PBE energy *********
************************************************************

=======================================================
         GGA_X_PBE_R+GGA_C_PBE Energy Results          
=======================================================
E GGA_X_PBE_R+GGA_C_PBE: -1691.30690963
Nuclear Repulsion Energy: 4762.25754388
Electronic Energy:        -6205.37163109
XC Energy:                -248.192822
Converged:                1
# of SCF iterations:      18
SCF Time:                 38.346s

=======================================================
            Individual Calculation Summary             
=======================================================
HF Energy: -1691.3069096257654564
=======================================================


Topology 19 time: 38.620886 s, performance: SP: 0 FLOP/s, DP: 469.6 GFLOP/s
JSON file written to: json_logs/lustre_orion_chm213_scratch_ryan_dhdft_inputs_exess_exess_inputs_revPBE_def2-TZVP_isomers_33140-33159_topology_19.json
Total flops: SP: 0 FLOPS, DP: 347.78923 TFLOPS
Performance: SP: 0 FLOP/s, DP: 459 GFLOP/s

Now, a word from our sponsors... 
 You have merely adopted the GPUs, I was born in them, molded by them! (David Poole, 2019) 

[31mTotal processing time 758.069117 seconds[0m
[CRAYBLAS_WARNING] Application linked against multiple cray-libsci libraries
966 |   2.1702e-03   |    1.5895     |    0.3993
    8     | -1691.3168543984 |   8.2405e-04   |    1.6155     |    0.4399
    9     | -1691.3170780480 |   5.0497e-05   |    1.3791     |    0.3681
   10     | -1691.3170894747 |   8.6865e-06   |    1.4470     |    0.3963
   11     | -1691.3170914258 |   1.4948e-06   |    1.5509     |    0.3832
   12     | -1691.3170917479 |   3.8166e-07   |    1.6017     |    0.5138
   13     | -1691.3170918378 |   8.7030e-08   |    1.6006     |    0.5143
   14     | -1691.3170918613 |   8.9575e-09   |    1.4376     |    0.4325
   15     | -1691.3170918636 |   1.2842e-09   |    1.4276     |    0.3421
   16     | -1691.3170918635 |   1.3952e-09   |    1.4689     |    0.4578
   17     | -1691.3170918639 |   1.4396e-10   |    1.6081     |    0.3948
   18     | -1691.3170918639 |   6.4091e-11   |    1.5904     |    0.3411
Created 758919 / 2985984 significant shell pairs
Created 589263 / 2274064 significant shell pairs
Total number of grid points: 344864 (5071 per atom)
One electron integrals and orthogonalizer took 0.096276s
Created 589263 / 2274064 significant shell pairs
3C integrals and B formation took 2.769936s
Iteration |      Energy      |  DIIS Metric   | Fock Time (s) | DIIS Time (s)
----------+------------------+----------------+---------------+--------------
    1     | -1701.7915338045 |   1.0380e+03   |    1.7027     |    0.4280
    2     | -1690.3912284666 |   3.3130e+00   |    1.5169     |    0.4344
    3     | -1689.9124275006 |   5.1376e+00   |    1.5194     |    0.4311
    4     | -1691.2506214685 |   1.9471e-01   |    1.3896     |    0.3820
    5     | -1691.2776541069 |   9.7380e-02   |    1.5602     |    0.3494
    6     | -1691.3030302096 |   7.7695e-03   |    1.6021     |    0.5129
    7     | -1691.3048498079 |   1.1100e-03   |    1.6021     |    0.5124
    8     | -1691.3050840544 |   2.9020e-04   |    1.6190     |    0.3830
    9     | -1691.3051543873 |   2.9326e-05   |    1.4373     |    0.4322
   10     | -1691.3051598783 |   9.7442e-06   |    1.4330     |    0.3420
   11     | -1691.3051623436 |   1.2789e-06   |    1.5189     |    0.4252
   12     | -1691.3051626479 |   3.0627e-07   |    1.6077     |    0.3886
   13     | -1691.3051627250 |   3.9660e-08   |    1.6169     |    0.3341
   14     | -1691.3051627339 |   8.3017e-09   |    1.3907     |    0.3757
   15     | -1691.3051627361 |   4.8638e-10   |    1.4390     |    0.3403
   16     | -1691.3051627360 |   6.2609e-10   |    1.5187     |    0.4258
   17     | -1691.3051627362 |   4.5280e-11   |    1.6085     |    0.3876
Created 773666 / 2985984 significant shell pairs
Created 601016 / 2274064 significant shell pairs
Total number of grid points: 342423 (5035 per atom)
One electron integrals and orthogonalizer took 0.141159s
Created 601016 / 2274064 significant shell pairs
3C integrals and B formation took 2.907861s
Iteration |      Energy      |  DIIS Metric   | Fock Time (s) | DIIS Time (s)
----------+------------------+----------------+---------------+--------------
    1     | -1701.7920495785 |   1.0381e+03   |    1.6009     |    0.3851
    2     | -1690.3928733395 |   3.3115e+00   |    1.5054     |    0.4408
    3     | -1689.9048778407 |   5.1605e+00   |    1.5186     |    0.4315
    4     | -1691.2467504421 |   2.1146e-01   |    1.3852     |    0.3820
    5     | -1691.2779529116 |   9.9892e-02   |    1.3525     |    0.3218
    6     | -1691.3035293540 |   1.1404e-02   |    1.5676     |    0.3951
    7     | -1691.3062183761 |   2.2146e-03   |    1.6172     |    0.4868
    8     | -1691.3067198677 |   6.7683e-04   |    1.6250     |    0.4428
    9     | -1691.3068981870 |   4.1073e-05   |    1.3564     |    0.4176
   10     | -1691.3069071519 |   9.1106e-06   |    1.4457     |    0.3918
   11     | -1691.3069093904 |   8.6459e-07   |    1.5564     |    0.3829
   12     | -1691.3069095451 |   2.9252e-07   |    1.5734     |    0.2959
   13     | -1691.3069096102 |   5.4048e-08   |    1.5868     |    0.3973
   14     | -1691.3069096231 |   8.9420e-09   |    1.3831     |    0.3486
   15     | -1691.3069096256 |   6.8344e-10   |    1.4349     |    0.3896
   16     | -1691.3069096255 |   1.0821e-09   |    1.5581     |    0.3770
   17     | -1691.3069096257 |   1.5137e-10   |    1.5628     |    0.2989
   18     | -1691.3069096258 |   5.8922e-11   |    1.5895     |    0.3901
Please cite the following papers for the methods used in this calculation:
 - J.L. Galvez Vallejo et. al., Toward an extreme-scale electronic structure system, J. Chem. Phys., 2023. DOI: 10.1063/5.0156399

 - R. Stocks, E. Palethorpe, and G.M.J. Barca, Multi-GPU RI-HF Energies and Analytic Gradients ─ Toward High-Throughput Ab Initio Molecular Dynamics, J. Chem. Theory Comput., 2024. DOI: 10.1021/acs.jctc.4c00877
   For:
     * RI-HF energy

 - D.B. Williams-Young, W.A. de Jong, H.J.J. van Dam, and C. Yang, On the Efficient Evaluation of the Exchange Correlation Potential on Graphics Processing Unit Clusters, Frontiers in Chemistry, 2020. DOI: 10.3389/fchem.2020.581058
   For:
     * GauXC implementation of exchange-correlation integration

 - R. Stocks and G.M.J. Barca, Efficient Algorithms for GPU Accelerated Evaluation of the DFT Exchange-Correlation Functional, J. Chem. Theory Comput., 2025. DOI: 10.1021/acs.jctc.5c01229
   For:
     * GPU accelerated DFT exchange-correlation evaluation

 - J. P. Perdew, K. Burke, and M. Ernzerhof.,  Phys. Rev. Lett. 77, 3865 (1996) DOI: 10.1103/PhysRevLett.77.3865
   For:
     * GGA_C_PBE XC Functional

 - Y. Zhang and W. Yang.,  Phys. Rev. Lett. 80, 890 (1998) DOI: 10.1103/PhysRevLett.80.890
   For:
     * GGA_X_PBE_R XC Functional

[CRAYBLAS_WARNING] Application linked against multiple cray-libsci libraries
