Total number of grid points: 391850 (5762 per atom)
Density calculation took 0.663009s
Tau required
Density calculation took 0.639107s
Tau required
Density calculation took 0.613327s
Tau required
Density calculation took 0.612691s
Tau required
Density calculation took 0.613129s
Tau required
Density calculation took 0.613060s
Tau required
Density calculation took 0.612951s
Tau required
Density calculation took 0.614562s
Tau required
Density calculation took 0.614205s
Tau required
Density calculation took 0.614501s
Tau required
Density calculation took 0.614801s
Tau required
Density calculation took 0.614162s
Tau required
Density calculation took 0.615001s
Tau required
Density calculation took 0.614576s
Tau required
Density calculation took 0.614988s
Tau required
Density calculation took 0.613495s
Tau required
Density calculation took 0.615235s
Tau required
Density calculation took 0.614240s
Tau required
Total number of grid points: 392627 (5773 per atom)
Density calculation took 0.657287s
Tau required
Density calculation took 0.635164s
Tau required
Density calculation took 0.611666s
Tau required
Density calculation took 0.610949s
Tau required
Density calculation took 0.611437s
Tau required
Density calculation took 0.610314s
Tau required
Density calculation took 0.610895s
Tau required
Density calculation took 0.611280s
Tau required
Density calculation took 0.611674s
Tau required
Density calculation took 0.611440s
Tau required
Density calculation took 0.611487s
Tau required
Density calculation took 0.611156s
Tau required
Density calculation took 0.611666s
Tau required
Density calculation took 0.611688s
Tau required
Density calculation took 0.611565s
Tau required
Density calculation took 0.612120s
Tau required
Density calculation took 0.611734s
Tau required
Density calculation took 0.611846s
Tau required
Density calculation took 0.611790s
Tau required
Total number of grid points: 392572 (5773 per atom)
Density calculation took 0.660714s
Tau required
Density calculation took 0.630490s
Tau required
Density calculation took 0.608333s
Tau required
Density calculation took 0.608327s
Tau required
Density calculation took 0.608506s
Tau required
Density calculation took 0.608558s
Tau required
Density calculation took 0.608624s
Tau required
Density calculation took 0.608421s
Tau required
Density calculation took 0.608674s
Tau required
Density calculation took 0.608604s
Tau required
Density calculation took 0.608460s
Tau required
Density calculation took 0.608809s
Tau required
Density calculation took 0.608986s
Tau required
Density calculation took 0.608744s
Tau required
Density calculation took 0.608557s
Tau required
Density calculation took 0.608826s
Tau required
Density calculation took 0.608656s
Tau required
Density calculation took 0.608998s
Tau required
Total number of grid points: 393253 (5783 per atom)
Density calculation took 0.698646s
Tau required
Density calculation took 0.639833s
Tau required
Density calculation took 0.613921s
Tau required
Density calculation took 0.614926s
Tau required
Density calculation took 0.613970s
Tau required
Density calculation took 0.614408s
Tau required
Density calculation took 0.614460s
Tau required
Density calculation took 0.614691s
Tau required
Density calculation took 0.613895s
Tau required
Density calculation took 0.615116s
Tau required
Density calculation took 0.614680s
Tau required
Density calculation took 0.614888s
Tau required
Density calculation took 0.615326s
Tau required
Density calculation took 0.614262s
Tau required
Density calculation took 0.615172s
Tau required
Density calculation took 0.614925s
Tau required
Density calculation took 0.615035s
Tau required
Density calculation took 0.615003s
Tau required
Total number of grid points: 392687 (5774 per atom)
Density calculation took 0.660101s
Tau required
Density calculation took 0.637745s
Tau required
Density calculation took 0.609025s
Tau required
Density calculation took 0.611476s
Tau required
Density calculation took 0.611236s
Tau required
Density calculation took 0.611803s
Tau required
Density calculation took 0.609461s
Tau required
Density calculation took 0.611850s
Tau required
Density calculation took 0.611220s
Tau required
Density calculation took 0.611788s
Tau required
Density calculation took 0.611487s
Tau required
Density calculation took 0.611343s
Tau required
Density calculation took 0.611759s
Tau required
Density calculation took 0.610730s
Tau required
Density calculation took 0.611700s
Tau required
Density calculation took 0.611922s
Tau required
Density calculation took 0.611685s
Tau required
Density calculation took 0.610569s
Tau required
Density calculation took 0.611000s
Tau required
Total number of grid points: 392497 (5772 per atom)
Density calculation took 0.660872s
Tau required
Density calculation took 0.635519s
Tau required
Density calculation took 0.612498s
Tau required
Density calculation took 0.613138s
Tau required
Density calculation took 0.612775s
Tau required
Density calculation took 0.613338s
Tau required
Density calculation took 0.612912s
Tau required
Density calculation took 0.613369s
Tau required
Density calculation took 0.613617s
Tau required
Density calculation took 0.612311s
Tau required
Density calculation took 0.612890s
Tau required
Density calculation took 0.612293s
Tau required
Density calculation took 0.613237s
Tau required
Density calculation took 0.613768s
Tau required
Density calculation took 0.613198s
Tau required
Density calculation took 0.613149s
Tau required
Density calculation took 0.613917s
Tau required
Density calculation took 0.613739s
Tau required
Density calculation took 0.613490s
Tau required
Total number of grid points: 392112 (5766 per atom)
Density calculation took 0.711408s
Tau required
Density calculation took 0.638770s
Tau required
Density calculation took 0.613531s
Tau required
Density calculation took 0.612989s
Tau required
Density calculation took 0.612272s
Tau required
Density calculation took 0.613180s
Tau required
Density calculation took 0.613155s
Tau required
Density calculation took 0.612423s
Tau required
Density calculation took 0.613696s
Tau required
Density calculation took 0.612769s
Tau required
Density calculation took 0.614217s
Tau required
Density calculation took 0.613183s
Tau required
Density calculation took 0.613092s
Tau required
Density calculation took 0.612362s
Tau required
Density calculation took 0.613566s
Tau required
Density calculation took 0.612792s
Tau required
Density calculation took 0.613488s
Tau required
Density calculation took 0.612889s
Tau required
Total number of grid points: 392523 (5772 per atom)
Density calculation took 0.685490s
Tau required
Density calculation took 0.639422s
Tau required
Density calculation took 0.615076s
Tau required
Density calculation took 0.615462s
Tau required
Density calculation took 0.613484s
Tau required
Density calculation took 0.615490s
Tau required
Density calculation took 0.615202s
Tau required
Density calculation took 0.614681s
Tau required
Density calculation took 0.615406s
Tau required
Density calculation took 0.615796s
Tau required
Density calculation took 0.615538s
Tau required
Density calculation took 0.614375s
Tau required
Density calculation took 0.614166s
Tau required
Density calculation took 0.615297s
Tau required
Density calculation took 0.615623s
Tau required
Density calculation took 0.615407s
Tau required
Density calculation took 0.614629s
Tau required
Density calculation took 0.615599s
Tau required
Total number of grid points: 393495 (5786 per atom)
Density calculation took 0.661889s
Tau required
Density calculation took 0.639297s
Tau required
Density calculation took 0.615568s
Tau required
Density calculation took 0.612805s
Tau required
Density calculation took 0.613754s
Tau required
Density calculation took 0.614158s
Tau required
Density calculation took 0.611702s
Tau required
Density calculation took 0.614235s
Tau required
Density calculation took 0.614265s
Tau required
Density calculation took 0.611369s
Tau required
Density calculation took 0.614192s
Tau required
Density calculation took 0.614513s
Tau required
Density calculation took 0.611670s
Tau required
Density calculation took 0.614689s
Tau required
Density calculation took 0.613534s
Tau required
Density calculation took 0.613315s
Tau required
Density calculation took 0.614438s
Tau required
Density calculation took 0.613477s
Tau required
Density calculation took 0.615047s
Tau required
Total number of grid points: 391775 (5761 per atom)
Density calculation took 0.665207s
Tau required
Density calculation took 0.633918s
Tau required
Density calculation took 0.612214s
Tau required
Density calculation took 0.612337s
Tau required
Density calculation took 0.612126s
Tau required
Density calculation took 0.612104s
Tau required
Density calculation took 0.612180s
Tau required
Density calculation took 0.612932s
Tau required
Density calculation took 0.613373s
Tau required
Density calculation took 0.612412s
Tau required
Density calculation took 0.612922s
Tau required
Density calculation took 0.612705s
Tau required
Density calculation took 0.612397s
Tau required
Density calculation took 0.612158s
Tau required
Density calculation took 0.612615s
Tau required
Density calculation took 0.613452s
Tau required
Density calculation took 0.612719s
Tau required
Density calculation took 0.613337s
Tau required
Total number of grid points: 392800 (5776 per atom)
Density calculation took 0.661083s
Tau required
Density calculation took 0.637107s
Tau required
Density calculation took 0.617503s
Tau required
Density calculation took 0.614506s
Tau required
Density calculation took 0.616695s
Tau required
Density calculation took 0.614511s
Tau required
Density calculation took 0.617256s
Tau required
Density calculation took 0.615595s
Tau required
Density calculation took 0.617652s
Tau required
Density calculation took 0.615625s
Tau required
Density calculation took 0.616931s
Tau required
Density calculation took 0.615727s
Tau required
Density calculation took 0.617860s
Tau required
Density calculation took 0.616031s
Tau required
Density calculation took 0.617459s
Tau required
Density calculation took 0.614589s
Tau required
Density calculation took 0.616798s
Tau required
Density calculation took 0.615104s
Tau required
Total number of grid points: 393226 (5782 per atom)
Density calculation took 0.664069s
Tau required
Density calculation took 0.639353s
Tau required
Density calculation took 0.614347s
Tau required
Density calculation took 0.613908s
Tau required
Density calculation took 0.614397s
Tau required
Density calculation took 0.614200s
Tau required
Density calculation took 0.613601s
Tau required
Density calculation took 0.613802s
Tau required
Density calculation took 0.614914s
Tau required
Density calculation took 0.614478s
Tau required
Density calculation took 0.613978s
Tau required
Density calculation took 0.614313s
Tau required
Density calculation took 0.614689s
Tau required
Density calculation took 0.614901s
Tau required
Density calculation took 0.613985s
Tau required
Density calculation took 0.614670s
Tau required
Density calculation took 0.614674s
Tau required
Density calculation took 0.614669s
Tau required
Total number of grid points: 393179 (5782 per atom)
Density calculation took 0.660037s
Tau required
Density calculation took 0.627808s
Tau required
Density calculation took 0.607048s
Tau required
Density calculation took 0.606589s
Tau required
Density calculation took 0.607591s
Tau required
Density calculation took 0.606534s
Tau required
Density calculation took 0.607406s
Tau required
Density calculation took 0.607501s
Tau required
Density calculation took 0.607099s
Tau required
Density calculation took 0.606910s
Tau required
Density calculation took 0.607883s
Tau required
Density calculation took 0.606835s
Tau required
Density calculation took 0.607806s
Tau required
Density calculation took 0.606911s
Tau required
Density calculation took 0.607306s
Tau required
Density calculation took 0.607261s
Tau required
Density calculation took 0.607655s
Tau required
Density calculation took 0.607306s
Tau required
Density calculation took 0.607558s
Tau required
Density calculation took 0.607210s
Tau required
Total number of grid points: 392351 (5769 per atom)
Density calculation took 0.666322s
Tau required
Density calculation took 0.632597s
Tau required
Density calculation took 0.609066s
Tau required
Density calculation took 0.608887s
Tau required
Density calculation took 0.609337s
Tau required
Density calculation took 0.609956s
Tau required
Density calculation took 0.609762s
Tau required
Density calculation took 0.609616s
Tau required
Density calculation took 0.609481s
Tau required
Density calculation took 0.609577s
Tau required
Density calculation took 0.609486s
Tau required
Density calculation took 0.610118s
Tau required
Density calculation took 0.609847s
Tau required
Density calculation took 0.609372s
Tau required
Density calculation took 0.609493s
Tau required
Density calculation took 0.609811s
Tau required
Density calculation took 0.609872s
Tau required
Density calculation took 0.610159s
Tau required
Density calculation took 0.610132s
Tau required
Total number of grid points: 391975 (5764 per atom)
Density calculation took 0.693921s
Tau required
Density calculation took 0.631861s
Tau required
Density calculation took 0.609454s
Tau required
Density calculation took 0.609741s
Tau required
Density calculation took 0.609749s
Tau required
Density calculation took 0.610176s
Tau required
Density calculation took 0.610327s
Tau required
Density calculation took 0.610116s
Tau required
Density calculation took 0.610193s
Tau required
Density calculation took 0.609937s
Tau required
Density calculation took 0.610110s
Tau required
Density calculation took 0.609772s
Tau required
Density calculation took 0.610290s
Tau required
Density calculation took 0.610425s
Tau required
Density calculation took 0.609827s
Tau required
Density calculation took 0.610238s
Tau required
Density calculation took 0.610797s
Tau required
Density calculation took 0.610471s
Tau required
Density calculation took 0.610423s
Tau required
Total number of grid points: 392396 (5770 per atom)
Density calculation took 0.689780s
Tau required
Density calculation took 0.637710s
Tau required
Density calculation took 0.612904s
Tau required
Density calculation took 0.615030s
Tau required
Density calculation took 0.616526s
Tau required
Density calculation took 0.614654s
Tau required
Density calculation took 0.615884s
Tau required
Density calculation took 0.616075s
Tau required
Density calculation took 0.614458s
Tau required
Density calculation took 0.615802s
Tau required
Density calculation took 0.615222s
Tau required
Density calculation took 0.613866s
Tau required
Density calculation took 0.616048s
Tau required
Density calculation took 0.616284s
Tau required
Density calculation took 0.615857s
Tau required
Density calculation took 0.615807s
Tau required
Density calculation took 0.616039s
Tau required
Density calculation took 0.615840s
Tau required
Total number of grid points: 392628 (5773 per atom)
Density calculation took 0.698636s
Tau required
Density calculation took 0.637653s
Tau required
Density calculation took 0.613359s
Tau required
Density calculation took 0.613887s
Tau required
Density calculation took 0.615090s
Tau required
Density calculation took 0.613569s
Tau required
Density calculation took 0.614318s
Tau required
Density calculation took 0.614781s
Tau required
Density calculation took 0.615160s
Tau required
Density calculation took 0.614323s
Tau required
Density calculation took 0.614479s
Tau required
Density calculation took 0.614215s
Tau required
Density calculation took 0.615316s
Tau required
Density calculation took 0.613816s
Tau required
Density calculation took 0.615397s
Tau required
Density calculation took 0.614594s
Tau required
Density calculation took 0.615249s
Tau required
Density calculation took 0.613668s
Tau required
Total number of grid points: 392638 (5774 per atom)
Density calculation took 0.702571s
Tau required
Density calculation took 0.638112s
Tau required
Density calculation took 0.615300s
Tau required
Density calculation took 0.615034s
Tau required
Density calculation took 0.615057s
Tau required
Density calculation took 0.615287s
Tau required
Density calculation took 0.615051s
Tau required
Density calculation took 0.615471s
Tau required
Density calculation took 0.615551s
Tau required
Density calculation took 0.615813s
Tau required
Density calculation took 0.615543s
Tau required
Density calculation took 0.615528s
Tau required
Density calculation took 0.615403s
Tau required
Density calculation took 0.614389s
Tau required
Density calculation took 0.615987s
Tau required
Density calculation took 0.615367s
Tau required
Density calculation took 0.615974s
Tau required
Density calculation took 0.616145s
Tau required
Total number of grid points: 392709 (5775 per atom)
Density calculation took 0.705754s
Tau required
Density calculation took 0.637552s
Tau required
Density calculation took 0.616746s
Tau required
Density calculation took 0.617420s
Tau required
Density calculation took 0.618235s
Tau required
Density calculation took 0.617394s
Tau required
Density calculation took 0.618243s
Tau required
Density calculation took 0.618173s
Tau required
Density calculation took 0.617779s
Tau required
Density calculation took 0.616907s
Tau required
Density calculation took 0.618224s
Tau required
Density calculation took 0.617963s
Tau required
Density calculation took 0.618081s
Tau required
Density calculation took 0.617804s
Tau required
Density calculation took 0.617881s
Tau required
Density calculation took 0.618248s
Tau required
Density calculation took 0.618260s
Tau required
Density calculation took 0.617089s
Tau required
Total number of grid points: 392576 (5773 per atom)
Density calculation took 0.684971s
Tau required
Density calculation took 0.643014s
Tau required
Density calculation took 0.618401s
Tau required
Density calculation took 0.618423s
Tau required
Density calculation took 0.618016s
Tau required
Density calculation took 0.618390s
Tau required
Density calculation took 0.618159s
Tau required
Density calculation took 0.617992s
Tau required
Density calculation took 0.617218s
Tau required
Density calculation took 0.617294s
Tau required
Density calculation took 0.616608s
Tau required
Density calculation took 0.618565s
Tau required
Density calculation took 0.617936s
Tau required
Density calculation took 0.618341s
Tau required
Density calculation took 0.617335s
Tau required
Density calculation took 0.617345s
Tau required
Density calculation took 0.617985s
Tau required
Density calculation took 0.618499s
Tau required
[CRAYBLAS_WARNING] Application linked against multiple cray-libsci libraries
 Energy:        -6048.42038485
XC Energy:                -248.613367
Converged:                1
# of SCF iterations:      18
SCF Time:                 35.213s

=======================================================
            Individual Calculation Summary             
=======================================================
HF Energy: -1691.5877231161471173
=======================================================


Topology 10 time: 35.409489 s, performance: SP: 0 FLOP/s, DP: 33.22 TFLOP/s
JSON file written to: json_logs/lustre_orion_chm213_scratch_ryan_dhdft_inputs_exess_exess_inputs_M06-L_def2-TZVP_isomers_19880-19899_topology_10.json
************************************************************
**************** Running topology 12 of 20 *****************
************************************************************

************************************************************
****** Beginning RI-MGGA_X_M06_L+MGGA_C_M06_L energy *******
************************************************************

=======================================================
       MGGA_X_M06_L+MGGA_C_M06_L Energy Results        
=======================================================
E MGGA_X_M06_L+MGGA_C_M06_L: -1691.58787679
Nuclear Repulsion Energy: 4572.54247065
Electronic Energy:        -6015.51681769
XC Energy:                -248.613530
Converged:                1
# of SCF iterations:      18
SCF Time:                 35.037s

=======================================================
            Individual Calculation Summary             
=======================================================
HF Energy: -1691.5878767875067297
=======================================================


Topology 11 time: 35.229535 s, performance: SP: 0 FLOP/s, DP: 33.33 TFLOP/s
JSON file written to: json_logs/lustre_orion_chm213_scratch_ryan_dhdft_inputs_exess_exess_inputs_M06-L_def2-TZVP_isomers_19880-19899_topology_11.json
************************************************************
**************** Running topology 13 of 20 *****************
************************************************************

************************************************************
****** Beginning RI-MGGA_X_M06_L+MGGA_C_M06_L energy *******
************************************************************

=======================================================
       MGGA_X_M06_L+MGGA_C_M06_L Energy Results        
=======================================================
E MGGA_X_M06_L+MGGA_C_M06_L: -1691.60395155
Nuclear Repulsion Energy: 5000.04325524
Electronic Energy:        -6443.00184101
XC Energy:                -248.645366
Converged:                1
# of SCF iterations:      20
SCF Time:                 38.891s

=======================================================
            Individual Calculation Summary             
=======================================================
HF Energy: -1691.6039515499401205
=======================================================


Topology 12 time: 39.115837 s, performance: SP: 0 FLOP/s, DP: 32.94 TFLOP/s
JSON file written to: json_logs/lustre_orion_chm213_scratch_ryan_dhdft_inputs_exess_exess_inputs_M06-L_def2-TZVP_isomers_19880-19899_topology_12.json
************************************************************
**************** Running topology 14 of 20 *****************
************************************************************

************************************************************
****** Beginning RI-MGGA_X_M06_L+MGGA_C_M06_L energy *******
************************************************************

=======================================================
       MGGA_X_M06_L+MGGA_C_M06_L Energy Results        
=======================================================
E MGGA_X_M06_L+MGGA_C_M06_L: -1691.60608085
Nuclear Repulsion Energy: 4808.90770035
Electronic Energy:        -6251.8837364
XC Energy:                -248.630045
Converged:                1
# of SCF iterations:      19
SCF Time:                 36.844s

=======================================================
            Individual Calculation Summary             
=======================================================
HF Energy: -1691.6060808522277057
=======================================================


Topology 13 time: 37.055156 s, performance: SP: 0 FLOP/s, DP: 33.26 TFLOP/s
JSON file written to: json_logs/lustre_orion_chm213_scratch_ryan_dhdft_inputs_exess_exess_inputs_M06-L_def2-TZVP_isomers_19880-19899_topology_13.json
************************************************************
**************** Running topology 15 of 20 *****************
************************************************************

************************************************************
****** Beginning RI-MGGA_X_M06_L+MGGA_C_M06_L energy *******
************************************************************

=======================================================
       MGGA_X_M06_L+MGGA_C_M06_L Energy Results        
=======================================================
E MGGA_X_M06_L+MGGA_C_M06_L: -1691.6016212
Nuclear Repulsion Energy: 4809.88596475
Electronic Energy:        -6252.85933248
XC Energy:                -248.628253
Converged:                1
# of SCF iterations:      19
SCF Time:                 36.893s

=======================================================
            Individual Calculation Summary             
=======================================================
HF Energy: -1691.6016211976789236
=======================================================


Topology 14 time: 37.105196 s, performance: SP: 0 FLOP/s, DP: 33.21 TFLOP/s
JSON file written to: json_logs/lustre_orion_chm213_scratch_ryan_dhdft_inputs_exess_exess_inputs_M06-L_def2-TZVP_isomers_19880-19899_topology_14.json
************************************************************
**************** Running topology 16 of 20 *****************
************************************************************

************************************************************
****** Beginning RI-MGGA_X_M06_L+MGGA_C_M06_L energy *******
************************************************************

=======================================================
       MGGA_X_M06_L+MGGA_C_M06_L Energy Results        
=======================================================
E MGGA_X_M06_L+MGGA_C_M06_L: -1691.60432861
Nuclear Repulsion Energy: 4557.05502132
Electronic Energy:        -6000.03601001
XC Energy:                -248.623340
Converged:                1
# of SCF iterations:      18
SCF Time:                 34.958s

=======================================================
            Individual Calculation Summary             
=======================================================
HF Energy: -1691.6043286102994898
=======================================================


Topology 15 time: 35.151720 s, performance: SP: 0 FLOP/s, DP: 33.43 TFLOP/s
JSON file written to: json_logs/lustre_orion_chm213_scratch_ryan_dhdft_inputs_exess_exess_inputs_M06-L_def2-TZVP_isomers_19880-19899_topology_15.json
************************************************************
**************** Running topology 17 of 20 *****************
************************************************************

************************************************************
****** Beginning RI-MGGA_X_M06_L+MGGA_C_M06_L energy *******
************************************************************

=======================================================
       MGGA_X_M06_L+MGGA_C_M06_L Energy Results        
=======================================================
E MGGA_X_M06_L+MGGA_C_M06_L: -1691.59949789
Nuclear Repulsion Energy: 4558.63950913
Electronic Energy:        -6001.62044484
XC Energy:                -248.618562
Converged:                1
# of SCF iterations:      18
SCF Time:                 35.025s

=======================================================
            Individual Calculation Summary             
=======================================================
HF Energy: -1691.5994978940136662
=======================================================


Topology 16 time: 35.218431 s, performance: SP: 0 FLOP/s, DP: 33.36 TFLOP/s
JSON file written to: json_logs/lustre_orion_chm213_scratch_ryan_dhdft_inputs_exess_exess_inputs_M06-L_def2-TZVP_isomers_19880-19899_topology_16.json
************************************************************
**************** Running topology 18 of 20 *****************
************************************************************

************************************************************
****** Beginning RI-MGGA_X_M06_L+MGGA_C_M06_L energy *******
************************************************************

=======================================================
       MGGA_X_M06_L+MGGA_C_M06_L Energy Results        
=======================================================
E MGGA_X_M06_L+MGGA_C_M06_L: -1691.59780616
Nuclear Repulsion Energy: 4602.48549146
Electronic Energy:        -6045.45595068
XC Energy:                -248.627347
Converged:                1
# of SCF iterations:      18
SCF Time:                 34.989s

=======================================================
            Individual Calculation Summary             
=======================================================
HF Energy: -1691.5978061590926700
=======================================================


Topology 17 time: 35.186072 s, performance: SP: 0 FLOP/s, DP: 33.39 TFLOP/s
JSON file written to: json_logs/lustre_orion_chm213_scratch_ryan_dhdft_inputs_exess_exess_inputs_M06-L_def2-TZVP_isomers_19880-19899_topology_17.json
************************************************************
**************** Running topology 19 of 20 *****************
************************************************************

************************************************************
****** Beginning RI-MGGA_X_M06_L+MGGA_C_M06_L energy *******
************************************************************

=======================================================
       MGGA_X_M06_L+MGGA_C_M06_L Energy Results        
=======================================================
E MGGA_X_M06_L+MGGA_C_M06_L: -1691.59690817
Nuclear Repulsion Energy: 4536.36055786
Electronic Energy:        -5979.33788273
XC Energy:                -248.619583
Converged:                1
# of SCF iterations:      18
SCF Time:                 35.127s

=======================================================
            Individual Calculation Summary             
=======================================================
HF Energy: -1691.5969081694397573
=======================================================


Topology 18 time: 35.318975 s, performance: SP: 0 FLOP/s, DP: 33.28 TFLOP/s
JSON file written to: json_logs/lustre_orion_chm213_scratch_ryan_dhdft_inputs_exess_exess_inputs_M06-L_def2-TZVP_isomers_19880-19899_topology_18.json
************************************************************
**************** Running topology 20 of 20 *****************
************************************************************

************************************************************
****** Beginning RI-MGGA_X_M06_L+MGGA_C_M06_L energy *******
************************************************************

=======================================================
       MGGA_X_M06_L+MGGA_C_M06_L Energy Results        
=======================================================
E MGGA_X_M06_L+MGGA_C_M06_L: -1691.60204907
Nuclear Repulsion Energy: 4680.80666566
Electronic Energy:        -6123.78304879
XC Energy:                -248.625666
Converged:                1
# of SCF iterations:      18
SCF Time:                 35.1s

=======================================================
            Individual Calculation Summary             
=======================================================
HF Energy: -1691.6020490717535267
=======================================================


Topology 19 time: 35.303223 s, performance: SP: 0 FLOP/s, DP: 33.26 TFLOP/s
JSON file written to: json_logs/lustre_orion_chm213_scratch_ryan_dhdft_inputs_exess_exess_inputs_M06-L_def2-TZVP_isomers_19880-19899_topology_19.json
Total flops: SP: 0 FLOPS, DP: 23.960635 PFLOPS
Performance: SP: 0 FLOP/s, DP: 32.82 TFLOP/s

Now, a word from our sponsors... 
 Mission has just begun - Ross after eating bowl of Szechuan peppers

[31mTotal processing time 730.237398 seconds[0m
[CRAYBLAS_WARNING] Application linked against multiple cray-libsci libraries
612089s
Tau required
   10     | -1691.5878729933 |   1.2925e-05   |    1.5275     |    0.2634
Density calculation took 0.611454s
Tau required
   11     | -1691.5878761595 |   2.0593e-06   |    1.5275     |    0.2628
Density calculation took 0.612494s
Tau required
   12     | -1691.5878765341 |   8.6871e-07   |    1.5281     |    0.2605
Density calculation took 0.611671s
Tau required
   13     | -1691.5878767756 |   4.2986e-08   |    1.5282     |    0.2625
Density calculation took 0.612580s
Tau required
   14     | -1691.5878767853 |   7.7199e-09   |    1.5288     |    0.2631
Density calculation took 0.611458s
Tau required
   15     | -1691.5878767865 |   3.5548e-09   |    1.5319     |    0.2662
Density calculation took 0.612209s
Tau required
   16     | -1691.5878767872 |   1.0790e-09   |    1.5292     |    0.2617
Density calculation took 0.611934s
Tau required
   17     | -1691.5878767874 |   3.0934e-10   |    1.5300     |    0.2621
Density calculation took 0.612657s
Tau required
   18     | -1691.5878767875 |   5.9238e-11   |    1.5282     |    0.2611
Created 858751 / 2985984 significant shell pairs
Created 664972 / 2274064 significant shell pairs
Total number of grid points: 393143 (5781 per atom)
One electron integrals and orthogonalizer took 0.057601s
Created 664972 / 2274064 significant shell pairs
3C integrals and B formation took 2.278141s
Iteration |      Energy      |  DIIS Metric   | Fock Time (s) | DIIS Time (s)
----------+------------------+----------------+---------------+--------------
Density calculation took 0.659443s
Tau required
    1     | -1702.6175095402 |   1.0741e+03   |    1.7179     |    0.2947
Density calculation took 0.646136s
Tau required
    2     | -1690.8129994491 |   2.7975e+00   |    1.5699     |    0.2582
Density calculation took 0.621875s
Tau required
    3     | -1690.2994127267 |   5.1062e+00   |    1.5419     |    0.2674
Density calculation took 0.619337s
Tau required
    4     | -1691.4264948997 |   6.3636e-01   |    1.5318     |    0.2583
Density calculation took 0.619552s
Tau required
    5     | -1691.5730239418 |   1.1316e-01   |    1.5338     |    0.2696
Density calculation took 0.621344s
Tau required
    6     | -1691.5964984025 |   2.6512e-02   |    1.5384     |    0.2612
Density calculation took 0.620469s
Tau required
    7     | -1691.6024414133 |   5.0833e-03   |    1.5385     |    0.2711
Density calculation took 0.619496s
Tau required
    8     | -1691.6036492562 |   1.0842e-03   |    1.5330     |    0.2623
Density calculation took 0.619623s
Tau required
    9     | -1691.6039193586 |   1.1203e-04   |    1.5340     |    0.2614
Density calculation took 0.619299s
Tau required
   10     | -1691.6039452292 |   2.1023e-05   |    1.5347     |    0.2623
Density calculation took 0.619538s
Tau required
   11     | -1691.6039483340 |   1.0727e-05   |    1.5355     |    0.2627
Density calculation took 0.619710s
Tau required
   12     | -1691.6039510631 |   1.5826e-06   |    1.5315     |    0.2627
Density calculation took 0.619775s
Tau required
   13     | -1691.6039514318 |   3.9568e-07   |    1.5313     |    0.2621
Density calculation took 0.619825s
Tau required
   14     | -1691.6039515364 |   4.5958e-08   |    1.5323     |    0.2621
Density calculation took 0.619415s
Tau required
   15     | -1691.6039515450 |   1.7157e-08   |    1.5322     |    0.2633
Density calculation took 0.619675s
Tau required
   16     | -1691.6039515484 |   5.3378e-09   |    1.5321     |    0.2633
Density calculation took 0.619565s
Tau required
   17     | -1691.6039515492 |   2.4975e-09   |    1.5340     |    0.2641
Density calculation took 0.619751s
Tau required
   18     | -1691.6039515499 |   2.0674e-10   |    1.5318     |    0.2633
Density calculation took 0.619842s
Tau required
   19     | -1691.6039515499 |   1.1340e-10   |    1.5338     |    0.2629
Density calculation took 0.619490s
Tau required
   20     | -1691.6039515499 |   1.4388e-11   |    1.5333     |    0.2629
Created 795049 / 2985984 significant shell pairs
Created 617930 / 2274064 significant shell pairs
Total number of grid points: 393302 (5783 per atom)
One electron integrals and orthogonalizer took 0.057466s
Created 617930 / 2274064 significant shell pairs
3C integrals and B formation took 2.238105s
Iteration |      Energy      |  DIIS Metric   | Fock Time (s) | DIIS Time (s)
----------+------------------+----------------+---------------+--------------
Density calculation took 0.654403s
Tau required
    1     | -1702.5679343453 |   1.0564e+03   |    1.7215     |    0.2971
Density calculation took 0.639636s
Tau required
    2     | -1690.8293364946 |   2.7376e+00   |    1.5473     |    0.2596
Density calculation took 0.618560s
Tau required
    3     | -1690.4942038970 |   4.3189e+00   |    1.5219     |    0.2675
Density calculation took 0.618880s
Tau required
    4     | -1691.5220220504 |   2.7609e-01   |    1.5235     |    0.2595
Density calculation took 0.618559s
Tau required
    5     | -1691.5763539904 |   1.0025e-01   |    1.5239     |    0.2684
Density calculation took 0.618588s
Tau required
    6     | -1691.6036771508 |   8.5557e-03   |    1.5251     |    0.2635
Density calculation took 0.619116s
Tau required
    7     | -1691.6055118961 |   1.8773e-03   |    1.5204     |    0.2717
Density calculation took 0.619057s
Tau required
    8     | -1691.6059102363 |   5.9609e-04   |    1.5222     |    0.2617
Density calculation took 0.618418s
Tau required
    9     | -1691.6060667625 |   4.9217e-05   |    1.5229     |    0.2624
Density calculation took 0.619823s
Tau required
   10     | -1691.6060764361 |   1.5543e-05   |    1.5224     |    0.2617
Density calculation took 0.618855s
Tau required
   11     | -1691.6060798103 |   3.5310e-06   |    1.5235     |    0.2629
Density calculation took 0.619098s
Tau required
   12     | -1691.6060805883 |   9.3225e-07   |    1.5229     |    0.2625
Density calculation took 0.619040s
Tau required
   13     | -1691.6060808231 |   9.8015e-08   |    1.5228     |    0.2654
Density calculation took 0.619592s
Tau required
   14     | -1691.6060808447 |   2.3449e-08   |    1.5224     |    0.2624
Density calculation took 0.619159s
Tau required
   15     | -1691.6060808507 |   5.1628e-09   |    1.5237     |    0.2622
Density calculation took 0.619236s
Tau required
   16     | -1691.6060808518 |   1.4703e-09   |    1.5238     |    0.2637
Density calculation took 0.618710s
Tau required
   17     | -1691.6060808521 |   4.9534e-10   |    1.5228     |    0.2658
Density calculation took 0.619117s
Tau required
   18     | -1691.6060808522 |   1.0859e-10   |    1.5210     |    0.2621
Density calculation took 0.618671s
Tau required
   19     | -1691.6060808522 |   3.2792e-11   |    1.5224     |    0.2617
Created 795299 / 2985984 significant shell pairs
Created 617696 / 2274064 significant shell pairs
Total number of grid points: 393532 (5787 per atom)
One electron integrals and orthogonalizer took 0.057459s
Created 617696 / 2274064 significant shell pairs
3C integrals and B formation took 2.224604s
Iteration |      Energy      |  DIIS Metric   | Fock Time (s) | DIIS Time (s)
----------+------------------+----------------+---------------+--------------
Density calculation took 0.660474s
Tau required
    1     | -1702.5679743496 |   1.0570e+03   |    1.7765     |    0.2974
Density calculation took 0.639499s
Tau required
    2     | -1690.8258894671 |   2.7350e+00   |    1.5570     |    0.2590
Density calculation took 0.615467s
Tau required
    3     | -1690.4848891498 |   4.3587e+00   |    1.5220     |    0.2699
Density calculation took 0.614626s
Tau required
    4     | -1691.5224726999 |   2.6410e-01   |    1.5216     |    0.2611
Density calculation took 0.615722s
Tau required
    5     | -1691.5709464880 |   1.0457e-01   |    1.5197     |    0.2734
Density calculation took 0.616133s
Tau required
    6     | -1691.5985444593 |   1.1023e-02   |    1.5218     |    0.2627
Density calculation took 0.616116s
Tau required
    7     | -1691.6010229005 |   2.0039e-03   |    1.5226     |    0.2741
Density calculation took 0.615743s
Tau required
    8     | -1691.6014317535 |   6.8501e-04   |    1.5209     |    0.2632
Density calculation took 0.615527s
Tau required
    9     | -1691.6016058975 |   5.1357e-05   |    1.5210     |    0.2637
Density calculation took 0.615230s
Tau required
   10     | -1691.6016154587 |   1.9456e-05   |    1.5223     |    0.2676
Density calculation took 0.615218s
Tau required
   11     | -1691.6016200231 |   4.0339e-06   |    1.5226     |    0.2632
Density calculation took 0.615613s
Tau required
   12     | -1691.6016208983 |   1.0640e-06   |    1.5211     |    0.2638
Density calculation took 0.615094s
Tau required
   13     | -1691.6016211638 |   1.1941e-07   |    1.5220     |    0.2632
Density calculation took 0.615523s
Tau required
   14     | -1691.6016211906 |   2.3248e-08   |    1.5222     |    0.2638
Density calculation took 0.615475s
Tau required
   15     | -1691.6016211959 |   6.3841e-09   |    1.5211     |    0.2640
Density calculation took 0.615685s
Tau required
   16     | -1691.6016211969 |   2.6830e-09   |    1.5224     |    0.2622
Density calculation took 0.615201s
Tau required
   17     | -1691.6016211975 |   6.8047e-10   |    1.5215     |    0.2638
Density calculation took 0.615236s
Tau required
   18     | -1691.6016211977 |   1.5551e-10   |    1.5223     |    0.2618
Density calculation took 0.615646s
Tau required
   19     | -1691.6016211977 |   7.8242e-11   |    1.5214     |    0.2632
Created 708408 / 2985984 significant shell pairs
Created 549562 / 2274064 significant shell pairs
Total number of grid points: 392722 (5775 per atom)
One electron integrals and orthogonalizer took 0.052939s
Created 549562 / 2274064 significant shell pairs
3C integrals and B formation took 2.149880s
Iteration |      Energy      |  DIIS Metric   | Fock Time (s) | DIIS Time (s)
----------+------------------+----------------+---------------+--------------
Density calculation took 0.659209s
Tau required
    1     | -1702.5481838546 |   1.0533e+03   |    1.7307     |    0.2947
Density calculation took 0.640967s
Tau required
    2     | -1690.8351591796 |   2.7056e+00   |    1.5556     |    0.2587
Density calculation took 0.618837s
Tau required
    3     | -1690.5704706308 |   4.0323e+00   |    1.5248     |    0.2663
Density calculation took 0.620106s
Tau required
    4     | -1691.5645899087 |   1.3830e-01   |    1.5234     |    0.2606
Density calculation took 0.619813s
Tau required
    5     | -1691.5854434748 |   6.6082e-02   |    1.5239     |    0.2698
Density calculation took 0.618974s
Tau required
    6     | -1691.6027035674 |   6.0420e-03   |    1.5239     |    0.2616
Density calculation took 0.619241s
Tau required
    7     | -1691.6038953938 |   1.5115e-03   |    1.5244     |    0.2731
Density calculation took 0.619912s
Tau required
    8     | -1691.6041716549 |   5.5145e-04   |    1.5232     |    0.2627
Density calculation took 0.619157s
Tau required
    9     | -1691.6043183477 |   3.5031e-05   |    1.5236     |    0.2626
Density calculation took 0.619922s
Tau required
   10     | -1691.6043243543 |   1.4425e-05   |    1.5252     |    0.2641
Density calculation took 0.619469s
Tau required
   11     | -1691.6043280286 |   1.8926e-06   |    1.5241     |    0.2633
Density calculation took 0.619626s
Tau required
   12     | -1691.6043283263 |   9.7491e-07   |    1.5217     |    0.2629
Density calculation took 0.618420s
Tau required
   13     | -1691.6043285927 |   6.1886e-08   |    1.5251     |    0.2632
Density calculation took 0.619741s
Tau required
   14     | -1691.6043286057 |   1.4927e-08   |    1.5254     |    0.2628
Density calculation took 0.619113s
Tau required
   15     | -1691.6043286092 |   3.6713e-09   |    1.5219     |    0.2609
Density calculation took 0.619716s
Tau required
   16     | -1691.6043286099 |   1.3914e-09   |    1.5244     |    0.2626
Density calculation took 0.619350s
Tau required
   17     | -1691.6043286102 |   2.9619e-10   |    1.5224     |    0.2606
Density calculation took 0.619551s
Tau required
   18     | -1691.6043286103 |   9.2925e-11   |    1.5237     |    0.2628
Created 705281 / 2985984 significant shell pairs
Created 547909 / 2274064 significant shell pairs
Total number of grid points: 392800 (5776 per atom)
One electron integrals and orthogonalizer took 0.053289s
Created 547909 / 2274064 significant shell pairs
3C integrals and B formation took 2.133396s
Iteration |      Energy      |  DIIS Metric   | Fock Time (s) | DIIS Time (s)
----------+------------------+----------------+---------------+--------------
Density calculation took 0.658175s
Tau required
    1     | -1702.5390869788 |   1.0512e+03   |    1.7658     |    0.2966
Density calculation took 0.646687s
Tau required
    2     | -1690.8334347904 |   2.6885e+00   |    1.5624     |    0.2583
Density calculation took 0.621678s
Tau required
    3     | -1690.5919543896 |   3.9311e+00   |    1.5304     |    0.2676
Density calculation took 0.619266s
Tau required
    4     | -1691.5732118373 |   9.5832e-02   |    1.5258     |    0.2585
Density calculation took 0.621982s
Tau required
    5     | -1691.5884784193 |   3.9858e-02   |    1.5291     |    0.2697
Density calculation took 0.621892s
Tau required
    6     | -1691.5984021122 |   3.8678e-03   |    1.5340     |    0.2606
Density calculation took 0.622396s
Tau required
    7     | -1691.5991189947 |   1.2956e-03   |    1.5323     |    0.2703
Density calculation took 0.622479s
Tau required
    8     | -1691.5993926074 |   3.5355e-04   |    1.5292     |    0.2631
Density calculation took 0.619162s
Tau required
    9     | -1691.5994890237 |   2.9963e-05   |    1.5217     |    0.2631
Density calculation took 0.619575s
Tau required
   10     | -1691.5994955053 |   8.4020e-06   |    1.5250     |    0.2631
Density calculation took 0.619103s
Tau required
   11     | -1691.5994976485 |   8.4322e-07   |    1.5232     |    0.2619
Density calculation took 0.620300s
Tau required
   12     | -1691.5994977252 |   5.8301e-07   |    1.5268     |    0.2614
Density calculation took 0.619667s
Tau required
   13     | -1691.5994978815 |   4.0959e-08   |    1.5257     |    0.2617
Density calculation took 0.619033s
Tau required
   14     | -1691.5994978911 |   9.3427e-09   |    1.5222     |    0.2618
Density calculation took 0.619288s
Tau required
   15     | -1691.5994978933 |   2.2275e-09   |    1.5233     |    0.2627
Density calculation took 0.619615s
Tau required
   16     | -1691.5994978938 |   6.2476e-10   |    1.5234     |    0.2622
Density calculation took 0.619219s
Tau required
   17     | -1691.5994978940 |   1.5507e-10   |    1.5240     |    0.2618
Density calculation took 0.619281s
Tau required
   18     | -1691.5994978940 |   4.6613e-11   |    1.5249     |    0.2610
Created 720149 / 2985984 significant shell pairs
Created 559585 / 2274064 significant shell pairs
Total number of grid points: 392478 (5771 per atom)
One electron integrals and orthogonalizer took 0.052501s
Created 559585 / 2274064 significant shell pairs
3C integrals and B formation took 2.153336s
Iteration |      Energy      |  DIIS Metric   | Fock Time (s) | DIIS Time (s)
----------+------------------+----------------+---------------+--------------
Density calculation took 0.655599s
Tau required
    1     | -1702.5553236282 |   1.0543e+03   |    1.7889     |    0.2945
Density calculation took 0.636087s
Tau required
    2     | -1690.8314537785 |   2.7016e+00   |    1.5523     |    0.2574
Density calculation took 0.613971s
Tau required
    3     | -1690.5816210086 |   3.9968e+00   |    1.5229     |    0.2689
Density calculation took 0.614231s
Tau required
    4     | -1691.5742002276 |   8.6198e-02   |    1.5225     |    0.2606
Density calculation took 0.614120s
Tau required
    5     | -1691.5863806027 |   4.0582e-02   |    1.5216     |    0.2695
Density calculation took 0.614319s
Tau required
    6     | -1691.5967186957 |   3.7906e-03   |    1.5231     |    0.2616
Density calculation took 0.613817s
Tau required
    7     | -1691.5974526782 |   1.2456e-03   |    1.5221     |    0.2709
Density calculation took 0.614681s
Tau required
    8     | -1691.5977409569 |   2.1800e-04   |    1.5188     |    0.2621
Density calculation took 0.614249s
Tau required
    9     | -1691.5977955159 |   3.4986e-05   |    1.5226     |    0.2635
Density calculation took 0.614252s
Tau required
   10     | -1691.5978037954 |   8.1983e-06   |    1.5234     |    0.2606
Density calculation took 0.614183s
Tau required
   11     | -1691.5978057635 |   1.3635e-06   |    1.5203     |    0.2616
Density calculation took 0.614593s
Tau required
   12     | -1691.5978059544 |   7.2017e-07   |    1.5249     |    0.2618
Density calculation took 0.613967s
Tau required
   13     | -1691.5978061478 |   3.8724e-08   |    1.5190     |    0.2631
Density calculation took 0.614355s
Tau required
   14     | -1691.5978061557 |   1.1130e-08   |    1.5208     |    0.2623
Density calculation took 0.613823s
Tau required
   15     | -1691.5978061583 |   2.6597e-09   |    1.5227     |    0.2624
Density calculation took 0.613996s
Tau required
   16     | -1691.5978061589 |   7.3243e-10   |    1.5218     |    0.2626
Density calculation took 0.614015s
Tau required
   17     | -1691.5978061591 |   1.5809e-10   |    1.5243     |    0.2629
Density calculation took 0.614597s
Tau required
   18     | -1691.5978061591 |   4.0807e-11   |    1.5247     |    0.2631
Created 702039 / 2985984 significant shell pairs
Created 544729 / 2274064 significant shell pairs
Total number of grid points: 391831 (5762 per atom)
One electron integrals and orthogonalizer took 0.052744s
Created 544729 / 2274064 significant shell pairs
3C integrals and B formation took 2.138799s
Iteration |      Energy      |  DIIS Metric   | Fock Time (s) | DIIS Time (s)
----------+------------------+----------------+---------------+--------------
Density calculation took 0.655161s
Tau required
    1     | -1702.5409321187 |   1.0514e+03   |    1.7815     |    0.2936
Density calculation took 0.641862s
Tau required
    2     | -1690.8316397065 |   2.6882e+00   |    1.5633     |    0.2590
Density calculation took 0.618142s
Tau required
    3     | -1690.5917159346 |   3.9337e+00   |    1.5300     |    0.2676
Density calculation took 0.616777s
Tau required
    4     | -1691.5734763759 |   8.6247e-02   |    1.5323     |    0.2601
Density calculation took 0.620071s
Tau required
    5     | -1691.5857948426 |   3.9684e-02   |    1.5340     |    0.2682
Density calculation took 0.619517s
Tau required
    6     | -1691.5952212468 |   5.7742e-03   |    1.5331     |    0.2606
Density calculation took 0.618950s
Tau required
    7     | -1691.5964618219 |   1.4925e-03   |    1.5287     |    0.2690
Density calculation took 0.617257s
Tau required
    8     | -1691.5967881683 |   4.1252e-04   |    1.5306     |    0.2615
Density calculation took 0.619371s
Tau required
    9     | -1691.5968989807 |   3.0562e-05   |    1.5289     |    0.2649
Density calculation took 0.617578s
Tau required
   10     | -1691.5969051673 |   1.0372e-05   |    1.5337     |    0.2613
Density calculation took 0.619399s
Tau required
   11     | -1691.5969078063 |   1.2342e-06   |    1.5309     |    0.2627
Density calculation took 0.617903s
Tau required
   12     | -1691.5969079209 |   8.3833e-07   |    1.5318     |    0.2616
Density calculation took 0.620258s
Tau required
   13     | -1691.5969081509 |   6.2699e-08   |    1.5306     |    0.2622
Density calculation took 0.618403s
Tau required
   14     | -1691.5969081659 |   1.1424e-08   |    1.5315     |    0.2628
Density calculation took 0.620672s
Tau required
   15     | -1691.5969081684 |   3.5542e-09   |    1.5308     |    0.2677
Density calculation took 0.617960s
Tau required
   16     | -1691.5969081691 |   1.2456e-09   |    1.5362     |    0.2607
Density calculation took 0.619480s
Tau required
   17     | -1691.5969081694 |   2.5157e-10   |    1.5304     |    0.2623
Density calculation took 0.617112s
Tau required
   18     | -1691.5969081694 |   7.6347e-11   |    1.5333     |    0.2619
Created 749612 / 2985984 significant shell pairs
Created 582302 / 2274064 significant shell pairs
Total number of grid points: 392446 (5771 per atom)
One electron integrals and orthogonalizer took 0.053615s
Created 582302 / 2274064 significant shell pairs
3C integrals and B formation took 2.180356s
Iteration |      Energy      |  DIIS Metric   | Fock Time (s) | DIIS Time (s)
----------+------------------+----------------+---------------+--------------
Density calculation took 0.661873s
Tau required
    1     | -1702.5533649816 |   1.0545e+03   |    1.7693     |    0.2936
Density calculation took 0.646327s
Tau required
    2     | -1690.8326167145 |   2.7064e+00   |    1.5585     |    0.2586
Density calculation took 0.624481s
Tau required
    3     | -1690.5680192587 |   4.0285e+00   |    1.5304     |    0.2678
Density calculation took 0.624172s
Tau required
    4     | -1691.5629771725 |   1.3160e-01   |    1.5278     |    0.2588
Density calculation took 0.624668s
Tau required
    5     | -1691.5777593046 |   8.1817e-02   |    1.5282     |    0.2693
Density calculation took 0.624117s
Tau required
    6     | -1691.5995580055 |   8.8086e-03   |    1.5266     |    0.2624
Density calculation took 0.624335s
Tau required
    7     | -1691.6015806149 |   1.5903e-03   |    1.5285     |    0.2732
Density calculation took 0.624268s
Tau required
    8     | -1691.6019141298 |   4.8105e-04   |    1.5277     |    0.2618
Density calculation took 0.623922s
Tau required
    9     | -1691.6020363133 |   4.2841e-05   |    1.5275     |    0.2617
Density calculation took 0.624736s
Tau required
   10     | -1691.6020446021 |   1.5601e-05   |    1.5270     |    0.2627
Density calculation took 0.624190s
Tau required
   11     | -1691.6020483605 |   2.4791e-06   |    1.5262     |    0.2624
Density calculation took 0.625459s
Tau required
   12     | -1691.6020487779 |   1.0219e-06   |    1.5297     |    0.2625
Density calculation took 0.624441s
Tau required
   13     | -1691.6020490450 |   8.5472e-08   |    1.5274     |    0.2604
Density calculation took 0.624753s
Tau required
   14     | -1691.6020490650 |   2.1625e-08   |    1.5294     |    0.2615
Density calculation took 0.624995s
Tau required
   15     | -1691.6020490705 |   4.3856e-09   |    1.5295     |    0.2619
Density calculation took 0.624382s
Tau required
   16     | -1691.6020490712 |   1.9539e-09   |    1.5296     |    0.2634
Density calculation took 0.625185s
Tau required
   17     | -1691.6020490716 |   5.0925e-10   |    1.5278     |    0.2618
Density calculation took 0.624559s
Tau required
   18     | -1691.6020490718 |   9.6260e-11   |    1.5268     |    0.2617
Please cite the following papers for the methods used in this calculation:
 - J.L. Galvez Vallejo et. al., Toward an extreme-scale electronic structure system, J. Chem. Phys., 2023. DOI: 10.1063/5.0156399

 - R. Stocks, E. Palethorpe, and G.M.J. Barca, Multi-GPU RI-HF Energies and Analytic Gradients ─ Toward High-Throughput Ab Initio Molecular Dynamics, J. Chem. Theory Comput., 2024. DOI: 10.1021/acs.jctc.4c00877
   For:
     * RI-HF energy

 - S. Lehtola, C. Steigemann, M.J.T. Oliveira, and M.A.L. Marques, Recent developments in Libxc: A comprehensive library of functionals for density functional theory, SoftwareX, 2018. DOI: 10.1016/j.softx.2017.11.002
   For:
     * LibXC version 6.2.0

 - D.B. Williams-Young, W.A. de Jong, H.J.J. van Dam, and C. Yang, On the Efficient Evaluation of the Exchange Correlation Potential on Graphics Processing Unit Clusters, Frontiers in Chemistry, 2020. DOI: 10.3389/fchem.2020.581058
   For:
     * ExchCXX GPU implementation of exchange-correlation functionals

 - R. Stocks and G.M.J. Barca, Efficient Algorithms for GPU Accelerated Evaluation of the DFT Exchange-Correlation Functional, J. Chem. Theory Comput., 2025. DOI: 10.1021/acs.jctc.5c01229
   For:
     * GPU accelerated DFT exchange-correlation evaluation

 - Y. Zhao and D. G. Truhlar.,  J. Chem. Phys. 125, 194101 (2006) DOI: 10.1063/1.2370993
   For:
     * MGGA_X_M06_L XC Functional
     * MGGA_C_M06_L XC Functional

[CRAYBLAS_WARNING] Application linked against multiple cray-libsci libraries
