Total number of grid points: 369371 (5771 per atom)
Density calculation took 0.548322s
Tau required
Density calculation took 0.576677s
Tau required
Density calculation took 0.555323s
Tau required
Density calculation took 0.555062s
Tau required
Density calculation took 0.554156s
Tau required
Density calculation took 0.553895s
Tau required
Density calculation took 0.554039s
Tau required
Density calculation took 0.553753s
Tau required
Density calculation took 0.553953s
Tau required
Density calculation took 0.553553s
Tau required
Density calculation took 0.553662s
Tau required
Density calculation took 0.552515s
Tau required
Density calculation took 0.552633s
Tau required
Density calculation took 0.553629s
Tau required
Density calculation took 0.553779s
Tau required
Density calculation took 0.553592s
Tau required
Density calculation took 0.552965s
Tau required
Density calculation took 0.553972s
Tau required
Total number of grid points: 368918 (5764 per atom)
Density calculation took 0.556647s
Tau required
Density calculation took 0.581843s
Tau required
Density calculation took 0.559484s
Tau required
Density calculation took 0.560094s
Tau required
Density calculation took 0.559932s
Tau required
Density calculation took 0.560321s
Tau required
Density calculation took 0.558531s
Tau required
Density calculation took 0.560131s
Tau required
Density calculation took 0.559939s
Tau required
Density calculation took 0.559239s
Tau required
Density calculation took 0.559981s
Tau required
Density calculation took 0.560494s
Tau required
Density calculation took 0.560159s
Tau required
Density calculation took 0.560587s
Tau required
Density calculation took 0.559225s
Tau required
Density calculation took 0.560473s
Tau required
Density calculation took 0.559982s
Tau required
Total number of grid points: 369728 (5777 per atom)
Density calculation took 0.556437s
Tau required
Density calculation took 0.572941s
Tau required
Density calculation took 0.553095s
Tau required
Density calculation took 0.552036s
Tau required
Density calculation took 0.552963s
Tau required
Density calculation took 0.553314s
Tau required
Density calculation took 0.552102s
Tau required
Density calculation took 0.553693s
Tau required
Density calculation took 0.552353s
Tau required
Density calculation took 0.553796s
Tau required
Density calculation took 0.551985s
Tau required
Density calculation took 0.552634s
Tau required
Density calculation took 0.553506s
Tau required
Density calculation took 0.553514s
Tau required
Density calculation took 0.552936s
Tau required
Density calculation took 0.553876s
Tau required
Density calculation took 0.552087s
Tau required
Density calculation took 0.553744s
Tau required
Total number of grid points: 370064 (5782 per atom)
Density calculation took 0.552178s
Tau required
Density calculation took 0.572108s
Tau required
Density calculation took 0.549018s
Tau required
Density calculation took 0.548695s
Tau required
Density calculation took 0.549902s
Tau required
Density calculation took 0.549594s
Tau required
Density calculation took 0.550195s
Tau required
Density calculation took 0.547602s
Tau required
Density calculation took 0.550471s
Tau required
Density calculation took 0.550025s
Tau required
Density calculation took 0.550611s
Tau required
Density calculation took 0.549055s
Tau required
Density calculation took 0.550209s
Tau required
Density calculation took 0.548789s
Tau required
Density calculation took 0.550580s
Tau required
Density calculation took 0.550142s
Tau required
Density calculation took 0.550587s
Tau required
Total number of grid points: 369620 (5775 per atom)
Density calculation took 0.552834s
Tau required
Density calculation took 0.574715s
Tau required
Density calculation took 0.552738s
Tau required
Density calculation took 0.554718s
Tau required
Density calculation took 0.554314s
Tau required
Density calculation took 0.554780s
Tau required
Density calculation took 0.553285s
Tau required
Density calculation took 0.554906s
Tau required
Density calculation took 0.554853s
Tau required
Density calculation took 0.554619s
Tau required
Density calculation took 0.553470s
Tau required
Density calculation took 0.553952s
Tau required
Density calculation took 0.553536s
Tau required
Density calculation took 0.554507s
Tau required
Density calculation took 0.554344s
Tau required
Density calculation took 0.553864s
Tau required
Density calculation took 0.554970s
Tau required
Total number of grid points: 369680 (5776 per atom)
Density calculation took 0.551580s
Tau required
Density calculation took 0.581661s
Tau required
Density calculation took 0.557189s
Tau required
Density calculation took 0.558143s
Tau required
Density calculation took 0.559707s
Tau required
Density calculation took 0.559870s
Tau required
Density calculation took 0.559648s
Tau required
Density calculation took 0.558623s
Tau required
Density calculation took 0.559659s
Tau required
Density calculation took 0.559165s
Tau required
Density calculation took 0.559709s
Tau required
Density calculation took 0.559715s
Tau required
Density calculation took 0.557707s
Tau required
Density calculation took 0.558890s
Tau required
Density calculation took 0.559664s
Tau required
Density calculation took 0.559872s
Tau required
Density calculation took 0.558483s
Tau required
Total number of grid points: 369270 (5769 per atom)
Density calculation took 0.557632s
Tau required
Density calculation took 0.585189s
Tau required
Density calculation took 0.560251s
Tau required
Density calculation took 0.562061s
Tau required
Density calculation took 0.562701s
Tau required
Density calculation took 0.561566s
Tau required
Density calculation took 0.562688s
Tau required
Density calculation took 0.562394s
Tau required
Density calculation took 0.562615s
Tau required
Density calculation took 0.561863s
Tau required
Density calculation took 0.561732s
Tau required
Density calculation took 0.561309s
Tau required
Density calculation took 0.561334s
Tau required
Density calculation took 0.562850s
Tau required
Density calculation took 0.562652s
Tau required
Density calculation took 0.562735s
Tau required
Density calculation took 0.562713s
Tau required
Total number of grid points: 369492 (5773 per atom)
Density calculation took 0.561612s
Tau required
Density calculation took 0.577941s
Tau required
Density calculation took 0.552996s
Tau required
Density calculation took 0.554477s
Tau required
Density calculation took 0.552370s
Tau required
Density calculation took 0.554281s
Tau required
Density calculation took 0.554398s
Tau required
Density calculation took 0.552365s
Tau required
Density calculation took 0.552113s
Tau required
Density calculation took 0.553062s
Tau required
Density calculation took 0.554426s
Tau required
Density calculation took 0.554384s
Tau required
Density calculation took 0.553468s
Tau required
Density calculation took 0.554743s
Tau required
Density calculation took 0.554474s
Tau required
Density calculation took 0.554486s
Tau required
Density calculation took 0.554045s
Tau required
Density calculation took 0.554773s
Tau required
Total number of grid points: 368973 (5765 per atom)
Density calculation took 0.551888s
Tau required
Density calculation took 0.573910s
Tau required
Density calculation took 0.551874s
Tau required
Density calculation took 0.553500s
Tau required
Density calculation took 0.553685s
Tau required
Density calculation took 0.552658s
Tau required
Density calculation took 0.553403s
Tau required
Density calculation took 0.552840s
Tau required
Density calculation took 0.553445s
Tau required
Density calculation took 0.553257s
Tau required
Density calculation took 0.553394s
Tau required
Density calculation took 0.554236s
Tau required
Density calculation took 0.553009s
Tau required
Density calculation took 0.554059s
Tau required
Density calculation took 0.553448s
Tau required
Density calculation took 0.552450s
Tau required
Density calculation took 0.553664s
Tau required
Density calculation took 0.552740s
Tau required
Total number of grid points: 369060 (5766 per atom)
Density calculation took 0.552656s
Tau required
Density calculation took 0.574508s
Tau required
Density calculation took 0.552052s
Tau required
Density calculation took 0.553584s
Tau required
Density calculation took 0.554885s
Tau required
Density calculation took 0.554371s
Tau required
Density calculation took 0.554261s
Tau required
Density calculation took 0.552444s
Tau required
Density calculation took 0.554349s
Tau required
Density calculation took 0.554633s
Tau required
Density calculation took 0.554149s
Tau required
Density calculation took 0.554543s
Tau required
Density calculation took 0.554696s
Tau required
Density calculation took 0.553607s
Tau required
Density calculation took 0.554747s
Tau required
Density calculation took 0.553679s
Tau required
Density calculation took 0.554543s
Tau required
Density calculation took 0.554703s
Tau required
Total number of grid points: 368952 (5764 per atom)
Density calculation took 0.550459s
Tau required
Density calculation took 0.570176s
Tau required
Density calculation took 0.549427s
Tau required
Density calculation took 0.549386s
Tau required
Density calculation took 0.548406s
Tau required
Density calculation took 0.548744s
Tau required
Density calculation took 0.548240s
Tau required
Density calculation took 0.549183s
Tau required
Density calculation took 0.549573s
Tau required
Density calculation took 0.549639s
Tau required
Density calculation took 0.549753s
Tau required
Density calculation took 0.549687s
Tau required
Density calculation took 0.549975s
Tau required
Density calculation took 0.549879s
Tau required
Density calculation took 0.548667s
Tau required
Density calculation took 0.548999s
Tau required
Density calculation took 0.548121s
Tau required
Density calculation took 0.549779s
Tau required
Total number of grid points: 369678 (5776 per atom)
Density calculation took 0.556858s
Tau required
Density calculation took 0.576212s
Tau required
Density calculation took 0.554873s
Tau required
Density calculation took 0.555891s
Tau required
Density calculation took 0.556038s
Tau required
Density calculation took 0.555180s
Tau required
Density calculation took 0.555903s
Tau required
Density calculation took 0.555797s
Tau required
Density calculation took 0.555680s
Tau required
Density calculation took 0.555976s
Tau required
Density calculation took 0.555896s
Tau required
Density calculation took 0.553639s
Tau required
Density calculation took 0.555019s
Tau required
Density calculation took 0.556322s
Tau required
Density calculation took 0.556291s
Tau required
Density calculation took 0.556049s
Tau required
Density calculation took 0.555939s
Tau required
Total number of grid points: 370055 (5782 per atom)
Density calculation took 0.556035s
Tau required
Density calculation took 0.583384s
Tau required
Density calculation took 0.561345s
Tau required
Density calculation took 0.559954s
Tau required
Density calculation took 0.561151s
Tau required
Density calculation took 0.560683s
Tau required
Density calculation took 0.561067s
Tau required
Density calculation took 0.559849s
Tau required
Density calculation took 0.560376s
Tau required
Density calculation took 0.559904s
Tau required
Density calculation took 0.560374s
Tau required
Density calculation took 0.560558s
Tau required
Density calculation took 0.561515s
Tau required
Density calculation took 0.559364s
Tau required
Density calculation took 0.559972s
Tau required
Density calculation took 0.559510s
Tau required
Density calculation took 0.561479s
Tau required
Density calculation took 0.559783s
Tau required
Total number of grid points: 369675 (5776 per atom)
Density calculation took 0.552896s
Tau required
Density calculation took 0.574201s
Tau required
Density calculation took 0.551881s
Tau required
Density calculation took 0.552985s
Tau required
Density calculation took 0.552270s
Tau required
Density calculation took 0.553121s
Tau required
Density calculation took 0.553133s
Tau required
Density calculation took 0.551347s
Tau required
Density calculation took 0.552893s
Tau required
Density calculation took 0.552677s
Tau required
Density calculation took 0.551421s
Tau required
Density calculation took 0.552207s
Tau required
Density calculation took 0.553154s
Tau required
Density calculation took 0.553113s
Tau required
Density calculation took 0.553041s
Tau required
Density calculation took 0.552929s
Tau required
Density calculation took 0.553328s
Tau required
Density calculation took 0.553373s
Tau required
Total number of grid points: 369648 (5775 per atom)
Density calculation took 0.586399s
Tau required
Density calculation took 0.576599s
Tau required
Density calculation took 0.555686s
Tau required
Density calculation took 0.556782s
Tau required
Density calculation took 0.555764s
Tau required
Density calculation took 0.556546s
Tau required
Density calculation took 0.556137s
Tau required
Density calculation took 0.556739s
Tau required
Density calculation took 0.555846s
Tau required
Density calculation took 0.555198s
Tau required
Density calculation took 0.554943s
Tau required
Density calculation took 0.556060s
Tau required
Density calculation took 0.555765s
Tau required
Density calculation took 0.556663s
Tau required
Density calculation took 0.556732s
Tau required
Density calculation took 0.557095s
Tau required
Density calculation took 0.556917s
Tau required
Total number of grid points: 369943 (5780 per atom)
Density calculation took 0.553605s
Tau required
Density calculation took 0.583261s
Tau required
Density calculation took 0.557650s
Tau required
Density calculation took 0.558588s
Tau required
Density calculation took 0.556954s
Tau required
Density calculation took 0.557983s
Tau required
Density calculation took 0.557863s
Tau required
Density calculation took 0.558080s
Tau required
Density calculation took 0.558091s
Tau required
Density calculation took 0.557677s
Tau required
Density calculation took 0.558147s
Tau required
Density calculation took 0.557927s
Tau required
Density calculation took 0.558077s
Tau required
Density calculation took 0.558315s
Tau required
Density calculation took 0.557381s
Tau required
Density calculation took 0.556505s
Tau required
Density calculation took 0.558429s
Tau required
Density calculation took 0.558410s
Tau required
Total number of grid points: 369348 (5771 per atom)
Density calculation took 0.587336s
Tau required
Density calculation took 0.575703s
Tau required
Density calculation took 0.552306s
Tau required
Density calculation took 0.553656s
Tau required
Density calculation took 0.552503s
Tau required
Density calculation took 0.553644s
Tau required
Density calculation took 0.552277s
Tau required
Density calculation took 0.552099s
Tau required
Density calculation took 0.552566s
Tau required
Density calculation took 0.553090s
Tau required
Density calculation took 0.553228s
Tau required
Density calculation took 0.553505s
Tau required
Density calculation took 0.553369s
Tau required
Density calculation took 0.553447s
Tau required
Density calculation took 0.553643s
Tau required
Density calculation took 0.553618s
Tau required
Density calculation took 0.553412s
Tau required
Total number of grid points: 369439 (5772 per atom)
Density calculation took 0.581269s
Tau required
Density calculation took 0.577960s
Tau required
Density calculation took 0.556797s
Tau required
Density calculation took 0.556796s
Tau required
Density calculation took 0.557159s
Tau required
Density calculation took 0.555965s
Tau required
Density calculation took 0.556898s
Tau required
Density calculation took 0.556907s
Tau required
Density calculation took 0.556847s
Tau required
Density calculation took 0.556688s
Tau required
Density calculation took 0.556014s
Tau required
Density calculation took 0.556055s
Tau required
Density calculation took 0.556331s
Tau required
Density calculation took 0.555310s
Tau required
Density calculation took 0.557172s
Tau required
Density calculation took 0.557254s
Tau required
Density calculation took 0.556316s
Tau required
Density calculation took 0.556121s
Tau required
Total number of grid points: 369990 (5781 per atom)
Density calculation took 0.553122s
Tau required
Density calculation took 0.573746s
Tau required
Density calculation took 0.554436s
Tau required
Density calculation took 0.554109s
Tau required
Density calculation took 0.554454s
Tau required
Density calculation took 0.554567s
Tau required
Density calculation took 0.554118s
Tau required
Density calculation took 0.554424s
Tau required
Density calculation took 0.552484s
Tau required
Density calculation took 0.553591s
Tau required
Density calculation took 0.554035s
Tau required
Density calculation took 0.554119s
Tau required
Density calculation took 0.554819s
Tau required
Density calculation took 0.553334s
Tau required
Density calculation took 0.554241s
Tau required
Density calculation took 0.553608s
Tau required
Density calculation took 0.554319s
Tau required
Density calculation took 0.554522s
Tau required
Total number of grid points: 369585 (5774 per atom)
Density calculation took 0.582729s
Tau required
Density calculation took 0.576707s
Tau required
Density calculation took 0.556155s
Tau required
Density calculation took 0.557094s
Tau required
Density calculation took 0.556327s
Tau required
Density calculation took 0.557350s
Tau required
Density calculation took 0.557130s
Tau required
Density calculation took 0.557161s
Tau required
Density calculation took 0.557380s
Tau required
Density calculation took 0.556378s
Tau required
Density calculation took 0.556706s
Tau required
Density calculation took 0.557449s
Tau required
Density calculation took 0.557208s
Tau required
Density calculation took 0.557563s
Tau required
Density calculation took 0.557382s
Tau required
Density calculation took 0.556541s
Tau required
Density calculation took 0.557308s
Tau required
[CRAYBLAS_WARNING] Application linked against multiple cray-libsci libraries
rmance: SP: 0 FLOP/s, DP: 32.71 TFLOP/s
JSON file written to: json_logs/lustre_orion_chm213_scratch_ryan_dhdft_inputs_exess_exess_inputs_M06-L_def2-TZVP_isomers_15240-15259_topology_9.json
************************************************************
**************** Running topology 11 of 20 *****************
************************************************************

************************************************************
****** Beginning RI-MGGA_X_M06_L+MGGA_C_M06_L energy *******
************************************************************

=======================================================
       MGGA_X_M06_L+MGGA_C_M06_L Energy Results        
=======================================================
E MGGA_X_M06_L+MGGA_C_M06_L: -1614.18478731
Nuclear Repulsion Energy: 4180.05495443
Electronic Energy:        -5557.24277527
XC Energy:                -236.996966
Converged:                1
# of SCF iterations:      18
SCF Time:                 30.149s

=======================================================
            Individual Calculation Summary             
=======================================================
HF Energy: -1614.1847873139615785
=======================================================


Topology 10 time: 30.327888 s, performance: SP: 0 FLOP/s, DP: 33.02 TFLOP/s
JSON file written to: json_logs/lustre_orion_chm213_scratch_ryan_dhdft_inputs_exess_exess_inputs_M06-L_def2-TZVP_isomers_15240-15259_topology_10.json
************************************************************
**************** Running topology 12 of 20 *****************
************************************************************

************************************************************
****** Beginning RI-MGGA_X_M06_L+MGGA_C_M06_L energy *******
************************************************************

=======================================================
       MGGA_X_M06_L+MGGA_C_M06_L Energy Results        
=======================================================
E MGGA_X_M06_L+MGGA_C_M06_L: -1614.18930123
Nuclear Repulsion Energy: 4171.22134616
Electronic Energy:        -5548.40749807
XC Energy:                -237.003149
Converged:                1
# of SCF iterations:      17
SCF Time:                 28.898s

=======================================================
            Individual Calculation Summary             
=======================================================
HF Energy: -1614.1893012267391896
=======================================================


Topology 11 time: 29.074305 s, performance: SP: 0 FLOP/s, DP: 32.64 TFLOP/s
JSON file written to: json_logs/lustre_orion_chm213_scratch_ryan_dhdft_inputs_exess_exess_inputs_M06-L_def2-TZVP_isomers_15240-15259_topology_11.json
************************************************************
**************** Running topology 13 of 20 *****************
************************************************************

************************************************************
****** Beginning RI-MGGA_X_M06_L+MGGA_C_M06_L energy *******
************************************************************

=======================================================
       MGGA_X_M06_L+MGGA_C_M06_L Energy Results        
=======================================================
E MGGA_X_M06_L+MGGA_C_M06_L: -1614.18186946
Nuclear Repulsion Energy: 4329.03474803
Electronic Energy:        -5706.2077124
XC Energy:                -237.008905
Converged:                1
# of SCF iterations:      18
SCF Time:                 30.335s

=======================================================
            Individual Calculation Summary             
=======================================================
HF Energy: -1614.1818694596729529
=======================================================


Topology 12 time: 30.523779 s, performance: SP: 0 FLOP/s, DP: 32.75 TFLOP/s
JSON file written to: json_logs/lustre_orion_chm213_scratch_ryan_dhdft_inputs_exess_exess_inputs_M06-L_def2-TZVP_isomers_15240-15259_topology_12.json
************************************************************
**************** Running topology 14 of 20 *****************
************************************************************

************************************************************
****** Beginning RI-MGGA_X_M06_L+MGGA_C_M06_L energy *******
************************************************************

=======================================================
       MGGA_X_M06_L+MGGA_C_M06_L Energy Results        
=======================================================
E MGGA_X_M06_L+MGGA_C_M06_L: -1614.17935257
Nuclear Repulsion Energy: 4328.39673425
Electronic Energy:        -5705.56934026
XC Energy:                -237.006747
Converged:                1
# of SCF iterations:      18
SCF Time:                 30.156s

=======================================================
            Individual Calculation Summary             
=======================================================
HF Energy: -1614.1793525733764909
=======================================================


Topology 13 time: 30.345135 s, performance: SP: 0 FLOP/s, DP: 32.95 TFLOP/s
JSON file written to: json_logs/lustre_orion_chm213_scratch_ryan_dhdft_inputs_exess_exess_inputs_M06-L_def2-TZVP_isomers_15240-15259_topology_13.json
************************************************************
**************** Running topology 15 of 20 *****************
************************************************************

************************************************************
****** Beginning RI-MGGA_X_M06_L+MGGA_C_M06_L energy *******
************************************************************

=======================================================
       MGGA_X_M06_L+MGGA_C_M06_L Energy Results        
=======================================================
E MGGA_X_M06_L+MGGA_C_M06_L: -1614.20075999
Nuclear Repulsion Energy: 4124.76386817
Electronic Energy:        -5501.96344619
XC Energy:                -237.001182
Converged:                1
# of SCF iterations:      17
SCF Time:                 28.952s

=======================================================
            Individual Calculation Summary             
=======================================================
HF Energy: -1614.2007599932808262
=======================================================


Topology 14 time: 29.127418 s, performance: SP: 0 FLOP/s, DP: 32.64 TFLOP/s
JSON file written to: json_logs/lustre_orion_chm213_scratch_ryan_dhdft_inputs_exess_exess_inputs_M06-L_def2-TZVP_isomers_15240-15259_topology_14.json
************************************************************
**************** Running topology 16 of 20 *****************
************************************************************

************************************************************
****** Beginning RI-MGGA_X_M06_L+MGGA_C_M06_L energy *******
************************************************************

=======================================================
       MGGA_X_M06_L+MGGA_C_M06_L Energy Results        
=======================================================
E MGGA_X_M06_L+MGGA_C_M06_L: -1614.1892838
Nuclear Repulsion Energy: 4086.47189546
Electronic Energy:        -5463.66956649
XC Energy:                -236.991613
Converged:                1
# of SCF iterations:      18
SCF Time:                 30.287s

=======================================================
            Individual Calculation Summary             
=======================================================
HF Energy: -1614.1892837959451299
=======================================================


Topology 15 time: 30.458372 s, performance: SP: 0 FLOP/s, DP: 32.95 TFLOP/s
JSON file written to: json_logs/lustre_orion_chm213_scratch_ryan_dhdft_inputs_exess_exess_inputs_M06-L_def2-TZVP_isomers_15240-15259_topology_15.json
************************************************************
**************** Running topology 17 of 20 *****************
************************************************************

************************************************************
****** Beginning RI-MGGA_X_M06_L+MGGA_C_M06_L energy *******
************************************************************

=======================================================
       MGGA_X_M06_L+MGGA_C_M06_L Energy Results        
=======================================================
E MGGA_X_M06_L+MGGA_C_M06_L: -1614.2011003
Nuclear Repulsion Energy: 4109.77149577
Electronic Energy:        -5486.97165226
XC Energy:                -237.000944
Converged:                1
# of SCF iterations:      17
SCF Time:                 28.7s

=======================================================
            Individual Calculation Summary             
=======================================================
HF Energy: -1614.2011003033428551
=======================================================


Topology 16 time: 28.875461 s, performance: SP: 0 FLOP/s, DP: 32.93 TFLOP/s
JSON file written to: json_logs/lustre_orion_chm213_scratch_ryan_dhdft_inputs_exess_exess_inputs_M06-L_def2-TZVP_isomers_15240-15259_topology_16.json
************************************************************
**************** Running topology 18 of 20 *****************
************************************************************

************************************************************
****** Beginning RI-MGGA_X_M06_L+MGGA_C_M06_L energy *******
************************************************************

=======================================================
       MGGA_X_M06_L+MGGA_C_M06_L Energy Results        
=======================================================
E MGGA_X_M06_L+MGGA_C_M06_L: -1614.19144003
Nuclear Repulsion Energy: 4279.45969076
Electronic Energy:        -5656.64430305
XC Energy:                -237.006828
Converged:                1
# of SCF iterations:      18
SCF Time:                 30.201s

=======================================================
            Individual Calculation Summary             
=======================================================
HF Energy: -1614.1914400349696734
=======================================================


Topology 17 time: 30.386326 s, performance: SP: 0 FLOP/s, DP: 32.95 TFLOP/s
JSON file written to: json_logs/lustre_orion_chm213_scratch_ryan_dhdft_inputs_exess_exess_inputs_M06-L_def2-TZVP_isomers_15240-15259_topology_17.json
************************************************************
**************** Running topology 19 of 20 *****************
************************************************************

************************************************************
****** Beginning RI-MGGA_X_M06_L+MGGA_C_M06_L energy *******
************************************************************

=======================================================
       MGGA_X_M06_L+MGGA_C_M06_L Energy Results        
=======================================================
E MGGA_X_M06_L+MGGA_C_M06_L: -1614.18752702
Nuclear Repulsion Energy: 4278.75915865
Electronic Energy:        -5655.94310827
XC Energy:                -237.003577
Converged:                1
# of SCF iterations:      18
SCF Time:                 30.228s

=======================================================
            Individual Calculation Summary             
=======================================================
HF Energy: -1614.1875270244618150
=======================================================


Topology 18 time: 30.415444 s, performance: SP: 0 FLOP/s, DP: 32.93 TFLOP/s
JSON file written to: json_logs/lustre_orion_chm213_scratch_ryan_dhdft_inputs_exess_exess_inputs_M06-L_def2-TZVP_isomers_15240-15259_topology_18.json
************************************************************
**************** Running topology 20 of 20 *****************
************************************************************

************************************************************
****** Beginning RI-MGGA_X_M06_L+MGGA_C_M06_L energy *******
************************************************************

=======================================================
       MGGA_X_M06_L+MGGA_C_M06_L Energy Results        
=======================================================
E MGGA_X_M06_L+MGGA_C_M06_L: -1614.19729812
Nuclear Repulsion Energy: 4174.16478594
Electronic Energy:        -5551.35736879
XC Energy:                -237.004715
Converged:                1
# of SCF iterations:      17
SCF Time:                 28.621s

=======================================================
            Individual Calculation Summary             
=======================================================
HF Energy: -1614.1972981245351093
=======================================================


Topology 19 time: 28.799322 s, performance: SP: 0 FLOP/s, DP: 33.01 TFLOP/s
JSON file written to: json_logs/lustre_orion_chm213_scratch_ryan_dhdft_inputs_exess_exess_inputs_M06-L_def2-TZVP_isomers_15240-15259_topology_19.json
Total flops: SP: 0 FLOPS, DP: 19.569037 PFLOPS
Performance: SP: 0 FLOP/s, DP: 32.36 TFLOP/s

Now, a word from our sponsors... 
  *random magpie noises* 

[31mTotal processing time 604.960135 seconds[0m
[CRAYBLAS_WARNING] Application linked against multiple cray-libsci libraries
er of grid points: 368824 (5762 per atom)
One electron integrals and orthogonalizer took 0.050688s
Created 539602 / 2056356 significant shell pairs
3C integrals and B formation took 1.954858s
Iteration |      Energy      |  DIIS Metric   | Fock Time (s) | DIIS Time (s)
----------+------------------+----------------+---------------+--------------
Density calculation took 0.545231s
Tau required
    1     | -1624.7538018712 |   1.0143e+03   |    1.4650     |    0.2571
Density calculation took 0.578309s
Tau required
    2     | -1613.4639278709 |   2.5209e+00   |    1.3426     |    0.2226
Density calculation took 0.555934s
Tau required
    3     | -1613.2390738400 |   3.6744e+00   |    1.3201     |    0.2314
Density calculation took 0.557027s
Tau required
    4     | -1614.1541544096 |   9.4892e-02   |    1.3186     |    0.2235
Density calculation took 0.556559s
Tau required
    5     | -1614.1645991321 |   5.9768e-02   |    1.3200     |    0.2327
Density calculation took 0.556486s
Tau required
    6     | -1614.1804026512 |   5.1030e-03   |    1.3197     |    0.2248
Density calculation took 0.556681s
Tau required
    7     | -1614.1813315783 |   1.8031e-03   |    1.3206     |    0.2347
Density calculation took 0.557124s
Tau required
    8     | -1614.1817524193 |   4.1046e-04   |    1.3158     |    0.2260
Density calculation took 0.556510s
Tau required
    9     | -1614.1818623363 |   2.5675e-05   |    1.3190     |    0.2264
Density calculation took 0.556944s
Tau required
   10     | -1614.1818673079 |   7.7716e-06   |    1.3168     |    0.2331
Density calculation took 0.556633s
Tau required
   11     | -1614.1818690245 |   1.4603e-06   |    1.3200     |    0.2267
Density calculation took 0.557030s
Tau required
   12     | -1614.1818692420 |   7.6027e-07   |    1.3190     |    0.2275
Density calculation took 0.556583s
Tau required
   13     | -1614.1818694460 |   4.6604e-08   |    1.3197     |    0.2273
Density calculation took 0.557124s
Tau required
   14     | -1614.1818694562 |   1.1735e-08   |    1.3171     |    0.2284
Density calculation took 0.556637s
Tau required
   15     | -1614.1818694591 |   2.2243e-09   |    1.3195     |    0.2283
Density calculation took 0.557006s
Tau required
   16     | -1614.1818694594 |   8.9873e-10   |    1.3161     |    0.2309
Density calculation took 0.556579s
Tau required
   17     | -1614.1818694596 |   2.2831e-10   |    1.3192     |    0.2316
Density calculation took 0.557197s
Tau required
   18     | -1614.1818694597 |   4.2448e-11   |    1.3167     |    0.2277
Created 696115 / 2702736 significant shell pairs
Created 539234 / 2056356 significant shell pairs
Total number of grid points: 369129 (5767 per atom)
One electron integrals and orthogonalizer took 0.049911s
Created 539234 / 2056356 significant shell pairs
3C integrals and B formation took 1.953987s
Iteration |      Energy      |  DIIS Metric   | Fock Time (s) | DIIS Time (s)
----------+------------------+----------------+---------------+--------------
Density calculation took 0.547193s
Tau required
    1     | -1624.7481690301 |   1.0132e+03   |    1.4607     |    0.2605
Density calculation took 0.580122s
Tau required
    2     | -1613.4626194271 |   2.5179e+00   |    1.3312     |    0.2233
Density calculation took 0.558439s
Tau required
    3     | -1613.2436316006 |   3.6515e+00   |    1.3097     |    0.2304
Density calculation took 0.558467s
Tau required
    4     | -1614.1552130742 |   8.4153e-02   |    1.3067     |    0.2246
Density calculation took 0.558366s
Tau required
    5     | -1614.1647400410 |   5.1759e-02   |    1.3130     |    0.2329
Density calculation took 0.558944s
Tau required
    6     | -1614.1777495688 |   5.5691e-03   |    1.3071     |    0.2253
Density calculation took 0.558850s
Tau required
    7     | -1614.1788156936 |   1.7879e-03   |    1.3110     |    0.2346
Density calculation took 0.558381s
Tau required
    8     | -1614.1792148334 |   4.8345e-04   |    1.3087     |    0.2272
Density calculation took 0.558669s
Tau required
    9     | -1614.1793429853 |   3.3351e-05   |    1.3102     |    0.2273
Density calculation took 0.558479s
Tau required
   10     | -1614.1793496935 |   1.0297e-05   |    1.3096     |    0.2251
Density calculation took 0.558357s
Tau required
   11     | -1614.1793522388 |   1.1863e-06   |    1.3099     |    0.2250
Density calculation took 0.558641s
Tau required
   12     | -1614.1793524133 |   5.7493e-07   |    1.3103     |    0.2281
Density calculation took 0.558494s
Tau required
   13     | -1614.1793525637 |   3.2570e-08   |    1.3099     |    0.2270
Density calculation took 0.558479s
Tau required
   14     | -1614.1793525706 |   9.6357e-09   |    1.3084     |    0.2269
Density calculation took 0.558743s
Tau required
   15     | -1614.1793525728 |   2.1245e-09   |    1.3105     |    0.2272
Density calculation took 0.558489s
Tau required
   16     | -1614.1793525731 |   9.5028e-10   |    1.3082     |    0.2272
Density calculation took 0.558611s
Tau required
   17     | -1614.1793525733 |   1.8815e-10   |    1.3110     |    0.2283
Density calculation took 0.558529s
Tau required
   18     | -1614.1793525734 |   5.3233e-11   |    1.3080     |    0.2268
Created 635394 / 2702736 significant shell pairs
Created 491179 / 2056356 significant shell pairs
Total number of grid points: 369519 (5773 per atom)
One electron integrals and orthogonalizer took 0.045453s
Created 491179 / 2056356 significant shell pairs
3C integrals and B formation took 1.892840s
Iteration |      Energy      |  DIIS Metric   | Fock Time (s) | DIIS Time (s)
----------+------------------+----------------+---------------+--------------
Density calculation took 0.551714s
Tau required
    1     | -1624.7354089992 |   1.0063e+03   |    1.4854     |    0.2587
Density calculation took 0.582100s
Tau required
    2     | -1613.4823710475 |   2.5176e+00   |    1.3560     |    0.2249
Density calculation took 0.560621s
Tau required
    3     | -1613.2743109667 |   3.6017e+00   |    1.3340     |    0.2320
Density calculation took 0.560369s
Tau required
    4     | -1614.1776958026 |   8.2412e-02   |    1.3312     |    0.2251
Density calculation took 0.561291s
Tau required
    5     | -1614.1886191144 |   4.3863e-02   |    1.3340     |    0.2329
Density calculation took 0.560967s
Tau required
    6     | -1614.1996605097 |   3.9499e-03   |    1.3325     |    0.2253
Density calculation took 0.560789s
Tau required
    7     | -1614.2004704357 |   1.0392e-03   |    1.3395     |    0.2352
Density calculation took 0.560983s
Tau required
    8     | -1614.2007067488 |   1.8155e-04   |    1.3308     |    0.2270
Density calculation took 0.561247s
Tau required
    9     | -1614.2007535456 |   2.0682e-05   |    1.3347     |    0.2271
Density calculation took 0.560606s
Tau required
   10     | -1614.2007584608 |   5.2069e-06   |    1.3334     |    0.2271
Density calculation took 0.561215s
Tau required
   11     | -1614.2007597548 |   8.0380e-07   |    1.3336     |    0.2271
Density calculation took 0.560859s
Tau required
   12     | -1614.2007598513 |   4.8874e-07   |    1.3309     |    0.2272
Density calculation took 0.561314s
Tau required
   13     | -1614.2007599832 |   3.3464e-08   |    1.3395     |    0.2269
Density calculation took 0.560852s
Tau required
   14     | -1614.2007599908 |   8.1933e-09   |    1.3331     |    0.2274
Density calculation took 0.561147s
Tau required
   15     | -1614.2007599930 |   1.1671e-09   |    1.3351     |    0.2270
Density calculation took 0.560722s
Tau required
   16     | -1614.2007599932 |   4.4315e-10   |    1.3351     |    0.2269
Density calculation took 0.561194s
Tau required
   17     | -1614.2007599933 |   7.0401e-11   |    1.3339     |    0.2275
Created 626054 / 2702736 significant shell pairs
Created 483825 / 2056356 significant shell pairs
Total number of grid points: 369546 (5774 per atom)
One electron integrals and orthogonalizer took 0.045600s
Created 483825 / 2056356 significant shell pairs
3C integrals and B formation took 1.886089s
Iteration |      Energy      |  DIIS Metric   | Fock Time (s) | DIIS Time (s)
----------+------------------+----------------+---------------+--------------
Density calculation took 0.544835s
Tau required
    1     | -1624.7175084042 |   1.0040e+03   |    1.4715     |    0.2581
Density calculation took 0.579184s
Tau required
    2     | -1613.4734804838 |   2.4981e+00   |    1.3455     |    0.2236
Density calculation took 0.557558s
Tau required
    3     | -1613.2685823294 |   3.5679e+00   |    1.3219     |    0.2321
Density calculation took 0.558037s
Tau required
    4     | -1614.1631670984 |   9.5641e-02   |    1.3220     |    0.2248
Density calculation took 0.557967s
Tau required
    5     | -1614.1784787653 |   3.9426e-02   |    1.3221     |    0.2339
Density calculation took 0.557176s
Tau required
    6     | -1614.1879772937 |   4.6683e-03   |    1.3233     |    0.2253
Density calculation took 0.557616s
Tau required
    7     | -1614.1889811523 |   1.0680e-03   |    1.3235     |    0.2354
Density calculation took 0.558181s
Tau required
    8     | -1614.1892311036 |   1.8409e-04   |    1.3239     |    0.2272
Density calculation took 0.557386s
Tau required
    9     | -1614.1892777430 |   1.9904e-05   |    1.3188     |    0.2273
Density calculation took 0.557536s
Tau required
   10     | -1614.1892821983 |   5.3628e-06   |    1.3209     |    0.2271
Density calculation took 0.557499s
Tau required
   11     | -1614.1892834152 |   1.2533e-06   |    1.3209     |    0.2271
Density calculation took 0.558150s
Tau required
   12     | -1614.1892836004 |   6.4231e-07   |    1.3228     |    0.2285
Density calculation took 0.557666s
Tau required
   13     | -1614.1892837784 |   5.6757e-08   |    1.3220     |    0.2271
Density calculation took 0.557375s
Tau required
   14     | -1614.1892837930 |   9.3645e-09   |    1.3218     |    0.2267
Density calculation took 0.557621s
Tau required
   15     | -1614.1892837954 |   1.7907e-09   |    1.3216     |    0.2278
Density calculation took 0.558126s
Tau required
   16     | -1614.1892837958 |   6.6374e-10   |    1.3210     |    0.2272
Density calculation took 0.557628s
Tau required
   17     | -1614.1892837959 |   1.0410e-10   |    1.3215     |    0.2271
Density calculation took 0.557471s
Tau required
   18     | -1614.1892837959 |   2.5223e-11   |    1.3209     |    0.2274
Created 632116 / 2702736 significant shell pairs
Created 488550 / 2056356 significant shell pairs
Total number of grid points: 369350 (5771 per atom)
One electron integrals and orthogonalizer took 0.045897s
Created 488550 / 2056356 significant shell pairs
3C integrals and B formation took 1.885729s
Iteration |      Energy      |  DIIS Metric   | Fock Time (s) | DIIS Time (s)
----------+------------------+----------------+---------------+--------------
Density calculation took 0.545373s
Tau required
    1     | -1624.7359005113 |   1.0063e+03   |    1.4678     |    0.2576
Density calculation took 0.578691s
Tau required
    2     | -1613.4826385693 |   2.5169e+00   |    1.3421     |    0.2230
Density calculation took 0.557639s
Tau required
    3     | -1613.2745089320 |   3.6004e+00   |    1.3212     |    0.2319
Density calculation took 0.557743s
Tau required
    4     | -1614.1777767912 |   8.3198e-02   |    1.3217     |    0.2244
Density calculation took 0.557264s
Tau required
    5     | -1614.1887053066 |   4.4550e-02   |    1.3192     |    0.2336
Density calculation took 0.557706s
Tau required
    6     | -1614.1999462102 |   4.0987e-03   |    1.3195     |    0.2257
Density calculation took 0.557802s
Tau required
    7     | -1614.2007859002 |   1.1079e-03   |    1.3219     |    0.2353
Density calculation took 0.557875s
Tau required
    8     | -1614.2010359435 |   2.1934e-04   |    1.3190     |    0.2271
Density calculation took 0.557656s
Tau required
    9     | -1614.2010947181 |   1.7908e-05   |    1.3205     |    0.2267
Density calculation took 0.557932s
Tau required
   10     | -1614.2010985892 |   5.8173e-06   |    1.3189     |    0.2273
Density calculation took 0.557418s
Tau required
   11     | -1614.2011000406 |   8.9424e-07   |    1.3194     |    0.2268
Density calculation took 0.557992s
Tau required
   12     | -1614.2011001515 |   5.2553e-07   |    1.3199     |    0.2266
Density calculation took 0.557629s
Tau required
   13     | -1614.2011002934 |   3.3347e-08   |    1.3187     |    0.2263
Density calculation took 0.558149s
Tau required
   14     | -1614.2011003007 |   8.8360e-09   |    1.3197     |    0.2276
Density calculation took 0.557444s
Tau required
   15     | -1614.2011003030 |   1.0881e-09   |    1.3188     |    0.2273
Density calculation took 0.558131s
Tau required
   16     | -1614.2011003032 |   5.0291e-10   |    1.3210     |    0.2338
Density calculation took 0.557520s
Tau required
   17     | -1614.2011003033 |   7.7849e-11   |    1.3189     |    0.2277
Created 680377 / 2702736 significant shell pairs
Created 527297 / 2056356 significant shell pairs
Total number of grid points: 369924 (5780 per atom)
One electron integrals and orthogonalizer took 0.049509s
Created 527297 / 2056356 significant shell pairs
3C integrals and B formation took 1.943690s
Iteration |      Energy      |  DIIS Metric   | Fock Time (s) | DIIS Time (s)
----------+------------------+----------------+---------------+--------------
Density calculation took 0.545160s
Tau required
    1     | -1624.7471745571 |   1.0113e+03   |    1.4706     |    0.2561
Density calculation took 0.584715s
Tau required
    2     | -1613.4715053387 |   2.5281e+00   |    1.3406     |    0.2235
Density calculation took 0.560519s
Tau required
    3     | -1613.2434276547 |   3.7002e+00   |    1.3118     |    0.2330
Density calculation took 0.560391s
Tau required
    4     | -1614.1642978233 |   9.4741e-02   |    1.3106     |    0.2246
Density calculation took 0.560510s
Tau required
    5     | -1614.1757864206 |   5.4409e-02   |    1.3131     |    0.2334
Density calculation took 0.560473s
Tau required
    6     | -1614.1899942708 |   5.0717e-03   |    1.3171     |    0.2292
Density calculation took 0.560213s
Tau required
    7     | -1614.1909902427 |   1.5100e-03   |    1.3132     |    0.2354
Density calculation took 0.560170s
Tau required
    8     | -1614.1913199532 |   4.0728e-04   |    1.3128     |    0.2284
Density calculation took 0.560598s
Tau required
    9     | -1614.1914321500 |   2.7586e-05   |    1.3150     |    0.2266
Density calculation took 0.560529s
Tau required
   10     | -1614.1914369669 |   1.0776e-05   |    1.3091     |    0.2268
Density calculation took 0.560216s
Tau required
   11     | -1614.1914395830 |   1.4866e-06   |    1.3141     |    0.2261
Density calculation took 0.560414s
Tau required
   12     | -1614.1914397805 |   8.7779e-07   |    1.3078     |    0.2272
Density calculation took 0.560477s
Tau required
   13     | -1614.1914400186 |   5.7105e-08   |    1.3116     |    0.2272
Density calculation took 0.560634s
Tau required
   14     | -1614.1914400320 |   1.0373e-08   |    1.3067     |    0.2269
Density calculation took 0.560524s
Tau required
   15     | -1614.1914400343 |   2.4199e-09   |    1.3128     |    0.2268
Density calculation took 0.560633s
Tau required
   16     | -1614.1914400347 |   1.0246e-09   |    1.3116     |    0.2275
Density calculation took 0.560702s
Tau required
   17     | -1614.1914400349 |   1.9789e-10   |    1.3146     |    0.2269
Density calculation took 0.560486s
Tau required
   18     | -1614.1914400350 |   5.0013e-11   |    1.3094     |    0.2278
Created 681587 / 2702736 significant shell pairs
Created 527968 / 2056356 significant shell pairs
Total number of grid points: 368525 (5758 per atom)
One electron integrals and orthogonalizer took 0.050626s
Created 527968 / 2056356 significant shell pairs
3C integrals and B formation took 1.939613s
Iteration |      Energy      |  DIIS Metric   | Fock Time (s) | DIIS Time (s)
----------+------------------+----------------+---------------+--------------
Density calculation took 0.546489s
Tau required
    1     | -1624.7419381558 |   1.0107e+03   |    1.4607     |    0.2562
Density calculation took 0.580818s
Tau required
    2     | -1613.4695776485 |   2.5194e+00   |    1.3337     |    0.2236
Density calculation took 0.557897s
Tau required
    3     | -1613.2458882006 |   3.6743e+00   |    1.3139     |    0.2332
Density calculation took 0.557870s
Tau required
    4     | -1614.1619527409 |   9.1362e-02   |    1.3144     |    0.2251
Density calculation took 0.557913s
Tau required
    5     | -1614.1739734307 |   4.8667e-02   |    1.3132     |    0.2386
Density calculation took 0.558395s
Tau required
    6     | -1614.1854027105 |   7.3294e-03   |    1.3146     |    0.2269
Density calculation took 0.558012s
Tau required
    7     | -1614.1869999146 |   1.7284e-03   |    1.3156     |    0.2343
Density calculation took 0.558100s
Tau required
    8     | -1614.1873937662 |   4.5743e-04   |    1.3135     |    0.2269
Density calculation took 0.558033s
Tau required
    9     | -1614.1875180499 |   3.0333e-05   |    1.3125     |    0.2270
Density calculation took 0.557960s
Tau required
   10     | -1614.1875240349 |   1.0680e-05   |    1.3136     |    0.2278
Density calculation took 0.558216s
Tau required
   11     | -1614.1875267449 |   1.0059e-06   |    1.3120     |    0.2267
Density calculation took 0.558174s
Tau required
   12     | -1614.1875268814 |   5.2546e-07   |    1.3146     |    0.2299
Density calculation took 0.558234s
Tau required
   13     | -1614.1875270151 |   3.2427e-08   |    1.3137     |    0.2275
Density calculation took 0.558063s
Tau required
   14     | -1614.1875270222 |   8.0288e-09   |    1.3128     |    0.2285
Density calculation took 0.558136s
Tau required
   15     | -1614.1875270239 |   1.9363e-09   |    1.3137     |    0.2277
Density calculation took 0.558171s
Tau required
   16     | -1614.1875270242 |   9.5490e-10   |    1.3128     |    0.2299
Density calculation took 0.558180s
Tau required
   17     | -1614.1875270244 |   1.5445e-10   |    1.3135     |    0.2279
Density calculation took 0.558322s
Tau required
   18     | -1614.1875270245 |   4.0360e-11   |    1.3153     |    0.2283
Created 648718 / 2702736 significant shell pairs
Created 501976 / 2056356 significant shell pairs
Total number of grid points: 369495 (5773 per atom)
One electron integrals and orthogonalizer took 0.045928s
Created 501976 / 2056356 significant shell pairs
3C integrals and B formation took 1.892166s
Iteration |      Energy      |  DIIS Metric   | Fock Time (s) | DIIS Time (s)
----------+------------------+----------------+---------------+--------------
Density calculation took 0.543783s
Tau required
    1     | -1624.7397693996 |   1.0072e+03   |    1.4827     |    0.2578
Density calculation took 0.577346s
Tau required
    2     | -1613.4794913067 |   2.5267e+00   |    1.3329     |    0.2243
Density calculation took 0.555850s
Tau required
    3     | -1613.2709748052 |   3.6390e+00   |    1.3140     |    0.2331
Density calculation took 0.555985s
Tau required
    4     | -1614.1805629842 |   6.1273e-02   |    1.3130     |    0.2239
Density calculation took 0.555752s
Tau required
    5     | -1614.1891799445 |   3.0013e-02   |    1.3125     |    0.2338
Density calculation took 0.555551s
Tau required
    6     | -1614.1963121760 |   3.4288e-03   |    1.3116     |    0.2262
Density calculation took 0.555948s
Tau required
    7     | -1614.1968746377 |   1.4478e-03   |    1.3125     |    0.2373
Density calculation took 0.556007s
Tau required
    8     | -1614.1972652022 |   1.1641e-04   |    1.3141     |    0.2273
Density calculation took 0.555707s
Tau required
    9     | -1614.1972912448 |   2.4209e-05   |    1.3114     |    0.2276
Density calculation took 0.556144s
Tau required
   10     | -1614.1972970009 |   3.7845e-06   |    1.3127     |    0.2275
Density calculation took 0.555618s
Tau required
   11     | -1614.1972977517 |   1.2468e-06   |    1.3118     |    0.2268
Density calculation took 0.556176s
Tau required
   12     | -1614.1972980221 |   3.7173e-07   |    1.3147     |    0.2275
Density calculation took 0.555868s
Tau required
   13     | -1614.1972981169 |   2.6593e-08   |    1.3164     |    0.2273
Density calculation took 0.556245s
Tau required
   14     | -1614.1972981228 |   5.6835e-09   |    1.3119     |    0.2270
Density calculation took 0.555767s
Tau required
   15     | -1614.1972981242 |   1.2072e-09   |    1.3116     |    0.2274
Density calculation took 0.556354s
Tau required
   16     | -1614.1972981244 |   4.6073e-10   |    1.3152     |    0.2270
Density calculation took 0.555647s
Tau required
   17     | -1614.1972981245 |   7.0636e-11   |    1.3129     |    0.2270
Please cite the following papers for the methods used in this calculation:
 - J.L. Galvez Vallejo et. al., Toward an extreme-scale electronic structure system, J. Chem. Phys., 2023. DOI: 10.1063/5.0156399

 - R. Stocks, E. Palethorpe, and G.M.J. Barca, Multi-GPU RI-HF Energies and Analytic Gradients ─ Toward High-Throughput Ab Initio Molecular Dynamics, J. Chem. Theory Comput., 2024. DOI: 10.1021/acs.jctc.4c00877
   For:
     * RI-HF energy

 - S. Lehtola, C. Steigemann, M.J.T. Oliveira, and M.A.L. Marques, Recent developments in Libxc: A comprehensive library of functionals for density functional theory, SoftwareX, 2018. DOI: 10.1016/j.softx.2017.11.002
   For:
     * LibXC version 6.2.0

 - D.B. Williams-Young, W.A. de Jong, H.J.J. van Dam, and C. Yang, On the Efficient Evaluation of the Exchange Correlation Potential on Graphics Processing Unit Clusters, Frontiers in Chemistry, 2020. DOI: 10.3389/fchem.2020.581058
   For:
     * ExchCXX GPU implementation of exchange-correlation functionals

 - R. Stocks and G.M.J. Barca, Efficient Algorithms for GPU Accelerated Evaluation of the DFT Exchange-Correlation Functional, J. Chem. Theory Comput., 2025. DOI: 10.1021/acs.jctc.5c01229
   For:
     * GPU accelerated DFT exchange-correlation evaluation

 - Y. Zhao and D. G. Truhlar.,  J. Chem. Phys. 125, 194101 (2006) DOI: 10.1063/1.2370993
   For:
     * MGGA_X_M06_L XC Functional
     * MGGA_C_M06_L XC Functional

[CRAYBLAS_WARNING] Application linked against multiple cray-libsci libraries
