Total number of grid points: 392203 (5767 per atom)
Density calculation took 0.667910s
Tau required
Density calculation took 0.631689s
Tau required
Density calculation took 0.612294s
Tau required
Density calculation took 0.612052s
Tau required
Density calculation took 0.612601s
Tau required
Density calculation took 0.612386s
Tau required
Density calculation took 0.613374s
Tau required
Density calculation took 0.613187s
Tau required
Density calculation took 0.613350s
Tau required
Density calculation took 0.613721s
Tau required
Density calculation took 0.613460s
Tau required
Density calculation took 0.614052s
Tau required
Density calculation took 0.613680s
Tau required
Density calculation took 0.614363s
Tau required
Density calculation took 0.613691s
Tau required
Density calculation took 0.614725s
Tau required
Density calculation took 0.614203s
Tau required
Density calculation took 0.614251s
Tau required
Density calculation took 0.614412s
Tau required
Total number of grid points: 392230 (5768 per atom)
Density calculation took 0.683411s
Tau required
Density calculation took 0.644661s
Tau required
Density calculation took 0.622216s
Tau required
Density calculation took 0.622758s
Tau required
Density calculation took 0.622366s
Tau required
Density calculation took 0.622751s
Tau required
Density calculation took 0.622519s
Tau required
Density calculation took 0.623139s
Tau required
Density calculation took 0.623347s
Tau required
Density calculation took 0.623220s
Tau required
Density calculation took 0.622974s
Tau required
Density calculation took 0.623636s
Tau required
Density calculation took 0.623025s
Tau required
Density calculation took 0.623428s
Tau required
Density calculation took 0.623203s
Tau required
Density calculation took 0.623626s
Tau required
Density calculation took 0.623654s
Tau required
Density calculation took 0.623487s
Tau required
Density calculation took 0.623632s
Tau required
Total number of grid points: 392234 (5768 per atom)
Density calculation took 0.687271s
Tau required
Density calculation took 0.640348s
Tau required
Density calculation took 0.618070s
Tau required
Density calculation took 0.618250s
Tau required
Density calculation took 0.619015s
Tau required
Density calculation took 0.620074s
Tau required
Density calculation took 0.619944s
Tau required
Density calculation took 0.620108s
Tau required
Density calculation took 0.620317s
Tau required
Density calculation took 0.618616s
Tau required
Density calculation took 0.620398s
Tau required
Density calculation took 0.620357s
Tau required
Density calculation took 0.620397s
Tau required
Density calculation took 0.620351s
Tau required
Density calculation took 0.620846s
Tau required
Density calculation took 0.619332s
Tau required
Density calculation took 0.620422s
Tau required
Density calculation took 0.620129s
Tau required
Total number of grid points: 391970 (5764 per atom)
Density calculation took 0.658623s
Tau required
Density calculation took 0.645934s
Tau required
Density calculation took 0.621883s
Tau required
Density calculation took 0.620442s
Tau required
Density calculation took 0.622428s
Tau required
Density calculation took 0.620697s
Tau required
Density calculation took 0.622307s
Tau required
Density calculation took 0.620864s
Tau required
Density calculation took 0.622960s
Tau required
Density calculation took 0.621219s
Tau required
Density calculation took 0.622935s
Tau required
Density calculation took 0.620927s
Tau required
Density calculation took 0.622927s
Tau required
Density calculation took 0.621409s
Tau required
Density calculation took 0.622924s
Tau required
Density calculation took 0.621640s
Tau required
Density calculation took 0.622778s
Tau required
Density calculation took 0.621506s
Tau required
Total number of grid points: 392879 (5777 per atom)
Density calculation took 0.659765s
Tau required
Density calculation took 0.647729s
Tau required
Density calculation took 0.623006s
Tau required
Density calculation took 0.623183s
Tau required
Density calculation took 0.623436s
Tau required
Density calculation took 0.623717s
Tau required
Density calculation took 0.623405s
Tau required
Density calculation took 0.623312s
Tau required
Density calculation took 0.623504s
Tau required
Density calculation took 0.623802s
Tau required
Density calculation took 0.623627s
Tau required
Density calculation took 0.623396s
Tau required
Density calculation took 0.623610s
Tau required
Density calculation took 0.623510s
Tau required
Density calculation took 0.623447s
Tau required
Density calculation took 0.623599s
Tau required
Density calculation took 0.623637s
Tau required
Density calculation took 0.623610s
Tau required
Total number of grid points: 392590 (5773 per atom)
Density calculation took 0.701475s
Tau required
Density calculation took 0.648492s
Tau required
Density calculation took 0.622146s
Tau required
Density calculation took 0.622480s
Tau required
Density calculation took 0.622586s
Tau required
Density calculation took 0.622697s
Tau required
Density calculation took 0.622508s
Tau required
Density calculation took 0.622153s
Tau required
Density calculation took 0.622703s
Tau required
Density calculation took 0.622753s
Tau required
Density calculation took 0.622655s
Tau required
Density calculation took 0.622706s
Tau required
Density calculation took 0.622336s
Tau required
Density calculation took 0.622668s
Tau required
Density calculation took 0.622624s
Tau required
Density calculation took 0.622724s
Tau required
Density calculation took 0.622626s
Tau required
Density calculation took 0.622655s
Tau required
Total number of grid points: 392171 (5767 per atom)
Density calculation took 0.662045s
Tau required
Density calculation took 0.645447s
Tau required
Density calculation took 0.623811s
Tau required
Density calculation took 0.623767s
Tau required
Density calculation took 0.624219s
Tau required
Density calculation took 0.624518s
Tau required
Density calculation took 0.624247s
Tau required
Density calculation took 0.624688s
Tau required
Density calculation took 0.623883s
Tau required
Density calculation took 0.624278s
Tau required
Density calculation took 0.623982s
Tau required
Density calculation took 0.624397s
Tau required
Density calculation took 0.624286s
Tau required
Density calculation took 0.624351s
Tau required
Density calculation took 0.624007s
Tau required
Density calculation took 0.624735s
Tau required
Density calculation took 0.624234s
Tau required
Density calculation took 0.624163s
Tau required
Total number of grid points: 392538 (5772 per atom)
Density calculation took 0.687395s
Tau required
Density calculation took 0.640994s
Tau required
Density calculation took 0.618298s
Tau required
Density calculation took 0.617943s
Tau required
Density calculation took 0.618144s
Tau required
Density calculation took 0.618120s
Tau required
Density calculation took 0.618594s
Tau required
Density calculation took 0.618136s
Tau required
Density calculation took 0.618775s
Tau required
Density calculation took 0.618331s
Tau required
Density calculation took 0.618551s
Tau required
Density calculation took 0.617984s
Tau required
Density calculation took 0.618542s
Tau required
Density calculation took 0.618206s
Tau required
Density calculation took 0.618836s
Tau required
Density calculation took 0.618235s
Tau required
Density calculation took 0.618902s
Tau required
Density calculation took 0.618392s
Tau required
Total number of grid points: 392821 (5776 per atom)
Density calculation took 0.698393s
Tau required
Density calculation took 0.638475s
Tau required
Density calculation took 0.616929s
Tau required
Density calculation took 0.616180s
Tau required
Density calculation took 0.617328s
Tau required
Density calculation took 0.616433s
Tau required
Density calculation took 0.617132s
Tau required
Density calculation took 0.616677s
Tau required
Density calculation took 0.617560s
Tau required
Density calculation took 0.616814s
Tau required
Density calculation took 0.617257s
Tau required
Density calculation took 0.616768s
Tau required
Density calculation took 0.617254s
Tau required
Density calculation took 0.616523s
Tau required
Density calculation took 0.617412s
Tau required
Density calculation took 0.616983s
Tau required
Density calculation took 0.617447s
Tau required
Density calculation took 0.616835s
Tau required
Density calculation took 0.617368s
Tau required
Total number of grid points: 391515 (5757 per atom)
Density calculation took 0.668281s
Tau required
Density calculation took 0.648117s
Tau required
Density calculation took 0.627826s
Tau required
Density calculation took 0.626647s
Tau required
Density calculation took 0.627945s
Tau required
Density calculation took 0.626421s
Tau required
Density calculation took 0.628085s
Tau required
Density calculation took 0.626454s
Tau required
Density calculation took 0.628398s
Tau required
Density calculation took 0.626673s
Tau required
Density calculation took 0.628225s
Tau required
Density calculation took 0.626810s
Tau required
Density calculation took 0.628638s
Tau required
Density calculation took 0.626897s
Tau required
Density calculation took 0.628243s
Tau required
Density calculation took 0.626764s
Tau required
Density calculation took 0.628321s
Tau required
Density calculation took 0.627176s
Tau required
Total number of grid points: 392274 (5768 per atom)
Density calculation took 0.680342s
Tau required
Density calculation took 0.647474s
Tau required
Density calculation took 0.622729s
Tau required
Density calculation took 0.623520s
Tau required
Density calculation took 0.623235s
Tau required
Density calculation took 0.623347s
Tau required
Density calculation took 0.623558s
Tau required
Density calculation took 0.623420s
Tau required
Density calculation took 0.623244s
Tau required
Density calculation took 0.623355s
Tau required
Density calculation took 0.623428s
Tau required
Density calculation took 0.623565s
Tau required
Density calculation took 0.623337s
Tau required
Density calculation took 0.623506s
Tau required
Density calculation took 0.623304s
Tau required
Density calculation took 0.623325s
Tau required
Density calculation took 0.623707s
Tau required
Density calculation took 0.623405s
Tau required
Total number of grid points: 393104 (5780 per atom)
Density calculation took 0.664774s
Tau required
Density calculation took 0.647753s
Tau required
Density calculation took 0.626602s
Tau required
Density calculation took 0.626531s
Tau required
Density calculation took 0.626762s
Tau required
Density calculation took 0.626793s
Tau required
Density calculation took 0.627078s
Tau required
Density calculation took 0.626706s
Tau required
Density calculation took 0.626806s
Tau required
Density calculation took 0.627145s
Tau required
Density calculation took 0.626940s
Tau required
Density calculation took 0.627070s
Tau required
Density calculation took 0.626792s
Tau required
Density calculation took 0.626438s
Tau required
Density calculation took 0.627084s
Tau required
Density calculation took 0.626680s
Tau required
Density calculation took 0.626797s
Tau required
Density calculation took 0.626939s
Tau required
Total number of grid points: 392686 (5774 per atom)
Density calculation took 0.658039s
Tau required
Density calculation took 0.645817s
Tau required
Density calculation took 0.621530s
Tau required
Density calculation took 0.624119s
Tau required
Density calculation took 0.621844s
Tau required
Density calculation took 0.623626s
Tau required
Density calculation took 0.622087s
Tau required
Density calculation took 0.623984s
Tau required
Density calculation took 0.621948s
Tau required
Density calculation took 0.624246s
Tau required
Density calculation took 0.622050s
Tau required
Density calculation took 0.624078s
Tau required
Density calculation took 0.621797s
Tau required
Density calculation took 0.624147s
Tau required
Density calculation took 0.622419s
Tau required
Density calculation took 0.623843s
Tau required
Density calculation took 0.622408s
Tau required
Density calculation took 0.623943s
Tau required
Density calculation took 0.621874s
Tau required
Total number of grid points: 391780 (5761 per atom)
Density calculation took 0.684335s
Tau required
Density calculation took 0.644779s
Tau required
Density calculation took 0.620949s
Tau required
Density calculation took 0.621597s
Tau required
Density calculation took 0.621213s
Tau required
Density calculation took 0.621223s
Tau required
Density calculation took 0.621160s
Tau required
Density calculation took 0.621179s
Tau required
Density calculation took 0.621886s
Tau required
Density calculation took 0.621754s
Tau required
Density calculation took 0.621717s
Tau required
Density calculation took 0.621115s
Tau required
Density calculation took 0.621582s
Tau required
Density calculation took 0.621897s
Tau required
Density calculation took 0.621434s
Tau required
Density calculation took 0.621361s
Tau required
Density calculation took 0.621584s
Tau required
Density calculation took 0.621736s
Tau required
Density calculation took 0.622018s
Tau required
Total number of grid points: 392198 (5767 per atom)
Density calculation took 0.700135s
Tau required
Density calculation took 0.647468s
Tau required
Density calculation took 0.622737s
Tau required
Density calculation took 0.622530s
Tau required
Density calculation took 0.623229s
Tau required
Density calculation took 0.622877s
Tau required
Density calculation took 0.623172s
Tau required
Density calculation took 0.622762s
Tau required
Density calculation took 0.622856s
Tau required
Density calculation took 0.622891s
Tau required
Density calculation took 0.623332s
Tau required
Density calculation took 0.623006s
Tau required
Density calculation took 0.622588s
Tau required
Density calculation took 0.623214s
Tau required
Density calculation took 0.623312s
Tau required
Density calculation took 0.623514s
Tau required
Density calculation took 0.623623s
Tau required
Density calculation took 0.622786s
Tau required
Density calculation took 0.623211s
Tau required
Total number of grid points: 393244 (5783 per atom)
Density calculation took 0.691438s
Tau required
Density calculation took 0.638111s
Tau required
Density calculation took 0.616545s
Tau required
Density calculation took 0.617588s
Tau required
Density calculation took 0.617210s
Tau required
Density calculation took 0.617697s
Tau required
Density calculation took 0.616999s
Tau required
Density calculation took 0.617506s
Tau required
Density calculation took 0.617287s
Tau required
Density calculation took 0.617845s
Tau required
Density calculation took 0.617187s
Tau required
Density calculation took 0.617711s
Tau required
Density calculation took 0.617131s
Tau required
Density calculation took 0.617532s
Tau required
Density calculation took 0.617279s
Tau required
Density calculation took 0.618040s
Tau required
Density calculation took 0.617031s
Tau required
Density calculation took 0.617857s
Tau required
Total number of grid points: 392659 (5774 per atom)
Density calculation took 0.696305s
Tau required
Density calculation took 0.646559s
Tau required
Density calculation took 0.622068s
Tau required
Density calculation took 0.621380s
Tau required
Density calculation took 0.622886s
Tau required
Density calculation took 0.621455s
Tau required
Density calculation took 0.623016s
Tau required
Density calculation took 0.621548s
Tau required
Density calculation took 0.623265s
Tau required
Density calculation took 0.621599s
Tau required
Density calculation took 0.623134s
Tau required
Density calculation took 0.621827s
Tau required
Density calculation took 0.622789s
Tau required
Density calculation took 0.621883s
Tau required
Density calculation took 0.623071s
Tau required
Density calculation took 0.622020s
Tau required
Density calculation took 0.622868s
Tau required
Density calculation took 0.622138s
Tau required
Density calculation took 0.623352s
Tau required
Total number of grid points: 392523 (5772 per atom)
Density calculation took 0.689330s
Tau required
Density calculation took 0.648969s
Tau required
Density calculation took 0.628773s
Tau required
Density calculation took 0.628749s
Tau required
Density calculation took 0.629035s
Tau required
Density calculation took 0.628400s
Tau required
Density calculation took 0.628883s
Tau required
Density calculation took 0.629100s
Tau required
Density calculation took 0.628989s
Tau required
Density calculation took 0.629086s
Tau required
Density calculation took 0.629026s
Tau required
Density calculation took 0.628939s
Tau required
Density calculation took 0.629042s
Tau required
Density calculation took 0.628698s
Tau required
Density calculation took 0.628856s
Tau required
Density calculation took 0.629471s
Tau required
Density calculation took 0.629290s
Tau required
Density calculation took 0.629175s
Tau required
Total number of grid points: 391888 (5763 per atom)
Density calculation took 0.695487s
Tau required
Density calculation took 0.641260s
Tau required
Density calculation took 0.619730s
Tau required
Density calculation took 0.619663s
Tau required
Density calculation took 0.619955s
Tau required
Density calculation took 0.619833s
Tau required
Density calculation took 0.620227s
Tau required
Density calculation took 0.620135s
Tau required
Density calculation took 0.620277s
Tau required
Density calculation took 0.620113s
Tau required
Density calculation took 0.619924s
Tau required
Density calculation took 0.620383s
Tau required
Density calculation took 0.620565s
Tau required
Density calculation took 0.620563s
Tau required
Density calculation took 0.620408s
Tau required
Density calculation took 0.620457s
Tau required
Density calculation took 0.619820s
Tau required
Density calculation took 0.620453s
Tau required
Density calculation took 0.620679s
Tau required
Total number of grid points: 392647 (5774 per atom)
Density calculation took 0.699082s
Tau required
Density calculation took 0.647154s
Tau required
Density calculation took 0.623689s
Tau required
Density calculation took 0.625075s
Tau required
Density calculation took 0.623859s
Tau required
Density calculation took 0.625637s
Tau required
Density calculation took 0.624271s
Tau required
Density calculation took 0.626135s
Tau required
Density calculation took 0.624107s
Tau required
Density calculation took 0.626034s
Tau required
Density calculation took 0.623995s
Tau required
Density calculation took 0.626051s
Tau required
Density calculation took 0.624623s
Tau required
Density calculation took 0.626046s
Tau required
Density calculation took 0.624551s
Tau required
Density calculation took 0.626131s
Tau required
Density calculation took 0.624496s
Tau required
Density calculation took 0.625708s
Tau required
[CRAYBLAS_WARNING] Application linked against multiple cray-libsci libraries
nergy:        -5890.02778396
XC Energy:                -248.617541
Converged:                1
# of SCF iterations:      18
SCF Time:                 35.693s

=======================================================
            Individual Calculation Summary             
=======================================================
HF Energy: -1691.5978105526446598
=======================================================


Topology 10 time: 35.878691 s, performance: SP: 0 FLOP/s, DP: 32.78 TFLOP/s
JSON file written to: json_logs/lustre_orion_chm213_scratch_ryan_dhdft_inputs_exess_exess_inputs_M06-L_def2-TZVP_isomers_25900-25919_topology_10.json
************************************************************
**************** Running topology 12 of 20 *****************
************************************************************

************************************************************
****** Beginning RI-MGGA_X_M06_L+MGGA_C_M06_L energy *******
************************************************************

=======================================================
       MGGA_X_M06_L+MGGA_C_M06_L Energy Results        
=======================================================
E MGGA_X_M06_L+MGGA_C_M06_L: -1691.60148376
Nuclear Repulsion Energy: 4519.47988591
Electronic Energy:        -5962.46045011
XC Energy:                -248.620920
Converged:                1
# of SCF iterations:      18
SCF Time:                 35.188s

=======================================================
            Individual Calculation Summary             
=======================================================
HF Energy: -1691.6014837574662124
=======================================================


Topology 11 time: 35.378156 s, performance: SP: 0 FLOP/s, DP: 33.22 TFLOP/s
JSON file written to: json_logs/lustre_orion_chm213_scratch_ryan_dhdft_inputs_exess_exess_inputs_M06-L_def2-TZVP_isomers_25900-25919_topology_11.json
************************************************************
**************** Running topology 13 of 20 *****************
************************************************************

************************************************************
****** Beginning RI-MGGA_X_M06_L+MGGA_C_M06_L energy *******
************************************************************

=======================================================
       MGGA_X_M06_L+MGGA_C_M06_L Energy Results        
=======================================================
E MGGA_X_M06_L+MGGA_C_M06_L: -1691.60110407
Nuclear Repulsion Energy: 4550.28790286
Electronic Energy:        -5993.26811459
XC Energy:                -248.620892
Converged:                1
# of SCF iterations:      19
SCF Time:                 36.921s

=======================================================
            Individual Calculation Summary             
=======================================================
HF Energy: -1691.6011040732803394
=======================================================


Topology 12 time: 37.112915 s, performance: SP: 0 FLOP/s, DP: 33.35 TFLOP/s
JSON file written to: json_logs/lustre_orion_chm213_scratch_ryan_dhdft_inputs_exess_exess_inputs_M06-L_def2-TZVP_isomers_25900-25919_topology_12.json
************************************************************
**************** Running topology 14 of 20 *****************
************************************************************

************************************************************
****** Beginning RI-MGGA_X_M06_L+MGGA_C_M06_L energy *******
************************************************************

=======================================================
       MGGA_X_M06_L+MGGA_C_M06_L Energy Results        
=======================================================
E MGGA_X_M06_L+MGGA_C_M06_L: -1691.5997433
Nuclear Repulsion Energy: 4530.37937957
Electronic Energy:        -5973.36113609
XC Energy:                -248.617987
Converged:                1
# of SCF iterations:      19
SCF Time:                 37.16s

=======================================================
            Individual Calculation Summary             
=======================================================
HF Energy: -1691.5997433049587926
=======================================================


Topology 13 time: 37.349981 s, performance: SP: 0 FLOP/s, DP: 33.15 TFLOP/s
JSON file written to: json_logs/lustre_orion_chm213_scratch_ryan_dhdft_inputs_exess_exess_inputs_M06-L_def2-TZVP_isomers_25900-25919_topology_13.json
************************************************************
**************** Running topology 15 of 20 *****************
************************************************************

************************************************************
****** Beginning RI-MGGA_X_M06_L+MGGA_C_M06_L energy *******
************************************************************

=======================================================
       MGGA_X_M06_L+MGGA_C_M06_L Energy Results        
=======================================================
E MGGA_X_M06_L+MGGA_C_M06_L: -1691.60138205
Nuclear Repulsion Energy: 4492.54056029
Electronic Energy:        -5935.52446394
XC Energy:                -248.617478
Converged:                1
# of SCF iterations:      19
SCF Time:                 36.531s

=======================================================
            Individual Calculation Summary             
=======================================================
HF Energy: -1691.6013820527346070
=======================================================


Topology 14 time: 36.720156 s, performance: SP: 0 FLOP/s, DP: 33.72 TFLOP/s
JSON file written to: json_logs/lustre_orion_chm213_scratch_ryan_dhdft_inputs_exess_exess_inputs_M06-L_def2-TZVP_isomers_25900-25919_topology_14.json
************************************************************
**************** Running topology 16 of 20 *****************
************************************************************

************************************************************
****** Beginning RI-MGGA_X_M06_L+MGGA_C_M06_L energy *******
************************************************************

=======================================================
       MGGA_X_M06_L+MGGA_C_M06_L Energy Results        
=======================================================
E MGGA_X_M06_L+MGGA_C_M06_L: -1691.58507978
Nuclear Repulsion Energy: 4646.2090411
Electronic Energy:        -6089.1717139
XC Energy:                -248.622407
Converged:                1
# of SCF iterations:      18
SCF Time:                 35.213s

=======================================================
            Individual Calculation Summary             
=======================================================
HF Energy: -1691.5850797793380025
=======================================================


Topology 15 time: 35.414447 s, performance: SP: 0 FLOP/s, DP: 33.19 TFLOP/s
JSON file written to: json_logs/lustre_orion_chm213_scratch_ryan_dhdft_inputs_exess_exess_inputs_M06-L_def2-TZVP_isomers_25900-25919_topology_15.json
************************************************************
**************** Running topology 17 of 20 *****************
************************************************************

************************************************************
****** Beginning RI-MGGA_X_M06_L+MGGA_C_M06_L energy *******
************************************************************

=======================================================
       MGGA_X_M06_L+MGGA_C_M06_L Energy Results        
=======================================================
E MGGA_X_M06_L+MGGA_C_M06_L: -1691.59054788
Nuclear Repulsion Energy: 4636.50806836
Electronic Energy:        -6079.47747989
XC Energy:                -248.621136
Converged:                1
# of SCF iterations:      19
SCF Time:                 36.992s

=======================================================
            Individual Calculation Summary             
=======================================================
HF Energy: -1691.5905478812878755
=======================================================


Topology 16 time: 37.192941 s, performance: SP: 0 FLOP/s, DP: 33.26 TFLOP/s
JSON file written to: json_logs/lustre_orion_chm213_scratch_ryan_dhdft_inputs_exess_exess_inputs_M06-L_def2-TZVP_isomers_25900-25919_topology_16.json
************************************************************
**************** Running topology 18 of 20 *****************
************************************************************

************************************************************
****** Beginning RI-MGGA_X_M06_L+MGGA_C_M06_L energy *******
************************************************************

=======================================================
       MGGA_X_M06_L+MGGA_C_M06_L Energy Results        
=======================================================
E MGGA_X_M06_L+MGGA_C_M06_L: -1691.60197635
Nuclear Repulsion Energy: 4497.46563564
Electronic Energy:        -5940.45050824
XC Energy:                -248.617104
Converged:                1
# of SCF iterations:      18
SCF Time:                 35.021s

=======================================================
            Individual Calculation Summary             
=======================================================
HF Energy: -1691.6019763499621149
=======================================================


Topology 17 time: 35.212276 s, performance: SP: 0 FLOP/s, DP: 33.43 TFLOP/s
JSON file written to: json_logs/lustre_orion_chm213_scratch_ryan_dhdft_inputs_exess_exess_inputs_M06-L_def2-TZVP_isomers_25900-25919_topology_17.json
************************************************************
**************** Running topology 19 of 20 *****************
************************************************************

************************************************************
****** Beginning RI-MGGA_X_M06_L+MGGA_C_M06_L energy *******
************************************************************

=======================================================
       MGGA_X_M06_L+MGGA_C_M06_L Energy Results        
=======================================================
E MGGA_X_M06_L+MGGA_C_M06_L: -1691.6033836
Nuclear Repulsion Energy: 4563.18781813
Electronic Energy:        -6006.1644785
XC Energy:                -248.626723
Converged:                1
# of SCF iterations:      19
SCF Time:                 36.613s

=======================================================
            Individual Calculation Summary             
=======================================================
HF Energy: -1691.6033836024869288
=======================================================


Topology 18 time: 36.809395 s, performance: SP: 0 FLOP/s, DP: 33.61 TFLOP/s
JSON file written to: json_logs/lustre_orion_chm213_scratch_ryan_dhdft_inputs_exess_exess_inputs_M06-L_def2-TZVP_isomers_25900-25919_topology_18.json
************************************************************
**************** Running topology 20 of 20 *****************
************************************************************

************************************************************
****** Beginning RI-MGGA_X_M06_L+MGGA_C_M06_L energy *******
************************************************************

=======================================================
       MGGA_X_M06_L+MGGA_C_M06_L Energy Results        
=======================================================
E MGGA_X_M06_L+MGGA_C_M06_L: -1691.61079022
Nuclear Repulsion Energy: 4476.06242552
Electronic Energy:        -5919.0530478
XC Energy:                -248.620168
Converged:                1
# of SCF iterations:      18
SCF Time:                 35.311s

=======================================================
            Individual Calculation Summary             
=======================================================
HF Energy: -1691.6107902186765841
=======================================================


Topology 19 time: 35.499497 s, performance: SP: 0 FLOP/s, DP: 33.16 TFLOP/s
JSON file written to: json_logs/lustre_orion_chm213_scratch_ryan_dhdft_inputs_exess_exess_inputs_M06-L_def2-TZVP_isomers_25900-25919_topology_19.json
Total flops: SP: 0 FLOPS, DP: 24.004863 PFLOPS
Performance: SP: 0 FLOP/s, DP: 32.77 TFLOP/s

Now, a word from our sponsors... 
 Don't look back, they're gaining on you. 

[31mTotal processing time 732.682374 seconds[0m
[CRAYBLAS_WARNING] Application linked against multiple cray-libsci libraries
643
Density calculation took 0.636136s
Tau required
   11     | -1691.6014830169 |   2.3123e-06   |    1.5415     |    0.2625
Density calculation took 0.635896s
Tau required
   12     | -1691.6014834020 |   1.1778e-06   |    1.5378     |    0.2650
Density calculation took 0.636212s
Tau required
   13     | -1691.6014837336 |   8.3685e-08   |    1.5417     |    0.2629
Density calculation took 0.636150s
Tau required
   14     | -1691.6014837527 |   1.5672e-08   |    1.5374     |    0.2650
Density calculation took 0.636202s
Tau required
   15     | -1691.6014837566 |   3.1738e-09   |    1.5394     |    0.2626
Density calculation took 0.635512s
Tau required
   16     | -1691.6014837571 |   1.3751e-09   |    1.5396     |    0.2649
Density calculation took 0.636323s
Tau required
   17     | -1691.6014837574 |   4.1497e-10   |    1.5434     |    0.2638
Density calculation took 0.635906s
Tau required
   18     | -1691.6014837575 |   9.2363e-11   |    1.5370     |    0.2640
Created 705889 / 2985984 significant shell pairs
Created 547790 / 2274064 significant shell pairs
Total number of grid points: 392833 (5776 per atom)
One electron integrals and orthogonalizer took 0.051756s
Created 547790 / 2274064 significant shell pairs
3C integrals and B formation took 2.138393s
Iteration |      Energy      |  DIIS Metric   | Fock Time (s) | DIIS Time (s)
----------+------------------+----------------+---------------+--------------
Density calculation took 0.663572s
Tau required
    1     | -1702.5401107516 |   1.0522e+03   |    1.7146     |    0.2954
Density calculation took 0.659671s
Tau required
    2     | -1690.8333839399 |   2.7010e+00   |    1.5766     |    0.2608
Density calculation took 0.635982s
Tau required
    3     | -1690.5816551600 |   3.9885e+00   |    1.5310     |    0.2697
Density calculation took 0.636389s
Tau required
    4     | -1691.5629904895 |   1.3473e-01   |    1.5307     |    0.2603
Density calculation took 0.638292s
Tau required
    5     | -1691.5807278695 |   6.8957e-02   |    1.5355     |    0.2705
Density calculation took 0.638378s
Tau required
    6     | -1691.5983942842 |   9.1487e-03   |    1.5376     |    0.2658
Density calculation took 0.638369s
Tau required
    7     | -1691.6004888411 |   1.9837e-03   |    1.5355     |    0.2714
Density calculation took 0.638361s
Tau required
    8     | -1691.6008678699 |   7.4867e-04   |    1.5369     |    0.2637
Density calculation took 0.638442s
Tau required
    9     | -1691.6010874889 |   5.4292e-05   |    1.5374     |    0.2634
Density calculation took 0.636569s
Tau required
   10     | -1691.6010988732 |   1.7861e-05   |    1.5313     |    0.2635
Density calculation took 0.638255s
Tau required
   11     | -1691.6011031101 |   3.3431e-06   |    1.5375     |    0.2632
Density calculation took 0.636847s
Tau required
   12     | -1691.6011038174 |   9.5054e-07   |    1.5332     |    0.2634
Density calculation took 0.638417s
Tau required
   13     | -1691.6011040463 |   9.5404e-08   |    1.5362     |    0.2638
Density calculation took 0.636689s
Tau required
   14     | -1691.6011040675 |   1.8894e-08   |    1.5312     |    0.2645
Density calculation took 0.638952s
Tau required
   15     | -1691.6011040716 |   5.6237e-09   |    1.5380     |    0.2623
Density calculation took 0.636956s
Tau required
   16     | -1691.6011040724 |   2.8230e-09   |    1.5338     |    0.2639
Density calculation took 0.638315s
Tau required
   17     | -1691.6011040731 |   6.6219e-10   |    1.5363     |    0.2626
Density calculation took 0.636943s
Tau required
   18     | -1691.6011040732 |   1.3783e-10   |    1.5351     |    0.2663
Density calculation took 0.638495s
Tau required
   19     | -1691.6011040733 |   4.2562e-11   |    1.5369     |    0.2642
Created 695848 / 2985984 significant shell pairs
Created 540207 / 2274064 significant shell pairs
Total number of grid points: 392570 (5773 per atom)
One electron integrals and orthogonalizer took 0.054316s
Created 540207 / 2274064 significant shell pairs
3C integrals and B formation took 2.126126s
Iteration |      Energy      |  DIIS Metric   | Fock Time (s) | DIIS Time (s)
----------+------------------+----------------+---------------+--------------
Density calculation took 0.663693s
Tau required
    1     | -1702.5360630405 |   1.0503e+03   |    1.7396     |    0.2963
Density calculation took 0.659299s
Tau required
    2     | -1690.8343980692 |   2.6880e+00   |    1.5883     |    0.2598
Density calculation took 0.636740s
Tau required
    3     | -1690.5994675494 |   3.9164e+00   |    1.5476     |    0.2710
Density calculation took 0.636890s
Tau required
    4     | -1691.5729510631 |   9.9456e-02   |    1.5463     |    0.2605
Density calculation took 0.637027s
Tau required
    5     | -1691.5864668046 |   4.6955e-02   |    1.5494     |    0.2707
Density calculation took 0.636775s
Tau required
    6     | -1691.5973123563 |   8.1476e-03   |    1.5469     |    0.2620
Density calculation took 0.637127s
Tau required
    7     | -1691.5992062056 |   1.7646e-03   |    1.5467     |    0.2721
Density calculation took 0.637171s
Tau required
    8     | -1691.5995446457 |   6.1202e-04   |    1.5464     |    0.2631
Density calculation took 0.637330s
Tau required
    9     | -1691.5997278283 |   4.9189e-05   |    1.5491     |    0.2666
Density calculation took 0.637331s
Tau required
   10     | -1691.5997395405 |   1.2708e-05   |    1.5468     |    0.2623
Density calculation took 0.637019s
Tau required
   11     | -1691.5997425181 |   2.5947e-06   |    1.5490     |    0.2639
Density calculation took 0.637459s
Tau required
   12     | -1691.5997430499 |   8.9625e-07   |    1.5483     |    0.2655
Density calculation took 0.636988s
Tau required
   13     | -1691.5997432791 |   9.1430e-08   |    1.5492     |    0.2636
Density calculation took 0.637256s
Tau required
   14     | -1691.5997433007 |   1.4435e-08   |    1.5451     |    0.2632
Density calculation took 0.637100s
Tau required
   15     | -1691.5997433038 |   3.9158e-09   |    1.5477     |    0.2629
Density calculation took 0.637342s
Tau required
   16     | -1691.5997433042 |   2.5129e-09   |    1.5471     |    0.2648
Density calculation took 0.636852s
Tau required
   17     | -1691.5997433048 |   3.9567e-10   |    1.5480     |    0.2634
Density calculation took 0.637199s
Tau required
   18     | -1691.5997433049 |   1.3117e-10   |    1.5472     |    0.2639
Density calculation took 0.637122s
Tau required
   19     | -1691.5997433050 |   2.2979e-11   |    1.5495     |    0.2628
Created 684077 / 2985984 significant shell pairs
Created 530787 / 2274064 significant shell pairs
Total number of grid points: 392757 (5775 per atom)
One electron integrals and orthogonalizer took 0.051755s
Created 530787 / 2274064 significant shell pairs
3C integrals and B formation took 2.095626s
Iteration |      Energy      |  DIIS Metric   | Fock Time (s) | DIIS Time (s)
----------+------------------+----------------+---------------+--------------
Density calculation took 0.669692s
Tau required
    1     | -1702.5356803867 |   1.0504e+03   |    1.7535     |    0.2953
Density calculation took 0.655794s
Tau required
    2     | -1690.8347549420 |   2.6918e+00   |    1.5535     |    0.2606
Density calculation took 0.634469s
Tau required
    3     | -1690.5974226661 |   3.9227e+00   |    1.5127     |    0.2705
Density calculation took 0.634519s
Tau required
    4     | -1691.5753981451 |   9.4539e-02   |    1.5099     |    0.2615
Density calculation took 0.634327s
Tau required
    5     | -1691.5884636719 |   4.5586e-02   |    1.5149     |    0.2709
Density calculation took 0.633980s
Tau required
    6     | -1691.5994003215 |   6.7460e-03   |    1.5092     |    0.2621
Density calculation took 0.633840s
Tau required
    7     | -1691.6007435719 |   2.0875e-03   |    1.5176     |    0.2714
Density calculation took 0.634128s
Tau required
    8     | -1691.6011836348 |   6.3251e-04   |    1.5102     |    0.2641
Density calculation took 0.634297s
Tau required
    9     | -1691.6013699885 |   3.8393e-05   |    1.5155     |    0.2629
Density calculation took 0.634791s
Tau required
   10     | -1691.6013787410 |   1.0981e-05   |    1.5160     |    0.2646
Density calculation took 0.634251s
Tau required
   11     | -1691.6013815184 |   1.7587e-06   |    1.5130     |    0.2637
Density calculation took 0.634837s
Tau required
   12     | -1691.6013817904 |   9.1935e-07   |    1.5153     |    0.2639
Density calculation took 0.634365s
Tau required
   13     | -1691.6013820247 |   9.8442e-08   |    1.5121     |    0.2630
Density calculation took 0.634785s
Tau required
   14     | -1691.6013820492 |   1.1588e-08   |    1.5153     |    0.2643
Density calculation took 0.634273s
Tau required
   15     | -1691.6013820519 |   2.9976e-09   |    1.5144     |    0.2630
Density calculation took 0.635020s
Tau required
   16     | -1691.6013820522 |   1.7412e-09   |    1.5126     |    0.2644
Density calculation took 0.634276s
Tau required
   17     | -1691.6013820526 |   4.4170e-10   |    1.5138     |    0.2637
Density calculation took 0.634844s
Tau required
   18     | -1691.6013820527 |   1.0114e-10   |    1.5214     |    0.2622
Density calculation took 0.634407s
Tau required
   19     | -1691.6013820527 |   1.5559e-11   |    1.5156     |    0.2634
Created 735196 / 2985984 significant shell pairs
Created 571086 / 2274064 significant shell pairs
Total number of grid points: 393357 (5784 per atom)
One electron integrals and orthogonalizer took 0.053188s
Created 571086 / 2274064 significant shell pairs
3C integrals and B formation took 2.158204s
Iteration |      Energy      |  DIIS Metric   | Fock Time (s) | DIIS Time (s)
----------+------------------+----------------+---------------+--------------
Density calculation took 0.667756s
Tau required
    1     | -1702.5414923703 |   1.0549e+03   |    1.7289     |    0.2955
Density calculation took 0.661572s
Tau required
    2     | -1690.8178154680 |   2.7058e+00   |    1.5811     |    0.2602
Density calculation took 0.637116s
Tau required
    3     | -1690.5692019028 |   4.0060e+00   |    1.5350     |    0.2684
Density calculation took 0.637336s
Tau required
    4     | -1691.5587638277 |   9.4105e-02   |    1.5340     |    0.2595
Density calculation took 0.639319s
Tau required
    5     | -1691.5709304022 |   4.7631e-02   |    1.5411     |    0.2723
Density calculation took 0.638895s
Tau required
    6     | -1691.5833302762 |   6.0576e-03   |    1.5395     |    0.2645
Density calculation took 0.639019s
Tau required
    7     | -1691.5847437438 |   1.1758e-03   |    1.5371     |    0.2735
Density calculation took 0.638904s
Tau required
    8     | -1691.5850026027 |   2.7745e-04   |    1.5363     |    0.2623
Density calculation took 0.639050s
Tau required
    9     | -1691.5850708778 |   3.0289e-05   |    1.5388     |    0.2627
Density calculation took 0.637681s
Tau required
   10     | -1691.5850768536 |   1.0141e-05   |    1.5352     |    0.2626
Density calculation took 0.639441s
Tau required
   11     | -1691.5850794087 |   1.1653e-06   |    1.5395     |    0.2616
Density calculation took 0.637750s
Tau required
   12     | -1691.5850794320 |   1.0873e-06   |    1.5375     |    0.2651
Density calculation took 0.639354s
Tau required
   13     | -1691.5850797532 |   8.8730e-08   |    1.5430     |    0.2637
Density calculation took 0.637941s
Tau required
   14     | -1691.5850797761 |   1.0829e-08   |    1.5373     |    0.2629
Density calculation took 0.639117s
Tau required
   15     | -1691.5850797781 |   4.1232e-09   |    1.5417     |    0.2635
Density calculation took 0.637518s
Tau required
   16     | -1691.5850797791 |   9.2934e-10   |    1.5339     |    0.2637
Density calculation took 0.639552s
Tau required
   17     | -1691.5850797793 |   2.1308e-10   |    1.5426     |    0.2635
Density calculation took 0.637752s
Tau required
   18     | -1691.5850797793 |   5.2445e-11   |    1.5350     |    0.2634
Created 731755 / 2985984 significant shell pairs
Created 568547 / 2274064 significant shell pairs
Total number of grid points: 392433 (5771 per atom)
One electron integrals and orthogonalizer took 0.053283s
Created 568547 / 2274064 significant shell pairs
3C integrals and B formation took 2.183324s
Iteration |      Energy      |  DIIS Metric   | Fock Time (s) | DIIS Time (s)
----------+------------------+----------------+---------------+--------------
Density calculation took 0.693445s
Tau required
    1     | -1702.5397389875 |   1.0542e+03   |    1.7480     |    0.2956
Density calculation took 0.655157s
Tau required
    2     | -1690.8242736927 |   2.6996e+00   |    1.5771     |    0.2594
Density calculation took 0.631479s
Tau required
    3     | -1690.5729218698 |   4.0066e+00   |    1.5346     |    0.2698
Density calculation took 0.631002s
Tau required
    4     | -1691.5570348964 |   1.1983e-01   |    1.5383     |    0.2609
Density calculation took 0.630868s
Tau required
    5     | -1691.5719537049 |   6.1799e-02   |    1.5346     |    0.2704
Density calculation took 0.631871s
Tau required
    6     | -1691.5883136202 |   7.5318e-03   |    1.5343     |    0.2629
Density calculation took 0.631302s
Tau required
    7     | -1691.5900634906 |   1.6450e-03   |    1.5334     |    0.2726
Density calculation took 0.631401s
Tau required
    8     | -1691.5903015899 |   7.8209e-04   |    1.5338     |    0.2635
Density calculation took 0.631050s
Tau required
    9     | -1691.5905303817 |   5.8181e-05   |    1.5346     |    0.2633
Density calculation took 0.630704s
Tau required
   10     | -1691.5905438120 |   1.4434e-05   |    1.5324     |    0.2640
Density calculation took 0.631055s
Tau required
   11     | -1691.5905470491 |   2.8783e-06   |    1.5337     |    0.2635
Density calculation took 0.631275s
Tau required
   12     | -1691.5905475936 |   1.0198e-06   |    1.5325     |    0.2651
Density calculation took 0.631172s
Tau required
   13     | -1691.5905478502 |   1.0618e-07   |    1.5342     |    0.2644
Density calculation took 0.630849s
Tau required
   14     | -1691.5905478749 |   1.9937e-08   |    1.5345     |    0.2637
Density calculation took 0.630936s
Tau required
   15     | -1691.5905478795 |   5.7755e-09   |    1.5339     |    0.2648
Density calculation took 0.631448s
Tau required
   16     | -1691.5905478806 |   2.2062e-09   |    1.5357     |    0.2624
Density calculation took 0.631782s
Tau required
   17     | -1691.5905478811 |   6.1661e-10   |    1.5368     |    0.2635
Density calculation took 0.631493s
Tau required
   18     | -1691.5905478812 |   1.6270e-10   |    1.5344     |    0.2618
Density calculation took 0.631376s
Tau required
   19     | -1691.5905478813 |   3.8370e-11   |    1.5325     |    0.2628
Created 685250 / 2985984 significant shell pairs
Created 531733 / 2274064 significant shell pairs
Total number of grid points: 392173 (5767 per atom)
One electron integrals and orthogonalizer took 0.051789s
Created 531733 / 2274064 significant shell pairs
3C integrals and B formation took 2.097297s
Iteration |      Energy      |  DIIS Metric   | Fock Time (s) | DIIS Time (s)
----------+------------------+----------------+---------------+--------------
Density calculation took 0.661927s
Tau required
    1     | -1702.5315158194 |   1.0496e+03   |    1.7401     |    0.2942
Density calculation took 0.655295s
Tau required
    2     | -1690.8363694886 |   2.6905e+00   |    1.5689     |    0.2574
Density calculation took 0.632982s
Tau required
    3     | -1690.6045881581 |   3.9024e+00   |    1.5309     |    0.2687
Density calculation took 0.633228s
Tau required
    4     | -1691.5751896622 |   9.6717e-02   |    1.5313     |    0.2612
Density calculation took 0.633345s
Tau required
    5     | -1691.5862604395 |   5.3878e-02   |    1.5298     |    0.2715
Density calculation took 0.633242s
Tau required
    6     | -1691.5995623809 |   8.0704e-03   |    1.5302     |    0.2608
Density calculation took 0.633180s
Tau required
    7     | -1691.6014136066 |   1.8528e-03   |    1.5312     |    0.2711
Density calculation took 0.632711s
Tau required
    8     | -1691.6017865416 |   5.9840e-04   |    1.5319     |    0.2634
Density calculation took 0.633585s
Tau required
    9     | -1691.6019634314 |   4.0883e-05   |    1.5304     |    0.2635
Density calculation took 0.632924s
Tau required
   10     | -1691.6019729681 |   1.1712e-05   |    1.5317     |    0.2630
Density calculation took 0.633342s
Tau required
   11     | -1691.6019758074 |   1.8531e-06   |    1.5301     |    0.2645
Density calculation took 0.633558s
Tau required
   12     | -1691.6019761183 |   8.2718e-07   |    1.5292     |    0.2630
Density calculation took 0.633491s
Tau required
   13     | -1691.6019763370 |   4.6647e-08   |    1.5327     |    0.2632
Density calculation took 0.633493s
Tau required
   14     | -1691.6019763468 |   1.0952e-08   |    1.5310     |    0.2637
Density calculation took 0.633858s
Tau required
   15     | -1691.6019763488 |   3.9828e-09   |    1.5301     |    0.2626
Density calculation took 0.633248s
Tau required
   16     | -1691.6019763495 |   1.6249e-09   |    1.5317     |    0.2633
Density calculation took 0.633552s
Tau required
   17     | -1691.6019763499 |   3.2908e-10   |    1.5312     |    0.2629
Density calculation took 0.633347s
Tau required
   18     | -1691.6019763500 |   7.6620e-11   |    1.5321     |    0.2636
Created 710684 / 2985984 significant shell pairs
Created 551182 / 2274064 significant shell pairs
Total number of grid points: 393327 (5784 per atom)
One electron integrals and orthogonalizer took 0.052668s
Created 551182 / 2274064 significant shell pairs
3C integrals and B formation took 2.144364s
Iteration |      Energy      |  DIIS Metric   | Fock Time (s) | DIIS Time (s)
----------+------------------+----------------+---------------+--------------
Density calculation took 0.703892s
Tau required
    1     | -1702.5539047452 |   1.0546e+03   |    1.7431     |    0.2960
Density calculation took 0.654659s
Tau required
    2     | -1690.8321363566 |   2.7202e+00   |    1.5435     |    0.2587
Density calculation took 0.628230s
Tau required
    3     | -1690.5726919550 |   4.0521e+00   |    1.5181     |    0.2677
Density calculation took 0.628357s
Tau required
    4     | -1691.5763370379 |   9.6720e-02   |    1.5171     |    0.2594
Density calculation took 0.628384s
Tau required
    5     | -1691.5871279827 |   5.7828e-02   |    1.5200     |    0.2704
Density calculation took 0.628543s
Tau required
    6     | -1691.6017399842 |   5.7490e-03   |    1.5159     |    0.2614
Density calculation took 0.628456s
Tau required
    7     | -1691.6027860195 |   2.0214e-03   |    1.5210     |    0.2698
Density calculation took 0.628637s
Tau required
    8     | -1691.6032260901 |   4.9816e-04   |    1.5193     |    0.2623
Density calculation took 0.628658s
Tau required
    9     | -1691.6033684226 |   4.8483e-05   |    1.5157     |    0.2632
Density calculation took 0.628785s
Tau required
   10     | -1691.6033788799 |   1.5486e-05   |    1.5162     |    0.2625
Density calculation took 0.628583s
Tau required
   11     | -1691.6033826146 |   3.4226e-06   |    1.5160     |    0.2658
Density calculation took 0.628763s
Tau required
   12     | -1691.6033833967 |   7.9199e-07   |    1.5164     |    0.2626
Density calculation took 0.628715s
Tau required
   13     | -1691.6033835858 |   6.0693e-08   |    1.5180     |    0.2630
Density calculation took 0.628645s
Tau required
   14     | -1691.6033835985 |   1.3658e-08   |    1.5190     |    0.2636
Density calculation took 0.628583s
Tau required
   15     | -1691.6033836010 |   5.2139e-09   |    1.5150     |    0.2645
Density calculation took 0.628648s
Tau required
   16     | -1691.6033836019 |   1.9910e-09   |    1.5192     |    0.2623
Density calculation took 0.628696s
Tau required
   17     | -1691.6033836024 |   4.4225e-10   |    1.5171     |    0.2629
Density calculation took 0.628625s
Tau required
   18     | -1691.6033836025 |   1.2222e-10   |    1.5163     |    0.2634
Density calculation took 0.628701s
Tau required
   19     | -1691.6033836025 |   2.7237e-11   |    1.5183     |    0.2649
Created 681098 / 2985984 significant shell pairs
Created 528510 / 2274064 significant shell pairs
Total number of grid points: 392412 (5770 per atom)
One electron integrals and orthogonalizer took 0.051835s
Created 528510 / 2274064 significant shell pairs
3C integrals and B formation took 2.096257s
Iteration |      Energy      |  DIIS Metric   | Fock Time (s) | DIIS Time (s)
----------+------------------+----------------+---------------+--------------
Density calculation took 0.660015s
Tau required
    1     | -1702.5379537256 |   1.0488e+03   |    1.7424     |    0.2967
Density calculation took 0.658053s
Tau required
    2     | -1690.8428333675 |   2.7057e+00   |    1.5907     |    0.2590
Density calculation took 0.634791s
Tau required
    3     | -1690.6037631571 |   3.9551e+00   |    1.5442     |    0.2683
Density calculation took 0.634860s
Tau required
    4     | -1691.5883982782 |   8.2592e-02   |    1.5436     |    0.2596
Density calculation took 0.634942s
Tau required
    5     | -1691.6008435395 |   3.5524e-02   |    1.5483     |    0.2727
Density calculation took 0.636989s
Tau required
    6     | -1691.6093946128 |   4.7061e-03   |    1.5495     |    0.2630
Density calculation took 0.635293s
Tau required
    7     | -1691.6103572947 |   1.4334e-03   |    1.5445     |    0.2726
Density calculation took 0.635441s
Tau required
    8     | -1691.6107015896 |   2.9862e-04   |    1.5456     |    0.2643
Density calculation took 0.637684s
Tau required
    9     | -1691.6107825367 |   2.6583e-05   |    1.5531     |    0.2639
Density calculation took 0.635170s
Tau required
   10     | -1691.6107875224 |   9.2726e-06   |    1.5451     |    0.2649
Density calculation took 0.637285s
Tau required
   11     | -1691.6107898749 |   1.1165e-06   |    1.5514     |    0.2628
Density calculation took 0.635377s
Tau required
   12     | -1691.6107900171 |   6.8494e-07   |    1.5432     |    0.2637
Density calculation took 0.637036s
Tau required
   13     | -1691.6107901958 |   7.5368e-08   |    1.5496     |    0.2628
Density calculation took 0.635114s
Tau required
   14     | -1691.6107902152 |   1.1454e-08   |    1.5440     |    0.2643
Density calculation took 0.637193s
Tau required
   15     | -1691.6107902181 |   1.8593e-09   |    1.5508     |    0.2628
Density calculation took 0.635582s
Tau required
   16     | -1691.6107902185 |   7.3469e-10   |    1.5427     |    0.2653
Density calculation took 0.637071s
Tau required
   17     | -1691.6107902186 |   2.2912e-10   |    1.5518     |    0.2628
Density calculation took 0.635455s
Tau required
   18     | -1691.6107902187 |   3.9428e-11   |    1.5450     |    0.2641
Please cite the following papers for the methods used in this calculation:
 - J.L. Galvez Vallejo et. al., Toward an extreme-scale electronic structure system, J. Chem. Phys., 2023. DOI: 10.1063/5.0156399

 - R. Stocks, E. Palethorpe, and G.M.J. Barca, Multi-GPU RI-HF Energies and Analytic Gradients ─ Toward High-Throughput Ab Initio Molecular Dynamics, J. Chem. Theory Comput., 2024. DOI: 10.1021/acs.jctc.4c00877
   For:
     * RI-HF energy

 - S. Lehtola, C. Steigemann, M.J.T. Oliveira, and M.A.L. Marques, Recent developments in Libxc: A comprehensive library of functionals for density functional theory, SoftwareX, 2018. DOI: 10.1016/j.softx.2017.11.002
   For:
     * LibXC version 6.2.0

 - D.B. Williams-Young, W.A. de Jong, H.J.J. van Dam, and C. Yang, On the Efficient Evaluation of the Exchange Correlation Potential on Graphics Processing Unit Clusters, Frontiers in Chemistry, 2020. DOI: 10.3389/fchem.2020.581058
   For:
     * ExchCXX GPU implementation of exchange-correlation functionals

 - R. Stocks and G.M.J. Barca, Efficient Algorithms for GPU Accelerated Evaluation of the DFT Exchange-Correlation Functional, J. Chem. Theory Comput., 2025. DOI: 10.1021/acs.jctc.5c01229
   For:
     * GPU accelerated DFT exchange-correlation evaluation

 - Y. Zhao and D. G. Truhlar.,  J. Chem. Phys. 125, 194101 (2006) DOI: 10.1063/1.2370993
   For:
     * MGGA_X_M06_L XC Functional
     * MGGA_C_M06_L XC Functional

[CRAYBLAS_WARNING] Application linked against multiple cray-libsci libraries
