Total number of grid points: 393323 (5784 per atom)
Density calculation took 0.664869s
Tau required
Density calculation took 0.647111s
Tau required
Density calculation took 0.624956s
Tau required
Density calculation took 0.625250s
Tau required
Density calculation took 0.624848s
Tau required
Density calculation took 0.625414s
Tau required
Density calculation took 0.625635s
Tau required
Density calculation took 0.625367s
Tau required
Density calculation took 0.625796s
Tau required
Density calculation took 0.625786s
Tau required
Density calculation took 0.625818s
Tau required
Density calculation took 0.625069s
Tau required
Density calculation took 0.626072s
Tau required
Density calculation took 0.626292s
Tau required
Density calculation took 0.625787s
Tau required
Density calculation took 0.625372s
Tau required
Density calculation took 0.625562s
Tau required
Total number of grid points: 392167 (5767 per atom)
Density calculation took 0.660929s
Tau required
Density calculation took 0.648711s
Tau required
Density calculation took 0.627028s
Tau required
Density calculation took 0.627272s
Tau required
Density calculation took 0.627488s
Tau required
Density calculation took 0.627285s
Tau required
Density calculation took 0.627325s
Tau required
Density calculation took 0.627541s
Tau required
Density calculation took 0.627530s
Tau required
Density calculation took 0.627624s
Tau required
Density calculation took 0.626386s
Tau required
Density calculation took 0.627963s
Tau required
Density calculation took 0.626916s
Tau required
Density calculation took 0.627865s
Tau required
Density calculation took 0.627850s
Tau required
Density calculation took 0.627898s
Tau required
Density calculation took 0.628092s
Tau required
Density calculation took 0.627985s
Tau required
Total number of grid points: 392662 (5774 per atom)
Density calculation took 0.664556s
Tau required
Density calculation took 0.646715s
Tau required
Density calculation took 0.623252s
Tau required
Density calculation took 0.623711s
Tau required
Density calculation took 0.624006s
Tau required
Density calculation took 0.624282s
Tau required
Density calculation took 0.624128s
Tau required
Density calculation took 0.624248s
Tau required
Density calculation took 0.623782s
Tau required
Density calculation took 0.625012s
Tau required
Density calculation took 0.624454s
Tau required
Density calculation took 0.624544s
Tau required
Density calculation took 0.624809s
Tau required
Density calculation took 0.624653s
Tau required
Density calculation took 0.624043s
Tau required
Density calculation took 0.624092s
Tau required
Density calculation took 0.623920s
Tau required
Density calculation took 0.625004s
Tau required
Total number of grid points: 392099 (5766 per atom)
Density calculation took 0.693655s
Tau required
Density calculation took 0.649940s
Tau required
Density calculation took 0.625871s
Tau required
Density calculation took 0.625256s
Tau required
Density calculation took 0.626127s
Tau required
Density calculation took 0.626030s
Tau required
Density calculation took 0.626292s
Tau required
Density calculation took 0.626347s
Tau required
Density calculation took 0.626477s
Tau required
Density calculation took 0.626377s
Tau required
Density calculation took 0.626391s
Tau required
Density calculation took 0.626247s
Tau required
Density calculation took 0.626711s
Tau required
Density calculation took 0.626668s
Tau required
Density calculation took 0.626251s
Tau required
Density calculation took 0.626715s
Tau required
Density calculation took 0.626300s
Tau required
Density calculation took 0.626523s
Tau required
Total number of grid points: 392592 (5773 per atom)
Density calculation took 0.698514s
Tau required
Density calculation took 0.652784s
Tau required
Density calculation took 0.628835s
Tau required
Density calculation took 0.628648s
Tau required
Density calculation took 0.630275s
Tau required
Density calculation took 0.628936s
Tau required
Density calculation took 0.630527s
Tau required
Density calculation took 0.628312s
Tau required
Density calculation took 0.630747s
Tau required
Density calculation took 0.628078s
Tau required
Density calculation took 0.630785s
Tau required
Density calculation took 0.629122s
Tau required
Density calculation took 0.630725s
Tau required
Density calculation took 0.629150s
Tau required
Density calculation took 0.631196s
Tau required
Density calculation took 0.628430s
Tau required
Density calculation took 0.630978s
Tau required
Density calculation took 0.629100s
Tau required
Total number of grid points: 392184 (5767 per atom)
Density calculation took 0.698619s
Tau required
Density calculation took 0.649558s
Tau required
Density calculation took 0.627777s
Tau required
Density calculation took 0.628278s
Tau required
Density calculation took 0.627700s
Tau required
Density calculation took 0.628589s
Tau required
Density calculation took 0.627597s
Tau required
Density calculation took 0.629083s
Tau required
Density calculation took 0.627952s
Tau required
Density calculation took 0.628161s
Tau required
Density calculation took 0.626839s
Tau required
Density calculation took 0.628496s
Tau required
Density calculation took 0.627677s
Tau required
Density calculation took 0.628935s
Tau required
Density calculation took 0.627611s
Tau required
Density calculation took 0.628785s
Tau required
Density calculation took 0.628067s
Tau required
Density calculation took 0.628577s
Tau required
Total number of grid points: 393322 (5784 per atom)
Density calculation took 0.698999s
Tau required
Density calculation took 0.653245s
Tau required
Density calculation took 0.630655s
Tau required
Density calculation took 0.630624s
Tau required
Density calculation took 0.629942s
Tau required
Density calculation took 0.630069s
Tau required
Density calculation took 0.630708s
Tau required
Density calculation took 0.630897s
Tau required
Density calculation took 0.630942s
Tau required
Density calculation took 0.630590s
Tau required
Density calculation took 0.631207s
Tau required
Density calculation took 0.630788s
Tau required
Density calculation took 0.631267s
Tau required
Density calculation took 0.630539s
Tau required
Density calculation took 0.631268s
Tau required
Density calculation took 0.630665s
Tau required
Density calculation took 0.630366s
Tau required
Density calculation took 0.630988s
Tau required
Total number of grid points: 393032 (5779 per atom)
Density calculation took 0.685849s
Tau required
Density calculation took 0.645823s
Tau required
Density calculation took 0.622315s
Tau required
Density calculation took 0.623065s
Tau required
Density calculation took 0.622808s
Tau required
Density calculation took 0.622946s
Tau required
Density calculation took 0.623185s
Tau required
Density calculation took 0.623409s
Tau required
Density calculation took 0.622787s
Tau required
Density calculation took 0.622851s
Tau required
Density calculation took 0.622955s
Tau required
Density calculation took 0.623021s
Tau required
Density calculation took 0.623159s
Tau required
Density calculation took 0.623037s
Tau required
Density calculation took 0.623015s
Tau required
Density calculation took 0.622974s
Tau required
Density calculation took 0.623149s
Tau required
Density calculation took 0.623495s
Tau required
Total number of grid points: 392461 (5771 per atom)
Density calculation took 0.694027s
Tau required
Density calculation took 0.649772s
Tau required
Density calculation took 0.628464s
Tau required
Density calculation took 0.629898s
Tau required
Density calculation took 0.629392s
Tau required
Density calculation took 0.629514s
Tau required
Density calculation took 0.629734s
Tau required
Density calculation took 0.629719s
Tau required
Density calculation took 0.629411s
Tau required
Density calculation took 0.630121s
Tau required
Density calculation took 0.629115s
Tau required
Density calculation took 0.629123s
Tau required
Density calculation took 0.629644s
Tau required
Density calculation took 0.630113s
Tau required
Density calculation took 0.629225s
Tau required
Density calculation took 0.630061s
Tau required
Density calculation took 0.629424s
Tau required
Density calculation took 0.629440s
Tau required
Total number of grid points: 392194 (5767 per atom)
Density calculation took 0.657893s
Tau required
Density calculation took 0.647146s
Tau required
Density calculation took 0.626799s
Tau required
Density calculation took 0.626127s
Tau required
Density calculation took 0.627061s
Tau required
Density calculation took 0.626746s
Tau required
Density calculation took 0.626202s
Tau required
Density calculation took 0.626211s
Tau required
Density calculation took 0.626356s
Tau required
Density calculation took 0.626840s
Tau required
Density calculation took 0.626624s
Tau required
Density calculation took 0.626357s
Tau required
Density calculation took 0.627068s
Tau required
Density calculation took 0.626513s
Tau required
Density calculation took 0.626692s
Tau required
Density calculation took 0.626975s
Tau required
Density calculation took 0.626863s
Tau required
Density calculation took 0.627048s
Tau required
Total number of grid points: 393176 (5782 per atom)
Density calculation took 0.693634s
Tau required
Density calculation took 0.643763s
Tau required
Density calculation took 0.622303s
Tau required
Density calculation took 0.622135s
Tau required
Density calculation took 0.622805s
Tau required
Density calculation took 0.622817s
Tau required
Density calculation took 0.622249s
Tau required
Density calculation took 0.622355s
Tau required
Density calculation took 0.622625s
Tau required
Density calculation took 0.622543s
Tau required
Density calculation took 0.622986s
Tau required
Density calculation took 0.622908s
Tau required
Density calculation took 0.622889s
Tau required
Density calculation took 0.622926s
Tau required
Density calculation took 0.622508s
Tau required
Density calculation took 0.622344s
Tau required
Density calculation took 0.622634s
Tau required
Density calculation took 0.622983s
Tau required
Density calculation took 0.622382s
Tau required
Total number of grid points: 393402 (5785 per atom)
Density calculation took 0.662850s
Tau required
Density calculation took 0.652924s
Tau required
Density calculation took 0.626732s
Tau required
Density calculation took 0.627077s
Tau required
Density calculation took 0.628678s
Tau required
Density calculation took 0.627110s
Tau required
Density calculation took 0.628894s
Tau required
Density calculation took 0.627309s
Tau required
Density calculation took 0.628981s
Tau required
Density calculation took 0.627346s
Tau required
Density calculation took 0.628864s
Tau required
Density calculation took 0.626688s
Tau required
Density calculation took 0.627898s
Tau required
Density calculation took 0.626792s
Tau required
Density calculation took 0.628302s
Tau required
Density calculation took 0.626588s
Tau required
Density calculation took 0.629042s
Tau required
Density calculation took 0.626937s
Tau required
Density calculation took 0.629000s
Tau required
Total number of grid points: 392547 (5772 per atom)
Density calculation took 0.656790s
Tau required
Density calculation took 0.649165s
Tau required
Density calculation took 0.627042s
Tau required
Density calculation took 0.628286s
Tau required
Density calculation took 0.628211s
Tau required
Density calculation took 0.628567s
Tau required
Density calculation took 0.628350s
Tau required
Density calculation took 0.627511s
Tau required
Density calculation took 0.628429s
Tau required
Density calculation took 0.628321s
Tau required
Density calculation took 0.628457s
Tau required
Density calculation took 0.628557s
Tau required
Density calculation took 0.628353s
Tau required
Density calculation took 0.628794s
Tau required
Density calculation took 0.627812s
Tau required
Density calculation took 0.628436s
Tau required
Density calculation took 0.626971s
Tau required
Density calculation took 0.628823s
Tau required
Density calculation took 0.628480s
Tau required
Total number of grid points: 392238 (5768 per atom)
Density calculation took 0.659788s
Tau required
Density calculation took 0.650574s
Tau required
Density calculation took 0.626902s
Tau required
Density calculation took 0.626765s
Tau required
Density calculation took 0.626849s
Tau required
Density calculation took 0.626787s
Tau required
Density calculation took 0.627188s
Tau required
Density calculation took 0.626277s
Tau required
Density calculation took 0.627257s
Tau required
Density calculation took 0.626805s
Tau required
Density calculation took 0.627209s
Tau required
Density calculation took 0.626002s
Tau required
Density calculation took 0.626791s
Tau required
Density calculation took 0.627124s
Tau required
Density calculation took 0.627121s
Tau required
Density calculation took 0.626807s
Tau required
Density calculation took 0.627188s
Tau required
Density calculation took 0.626917s
Tau required
Density calculation took 0.627227s
Tau required
Total number of grid points: 392057 (5765 per atom)
Density calculation took 0.667024s
Tau required
Density calculation took 0.645425s
Tau required
Density calculation took 0.625648s
Tau required
Density calculation took 0.625618s
Tau required
Density calculation took 0.624557s
Tau required
Density calculation took 0.625385s
Tau required
Density calculation took 0.624700s
Tau required
Density calculation took 0.625326s
Tau required
Density calculation took 0.624886s
Tau required
Density calculation took 0.625872s
Tau required
Density calculation took 0.624704s
Tau required
Density calculation took 0.625769s
Tau required
Density calculation took 0.624672s
Tau required
Density calculation took 0.625194s
Tau required
Density calculation took 0.624929s
Tau required
Density calculation took 0.625584s
Tau required
Density calculation took 0.624760s
Tau required
Density calculation took 0.626166s
Tau required
Total number of grid points: 392422 (5770 per atom)
Density calculation took 0.661791s
Tau required
Density calculation took 0.652763s
Tau required
Density calculation took 0.628919s
Tau required
Density calculation took 0.628551s
Tau required
Density calculation took 0.627955s
Tau required
Density calculation took 0.628898s
Tau required
Density calculation took 0.628862s
Tau required
Density calculation took 0.628020s
Tau required
Density calculation took 0.628551s
Tau required
Density calculation took 0.628260s
Tau required
Density calculation took 0.628477s
Tau required
Density calculation took 0.628412s
Tau required
Density calculation took 0.628343s
Tau required
Density calculation took 0.628589s
Tau required
Density calculation took 0.628454s
Tau required
Density calculation took 0.628790s
Tau required
Density calculation took 0.628908s
Tau required
Density calculation took 0.629310s
Tau required
Total number of grid points: 392300 (5769 per atom)
Density calculation took 0.694764s
Tau required
Density calculation took 0.648601s
Tau required
Density calculation took 0.627534s
Tau required
Density calculation took 0.627111s
Tau required
Density calculation took 0.627307s
Tau required
Density calculation took 0.627732s
Tau required
Density calculation took 0.626663s
Tau required
Density calculation took 0.626317s
Tau required
Density calculation took 0.627488s
Tau required
Density calculation took 0.626815s
Tau required
Density calculation took 0.627731s
Tau required
Density calculation took 0.627646s
Tau required
Density calculation took 0.627442s
Tau required
Density calculation took 0.627822s
Tau required
Density calculation took 0.627135s
Tau required
Density calculation took 0.627580s
Tau required
Density calculation took 0.627649s
Tau required
Density calculation took 0.628087s
Tau required
Total number of grid points: 392682 (5774 per atom)
Density calculation took 0.664868s
Tau required
Density calculation took 0.649234s
Tau required
Density calculation took 0.629886s
Tau required
Density calculation took 0.627594s
Tau required
Density calculation took 0.629809s
Tau required
Density calculation took 0.628531s
Tau required
Density calculation took 0.630047s
Tau required
Density calculation took 0.627795s
Tau required
Density calculation took 0.630024s
Tau required
Density calculation took 0.628272s
Tau required
Density calculation took 0.629964s
Tau required
Density calculation took 0.627322s
Tau required
Density calculation took 0.629765s
Tau required
Density calculation took 0.627823s
Tau required
Density calculation took 0.629901s
Tau required
Density calculation took 0.628412s
Tau required
Density calculation took 0.630282s
Tau required
Density calculation took 0.628071s
Tau required
Density calculation took 0.630153s
Tau required
Total number of grid points: 392311 (5769 per atom)
Density calculation took 0.689812s
Tau required
Density calculation took 0.652326s
Tau required
Density calculation took 0.630071s
Tau required
Density calculation took 0.629921s
Tau required
Density calculation took 0.630110s
Tau required
Density calculation took 0.629943s
Tau required
Density calculation took 0.629937s
Tau required
Density calculation took 0.629385s
Tau required
Density calculation took 0.630377s
Tau required
Density calculation took 0.629863s
Tau required
Density calculation took 0.629600s
Tau required
Density calculation took 0.629877s
Tau required
Density calculation took 0.630347s
Tau required
Density calculation took 0.629758s
Tau required
Density calculation took 0.630410s
Tau required
Density calculation took 0.629768s
Tau required
Density calculation took 0.630303s
Tau required
Density calculation took 0.629721s
Tau required
Density calculation took 0.629471s
Tau required
Total number of grid points: 393072 (5780 per atom)
Density calculation took 0.693816s
Tau required
Density calculation took 0.656179s
Tau required
Density calculation took 0.630147s
Tau required
Density calculation took 0.630983s
Tau required
Density calculation took 0.631394s
Tau required
Density calculation took 0.631213s
Tau required
Density calculation took 0.631569s
Tau required
Density calculation took 0.631275s
Tau required
Density calculation took 0.630979s
Tau required
Density calculation took 0.631609s
Tau required
Density calculation took 0.630881s
Tau required
Density calculation took 0.631550s
Tau required
Density calculation took 0.631307s
Tau required
Density calculation took 0.631296s
Tau required
Density calculation took 0.631714s
Tau required
Density calculation took 0.631479s
Tau required
Density calculation took 0.631496s
Tau required
Density calculation took 0.630494s
Tau required
Density calculation took 0.631204s
Tau required
[CRAYBLAS_WARNING] Application linked against multiple cray-libsci libraries
=====
E MGGA_X_M06_L+MGGA_C_M06_L: -1691.6045114
Nuclear Repulsion Energy: 4609.4781295
Electronic Energy:        -6052.46423012
XC Energy:                -248.618411
Converged:                1
# of SCF iterations:      19
SCF Time:                 36.648s

=======================================================
            Individual Calculation Summary             
=======================================================
HF Energy: -1691.6045114031715002
=======================================================


Topology 10 time: 36.845943 s, performance: SP: 0 FLOP/s, DP: 33.53 TFLOP/s
JSON file written to: json_logs/lustre_orion_chm213_scratch_ryan_dhdft_inputs_exess_exess_inputs_M06-L_def2-TZVP_isomers_31200-31219_topology_10.json
************************************************************
**************** Running topology 12 of 20 *****************
************************************************************

************************************************************
****** Beginning RI-MGGA_X_M06_L+MGGA_C_M06_L energy *******
************************************************************

=======================================================
       MGGA_X_M06_L+MGGA_C_M06_L Energy Results        
=======================================================
E MGGA_X_M06_L+MGGA_C_M06_L: -1691.60510928
Nuclear Repulsion Energy: 4486.29101113
Electronic Energy:        -5929.28871526
XC Energy:                -248.607405
Converged:                1
# of SCF iterations:      19
SCF Time:                 36.783s

=======================================================
            Individual Calculation Summary             
=======================================================
HF Energy: -1691.6051092821926431
=======================================================


Topology 11 time: 36.971754 s, performance: SP: 0 FLOP/s, DP: 33.47 TFLOP/s
JSON file written to: json_logs/lustre_orion_chm213_scratch_ryan_dhdft_inputs_exess_exess_inputs_M06-L_def2-TZVP_isomers_31200-31219_topology_11.json
************************************************************
**************** Running topology 13 of 20 *****************
************************************************************

************************************************************
****** Beginning RI-MGGA_X_M06_L+MGGA_C_M06_L energy *******
************************************************************

=======================================================
       MGGA_X_M06_L+MGGA_C_M06_L Energy Results        
=======================================================
E MGGA_X_M06_L+MGGA_C_M06_L: -1691.61097636
Nuclear Repulsion Energy: 4448.02380363
Electronic Energy:        -5891.02095698
XC Energy:                -248.613823
Converged:                1
# of SCF iterations:      19
SCF Time:                 37.037s

=======================================================
            Individual Calculation Summary             
=======================================================
HF Energy: -1691.6109763635438412
=======================================================


Topology 12 time: 37.226348 s, performance: SP: 0 FLOP/s, DP: 33.25 TFLOP/s
JSON file written to: json_logs/lustre_orion_chm213_scratch_ryan_dhdft_inputs_exess_exess_inputs_M06-L_def2-TZVP_isomers_31200-31219_topology_12.json
************************************************************
**************** Running topology 14 of 20 *****************
************************************************************

************************************************************
****** Beginning RI-MGGA_X_M06_L+MGGA_C_M06_L energy *******
************************************************************

=======================================================
       MGGA_X_M06_L+MGGA_C_M06_L Energy Results        
=======================================================
E MGGA_X_M06_L+MGGA_C_M06_L: -1691.61788582
Nuclear Repulsion Energy: 4375.37782967
Electronic Energy:        -5818.38721949
XC Energy:                -248.608496
Converged:                1
# of SCF iterations:      19
SCF Time:                 36.829s

=======================================================
            Individual Calculation Summary             
=======================================================
HF Energy: -1691.6178858157272771
=======================================================


Topology 13 time: 37.010871 s, performance: SP: 0 FLOP/s, DP: 33.49 TFLOP/s
JSON file written to: json_logs/lustre_orion_chm213_scratch_ryan_dhdft_inputs_exess_exess_inputs_M06-L_def2-TZVP_isomers_31200-31219_topology_13.json
************************************************************
**************** Running topology 15 of 20 *****************
************************************************************

************************************************************
****** Beginning RI-MGGA_X_M06_L+MGGA_C_M06_L energy *******
************************************************************

=======================================================
       MGGA_X_M06_L+MGGA_C_M06_L Energy Results        
=======================================================
E MGGA_X_M06_L+MGGA_C_M06_L: -1691.61800665
Nuclear Repulsion Energy: 4314.45651069
Electronic Energy:        -5757.46624437
XC Energy:                -248.608273
Converged:                1
# of SCF iterations:      18
SCF Time:                 34.822s

=======================================================
            Individual Calculation Summary             
=======================================================
HF Energy: -1691.6180066489555429
=======================================================


Topology 14 time: 35.001739 s, performance: SP: 0 FLOP/s, DP: 33.67 TFLOP/s
JSON file written to: json_logs/lustre_orion_chm213_scratch_ryan_dhdft_inputs_exess_exess_inputs_M06-L_def2-TZVP_isomers_31200-31219_topology_14.json
************************************************************
**************** Running topology 16 of 20 *****************
************************************************************

************************************************************
****** Beginning RI-MGGA_X_M06_L+MGGA_C_M06_L energy *******
************************************************************

=======================================================
       MGGA_X_M06_L+MGGA_C_M06_L Energy Results        
=======================================================
E MGGA_X_M06_L+MGGA_C_M06_L: -1691.61569503
Nuclear Repulsion Energy: 4389.39923669
Electronic Energy:        -5832.40130718
XC Energy:                -248.613625
Converged:                1
# of SCF iterations:      18
SCF Time:                 34.943s

=======================================================
            Individual Calculation Summary             
=======================================================
HF Energy: -1691.6156950288623193
=======================================================


Topology 15 time: 35.127990 s, performance: SP: 0 FLOP/s, DP: 33.55 TFLOP/s
JSON file written to: json_logs/lustre_orion_chm213_scratch_ryan_dhdft_inputs_exess_exess_inputs_M06-L_def2-TZVP_isomers_31200-31219_topology_15.json
************************************************************
**************** Running topology 17 of 20 *****************
************************************************************

************************************************************
****** Beginning RI-MGGA_X_M06_L+MGGA_C_M06_L energy *******
************************************************************

=======================================================
       MGGA_X_M06_L+MGGA_C_M06_L Energy Results        
=======================================================
E MGGA_X_M06_L+MGGA_C_M06_L: -1691.60483023
Nuclear Repulsion Energy: 4430.78918297
Electronic Energy:        -5873.78369636
XC Energy:                -248.610317
Converged:                1
# of SCF iterations:      18
SCF Time:                 35.036s

=======================================================
            Individual Calculation Summary             
=======================================================
HF Energy: -1691.6048302307053746
=======================================================


Topology 16 time: 35.220986 s, performance: SP: 0 FLOP/s, DP: 33.45 TFLOP/s
JSON file written to: json_logs/lustre_orion_chm213_scratch_ryan_dhdft_inputs_exess_exess_inputs_M06-L_def2-TZVP_isomers_31200-31219_topology_16.json
************************************************************
**************** Running topology 18 of 20 *****************
************************************************************

************************************************************
****** Beginning RI-MGGA_X_M06_L+MGGA_C_M06_L energy *******
************************************************************

=======================================================
       MGGA_X_M06_L+MGGA_C_M06_L Energy Results        
=======================================================
E MGGA_X_M06_L+MGGA_C_M06_L: -1691.60583772
Nuclear Repulsion Energy: 4420.8285297
Electronic Energy:        -5863.82322993
XC Energy:                -248.611137
Converged:                1
# of SCF iterations:      19
SCF Time:                 36.863s

=======================================================
            Individual Calculation Summary             
=======================================================
HF Energy: -1691.6058377169724736
=======================================================


Topology 17 time: 37.047291 s, performance: SP: 0 FLOP/s, DP: 33.48 TFLOP/s
JSON file written to: json_logs/lustre_orion_chm213_scratch_ryan_dhdft_inputs_exess_exess_inputs_M06-L_def2-TZVP_isomers_31200-31219_topology_17.json
************************************************************
**************** Running topology 19 of 20 *****************
************************************************************

************************************************************
****** Beginning RI-MGGA_X_M06_L+MGGA_C_M06_L energy *******
************************************************************

=======================================================
       MGGA_X_M06_L+MGGA_C_M06_L Energy Results        
=======================================================
E MGGA_X_M06_L+MGGA_C_M06_L: -1691.61803405
Nuclear Repulsion Energy: 4304.55211926
Electronic Energy:        -5747.56203979
XC Energy:                -248.608114
Converged:                1
# of SCF iterations:      19
SCF Time:                 36.893s

=======================================================
            Individual Calculation Summary             
=======================================================
HF Energy: -1691.6180340502239687
=======================================================


Topology 18 time: 37.071274 s, performance: SP: 0 FLOP/s, DP: 33.44 TFLOP/s
JSON file written to: json_logs/lustre_orion_chm213_scratch_ryan_dhdft_inputs_exess_exess_inputs_M06-L_def2-TZVP_isomers_31200-31219_topology_18.json
************************************************************
**************** Running topology 20 of 20 *****************
************************************************************

************************************************************
****** Beginning RI-MGGA_X_M06_L+MGGA_C_M06_L energy *******
************************************************************

=======================================================
       MGGA_X_M06_L+MGGA_C_M06_L Energy Results        
=======================================================
E MGGA_X_M06_L+MGGA_C_M06_L: -1691.61756507
Nuclear Repulsion Energy: 4339.72590852
Electronic Energy:        -5782.73478685
XC Energy:                -248.608687
Converged:                1
# of SCF iterations:      19
SCF Time:                 36.958s

=======================================================
            Individual Calculation Summary             
=======================================================
HF Energy: -1691.6175650686438985
=======================================================


Topology 19 time: 37.140028 s, performance: SP: 0 FLOP/s, DP: 33.38 TFLOP/s
JSON file written to: json_logs/lustre_orion_chm213_scratch_ryan_dhdft_inputs_exess_exess_inputs_M06-L_def2-TZVP_isomers_31200-31219_topology_19.json
Total flops: SP: 0 FLOPS, DP: 23.905784 PFLOPS
Performance: SP: 0 FLOP/s, DP: 32.91 TFLOP/s

Now, a word from our sponsors... 
 The Chicxulub crater buried underneath the Yucatan peninsula in Mexico is widely 
 acccepted as the event that triggered the extintions of dinosaurs. 

[31mTotal processing time 726.559224 seconds[0m
[CRAYBLAS_WARNING] Application linked against multiple cray-libsci libraries
0.2640
Density calculation took 0.619833s
Tau required
   15     | -1691.6051092809 |   4.5463e-09   |    1.5255     |    0.2641
Density calculation took 0.618421s
Tau required
   16     | -1691.6051092816 |   2.0735e-09   |    1.5230     |    0.2639
Density calculation took 0.619900s
Tau required
   17     | -1691.6051092820 |   7.5945e-10   |    1.5267     |    0.2660
Density calculation took 0.618398s
Tau required
   18     | -1691.6051092822 |   1.3356e-10   |    1.5261     |    0.2641
Density calculation took 0.620224s
Tau required
   19     | -1691.6051092822 |   5.2023e-11   |    1.5278     |    0.2649
Created 672728 / 2985984 significant shell pairs
Created 521621 / 2274064 significant shell pairs
Total number of grid points: 393122 (5781 per atom)
One electron integrals and orthogonalizer took 0.051875s
Created 521621 / 2274064 significant shell pairs
3C integrals and B formation took 2.083662s
Iteration |      Energy      |  DIIS Metric   | Fock Time (s) | DIIS Time (s)
----------+------------------+----------------+---------------+--------------
Density calculation took 0.665160s
Tau required
    1     | -1702.5262278861 |   1.0476e+03   |    1.7256     |    0.2952
Density calculation took 0.649595s
Tau required
    2     | -1690.8411410013 |   2.6971e+00   |    1.5815     |    0.2594
Density calculation took 0.623593s
Tau required
    3     | -1690.5989540807 |   3.9189e+00   |    1.5385     |    0.2676
Density calculation took 0.623504s
Tau required
    4     | -1691.5739907191 |   1.2797e-01   |    1.5459     |    0.2628
Density calculation took 0.624006s
Tau required
    5     | -1691.5920801327 |   6.4339e-02   |    1.5440     |    0.2707
Density calculation took 0.625152s
Tau required
    6     | -1691.6085526909 |   8.5467e-03   |    1.5442     |    0.2635
Density calculation took 0.623333s
Tau required
    7     | -1691.6105029001 |   1.5651e-03   |    1.5467     |    0.2717
Density calculation took 0.625244s
Tau required
    8     | -1691.6107420597 |   7.5680e-04   |    1.5436     |    0.2642
Density calculation took 0.625111s
Tau required
    9     | -1691.6109600233 |   5.0068e-05   |    1.5446     |    0.2637
Density calculation took 0.623343s
Tau required
   10     | -1691.6109716279 |   1.5651e-05   |    1.5453     |    0.2637
Density calculation took 0.625424s
Tau required
   11     | -1691.6109754876 |   2.9897e-06   |    1.5415     |    0.2639
Density calculation took 0.624056s
Tau required
   12     | -1691.6109761170 |   8.8288e-07   |    1.5410     |    0.2634
Density calculation took 0.625036s
Tau required
   13     | -1691.6109763331 |   1.0769e-07   |    1.5417     |    0.2633
Density calculation took 0.623442s
Tau required
   14     | -1691.6109763599 |   1.2566e-08   |    1.5429     |    0.2627
Density calculation took 0.625564s
Tau required
   15     | -1691.6109763627 |   2.8724e-09   |    1.5436     |    0.2641
Density calculation took 0.623400s
Tau required
   16     | -1691.6109763630 |   1.8974e-09   |    1.5401     |    0.2637
Density calculation took 0.625564s
Tau required
   17     | -1691.6109763634 |   5.2211e-10   |    1.5420     |    0.2636
Density calculation took 0.623847s
Tau required
   18     | -1691.6109763635 |   1.1488e-10   |    1.5453     |    0.2634
Density calculation took 0.625024s
Tau required
   19     | -1691.6109763635 |   3.2979e-11   |    1.5388     |    0.2646
Created 650928 / 2985984 significant shell pairs
Created 504904 / 2274064 significant shell pairs
Total number of grid points: 393281 (5783 per atom)
One electron integrals and orthogonalizer took 0.052515s
Created 504904 / 2274064 significant shell pairs
3C integrals and B formation took 2.085285s
Iteration |      Energy      |  DIIS Metric   | Fock Time (s) | DIIS Time (s)
----------+------------------+----------------+---------------+--------------
Density calculation took 0.664939s
Tau required
    1     | -1702.5172175148 |   1.0433e+03   |    1.7186     |    0.2949
Density calculation took 0.647627s
Tau required
    2     | -1690.8485003218 |   2.6904e+00   |    1.5747     |    0.2611
Density calculation took 0.625697s
Tau required
    3     | -1690.6086537870 |   3.9114e+00   |    1.5320     |    0.2698
Density calculation took 0.625600s
Tau required
    4     | -1691.5865446109 |   1.1350e-01   |    1.5313     |    0.2600
Density calculation took 0.626177s
Tau required
    5     | -1691.6058557662 |   4.2062e-02   |    1.5356     |    0.2712
Density calculation took 0.623982s
Tau required
    6     | -1691.6157628926 |   7.3072e-03   |    1.5269     |    0.2623
Density calculation took 0.625799s
Tau required
    7     | -1691.6175100290 |   1.2314e-03   |    1.5349     |    0.2732
Density calculation took 0.624522s
Tau required
    8     | -1691.6177328513 |   4.9385e-04   |    1.5277     |    0.2637
Density calculation took 0.624549s
Tau required
    9     | -1691.6178719407 |   4.3437e-05   |    1.5349     |    0.2637
Density calculation took 0.625940s
Tau required
   10     | -1691.6178818559 |   1.2797e-05   |    1.5279     |    0.2627
Density calculation took 0.623985s
Tau required
   11     | -1691.6178851329 |   2.2844e-06   |    1.5347     |    0.2641
Density calculation took 0.626079s
Tau required
   12     | -1691.6178855693 |   8.5821e-07   |    1.5265     |    0.2638
Density calculation took 0.624171s
Tau required
   13     | -1691.6178857863 |   1.0223e-07   |    1.5334     |    0.2630
Density calculation took 0.625593s
Tau required
   14     | -1691.6178858123 |   1.1396e-08   |    1.5296     |    0.2642
Density calculation took 0.624215s
Tau required
   15     | -1691.6178858151 |   2.3528e-09   |    1.5361     |    0.2636
Density calculation took 0.626051s
Tau required
   16     | -1691.6178858153 |   1.3658e-09   |    1.5291     |    0.2634
Density calculation took 0.624465s
Tau required
   17     | -1691.6178858156 |   3.6548e-10   |    1.5359     |    0.2639
Density calculation took 0.626078s
Tau required
   18     | -1691.6178858157 |   1.0313e-10   |    1.5295     |    0.2629
Density calculation took 0.624656s
Tau required
   19     | -1691.6178858157 |   2.1552e-11   |    1.5350     |    0.2625
Created 639018 / 2985984 significant shell pairs
Created 494789 / 2274064 significant shell pairs
Total number of grid points: 392555 (5772 per atom)
One electron integrals and orthogonalizer took 0.047588s
Created 494789 / 2274064 significant shell pairs
3C integrals and B formation took 2.030105s
Iteration |      Energy      |  DIIS Metric   | Fock Time (s) | DIIS Time (s)
----------+------------------+----------------+---------------+--------------
Density calculation took 0.668091s
Tau required
    1     | -1702.5161927402 |   1.0431e+03   |    1.7137     |    0.2942
Density calculation took 0.641665s
Tau required
    2     | -1690.8481983492 |   2.6929e+00   |    1.5643     |    0.2577
Density calculation took 0.619909s
Tau required
    3     | -1690.6096250526 |   3.9134e+00   |    1.5218     |    0.2692
Density calculation took 0.619451s
Tau required
    4     | -1691.5885210009 |   1.0842e-01   |    1.5266     |    0.2611
Density calculation took 0.619536s
Tau required
    5     | -1691.6074773662 |   3.7707e-02   |    1.5206     |    0.2709
Density calculation took 0.619795s
Tau required
    6     | -1691.6162043302 |   6.2118e-03   |    1.5268     |    0.2623
Density calculation took 0.619530s
Tau required
    7     | -1691.6176333003 |   1.2175e-03   |    1.5211     |    0.2718
Density calculation took 0.620064s
Tau required
    8     | -1691.6178683899 |   4.4291e-04   |    1.5253     |    0.2628
Density calculation took 0.619490s
Tau required
    9     | -1691.6179940952 |   3.9711e-05   |    1.5220     |    0.2640
Density calculation took 0.619749s
Tau required
   10     | -1691.6180026922 |   1.2892e-05   |    1.5263     |    0.2642
Density calculation took 0.619677s
Tau required
   11     | -1691.6180060965 |   1.8676e-06   |    1.5230     |    0.2625
Density calculation took 0.619739s
Tau required
   12     | -1691.6180064217 |   7.8799e-07   |    1.5283     |    0.2646
Density calculation took 0.619736s
Tau required
   13     | -1691.6180066198 |   9.8537e-08   |    1.5228     |    0.2634
Density calculation took 0.619848s
Tau required
   14     | -1691.6180066454 |   1.1604e-08   |    1.5273     |    0.2630
Density calculation took 0.619946s
Tau required
   15     | -1691.6180066484 |   2.0854e-09   |    1.5224     |    0.2644
Density calculation took 0.619973s
Tau required
   16     | -1691.6180066487 |   1.0777e-09   |    1.5270     |    0.2626
Density calculation took 0.619685s
Tau required
   17     | -1691.6180066489 |   3.0738e-10   |    1.5241     |    0.2649
Density calculation took 0.619734s
Tau required
   18     | -1691.6180066490 |   8.7451e-11   |    1.5268     |    0.2619
Created 659166 / 2985984 significant shell pairs
Created 511052 / 2274064 significant shell pairs
Total number of grid points: 392756 (5775 per atom)
One electron integrals and orthogonalizer took 0.052606s
Created 511052 / 2274064 significant shell pairs
3C integrals and B formation took 2.088437s
Iteration |      Energy      |  DIIS Metric   | Fock Time (s) | DIIS Time (s)
----------+------------------+----------------+---------------+--------------
Density calculation took 0.650078s
Tau required
    1     | -1702.5273987758 |   1.0456e+03   |    1.7177     |    0.2946
Density calculation took 0.643633s
Tau required
    2     | -1690.8456501781 |   2.7022e+00   |    1.5608     |    0.2592
Density calculation took 0.620385s
Tau required
    3     | -1690.5912421538 |   4.0079e+00   |    1.5268     |    0.2686
Density calculation took 0.619116s
Tau required
    4     | -1691.5851703904 |   1.1423e-01   |    1.5266     |    0.2611
Density calculation took 0.620395s
Tau required
    5     | -1691.6042651859 |   4.1076e-02   |    1.5256     |    0.2716
Density calculation took 0.620370s
Tau required
    6     | -1691.6138019874 |   6.6752e-03   |    1.5252     |    0.2623
Density calculation took 0.620310s
Tau required
    7     | -1691.6153208894 |   1.2938e-03   |    1.5254     |    0.2721
Density calculation took 0.620779s
Tau required
    8     | -1691.6155243743 |   5.4848e-04   |    1.5258     |    0.2630
Density calculation took 0.618984s
Tau required
    9     | -1691.6156798727 |   4.7314e-05   |    1.5250     |    0.2626
Density calculation took 0.619404s
Tau required
   10     | -1691.6156908956 |   1.3583e-05   |    1.5262     |    0.2642
Density calculation took 0.619357s
Tau required
   11     | -1691.6156946534 |   1.3026e-06   |    1.5238     |    0.2684
Density calculation took 0.618912s
Tau required
   12     | -1691.6156948477 |   6.5403e-07   |    1.5255     |    0.2635
Density calculation took 0.618833s
Tau required
   13     | -1691.6156950128 |   5.4278e-08   |    1.5276     |    0.2670
Density calculation took 0.619508s
Tau required
   14     | -1691.6156950252 |   1.1862e-08   |    1.5260     |    0.2638
Density calculation took 0.619497s
Tau required
   15     | -1691.6156950281 |   2.7757e-09   |    1.5263     |    0.2645
Density calculation took 0.619347s
Tau required
   16     | -1691.6156950286 |   9.3623e-10   |    1.5261     |    0.2648
Density calculation took 0.619629s
Tau required
   17     | -1691.6156950288 |   2.5941e-10   |    1.5276     |    0.2645
Density calculation took 0.619270s
Tau required
   18     | -1691.6156950289 |   8.3360e-11   |    1.5277     |    0.2640
Created 668995 / 2985984 significant shell pairs
Created 519009 / 2274064 significant shell pairs
Total number of grid points: 392598 (5773 per atom)
One electron integrals and orthogonalizer took 0.052533s
Created 519009 / 2274064 significant shell pairs
3C integrals and B formation took 2.079019s
Iteration |      Energy      |  DIIS Metric   | Fock Time (s) | DIIS Time (s)
----------+------------------+----------------+---------------+--------------
Density calculation took 0.661208s
Tau required
    1     | -1702.5207036602 |   1.0464e+03   |    1.7602     |    0.2973
Density calculation took 0.640375s
Tau required
    2     | -1690.8373752087 |   2.6834e+00   |    1.5789     |    0.2598
Density calculation took 0.615657s
Tau required
    3     | -1690.5994824114 |   3.9170e+00   |    1.5279     |    0.2696
Density calculation took 0.616004s
Tau required
    4     | -1691.5789394088 |   9.7140e-02   |    1.5324     |    0.2607
Density calculation took 0.616025s
Tau required
    5     | -1691.5957254624 |   3.2656e-02   |    1.5249     |    0.2708
Density calculation took 0.616078s
Tau required
    6     | -1691.6031453690 |   5.8604e-03   |    1.5317     |    0.2621
Density calculation took 0.615713s
Tau required
    7     | -1691.6045147912 |   1.0729e-03   |    1.5266     |    0.2731
Density calculation took 0.616135s
Tau required
    8     | -1691.6047591264 |   2.3748e-04   |    1.5310     |    0.2631
Density calculation took 0.616601s
Tau required
    9     | -1691.6048226554 |   2.4719e-05   |    1.5268     |    0.2638
Density calculation took 0.615892s
Tau required
   10     | -1691.6048275297 |   8.9077e-06   |    1.5316     |    0.2645
Density calculation took 0.616292s
Tau required
   11     | -1691.6048297762 |   1.4947e-06   |    1.5263     |    0.2642
Density calculation took 0.616293s
Tau required
   12     | -1691.6048300459 |   6.5400e-07   |    1.5332     |    0.2627
Density calculation took 0.616164s
Tau required
   13     | -1691.6048302160 |   4.8598e-08   |    1.5276     |    0.2639
Density calculation took 0.616075s
Tau required
   14     | -1691.6048302274 |   1.0451e-08   |    1.5319     |    0.2636
Density calculation took 0.616371s
Tau required
   15     | -1691.6048302302 |   1.8250e-09   |    1.5257     |    0.2635
Density calculation took 0.615876s
Tau required
   16     | -1691.6048302305 |   7.9087e-10   |    1.5329     |    0.2640
Density calculation took 0.615981s
Tau required
   17     | -1691.6048302307 |   1.5689e-10   |    1.5253     |    0.2645
Density calculation took 0.616153s
Tau required
   18     | -1691.6048302307 |   4.2215e-11   |    1.5307     |    0.2637
Created 667313 / 2985984 significant shell pairs
Created 517565 / 2274064 significant shell pairs
Total number of grid points: 392468 (5771 per atom)
One electron integrals and orthogonalizer took 0.051273s
Created 517565 / 2274064 significant shell pairs
3C integrals and B formation took 2.080839s
Iteration |      Energy      |  DIIS Metric   | Fock Time (s) | DIIS Time (s)
----------+------------------+----------------+---------------+--------------
Density calculation took 0.656018s
Tau required
    1     | -1702.5241694749 |   1.0469e+03   |    1.7378     |    0.2942
Density calculation took 0.640928s
Tau required
    2     | -1690.8379142308 |   2.6869e+00   |    1.5707     |    0.2580
Density calculation took 0.619693s
Tau required
    3     | -1690.5897143081 |   3.9620e+00   |    1.5373     |    0.2688
Density calculation took 0.619700s
Tau required
    4     | -1691.5738863830 |   1.1864e-01   |    1.5299     |    0.2604
Density calculation took 0.619579s
Tau required
    5     | -1691.5930575326 |   4.4849e-02   |    1.5364     |    0.2701
Density calculation took 0.617910s
Tau required
    6     | -1691.6033138602 |   8.5832e-03   |    1.5303     |    0.2613
Density calculation took 0.619812s
Tau required
    7     | -1691.6052798745 |   1.8227e-03   |    1.5377     |    0.2744
Density calculation took 0.619901s
Tau required
    8     | -1691.6055808212 |   8.4314e-04   |    1.5314     |    0.2622
Density calculation took 0.618288s
Tau required
    9     | -1691.6058264363 |   3.6919e-05   |    1.5361     |    0.2625
Density calculation took 0.619920s
Tau required
   10     | -1691.6058339982 |   1.2454e-05   |    1.5314     |    0.2620
Density calculation took 0.618368s
Tau required
   11     | -1691.6058371755 |   1.8412e-06   |    1.5355     |    0.2623
Density calculation took 0.619830s
Tau required
   12     | -1691.6058374773 |   8.2786e-07   |    1.5290     |    0.2637
Density calculation took 0.618305s
Tau required
   13     | -1691.6058376868 |   9.9662e-08   |    1.5352     |    0.2645
Density calculation took 0.619934s
Tau required
   14     | -1691.6058377130 |   1.2780e-08   |    1.5290     |    0.2640
Density calculation took 0.618060s
Tau required
   15     | -1691.6058377161 |   3.0225e-09   |    1.5374     |    0.2630
Density calculation took 0.619742s
Tau required
   16     | -1691.6058377165 |   1.7752e-09   |    1.5323     |    0.2639
Density calculation took 0.618478s
Tau required
   17     | -1691.6058377168 |   5.1911e-10   |    1.5370     |    0.2648
Density calculation took 0.620117s
Tau required
   18     | -1691.6058377169 |   1.1844e-10   |    1.5288     |    0.2645
Density calculation took 0.618287s
Tau required
   19     | -1691.6058377170 |   1.9054e-11   |    1.5350     |    0.2627
Created 637547 / 2985984 significant shell pairs
Created 493743 / 2274064 significant shell pairs
Total number of grid points: 392602 (5773 per atom)
One electron integrals and orthogonalizer took 0.047628s
Created 493743 / 2274064 significant shell pairs
3C integrals and B formation took 2.029005s
Iteration |      Energy      |  DIIS Metric   | Fock Time (s) | DIIS Time (s)
----------+------------------+----------------+---------------+--------------
Density calculation took 0.666816s
Tau required
    1     | -1702.5159101883 |   1.0431e+03   |    1.7415     |    0.2960
Density calculation took 0.651180s
Tau required
    2     | -1690.8480424474 |   2.6940e+00   |    1.5794     |    0.2614
Density calculation took 0.623653s
Tau required
    3     | -1690.6091690321 |   3.9158e+00   |    1.5364     |    0.2715
Density calculation took 0.623926s
Tau required
    4     | -1691.5883165287 |   1.0852e-01   |    1.5381     |    0.2606
Density calculation took 0.625288s
Tau required
    5     | -1691.6068047947 |   3.9687e-02   |    1.5362     |    0.2704
Density calculation took 0.625319s
Tau required
    6     | -1691.6160082555 |   6.9991e-03   |    1.5410     |    0.2622
Density calculation took 0.625355s
Tau required
    7     | -1691.6176354066 |   1.3099e-03   |    1.5392     |    0.2720
Density calculation took 0.625386s
Tau required
    8     | -1691.6178520050 |   5.8237e-04   |    1.5356     |    0.2637
Density calculation took 0.625041s
Tau required
    9     | -1691.6180215841 |   3.9710e-05   |    1.5384     |    0.2637
Density calculation took 0.623310s
Tau required
   10     | -1691.6180307048 |   1.1110e-05   |    1.5380     |    0.2655
Density calculation took 0.625308s
Tau required
   11     | -1691.6180335121 |   1.8277e-06   |    1.5370     |    0.2626
Density calculation took 0.623728s
Tau required
   12     | -1691.6180337984 |   8.6451e-07   |    1.5385     |    0.2645
Density calculation took 0.625247s
Tau required
   13     | -1691.6180340220 |   9.4807e-08   |    1.5381     |    0.2633
Density calculation took 0.623592s
Tau required
   14     | -1691.6180340472 |   9.9606e-09   |    1.5381     |    0.2645
Density calculation took 0.625084s
Tau required
   15     | -1691.6180340497 |   2.0194e-09   |    1.5377     |    0.2633
Density calculation took 0.623783s
Tau required
   16     | -1691.6180340499 |   1.1512e-09   |    1.5371     |    0.2653
Density calculation took 0.625148s
Tau required
   17     | -1691.6180340501 |   3.2391e-10   |    1.5373     |    0.2635
Density calculation took 0.623743s
Tau required
   18     | -1691.6180340502 |   1.0721e-10   |    1.5387     |    0.2635
Density calculation took 0.625178s
Tau required
   19     | -1691.6180340502 |   1.5107e-11   |    1.5381     |    0.2639
Created 642385 / 2985984 significant shell pairs
Created 497725 / 2274064 significant shell pairs
Total number of grid points: 392754 (5775 per atom)
One electron integrals and orthogonalizer took 0.047697s
Created 497725 / 2274064 significant shell pairs
3C integrals and B formation took 2.025251s
Iteration |      Energy      |  DIIS Metric   | Fock Time (s) | DIIS Time (s)
----------+------------------+----------------+---------------+--------------
Density calculation took 0.671886s
Tau required
    1     | -1702.5159673836 |   1.0431e+03   |    1.7547     |    0.2950
Density calculation took 0.651977s
Tau required
    2     | -1690.8475369949 |   2.6951e+00   |    1.5843     |    0.2585
Density calculation took 0.626968s
Tau required
    3     | -1690.6073120725 |   3.9218e+00   |    1.5399     |    0.2697
Density calculation took 0.626243s
Tau required
    4     | -1691.5872226018 |   1.1018e-01   |    1.5414     |    0.2621
Density calculation took 0.625481s
Tau required
    5     | -1691.6059851535 |   4.0513e-02   |    1.5419     |    0.2706
Density calculation took 0.625224s
Tau required
    6     | -1691.6155458175 |   6.9440e-03   |    1.5411     |    0.2618
Density calculation took 0.625459s
Tau required
    7     | -1691.6171919688 |   1.2322e-03   |    1.5413     |    0.2718
Density calculation took 0.625361s
Tau required
    8     | -1691.6174175948 |   4.8128e-04   |    1.5408     |    0.2635
Density calculation took 0.625325s
Tau required
    9     | -1691.6175515600 |   4.3026e-05   |    1.5411     |    0.2651
Density calculation took 0.626834s
Tau required
   10     | -1691.6175611827 |   1.2572e-05   |    1.5418     |    0.2638
Density calculation took 0.625104s
Tau required
   11     | -1691.6175643831 |   2.2757e-06   |    1.5413     |    0.2642
Density calculation took 0.626833s
Tau required
   12     | -1691.6175648129 |   8.9031e-07   |    1.5422     |    0.2643
Density calculation took 0.625077s
Tau required
   13     | -1691.6175650417 |   9.4070e-08   |    1.5396     |    0.2651
Density calculation took 0.626653s
Tau required
   14     | -1691.6175650655 |   1.0355e-08   |    1.5403     |    0.2641
Density calculation took 0.625142s
Tau required
   15     | -1691.6175650679 |   2.5011e-09   |    1.5429     |    0.2659
Density calculation took 0.626611s
Tau required
   16     | -1691.6175650682 |   1.3388e-09   |    1.5414     |    0.2636
Density calculation took 0.625275s
Tau required
   17     | -1691.6175650685 |   3.4858e-10   |    1.5417     |    0.2637
Density calculation took 0.627126s
Tau required
   18     | -1691.6175650686 |   1.0633e-10   |    1.5400     |    0.2638
Density calculation took 0.625192s
Tau required
   19     | -1691.6175650686 |   1.8836e-11   |    1.5407     |    0.2636
Please cite the following papers for the methods used in this calculation:
 - J.L. Galvez Vallejo et. al., Toward an extreme-scale electronic structure system, J. Chem. Phys., 2023. DOI: 10.1063/5.0156399

 - R. Stocks, E. Palethorpe, and G.M.J. Barca, Multi-GPU RI-HF Energies and Analytic Gradients ─ Toward High-Throughput Ab Initio Molecular Dynamics, J. Chem. Theory Comput., 2024. DOI: 10.1021/acs.jctc.4c00877
   For:
     * RI-HF energy

 - S. Lehtola, C. Steigemann, M.J.T. Oliveira, and M.A.L. Marques, Recent developments in Libxc: A comprehensive library of functionals for density functional theory, SoftwareX, 2018. DOI: 10.1016/j.softx.2017.11.002
   For:
     * LibXC version 6.2.0

 - D.B. Williams-Young, W.A. de Jong, H.J.J. van Dam, and C. Yang, On the Efficient Evaluation of the Exchange Correlation Potential on Graphics Processing Unit Clusters, Frontiers in Chemistry, 2020. DOI: 10.3389/fchem.2020.581058
   For:
     * ExchCXX GPU implementation of exchange-correlation functionals

 - R. Stocks and G.M.J. Barca, Efficient Algorithms for GPU Accelerated Evaluation of the DFT Exchange-Correlation Functional, J. Chem. Theory Comput., 2025. DOI: 10.1021/acs.jctc.5c01229
   For:
     * GPU accelerated DFT exchange-correlation evaluation

 - Y. Zhao and D. G. Truhlar.,  J. Chem. Phys. 125, 194101 (2006) DOI: 10.1063/1.2370993
   For:
     * MGGA_X_M06_L XC Functional
     * MGGA_C_M06_L XC Functional

[CRAYBLAS_WARNING] Application linked against multiple cray-libsci libraries
