Total number of grid points: 392910 (5778 per atom)
Density calculation took 0.661706s
Tau required
Density calculation took 0.634892s
Tau required
Density calculation took 0.629802s
Tau required
Density calculation took 0.630696s
Tau required
Density calculation took 0.631073s
Tau required
Density calculation took 0.631315s
Tau required
Density calculation took 0.631349s
Tau required
Density calculation took 0.631338s
Tau required
Density calculation took 0.631439s
Tau required
Density calculation took 0.631416s
Tau required
Density calculation took 0.631474s
Tau required
Density calculation took 0.631269s
Tau required
Density calculation took 0.631592s
Tau required
Density calculation took 0.630742s
Tau required
Density calculation took 0.631929s
Tau required
Density calculation took 0.631253s
Tau required
Density calculation took 0.631743s
Tau required
Total number of grid points: 392473 (5771 per atom)
Density calculation took 0.662399s
Tau required
Density calculation took 0.659178s
Tau required
Density calculation took 0.633111s
Tau required
Density calculation took 0.632815s
Tau required
Density calculation took 0.633746s
Tau required
Density calculation took 0.633876s
Tau required
Density calculation took 0.633515s
Tau required
Density calculation took 0.633172s
Tau required
Density calculation took 0.633809s
Tau required
Density calculation took 0.633795s
Tau required
Density calculation took 0.633574s
Tau required
Density calculation took 0.633944s
Tau required
Density calculation took 0.634147s
Tau required
Density calculation took 0.634168s
Tau required
Density calculation took 0.634183s
Tau required
Density calculation took 0.634294s
Tau required
Density calculation took 0.633349s
Tau required
Total number of grid points: 392491 (5771 per atom)
Density calculation took 0.662284s
Tau required
Density calculation took 0.644749s
Tau required
Density calculation took 0.622909s
Tau required
Density calculation took 0.623682s
Tau required
Density calculation took 0.623335s
Tau required
Density calculation took 0.622881s
Tau required
Density calculation took 0.623377s
Tau required
Density calculation took 0.623039s
Tau required
Density calculation took 0.623746s
Tau required
Density calculation took 0.623529s
Tau required
Density calculation took 0.623517s
Tau required
Density calculation took 0.623551s
Tau required
Density calculation took 0.624001s
Tau required
Density calculation took 0.623520s
Tau required
Density calculation took 0.623368s
Tau required
Density calculation took 0.623956s
Tau required
Density calculation took 0.623835s
Tau required
Total number of grid points: 392415 (5770 per atom)
Density calculation took 0.664324s
Tau required
Density calculation took 0.651732s
Tau required
Density calculation took 0.628987s
Tau required
Density calculation took 0.629259s
Tau required
Density calculation took 0.629841s
Tau required
Density calculation took 0.629419s
Tau required
Density calculation took 0.629414s
Tau required
Density calculation took 0.629530s
Tau required
Density calculation took 0.629652s
Tau required
Density calculation took 0.628893s
Tau required
Density calculation took 0.629143s
Tau required
Density calculation took 0.629923s
Tau required
Density calculation took 0.629619s
Tau required
Density calculation took 0.629706s
Tau required
Density calculation took 0.628986s
Tau required
Density calculation took 0.629781s
Tau required
Density calculation took 0.630138s
Tau required
Total number of grid points: 392334 (5769 per atom)
Density calculation took 0.662446s
Tau required
Density calculation took 0.650320s
Tau required
Density calculation took 0.629381s
Tau required
Density calculation took 0.629227s
Tau required
Density calculation took 0.629903s
Tau required
Density calculation took 0.630018s
Tau required
Density calculation took 0.629526s
Tau required
Density calculation took 0.629861s
Tau required
Density calculation took 0.630250s
Tau required
Density calculation took 0.629792s
Tau required
Density calculation took 0.629685s
Tau required
Density calculation took 0.629875s
Tau required
Density calculation took 0.629470s
Tau required
Density calculation took 0.630061s
Tau required
Density calculation took 0.630095s
Tau required
Density calculation took 0.629535s
Tau required
Density calculation took 0.629897s
Tau required
Total number of grid points: 392687 (5774 per atom)
Density calculation took 0.664084s
Tau required
Density calculation took 0.657667s
Tau required
Density calculation took 0.634062s
Tau required
Density calculation took 0.634283s
Tau required
Density calculation took 0.634290s
Tau required
Density calculation took 0.633901s
Tau required
Density calculation took 0.634578s
Tau required
Density calculation took 0.634247s
Tau required
Density calculation took 0.634839s
Tau required
Density calculation took 0.634476s
Tau required
Density calculation took 0.634642s
Tau required
Density calculation took 0.634020s
Tau required
Density calculation took 0.634365s
Tau required
Density calculation took 0.634682s
Tau required
Density calculation took 0.634529s
Tau required
Density calculation took 0.634938s
Tau required
Density calculation took 0.634709s
Tau required
Total number of grid points: 392737 (5775 per atom)
Density calculation took 0.706528s
Tau required
Density calculation took 0.657692s
Tau required
Density calculation took 0.634317s
Tau required
Density calculation took 0.635277s
Tau required
Density calculation took 0.635205s
Tau required
Density calculation took 0.634720s
Tau required
Density calculation took 0.635392s
Tau required
Density calculation took 0.634710s
Tau required
Density calculation took 0.635323s
Tau required
Density calculation took 0.635487s
Tau required
Density calculation took 0.635311s
Tau required
Density calculation took 0.634442s
Tau required
Density calculation took 0.634942s
Tau required
Density calculation took 0.635411s
Tau required
Density calculation took 0.635284s
Tau required
Density calculation took 0.634821s
Tau required
Density calculation took 0.635071s
Tau required
Total number of grid points: 392272 (5768 per atom)
Density calculation took 0.659272s
Tau required
Density calculation took 0.644816s
Tau required
Density calculation took 0.623475s
Tau required
Density calculation took 0.623961s
Tau required
Density calculation took 0.623517s
Tau required
Density calculation took 0.623985s
Tau required
Density calculation took 0.623682s
Tau required
Density calculation took 0.624001s
Tau required
Density calculation took 0.623747s
Tau required
Density calculation took 0.624020s
Tau required
Density calculation took 0.623198s
Tau required
Density calculation took 0.624328s
Tau required
Density calculation took 0.624150s
Tau required
Density calculation took 0.624386s
Tau required
Density calculation took 0.624671s
Tau required
Density calculation took 0.624399s
Tau required
Density calculation took 0.624317s
Tau required
Density calculation took 0.624849s
Tau required
Total number of grid points: 391884 (5763 per atom)
Density calculation took 0.682463s
Tau required
Density calculation took 0.645067s
Tau required
Density calculation took 0.623587s
Tau required
Density calculation took 0.623506s
Tau required
Density calculation took 0.623637s
Tau required
Density calculation took 0.623461s
Tau required
Density calculation took 0.623715s
Tau required
Density calculation took 0.623369s
Tau required
Density calculation took 0.623933s
Tau required
Density calculation took 0.623546s
Tau required
Density calculation took 0.623606s
Tau required
Density calculation took 0.623610s
Tau required
Density calculation took 0.623435s
Tau required
Density calculation took 0.623324s
Tau required
Density calculation took 0.623717s
Tau required
Density calculation took 0.623968s
Tau required
Density calculation took 0.623577s
Tau required
Density calculation took 0.623590s
Tau required
Density calculation took 0.623993s
Tau required
Total number of grid points: 392252 (5768 per atom)
Density calculation took 0.687216s
Tau required
Density calculation took 0.652904s
Tau required
Density calculation took 0.626092s
Tau required
Density calculation took 0.625954s
Tau required
Density calculation took 0.626206s
Tau required
Density calculation took 0.625973s
Tau required
Density calculation took 0.626573s
Tau required
Density calculation took 0.626461s
Tau required
Density calculation took 0.626115s
Tau required
Density calculation took 0.626191s
Tau required
Density calculation took 0.626247s
Tau required
Density calculation took 0.626144s
Tau required
Density calculation took 0.626859s
Tau required
Density calculation took 0.626550s
Tau required
Density calculation took 0.625589s
Tau required
Density calculation took 0.626490s
Tau required
Density calculation took 0.626141s
Tau required
Total number of grid points: 392560 (5772 per atom)
Density calculation took 0.663067s
Tau required
Density calculation took 0.645050s
Tau required
Density calculation took 0.623366s
Tau required
Density calculation took 0.623817s
Tau required
Density calculation took 0.623574s
Tau required
Density calculation took 0.623694s
Tau required
Density calculation took 0.623838s
Tau required
Density calculation took 0.624002s
Tau required
Density calculation took 0.623585s
Tau required
Density calculation took 0.623928s
Tau required
Density calculation took 0.624005s
Tau required
Density calculation took 0.623119s
Tau required
Density calculation took 0.624260s
Tau required
Density calculation took 0.623471s
Tau required
Density calculation took 0.623647s
Tau required
Density calculation took 0.624230s
Tau required
Density calculation took 0.623795s
Tau required
Density calculation took 0.624329s
Tau required
Total number of grid points: 393021 (5779 per atom)
Density calculation took 0.698195s
Tau required
Density calculation took 0.647981s
Tau required
Density calculation took 0.626138s
Tau required
Density calculation took 0.626830s
Tau required
Density calculation took 0.626891s
Tau required
Density calculation took 0.626543s
Tau required
Density calculation took 0.626745s
Tau required
Density calculation took 0.627101s
Tau required
Density calculation took 0.627380s
Tau required
Density calculation took 0.626955s
Tau required
Density calculation took 0.626961s
Tau required
Density calculation took 0.626704s
Tau required
Density calculation took 0.627208s
Tau required
Density calculation took 0.627135s
Tau required
Density calculation took 0.627167s
Tau required
Density calculation took 0.626630s
Tau required
Density calculation took 0.626762s
Tau required
Total number of grid points: 392852 (5777 per atom)
Density calculation took 0.671525s
Tau required
Density calculation took 0.649614s
Tau required
Density calculation took 0.628786s
Tau required
Density calculation took 0.629071s
Tau required
Density calculation took 0.629520s
Tau required
Density calculation took 0.629421s
Tau required
Density calculation took 0.628901s
Tau required
Density calculation took 0.628599s
Tau required
Density calculation took 0.629177s
Tau required
Density calculation took 0.629808s
Tau required
Density calculation took 0.629613s
Tau required
Density calculation took 0.628215s
Tau required
Density calculation took 0.629595s
Tau required
Density calculation took 0.628668s
Tau required
Density calculation took 0.628834s
Tau required
Density calculation took 0.629414s
Tau required
Density calculation took 0.629276s
Tau required
Total number of grid points: 392313 (5769 per atom)
Density calculation took 0.696671s
Tau required
Density calculation took 0.651785s
Tau required
Density calculation took 0.629682s
Tau required
Density calculation took 0.630018s
Tau required
Density calculation took 0.629988s
Tau required
Density calculation took 0.630136s
Tau required
Density calculation took 0.630044s
Tau required
Density calculation took 0.630636s
Tau required
Density calculation took 0.630447s
Tau required
Density calculation took 0.630152s
Tau required
Density calculation took 0.630270s
Tau required
Density calculation took 0.629643s
Tau required
Density calculation took 0.630355s
Tau required
Density calculation took 0.630315s
Tau required
Density calculation took 0.630534s
Tau required
Density calculation took 0.629439s
Tau required
Density calculation took 0.630265s
Tau required
Total number of grid points: 393165 (5781 per atom)
Density calculation took 0.656937s
Tau required
Density calculation took 0.650693s
Tau required
Density calculation took 0.628389s
Tau required
Density calculation took 0.629272s
Tau required
Density calculation took 0.628858s
Tau required
Density calculation took 0.629170s
Tau required
Density calculation took 0.629188s
Tau required
Density calculation took 0.629463s
Tau required
Density calculation took 0.629048s
Tau required
Density calculation took 0.629605s
Tau required
Density calculation took 0.629432s
Tau required
Density calculation took 0.629344s
Tau required
Density calculation took 0.629076s
Tau required
Density calculation took 0.629161s
Tau required
Density calculation took 0.629631s
Tau required
Density calculation took 0.629495s
Tau required
Density calculation took 0.629470s
Tau required
Total number of grid points: 392591 (5773 per atom)
Density calculation took 0.700804s
Tau required
Density calculation took 0.649045s
Tau required
Density calculation took 0.628329s
Tau required
Density calculation took 0.628510s
Tau required
Density calculation took 0.628080s
Tau required
Density calculation took 0.628747s
Tau required
Density calculation took 0.628403s
Tau required
Density calculation took 0.629080s
Tau required
Density calculation took 0.628463s
Tau required
Density calculation took 0.629254s
Tau required
Density calculation took 0.628341s
Tau required
Density calculation took 0.628683s
Tau required
Density calculation took 0.629075s
Tau required
Density calculation took 0.628866s
Tau required
Density calculation took 0.628492s
Tau required
Density calculation took 0.629006s
Tau required
Density calculation took 0.628970s
Tau required
Density calculation took 0.628912s
Tau required
Total number of grid points: 392924 (5778 per atom)
Density calculation took 0.704551s
Tau required
Density calculation took 0.652190s
Tau required
Density calculation took 0.628183s
Tau required
Density calculation took 0.627489s
Tau required
Density calculation took 0.627769s
Tau required
Density calculation took 0.628256s
Tau required
Density calculation took 0.627967s
Tau required
Density calculation took 0.628716s
Tau required
Density calculation took 0.628329s
Tau required
Density calculation took 0.628566s
Tau required
Density calculation took 0.628212s
Tau required
Density calculation took 0.627621s
Tau required
Density calculation took 0.628248s
Tau required
Density calculation took 0.628158s
Tau required
Density calculation took 0.627721s
Tau required
Density calculation took 0.628481s
Tau required
Density calculation took 0.628286s
Tau required
Total number of grid points: 392664 (5774 per atom)
Density calculation took 0.698967s
Tau required
Density calculation took 0.648256s
Tau required
Density calculation took 0.621733s
Tau required
Density calculation took 0.621792s
Tau required
Density calculation took 0.621998s
Tau required
Density calculation took 0.621771s
Tau required
Density calculation took 0.622004s
Tau required
Density calculation took 0.621877s
Tau required
Density calculation took 0.622263s
Tau required
Density calculation took 0.621718s
Tau required
Density calculation took 0.621621s
Tau required
Density calculation took 0.622015s
Tau required
Density calculation took 0.621976s
Tau required
Density calculation took 0.621587s
Tau required
Density calculation took 0.622240s
Tau required
Density calculation took 0.621907s
Tau required
Density calculation took 0.622427s
Tau required
Total number of grid points: 392808 (5776 per atom)
Density calculation took 0.665423s
Tau required
Density calculation took 0.650621s
Tau required
Density calculation took 0.627739s
Tau required
Density calculation took 0.627938s
Tau required
Density calculation took 0.627932s
Tau required
Density calculation took 0.628006s
Tau required
Density calculation took 0.627753s
Tau required
Density calculation took 0.627796s
Tau required
Density calculation took 0.628063s
Tau required
Density calculation took 0.627898s
Tau required
Density calculation took 0.627973s
Tau required
Density calculation took 0.628470s
Tau required
Density calculation took 0.627780s
Tau required
Density calculation took 0.628404s
Tau required
Density calculation took 0.628449s
Tau required
Density calculation took 0.627489s
Tau required
Density calculation took 0.628515s
Tau required
Total number of grid points: 392781 (5776 per atom)
Density calculation took 0.693658s
Tau required
Density calculation took 0.647864s
Tau required
Density calculation took 0.626375s
Tau required
Density calculation took 0.626803s
Tau required
Density calculation took 0.626778s
Tau required
Density calculation took 0.626148s
Tau required
Density calculation took 0.626565s
Tau required
Density calculation took 0.626297s
Tau required
Density calculation took 0.626935s
Tau required
Density calculation took 0.626882s
Tau required
Density calculation took 0.626779s
Tau required
Density calculation took 0.626971s
Tau required
Density calculation took 0.626970s
Tau required
Density calculation took 0.626704s
Tau required
Density calculation took 0.627094s
Tau required
Density calculation took 0.626694s
Tau required
Density calculation took 0.626835s
Tau required
[CRAYBLAS_WARNING] Application linked against multiple cray-libsci libraries
================
            Individual Calculation Summary             
=======================================================
HF Energy: -1692.1193040615471546
=======================================================


Topology 9 time: 34.659350 s, performance: SP: 0 FLOP/s, DP: 32.11 TFLOP/s
JSON file written to: json_logs/lustre_orion_chm213_scratch_ryan_dhdft_inputs_exess_exess_inputs_TPSS_def2-TZVP_isomers_33220-33239_topology_9.json
************************************************************
**************** Running topology 11 of 20 *****************
************************************************************

************************************************************
******* Beginning RI-MGGA_C_TPSS+MGGA_X_TPSS energy ********
************************************************************

=======================================================
        MGGA_C_TPSS+MGGA_X_TPSS Energy Results         
=======================================================
E MGGA_C_TPSS+MGGA_X_TPSS: -1692.11002578
Nuclear Repulsion Energy: 4804.91282841
Electronic Energy:        -6247.94677645
XC Energy:                -249.076078
Converged:                1
# of SCF iterations:      18
SCF Time:                 36.437s

=======================================================
            Individual Calculation Summary             
=======================================================
HF Energy: -1692.1100257812186101
=======================================================


Topology 10 time: 36.650962 s, performance: SP: 0 FLOP/s, DP: 31.97 TFLOP/s
JSON file written to: json_logs/lustre_orion_chm213_scratch_ryan_dhdft_inputs_exess_exess_inputs_TPSS_def2-TZVP_isomers_33220-33239_topology_10.json
************************************************************
**************** Running topology 12 of 20 *****************
************************************************************

************************************************************
******* Beginning RI-MGGA_C_TPSS+MGGA_X_TPSS energy ********
************************************************************

=======================================================
        MGGA_C_TPSS+MGGA_X_TPSS Energy Results         
=======================================================
E MGGA_C_TPSS+MGGA_X_TPSS: -1692.11726644
Nuclear Repulsion Energy: 4602.21494173
Electronic Energy:        -6045.26217542
XC Energy:                -249.070033
Converged:                1
# of SCF iterations:      17
SCF Time:                 34.682s

=======================================================
            Individual Calculation Summary             
=======================================================
HF Energy: -1692.1172664412947597
=======================================================


Topology 11 time: 34.881052 s, performance: SP: 0 FLOP/s, DP: 31.91 TFLOP/s
JSON file written to: json_logs/lustre_orion_chm213_scratch_ryan_dhdft_inputs_exess_exess_inputs_TPSS_def2-TZVP_isomers_33220-33239_topology_11.json
************************************************************
**************** Running topology 13 of 20 *****************
************************************************************

************************************************************
******* Beginning RI-MGGA_C_TPSS+MGGA_X_TPSS energy ********
************************************************************

=======================================================
        MGGA_C_TPSS+MGGA_X_TPSS Energy Results         
=======================================================
E MGGA_C_TPSS+MGGA_X_TPSS: -1692.10377189
Nuclear Repulsion Energy: 4723.3391845
Electronic Energy:        -6166.37195711
XC Energy:                -249.070999
Converged:                1
# of SCF iterations:      17
SCF Time:                 34.489s

=======================================================
            Individual Calculation Summary             
=======================================================
HF Energy: -1692.1037718924039837
=======================================================


Topology 12 time: 34.698009 s, performance: SP: 0 FLOP/s, DP: 32.07 TFLOP/s
JSON file written to: json_logs/lustre_orion_chm213_scratch_ryan_dhdft_inputs_exess_exess_inputs_TPSS_def2-TZVP_isomers_33220-33239_topology_12.json
************************************************************
**************** Running topology 14 of 20 *****************
************************************************************

************************************************************
******* Beginning RI-MGGA_C_TPSS+MGGA_X_TPSS energy ********
************************************************************

=======================================================
        MGGA_C_TPSS+MGGA_X_TPSS Energy Results         
=======================================================
E MGGA_C_TPSS+MGGA_X_TPSS: -1692.11433392
Nuclear Repulsion Energy: 4647.11109874
Electronic Energy:        -6090.15595655
XC Energy:                -249.069476
Converged:                1
# of SCF iterations:      17
SCF Time:                 34.619s

=======================================================
            Individual Calculation Summary             
=======================================================
HF Energy: -1692.1143339239661145
=======================================================


Topology 13 time: 34.823576 s, performance: SP: 0 FLOP/s, DP: 31.95 TFLOP/s
JSON file written to: json_logs/lustre_orion_chm213_scratch_ryan_dhdft_inputs_exess_exess_inputs_TPSS_def2-TZVP_isomers_33220-33239_topology_13.json
************************************************************
**************** Running topology 15 of 20 *****************
************************************************************

************************************************************
******* Beginning RI-MGGA_C_TPSS+MGGA_X_TPSS energy ********
************************************************************

=======================================================
        MGGA_C_TPSS+MGGA_X_TPSS Energy Results         
=======================================================
E MGGA_C_TPSS+MGGA_X_TPSS: -1692.11481724
Nuclear Repulsion Energy: 4653.34312324
Electronic Energy:        -6096.38728111
XC Energy:                -249.070659
Converged:                1
# of SCF iterations:      17
SCF Time:                 34.424s

=======================================================
            Individual Calculation Summary             
=======================================================
HF Energy: -1692.1148172360417448
=======================================================


Topology 14 time: 34.627381 s, performance: SP: 0 FLOP/s, DP: 32.13 TFLOP/s
JSON file written to: json_logs/lustre_orion_chm213_scratch_ryan_dhdft_inputs_exess_exess_inputs_TPSS_def2-TZVP_isomers_33220-33239_topology_14.json
************************************************************
**************** Running topology 16 of 20 *****************
************************************************************

************************************************************
******* Beginning RI-MGGA_C_TPSS+MGGA_X_TPSS energy ********
************************************************************

=======================================================
        MGGA_C_TPSS+MGGA_X_TPSS Energy Results         
=======================================================
E MGGA_C_TPSS+MGGA_X_TPSS: -1692.11236286
Nuclear Repulsion Energy: 4948.65045171
Electronic Energy:        -6391.6798149
XC Energy:                -249.083000
Converged:                1
# of SCF iterations:      18
SCF Time:                 36.525s

=======================================================
            Individual Calculation Summary             
=======================================================
HF Energy: -1692.1123628642228596
=======================================================


Topology 15 time: 36.749967 s, performance: SP: 0 FLOP/s, DP: 31.8 TFLOP/s
JSON file written to: json_logs/lustre_orion_chm213_scratch_ryan_dhdft_inputs_exess_exess_inputs_TPSS_def2-TZVP_isomers_33220-33239_topology_15.json
************************************************************
**************** Running topology 17 of 20 *****************
************************************************************

************************************************************
******* Beginning RI-MGGA_C_TPSS+MGGA_X_TPSS energy ********
************************************************************

=======================================================
        MGGA_C_TPSS+MGGA_X_TPSS Energy Results         
=======================================================
E MGGA_C_TPSS+MGGA_X_TPSS: -1692.12916026
Nuclear Repulsion Energy: 4583.55738992
Electronic Energy:        -6026.61820413
XC Energy:                -249.068346
Converged:                1
# of SCF iterations:      17
SCF Time:                 34.661s

=======================================================
            Individual Calculation Summary             
=======================================================
HF Energy: -1692.1291602648745993
=======================================================


Topology 16 time: 34.858605 s, performance: SP: 0 FLOP/s, DP: 31.98 TFLOP/s
JSON file written to: json_logs/lustre_orion_chm213_scratch_ryan_dhdft_inputs_exess_exess_inputs_TPSS_def2-TZVP_isomers_33220-33239_topology_16.json
************************************************************
**************** Running topology 18 of 20 *****************
************************************************************

************************************************************
******* Beginning RI-MGGA_C_TPSS+MGGA_X_TPSS energy ********
************************************************************

=======================================================
        MGGA_C_TPSS+MGGA_X_TPSS Energy Results         
=======================================================
E MGGA_C_TPSS+MGGA_X_TPSS: -1692.1391064
Nuclear Repulsion Energy: 4568.87842454
Electronic Energy:        -6011.94756592
XC Energy:                -249.069965
Converged:                1
# of SCF iterations:      17
SCF Time:                 34.633s

=======================================================
            Individual Calculation Summary             
=======================================================
HF Energy: -1692.1391063980145191
=======================================================


Topology 17 time: 34.830960 s, performance: SP: 0 FLOP/s, DP: 32.02 TFLOP/s
JSON file written to: json_logs/lustre_orion_chm213_scratch_ryan_dhdft_inputs_exess_exess_inputs_TPSS_def2-TZVP_isomers_33220-33239_topology_17.json
************************************************************
**************** Running topology 19 of 20 *****************
************************************************************

************************************************************
******* Beginning RI-MGGA_C_TPSS+MGGA_X_TPSS energy ********
************************************************************

=======================================================
        MGGA_C_TPSS+MGGA_X_TPSS Energy Results         
=======================================================
E MGGA_C_TPSS+MGGA_X_TPSS: -1692.11344739
Nuclear Repulsion Energy: 4691.90248326
Electronic Energy:        -6134.94823246
XC Energy:                -249.067698
Converged:                1
# of SCF iterations:      17
SCF Time:                 34.596s

=======================================================
            Individual Calculation Summary             
=======================================================
HF Energy: -1692.1134473894801431
=======================================================


Topology 18 time: 34.804475 s, performance: SP: 0 FLOP/s, DP: 32.01 TFLOP/s
JSON file written to: json_logs/lustre_orion_chm213_scratch_ryan_dhdft_inputs_exess_exess_inputs_TPSS_def2-TZVP_isomers_33220-33239_topology_18.json
************************************************************
**************** Running topology 20 of 20 *****************
************************************************************

************************************************************
******* Beginning RI-MGGA_C_TPSS+MGGA_X_TPSS energy ********
************************************************************

=======================================================
        MGGA_C_TPSS+MGGA_X_TPSS Energy Results         
=======================================================
E MGGA_C_TPSS+MGGA_X_TPSS: -1692.13007104
Nuclear Repulsion Energy: 4595.04096071
Electronic Energy:        -6038.10371746
XC Energy:                -249.067314
Converged:                1
# of SCF iterations:      17
SCF Time:                 34.607s

=======================================================
            Individual Calculation Summary             
=======================================================
HF Energy: -1692.1300710372229332
=======================================================


Topology 19 time: 34.806049 s, performance: SP: 0 FLOP/s, DP: 32.04 TFLOP/s
JSON file written to: json_logs/lustre_orion_chm213_scratch_ryan_dhdft_inputs_exess_exess_inputs_TPSS_def2-TZVP_isomers_33220-33239_topology_19.json
Total flops: SP: 0 FLOPS, DP: 22.568174 PFLOPS
Performance: SP: 0 FLOP/s, DP: 31.54 TFLOP/s

Now, a word from our sponsors... 
 Ah you got a shower. (Edgar's dad, the ancient Mexican scriptures)

[31mTotal processing time 715.789891 seconds[0m
[CRAYBLAS_WARNING] Application linked against multiple cray-libsci libraries
DIIS Metric   | Fock Time (s) | DIIS Time (s)
----------+------------------+----------------+---------------+--------------
Density calculation took 0.643565s
Tau required
    1     | -1702.6791959357 |   1.0404e+03   |    1.8052     |    0.2963
Density calculation took 0.625659s
Tau required
    2     | -1691.2430369847 |   3.0340e+00   |    1.6326     |    0.2617
Density calculation took 0.604411s
Tau required
    3     | -1690.9687760305 |   4.1911e+00   |    1.6005     |    0.2711
Density calculation took 0.603707s
Tau required
    4     | -1692.0717928243 |   1.2097e-01   |    1.5988     |    0.2619
Density calculation took 0.604406s
Tau required
    5     | -1692.0923401805 |   4.0347e-02   |    1.6008     |    0.2706
Density calculation took 0.604557s
Tau required
    6     | -1692.1024853636 |   4.4643e-03   |    1.6021     |    0.2628
Density calculation took 0.604842s
Tau required
    7     | -1692.1034556146 |   1.1011e-03   |    1.6002     |    0.2715
Density calculation took 0.604751s
Tau required
    8     | -1692.1036999374 |   2.3237e-04   |    1.6014     |    0.2637
Density calculation took 0.603568s
Tau required
    9     | -1692.1037648717 |   2.3227e-05   |    1.6000     |    0.2633
Density calculation took 0.603352s
Tau required
   10     | -1692.1037701355 |   6.4374e-06   |    1.5993     |    0.2637
Density calculation took 0.603965s
Tau required
   11     | -1692.1037717232 |   5.9248e-07   |    1.6019     |    0.2661
Density calculation took 0.603817s
Tau required
   12     | -1692.1037718483 |   1.4618e-07   |    1.6018     |    0.2654
Density calculation took 0.604103s
Tau required
   13     | -1692.1037718807 |   3.7218e-08   |    1.6003     |    0.2654
Density calculation took 0.604118s
Tau required
   14     | -1692.1037718917 |   2.4633e-09   |    1.5992     |    0.2638
Density calculation took 0.604091s
Tau required
   15     | -1692.1037718923 |   4.3585e-10   |    1.5993     |    0.2628
Density calculation took 0.604540s
Tau required
   16     | -1692.1037718924 |   2.0580e-10   |    1.6012     |    0.2639
Density calculation took 0.604271s
Tau required
   17     | -1692.1037718924 |   4.9230e-11   |    1.6000     |    0.2652
Created 734876 / 2985984 significant shell pairs
Created 570840 / 2274064 significant shell pairs
Total number of grid points: 393102 (5780 per atom)
One electron integrals and orthogonalizer took 0.052648s
Created 570840 / 2274064 significant shell pairs
3C integrals and B formation took 2.154363s
Iteration |      Energy      |  DIIS Metric   | Fock Time (s) | DIIS Time (s)
----------+------------------+----------------+---------------+--------------
Density calculation took 0.658122s
Tau required
    1     | -1702.6780388411 |   1.0382e+03   |    1.8456     |    0.2967
Density calculation took 0.635904s
Tau required
    2     | -1691.2504762796 |   3.0424e+00   |    1.6425     |    0.2616
Density calculation took 0.612061s
Tau required
    3     | -1690.9742995855 |   4.1767e+00   |    1.6036     |    0.2710
Density calculation took 0.613380s
Tau required
    4     | -1692.0770769164 |   1.3428e-01   |    1.6069     |    0.2626
Density calculation took 0.613881s
Tau required
    5     | -1692.0979542224 |   5.6524e-02   |    1.6058     |    0.2739
Density calculation took 0.613964s
Tau required
    6     | -1692.1122973727 |   6.8150e-03   |    1.6069     |    0.2642
Density calculation took 0.613419s
Tau required
    7     | -1692.1139325612 |   1.3499e-03   |    1.6030     |    0.2734
Density calculation took 0.613516s
Tau required
    8     | -1692.1142585069 |   2.8031e-04   |    1.6076     |    0.2652
Density calculation took 0.614243s
Tau required
    9     | -1692.1143270252 |   2.3468e-05   |    1.6050     |    0.2628
Density calculation took 0.613690s
Tau required
   10     | -1692.1143321781 |   6.0386e-06   |    1.6073     |    0.2657
Density calculation took 0.614360s
Tau required
   11     | -1692.1143338091 |   3.9694e-07   |    1.6042     |    0.2652
Density calculation took 0.615524s
Tau required
   12     | -1692.1143338884 |   1.2074e-07   |    1.6058     |    0.2656
Density calculation took 0.615765s
Tau required
   13     | -1692.1143339199 |   1.4253e-08   |    1.6056     |    0.2653
Density calculation took 0.614766s
Tau required
   14     | -1692.1143339232 |   2.5170e-09   |    1.6064     |    0.2655
Density calculation took 0.614156s
Tau required
   15     | -1692.1143339239 |   3.0326e-10   |    1.6061     |    0.2627
Density calculation took 0.613999s
Tau required
   16     | -1692.1143339239 |   3.3633e-10   |    1.6067     |    0.2645
Density calculation took 0.614865s
Tau required
   17     | -1692.1143339240 |   4.2485e-11   |    1.6050     |    0.2642
Created 740282 / 2985984 significant shell pairs
Created 574511 / 2274064 significant shell pairs
Total number of grid points: 391793 (5761 per atom)
One electron integrals and orthogonalizer took 0.052965s
Created 574511 / 2274064 significant shell pairs
3C integrals and B formation took 2.138155s
Iteration |      Energy      |  DIIS Metric   | Fock Time (s) | DIIS Time (s)
----------+------------------+----------------+---------------+--------------
Density calculation took 0.651324s
Tau required
    1     | -1702.6778561852 |   1.0393e+03   |    1.8001     |    0.2987
Density calculation took 0.633068s
Tau required
    2     | -1691.2491869990 |   3.0538e+00   |    1.6287     |    0.2628
Density calculation took 0.610654s
Tau required
    3     | -1690.9611351954 |   4.2256e+00   |    1.5974     |    0.2714
Density calculation took 0.613020s
Tau required
    4     | -1692.0679269941 |   1.6170e-01   |    1.6004     |    0.2652
Density calculation took 0.611185s
Tau required
    5     | -1692.0923287291 |   7.4821e-02   |    1.5973     |    0.2738
Density calculation took 0.611004s
Tau required
    6     | -1692.1129040021 |   6.7541e-03   |    1.5967     |    0.2623
Density calculation took 0.610558s
Tau required
    7     | -1692.1144689516 |   1.1707e-03   |    1.5949     |    0.2731
Density calculation took 0.611524s
Tau required
    8     | -1692.1146881240 |   4.4976e-04   |    1.5998     |    0.2632
Density calculation took 0.613716s
Tau required
    9     | -1692.1148099758 |   2.5287e-05   |    1.5970     |    0.2632
Density calculation took 0.613621s
Tau required
   10     | -1692.1148158835 |   4.8761e-06   |    1.5971     |    0.2654
Density calculation took 0.613257s
Tau required
   11     | -1692.1148171398 |   3.4151e-07   |    1.5977     |    0.2636
Density calculation took 0.613178s
Tau required
   12     | -1692.1148171863 |   1.7571e-07   |    1.5980     |    0.2641
Density calculation took 0.613782s
Tau required
   13     | -1692.1148172297 |   2.1937e-08   |    1.5968     |    0.2645
Density calculation took 0.613274s
Tau required
   14     | -1692.1148172354 |   2.0691e-09   |    1.5967     |    0.2640
Density calculation took 0.614053s
Tau required
   15     | -1692.1148172360 |   2.9602e-10   |    1.5955     |    0.2644
Density calculation took 0.613921s
Tau required
   16     | -1692.1148172360 |   1.2428e-10   |    1.5995     |    0.2656
Density calculation took 0.613630s
Tau required
   17     | -1692.1148172360 |   2.9138e-11   |    1.5979     |    0.2636
Created 839358 / 2985984 significant shell pairs
Created 649670 / 2274064 significant shell pairs
Total number of grid points: 392613 (5773 per atom)
One electron integrals and orthogonalizer took 0.058468s
Created 649670 / 2274064 significant shell pairs
3C integrals and B formation took 2.248568s
Iteration |      Energy      |  DIIS Metric   | Fock Time (s) | DIIS Time (s)
----------+------------------+----------------+---------------+--------------
Density calculation took 0.654982s
Tau required
    1     | -1702.7287452505 |   1.0550e+03   |    1.8441     |    0.2976
Density calculation took 0.634250s
Tau required
    2     | -1691.2321910216 |   3.1284e+00   |    1.6346     |    0.2597
Density calculation took 0.612247s
Tau required
    3     | -1690.6924465797 |   5.2553e+00   |    1.6066     |    0.2699
Density calculation took 0.612589s
Tau required
    4     | -1691.9001308878 |   7.7179e-01   |    1.6012     |    0.2611
Density calculation took 0.613685s
Tau required
    5     | -1692.0764328921 |   1.3387e-01   |    1.6019     |    0.2718
Density calculation took 0.612977s
Tau required
    6     | -1692.1055003480 |   2.4427e-02   |    1.6008     |    0.2634
Density calculation took 0.612729s
Tau required
    7     | -1692.1109501242 |   4.9275e-03   |    1.6004     |    0.2726
Density calculation took 0.612650s
Tau required
    8     | -1692.1121227123 |   8.8924e-04   |    1.6005     |    0.2640
Density calculation took 0.613312s
Tau required
    9     | -1692.1123359197 |   9.1987e-05   |    1.6023     |    0.2636
Density calculation took 0.613545s
Tau required
   10     | -1692.1123594788 |   1.1127e-05   |    1.5994     |    0.2655
Density calculation took 0.612925s
Tau required
   11     | -1692.1123618641 |   3.3279e-06   |    1.6010     |    0.2641
Density calculation took 0.613610s
Tau required
   12     | -1692.1123627602 |   3.3653e-07   |    1.6008     |    0.2633
Density calculation took 0.613393s
Tau required
   13     | -1692.1123628376 |   9.4200e-08   |    1.6005     |    0.2631
Density calculation took 0.613493s
Tau required
   14     | -1692.1123628618 |   8.7847e-09   |    1.5997     |    0.2637
Density calculation took 0.613400s
Tau required
   15     | -1692.1123628616 |   9.1128e-09   |    1.6006     |    0.2660
Density calculation took 0.613427s
Tau required
   16     | -1692.1123628641 |   5.4218e-10   |    1.6024     |    0.2648
Density calculation took 0.613622s
Tau required
   17     | -1692.1123628641 |   3.0135e-10   |    1.6013     |    0.2653
Density calculation took 0.613026s
Tau required
   18     | -1692.1123628642 |   3.8265e-11   |    1.5986     |    0.2640
Created 714807 / 2985984 significant shell pairs
Created 555093 / 2274064 significant shell pairs
Total number of grid points: 392451 (5771 per atom)
One electron integrals and orthogonalizer took 0.051980s
Created 555093 / 2274064 significant shell pairs
3C integrals and B formation took 2.138824s
Iteration |      Energy      |  DIIS Metric   | Fock Time (s) | DIIS Time (s)
----------+------------------+----------------+---------------+--------------
Density calculation took 0.656825s
Tau required
    1     | -1702.6750720762 |   1.0354e+03   |    1.8445     |    0.2963
Density calculation took 0.631988s
Tau required
    2     | -1691.2640239399 |   3.0456e+00   |    1.6509     |    0.2596
Density calculation took 0.599723s
Tau required
    3     | -1690.9976261435 |   4.1270e+00   |    1.6082     |    0.2692
Density calculation took 0.599447s
Tau required
    4     | -1692.0914061940 |   1.3366e-01   |    1.6090     |    0.2622
Density calculation took 0.599772s
Tau required
    5     | -1692.1103383273 |   6.4755e-02   |    1.6099     |    0.2717
Density calculation took 0.598708s
Tau required
    6     | -1692.1275314060 |   5.7133e-03   |    1.6088     |    0.2629
Density calculation took 0.599858s
Tau required
    7     | -1692.1288590037 |   9.9300e-04   |    1.6090     |    0.2752
Density calculation took 0.599990s
Tau required
    8     | -1692.1290216742 |   4.6421e-04   |    1.6116     |    0.2646
Density calculation took 0.599662s
Tau required
    9     | -1692.1291556596 |   1.6755e-05   |    1.6103     |    0.2642
Density calculation took 0.600009s
Tau required
   10     | -1692.1291587467 |   5.3581e-06   |    1.6083     |    0.2684
Density calculation took 0.599371s
Tau required
   11     | -1692.1291601050 |   5.2855e-07   |    1.6085     |    0.2638
Density calculation took 0.600147s
Tau required
   12     | -1692.1291602094 |   1.8923e-07   |    1.6075     |    0.2654
Density calculation took 0.599271s
Tau required
   13     | -1692.1291602565 |   3.0010e-08   |    1.6089     |    0.2653
Density calculation took 0.600025s
Tau required
   14     | -1692.1291602640 |   3.0828e-09   |    1.6089     |    0.2636
Density calculation took 0.599028s
Tau required
   15     | -1692.1291602648 |   3.2481e-10   |    1.6096     |    0.2649
Density calculation took 0.599978s
Tau required
   16     | -1692.1291602648 |   3.3761e-10   |    1.6092     |    0.2660
Density calculation took 0.598978s
Tau required
   17     | -1692.1291602649 |   4.2357e-11   |    1.6121     |    0.2641
Created 708821 / 2985984 significant shell pairs
Created 550598 / 2274064 significant shell pairs
Total number of grid points: 392296 (5769 per atom)
One electron integrals and orthogonalizer took 0.052582s
Created 550598 / 2274064 significant shell pairs
3C integrals and B formation took 2.141991s
Iteration |      Energy      |  DIIS Metric   | Fock Time (s) | DIIS Time (s)
----------+------------------+----------------+---------------+--------------
Density calculation took 0.662586s
Tau required
    1     | -1702.6785897510 |   1.0342e+03   |    1.8315     |    0.2964
Density calculation took 0.638129s
Tau required
    2     | -1691.2719932313 |   3.0602e+00   |    1.6343     |    0.2613
Density calculation took 0.617765s
Tau required
    3     | -1691.0008878067 |   4.1623e+00   |    1.6107     |    0.2712
Density calculation took 0.619473s
Tau required
    4     | -1692.1019608097 |   1.3116e-01   |    1.6123     |    0.2632
Density calculation took 0.619425s
Tau required
    5     | -1692.1199608428 |   6.5706e-02   |    1.6084     |    0.2704
Density calculation took 0.619540s
Tau required
    6     | -1692.1371184279 |   6.8273e-03   |    1.6101     |    0.2638
Density calculation took 0.619666s
Tau required
    7     | -1692.1387740433 |   1.1089e-03   |    1.6123     |    0.2717
Density calculation took 0.620181s
Tau required
    8     | -1692.1389912672 |   4.0293e-04   |    1.6113     |    0.2695
Density calculation took 0.619198s
Tau required
    9     | -1692.1391008620 |   1.9081e-05   |    1.6095     |    0.2645
Density calculation took 0.620008s
Tau required
   10     | -1692.1391046570 |   5.9831e-06   |    1.6099     |    0.2646
Density calculation took 0.619314s
Tau required
   11     | -1692.1391062277 |   5.7250e-07   |    1.6087     |    0.2635
Density calculation took 0.619599s
Tau required
   12     | -1692.1391063371 |   2.0330e-07   |    1.6077     |    0.2637
Density calculation took 0.618645s
Tau required
   13     | -1692.1391063902 |   2.7436e-08   |    1.6075     |    0.2628
Density calculation took 0.618874s
Tau required
   14     | -1692.1391063969 |   3.9407e-09   |    1.6094     |    0.2628
Density calculation took 0.619472s
Tau required
   15     | -1692.1391063979 |   2.9390e-10   |    1.6078     |    0.2648
Density calculation took 0.619531s
Tau required
   16     | -1692.1391063979 |   4.2793e-10   |    1.6088     |    0.2650
Density calculation took 0.619283s
Tau required
   17     | -1692.1391063980 |   3.8169e-11   |    1.6074     |    0.2633
Created 749453 / 2985984 significant shell pairs
Created 582742 / 2274064 significant shell pairs
Total number of grid points: 393029 (5779 per atom)
One electron integrals and orthogonalizer took 0.052936s
Created 582742 / 2274064 significant shell pairs
3C integrals and B formation took 2.156959s
Iteration |      Energy      |  DIIS Metric   | Fock Time (s) | DIIS Time (s)
----------+------------------+----------------+---------------+--------------
Density calculation took 0.661220s
Tau required
    1     | -1702.6709802992 |   1.0369e+03   |    1.8039     |    0.2962
Density calculation took 0.635652s
Tau required
    2     | -1691.2516354319 |   3.0371e+00   |    1.6365     |    0.2598
Density calculation took 0.615395s
Tau required
    3     | -1690.9823243700 |   4.1622e+00   |    1.6069     |    0.2699
Density calculation took 0.618955s
Tau required
    4     | -1692.0789838844 |   1.2823e-01   |    1.6093     |    0.2626
Density calculation took 0.617695s
Tau required
    5     | -1692.0986089213 |   5.1531e-02   |    1.6065     |    0.2704
Density calculation took 0.615914s
Tau required
    6     | -1692.1115586366 |   6.5148e-03   |    1.6000     |    0.2633
Density calculation took 0.616149s
Tau required
    7     | -1692.1130646081 |   1.2519e-03   |    1.5996     |    0.2720
Density calculation took 0.617398s
Tau required
    8     | -1692.1133068480 |   4.4451e-04   |    1.6072     |    0.2635
Density calculation took 0.619261s
Tau required
    9     | -1692.1134427844 |   1.5669e-05   |    1.6097     |    0.2645
Density calculation took 0.617738s
Tau required
   10     | -1692.1134458026 |   5.3702e-06   |    1.6093     |    0.2657
Density calculation took 0.618571s
Tau required
   11     | -1692.1134472891 |   3.5101e-07   |    1.6078     |    0.2640
Density calculation took 0.617364s
Tau required
   12     | -1692.1134473572 |   1.1443e-07   |    1.6091     |    0.2640
Density calculation took 0.618359s
Tau required
   13     | -1692.1134473864 |   1.0946e-08   |    1.6089     |    0.2633
Density calculation took 0.618772s
Tau required
   14     | -1692.1134473891 |   1.4595e-09   |    1.6091     |    0.2642
Density calculation took 0.618169s
Tau required
   15     | -1692.1134473894 |   2.8811e-10   |    1.6087     |    0.2659
Density calculation took 0.619894s
Tau required
   16     | -1692.1134473894 |   1.8659e-10   |    1.6093     |    0.2709
Density calculation took 0.618737s
Tau required
   17     | -1692.1134473895 |   3.2797e-11   |    1.6085     |    0.2640
Created 714737 / 2985984 significant shell pairs
Created 555383 / 2274064 significant shell pairs
Total number of grid points: 393039 (5779 per atom)
One electron integrals and orthogonalizer took 0.052720s
Created 555383 / 2274064 significant shell pairs
3C integrals and B formation took 2.151291s
Iteration |      Energy      |  DIIS Metric   | Fock Time (s) | DIIS Time (s)
----------+------------------+----------------+---------------+--------------
Density calculation took 0.668253s
Tau required
    1     | -1702.6725401506 |   1.0350e+03   |    1.8156     |    0.2961
Density calculation took 0.633987s
Tau required
    2     | -1691.2650419087 |   3.0451e+00   |    1.6373     |    0.2601
Density calculation took 0.611411s
Tau required
    3     | -1691.0023495053 |   4.1142e+00   |    1.6082     |    0.2706
Density calculation took 0.611916s
Tau required
    4     | -1692.0975526288 |   1.1760e-01   |    1.6085     |    0.2632
Density calculation took 0.612189s
Tau required
    5     | -1692.1155997557 |   5.1468e-02   |    1.6042     |    0.2704
Density calculation took 0.612084s
Tau required
    6     | -1692.1284120926 |   5.7070e-03   |    1.6060     |    0.2627
Density calculation took 0.612718s
Tau required
    7     | -1692.1297624676 |   1.0051e-03   |    1.6059     |    0.2737
Density calculation took 0.612192s
Tau required
    8     | -1692.1299722682 |   3.3818e-04   |    1.6088     |    0.2655
Density calculation took 0.612789s
Tau required
    9     | -1692.1300662153 |   1.6658e-05   |    1.6070     |    0.2666
Density calculation took 0.612087s
Tau required
   10     | -1692.1300693543 |   5.7037e-06   |    1.6090     |    0.2646
Density calculation took 0.613091s
Tau required
   11     | -1692.1300709269 |   3.8669e-07   |    1.6075     |    0.2646
Density calculation took 0.612403s
Tau required
   12     | -1692.1300709981 |   1.3911e-07   |    1.6065     |    0.2647
Density calculation took 0.612851s
Tau required
   13     | -1692.1300710297 |   2.5696e-08   |    1.6042     |    0.2655
Density calculation took 0.612951s
Tau required
   14     | -1692.1300710359 |   4.4523e-09   |    1.6052     |    0.2641
Density calculation took 0.612771s
Tau required
   15     | -1692.1300710371 |   3.5106e-10   |    1.6103     |    0.2684
Density calculation took 0.613018s
Tau required
   16     | -1692.1300710370 |   6.4571e-10   |    1.6064     |    0.2673
Density calculation took 0.612975s
Tau required
   17     | -1692.1300710372 |   6.3617e-11   |    1.6080     |    0.2654
Please cite the following papers for the methods used in this calculation:
 - J.L. Galvez Vallejo et. al., Toward an extreme-scale electronic structure system, J. Chem. Phys., 2023. DOI: 10.1063/5.0156399

 - R. Stocks, E. Palethorpe, and G.M.J. Barca, Multi-GPU RI-HF Energies and Analytic Gradients ─ Toward High-Throughput Ab Initio Molecular Dynamics, J. Chem. Theory Comput., 2024. DOI: 10.1021/acs.jctc.4c00877
   For:
     * RI-HF energy

 - S. Lehtola, C. Steigemann, M.J.T. Oliveira, and M.A.L. Marques, Recent developments in Libxc: A comprehensive library of functionals for density functional theory, SoftwareX, 2018. DOI: 10.1016/j.softx.2017.11.002
   For:
     * LibXC version 6.2.0

 - D.B. Williams-Young, W.A. de Jong, H.J.J. van Dam, and C. Yang, On the Efficient Evaluation of the Exchange Correlation Potential on Graphics Processing Unit Clusters, Frontiers in Chemistry, 2020. DOI: 10.3389/fchem.2020.581058
   For:
     * ExchCXX GPU implementation of exchange-correlation functionals

 - R. Stocks and G.M.J. Barca, Efficient Algorithms for GPU Accelerated Evaluation of the DFT Exchange-Correlation Functional, J. Chem. Theory Comput., 2025. DOI: 10.1021/acs.jctc.5c01229
   For:
     * GPU accelerated DFT exchange-correlation evaluation

 - J. Tao, J. P. Perdew, V. N. Staroverov, and G. E. Scuseria.,  Phys. Rev. Lett. 91, 146401 (2003) DOI: 10.1103/PhysRevLett.91.146401
   For:
     * MGGA_C_TPSS XC Functional
     * MGGA_X_TPSS XC Functional

[CRAYBLAS_WARNING] Application linked against multiple cray-libsci libraries
