Total number of grid points: 369687 (5776 per atom)
Density calculation took 0.562988s
Tau required
Density calculation took 0.589493s
Tau required
Density calculation took 0.568213s
Tau required
Density calculation took 0.568212s
Tau required
Density calculation took 0.567885s
Tau required
Density calculation took 0.568146s
Tau required
Density calculation took 0.568795s
Tau required
Density calculation took 0.568300s
Tau required
Density calculation took 0.568823s
Tau required
Density calculation took 0.568886s
Tau required
Density calculation took 0.569058s
Tau required
Density calculation took 0.568828s
Tau required
Density calculation took 0.568828s
Tau required
Density calculation took 0.569098s
Tau required
Density calculation took 0.569111s
Tau required
Density calculation took 0.568791s
Tau required
Density calculation took 0.569418s
Tau required
Total number of grid points: 368571 (5758 per atom)
Density calculation took 0.552524s
Tau required
Density calculation took 0.585089s
Tau required
Density calculation took 0.562729s
Tau required
Density calculation took 0.563516s
Tau required
Density calculation took 0.563533s
Tau required
Density calculation took 0.563541s
Tau required
Density calculation took 0.563497s
Tau required
Density calculation took 0.563459s
Tau required
Density calculation took 0.563631s
Tau required
Density calculation took 0.563903s
Tau required
Density calculation took 0.563768s
Tau required
Density calculation took 0.563810s
Tau required
Density calculation took 0.563876s
Tau required
Density calculation took 0.563962s
Tau required
Density calculation took 0.564059s
Tau required
Density calculation took 0.563400s
Tau required
Density calculation took 0.563955s
Tau required
Total number of grid points: 370341 (5786 per atom)
Density calculation took 0.556227s
Tau required
Density calculation took 0.583839s
Tau required
Density calculation took 0.561816s
Tau required
Density calculation took 0.561946s
Tau required
Density calculation took 0.562041s
Tau required
Density calculation took 0.562051s
Tau required
Density calculation took 0.562347s
Tau required
Density calculation took 0.562267s
Tau required
Density calculation took 0.562542s
Tau required
Density calculation took 0.562467s
Tau required
Density calculation took 0.562324s
Tau required
Density calculation took 0.562397s
Tau required
Density calculation took 0.562330s
Tau required
Density calculation took 0.562173s
Tau required
Density calculation took 0.562749s
Tau required
Density calculation took 0.562047s
Tau required
Density calculation took 0.562630s
Tau required
Total number of grid points: 369317 (5770 per atom)
Density calculation took 0.554568s
Tau required
Density calculation took 0.581304s
Tau required
Density calculation took 0.560525s
Tau required
Density calculation took 0.561145s
Tau required
Density calculation took 0.560911s
Tau required
Density calculation took 0.560606s
Tau required
Density calculation took 0.560628s
Tau required
Density calculation took 0.560834s
Tau required
Density calculation took 0.561087s
Tau required
Density calculation took 0.560515s
Tau required
Density calculation took 0.561423s
Tau required
Density calculation took 0.560946s
Tau required
Density calculation took 0.561185s
Tau required
Density calculation took 0.561286s
Tau required
Density calculation took 0.561129s
Tau required
Density calculation took 0.561259s
Tau required
Density calculation took 0.561267s
Tau required
Total number of grid points: 369428 (5772 per atom)
Density calculation took 0.548909s
Tau required
Density calculation took 0.574784s
Tau required
Density calculation took 0.554428s
Tau required
Density calculation took 0.554094s
Tau required
Density calculation took 0.554583s
Tau required
Density calculation took 0.553963s
Tau required
Density calculation took 0.554764s
Tau required
Density calculation took 0.553943s
Tau required
Density calculation took 0.554632s
Tau required
Density calculation took 0.553864s
Tau required
Density calculation took 0.554947s
Tau required
Density calculation took 0.554183s
Tau required
Density calculation took 0.555215s
Tau required
Density calculation took 0.554034s
Tau required
Density calculation took 0.555032s
Tau required
Density calculation took 0.554166s
Tau required
Density calculation took 0.555022s
Tau required
Total number of grid points: 369489 (5773 per atom)
Density calculation took 0.553596s
Tau required
Density calculation took 0.581307s
Tau required
Density calculation took 0.560968s
Tau required
Density calculation took 0.561018s
Tau required
Density calculation took 0.561083s
Tau required
Density calculation took 0.561346s
Tau required
Density calculation took 0.561151s
Tau required
Density calculation took 0.561154s
Tau required
Density calculation took 0.560744s
Tau required
Density calculation took 0.560877s
Tau required
Density calculation took 0.561071s
Tau required
Density calculation took 0.561033s
Tau required
Density calculation took 0.560896s
Tau required
Density calculation took 0.561238s
Tau required
Density calculation took 0.561088s
Tau required
Density calculation took 0.561402s
Tau required
Density calculation took 0.560740s
Tau required
Total number of grid points: 369734 (5777 per atom)
Density calculation took 0.561450s
Tau required
Density calculation took 0.585736s
Tau required
Density calculation took 0.564548s
Tau required
Density calculation took 0.564205s
Tau required
Density calculation took 0.564870s
Tau required
Density calculation took 0.564451s
Tau required
Density calculation took 0.564700s
Tau required
Density calculation took 0.564530s
Tau required
Density calculation took 0.564711s
Tau required
Density calculation took 0.564594s
Tau required
Density calculation took 0.565003s
Tau required
Density calculation took 0.564656s
Tau required
Density calculation took 0.564859s
Tau required
Density calculation took 0.564367s
Tau required
Density calculation took 0.564903s
Tau required
Density calculation took 0.564432s
Tau required
Density calculation took 0.564997s
Tau required
Total number of grid points: 370313 (5786 per atom)
Density calculation took 0.553976s
Tau required
Density calculation took 0.580516s
Tau required
Density calculation took 0.559994s
Tau required
Density calculation took 0.560117s
Tau required
Density calculation took 0.559746s
Tau required
Density calculation took 0.560110s
Tau required
Density calculation took 0.559886s
Tau required
Density calculation took 0.560247s
Tau required
Density calculation took 0.560181s
Tau required
Density calculation took 0.560242s
Tau required
Density calculation took 0.560091s
Tau required
Density calculation took 0.560429s
Tau required
Density calculation took 0.559420s
Tau required
Density calculation took 0.560116s
Tau required
Density calculation took 0.559822s
Tau required
Density calculation took 0.560111s
Tau required
Density calculation took 0.560210s
Tau required
Total number of grid points: 368733 (5761 per atom)
Density calculation took 0.551476s
Tau required
Density calculation took 0.585533s
Tau required
Density calculation took 0.563619s
Tau required
Density calculation took 0.563984s
Tau required
Density calculation took 0.565162s
Tau required
Density calculation took 0.564063s
Tau required
Density calculation took 0.564312s
Tau required
Density calculation took 0.564382s
Tau required
Density calculation took 0.564866s
Tau required
Density calculation took 0.564582s
Tau required
Density calculation took 0.564021s
Tau required
Density calculation took 0.564468s
Tau required
Density calculation took 0.565041s
Tau required
Density calculation took 0.564421s
Tau required
Density calculation took 0.564522s
Tau required
Density calculation took 0.564131s
Tau required
Density calculation took 0.565101s
Tau required
Total number of grid points: 368873 (5763 per atom)
Density calculation took 0.550652s
Tau required
Density calculation took 0.577310s
Tau required
Density calculation took 0.555345s
Tau required
Density calculation took 0.555564s
Tau required
Density calculation took 0.555148s
Tau required
Density calculation took 0.555619s
Tau required
Density calculation took 0.555684s
Tau required
Density calculation took 0.555513s
Tau required
Density calculation took 0.554865s
Tau required
Density calculation took 0.555777s
Tau required
Density calculation took 0.555813s
Tau required
Density calculation took 0.555584s
Tau required
Density calculation took 0.555306s
Tau required
Density calculation took 0.555713s
Tau required
Density calculation took 0.555084s
Tau required
Density calculation took 0.555555s
Tau required
Total number of grid points: 368867 (5763 per atom)
Density calculation took 0.554994s
Tau required
Density calculation took 0.582922s
Tau required
Density calculation took 0.561558s
Tau required
Density calculation took 0.561734s
Tau required
Density calculation took 0.561947s
Tau required
Density calculation took 0.561857s
Tau required
Density calculation took 0.561557s
Tau required
Density calculation took 0.561661s
Tau required
Density calculation took 0.561604s
Tau required
Density calculation took 0.561731s
Tau required
Density calculation took 0.561994s
Tau required
Density calculation took 0.561791s
Tau required
Density calculation took 0.562053s
Tau required
Density calculation took 0.561841s
Tau required
Density calculation took 0.561731s
Tau required
Density calculation took 0.561851s
Tau required
Density calculation took 0.561867s
Tau required
Total number of grid points: 369619 (5775 per atom)
Density calculation took 0.549367s
Tau required
Density calculation took 0.584581s
Tau required
Density calculation took 0.563011s
Tau required
Density calculation took 0.562992s
Tau required
Density calculation took 0.563588s
Tau required
Density calculation took 0.563166s
Tau required
Density calculation took 0.563473s
Tau required
Density calculation took 0.563268s
Tau required
Density calculation took 0.563375s
Tau required
Density calculation took 0.563052s
Tau required
Density calculation took 0.563588s
Tau required
Density calculation took 0.563491s
Tau required
Density calculation took 0.563577s
Tau required
Density calculation took 0.563196s
Tau required
Density calculation took 0.563581s
Tau required
Density calculation took 0.562956s
Tau required
Density calculation took 0.563438s
Tau required
Total number of grid points: 369615 (5775 per atom)
Density calculation took 0.544525s
Tau required
Density calculation took 0.580931s
Tau required
Density calculation took 0.559573s
Tau required
Density calculation took 0.559611s
Tau required
Density calculation took 0.559618s
Tau required
Density calculation took 0.559483s
Tau required
Density calculation took 0.559729s
Tau required
Density calculation took 0.559870s
Tau required
Density calculation took 0.559562s
Tau required
Density calculation took 0.559987s
Tau required
Density calculation took 0.559436s
Tau required
Density calculation took 0.559798s
Tau required
Density calculation took 0.559819s
Tau required
Density calculation took 0.559597s
Tau required
Density calculation took 0.559761s
Tau required
Total number of grid points: 369781 (5777 per atom)
Density calculation took 0.580930s
Tau required
Density calculation took 0.583891s
Tau required
Density calculation took 0.563577s
Tau required
Density calculation took 0.563269s
Tau required
Density calculation took 0.563713s
Tau required
Density calculation took 0.563623s
Tau required
Density calculation took 0.563772s
Tau required
Density calculation took 0.563640s
Tau required
Density calculation took 0.563832s
Tau required
Density calculation took 0.563205s
Tau required
Density calculation took 0.563958s
Tau required
Density calculation took 0.563696s
Tau required
Density calculation took 0.564308s
Tau required
Density calculation took 0.563563s
Tau required
Density calculation took 0.563865s
Tau required
Density calculation took 0.563521s
Tau required
Density calculation took 0.563827s
Tau required
Total number of grid points: 369806 (5778 per atom)
Density calculation took 0.551980s
Tau required
Density calculation took 0.583687s
Tau required
Density calculation took 0.563153s
Tau required
Density calculation took 0.563272s
Tau required
Density calculation took 0.563554s
Tau required
Density calculation took 0.563220s
Tau required
Density calculation took 0.563595s
Tau required
Density calculation took 0.563622s
Tau required
Density calculation took 0.563329s
Tau required
Density calculation took 0.563572s
Tau required
Density calculation took 0.563129s
Tau required
Density calculation took 0.563406s
Tau required
Density calculation took 0.563654s
Tau required
Density calculation took 0.563543s
Tau required
Density calculation took 0.563436s
Tau required
Density calculation took 0.563254s
Tau required
Density calculation took 0.563229s
Tau required
Total number of grid points: 368903 (5764 per atom)
Density calculation took 0.553248s
Tau required
Density calculation took 0.577858s
Tau required
Density calculation took 0.556690s
Tau required
Density calculation took 0.556847s
Tau required
Density calculation took 0.556749s
Tau required
Density calculation took 0.557041s
Tau required
Density calculation took 0.556619s
Tau required
Density calculation took 0.556703s
Tau required
Density calculation took 0.556682s
Tau required
Density calculation took 0.556759s
Tau required
Density calculation took 0.556617s
Tau required
Density calculation took 0.556872s
Tau required
Density calculation took 0.556596s
Tau required
Density calculation took 0.556897s
Tau required
Density calculation took 0.556812s
Tau required
Density calculation took 0.556708s
Tau required
Density calculation took 0.557038s
Tau required
Total number of grid points: 369749 (5777 per atom)
Density calculation took 0.553985s
Tau required
Density calculation took 0.584115s
Tau required
Density calculation took 0.562674s
Tau required
Density calculation took 0.562518s
Tau required
Density calculation took 0.562532s
Tau required
Density calculation took 0.562802s
Tau required
Density calculation took 0.563216s
Tau required
Density calculation took 0.562740s
Tau required
Density calculation took 0.562659s
Tau required
Density calculation took 0.562582s
Tau required
Density calculation took 0.562787s
Tau required
Density calculation took 0.562775s
Tau required
Density calculation took 0.563286s
Tau required
Density calculation took 0.562965s
Tau required
Density calculation took 0.563121s
Tau required
Density calculation took 0.562889s
Tau required
Density calculation took 0.563202s
Tau required
Total number of grid points: 368545 (5758 per atom)
Density calculation took 0.552673s
Tau required
Density calculation took 0.579658s
Tau required
Density calculation took 0.558158s
Tau required
Density calculation took 0.557768s
Tau required
Density calculation took 0.558480s
Tau required
Density calculation took 0.557838s
Tau required
Density calculation took 0.558463s
Tau required
Density calculation took 0.558087s
Tau required
Density calculation took 0.558295s
Tau required
Density calculation took 0.558313s
Tau required
Density calculation took 0.558321s
Tau required
Density calculation took 0.558228s
Tau required
Density calculation took 0.558205s
Tau required
Density calculation took 0.558115s
Tau required
Density calculation took 0.558507s
Tau required
Density calculation took 0.558194s
Tau required
Density calculation took 0.558664s
Tau required
Density calculation took 0.558175s
Tau required
Total number of grid points: 369789 (5777 per atom)
Density calculation took 0.632930s
Tau required
Density calculation took 0.602454s
Tau required
Density calculation took 0.561426s
Tau required
Density calculation took 0.561582s
Tau required
Density calculation took 0.561114s
Tau required
Density calculation took 0.561550s
Tau required
Density calculation took 0.561942s
Tau required
Density calculation took 0.561614s
Tau required
Density calculation took 0.561721s
Tau required
Density calculation took 0.562017s
Tau required
Density calculation took 0.561297s
Tau required
Density calculation took 0.561700s
Tau required
Density calculation took 0.561361s
Tau required
Density calculation took 0.561286s
Tau required
Density calculation took 0.561244s
Tau required
Density calculation took 0.561578s
Tau required
Density calculation took 0.561669s
Tau required
Total number of grid points: 369708 (5776 per atom)
Density calculation took 0.558694s
Tau required
Density calculation took 0.580531s
Tau required
Density calculation took 0.557886s
Tau required
Density calculation took 0.557216s
Tau required
Density calculation took 0.558408s
Tau required
Density calculation took 0.557772s
Tau required
Density calculation took 0.557637s
Tau required
Density calculation took 0.557202s
Tau required
Density calculation took 0.557762s
Tau required
Density calculation took 0.557409s
Tau required
Density calculation took 0.557584s
Tau required
Density calculation took 0.557176s
Tau required
Density calculation took 0.557472s
Tau required
Density calculation took 0.557937s
Tau required
Density calculation took 0.558481s
Tau required
Density calculation took 0.557437s
Tau required
Density calculation took 0.558366s
Tau required
[CRAYBLAS_WARNING] Application linked against multiple cray-libsci libraries
============================================
E MGGA_C_TPSS+MGGA_X_TPSS: -1614.66199757
Nuclear Repulsion Energy: 4338.56707479
Electronic Energy:        -5715.80892214
XC Energy:                -237.420150
Converged:                1
# of SCF iterations:      16
SCF Time:                 28.585s

=======================================================
            Individual Calculation Summary             
=======================================================
HF Energy: -1614.6619975677565435
=======================================================


Topology 9 time: 28.772022 s, performance: SP: 0 FLOP/s, DP: 31.13 TFLOP/s
JSON file written to: json_logs/lustre_orion_chm213_scratch_ryan_dhdft_inputs_exess_exess_inputs_TPSS_def2-TZVP_isomers_17880-17899_topology_9.json
************************************************************
**************** Running topology 11 of 20 *****************
************************************************************

************************************************************
******* Beginning RI-MGGA_C_TPSS+MGGA_X_TPSS energy ********
************************************************************

=======================================================
        MGGA_C_TPSS+MGGA_X_TPSS Energy Results         
=======================================================
E MGGA_C_TPSS+MGGA_X_TPSS: -1614.66327156
Nuclear Repulsion Energy: 4395.59280522
Electronic Energy:        -5772.83028639
XC Energy:                -237.425790
Converged:                1
# of SCF iterations:      17
SCF Time:                 30.124s

=======================================================
            Individual Calculation Summary             
=======================================================
HF Energy: -1614.6632715648718204
=======================================================


Topology 10 time: 30.316503 s, performance: SP: 0 FLOP/s, DP: 31.24 TFLOP/s
JSON file written to: json_logs/lustre_orion_chm213_scratch_ryan_dhdft_inputs_exess_exess_inputs_TPSS_def2-TZVP_isomers_17880-17899_topology_10.json
************************************************************
**************** Running topology 12 of 20 *****************
************************************************************

************************************************************
******* Beginning RI-MGGA_C_TPSS+MGGA_X_TPSS energy ********
************************************************************

=======================================================
        MGGA_C_TPSS+MGGA_X_TPSS Energy Results         
=======================================================
E MGGA_C_TPSS+MGGA_X_TPSS: -1614.65886535
Nuclear Repulsion Energy: 4381.76524492
Electronic Energy:        -5758.99979201
XC Energy:                -237.424318
Converged:                1
# of SCF iterations:      17
SCF Time:                 29.848s

=======================================================
            Individual Calculation Summary             
=======================================================
HF Energy: -1614.6588653453873121
=======================================================


Topology 11 time: 30.038610 s, performance: SP: 0 FLOP/s, DP: 31.52 TFLOP/s
JSON file written to: json_logs/lustre_orion_chm213_scratch_ryan_dhdft_inputs_exess_exess_inputs_TPSS_def2-TZVP_isomers_17880-17899_topology_11.json
************************************************************
**************** Running topology 13 of 20 *****************
************************************************************

************************************************************
******* Beginning RI-MGGA_C_TPSS+MGGA_X_TPSS energy ********
************************************************************

=======================================================
        MGGA_C_TPSS+MGGA_X_TPSS Energy Results         
=======================================================
E MGGA_C_TPSS+MGGA_X_TPSS: -1614.65499723
Nuclear Repulsion Energy: 4319.42704907
Electronic Energy:        -5696.65961631
XC Energy:                -237.422430
Converged:                1
# of SCF iterations:      15
SCF Time:                 26.746s

=======================================================
            Individual Calculation Summary             
=======================================================
HF Energy: -1614.6549972294328654
=======================================================


Topology 12 time: 26.933944 s, performance: SP: 0 FLOP/s, DP: 31.3 TFLOP/s
JSON file written to: json_logs/lustre_orion_chm213_scratch_ryan_dhdft_inputs_exess_exess_inputs_TPSS_def2-TZVP_isomers_17880-17899_topology_12.json
************************************************************
**************** Running topology 14 of 20 *****************
************************************************************

************************************************************
******* Beginning RI-MGGA_C_TPSS+MGGA_X_TPSS energy ********
************************************************************

=======================================================
        MGGA_C_TPSS+MGGA_X_TPSS Energy Results         
=======================================================
E MGGA_C_TPSS+MGGA_X_TPSS: -1614.66354461
Nuclear Repulsion Energy: 4421.88015251
Electronic Energy:        -5799.11328342
XC Energy:                -237.430414
Converged:                1
# of SCF iterations:      17
SCF Time:                 30.054s

=======================================================
            Individual Calculation Summary             
=======================================================
HF Energy: -1614.6635446116579260
=======================================================


Topology 13 time: 30.249288 s, performance: SP: 0 FLOP/s, DP: 31.32 TFLOP/s
JSON file written to: json_logs/lustre_orion_chm213_scratch_ryan_dhdft_inputs_exess_exess_inputs_TPSS_def2-TZVP_isomers_17880-17899_topology_13.json
************************************************************
**************** Running topology 15 of 20 *****************
************************************************************

************************************************************
******* Beginning RI-MGGA_C_TPSS+MGGA_X_TPSS energy ********
************************************************************

=======================================================
        MGGA_C_TPSS+MGGA_X_TPSS Energy Results         
=======================================================
E MGGA_C_TPSS+MGGA_X_TPSS: -1614.65562385
Nuclear Repulsion Energy: 4423.84796102
Electronic Energy:        -5801.07358583
XC Energy:                -237.429999
Converged:                1
# of SCF iterations:      17
SCF Time:                 30.127s

=======================================================
            Individual Calculation Summary             
=======================================================
HF Energy: -1614.6556238466685045
=======================================================


Topology 14 time: 30.323226 s, performance: SP: 0 FLOP/s, DP: 31.2 TFLOP/s
JSON file written to: json_logs/lustre_orion_chm213_scratch_ryan_dhdft_inputs_exess_exess_inputs_TPSS_def2-TZVP_isomers_17880-17899_topology_14.json
************************************************************
**************** Running topology 16 of 20 *****************
************************************************************

************************************************************
******* Beginning RI-MGGA_C_TPSS+MGGA_X_TPSS energy ********
************************************************************

=======================================================
        MGGA_C_TPSS+MGGA_X_TPSS Energy Results         
=======================================================
E MGGA_C_TPSS+MGGA_X_TPSS: -1614.65681058
Nuclear Repulsion Energy: 4354.39411048
Electronic Energy:        -5731.62583667
XC Energy:                -237.425084
Converged:                1
# of SCF iterations:      17
SCF Time:                 29.996s

=======================================================
            Individual Calculation Summary             
=======================================================
HF Energy: -1614.6568105757091871
=======================================================


Topology 15 time: 30.185587 s, performance: SP: 0 FLOP/s, DP: 31.37 TFLOP/s
JSON file written to: json_logs/lustre_orion_chm213_scratch_ryan_dhdft_inputs_exess_exess_inputs_TPSS_def2-TZVP_isomers_17880-17899_topology_15.json
************************************************************
**************** Running topology 17 of 20 *****************
************************************************************

************************************************************
******* Beginning RI-MGGA_C_TPSS+MGGA_X_TPSS energy ********
************************************************************

=======================================================
        MGGA_C_TPSS+MGGA_X_TPSS Energy Results         
=======================================================
E MGGA_C_TPSS+MGGA_X_TPSS: -1614.66909341
Nuclear Repulsion Energy: 4395.44583456
Electronic Energy:        -5772.6889868
XC Energy:                -237.425941
Converged:                1
# of SCF iterations:      17
SCF Time:                 30.086s

=======================================================
            Individual Calculation Summary             
=======================================================
HF Energy: -1614.6690934081973410
=======================================================


Topology 16 time: 30.279348 s, performance: SP: 0 FLOP/s, DP: 31.3 TFLOP/s
JSON file written to: json_logs/lustre_orion_chm213_scratch_ryan_dhdft_inputs_exess_exess_inputs_TPSS_def2-TZVP_isomers_17880-17899_topology_16.json
************************************************************
**************** Running topology 18 of 20 *****************
************************************************************

************************************************************
******* Beginning RI-MGGA_C_TPSS+MGGA_X_TPSS energy ********
************************************************************

=======================================================
        MGGA_C_TPSS+MGGA_X_TPSS Energy Results         
=======================================================
E MGGA_C_TPSS+MGGA_X_TPSS: -1614.66251251
Nuclear Repulsion Energy: 4542.40193385
Electronic Energy:        -5919.63287291
XC Energy:                -237.431573
Converged:                1
# of SCF iterations:      18
SCF Time:                 31.474s

=======================================================
            Individual Calculation Summary             
=======================================================
HF Energy: -1614.6625125141715671
=======================================================


Topology 17 time: 31.679813 s, performance: SP: 0 FLOP/s, DP: 31.45 TFLOP/s
JSON file written to: json_logs/lustre_orion_chm213_scratch_ryan_dhdft_inputs_exess_exess_inputs_TPSS_def2-TZVP_isomers_17880-17899_topology_17.json
************************************************************
**************** Running topology 19 of 20 *****************
************************************************************

************************************************************
******* Beginning RI-MGGA_C_TPSS+MGGA_X_TPSS energy ********
************************************************************

=======================================================
        MGGA_C_TPSS+MGGA_X_TPSS Energy Results         
=======================================================
E MGGA_C_TPSS+MGGA_X_TPSS: -1614.67774801
Nuclear Repulsion Energy: 4250.16239093
Electronic Energy:        -5627.42174544
XC Energy:                -237.418394
Converged:                1
# of SCF iterations:      17
SCF Time:                 30.876s

=======================================================
            Individual Calculation Summary             
=======================================================
HF Energy: -1614.6777480059313348
=======================================================


Topology 18 time: 31.057586 s, performance: SP: 0 FLOP/s, DP: 30.57 TFLOP/s
JSON file written to: json_logs/lustre_orion_chm213_scratch_ryan_dhdft_inputs_exess_exess_inputs_TPSS_def2-TZVP_isomers_17880-17899_topology_18.json
************************************************************
**************** Running topology 20 of 20 *****************
************************************************************

************************************************************
******* Beginning RI-MGGA_C_TPSS+MGGA_X_TPSS energy ********
************************************************************

=======================================================
        MGGA_C_TPSS+MGGA_X_TPSS Energy Results         
=======================================================
E MGGA_C_TPSS+MGGA_X_TPSS: -1614.68310298
Nuclear Repulsion Energy: 4189.99935554
Electronic Energy:        -5567.26638802
XC Energy:                -237.416071
Converged:                1
# of SCF iterations:      17
SCF Time:                 29.972s

=======================================================
            Individual Calculation Summary             
=======================================================
HF Energy: -1614.6831029770496571
=======================================================


Topology 19 time: 30.153008 s, performance: SP: 0 FLOP/s, DP: 31.51 TFLOP/s
JSON file written to: json_logs/lustre_orion_chm213_scratch_ryan_dhdft_inputs_exess_exess_inputs_TPSS_def2-TZVP_isomers_17880-17899_topology_19.json
Total flops: SP: 0 FLOPS, DP: 18.846823 PFLOPS
Performance: SP: 0 FLOP/s, DP: 30.76 TFLOP/s

Now, a word from our sponsors... 
 As long as the code is not too C++ it is fine, said Giuseppe.

[31mTotal processing time 613.003734 seconds[0m
[CRAYBLAS_WARNING] Application linked against multiple cray-libsci libraries
.2244
Density calculation took 0.555782s
Tau required
    5     | -1614.6451235035 |   3.7164e-02   |    1.3889     |    0.2340
Density calculation took 0.555651s
Tau required
    6     | -1614.6540324821 |   3.6004e-03   |    1.3878     |    0.2262
Density calculation took 0.555825s
Tau required
    7     | -1614.6546922539 |   1.0504e-03   |    1.3873     |    0.2352
Density calculation took 0.556002s
Tau required
    8     | -1614.6549046829 |   2.8890e-04   |    1.3863     |    0.2273
Density calculation took 0.555912s
Tau required
    9     | -1614.6549935622 |   1.2512e-05   |    1.3900     |    0.2278
Density calculation took 0.555737s
Tau required
   10     | -1614.6549953707 |   6.3411e-06   |    1.3855     |    0.2271
Density calculation took 0.555964s
Tau required
   11     | -1614.6549971506 |   2.8640e-07   |    1.3860     |    0.2270
Density calculation took 0.555927s
Tau required
   12     | -1614.6549972125 |   6.3350e-08   |    1.3859     |    0.2357
Density calculation took 0.555935s
Tau required
   13     | -1614.6549972273 |   8.1159e-09   |    1.3864     |    0.2276
Density calculation took 0.555940s
Tau required
   14     | -1614.6549972293 |   7.3490e-10   |    1.3882     |    0.2279
Density calculation took 0.555998s
Tau required
   15     | -1614.6549972294 |   9.8588e-11   |    1.3874     |    0.2327
Created 726727 / 2702736 significant shell pairs
Created 563578 / 2056356 significant shell pairs
Total number of grid points: 369157 (5768 per atom)
One electron integrals and orthogonalizer took 0.050029s
Created 563578 / 2056356 significant shell pairs
3C integrals and B formation took 1.961481s
Iteration |      Energy      |  DIIS Metric   | Fock Time (s) | DIIS Time (s)
----------+------------------+----------------+---------------+--------------
Density calculation took 0.537771s
Tau required
    1     | -1624.8708600844 |   9.9960e+02   |    1.5488     |    0.2575
Density calculation took 0.568433s
Tau required
    2     | -1613.8562925015 |   2.8409e+00   |    1.4153     |    0.2240
Density calculation took 0.548665s
Tau required
    3     | -1613.6078501727 |   3.8718e+00   |    1.3911     |    0.2331
Density calculation took 0.548214s
Tau required
    4     | -1614.6352245461 |   1.0273e-01   |    1.3939     |    0.2244
Density calculation took 0.548416s
Tau required
    5     | -1614.6526118778 |   3.9511e-02   |    1.3883     |    0.2337
Density calculation took 0.548291s
Tau required
    6     | -1614.6622540145 |   4.3509e-03   |    1.3922     |    0.2261
Density calculation took 0.548615s
Tau required
    7     | -1614.6630862165 |   1.5325e-03   |    1.3894     |    0.2345
Density calculation took 0.548402s
Tau required
    8     | -1614.6634853980 |   2.1164e-04   |    1.3939     |    0.2272
Density calculation took 0.548428s
Tau required
    9     | -1614.6635393341 |   1.7934e-05   |    1.3887     |    0.2274
Density calculation took 0.548325s
Tau required
   10     | -1614.6635425812 |   6.9487e-06   |    1.3924     |    0.2271
Density calculation took 0.548510s
Tau required
   11     | -1614.6635444458 |   5.7799e-07   |    1.3915     |    0.2273
Density calculation took 0.548392s
Tau required
   12     | -1614.6635445693 |   1.4716e-07   |    1.3914     |    0.2270
Density calculation took 0.548366s
Tau required
   13     | -1614.6635446043 |   2.6602e-08   |    1.3893     |    0.2274
Density calculation took 0.548680s
Tau required
   14     | -1614.6635446109 |   2.6638e-09   |    1.3913     |    0.2274
Density calculation took 0.548587s
Tau required
   15     | -1614.6635446116 |   3.1610e-10   |    1.3891     |    0.2273
Density calculation took 0.548390s
Tau required
   16     | -1614.6635446116 |   2.5171e-10   |    1.3933     |    0.2270
Density calculation took 0.548544s
Tau required
   17     | -1614.6635446117 |   5.3749e-11   |    1.3900     |    0.2275
Created 725754 / 2702736 significant shell pairs
Created 562756 / 2056356 significant shell pairs
Total number of grid points: 368899 (5764 per atom)
One electron integrals and orthogonalizer took 0.050804s
Created 562756 / 2056356 significant shell pairs
3C integrals and B formation took 1.959230s
Iteration |      Energy      |  DIIS Metric   | Fock Time (s) | DIIS Time (s)
----------+------------------+----------------+---------------+--------------
Density calculation took 0.544742s
Tau required
    1     | -1624.8708433733 |   1.0004e+03   |    1.5451     |    0.2589
Density calculation took 0.578652s
Tau required
    2     | -1613.8489952504 |   2.8417e+00   |    1.4143     |    0.2240
Density calculation took 0.556227s
Tau required
    3     | -1613.5928694627 |   3.9008e+00   |    1.3969     |    0.2352
Density calculation took 0.556627s
Tau required
    4     | -1614.6196292192 |   1.2774e-01   |    1.3939     |    0.2251
Density calculation took 0.556683s
Tau required
    5     | -1614.6364900133 |   6.6168e-02   |    1.3975     |    0.2377
Density calculation took 0.556570s
Tau required
    6     | -1614.6532288455 |   7.9957e-03   |    1.3928     |    0.2254
Density calculation took 0.556501s
Tau required
    7     | -1614.6552199792 |   1.3702e-03   |    1.4003     |    0.2342
Density calculation took 0.556378s
Tau required
    8     | -1614.6555400294 |   2.9710e-04   |    1.3945     |    0.2267
Density calculation took 0.556363s
Tau required
    9     | -1614.6556169753 |   2.3632e-05   |    1.3962     |    0.2270
Density calculation took 0.556499s
Tau required
   10     | -1614.6556223312 |   5.1399e-06   |    1.3942     |    0.2265
Density calculation took 0.556513s
Tau required
   11     | -1614.6556236581 |   6.2280e-07   |    1.3966     |    0.2274
Density calculation took 0.556269s
Tau required
   12     | -1614.6556238038 |   1.4152e-07   |    1.3945     |    0.2270
Density calculation took 0.556194s
Tau required
   13     | -1614.6556238366 |   3.3747e-08   |    1.3973     |    0.2264
Density calculation took 0.556257s
Tau required
   14     | -1614.6556238456 |   3.8065e-09   |    1.3942     |    0.2271
Density calculation took 0.556311s
Tau required
   15     | -1614.6556238466 |   4.4305e-10   |    1.3979     |    0.2271
Density calculation took 0.556586s
Tau required
   16     | -1614.6556238466 |   3.6991e-10   |    1.3944     |    0.2268
Density calculation took 0.556370s
Tau required
   17     | -1614.6556238467 |   4.1423e-11   |    1.3964     |    0.2270
Created 704477 / 2702736 significant shell pairs
Created 545402 / 2056356 significant shell pairs
Total number of grid points: 368990 (5765 per atom)
One electron integrals and orthogonalizer took 0.049792s
Created 545402 / 2056356 significant shell pairs
3C integrals and B formation took 1.948298s
Iteration |      Energy      |  DIIS Metric   | Fock Time (s) | DIIS Time (s)
----------+------------------+----------------+---------------+--------------
Density calculation took 0.548324s
Tau required
    1     | -1624.8596265553 |   9.9792e+02   |    1.5307     |    0.2577
Density calculation took 0.580384s
Tau required
    2     | -1613.8504445452 |   2.8320e+00   |    1.4115     |    0.2241
Density calculation took 0.559288s
Tau required
    3     | -1613.6048705868 |   3.8323e+00   |    1.3906     |    0.2329
Density calculation took 0.558576s
Tau required
    4     | -1614.6156409504 |   1.4396e-01   |    1.3914     |    0.2244
Density calculation took 0.558826s
Tau required
    5     | -1614.6350341372 |   7.4849e-02   |    1.3911     |    0.2342
Density calculation took 0.558686s
Tau required
    6     | -1614.6550411634 |   6.3803e-03   |    1.3905     |    0.2258
Density calculation took 0.558894s
Tau required
    7     | -1614.6564850944 |   1.1169e-03   |    1.3899     |    0.2341
Density calculation took 0.558986s
Tau required
    8     | -1614.6566910585 |   4.0971e-04   |    1.3905     |    0.2273
Density calculation took 0.558682s
Tau required
    9     | -1614.6568046161 |   2.1643e-05   |    1.3868     |    0.2269
Density calculation took 0.558884s
Tau required
   10     | -1614.6568090356 |   5.3902e-06   |    1.3909     |    0.2275
Density calculation took 0.558976s
Tau required
   11     | -1614.6568104179 |   5.6342e-07   |    1.3890     |    0.2269
Density calculation took 0.558935s
Tau required
   12     | -1614.6568105534 |   8.1237e-08   |    1.3911     |    0.2268
Density calculation took 0.559099s
Tau required
   13     | -1614.6568105718 |   1.3713e-08   |    1.3903     |    0.2274
Density calculation took 0.558859s
Tau required
   14     | -1614.6568105749 |   2.9049e-09   |    1.3901     |    0.2266
Density calculation took 0.558815s
Tau required
   15     | -1614.6568105756 |   3.6218e-10   |    1.3923     |    0.2265
Density calculation took 0.558852s
Tau required
   16     | -1614.6568105756 |   4.0479e-10   |    1.3893     |    0.2258
Density calculation took 0.558824s
Tau required
   17     | -1614.6568105757 |   3.9928e-11   |    1.3893     |    0.2263
Created 714851 / 2702736 significant shell pairs
Created 554796 / 2056356 significant shell pairs
Total number of grid points: 369211 (5768 per atom)
One electron integrals and orthogonalizer took 0.049462s
Created 554796 / 2056356 significant shell pairs
3C integrals and B formation took 1.959634s
Iteration |      Energy      |  DIIS Metric   | Fock Time (s) | DIIS Time (s)
----------+------------------+----------------+---------------+--------------
Density calculation took 0.550343s
Tau required
    1     | -1624.8643208327 |   9.9770e+02   |    1.5407     |    0.2561
Density calculation took 0.583413s
Tau required
    2     | -1613.8639205581 |   2.8242e+00   |    1.4129     |    0.2239
Density calculation took 0.562095s
Tau required
    3     | -1613.6275976038 |   3.7804e+00   |    1.3929     |    0.2330
Density calculation took 0.562766s
Tau required
    4     | -1614.6382588778 |   1.1010e-01   |    1.3927     |    0.2238
Density calculation took 0.562649s
Tau required
    5     | -1614.6583119529 |   3.9082e-02   |    1.3943     |    0.2331
Density calculation took 0.562722s
Tau required
    6     | -1614.6674371320 |   5.3689e-03   |    1.3928     |    0.2258
Density calculation took 0.562969s
Tau required
    7     | -1614.6685170618 |   1.8678e-03   |    1.4135     |    0.2345
Density calculation took 0.562462s
Tau required
    8     | -1614.6690116231 |   3.1549e-04   |    1.3910     |    0.2280
Density calculation took 0.562582s
Tau required
    9     | -1614.6690911244 |   8.6125e-06   |    1.3922     |    0.2259
Density calculation took 0.562628s
Tau required
   10     | -1614.6690920733 |   4.5873e-06   |    1.3936     |    0.2268
Density calculation took 0.562516s
Tau required
   11     | -1614.6690933051 |   3.4509e-07   |    1.3938     |    0.2267
Density calculation took 0.562593s
Tau required
   12     | -1614.6690933761 |   1.0969e-07   |    1.3929     |    0.2268
Density calculation took 0.562598s
Tau required
   13     | -1614.6690934050 |   1.1817e-08   |    1.3924     |    0.2262
Density calculation took 0.562636s
Tau required
   14     | -1614.6690934075 |   2.6407e-09   |    1.3939     |    0.2262
Density calculation took 0.562673s
Tau required
   15     | -1614.6690934082 |   1.9425e-10   |    1.3926     |    0.2273
Density calculation took 0.562538s
Tau required
   16     | -1614.6690934082 |   1.6236e-10   |    1.3931     |    0.2274
Density calculation took 0.562659s
Tau required
   17     | -1614.6690934082 |   7.9220e-11   |    1.3928     |    0.2280
Created 769548 / 2702736 significant shell pairs
Created 596026 / 2056356 significant shell pairs
Total number of grid points: 369351 (5771 per atom)
One electron integrals and orthogonalizer took 0.050869s
Created 596026 / 2056356 significant shell pairs
3C integrals and B formation took 1.983647s
Iteration |      Energy      |  DIIS Metric   | Fock Time (s) | DIIS Time (s)
----------+------------------+----------------+---------------+--------------
Density calculation took 0.546212s
Tau required
    1     | -1624.8865423020 |   1.0054e+03   |    1.5231     |    0.2645
Density calculation took 0.575290s
Tau required
    2     | -1613.8484581336 |   2.8695e+00   |    1.3999     |    0.2230
Density calculation took 0.554373s
Tau required
    3     | -1613.4765889958 |   4.3180e+00   |    1.3792     |    0.2311
Density calculation took 0.553970s
Tau required
    4     | -1614.5299236407 |   4.5112e-01   |    1.3806     |    0.2251
Density calculation took 0.554233s
Tau required
    5     | -1614.6283842749 |   1.1972e-01   |    1.3804     |    0.2348
Density calculation took 0.554099s
Tau required
    6     | -1614.6572676096 |   1.8434e-02   |    1.3780     |    0.2263
Density calculation took 0.554746s
Tau required
    7     | -1614.6615134822 |   3.2915e-03   |    1.3780     |    0.2345
Density calculation took 0.554233s
Tau required
    8     | -1614.6621417340 |   1.1839e-03   |    1.3790     |    0.2277
Density calculation took 0.554227s
Tau required
    9     | -1614.6624792462 |   1.0175e-04   |    1.3787     |    0.2270
Density calculation took 0.554260s
Tau required
   10     | -1614.6625087844 |   1.2014e-05   |    1.3792     |    0.2274
Density calculation took 0.554298s
Tau required
   11     | -1614.6625116823 |   2.8115e-06   |    1.3775     |    0.2277
Density calculation took 0.554384s
Tau required
   12     | -1614.6625124516 |   2.1925e-07   |    1.3772     |    0.2272
Density calculation took 0.554391s
Tau required
   13     | -1614.6625124924 |   7.3974e-08   |    1.3789     |    0.2278
Density calculation took 0.554195s
Tau required
   14     | -1614.6625125121 |   6.9759e-09   |    1.3800     |    0.2267
Density calculation took 0.554410s
Tau required
   15     | -1614.6625125123 |   6.5291e-09   |    1.3795     |    0.2278
Density calculation took 0.554365s
Tau required
   16     | -1614.6625125139 |   8.9398e-10   |    1.3782     |    0.2306
Density calculation took 0.554377s
Tau required
   17     | -1614.6625125142 |   1.5507e-10   |    1.3775     |    0.2266
Density calculation took 0.554460s
Tau required
   18     | -1614.6625125142 |   7.4367e-11   |    1.3790     |    0.2274
Created 667457 / 2702736 significant shell pairs
Created 517261 / 2056356 significant shell pairs
Total number of grid points: 369582 (5774 per atom)
One electron integrals and orthogonalizer took 0.049511s
Created 517261 / 2056356 significant shell pairs
3C integrals and B formation took 1.942815s
Iteration |      Energy      |  DIIS Metric   | Fock Time (s) | DIIS Time (s)
----------+------------------+----------------+---------------+--------------
Density calculation took 0.550485s
Tau required
    1     | -1624.8463089064 |   9.9208e+02   |    1.7227     |    0.2583
Density calculation took 0.581346s
Tau required
    2     | -1613.8737922277 |   2.8155e+00   |    1.5000     |    0.2243
Density calculation took 0.560081s
Tau required
    3     | -1613.6549976326 |   3.6987e+00   |    1.4289     |    0.2317
Density calculation took 0.559768s
Tau required
    4     | -1614.6425990209 |   1.2481e-01   |    1.4290     |    0.2244
Density calculation took 0.560408s
Tau required
    5     | -1614.6643897941 |   4.7208e-02   |    1.4284     |    0.2336
Density calculation took 0.560298s
Tau required
    6     | -1614.6764207506 |   4.4172e-03   |    1.4290     |    0.2252
Density calculation took 0.559774s
Tau required
    7     | -1614.6773735779 |   1.1857e-03   |    1.4302     |    0.2352
Density calculation took 0.559914s
Tau required
    8     | -1614.6776787326 |   2.4054e-04   |    1.4300     |    0.2300
Density calculation took 0.559927s
Tau required
    9     | -1614.6777448998 |   1.0243e-05   |    1.4333     |    0.2270
Density calculation took 0.559872s
Tau required
   10     | -1614.6777456753 |   7.2866e-06   |    1.4285     |    0.2273
Density calculation took 0.559709s
Tau required
   11     | -1614.6777478784 |   4.3610e-07   |    1.4300     |    0.2284
Density calculation took 0.559957s
Tau required
   12     | -1614.6777479660 |   1.3547e-07   |    1.4315     |    0.2278
Density calculation took 0.560068s
Tau required
   13     | -1614.6777479979 |   2.6479e-08   |    1.4320     |    0.2265
Density calculation took 0.559954s
Tau required
   14     | -1614.6777480050 |   3.1146e-09   |    1.4279     |    0.2278
Density calculation took 0.560128s
Tau required
   15     | -1614.6777480059 |   2.6709e-10   |    1.4268     |    0.2289
Density calculation took 0.559813s
Tau required
   16     | -1614.6777480058 |   4.7006e-10   |    1.4294     |    0.2268
Density calculation took 0.560070s
Tau required
   17     | -1614.6777480059 |   6.5339e-11   |    1.4301     |    0.2273
Created 651631 / 2702736 significant shell pairs
Created 504554 / 2056356 significant shell pairs
Total number of grid points: 369665 (5776 per atom)
One electron integrals and orthogonalizer took 0.045035s
Created 504554 / 2056356 significant shell pairs
3C integrals and B formation took 1.884856s
Iteration |      Energy      |  DIIS Metric   | Fock Time (s) | DIIS Time (s)
----------+------------------+----------------+---------------+--------------
Density calculation took 0.547736s
Tau required
    1     | -1624.8430751627 |   9.8999e+02   |    1.5311     |    0.2561
Density calculation took 0.582388s
Tau required
    2     | -1613.8779429805 |   2.8183e+00   |    1.4161     |    0.2224
Density calculation took 0.561354s
Tau required
    3     | -1613.6566277577 |   3.7111e+00   |    1.3935     |    0.2308
Density calculation took 0.559694s
Tau required
    4     | -1614.6475238499 |   1.2990e-01   |    1.3957     |    0.2241
Density calculation took 0.559754s
Tau required
    5     | -1614.6728524324 |   3.7477e-02   |    1.3946     |    0.2396
Density calculation took 0.561071s
Tau required
    6     | -1614.6821065463 |   3.3682e-03   |    1.3946     |    0.2251
Density calculation took 0.561235s
Tau required
    7     | -1614.6827613158 |   1.0798e-03   |    1.3939     |    0.2337
Density calculation took 0.559949s
Tau required
    8     | -1614.6830210254 |   2.6895e-04   |    1.3935     |    0.2270
Density calculation took 0.559929s
Tau required
    9     | -1614.6831001698 |   9.5021e-06   |    1.3944     |    0.2276
Density calculation took 0.560985s
Tau required
   10     | -1614.6831007252 |   7.3429e-06   |    1.3934     |    0.2263
Density calculation took 0.561071s
Tau required
   11     | -1614.6831028588 |   4.0469e-07   |    1.3939     |    0.2275
Density calculation took 0.559850s
Tau required
   12     | -1614.6831029512 |   8.9588e-08   |    1.3932     |    0.2270
Density calculation took 0.560149s
Tau required
   13     | -1614.6831029708 |   2.0324e-08   |    1.3935     |    0.2270
Density calculation took 0.560701s
Tau required
   14     | -1614.6831029761 |   3.1422e-09   |    1.3951     |    0.2264
Density calculation took 0.561030s
Tau required
   15     | -1614.6831029770 |   2.7136e-10   |    1.3953     |    0.2261
Density calculation took 0.559905s
Tau required
   16     | -1614.6831029769 |   4.6836e-10   |    1.3937     |    0.2267
Density calculation took 0.560086s
Tau required
   17     | -1614.6831029770 |   7.6664e-11   |    1.3948     |    0.2266
Please cite the following papers for the methods used in this calculation:
 - J.L. Galvez Vallejo et. al., Toward an extreme-scale electronic structure system, J. Chem. Phys., 2023. DOI: 10.1063/5.0156399

 - R. Stocks, E. Palethorpe, and G.M.J. Barca, Multi-GPU RI-HF Energies and Analytic Gradients ─ Toward High-Throughput Ab Initio Molecular Dynamics, J. Chem. Theory Comput., 2024. DOI: 10.1021/acs.jctc.4c00877
   For:
     * RI-HF energy

 - S. Lehtola, C. Steigemann, M.J.T. Oliveira, and M.A.L. Marques, Recent developments in Libxc: A comprehensive library of functionals for density functional theory, SoftwareX, 2018. DOI: 10.1016/j.softx.2017.11.002
   For:
     * LibXC version 6.2.0

 - D.B. Williams-Young, W.A. de Jong, H.J.J. van Dam, and C. Yang, On the Efficient Evaluation of the Exchange Correlation Potential on Graphics Processing Unit Clusters, Frontiers in Chemistry, 2020. DOI: 10.3389/fchem.2020.581058
   For:
     * ExchCXX GPU implementation of exchange-correlation functionals

 - R. Stocks and G.M.J. Barca, Efficient Algorithms for GPU Accelerated Evaluation of the DFT Exchange-Correlation Functional, J. Chem. Theory Comput., 2025. DOI: 10.1021/acs.jctc.5c01229
   For:
     * GPU accelerated DFT exchange-correlation evaluation

 - J. Tao, J. P. Perdew, V. N. Staroverov, and G. E. Scuseria.,  Phys. Rev. Lett. 91, 146401 (2003) DOI: 10.1103/PhysRevLett.91.146401
   For:
     * MGGA_C_TPSS XC Functional
     * MGGA_X_TPSS XC Functional

[CRAYBLAS_WARNING] Application linked against multiple cray-libsci libraries
