Total number of grid points: 392545 (5772 per atom)
Density calculation took 0.657420s
Tau required
Density calculation took 0.644916s
Tau required
Density calculation took 0.623517s
Tau required
Density calculation took 0.623450s
Tau required
Density calculation took 0.624217s
Tau required
Density calculation took 0.623986s
Tau required
Density calculation took 0.624124s
Tau required
Density calculation took 0.624114s
Tau required
Density calculation took 0.624100s
Tau required
Density calculation took 0.624080s
Tau required
Density calculation took 0.624227s
Tau required
Density calculation took 0.624224s
Tau required
Density calculation took 0.624661s
Tau required
Density calculation took 0.624621s
Tau required
Density calculation took 0.624194s
Tau required
Density calculation took 0.624078s
Tau required
Density calculation took 0.624222s
Tau required
Total number of grid points: 393146 (5781 per atom)
Density calculation took 0.659523s
Tau required
Density calculation took 0.647425s
Tau required
Density calculation took 0.626269s
Tau required
Density calculation took 0.624925s
Tau required
Density calculation took 0.626366s
Tau required
Density calculation took 0.624925s
Tau required
Density calculation took 0.626727s
Tau required
Density calculation took 0.625632s
Tau required
Density calculation took 0.626573s
Tau required
Density calculation took 0.625251s
Tau required
Density calculation took 0.627079s
Tau required
Density calculation took 0.626054s
Tau required
Density calculation took 0.627291s
Tau required
Density calculation took 0.626287s
Tau required
Density calculation took 0.627340s
Tau required
Density calculation took 0.626153s
Tau required
Density calculation took 0.627120s
Tau required
Total number of grid points: 393002 (5779 per atom)
Density calculation took 0.664024s
Tau required
Density calculation took 0.650414s
Tau required
Density calculation took 0.628953s
Tau required
Density calculation took 0.628837s
Tau required
Density calculation took 0.629229s
Tau required
Density calculation took 0.628796s
Tau required
Density calculation took 0.629175s
Tau required
Density calculation took 0.629053s
Tau required
Density calculation took 0.628968s
Tau required
Density calculation took 0.628500s
Tau required
Density calculation took 0.629060s
Tau required
Density calculation took 0.629449s
Tau required
Density calculation took 0.629255s
Tau required
Density calculation took 0.629156s
Tau required
Density calculation took 0.628522s
Tau required
Density calculation took 0.629256s
Tau required
Density calculation took 0.629499s
Tau required
Total number of grid points: 392644 (5774 per atom)
Density calculation took 0.661319s
Tau required
Density calculation took 0.652043s
Tau required
Density calculation took 0.628539s
Tau required
Density calculation took 0.627930s
Tau required
Density calculation took 0.628307s
Tau required
Density calculation took 0.627889s
Tau required
Density calculation took 0.628547s
Tau required
Density calculation took 0.628138s
Tau required
Density calculation took 0.628545s
Tau required
Density calculation took 0.628535s
Tau required
Density calculation took 0.628716s
Tau required
Density calculation took 0.628686s
Tau required
Density calculation took 0.628392s
Tau required
Density calculation took 0.628282s
Tau required
Density calculation took 0.628340s
Tau required
Density calculation took 0.628627s
Tau required
Density calculation took 0.628736s
Tau required
Total number of grid points: 391686 (5760 per atom)
Density calculation took 0.687232s
Tau required
Density calculation took 0.648826s
Tau required
Density calculation took 0.625145s
Tau required
Density calculation took 0.625293s
Tau required
Density calculation took 0.624930s
Tau required
Density calculation took 0.625470s
Tau required
Density calculation took 0.625635s
Tau required
Density calculation took 0.625355s
Tau required
Density calculation took 0.625981s
Tau required
Density calculation took 0.625696s
Tau required
Density calculation took 0.625361s
Tau required
Density calculation took 0.625752s
Tau required
Density calculation took 0.625397s
Tau required
Density calculation took 0.626191s
Tau required
Density calculation took 0.625913s
Tau required
Density calculation took 0.625771s
Tau required
Density calculation took 0.625803s
Tau required
Total number of grid points: 391916 (5763 per atom)
Density calculation took 0.659577s
Tau required
Density calculation took 0.652315s
Tau required
Density calculation took 0.630312s
Tau required
Density calculation took 0.628560s
Tau required
Density calculation took 0.628857s
Tau required
Density calculation took 0.629051s
Tau required
Density calculation took 0.628419s
Tau required
Density calculation took 0.629306s
Tau required
Density calculation took 0.629595s
Tau required
Density calculation took 0.628847s
Tau required
Density calculation took 0.628937s
Tau required
Density calculation took 0.629349s
Tau required
Density calculation took 0.628715s
Tau required
Density calculation took 0.629382s
Tau required
Density calculation took 0.629141s
Tau required
Density calculation took 0.629540s
Tau required
Density calculation took 0.629157s
Tau required
Total number of grid points: 392519 (5772 per atom)
Density calculation took 0.683814s
Tau required
Density calculation took 0.656526s
Tau required
Density calculation took 0.631188s
Tau required
Density calculation took 0.633267s
Tau required
Density calculation took 0.631505s
Tau required
Density calculation took 0.633837s
Tau required
Density calculation took 0.632035s
Tau required
Density calculation took 0.633449s
Tau required
Density calculation took 0.632171s
Tau required
Density calculation took 0.633911s
Tau required
Density calculation took 0.631658s
Tau required
Density calculation took 0.634040s
Tau required
Density calculation took 0.632011s
Tau required
Density calculation took 0.633326s
Tau required
Density calculation took 0.631920s
Tau required
Density calculation took 0.634105s
Tau required
Density calculation took 0.632076s
Tau required
Total number of grid points: 392763 (5775 per atom)
Density calculation took 0.662179s
Tau required
Density calculation took 0.655601s
Tau required
Density calculation took 0.630039s
Tau required
Density calculation took 0.631387s
Tau required
Density calculation took 0.632405s
Tau required
Density calculation took 0.631250s
Tau required
Density calculation took 0.631495s
Tau required
Density calculation took 0.631382s
Tau required
Density calculation took 0.632392s
Tau required
Density calculation took 0.631907s
Tau required
Density calculation took 0.631686s
Tau required
Density calculation took 0.632653s
Tau required
Density calculation took 0.631583s
Tau required
Density calculation took 0.632279s
Tau required
Density calculation took 0.632233s
Tau required
Density calculation took 0.631314s
Tau required
Density calculation took 0.631754s
Tau required
Total number of grid points: 391750 (5761 per atom)
Density calculation took 0.687941s
Tau required
Density calculation took 0.650870s
Tau required
Density calculation took 0.629885s
Tau required
Density calculation took 0.628974s
Tau required
Density calculation took 0.628816s
Tau required
Density calculation took 0.629061s
Tau required
Density calculation took 0.629457s
Tau required
Density calculation took 0.629453s
Tau required
Density calculation took 0.629211s
Tau required
Density calculation took 0.629604s
Tau required
Density calculation took 0.629577s
Tau required
Density calculation took 0.629661s
Tau required
Density calculation took 0.629593s
Tau required
Density calculation took 0.629481s
Tau required
Density calculation took 0.629628s
Tau required
Density calculation took 0.629585s
Tau required
Density calculation took 0.629601s
Tau required
Total number of grid points: 392131 (5766 per atom)
Density calculation took 0.696199s
Tau required
Density calculation took 0.651942s
Tau required
Density calculation took 0.630838s
Tau required
Density calculation took 0.628243s
Tau required
Density calculation took 0.630921s
Tau required
Density calculation took 0.628960s
Tau required
Density calculation took 0.630423s
Tau required
Density calculation took 0.629099s
Tau required
Density calculation took 0.631217s
Tau required
Density calculation took 0.629415s
Tau required
Density calculation took 0.630802s
Tau required
Density calculation took 0.628544s
Tau required
Density calculation took 0.631145s
Tau required
Density calculation took 0.628488s
Tau required
Density calculation took 0.630592s
Tau required
Density calculation took 0.628626s
Tau required
Density calculation took 0.629974s
Tau required
Total number of grid points: 391924 (5763 per atom)
Density calculation took 0.695091s
Tau required
Density calculation took 0.653732s
Tau required
Density calculation took 0.632711s
Tau required
Density calculation took 0.630976s
Tau required
Density calculation took 0.632919s
Tau required
Density calculation took 0.630944s
Tau required
Density calculation took 0.632796s
Tau required
Density calculation took 0.630989s
Tau required
Density calculation took 0.632583s
Tau required
Density calculation took 0.630615s
Tau required
Density calculation took 0.632682s
Tau required
Density calculation took 0.630963s
Tau required
Density calculation took 0.632447s
Tau required
Density calculation took 0.630454s
Tau required
Density calculation took 0.632141s
Tau required
Density calculation took 0.630542s
Tau required
Density calculation took 0.632035s
Tau required
Total number of grid points: 392878 (5777 per atom)
Density calculation took 0.695537s
Tau required
Density calculation took 0.648525s
Tau required
Density calculation took 0.626849s
Tau required
Density calculation took 0.627335s
Tau required
Density calculation took 0.627249s
Tau required
Density calculation took 0.626654s
Tau required
Density calculation took 0.626906s
Tau required
Density calculation took 0.626660s
Tau required
Density calculation took 0.627205s
Tau required
Density calculation took 0.626604s
Tau required
Density calculation took 0.627093s
Tau required
Density calculation took 0.627269s
Tau required
Density calculation took 0.627397s
Tau required
Density calculation took 0.626782s
Tau required
Density calculation took 0.627205s
Tau required
Density calculation took 0.627111s
Tau required
Density calculation took 0.627501s
Tau required
Total number of grid points: 392502 (5772 per atom)
Density calculation took 0.694449s
Tau required
Density calculation took 0.652072s
Tau required
Density calculation took 0.629438s
Tau required
Density calculation took 0.629572s
Tau required
Density calculation took 0.629506s
Tau required
Density calculation took 0.629493s
Tau required
Density calculation took 0.629423s
Tau required
Density calculation took 0.629910s
Tau required
Density calculation took 0.629415s
Tau required
Density calculation took 0.630124s
Tau required
Density calculation took 0.629669s
Tau required
Density calculation took 0.629749s
Tau required
Density calculation took 0.629756s
Tau required
Density calculation took 0.629763s
Tau required
Density calculation took 0.629888s
Tau required
Density calculation took 0.629775s
Tau required
Density calculation took 0.629738s
Tau required
Total number of grid points: 392811 (5776 per atom)
Density calculation took 0.659207s
Tau required
Density calculation took 0.652511s
Tau required
Density calculation took 0.630372s
Tau required
Density calculation took 0.630086s
Tau required
Density calculation took 0.630633s
Tau required
Density calculation took 0.630580s
Tau required
Density calculation took 0.630107s
Tau required
Density calculation took 0.630523s
Tau required
Density calculation took 0.630885s
Tau required
Density calculation took 0.630831s
Tau required
Density calculation took 0.631146s
Tau required
Density calculation took 0.630242s
Tau required
Density calculation took 0.630637s
Tau required
Density calculation took 0.630752s
Tau required
Density calculation took 0.630589s
Tau required
Density calculation took 0.630669s
Tau required
Density calculation took 0.631102s
Tau required
Total number of grid points: 393016 (5779 per atom)
Density calculation took 0.686862s
Tau required
Density calculation took 0.656400s
Tau required
Density calculation took 0.630403s
Tau required
Density calculation took 0.632355s
Tau required
Density calculation took 0.630844s
Tau required
Density calculation took 0.633000s
Tau required
Density calculation took 0.630669s
Tau required
Density calculation took 0.632993s
Tau required
Density calculation took 0.631445s
Tau required
Density calculation took 0.632917s
Tau required
Density calculation took 0.631018s
Tau required
Density calculation took 0.632362s
Tau required
Density calculation took 0.631070s
Tau required
Density calculation took 0.632935s
Tau required
Density calculation took 0.630980s
Tau required
Density calculation took 0.633127s
Tau required
Density calculation took 0.630947s
Tau required
Total number of grid points: 391957 (5764 per atom)
Density calculation took 0.701783s
Tau required
Density calculation took 0.655791s
Tau required
Density calculation took 0.630853s
Tau required
Density calculation took 0.630791s
Tau required
Density calculation took 0.630413s
Tau required
Density calculation took 0.630941s
Tau required
Density calculation took 0.630962s
Tau required
Density calculation took 0.631071s
Tau required
Density calculation took 0.630890s
Tau required
Density calculation took 0.631180s
Tau required
Density calculation took 0.630456s
Tau required
Density calculation took 0.630636s
Tau required
Density calculation took 0.630651s
Tau required
Density calculation took 0.630976s
Tau required
Density calculation took 0.631186s
Tau required
Density calculation took 0.630799s
Tau required
Density calculation took 0.631193s
Tau required
Total number of grid points: 392780 (5776 per atom)
Density calculation took 0.697074s
Tau required
Density calculation took 0.656583s
Tau required
Density calculation took 0.629638s
Tau required
Density calculation took 0.631273s
Tau required
Density calculation took 0.629782s
Tau required
Density calculation took 0.631119s
Tau required
Density calculation took 0.629707s
Tau required
Density calculation took 0.631960s
Tau required
Density calculation took 0.630405s
Tau required
Density calculation took 0.631535s
Tau required
Density calculation took 0.630200s
Tau required
Density calculation took 0.632336s
Tau required
Density calculation took 0.630343s
Tau required
Density calculation took 0.632277s
Tau required
Density calculation took 0.631102s
Tau required
Density calculation took 0.632018s
Tau required
Density calculation took 0.630302s
Tau required
Total number of grid points: 392154 (5766 per atom)
Density calculation took 0.657243s
Tau required
Density calculation took 0.657545s
Tau required
Density calculation took 0.631986s
Tau required
Density calculation took 0.633315s
Tau required
Density calculation took 0.631251s
Tau required
Density calculation took 0.633310s
Tau required
Density calculation took 0.631521s
Tau required
Density calculation took 0.634170s
Tau required
Density calculation took 0.630850s
Tau required
Density calculation took 0.632671s
Tau required
Density calculation took 0.631405s
Tau required
Density calculation took 0.632631s
Tau required
Density calculation took 0.630986s
Tau required
Density calculation took 0.632267s
Tau required
Density calculation took 0.631051s
Tau required
Density calculation took 0.632318s
Tau required
Density calculation took 0.630699s
Tau required
Total number of grid points: 392878 (5777 per atom)
Density calculation took 0.655245s
Tau required
Density calculation took 0.650454s
Tau required
Density calculation took 0.628678s
Tau required
Density calculation took 0.628541s
Tau required
Density calculation took 0.628396s
Tau required
Density calculation took 0.628498s
Tau required
Density calculation took 0.628533s
Tau required
Density calculation took 0.628651s
Tau required
Density calculation took 0.628332s
Tau required
Density calculation took 0.628180s
Tau required
Density calculation took 0.628110s
Tau required
Density calculation took 0.627928s
Tau required
Density calculation took 0.627906s
Tau required
Density calculation took 0.628553s
Tau required
Density calculation took 0.627995s
Tau required
Density calculation took 0.627270s
Tau required
Density calculation took 0.627478s
Tau required
Total number of grid points: 392402 (5770 per atom)
Density calculation took 0.654386s
Tau required
Density calculation took 0.649537s
Tau required
Density calculation took 0.626242s
Tau required
Density calculation took 0.624287s
Tau required
Density calculation took 0.624497s
Tau required
Density calculation took 0.624154s
Tau required
Density calculation took 0.624040s
Tau required
Density calculation took 0.624589s
Tau required
Density calculation took 0.624492s
Tau required
Density calculation took 0.624508s
Tau required
Density calculation took 0.624627s
Tau required
Density calculation took 0.624288s
Tau required
Density calculation took 0.624197s
Tau required
Density calculation took 0.624821s
Tau required
Density calculation took 0.624275s
Tau required
Density calculation took 0.624696s
Tau required
Density calculation took 0.624232s
Tau required
Density calculation took 0.624913s
Tau required
[CRAYBLAS_WARNING] Application linked against multiple cray-libsci libraries
        -6070.55503748
XC Energy:                -249.067865
Converged:                1
# of SCF iterations:      17
SCF Time:                 35.317s

=======================================================
            Individual Calculation Summary             
=======================================================
HF Energy: -1692.1104444048539790
=======================================================


Topology 9 time: 35.523543 s, performance: SP: 0 FLOP/s, DP: 31.33 TFLOP/s
JSON file written to: json_logs/lustre_orion_chm213_scratch_ryan_dhdft_inputs_exess_exess_inputs_TPSS_def2-TZVP_isomers_30720-30739_topology_9.json
************************************************************
**************** Running topology 11 of 20 *****************
************************************************************

************************************************************
******* Beginning RI-MGGA_C_TPSS+MGGA_X_TPSS energy ********
************************************************************

=======================================================
        MGGA_C_TPSS+MGGA_X_TPSS Energy Results         
=======================================================
E MGGA_C_TPSS+MGGA_X_TPSS: -1692.11557162
Nuclear Repulsion Energy: 4571.81665501
Electronic Energy:        -6014.86451145
XC Energy:                -249.067715
Converged:                1
# of SCF iterations:      17
SCF Time:                 35.355s

=======================================================
            Individual Calculation Summary             
=======================================================
HF Energy: -1692.1155716190442035
=======================================================


Topology 10 time: 35.555359 s, performance: SP: 0 FLOP/s, DP: 31.35 TFLOP/s
JSON file written to: json_logs/lustre_orion_chm213_scratch_ryan_dhdft_inputs_exess_exess_inputs_TPSS_def2-TZVP_isomers_30720-30739_topology_10.json
************************************************************
**************** Running topology 12 of 20 *****************
************************************************************

************************************************************
******* Beginning RI-MGGA_C_TPSS+MGGA_X_TPSS energy ********
************************************************************

=======================================================
        MGGA_C_TPSS+MGGA_X_TPSS Energy Results         
=======================================================
E MGGA_C_TPSS+MGGA_X_TPSS: -1692.11729191
Nuclear Repulsion Energy: 4648.68238556
Electronic Energy:        -6091.73025434
XC Energy:                -249.069423
Converged:                1
# of SCF iterations:      17
SCF Time:                 35.162s

=======================================================
            Individual Calculation Summary             
=======================================================
HF Energy: -1692.1172919148739311
=======================================================


Topology 11 time: 35.368680 s, performance: SP: 0 FLOP/s, DP: 31.5 TFLOP/s
JSON file written to: json_logs/lustre_orion_chm213_scratch_ryan_dhdft_inputs_exess_exess_inputs_TPSS_def2-TZVP_isomers_30720-30739_topology_11.json
************************************************************
**************** Running topology 13 of 20 *****************
************************************************************

************************************************************
******* Beginning RI-MGGA_C_TPSS+MGGA_X_TPSS energy ********
************************************************************

=======================================================
        MGGA_C_TPSS+MGGA_X_TPSS Energy Results         
=======================================================
E MGGA_C_TPSS+MGGA_X_TPSS: -1692.12664393
Nuclear Repulsion Energy: 4491.41353883
Electronic Energy:        -5934.4733069
XC Energy:                -249.066876
Converged:                1
# of SCF iterations:      17
SCF Time:                 35.397s

=======================================================
            Individual Calculation Summary             
=======================================================
HF Energy: -1692.1266439272985735
=======================================================


Topology 12 time: 35.592965 s, performance: SP: 0 FLOP/s, DP: 31.31 TFLOP/s
JSON file written to: json_logs/lustre_orion_chm213_scratch_ryan_dhdft_inputs_exess_exess_inputs_TPSS_def2-TZVP_isomers_30720-30739_topology_12.json
************************************************************
**************** Running topology 14 of 20 *****************
************************************************************

************************************************************
******* Beginning RI-MGGA_C_TPSS+MGGA_X_TPSS energy ********
************************************************************

=======================================================
        MGGA_C_TPSS+MGGA_X_TPSS Energy Results         
=======================================================
E MGGA_C_TPSS+MGGA_X_TPSS: -1692.13926732
Nuclear Repulsion Energy: 4433.60750996
Electronic Energy:        -5876.68083166
XC Energy:                -249.065946
Converged:                1
# of SCF iterations:      17
SCF Time:                 35.07s

=======================================================
            Individual Calculation Summary             
=======================================================
HF Energy: -1692.1392673152315638
=======================================================


Topology 13 time: 35.260901 s, performance: SP: 0 FLOP/s, DP: 31.64 TFLOP/s
JSON file written to: json_logs/lustre_orion_chm213_scratch_ryan_dhdft_inputs_exess_exess_inputs_TPSS_def2-TZVP_isomers_30720-30739_topology_13.json
************************************************************
**************** Running topology 15 of 20 *****************
************************************************************

************************************************************
******* Beginning RI-MGGA_C_TPSS+MGGA_X_TPSS energy ********
************************************************************

=======================================================
        MGGA_C_TPSS+MGGA_X_TPSS Energy Results         
=======================================================
E MGGA_C_TPSS+MGGA_X_TPSS: -1692.12441839
Nuclear Repulsion Energy: 4581.24554914
Electronic Energy:        -6024.29763163
XC Energy:                -249.072336
Converged:                1
# of SCF iterations:      17
SCF Time:                 35.408s

=======================================================
            Individual Calculation Summary             
=======================================================
HF Energy: -1692.1244183886828978
=======================================================


Topology 14 time: 35.611870 s, performance: SP: 0 FLOP/s, DP: 31.28 TFLOP/s
JSON file written to: json_logs/lustre_orion_chm213_scratch_ryan_dhdft_inputs_exess_exess_inputs_TPSS_def2-TZVP_isomers_30720-30739_topology_14.json
************************************************************
**************** Running topology 16 of 20 *****************
************************************************************

************************************************************
******* Beginning RI-MGGA_C_TPSS+MGGA_X_TPSS energy ********
************************************************************

=======================================================
        MGGA_C_TPSS+MGGA_X_TPSS Energy Results         
=======================================================
E MGGA_C_TPSS+MGGA_X_TPSS: -1692.11420281
Nuclear Repulsion Energy: 4599.53115481
Electronic Energy:        -6042.57711728
XC Energy:                -249.068240
Converged:                1
# of SCF iterations:      17
SCF Time:                 35.492s

=======================================================
            Individual Calculation Summary             
=======================================================
HF Energy: -1692.1142028063759426
=======================================================


Topology 15 time: 35.697876 s, performance: SP: 0 FLOP/s, DP: 31.22 TFLOP/s
JSON file written to: json_logs/lustre_orion_chm213_scratch_ryan_dhdft_inputs_exess_exess_inputs_TPSS_def2-TZVP_isomers_30720-30739_topology_15.json
************************************************************
**************** Running topology 17 of 20 *****************
************************************************************

************************************************************
******* Beginning RI-MGGA_C_TPSS+MGGA_X_TPSS energy ********
************************************************************

=======================================================
        MGGA_C_TPSS+MGGA_X_TPSS Energy Results         
=======================================================
E MGGA_C_TPSS+MGGA_X_TPSS: -1692.1266791
Nuclear Repulsion Energy: 4512.85696887
Electronic Energy:        -5955.91306009
XC Energy:                -249.070588
Converged:                1
# of SCF iterations:      17
SCF Time:                 35.493s

=======================================================
            Individual Calculation Summary             
=======================================================
HF Energy: -1692.1266791047169136
=======================================================


Topology 16 time: 35.690684 s, performance: SP: 0 FLOP/s, DP: 31.24 TFLOP/s
JSON file written to: json_logs/lustre_orion_chm213_scratch_ryan_dhdft_inputs_exess_exess_inputs_TPSS_def2-TZVP_isomers_30720-30739_topology_16.json
************************************************************
**************** Running topology 18 of 20 *****************
************************************************************

************************************************************
******* Beginning RI-MGGA_C_TPSS+MGGA_X_TPSS energy ********
************************************************************

=======================================================
        MGGA_C_TPSS+MGGA_X_TPSS Energy Results         
=======================================================
E MGGA_C_TPSS+MGGA_X_TPSS: -1692.12928259
Nuclear Repulsion Energy: 4442.8500576
Electronic Energy:        -5885.9159486
XC Energy:                -249.063392
Converged:                1
# of SCF iterations:      17
SCF Time:                 35.332s

=======================================================
            Individual Calculation Summary             
=======================================================
HF Energy: -1692.1292825932152937
=======================================================


Topology 17 time: 35.527359 s, performance: SP: 0 FLOP/s, DP: 31.38 TFLOP/s
JSON file written to: json_logs/lustre_orion_chm213_scratch_ryan_dhdft_inputs_exess_exess_inputs_TPSS_def2-TZVP_isomers_30720-30739_topology_17.json
************************************************************
**************** Running topology 19 of 20 *****************
************************************************************

************************************************************
******* Beginning RI-MGGA_C_TPSS+MGGA_X_TPSS energy ********
************************************************************

=======================================================
        MGGA_C_TPSS+MGGA_X_TPSS Energy Results         
=======================================================
E MGGA_C_TPSS+MGGA_X_TPSS: -1692.10954752
Nuclear Repulsion Energy: 4547.25951455
Electronic Energy:        -5990.30468791
XC Energy:                -249.064374
Converged:                1
# of SCF iterations:      17
SCF Time:                 35.199s

=======================================================
            Individual Calculation Summary             
=======================================================
HF Energy: -1692.1095475213419377
=======================================================


Topology 18 time: 35.398248 s, performance: SP: 0 FLOP/s, DP: 31.47 TFLOP/s
JSON file written to: json_logs/lustre_orion_chm213_scratch_ryan_dhdft_inputs_exess_exess_inputs_TPSS_def2-TZVP_isomers_30720-30739_topology_18.json
************************************************************
**************** Running topology 20 of 20 *****************
************************************************************

************************************************************
******* Beginning RI-MGGA_C_TPSS+MGGA_X_TPSS energy ********
************************************************************

=======================================================
        MGGA_C_TPSS+MGGA_X_TPSS Energy Results         
=======================================================
E MGGA_C_TPSS+MGGA_X_TPSS: -1692.12865706
Nuclear Repulsion Energy: 4721.43030629
Electronic Energy:        -6164.48476788
XC Energy:                -249.074195
Converged:                1
# of SCF iterations:      18
SCF Time:                 37.12s

=======================================================
            Individual Calculation Summary             
=======================================================
HF Energy: -1692.1286570618497080
=======================================================


Topology 19 time: 37.334657 s, performance: SP: 0 FLOP/s, DP: 31.41 TFLOP/s
JSON file written to: json_logs/lustre_orion_chm213_scratch_ryan_dhdft_inputs_exess_exess_inputs_TPSS_def2-TZVP_isomers_30720-30739_topology_19.json
Total flops: SP: 0 FLOPS, DP: 22.342984 PFLOPS
Performance: SP: 0 FLOP/s, DP: 30.96 TFLOP/s

Now, a word from our sponsors... 
 I am become AMD, destroyer of EXESS. 

[31mTotal processing time 721.983435 seconds[0m
[CRAYBLAS_WARNING] Application linked against multiple cray-libsci libraries
+00   |    1.6324     |    0.2907
Density calculation took 0.606958s
Tau required
    4     | -1692.0818865911 |   1.5351e-01   |    1.6301     |    0.2803
Density calculation took 0.607812s
Tau required
    5     | -1692.1007865858 |   8.5639e-02   |    1.6310     |    0.2907
Density calculation took 0.607739s
Tau required
    6     | -1692.1243987818 |   7.9537e-03   |    1.6323     |    0.2829
Density calculation took 0.607928s
Tau required
    7     | -1692.1263979453 |   8.4356e-04   |    1.6322     |    0.2911
Density calculation took 0.607783s
Tau required
    8     | -1692.1265675187 |   2.5859e-04   |    1.6328     |    0.2825
Density calculation took 0.608015s
Tau required
    9     | -1692.1266384805 |   1.8318e-05   |    1.6327     |    0.2838
Density calculation took 0.607955s
Tau required
   10     | -1692.1266424747 |   4.9174e-06   |    1.6309     |    0.2829
Density calculation took 0.608207s
Tau required
   11     | -1692.1266438121 |   3.9360e-07   |    1.6348     |    0.2831
Density calculation took 0.607251s
Tau required
   12     | -1692.1266438996 |   9.5967e-08   |    1.6350     |    0.2835
Density calculation took 0.608145s
Tau required
   13     | -1692.1266439227 |   1.6272e-08   |    1.6324     |    0.2799
Density calculation took 0.607380s
Tau required
   14     | -1692.1266439263 |   3.6332e-09   |    1.6317     |    0.2798
Density calculation took 0.608288s
Tau required
   15     | -1692.1266439272 |   2.9095e-10   |    1.6342     |    0.2806
Density calculation took 0.607561s
Tau required
   16     | -1692.1266439272 |   4.6485e-10   |    1.6327     |    0.2784
Density calculation took 0.608446s
Tau required
   17     | -1692.1266439273 |   3.0194e-11   |    1.6345     |    0.2806
Created 670295 / 2985984 significant shell pairs
Created 519547 / 2274064 significant shell pairs
Total number of grid points: 392763 (5775 per atom)
One electron integrals and orthogonalizer took 0.051397s
Created 519547 / 2274064 significant shell pairs
3C integrals and B formation took 2.142172s
Iteration |      Energy      |  DIIS Metric   | Fock Time (s) | DIIS Time (s)
----------+------------------+----------------+---------------+--------------
Density calculation took 0.649957s
Tau required
    1     | -1702.6689175371 |   1.0314e+03   |    1.8220     |    0.3125
Density calculation took 0.633121s
Tau required
    2     | -1691.2756460494 |   3.0429e+00   |    1.6650     |    0.2780
Density calculation took 0.611051s
Tau required
    3     | -1691.0286163865 |   4.0597e+00   |    1.6208     |    0.2868
Density calculation took 0.611426s
Tau required
    4     | -1692.1108857434 |   1.0433e-01   |    1.6151     |    0.2786
Density calculation took 0.611715s
Tau required
    5     | -1692.1284723625 |   3.9439e-02   |    1.6183     |    0.2906
Density calculation took 0.611282s
Tau required
    6     | -1692.1381170176 |   3.9816e-03   |    1.6179     |    0.2807
Density calculation took 0.611760s
Tau required
    7     | -1692.1389825119 |   9.4173e-04   |    1.6180     |    0.2911
Density calculation took 0.611803s
Tau required
    8     | -1692.1391964114 |   2.2559e-04   |    1.6135     |    0.2831
Density calculation took 0.611809s
Tau required
    9     | -1692.1392628863 |   1.4640e-05   |    1.6142     |    0.2826
Density calculation took 0.611747s
Tau required
   10     | -1692.1392660496 |   4.4305e-06   |    1.6152     |    0.2808
Density calculation took 0.611845s
Tau required
   11     | -1692.1392672297 |   2.9320e-07   |    1.6186     |    0.2824
Density calculation took 0.611727s
Tau required
   12     | -1692.1392672870 |   9.6106e-08   |    1.6156     |    0.2787
Density calculation took 0.612398s
Tau required
   13     | -1692.1392673116 |   1.2849e-08   |    1.6176     |    0.2795
Density calculation took 0.611896s
Tau required
   14     | -1692.1392673145 |   2.7325e-09   |    1.6183     |    0.2821
Density calculation took 0.612178s
Tau required
   15     | -1692.1392673152 |   2.7778e-10   |    1.6221     |    0.2823
Density calculation took 0.612237s
Tau required
   16     | -1692.1392673151 |   4.7622e-10   |    1.6202     |    0.2793
Density calculation took 0.611935s
Tau required
   17     | -1692.1392673152 |   7.3789e-11   |    1.6194     |    0.2770
Created 716674 / 2985984 significant shell pairs
Created 556005 / 2274064 significant shell pairs
Total number of grid points: 392767 (5775 per atom)
One electron integrals and orthogonalizer took 0.052855s
Created 556005 / 2274064 significant shell pairs
3C integrals and B formation took 2.195896s
Iteration |      Energy      |  DIIS Metric   | Fock Time (s) | DIIS Time (s)
----------+------------------+----------------+---------------+--------------
Density calculation took 0.653198s
Tau required
    1     | -1702.6835329106 |   1.0375e+03   |    1.8420     |    0.3155
Density calculation took 0.631285s
Tau required
    2     | -1691.2587970896 |   3.0563e+00   |    1.6791     |    0.2792
Density calculation took 0.611585s
Tau required
    3     | -1690.9780359672 |   4.2059e+00   |    1.6313     |    0.2907
Density calculation took 0.612544s
Tau required
    4     | -1692.0876975486 |   1.3223e-01   |    1.6350     |    0.2824
Density calculation took 0.612591s
Tau required
    5     | -1692.1077338125 |   5.9816e-02   |    1.6289     |    0.2909
Density calculation took 0.610743s
Tau required
    6     | -1692.1223512421 |   7.1873e-03   |    1.6358     |    0.2828
Density calculation took 0.613007s
Tau required
    7     | -1692.1240306314 |   1.3234e-03   |    1.6300     |    0.2914
Density calculation took 0.612804s
Tau required
    8     | -1692.1243229099 |   3.2989e-04   |    1.6376     |    0.2839
Density calculation took 0.610675s
Tau required
    9     | -1692.1244116616 |   2.3125e-05   |    1.6292     |    0.2796
Density calculation took 0.613365s
Tau required
   10     | -1692.1244172075 |   4.0186e-06   |    1.6383     |    0.2803
Density calculation took 0.611017s
Tau required
   11     | -1692.1244182077 |   5.6742e-07   |    1.6291     |    0.2801
Density calculation took 0.613106s
Tau required
   12     | -1692.1244183322 |   1.8407e-07   |    1.6366     |    0.2812
Density calculation took 0.610934s
Tau required
   13     | -1692.1244183816 |   2.4881e-08   |    1.6291     |    0.2812
Density calculation took 0.612679s
Tau required
   14     | -1692.1244183879 |   2.9064e-09   |    1.6377     |    0.2782
Density calculation took 0.610961s
Tau required
   15     | -1692.1244183886 |   3.5143e-10   |    1.6301     |    0.2801
Density calculation took 0.613077s
Tau required
   16     | -1692.1244183886 |   3.3356e-10   |    1.6347     |    0.2820
Density calculation took 0.611499s
Tau required
   17     | -1692.1244183887 |   4.9319e-11   |    1.6284     |    0.2822
Created 723153 / 2985984 significant shell pairs
Created 561253 / 2274064 significant shell pairs
Total number of grid points: 392416 (5770 per atom)
One electron integrals and orthogonalizer took 0.052364s
Created 561253 / 2274064 significant shell pairs
3C integrals and B formation took 2.227128s
Iteration |      Energy      |  DIIS Metric   | Fock Time (s) | DIIS Time (s)
----------+------------------+----------------+---------------+--------------
Density calculation took 0.656863s
Tau required
    1     | -1702.6752444293 |   1.0377e+03   |    1.8721     |    0.3151
Density calculation took 0.632257s
Tau required
    2     | -1691.2516869240 |   3.0364e+00   |    1.6775     |    0.2793
Density calculation took 0.610822s
Tau required
    3     | -1690.9813303471 |   4.1474e+00   |    1.6375     |    0.2867
Density calculation took 0.610948s
Tau required
    4     | -1692.0768229830 |   1.3483e-01   |    1.6353     |    0.2787
Density calculation took 0.611377s
Tau required
    5     | -1692.0951956006 |   6.5613e-02   |    1.6372     |    0.2873
Density calculation took 0.612157s
Tau required
    6     | -1692.1122461712 |   6.8411e-03   |    1.6291     |    0.2833
Density calculation took 0.611824s
Tau required
    7     | -1692.1139056811 |   1.0054e-03   |    1.6361     |    0.2915
Density calculation took 0.611293s
Tau required
    8     | -1692.1140940708 |   3.4422e-04   |    1.6354     |    0.2823
Density calculation took 0.612018s
Tau required
    9     | -1692.1141954882 |   2.4804e-05   |    1.6320     |    0.2830
Density calculation took 0.611220s
Tau required
   10     | -1692.1142008420 |   7.1159e-06   |    1.6294     |    0.2847
Density calculation took 0.612074s
Tau required
   11     | -1692.1142025354 |   9.2395e-07   |    1.6324     |    0.2847
Density calculation took 0.611444s
Tau required
   12     | -1692.1142027597 |   1.6305e-07   |    1.6321     |    0.2839
Density calculation took 0.612266s
Tau required
   13     | -1692.1142028001 |   2.2182e-08   |    1.6357     |    0.2830
Density calculation took 0.611603s
Tau required
   14     | -1692.1142028057 |   2.3474e-09   |    1.6330     |    0.2818
Density calculation took 0.612176s
Tau required
   15     | -1692.1142028063 |   4.5299e-10   |    1.6383     |    0.2813
Density calculation took 0.611660s
Tau required
   16     | -1692.1142028063 |   4.7300e-10   |    1.6302     |    0.2837
Density calculation took 0.612255s
Tau required
   17     | -1692.1142028064 |   5.3500e-11   |    1.6324     |    0.2838
Created 694475 / 2985984 significant shell pairs
Created 538380 / 2274064 significant shell pairs
Total number of grid points: 392848 (5777 per atom)
One electron integrals and orthogonalizer took 0.051575s
Created 538380 / 2274064 significant shell pairs
3C integrals and B formation took 2.180121s
Iteration |      Energy      |  DIIS Metric   | Fock Time (s) | DIIS Time (s)
----------+------------------+----------------+---------------+--------------
Density calculation took 0.663739s
Tau required
    1     | -1702.6809393883 |   1.0356e+03   |    1.8577     |    0.3143
Density calculation took 0.628364s
Tau required
    2     | -1691.2634666521 |   3.0422e+00   |    1.6746     |    0.2806
Density calculation took 0.602477s
Tau required
    3     | -1691.0029305294 |   4.1208e+00   |    1.6395     |    0.2908
Density calculation took 0.602329s
Tau required
    4     | -1692.0995811198 |   9.9112e-02   |    1.6343     |    0.2806
Density calculation took 0.601766s
Tau required
    5     | -1692.1152132367 |   4.1327e-02   |    1.6381     |    0.2925
Density calculation took 0.602563s
Tau required
    6     | -1692.1255041263 |   4.0455e-03   |    1.6324     |    0.2861
Density calculation took 0.602217s
Tau required
    7     | -1692.1263113814 |   1.2382e-03   |    1.6379     |    0.2934
Density calculation took 0.602551s
Tau required
    8     | -1692.1266091998 |   2.3187e-04   |    1.6339     |    0.2845
Density calculation took 0.602402s
Tau required
    9     | -1692.1266751006 |   1.3450e-05   |    1.6370     |    0.2831
Density calculation took 0.602638s
Tau required
   10     | -1692.1266781026 |   3.5985e-06   |    1.6356     |    0.2836
Density calculation took 0.602124s
Tau required
   11     | -1692.1266790210 |   2.9440e-07   |    1.6390     |    0.2835
Density calculation took 0.602546s
Tau required
   12     | -1692.1266790633 |   1.3401e-07   |    1.6342     |    0.2821
Density calculation took 0.602658s
Tau required
   13     | -1692.1266791002 |   1.5476e-08   |    1.6367     |    0.2839
Density calculation took 0.602713s
Tau required
   14     | -1692.1266791042 |   1.9919e-09   |    1.6326     |    0.2854
Density calculation took 0.602791s
Tau required
   15     | -1692.1266791047 |   2.5471e-10   |    1.6381     |    0.2852
Density calculation took 0.602764s
Tau required
   16     | -1692.1266791046 |   3.8188e-10   |    1.6349     |    0.2846
Density calculation took 0.602716s
Tau required
   17     | -1692.1266791047 |   6.6536e-11   |    1.6396     |    0.2836
Created 675471 / 2985984 significant shell pairs
Created 523357 / 2274064 significant shell pairs
Total number of grid points: 392387 (5770 per atom)
One electron integrals and orthogonalizer took 0.052581s
Created 523357 / 2274064 significant shell pairs
3C integrals and B formation took 2.147494s
Iteration |      Energy      |  DIIS Metric   | Fock Time (s) | DIIS Time (s)
----------+------------------+----------------+---------------+--------------
Density calculation took 0.660728s
Tau required
    1     | -1702.6647996973 |   1.0326e+03   |    1.8273     |    0.3159
Density calculation took 0.638330s
Tau required
    2     | -1691.2674429596 |   3.0285e+00   |    1.6766     |    0.2810
Density calculation took 0.614916s
Tau required
    3     | -1691.0195388635 |   4.0406e+00   |    1.6285     |    0.2921
Density calculation took 0.615372s
Tau required
    4     | -1692.0994937814 |   1.0882e-01   |    1.6350     |    0.2843
Density calculation took 0.615858s
Tau required
    5     | -1692.1176898457 |   4.2086e-02   |    1.6270     |    0.2910
Density calculation took 0.617851s
Tau required
    6     | -1692.1278456699 |   5.0101e-03   |    1.6357     |    0.2823
Density calculation took 0.616015s
Tau required
    7     | -1692.1289831719 |   9.9117e-04   |    1.6295     |    0.2905
Density calculation took 0.617687s
Tau required
    8     | -1692.1292012452 |   2.5793e-04   |    1.6353     |    0.2791
Density calculation took 0.617700s
Tau required
    9     | -1692.1292774798 |   1.6090e-05   |    1.6283     |    0.2805
Density calculation took 0.616117s
Tau required
   10     | -1692.1292808984 |   5.7497e-06   |    1.6359     |    0.2835
Density calculation took 0.617868s
Tau required
   11     | -1692.1292825100 |   3.0093e-07   |    1.6303     |    0.2800
Density calculation took 0.616251s
Tau required
   12     | -1692.1292825650 |   1.0158e-07   |    1.6319     |    0.2843
Density calculation took 0.618603s
Tau required
   13     | -1692.1292825901 |   1.1685e-08   |    1.6256     |    0.2830
Density calculation took 0.616242s
Tau required
   14     | -1692.1292825924 |   2.8777e-09   |    1.6347     |    0.2810
Density calculation took 0.618238s
Tau required
   15     | -1692.1292825931 |   3.4199e-10   |    1.6303     |    0.2844
Density calculation took 0.616519s
Tau required
   16     | -1692.1292825931 |   4.5191e-10   |    1.6352     |    0.2838
Density calculation took 0.618517s
Tau required
   17     | -1692.1292825932 |   9.1171e-11   |    1.6262     |    0.2831
Created 705799 / 2985984 significant shell pairs
Created 547309 / 2274064 significant shell pairs
Total number of grid points: 392454 (5771 per atom)
One electron integrals and orthogonalizer took 0.053016s
Created 547309 / 2274064 significant shell pairs
3C integrals and B formation took 2.200310s
Iteration |      Energy      |  DIIS Metric   | Fock Time (s) | DIIS Time (s)
----------+------------------+----------------+---------------+--------------
Density calculation took 0.655357s
Tau required
    1     | -1702.6659875585 |   1.0351e+03   |    1.8297     |    0.3188
Density calculation took 0.627534s
Tau required
    2     | -1691.2506527691 |   3.0200e+00   |    1.6640     |    0.2793
Density calculation took 0.606465s
Tau required
    3     | -1690.9971524618 |   4.0776e+00   |    1.6212     |    0.2904
Density calculation took 0.606649s
Tau required
    4     | -1692.0788298269 |   1.1350e-01   |    1.6219     |    0.2811
Density calculation took 0.607115s
Tau required
    5     | -1692.0954747940 |   4.8346e-02   |    1.6191     |    0.2909
Density calculation took 0.607086s
Tau required
    6     | -1692.1078986929 |   5.4966e-03   |    1.6185     |    0.2816
Density calculation took 0.607240s
Tau required
    7     | -1692.1092820413 |   8.7195e-04   |    1.6132     |    0.2907
Density calculation took 0.607321s
Tau required
    8     | -1692.1094539389 |   2.9923e-04   |    1.6186     |    0.2839
Density calculation took 0.606789s
Tau required
    9     | -1692.1095415830 |   1.8980e-05   |    1.6165     |    0.2841
Density calculation took 0.607143s
Tau required
   10     | -1692.1095453966 |   7.0163e-06   |    1.6179     |    0.2807
Density calculation took 0.607548s
Tau required
   11     | -1692.1095474033 |   4.1187e-07   |    1.6205     |    0.2839
Density calculation took 0.607087s
Tau required
   12     | -1692.1095474848 |   1.2924e-07   |    1.6193     |    0.2825
Density calculation took 0.607448s
Tau required
   13     | -1692.1095475173 |   1.4889e-08   |    1.6189     |    0.2819
Density calculation took 0.607210s
Tau required
   14     | -1692.1095475207 |   2.1285e-09   |    1.6229     |    0.2846
Density calculation took 0.607770s
Tau required
   15     | -1692.1095475213 |   2.5249e-10   |    1.6201     |    0.2817
Density calculation took 0.607038s
Tau required
   16     | -1692.1095475212 |   3.4090e-10   |    1.6181     |    0.2826
Density calculation took 0.607210s
Tau required
   17     | -1692.1095475213 |   3.9286e-11   |    1.6157     |    0.2812
Created 763571 / 2985984 significant shell pairs
Created 592564 / 2274064 significant shell pairs
Total number of grid points: 392376 (5770 per atom)
One electron integrals and orthogonalizer took 0.052905s
Created 592564 / 2274064 significant shell pairs
3C integrals and B formation took 2.249435s
Iteration |      Energy      |  DIIS Metric   | Fock Time (s) | DIIS Time (s)
----------+------------------+----------------+---------------+--------------
Density calculation took 0.659252s
Tau required
    1     | -1702.6932884984 |   1.0412e+03   |    1.8244     |    0.3185
Density calculation took 0.638431s
Tau required
    2     | -1691.2553450162 |   3.0863e+00   |    1.6667     |    0.2823
Density calculation took 0.615141s
Tau required
    3     | -1690.8885016429 |   4.5143e+00   |    1.6272     |    0.2887
Density calculation took 0.616813s
Tau required
    4     | -1692.0234207731 |   3.5573e-01   |    1.6233     |    0.2797
Density calculation took 0.617046s
Tau required
    5     | -1692.0951038368 |   1.1711e-01   |    1.6190     |    0.2885
Density calculation took 0.615628s
Tau required
    6     | -1692.1252706213 |   1.2092e-02   |    1.6219     |    0.2817
Density calculation took 0.616985s
Tau required
    7     | -1692.1280917414 |   1.9300e-03   |    1.6184     |    0.2945
Density calculation took 0.615830s
Tau required
    8     | -1692.1284513289 |   7.0207e-04   |    1.6124     |    0.2855
Density calculation took 0.617303s
Tau required
    9     | -1692.1286424311 |   4.9695e-05   |    1.6192     |    0.2830
Density calculation took 0.617162s
Tau required
   10     | -1692.1286549912 |   7.1296e-06   |    1.6201     |    0.2851
Density calculation took 0.617200s
Tau required
   11     | -1692.1286564705 |   2.0349e-06   |    1.6153     |    0.2810
Density calculation took 0.617452s
Tau required
   12     | -1692.1286570231 |   1.3233e-07   |    1.6188     |    0.2790
Density calculation took 0.617019s
Tau required
   13     | -1692.1286570454 |   5.5734e-08   |    1.6151     |    0.2788
Density calculation took 0.617490s
Tau required
   14     | -1692.1286570605 |   4.4555e-09   |    1.6176     |    0.2748
Density calculation took 0.617460s
Tau required
   15     | -1692.1286570611 |   2.5213e-09   |    1.6144     |    0.2777
Density calculation took 0.617532s
Tau required
   16     | -1692.1286570618 |   3.5839e-10   |    1.6138     |    0.2826
Density calculation took 0.617512s
Tau required
   17     | -1692.1286570618 |   1.1012e-10   |    1.6120     |    0.2782
Density calculation took 0.617629s
Tau required
   18     | -1692.1286570618 |   3.1479e-11   |    1.6175     |    0.2808
Please cite the following papers for the methods used in this calculation:
 - J.L. Galvez Vallejo et. al., Toward an extreme-scale electronic structure system, J. Chem. Phys., 2023. DOI: 10.1063/5.0156399

 - R. Stocks, E. Palethorpe, and G.M.J. Barca, Multi-GPU RI-HF Energies and Analytic Gradients ─ Toward High-Throughput Ab Initio Molecular Dynamics, J. Chem. Theory Comput., 2024. DOI: 10.1021/acs.jctc.4c00877
   For:
     * RI-HF energy

 - S. Lehtola, C. Steigemann, M.J.T. Oliveira, and M.A.L. Marques, Recent developments in Libxc: A comprehensive library of functionals for density functional theory, SoftwareX, 2018. DOI: 10.1016/j.softx.2017.11.002
   For:
     * LibXC version 6.2.0

 - D.B. Williams-Young, W.A. de Jong, H.J.J. van Dam, and C. Yang, On the Efficient Evaluation of the Exchange Correlation Potential on Graphics Processing Unit Clusters, Frontiers in Chemistry, 2020. DOI: 10.3389/fchem.2020.581058
   For:
     * ExchCXX GPU implementation of exchange-correlation functionals

 - R. Stocks and G.M.J. Barca, Efficient Algorithms for GPU Accelerated Evaluation of the DFT Exchange-Correlation Functional, J. Chem. Theory Comput., 2025. DOI: 10.1021/acs.jctc.5c01229
   For:
     * GPU accelerated DFT exchange-correlation evaluation

 - J. Tao, J. P. Perdew, V. N. Staroverov, and G. E. Scuseria.,  Phys. Rev. Lett. 91, 146401 (2003) DOI: 10.1103/PhysRevLett.91.146401
   For:
     * MGGA_C_TPSS XC Functional
     * MGGA_X_TPSS XC Functional

[CRAYBLAS_WARNING] Application linked against multiple cray-libsci libraries
