Total number of grid points: 358165 (5776 per atom)
Density calculation took 0.569473s
Tau required
Density calculation took 0.538680s
Tau required
Density calculation took 0.518228s
Tau required
Density calculation took 0.518071s
Tau required
Density calculation took 0.518099s
Tau required
Density calculation took 0.518509s
Tau required
Density calculation took 0.518659s
Tau required
Density calculation took 0.518580s
Tau required
Density calculation took 0.518654s
Tau required
Density calculation took 0.518724s
Tau required
Density calculation took 0.519076s
Tau required
Density calculation took 0.518791s
Tau required
Density calculation took 0.518963s
Tau required
Density calculation took 0.519339s
Tau required
Density calculation took 0.519292s
Tau required
Density calculation took 0.519513s
Tau required
Density calculation took 0.519303s
Tau required
Total number of grid points: 358241 (5778 per atom)
Density calculation took 0.560679s
Tau required
Density calculation took 0.546795s
Tau required
Density calculation took 0.525447s
Tau required
Density calculation took 0.525796s
Tau required
Density calculation took 0.525626s
Tau required
Density calculation took 0.525661s
Tau required
Density calculation took 0.525844s
Tau required
Density calculation took 0.526077s
Tau required
Density calculation took 0.526436s
Tau required
Density calculation took 0.526132s
Tau required
Density calculation took 0.526344s
Tau required
Density calculation took 0.526471s
Tau required
Density calculation took 0.526213s
Tau required
Density calculation took 0.526709s
Tau required
Density calculation took 0.526632s
Tau required
Density calculation took 0.526192s
Tau required
Density calculation took 0.526287s
Tau required
Total number of grid points: 357881 (5772 per atom)
Density calculation took 0.562140s
Tau required
Density calculation took 0.544008s
Tau required
Density calculation took 0.523185s
Tau required
Density calculation took 0.523495s
Tau required
Density calculation took 0.523472s
Tau required
Density calculation took 0.523625s
Tau required
Density calculation took 0.523561s
Tau required
Density calculation took 0.523610s
Tau required
Density calculation took 0.523377s
Tau required
Density calculation took 0.523888s
Tau required
Density calculation took 0.523461s
Tau required
Density calculation took 0.523455s
Tau required
Density calculation took 0.523719s
Tau required
Density calculation took 0.524178s
Tau required
Density calculation took 0.523816s
Tau required
Density calculation took 0.523883s
Tau required
Density calculation took 0.524162s
Tau required
Total number of grid points: 357475 (5765 per atom)
Density calculation took 0.550802s
Tau required
Density calculation took 0.544350s
Tau required
Density calculation took 0.524601s
Tau required
Density calculation took 0.524772s
Tau required
Density calculation took 0.524902s
Tau required
Density calculation took 0.525046s
Tau required
Density calculation took 0.525026s
Tau required
Density calculation took 0.525083s
Tau required
Density calculation took 0.525185s
Tau required
Density calculation took 0.525181s
Tau required
Density calculation took 0.525036s
Tau required
Density calculation took 0.525452s
Tau required
Density calculation took 0.525303s
Tau required
Density calculation took 0.524946s
Tau required
Density calculation took 0.525069s
Tau required
Density calculation took 0.525494s
Tau required
Density calculation took 0.525004s
Tau required
Total number of grid points: 358012 (5774 per atom)
Density calculation took 0.568805s
Tau required
Density calculation took 0.540020s
Tau required
Density calculation took 0.520126s
Tau required
Density calculation took 0.520051s
Tau required
Density calculation took 0.520375s
Tau required
Density calculation took 0.520365s
Tau required
Density calculation took 0.519946s
Tau required
Density calculation took 0.520311s
Tau required
Density calculation took 0.520446s
Tau required
Density calculation took 0.520521s
Tau required
Density calculation took 0.520605s
Tau required
Density calculation took 0.520232s
Tau required
Density calculation took 0.520371s
Tau required
Density calculation took 0.520690s
Tau required
Density calculation took 0.520208s
Tau required
Density calculation took 0.520289s
Tau required
Density calculation took 0.520549s
Tau required
Total number of grid points: 357391 (5764 per atom)
Density calculation took 0.558179s
Tau required
Density calculation took 0.542395s
Tau required
Density calculation took 0.521903s
Tau required
Density calculation took 0.522305s
Tau required
Density calculation took 0.521752s
Tau required
Density calculation took 0.522209s
Tau required
Density calculation took 0.521851s
Tau required
Density calculation took 0.521699s
Tau required
Density calculation took 0.522168s
Tau required
Density calculation took 0.522435s
Tau required
Density calculation took 0.522350s
Tau required
Density calculation took 0.522549s
Tau required
Density calculation took 0.522274s
Tau required
Density calculation took 0.522156s
Tau required
Density calculation took 0.522527s
Tau required
Density calculation took 0.522489s
Tau required
Density calculation took 0.522325s
Tau required
Total number of grid points: 357981 (5773 per atom)
Density calculation took 0.567204s
Tau required
Density calculation took 0.537529s
Tau required
Density calculation took 0.518343s
Tau required
Density calculation took 0.518931s
Tau required
Density calculation took 0.517483s
Tau required
Density calculation took 0.519110s
Tau required
Density calculation took 0.518434s
Tau required
Density calculation took 0.518135s
Tau required
Density calculation took 0.518397s
Tau required
Density calculation took 0.517827s
Tau required
Density calculation took 0.518703s
Tau required
Density calculation took 0.518725s
Tau required
Density calculation took 0.519146s
Tau required
Density calculation took 0.518469s
Tau required
Density calculation took 0.518173s
Tau required
Density calculation took 0.518981s
Tau required
Density calculation took 0.519193s
Tau required
Total number of grid points: 357566 (5767 per atom)
Density calculation took 0.560188s
Tau required
Density calculation took 0.540788s
Tau required
Density calculation took 0.518370s
Tau required
Density calculation took 0.518459s
Tau required
Density calculation took 0.518354s
Tau required
Density calculation took 0.517919s
Tau required
Density calculation took 0.518363s
Tau required
Density calculation took 0.518386s
Tau required
Density calculation took 0.518492s
Tau required
Density calculation took 0.518482s
Tau required
Density calculation took 0.518707s
Tau required
Density calculation took 0.518833s
Tau required
Density calculation took 0.518316s
Tau required
Density calculation took 0.518512s
Tau required
Density calculation took 0.518487s
Tau required
Density calculation took 0.518509s
Tau required
Density calculation took 0.518189s
Tau required
Total number of grid points: 358796 (5787 per atom)
Density calculation took 0.545500s
Tau required
Density calculation took 0.541283s
Tau required
Density calculation took 0.521992s
Tau required
Density calculation took 0.522058s
Tau required
Density calculation took 0.521678s
Tau required
Density calculation took 0.522377s
Tau required
Density calculation took 0.522321s
Tau required
Density calculation took 0.522284s
Tau required
Density calculation took 0.522143s
Tau required
Density calculation took 0.522343s
Tau required
Density calculation took 0.522156s
Tau required
Density calculation took 0.522031s
Tau required
Density calculation took 0.521962s
Tau required
Density calculation took 0.522281s
Tau required
Density calculation took 0.522455s
Tau required
Density calculation took 0.522370s
Tau required
Density calculation took 0.522538s
Tau required
Total number of grid points: 357008 (5758 per atom)
Density calculation took 0.558452s
Tau required
Density calculation took 0.537171s
Tau required
Density calculation took 0.514910s
Tau required
Density calculation took 0.516033s
Tau required
Density calculation took 0.516753s
Tau required
Density calculation took 0.516094s
Tau required
Density calculation took 0.517237s
Tau required
Density calculation took 0.516762s
Tau required
Density calculation took 0.516878s
Tau required
Density calculation took 0.516546s
Tau required
Density calculation took 0.517213s
Tau required
Density calculation took 0.516465s
Tau required
Density calculation took 0.517226s
Tau required
Density calculation took 0.516783s
Tau required
Density calculation took 0.517479s
Tau required
Density calculation took 0.517335s
Tau required
Density calculation took 0.517345s
Tau required
Total number of grid points: 358255 (5778 per atom)
Density calculation took 0.554335s
Tau required
Density calculation took 0.536789s
Tau required
Density calculation took 0.518440s
Tau required
Density calculation took 0.516876s
Tau required
Density calculation took 0.519015s
Tau required
Density calculation took 0.517387s
Tau required
Density calculation took 0.518880s
Tau required
Density calculation took 0.517384s
Tau required
Density calculation took 0.518089s
Tau required
Density calculation took 0.516675s
Tau required
Density calculation took 0.518722s
Tau required
Density calculation took 0.516428s
Tau required
Density calculation took 0.519352s
Tau required
Density calculation took 0.517744s
Tau required
Density calculation took 0.519379s
Tau required
Density calculation took 0.516498s
Tau required
Density calculation took 0.519172s
Tau required
Total number of grid points: 357923 (5772 per atom)
Density calculation took 0.561921s
Tau required
Density calculation took 0.544073s
Tau required
Density calculation took 0.523697s
Tau required
Density calculation took 0.523759s
Tau required
Density calculation took 0.523885s
Tau required
Density calculation took 0.523749s
Tau required
Density calculation took 0.523390s
Tau required
Density calculation took 0.523936s
Tau required
Density calculation took 0.523952s
Tau required
Density calculation took 0.523756s
Tau required
Density calculation took 0.523842s
Tau required
Density calculation took 0.523454s
Tau required
Density calculation took 0.524398s
Tau required
Density calculation took 0.523897s
Tau required
Density calculation took 0.523647s
Tau required
Density calculation took 0.523959s
Tau required
Density calculation took 0.523678s
Tau required
Total number of grid points: 356718 (5753 per atom)
Density calculation took 0.566934s
Tau required
Density calculation took 0.544696s
Tau required
Density calculation took 0.523963s
Tau required
Density calculation took 0.524333s
Tau required
Density calculation took 0.524480s
Tau required
Density calculation took 0.523902s
Tau required
Density calculation took 0.524366s
Tau required
Density calculation took 0.524790s
Tau required
Density calculation took 0.524119s
Tau required
Density calculation took 0.524570s
Tau required
Density calculation took 0.524476s
Tau required
Density calculation took 0.524168s
Tau required
Density calculation took 0.524643s
Tau required
Density calculation took 0.524605s
Tau required
Density calculation took 0.524606s
Tau required
Density calculation took 0.524539s
Tau required
Density calculation took 0.524738s
Tau required
Total number of grid points: 357745 (5770 per atom)
Density calculation took 0.560587s
Tau required
Density calculation took 0.549948s
Tau required
Density calculation took 0.526001s
Tau required
Density calculation took 0.526444s
Tau required
Density calculation took 0.526149s
Tau required
Density calculation took 0.526635s
Tau required
Density calculation took 0.526605s
Tau required
Density calculation took 0.526243s
Tau required
Density calculation took 0.526593s
Tau required
Density calculation took 0.526456s
Tau required
Density calculation took 0.526695s
Tau required
Density calculation took 0.526351s
Tau required
Density calculation took 0.526695s
Tau required
Density calculation took 0.526856s
Tau required
Density calculation took 0.526669s
Tau required
Density calculation took 0.526671s
Tau required
Density calculation took 0.526432s
Tau required
Total number of grid points: 357979 (5773 per atom)
Density calculation took 0.559062s
Tau required
Density calculation took 0.544113s
Tau required
Density calculation took 0.523495s
Tau required
Density calculation took 0.523025s
Tau required
Density calculation took 0.523357s
Tau required
Density calculation took 0.523384s
Tau required
Density calculation took 0.523103s
Tau required
Density calculation took 0.523686s
Tau required
Density calculation took 0.523632s
Tau required
Density calculation took 0.523846s
Tau required
Density calculation took 0.523736s
Tau required
Density calculation took 0.523640s
Tau required
Density calculation took 0.524059s
Tau required
Density calculation took 0.523715s
Tau required
Density calculation took 0.523373s
Tau required
Total number of grid points: 357627 (5768 per atom)
Density calculation took 0.563226s
Tau required
Density calculation took 0.541069s
Tau required
Density calculation took 0.520280s
Tau required
Density calculation took 0.520327s
Tau required
Density calculation took 0.520441s
Tau required
Density calculation took 0.521047s
Tau required
Density calculation took 0.520544s
Tau required
Density calculation took 0.520878s
Tau required
Density calculation took 0.520965s
Tau required
Density calculation took 0.520832s
Tau required
Density calculation took 0.520959s
Tau required
Density calculation took 0.521300s
Tau required
Density calculation took 0.521441s
Tau required
Density calculation took 0.521048s
Tau required
Density calculation took 0.521114s
Tau required
Density calculation took 0.520972s
Tau required
Density calculation took 0.521214s
Tau required
Total number of grid points: 357946 (5773 per atom)
Density calculation took 0.561188s
Tau required
Density calculation took 0.538674s
Tau required
Density calculation took 0.516267s
Tau required
Density calculation took 0.516252s
Tau required
Density calculation took 0.515674s
Tau required
Density calculation took 0.516985s
Tau required
Density calculation took 0.517088s
Tau required
Density calculation took 0.517050s
Tau required
Density calculation took 0.517101s
Tau required
Density calculation took 0.516896s
Tau required
Density calculation took 0.517327s
Tau required
Density calculation took 0.517385s
Tau required
Density calculation took 0.517321s
Tau required
Density calculation took 0.516978s
Tau required
Density calculation took 0.516816s
Tau required
Density calculation took 0.516438s
Tau required
Density calculation took 0.517717s
Tau required
Total number of grid points: 357295 (5762 per atom)
Density calculation took 0.546223s
Tau required
Density calculation took 0.539096s
Tau required
Density calculation took 0.518213s
Tau required
Density calculation took 0.518573s
Tau required
Density calculation took 0.518166s
Tau required
Density calculation took 0.518782s
Tau required
Density calculation took 0.518876s
Tau required
Density calculation took 0.518778s
Tau required
Density calculation took 0.518633s
Tau required
Density calculation took 0.518954s
Tau required
Density calculation took 0.518037s
Tau required
Density calculation took 0.518912s
Tau required
Density calculation took 0.518730s
Tau required
Density calculation took 0.518832s
Tau required
Density calculation took 0.518494s
Tau required
Density calculation took 0.518480s
Tau required
Density calculation took 0.518954s
Tau required
Total number of grid points: 357772 (5770 per atom)
Density calculation took 0.563520s
Tau required
Density calculation took 0.543583s
Tau required
Density calculation took 0.524032s
Tau required
Density calculation took 0.524031s
Tau required
Density calculation took 0.524063s
Tau required
Density calculation took 0.523812s
Tau required
Density calculation took 0.523559s
Tau required
Density calculation took 0.523969s
Tau required
Density calculation took 0.524003s
Tau required
Density calculation took 0.524023s
Tau required
Density calculation took 0.524189s
Tau required
Density calculation took 0.523728s
Tau required
Density calculation took 0.524281s
Tau required
Density calculation took 0.524479s
Tau required
Density calculation took 0.524123s
Tau required
Density calculation took 0.523913s
Tau required
Density calculation took 0.523958s
Tau required
Total number of grid points: 358264 (5778 per atom)
Density calculation took 0.568373s
Tau required
Density calculation took 0.541273s
Tau required
Density calculation took 0.521261s
Tau required
Density calculation took 0.521355s
Tau required
Density calculation took 0.521612s
Tau required
Density calculation took 0.521632s
Tau required
Density calculation took 0.521225s
Tau required
Density calculation took 0.521818s
Tau required
Density calculation took 0.521815s
Tau required
Density calculation took 0.521630s
Tau required
Density calculation took 0.521431s
Tau required
Density calculation took 0.521585s
Tau required
Density calculation took 0.521613s
Tau required
Density calculation took 0.521719s
Tau required
Density calculation took 0.521699s
Tau required
Density calculation took 0.521648s
Tau required
Density calculation took 0.521898s
Tau required
[CRAYBLAS_WARNING] Application linked against multiple cray-libsci libraries
=====================
E MGGA_C_TPSS+MGGA_X_TPSS: -1538.42230791
Nuclear Repulsion Energy: 3931.00165315
Electronic Energy:        -5242.94063829
XC Energy:                -226.483323
Converged:                1
# of SCF iterations:      17
SCF Time:                 26.284s

=======================================================
            Individual Calculation Summary             
=======================================================
HF Energy: -1538.4223079129012604
=======================================================


Topology 9 time: 26.453254 s, performance: SP: 0 FLOP/s, DP: 31.79 TFLOP/s
JSON file written to: json_logs/lustre_orion_chm213_scratch_ryan_dhdft_inputs_exess_exess_inputs_TPSS_def2-TZVP_isomers_6660-6679_topology_9.json
************************************************************
**************** Running topology 11 of 20 *****************
************************************************************

************************************************************
******* Beginning RI-MGGA_C_TPSS+MGGA_X_TPSS energy ********
************************************************************

=======================================================
        MGGA_C_TPSS+MGGA_X_TPSS Energy Results         
=======================================================
E MGGA_C_TPSS+MGGA_X_TPSS: -1538.41749868
Nuclear Repulsion Energy: 3965.57114036
Electronic Energy:        -5277.50163859
XC Energy:                -226.487000
Converged:                1
# of SCF iterations:      17
SCF Time:                 26.209s

=======================================================
            Individual Calculation Summary             
=======================================================
HF Energy: -1538.4174986819159585
=======================================================


Topology 10 time: 26.381213 s, performance: SP: 0 FLOP/s, DP: 31.88 TFLOP/s
JSON file written to: json_logs/lustre_orion_chm213_scratch_ryan_dhdft_inputs_exess_exess_inputs_TPSS_def2-TZVP_isomers_6660-6679_topology_10.json
************************************************************
**************** Running topology 12 of 20 *****************
************************************************************

************************************************************
******* Beginning RI-MGGA_C_TPSS+MGGA_X_TPSS energy ********
************************************************************

=======================================================
        MGGA_C_TPSS+MGGA_X_TPSS Energy Results         
=======================================================
E MGGA_C_TPSS+MGGA_X_TPSS: -1538.41736346
Nuclear Repulsion Energy: 3866.50515813
Electronic Energy:        -5178.44265294
XC Energy:                -226.479869
Converged:                1
# of SCF iterations:      17
SCF Time:                 26.168s

=======================================================
            Individual Calculation Summary             
=======================================================
HF Energy: -1538.4173634649177984
=======================================================


Topology 11 time: 26.333061 s, performance: SP: 0 FLOP/s, DP: 31.97 TFLOP/s
JSON file written to: json_logs/lustre_orion_chm213_scratch_ryan_dhdft_inputs_exess_exess_inputs_TPSS_def2-TZVP_isomers_6660-6679_topology_11.json
************************************************************
**************** Running topology 13 of 20 *****************
************************************************************

************************************************************
******* Beginning RI-MGGA_C_TPSS+MGGA_X_TPSS energy ********
************************************************************

=======================================================
        MGGA_C_TPSS+MGGA_X_TPSS Energy Results         
=======================================================
E MGGA_C_TPSS+MGGA_X_TPSS: -1538.40601769
Nuclear Repulsion Energy: 3929.73805366
Electronic Energy:        -5241.6661849
XC Energy:                -226.477886
Converged:                1
# of SCF iterations:      17
SCF Time:                 26.167s

=======================================================
            Individual Calculation Summary             
=======================================================
HF Energy: -1538.4060176902867170
=======================================================


Topology 12 time: 26.335360 s, performance: SP: 0 FLOP/s, DP: 31.92 TFLOP/s
JSON file written to: json_logs/lustre_orion_chm213_scratch_ryan_dhdft_inputs_exess_exess_inputs_TPSS_def2-TZVP_isomers_6660-6679_topology_12.json
************************************************************
**************** Running topology 14 of 20 *****************
************************************************************

************************************************************
******* Beginning RI-MGGA_C_TPSS+MGGA_X_TPSS energy ********
************************************************************

=======================================================
        MGGA_C_TPSS+MGGA_X_TPSS Energy Results         
=======================================================
E MGGA_C_TPSS+MGGA_X_TPSS: -1538.38902375
Nuclear Repulsion Energy: 4022.70426292
Electronic Energy:        -5334.61739845
XC Energy:                -226.475888
Converged:                1
# of SCF iterations:      17
SCF Time:                 26.444s

=======================================================
            Individual Calculation Summary             
=======================================================
HF Energy: -1538.3890237521616200
=======================================================


Topology 13 time: 26.620022 s, performance: SP: 0 FLOP/s, DP: 31.54 TFLOP/s
JSON file written to: json_logs/lustre_orion_chm213_scratch_ryan_dhdft_inputs_exess_exess_inputs_TPSS_def2-TZVP_isomers_6660-6679_topology_13.json
************************************************************
**************** Running topology 15 of 20 *****************
************************************************************

************************************************************
******* Beginning RI-MGGA_C_TPSS+MGGA_X_TPSS energy ********
************************************************************

=======================================================
        MGGA_C_TPSS+MGGA_X_TPSS Energy Results         
=======================================================
E MGGA_C_TPSS+MGGA_X_TPSS: -1538.40123792
Nuclear Repulsion Energy: 3929.66986425
Electronic Energy:        -5241.60041921
XC Energy:                -226.470683
Converged:                1
# of SCF iterations:      15
SCF Time:                 23.349s

=======================================================
            Individual Calculation Summary             
=======================================================
HF Energy: -1538.4012379215719193
=======================================================


Topology 14 time: 23.518849 s, performance: SP: 0 FLOP/s, DP: 31.84 TFLOP/s
JSON file written to: json_logs/lustre_orion_chm213_scratch_ryan_dhdft_inputs_exess_exess_inputs_TPSS_def2-TZVP_isomers_6660-6679_topology_14.json
************************************************************
**************** Running topology 16 of 20 *****************
************************************************************

************************************************************
******* Beginning RI-MGGA_C_TPSS+MGGA_X_TPSS energy ********
************************************************************

=======================================================
        MGGA_C_TPSS+MGGA_X_TPSS Energy Results         
=======================================================
E MGGA_C_TPSS+MGGA_X_TPSS: -1538.40723747
Nuclear Repulsion Energy: 3930.45472496
Electronic Energy:        -5242.38413589
XC Energy:                -226.477827
Converged:                1
# of SCF iterations:      17
SCF Time:                 26.164s

=======================================================
            Individual Calculation Summary             
=======================================================
HF Energy: -1538.4072374725733425
=======================================================


Topology 15 time: 26.332920 s, performance: SP: 0 FLOP/s, DP: 31.97 TFLOP/s
JSON file written to: json_logs/lustre_orion_chm213_scratch_ryan_dhdft_inputs_exess_exess_inputs_TPSS_def2-TZVP_isomers_6660-6679_topology_15.json
************************************************************
**************** Running topology 17 of 20 *****************
************************************************************

************************************************************
******* Beginning RI-MGGA_C_TPSS+MGGA_X_TPSS energy ********
************************************************************

=======================================================
        MGGA_C_TPSS+MGGA_X_TPSS Energy Results         
=======================================================
E MGGA_C_TPSS+MGGA_X_TPSS: -1538.41631618
Nuclear Repulsion Energy: 3882.74303495
Electronic Energy:        -5194.6793917
XC Energy:                -226.479959
Converged:                1
# of SCF iterations:      17
SCF Time:                 26.036s

=======================================================
            Individual Calculation Summary             
=======================================================
HF Energy: -1538.4163161801977822
=======================================================


Topology 16 time: 26.201530 s, performance: SP: 0 FLOP/s, DP: 32.18 TFLOP/s
JSON file written to: json_logs/lustre_orion_chm213_scratch_ryan_dhdft_inputs_exess_exess_inputs_TPSS_def2-TZVP_isomers_6660-6679_topology_16.json
************************************************************
**************** Running topology 18 of 20 *****************
************************************************************

************************************************************
******* Beginning RI-MGGA_C_TPSS+MGGA_X_TPSS energy ********
************************************************************

=======================================================
        MGGA_C_TPSS+MGGA_X_TPSS Energy Results         
=======================================================
E MGGA_C_TPSS+MGGA_X_TPSS: -1538.4158727
Nuclear Repulsion Energy: 3929.43322944
Electronic Energy:        -5241.36799662
XC Energy:                -226.481106
Converged:                1
# of SCF iterations:      17
SCF Time:                 26.136s

=======================================================
            Individual Calculation Summary             
=======================================================
HF Energy: -1538.4158727041026395
=======================================================


Topology 17 time: 26.305590 s, performance: SP: 0 FLOP/s, DP: 32.02 TFLOP/s
JSON file written to: json_logs/lustre_orion_chm213_scratch_ryan_dhdft_inputs_exess_exess_inputs_TPSS_def2-TZVP_isomers_6660-6679_topology_17.json
************************************************************
**************** Running topology 19 of 20 *****************
************************************************************

************************************************************
******* Beginning RI-MGGA_C_TPSS+MGGA_X_TPSS energy ********
************************************************************

=======================================================
        MGGA_C_TPSS+MGGA_X_TPSS Energy Results         
=======================================================
E MGGA_C_TPSS+MGGA_X_TPSS: -1538.41439711
Nuclear Repulsion Energy: 3935.44014302
Electronic Energy:        -5247.37454299
XC Energy:                -226.479997
Converged:                1
# of SCF iterations:      17
SCF Time:                 26.18s

=======================================================
            Individual Calculation Summary             
=======================================================
HF Energy: -1538.4143971115768181
=======================================================


Topology 18 time: 26.352280 s, performance: SP: 0 FLOP/s, DP: 31.97 TFLOP/s
JSON file written to: json_logs/lustre_orion_chm213_scratch_ryan_dhdft_inputs_exess_exess_inputs_TPSS_def2-TZVP_isomers_6660-6679_topology_18.json
************************************************************
**************** Running topology 20 of 20 *****************
************************************************************

************************************************************
******* Beginning RI-MGGA_C_TPSS+MGGA_X_TPSS energy ********
************************************************************

=======================================================
        MGGA_C_TPSS+MGGA_X_TPSS Energy Results         
=======================================================
E MGGA_C_TPSS+MGGA_X_TPSS: -1538.41428036
Nuclear Repulsion Energy: 3907.67161321
Electronic Energy:        -5219.60651861
XC Energy:                -226.479375
Converged:                1
# of SCF iterations:      17
SCF Time:                 26.2s

=======================================================
            Individual Calculation Summary             
=======================================================
HF Energy: -1538.4142803567053761
=======================================================


Topology 19 time: 26.369236 s, performance: SP: 0 FLOP/s, DP: 31.93 TFLOP/s
JSON file written to: json_logs/lustre_orion_chm213_scratch_ryan_dhdft_inputs_exess_exess_inputs_TPSS_def2-TZVP_isomers_6660-6679_topology_19.json
Total flops: SP: 0 FLOPS, DP: 16.729519 PFLOPS
Performance: SP: 0 FLOP/s, DP: 31.28 TFLOP/s

Now, a word from our sponsors... 
 An EXESS programmer has seen the terrors of the world and understood the intrinsic horror of existence. 
 (Giuseppe Barca, alias G-Man)

[31mTotal processing time 535.161246 seconds[0m
[CRAYBLAS_WARNING] Application linked against multiple cray-libsci libraries
ook 0.519331s
Tau required
    4     | -1538.3716461840 |   1.2565e-01   |    1.1999     |    0.1999
Density calculation took 0.519255s
Tau required
    5     | -1538.3935207041 |   4.3883e-02   |    1.1982     |    0.2087
Density calculation took 0.518755s
Tau required
    6     | -1538.4038894509 |   6.8876e-03   |    1.1982     |    0.2029
Density calculation took 0.518714s
Tau required
    7     | -1538.4056166770 |   1.2528e-03   |    1.1973     |    0.2095
Density calculation took 0.519006s
Tau required
    8     | -1538.4059129039 |   3.6611e-04   |    1.1990     |    0.2020
Density calculation took 0.519350s
Tau required
    9     | -1538.4060087624 |   2.9849e-05   |    1.1973     |    0.2028
Density calculation took 0.519391s
Tau required
   10     | -1538.4060157987 |   6.2824e-06   |    1.1976     |    0.2022
Density calculation took 0.519564s
Tau required
   11     | -1538.4060175350 |   5.4490e-07   |    1.1968     |    0.2025
Density calculation took 0.519358s
Tau required
   12     | -1538.4060176634 |   9.2465e-08   |    1.2007     |    0.2019
Density calculation took 0.519510s
Tau required
   13     | -1538.4060176849 |   1.9497e-08   |    1.1944     |    0.2035
Density calculation took 0.519282s
Tau required
   14     | -1538.4060176896 |   2.4782e-09   |    1.1942     |    0.2028
Density calculation took 0.519371s
Tau required
   15     | -1538.4060176902 |   2.3223e-10   |    1.1967     |    0.2033
Density calculation took 0.519512s
Tau required
   16     | -1538.4060176902 |   3.9231e-10   |    1.1958     |    0.2021
Density calculation took 0.519366s
Tau required
   17     | -1538.4060176903 |   6.1337e-11   |    1.1946     |    0.2029
Created 652240 / 2471184 significant shell pairs
Created 506692 / 1882384 significant shell pairs
Total number of grid points: 357436 (5765 per atom)
One electron integrals and orthogonalizer took 0.048957s
Created 506692 / 1882384 significant shell pairs
3C integrals and B formation took 1.755166s
Iteration |      Energy      |  DIIS Metric   | Fock Time (s) | DIIS Time (s)
----------+------------------+----------------+---------------+--------------
Density calculation took 0.535533s
Tau required
    1     | -1547.9382998553 |   9.3645e+02   |    1.4812     |    0.2290
Density calculation took 0.531833s
Tau required
    2     | -1537.5991839974 |   2.7619e+00   |    1.2362     |    0.1997
Density calculation took 0.510880s
Tau required
    3     | -1537.3273973944 |   3.8427e+00   |    1.2096     |    0.2068
Density calculation took 0.511378s
Tau required
    4     | -1538.3312744229 |   1.9906e-01   |    1.2089     |    0.1998
Density calculation took 0.511618s
Tau required
    5     | -1538.3679514181 |   6.8702e-02   |    1.2102     |    0.2123
Density calculation took 0.511243s
Tau required
    6     | -1538.3869987001 |   7.3423e-03   |    1.2128     |    0.2007
Density calculation took 0.511394s
Tau required
    7     | -1538.3887011044 |   1.0789e-03   |    1.2094     |    0.2099
Density calculation took 0.511457s
Tau required
    8     | -1538.3888845479 |   4.6170e-04   |    1.2107     |    0.2042
Density calculation took 0.511640s
Tau required
    9     | -1538.3890130234 |   3.4197e-05   |    1.2113     |    0.2028
Density calculation took 0.511682s
Tau required
   10     | -1538.3890217691 |   6.4597e-06   |    1.2099     |    0.2032
Density calculation took 0.511684s
Tau required
   11     | -1538.3890234292 |   1.0989e-06   |    1.2114     |    0.2030
Density calculation took 0.511630s
Tau required
   12     | -1538.3890237046 |   1.5914e-07   |    1.2113     |    0.2032
Density calculation took 0.511661s
Tau required
   13     | -1538.3890237382 |   4.7647e-08   |    1.2105     |    0.2025
Density calculation took 0.511691s
Tau required
   14     | -1538.3890237506 |   5.1925e-09   |    1.2125     |    0.2022
Density calculation took 0.511881s
Tau required
   15     | -1538.3890237520 |   6.1830e-10   |    1.2108     |    0.2031
Density calculation took 0.511715s
Tau required
   16     | -1538.3890237520 |   6.3301e-10   |    1.2111     |    0.2035
Density calculation took 0.511641s
Tau required
   17     | -1538.3890237522 |   3.7421e-11   |    1.2108     |    0.2033
Created 619601 / 2471184 significant shell pairs
Created 481604 / 1882384 significant shell pairs
Total number of grid points: 358239 (5778 per atom)
One electron integrals and orthogonalizer took 0.043168s
Created 481604 / 1882384 significant shell pairs
3C integrals and B formation took 1.714151s
Iteration |      Energy      |  DIIS Metric   | Fock Time (s) | DIIS Time (s)
----------+------------------+----------------+---------------+--------------
Density calculation took 0.551845s
Tau required
    1     | -1547.9313235092 |   9.3219e+02   |    1.4803     |    0.2276
Density calculation took 0.544670s
Tau required
    2     | -1537.6133394671 |   2.7470e+00   |    1.2176     |    0.1974
Density calculation took 0.523195s
Tau required
    3     | -1537.3634072291 |   3.7533e+00   |    1.1952     |    0.2124
Density calculation took 0.523709s
Tau required
    4     | -1538.3594094593 |   1.5421e-01   |    1.1978     |    0.1991
Density calculation took 0.523585s
Tau required
    5     | -1538.3878389856 |   4.4370e-02   |    1.1970     |    0.2075
Density calculation took 0.523481s
Tau required
    6     | -1538.3990263340 |   7.5171e-03   |    1.1965     |    0.2009
Density calculation took 0.523379s
Tau required
    7     | -1538.4010368800 |   6.9863e-04   |    1.1955     |    0.2097
Density calculation took 0.523529s
Tau required
    8     | -1538.4011788726 |   2.1409e-04   |    1.2002     |    0.2022
Density calculation took 0.523940s
Tau required
    9     | -1538.4012355908 |   8.5131e-06   |    1.1984     |    0.2024
Density calculation took 0.523724s
Tau required
   10     | -1538.4012369755 |   3.3112e-06   |    1.2013     |    0.2029
Density calculation took 0.523887s
Tau required
   11     | -1538.4012378576 |   2.1950e-07   |    1.1994     |    0.2021
Density calculation took 0.523846s
Tau required
   12     | -1538.4012378993 |   7.6586e-08   |    1.2000     |    0.2019
Density calculation took 0.523650s
Tau required
   13     | -1538.4012379171 |   1.4837e-08   |    1.1988     |    0.2018
Density calculation took 0.523987s
Tau required
   14     | -1538.4012379204 |   4.0693e-09   |    1.2006     |    0.2021
Density calculation took 0.523890s
Tau required
   15     | -1538.4012379216 |   8.6165e-11   |    1.1997     |    0.2027
Created 620117 / 2471184 significant shell pairs
Created 481762 / 1882384 significant shell pairs
Total number of grid points: 357987 (5773 per atom)
One electron integrals and orthogonalizer took 0.044372s
Created 481762 / 1882384 significant shell pairs
3C integrals and B formation took 1.722507s
Iteration |      Energy      |  DIIS Metric   | Fock Time (s) | DIIS Time (s)
----------+------------------+----------------+---------------+--------------
Density calculation took 0.540518s
Tau required
    1     | -1547.9448546616 |   9.3419e+02   |    1.4769     |    0.2292
Density calculation took 0.538941s
Tau required
    2     | -1537.6180588901 |   2.7598e+00   |    1.2206     |    0.1999
Density calculation took 0.518085s
Tau required
    3     | -1537.3697897458 |   3.7671e+00   |    1.1972     |    0.2063
Density calculation took 0.518643s
Tau required
    4     | -1538.3717252653 |   1.3279e-01   |    1.1985     |    0.1997
Density calculation took 0.518763s
Tau required
    5     | -1538.3956570558 |   3.9701e-02   |    1.1959     |    0.2077
Density calculation took 0.518439s
Tau required
    6     | -1538.4050794940 |   7.1460e-03   |    1.1979     |    0.2012
Density calculation took 0.518345s
Tau required
    7     | -1538.4069499579 |   9.5542e-04   |    1.1959     |    0.2102
Density calculation took 0.518444s
Tau required
    8     | -1538.4071490655 |   3.0798e-04   |    1.1989     |    0.2028
Density calculation took 0.518854s
Tau required
    9     | -1538.4072291602 |   2.6649e-05   |    1.1980     |    0.2029
Density calculation took 0.518862s
Tau required
   10     | -1538.4072353578 |   6.8326e-06   |    1.1989     |    0.2019
Density calculation took 0.518816s
Tau required
   11     | -1538.4072373063 |   6.0040e-07   |    1.1970     |    0.2043
Density calculation took 0.519152s
Tau required
   12     | -1538.4072374391 |   1.1807e-07   |    1.1986     |    0.2027
Density calculation took 0.518974s
Tau required
   13     | -1538.4072374650 |   2.6642e-08   |    1.1984     |    0.2027
Density calculation took 0.518852s
Tau required
   14     | -1538.4072374718 |   2.6474e-09   |    1.1971     |    0.2023
Density calculation took 0.519012s
Tau required
   15     | -1538.4072374725 |   3.1492e-10   |    1.1965     |    0.2028
Density calculation took 0.519077s
Tau required
   16     | -1538.4072374724 |   6.2834e-10   |    1.1989     |    0.2021
Density calculation took 0.518825s
Tau required
   17     | -1538.4072374726 |   5.9752e-11   |    1.1986     |    0.2043
Created 605207 / 2471184 significant shell pairs
Created 469834 / 1882384 significant shell pairs
Total number of grid points: 357948 (5773 per atom)
One electron integrals and orthogonalizer took 0.044409s
Created 469834 / 1882384 significant shell pairs
3C integrals and B formation took 1.714326s
Iteration |      Energy      |  DIIS Metric   | Fock Time (s) | DIIS Time (s)
----------+------------------+----------------+---------------+--------------
Density calculation took 0.551757s
Tau required
    1     | -1547.9489766604 |   9.3297e+02   |    1.4691     |    0.2296
Density calculation took 0.541644s
Tau required
    2     | -1537.6237700920 |   2.7792e+00   |    1.2129     |    0.1989
Density calculation took 0.521115s
Tau required
    3     | -1537.3731326033 |   3.7983e+00   |    1.1903     |    0.2110
Density calculation took 0.521690s
Tau required
    4     | -1538.3837148320 |   1.2179e-01   |    1.1904     |    0.1996
Density calculation took 0.521825s
Tau required
    5     | -1538.4042332448 |   4.2156e-02   |    1.1899     |    0.2089
Density calculation took 0.521223s
Tau required
    6     | -1538.4145671364 |   6.0358e-03   |    1.1909     |    0.2010
Density calculation took 0.521530s
Tau required
    7     | -1538.4161214854 |   6.7734e-04   |    1.1901     |    0.2093
Density calculation took 0.521554s
Tau required
    8     | -1538.4162654028 |   1.7735e-04   |    1.1907     |    0.2036
Density calculation took 0.521621s
Tau required
    9     | -1538.4163111479 |   1.6761e-05   |    1.1906     |    0.2024
Density calculation took 0.521729s
Tau required
   10     | -1538.4163136836 |   7.9377e-06   |    1.1930     |    0.2025
Density calculation took 0.521762s
Tau required
   11     | -1538.4163160444 |   4.5994e-07   |    1.1900     |    0.2039
Density calculation took 0.521753s
Tau required
   12     | -1538.4163161405 |   1.3594e-07   |    1.1902     |    0.2022
Density calculation took 0.521709s
Tau required
   13     | -1538.4163161734 |   2.4058e-08   |    1.1912     |    0.2027
Density calculation took 0.521957s
Tau required
   14     | -1538.4163161794 |   2.8156e-09   |    1.1914     |    0.2029
Density calculation took 0.521802s
Tau required
   15     | -1538.4163161801 |   2.1484e-10   |    1.1913     |    0.2024
Density calculation took 0.521813s
Tau required
   16     | -1538.4163161801 |   4.9593e-10   |    1.1909     |    0.2034
Density calculation took 0.521972s
Tau required
   17     | -1538.4163161802 |   3.3288e-11   |    1.1903     |    0.2021
Created 620653 / 2471184 significant shell pairs
Created 482473 / 1882384 significant shell pairs
Total number of grid points: 358708 (5785 per atom)
One electron integrals and orthogonalizer took 0.044614s
Created 482473 / 1882384 significant shell pairs
3C integrals and B formation took 1.722422s
Iteration |      Energy      |  DIIS Metric   | Fock Time (s) | DIIS Time (s)
----------+------------------+----------------+---------------+--------------
Density calculation took 0.539393s
Tau required
    1     | -1547.9504320690 |   9.3324e+02   |    1.4620     |    0.2303
Density calculation took 0.543085s
Tau required
    2     | -1537.6241176414 |   2.7760e+00   |    1.2165     |    0.1995
Density calculation took 0.521801s
Tau required
    3     | -1537.3741044770 |   3.7891e+00   |    1.1984     |    0.2069
Density calculation took 0.522021s
Tau required
    4     | -1538.3800928486 |   1.2971e-01   |    1.2009     |    0.2006
Density calculation took 0.521558s
Tau required
    5     | -1538.4002920841 |   5.1840e-02   |    1.1965     |    0.2074
Density calculation took 0.521794s
Tau required
    6     | -1538.4137137846 |   7.4250e-03   |    1.1958     |    0.2012
Density calculation took 0.521764s
Tau required
    7     | -1538.4156300895 |   8.2926e-04   |    1.1968     |    0.2094
Density calculation took 0.521790s
Tau required
    8     | -1538.4157495136 |   4.2128e-04   |    1.1980     |    0.2030
Density calculation took 0.521807s
Tau required
    9     | -1538.4158625993 |   3.2854e-05   |    1.1956     |    0.2031
Density calculation took 0.522021s
Tau required
   10     | -1538.4158709340 |   5.8991e-06   |    1.1982     |    0.2030
Density calculation took 0.521772s
Tau required
   11     | -1538.4158725542 |   5.2053e-07   |    1.1955     |    0.2023
Density calculation took 0.522092s
Tau required
   12     | -1538.4158726698 |   1.1585e-07   |    1.1973     |    0.2027
Density calculation took 0.521680s
Tau required
   13     | -1538.4158726968 |   2.4847e-08   |    1.1946     |    0.2024
Density calculation took 0.522104s
Tau required
   14     | -1538.4158727033 |   2.9259e-09   |    1.1993     |    0.2019
Density calculation took 0.521971s
Tau required
   15     | -1538.4158727041 |   2.1475e-10   |    1.1944     |    0.2029
Density calculation took 0.521986s
Tau required
   16     | -1538.4158727040 |   4.3770e-10   |    1.1980     |    0.2019
Density calculation took 0.521695s
Tau required
   17     | -1538.4158727041 |   3.3224e-11   |    1.1952     |    0.2028
Created 621719 / 2471184 significant shell pairs
Created 483492 / 1882384 significant shell pairs
Total number of grid points: 358467 (5781 per atom)
One electron integrals and orthogonalizer took 0.044490s
Created 483492 / 1882384 significant shell pairs
3C integrals and B formation took 1.723514s
Iteration |      Energy      |  DIIS Metric   | Fock Time (s) | DIIS Time (s)
----------+------------------+----------------+---------------+--------------
Density calculation took 0.547472s
Tau required
    1     | -1547.9485264931 |   9.3302e+02   |    1.4734     |    0.2312
Density calculation took 0.535414s
Tau required
    2     | -1537.6235363325 |   2.7721e+00   |    1.2195     |    0.2001
Density calculation took 0.514389s
Tau required
    3     | -1537.3758658356 |   3.7733e+00   |    1.1989     |    0.2099
Density calculation took 0.514746s
Tau required
    4     | -1538.3775157264 |   1.3341e-01   |    1.1991     |    0.2003
Density calculation took 0.514834s
Tau required
    5     | -1538.3976839193 |   5.5898e-02   |    1.1974     |    0.2086
Density calculation took 0.514606s
Tau required
    6     | -1538.4119858922 |   8.1228e-03   |    1.1986     |    0.2011
Density calculation took 0.514684s
Tau required
    7     | -1538.4140244529 |   1.1853e-03   |    1.1981     |    0.2100
Density calculation took 0.514817s
Tau required
    8     | -1538.4141994034 |   6.4665e-04   |    1.1987     |    0.2028
Density calculation took 0.515127s
Tau required
    9     | -1538.4143866784 |   3.5292e-05   |    1.1979     |    0.2018
Density calculation took 0.515060s
Tau required
   10     | -1538.4143955211 |   5.6136e-06   |    1.2015     |    0.2021
Density calculation took 0.515111s
Tau required
   11     | -1538.4143969421 |   6.0713e-07   |    1.1980     |    0.2031
Density calculation took 0.515059s
Tau required
   12     | -1538.4143970810 |   1.0592e-07   |    1.1982     |    0.2031
Density calculation took 0.514982s
Tau required
   13     | -1538.4143971039 |   2.6677e-08   |    1.1967     |    0.2021
Density calculation took 0.515142s
Tau required
   14     | -1538.4143971107 |   3.2998e-09   |    1.2002     |    0.2023
Density calculation took 0.515075s
Tau required
   15     | -1538.4143971115 |   2.9340e-10   |    1.1995     |    0.2034
Density calculation took 0.515201s
Tau required
   16     | -1538.4143971114 |   6.3965e-10   |    1.1967     |    0.2021
Density calculation took 0.515181s
Tau required
   17     | -1538.4143971116 |   6.9927e-11   |    1.2007     |    0.2026
Created 610080 / 2471184 significant shell pairs
Created 474159 / 1882384 significant shell pairs
Total number of grid points: 357618 (5768 per atom)
One electron integrals and orthogonalizer took 0.044531s
Created 474159 / 1882384 significant shell pairs
3C integrals and B formation took 1.715815s
Iteration |      Energy      |  DIIS Metric   | Fock Time (s) | DIIS Time (s)
----------+------------------+----------------+---------------+--------------
Density calculation took 0.529594s
Tau required
    1     | -1547.9474571981 |   9.3278e+02   |    1.4946     |    0.2294
Density calculation took 0.538686s
Tau required
    2     | -1537.6224909374 |   2.7768e+00   |    1.2190     |    0.2001
Density calculation took 0.518108s
Tau required
    3     | -1537.3733308582 |   3.7879e+00   |    1.1974     |    0.2072
Density calculation took 0.518295s
Tau required
    4     | -1538.3798131449 |   1.2706e-01   |    1.1984     |    0.2002
Density calculation took 0.518317s
Tau required
    5     | -1538.3998139318 |   4.8941e-02   |    1.1986     |    0.2086
Density calculation took 0.518005s
Tau required
    6     | -1538.4119319509 |   7.7054e-03   |    1.1975     |    0.2016
Density calculation took 0.517976s
Tau required
    7     | -1538.4139280448 |   1.1151e-03   |    1.1990     |    0.2093
Density calculation took 0.518253s
Tau required
    8     | -1538.4140938469 |   6.1636e-04   |    1.2000     |    0.2025
Density calculation took 0.518555s
Tau required
    9     | -1538.4142707086 |   3.2556e-05   |    1.1989     |    0.2082
Density calculation took 0.518575s
Tau required
   10     | -1538.4142787258 |   5.6522e-06   |    1.2000     |    0.2027
Density calculation took 0.518285s
Tau required
   11     | -1538.4142802172 |   4.8482e-07   |    1.1997     |    0.2032
Density calculation took 0.518504s
Tau required
   12     | -1538.4142803242 |   1.1124e-07   |    1.1997     |    0.2020
Density calculation took 0.518543s
Tau required
   13     | -1538.4142803504 |   2.2137e-08   |    1.1983     |    0.2037
Density calculation took 0.518429s
Tau required
   14     | -1538.4142803559 |   3.0616e-09   |    1.2003     |    0.2031
Density calculation took 0.518491s
Tau required
   15     | -1538.4142803567 |   2.8172e-10   |    1.1987     |    0.2027
Density calculation took 0.518541s
Tau required
   16     | -1538.4142803565 |   6.6130e-10   |    1.2004     |    0.2022
Density calculation took 0.518575s
Tau required
   17     | -1538.4142803567 |   8.1931e-11   |    1.1993     |    0.2026
Please cite the following papers for the methods used in this calculation:
 - J.L. Galvez Vallejo et. al., Toward an extreme-scale electronic structure system, J. Chem. Phys., 2023. DOI: 10.1063/5.0156399

 - R. Stocks, E. Palethorpe, and G.M.J. Barca, Multi-GPU RI-HF Energies and Analytic Gradients ─ Toward High-Throughput Ab Initio Molecular Dynamics, J. Chem. Theory Comput., 2024. DOI: 10.1021/acs.jctc.4c00877
   For:
     * RI-HF energy

 - S. Lehtola, C. Steigemann, M.J.T. Oliveira, and M.A.L. Marques, Recent developments in Libxc: A comprehensive library of functionals for density functional theory, SoftwareX, 2018. DOI: 10.1016/j.softx.2017.11.002
   For:
     * LibXC version 6.2.0

 - D.B. Williams-Young, W.A. de Jong, H.J.J. van Dam, and C. Yang, On the Efficient Evaluation of the Exchange Correlation Potential on Graphics Processing Unit Clusters, Frontiers in Chemistry, 2020. DOI: 10.3389/fchem.2020.581058
   For:
     * ExchCXX GPU implementation of exchange-correlation functionals

 - R. Stocks and G.M.J. Barca, Efficient Algorithms for GPU Accelerated Evaluation of the DFT Exchange-Correlation Functional, J. Chem. Theory Comput., 2025. DOI: 10.1021/acs.jctc.5c01229
   For:
     * GPU accelerated DFT exchange-correlation evaluation

 - J. Tao, J. P. Perdew, V. N. Staroverov, and G. E. Scuseria.,  Phys. Rev. Lett. 91, 146401 (2003) DOI: 10.1103/PhysRevLett.91.146401
   For:
     * MGGA_C_TPSS XC Functional
     * MGGA_X_TPSS XC Functional

[CRAYBLAS_WARNING] Application linked against multiple cray-libsci libraries
