Total number of grid points: 334389 (5765 per atom)
Density calculation took 0.467946s
Tau required
Density calculation took 0.470094s
Tau required
Density calculation took 0.449958s
Tau required
Density calculation took 0.450690s
Tau required
Density calculation took 0.450164s
Tau required
Density calculation took 0.450198s
Tau required
Density calculation took 0.451389s
Tau required
Density calculation took 0.450672s
Tau required
Density calculation took 0.451249s
Tau required
Density calculation took 0.451301s
Tau required
Density calculation took 0.451117s
Tau required
Density calculation took 0.450830s
Tau required
Density calculation took 0.451591s
Tau required
Density calculation took 0.451245s
Tau required
Density calculation took 0.451490s
Tau required
Density calculation took 0.451347s
Tau required
Density calculation took 0.451441s
Tau required
Density calculation took 0.451465s
Tau required
Total number of grid points: 335183 (5779 per atom)
Density calculation took 0.475087s
Tau required
Density calculation took 0.469485s
Tau required
Density calculation took 0.449529s
Tau required
Density calculation took 0.449809s
Tau required
Density calculation took 0.450080s
Tau required
Density calculation took 0.449805s
Tau required
Density calculation took 0.449972s
Tau required
Density calculation took 0.449572s
Tau required
Density calculation took 0.450178s
Tau required
Density calculation took 0.450113s
Tau required
Density calculation took 0.450161s
Tau required
Density calculation took 0.450303s
Tau required
Density calculation took 0.449812s
Tau required
Density calculation took 0.450311s
Tau required
Density calculation took 0.450324s
Tau required
Density calculation took 0.449901s
Tau required
Density calculation took 0.449746s
Tau required
Density calculation took 0.450005s
Tau required
Total number of grid points: 334296 (5763 per atom)
Density calculation took 0.473241s
Tau required
Density calculation took 0.460981s
Tau required
Density calculation took 0.441287s
Tau required
Density calculation took 0.441662s
Tau required
Density calculation took 0.441590s
Tau required
Density calculation took 0.441600s
Tau required
Density calculation took 0.441514s
Tau required
Density calculation took 0.441692s
Tau required
Density calculation took 0.442123s
Tau required
Density calculation took 0.441563s
Tau required
Density calculation took 0.441328s
Tau required
Density calculation took 0.441553s
Tau required
Density calculation took 0.442212s
Tau required
Density calculation took 0.441706s
Tau required
Density calculation took 0.442146s
Tau required
Density calculation took 0.441936s
Tau required
Density calculation took 0.442184s
Tau required
Density calculation took 0.441305s
Tau required
Total number of grid points: 334251 (5762 per atom)
Density calculation took 0.468264s
Tau required
Density calculation took 0.465511s
Tau required
Density calculation took 0.445858s
Tau required
Density calculation took 0.445729s
Tau required
Density calculation took 0.445850s
Tau required
Density calculation took 0.446109s
Tau required
Density calculation took 0.446083s
Tau required
Density calculation took 0.445311s
Tau required
Density calculation took 0.446301s
Tau required
Density calculation took 0.445561s
Tau required
Density calculation took 0.444840s
Tau required
Density calculation took 0.446146s
Tau required
Density calculation took 0.446289s
Tau required
Density calculation took 0.446313s
Tau required
Density calculation took 0.446255s
Tau required
Density calculation took 0.445513s
Tau required
Density calculation took 0.445451s
Tau required
Total number of grid points: 334556 (5768 per atom)
Density calculation took 0.474453s
Tau required
Density calculation took 0.469547s
Tau required
Density calculation took 0.450472s
Tau required
Density calculation took 0.449895s
Tau required
Density calculation took 0.449975s
Tau required
Density calculation took 0.450708s
Tau required
Density calculation took 0.450727s
Tau required
Density calculation took 0.451162s
Tau required
Density calculation took 0.450503s
Tau required
Density calculation took 0.450438s
Tau required
Density calculation took 0.450732s
Tau required
Density calculation took 0.450687s
Tau required
Density calculation took 0.450207s
Tau required
Density calculation took 0.451005s
Tau required
Density calculation took 0.450639s
Tau required
Density calculation took 0.450710s
Tau required
Density calculation took 0.450829s
Tau required
Total number of grid points: 334847 (5773 per atom)
Density calculation took 0.478370s
Tau required
Density calculation took 0.469324s
Tau required
Density calculation took 0.449121s
Tau required
Density calculation took 0.449761s
Tau required
Density calculation took 0.449431s
Tau required
Density calculation took 0.449958s
Tau required
Density calculation took 0.449563s
Tau required
Density calculation took 0.449964s
Tau required
Density calculation took 0.449684s
Tau required
Density calculation took 0.449398s
Tau required
Density calculation took 0.450050s
Tau required
Density calculation took 0.449847s
Tau required
Density calculation took 0.449542s
Tau required
Density calculation took 0.449916s
Tau required
Density calculation took 0.449903s
Tau required
Density calculation took 0.449365s
Tau required
Density calculation took 0.449519s
Tau required
Density calculation took 0.449870s
Tau required
Total number of grid points: 334838 (5773 per atom)
Density calculation took 0.473742s
Tau required
Density calculation took 0.463931s
Tau required
Density calculation took 0.444363s
Tau required
Density calculation took 0.443608s
Tau required
Density calculation took 0.443623s
Tau required
Density calculation took 0.443547s
Tau required
Density calculation took 0.444298s
Tau required
Density calculation took 0.444252s
Tau required
Density calculation took 0.444179s
Tau required
Density calculation took 0.444441s
Tau required
Density calculation took 0.444220s
Tau required
Density calculation took 0.443834s
Tau required
Density calculation took 0.444464s
Tau required
Density calculation took 0.443942s
Tau required
Density calculation took 0.444275s
Tau required
Density calculation took 0.444231s
Tau required
Density calculation took 0.444404s
Tau required
Total number of grid points: 334847 (5773 per atom)
Density calculation took 0.464225s
Tau required
Density calculation took 0.468067s
Tau required
Density calculation took 0.448047s
Tau required
Density calculation took 0.447853s
Tau required
Density calculation took 0.447885s
Tau required
Density calculation took 0.447952s
Tau required
Density calculation took 0.447944s
Tau required
Density calculation took 0.447952s
Tau required
Density calculation took 0.447678s
Tau required
Density calculation took 0.448023s
Tau required
Density calculation took 0.448079s
Tau required
Density calculation took 0.448124s
Tau required
Density calculation took 0.448062s
Tau required
Density calculation took 0.447653s
Tau required
Density calculation took 0.448173s
Tau required
Density calculation took 0.447701s
Tau required
Density calculation took 0.448128s
Tau required
Total number of grid points: 334799 (5772 per atom)
Density calculation took 0.468884s
Tau required
Density calculation took 0.472232s
Tau required
Density calculation took 0.452671s
Tau required
Density calculation took 0.452285s
Tau required
Density calculation took 0.452644s
Tau required
Density calculation took 0.452056s
Tau required
Density calculation took 0.452812s
Tau required
Density calculation took 0.452269s
Tau required
Density calculation took 0.452251s
Tau required
Density calculation took 0.452083s
Tau required
Density calculation took 0.452666s
Tau required
Density calculation took 0.451527s
Tau required
Density calculation took 0.452798s
Tau required
Density calculation took 0.452557s
Tau required
Density calculation took 0.452800s
Tau required
Density calculation took 0.452218s
Tau required
Density calculation took 0.453329s
Tau required
Density calculation took 0.452443s
Tau required
Total number of grid points: 335478 (5784 per atom)
Density calculation took 0.477367s
Tau required
Density calculation took 0.468967s
Tau required
Density calculation took 0.449568s
Tau required
Density calculation took 0.450227s
Tau required
Density calculation took 0.449869s
Tau required
Density calculation took 0.449450s
Tau required
Density calculation took 0.449850s
Tau required
Density calculation took 0.449884s
Tau required
Density calculation took 0.449694s
Tau required
Density calculation took 0.449633s
Tau required
Density calculation took 0.449972s
Tau required
Density calculation took 0.449690s
Tau required
Density calculation took 0.449986s
Tau required
Density calculation took 0.449770s
Tau required
Density calculation took 0.449864s
Tau required
Density calculation took 0.449811s
Tau required
Density calculation took 0.449801s
Tau required
Total number of grid points: 334321 (5764 per atom)
Density calculation took 0.475788s
Tau required
Density calculation took 0.467010s
Tau required
Density calculation took 0.447061s
Tau required
Density calculation took 0.446940s
Tau required
Density calculation took 0.447266s
Tau required
Density calculation took 0.446768s
Tau required
Density calculation took 0.447524s
Tau required
Density calculation took 0.447001s
Tau required
Density calculation took 0.447202s
Tau required
Density calculation took 0.446795s
Tau required
Density calculation took 0.447518s
Tau required
Density calculation took 0.447088s
Tau required
Density calculation took 0.447671s
Tau required
Density calculation took 0.447057s
Tau required
Density calculation took 0.447032s
Tau required
Density calculation took 0.446956s
Tau required
Density calculation took 0.447662s
Tau required
Density calculation took 0.447081s
Tau required
Total number of grid points: 334556 (5768 per atom)
Density calculation took 0.470603s
Tau required
Density calculation took 0.471107s
Tau required
Density calculation took 0.452201s
Tau required
Density calculation took 0.452419s
Tau required
Density calculation took 0.452169s
Tau required
Density calculation took 0.453305s
Tau required
Density calculation took 0.452665s
Tau required
Density calculation took 0.452820s
Tau required
Density calculation took 0.452357s
Tau required
Density calculation took 0.452805s
Tau required
Density calculation took 0.452776s
Tau required
Density calculation took 0.452702s
Tau required
Density calculation took 0.452233s
Tau required
Density calculation took 0.451787s
Tau required
Density calculation took 0.452877s
Tau required
Density calculation took 0.452586s
Tau required
Density calculation took 0.452444s
Tau required
Density calculation took 0.452579s
Tau required
Total number of grid points: 334946 (5774 per atom)
Density calculation took 0.469061s
Tau required
Density calculation took 0.468860s
Tau required
Density calculation took 0.449272s
Tau required
Density calculation took 0.448849s
Tau required
Density calculation took 0.449508s
Tau required
Density calculation took 0.448455s
Tau required
Density calculation took 0.449248s
Tau required
Density calculation took 0.449845s
Tau required
Density calculation took 0.449295s
Tau required
Density calculation took 0.449188s
Tau required
Density calculation took 0.449755s
Tau required
Density calculation took 0.449042s
Tau required
Density calculation took 0.449452s
Tau required
Density calculation took 0.448619s
Tau required
Density calculation took 0.449151s
Tau required
Density calculation took 0.449106s
Tau required
Density calculation took 0.449298s
Tau required
Density calculation took 0.450035s
Tau required
Total number of grid points: 335569 (5785 per atom)
Density calculation took 0.465331s
Tau required
Density calculation took 0.465507s
Tau required
Density calculation took 0.445416s
Tau required
Density calculation took 0.445673s
Tau required
Density calculation took 0.445634s
Tau required
Density calculation took 0.445615s
Tau required
Density calculation took 0.445253s
Tau required
Density calculation took 0.445496s
Tau required
Density calculation took 0.445014s
Tau required
Density calculation took 0.445610s
Tau required
Density calculation took 0.445017s
Tau required
Density calculation took 0.445681s
Tau required
Density calculation took 0.444964s
Tau required
Density calculation took 0.445715s
Tau required
Density calculation took 0.445421s
Tau required
Density calculation took 0.446219s
Tau required
Density calculation took 0.445478s
Tau required
Total number of grid points: 335362 (5782 per atom)
Density calculation took 0.473326s
Tau required
Density calculation took 0.464911s
Tau required
Density calculation took 0.444433s
Tau required
Density calculation took 0.444169s
Tau required
Density calculation took 0.444487s
Tau required
Density calculation took 0.445228s
Tau required
Density calculation took 0.444845s
Tau required
Density calculation took 0.444729s
Tau required
Density calculation took 0.444363s
Tau required
Density calculation took 0.444969s
Tau required
Density calculation took 0.444755s
Tau required
Density calculation took 0.444835s
Tau required
Density calculation took 0.444869s
Tau required
Density calculation took 0.444208s
Tau required
Density calculation took 0.444642s
Tau required
Density calculation took 0.444731s
Tau required
Density calculation took 0.444758s
Tau required
Density calculation took 0.444508s
Tau required
Total number of grid points: 334942 (5774 per atom)
Density calculation took 0.470086s
Tau required
Density calculation took 0.462859s
Tau required
Density calculation took 0.444120s
Tau required
Density calculation took 0.444300s
Tau required
Density calculation took 0.444513s
Tau required
Density calculation took 0.444181s
Tau required
Density calculation took 0.444534s
Tau required
Density calculation took 0.444576s
Tau required
Density calculation took 0.444293s
Tau required
Density calculation took 0.444391s
Tau required
Density calculation took 0.444629s
Tau required
Density calculation took 0.444274s
Tau required
Density calculation took 0.443941s
Tau required
Density calculation took 0.443906s
Tau required
Density calculation took 0.443898s
Tau required
Density calculation took 0.444438s
Tau required
Density calculation took 0.444238s
Tau required
Density calculation took 0.444526s
Tau required
Density calculation took 0.444751s
Tau required
Total number of grid points: 335481 (5784 per atom)
Density calculation took 0.468430s
Tau required
Density calculation took 0.461434s
Tau required
Density calculation took 0.442169s
Tau required
Density calculation took 0.442585s
Tau required
Density calculation took 0.442961s
Tau required
Density calculation took 0.442564s
Tau required
Density calculation took 0.442663s
Tau required
Density calculation took 0.442169s
Tau required
Density calculation took 0.442294s
Tau required
Density calculation took 0.442582s
Tau required
Density calculation took 0.442682s
Tau required
Density calculation took 0.442852s
Tau required
Density calculation took 0.442968s
Tau required
Density calculation took 0.442446s
Tau required
Density calculation took 0.442659s
Tau required
Density calculation took 0.442573s
Tau required
Density calculation took 0.442740s
Tau required
Density calculation took 0.442736s
Tau required
Total number of grid points: 335725 (5788 per atom)
Density calculation took 0.479358s
Tau required
Density calculation took 0.469094s
Tau required
Density calculation took 0.450077s
Tau required
Density calculation took 0.450094s
Tau required
Density calculation took 0.450138s
Tau required
Density calculation took 0.450032s
Tau required
Density calculation took 0.450121s
Tau required
Density calculation took 0.450169s
Tau required
Density calculation took 0.450238s
Tau required
Density calculation took 0.449476s
Tau required
Density calculation took 0.450243s
Tau required
Density calculation took 0.449997s
Tau required
Density calculation took 0.449651s
Tau required
Density calculation took 0.450608s
Tau required
Density calculation took 0.450572s
Tau required
Density calculation took 0.449809s
Tau required
Density calculation took 0.449808s
Tau required
Total number of grid points: 335389 (5782 per atom)
Density calculation took 0.465423s
Tau required
Density calculation took 0.465375s
Tau required
Density calculation took 0.445306s
Tau required
Density calculation took 0.445943s
Tau required
Density calculation took 0.445723s
Tau required
Density calculation took 0.445973s
Tau required
Density calculation took 0.445932s
Tau required
Density calculation took 0.446197s
Tau required
Density calculation took 0.445680s
Tau required
Density calculation took 0.446003s
Tau required
Density calculation took 0.445860s
Tau required
Density calculation took 0.445981s
Tau required
Density calculation took 0.445933s
Tau required
Density calculation took 0.445985s
Tau required
Density calculation took 0.445605s
Tau required
Density calculation took 0.446348s
Tau required
Density calculation took 0.446156s
Tau required
Density calculation took 0.446039s
Tau required
Total number of grid points: 335258 (5780 per atom)
Density calculation took 0.479495s
Tau required
Density calculation took 0.467289s
Tau required
Density calculation took 0.445413s
Tau required
Density calculation took 0.445948s
Tau required
Density calculation took 0.444789s
Tau required
Density calculation took 0.445261s
Tau required
Density calculation took 0.446634s
Tau required
Density calculation took 0.445298s
Tau required
Density calculation took 0.446019s
Tau required
Density calculation took 0.446138s
Tau required
Density calculation took 0.446857s
Tau required
Density calculation took 0.446035s
Tau required
Density calculation took 0.446363s
Tau required
Density calculation took 0.446180s
Tau required
Density calculation took 0.446910s
Tau required
Density calculation took 0.445330s
Tau required
Density calculation took 0.446638s
Tau required
Density calculation took 0.446164s
Tau required
[CRAYBLAS_WARNING] Application linked against multiple cray-libsci libraries
************************************************
**************** Running topology 11 of 20 *****************
************************************************************

************************************************************
******* Beginning RI-MGGA_C_TPSS+MGGA_X_TPSS energy ********
************************************************************

=======================================================
        MGGA_C_TPSS+MGGA_X_TPSS Energy Results         
=======================================================
E MGGA_C_TPSS+MGGA_X_TPSS: -1460.96708594
Nuclear Repulsion Energy: 3612.20686811
Electronic Energy:        -4858.33855011
XC Energy:                -214.835404
Converged:                1
# of SCF iterations:      18
SCF Time:                 24.359s

=======================================================
            Individual Calculation Summary             
=======================================================
HF Energy: -1460.9670859350928822
=======================================================


Topology 10 time: 24.526332 s, performance: SP: 0 FLOP/s, DP: 30.39 TFLOP/s
JSON file written to: json_logs/lustre_orion_chm213_scratch_ryan_dhdft_inputs_exess_exess_inputs_TPSS_def2-TZVP_isomers_2620-2639_topology_10.json
************************************************************
**************** Running topology 12 of 20 *****************
************************************************************

************************************************************
******* Beginning RI-MGGA_C_TPSS+MGGA_X_TPSS energy ********
************************************************************

=======================================================
        MGGA_C_TPSS+MGGA_X_TPSS Energy Results         
=======================================================
E MGGA_C_TPSS+MGGA_X_TPSS: -1460.96984857
Nuclear Repulsion Energy: 3535.89784692
Electronic Energy:        -4782.03750025
XC Energy:                -214.830195
Converged:                1
# of SCF iterations:      18
SCF Time:                 24.493s

=======================================================
            Individual Calculation Summary             
=======================================================
HF Energy: -1460.9698485726212311
=======================================================


Topology 11 time: 24.652727 s, performance: SP: 0 FLOP/s, DP: 30.23 TFLOP/s
JSON file written to: json_logs/lustre_orion_chm213_scratch_ryan_dhdft_inputs_exess_exess_inputs_TPSS_def2-TZVP_isomers_2620-2639_topology_11.json
************************************************************
**************** Running topology 13 of 20 *****************
************************************************************

************************************************************
******* Beginning RI-MGGA_C_TPSS+MGGA_X_TPSS energy ********
************************************************************

=======================================================
        MGGA_C_TPSS+MGGA_X_TPSS Energy Results         
=======================================================
E MGGA_C_TPSS+MGGA_X_TPSS: -1460.9606148
Nuclear Repulsion Energy: 3525.54083103
Electronic Energy:        -4771.6796058
XC Energy:                -214.821840
Converged:                1
# of SCF iterations:      18
SCF Time:                 24.386s

=======================================================
            Individual Calculation Summary             
=======================================================
HF Energy: -1460.9606148007310367
=======================================================


Topology 12 time: 24.545451 s, performance: SP: 0 FLOP/s, DP: 30.37 TFLOP/s
JSON file written to: json_logs/lustre_orion_chm213_scratch_ryan_dhdft_inputs_exess_exess_inputs_TPSS_def2-TZVP_isomers_2620-2639_topology_12.json
************************************************************
**************** Running topology 14 of 20 *****************
************************************************************

************************************************************
******* Beginning RI-MGGA_C_TPSS+MGGA_X_TPSS energy ********
************************************************************

=======================================================
        MGGA_C_TPSS+MGGA_X_TPSS Energy Results         
=======================================================
E MGGA_C_TPSS+MGGA_X_TPSS: -1460.9695492
Nuclear Repulsion Energy: 3583.15516335
Electronic Energy:        -4829.2940822
XC Energy:                -214.830630
Converged:                1
# of SCF iterations:      17
SCF Time:                 22.991s

=======================================================
            Individual Calculation Summary             
=======================================================
HF Energy: -1460.9695491980742190
=======================================================


Topology 13 time: 23.155117 s, performance: SP: 0 FLOP/s, DP: 30.48 TFLOP/s
JSON file written to: json_logs/lustre_orion_chm213_scratch_ryan_dhdft_inputs_exess_exess_inputs_TPSS_def2-TZVP_isomers_2620-2639_topology_13.json
************************************************************
**************** Running topology 15 of 20 *****************
************************************************************

************************************************************
******* Beginning RI-MGGA_C_TPSS+MGGA_X_TPSS energy ********
************************************************************

=======================================================
        MGGA_C_TPSS+MGGA_X_TPSS Energy Results         
=======================================================
E MGGA_C_TPSS+MGGA_X_TPSS: -1460.9610483
Nuclear Repulsion Energy: 3649.41841433
Electronic Energy:        -4895.54453309
XC Energy:                -214.834930
Converged:                1
# of SCF iterations:      18
SCF Time:                 24.29s

=======================================================
            Individual Calculation Summary             
=======================================================
HF Energy: -1460.9610483029964598
=======================================================


Topology 14 time: 24.456895 s, performance: SP: 0 FLOP/s, DP: 30.41 TFLOP/s
JSON file written to: json_logs/lustre_orion_chm213_scratch_ryan_dhdft_inputs_exess_exess_inputs_TPSS_def2-TZVP_isomers_2620-2639_topology_14.json
************************************************************
**************** Running topology 16 of 20 *****************
************************************************************

************************************************************
******* Beginning RI-MGGA_C_TPSS+MGGA_X_TPSS energy ********
************************************************************

=======================================================
        MGGA_C_TPSS+MGGA_X_TPSS Energy Results         
=======================================================
E MGGA_C_TPSS+MGGA_X_TPSS: -1460.95570918
Nuclear Repulsion Energy: 3677.97752845
Electronic Energy:        -4924.10391656
XC Energy:                -214.829321
Converged:                1
# of SCF iterations:      19
SCF Time:                 25.591s

=======================================================
            Individual Calculation Summary             
=======================================================
HF Energy: -1460.9557091812466751
=======================================================


Topology 15 time: 25.758709 s, performance: SP: 0 FLOP/s, DP: 30.37 TFLOP/s
JSON file written to: json_logs/lustre_orion_chm213_scratch_ryan_dhdft_inputs_exess_exess_inputs_TPSS_def2-TZVP_isomers_2620-2639_topology_15.json
************************************************************
**************** Running topology 17 of 20 *****************
************************************************************

************************************************************
******* Beginning RI-MGGA_C_TPSS+MGGA_X_TPSS energy ********
************************************************************

=======================================================
        MGGA_C_TPSS+MGGA_X_TPSS Energy Results         
=======================================================
E MGGA_C_TPSS+MGGA_X_TPSS: -1460.95113535
Nuclear Repulsion Energy: 3794.51199642
Electronic Energy:        -5040.62486177
XC Energy:                -214.838270
Converged:                1
# of SCF iterations:      18
SCF Time:                 24.298s

=======================================================
            Individual Calculation Summary             
=======================================================
HF Energy: -1460.9511353512007190
=======================================================


Topology 16 time: 24.478061 s, performance: SP: 0 FLOP/s, DP: 30.28 TFLOP/s
JSON file written to: json_logs/lustre_orion_chm213_scratch_ryan_dhdft_inputs_exess_exess_inputs_TPSS_def2-TZVP_isomers_2620-2639_topology_16.json
************************************************************
**************** Running topology 18 of 20 *****************
************************************************************

************************************************************
******* Beginning RI-MGGA_C_TPSS+MGGA_X_TPSS energy ********
************************************************************

=======================================================
        MGGA_C_TPSS+MGGA_X_TPSS Energy Results         
=======================================================
E MGGA_C_TPSS+MGGA_X_TPSS: -1460.96320401
Nuclear Repulsion Energy: 3781.25076723
Electronic Energy:        -5027.36988523
XC Energy:                -214.844086
Converged:                1
# of SCF iterations:      17
SCF Time:                 23.157s

=======================================================
            Individual Calculation Summary             
=======================================================
HF Energy: -1460.9632040130040878
=======================================================


Topology 17 time: 23.337741 s, performance: SP: 0 FLOP/s, DP: 30.14 TFLOP/s
JSON file written to: json_logs/lustre_orion_chm213_scratch_ryan_dhdft_inputs_exess_exess_inputs_TPSS_def2-TZVP_isomers_2620-2639_topology_17.json
************************************************************
**************** Running topology 19 of 20 *****************
************************************************************

************************************************************
******* Beginning RI-MGGA_C_TPSS+MGGA_X_TPSS energy ********
************************************************************

=======================================================
        MGGA_C_TPSS+MGGA_X_TPSS Energy Results         
=======================================================
E MGGA_C_TPSS+MGGA_X_TPSS: -1460.9572694
Nuclear Repulsion Energy: 3701.37543824
Electronic Energy:        -4947.49430768
XC Energy:                -214.838400
Converged:                1
# of SCF iterations:      18
SCF Time:                 24.446s

=======================================================
            Individual Calculation Summary             
=======================================================
HF Energy: -1460.9572694016601417
=======================================================


Topology 18 time: 24.618857 s, performance: SP: 0 FLOP/s, DP: 30.21 TFLOP/s
JSON file written to: json_logs/lustre_orion_chm213_scratch_ryan_dhdft_inputs_exess_exess_inputs_TPSS_def2-TZVP_isomers_2620-2639_topology_18.json
************************************************************
**************** Running topology 20 of 20 *****************
************************************************************

************************************************************
******* Beginning RI-MGGA_C_TPSS+MGGA_X_TPSS energy ********
************************************************************

=======================================================
        MGGA_C_TPSS+MGGA_X_TPSS Energy Results         
=======================================================
E MGGA_C_TPSS+MGGA_X_TPSS: -1460.95635351
Nuclear Repulsion Energy: 3704.68435038
Electronic Energy:        -4950.80489531
XC Energy:                -214.835809
Converged:                1
# of SCF iterations:      18
SCF Time:                 24.441s

=======================================================
            Individual Calculation Summary             
=======================================================
HF Energy: -1460.9563535145462083
=======================================================


Topology 19 time: 24.615787 s, performance: SP: 0 FLOP/s, DP: 30.22 TFLOP/s
JSON file written to: json_logs/lustre_orion_chm213_scratch_ryan_dhdft_inputs_exess_exess_inputs_TPSS_def2-TZVP_isomers_2620-2639_topology_19.json
Total flops: SP: 0 FLOPS, DP: 14.653268 PFLOPS
Performance: SP: 0 FLOP/s, DP: 29.67 TFLOP/s

Now, a word from our sponsors... 
 Kamehameha!! 

[31mTotal processing time 494.165601 seconds[0m
[CRAYBLAS_WARNING] Application linked against multiple cray-libsci libraries
|    0.1792
Density calculation took 0.445309s
Tau required
   18     | -1460.9698485726 |   3.6076e-11   |    1.0678     |    0.1792
Created 549430 / 2214144 significant shell pairs
Created 424601 / 1684804 significant shell pairs
Total number of grid points: 335501 (5784 per atom)
One electron integrals and orthogonalizer took 0.041318s
Created 424601 / 1684804 significant shell pairs
3C integrals and B formation took 1.534152s
Iteration |      Energy      |  DIIS Metric   | Fock Time (s) | DIIS Time (s)
----------+------------------+----------------+---------------+--------------
Density calculation took 0.464814s
Tau required
    1     | -1470.1078901898 |   8.8895e+02   |    1.2736     |    0.2017
Density calculation took 0.469687s
Tau required
    2     | -1460.2286286046 |   2.5411e+00   |    1.0836     |    0.1752
Density calculation took 0.450151s
Tau required
    3     | -1460.0190138811 |   3.3453e+00   |    1.0622     |    0.1815
Density calculation took 0.449954s
Tau required
    4     | -1460.9153899264 |   1.6070e-01   |    1.0641     |    0.1768
Density calculation took 0.450329s
Tau required
    5     | -1460.9492039171 |   4.0827e-02   |    1.0617     |    0.1826
Density calculation took 0.450000s
Tau required
    6     | -1460.9592946134 |   4.5937e-03   |    1.0627     |    0.1762
Density calculation took 0.450100s
Tau required
    7     | -1460.9603098106 |   9.5562e-04   |    1.0601     |    0.1851
Density calculation took 0.449799s
Tau required
    8     | -1460.9604603203 |   4.7395e-04   |    1.0623     |    0.1774
Density calculation took 0.450333s
Tau required
    9     | -1460.9605982420 |   4.8660e-05   |    1.0608     |    0.1772
Density calculation took 0.450271s
Tau required
   10     | -1460.9606122202 |   7.7935e-06   |    1.0631     |    0.1781
Density calculation took 0.450238s
Tau required
   11     | -1460.9606143360 |   1.5151e-06   |    1.0605     |    0.1782
Density calculation took 0.450177s
Tau required
   12     | -1460.9606147445 |   1.8847e-07   |    1.0623     |    0.1821
Density calculation took 0.450443s
Tau required
   13     | -1460.9606147868 |   4.8446e-08   |    1.0606     |    0.1783
Density calculation took 0.450143s
Tau required
   14     | -1460.9606147983 |   8.1415e-09   |    1.0621     |    0.1784
Density calculation took 0.450356s
Tau required
   15     | -1460.9606148005 |   8.4615e-10   |    1.0607     |    0.1786
Density calculation took 0.450130s
Tau required
   16     | -1460.9606148004 |   1.1403e-09   |    1.0630     |    0.1773
Density calculation took 0.450365s
Tau required
   17     | -1460.9606148007 |   2.0584e-10   |    1.0613     |    0.1781
Density calculation took 0.450308s
Tau required
   18     | -1460.9606148007 |   6.1871e-11   |    1.0628     |    0.1789
Created 566095 / 2214144 significant shell pairs
Created 437951 / 1684804 significant shell pairs
Total number of grid points: 335415 (5783 per atom)
One electron integrals and orthogonalizer took 0.041509s
Created 437951 / 1684804 significant shell pairs
3C integrals and B formation took 1.543932s
Iteration |      Energy      |  DIIS Metric   | Fock Time (s) | DIIS Time (s)
----------+------------------+----------------+---------------+--------------
Density calculation took 0.459557s
Tau required
    1     | -1470.1253010536 |   8.9133e+02   |    1.2662     |    0.2014
Density calculation took 0.463960s
Tau required
    2     | -1460.2358839601 |   2.5549e+00   |    1.0736     |    0.1742
Density calculation took 0.444410s
Tau required
    3     | -1460.0243939359 |   3.3676e+00   |    1.0522     |    0.1809
Density calculation took 0.444981s
Tau required
    4     | -1460.9269703226 |   1.4807e-01   |    1.0519     |    0.1755
Density calculation took 0.444695s
Tau required
    5     | -1460.9564931485 |   4.6416e-02   |    1.0515     |    0.1821
Density calculation took 0.444780s
Tau required
    6     | -1460.9685063667 |   3.7413e-03   |    1.0523     |    0.1753
Density calculation took 0.444812s
Tau required
    7     | -1460.9693157850 |   7.7713e-04   |    1.0532     |    0.1824
Density calculation took 0.444477s
Tau required
    8     | -1460.9694682930 |   2.5594e-04   |    1.0525     |    0.1765
Density calculation took 0.444759s
Tau required
    9     | -1460.9695336415 |   4.3501e-05   |    1.0510     |    0.1770
Density calculation took 0.444829s
Tau required
   10     | -1460.9695468305 |   6.8437e-06   |    1.0514     |    0.1809
Density calculation took 0.444858s
Tau required
   11     | -1460.9695489605 |   8.3529e-07   |    1.0511     |    0.1768
Density calculation took 0.444893s
Tau required
   12     | -1460.9695491703 |   9.2207e-08   |    1.0543     |    0.1791
Density calculation took 0.444974s
Tau required
   13     | -1460.9695491896 |   2.8529e-08   |    1.0518     |    0.1772
Density calculation took 0.444787s
Tau required
   14     | -1460.9695491973 |   2.8678e-09   |    1.0530     |    0.1786
Density calculation took 0.445009s
Tau required
   15     | -1460.9695491979 |   5.1051e-10   |    1.0529     |    0.1782
Density calculation took 0.444929s
Tau required
   16     | -1460.9695491979 |   5.9788e-10   |    1.0528     |    0.1784
Density calculation took 0.444824s
Tau required
   17     | -1460.9695491981 |   7.3964e-11   |    1.0527     |    0.1841
Created 588601 / 2214144 significant shell pairs
Created 455042 / 1684804 significant shell pairs
Total number of grid points: 334109 (5760 per atom)
One electron integrals and orthogonalizer took 0.042090s
Created 455042 / 1684804 significant shell pairs
3C integrals and B formation took 1.560679s
Iteration |      Energy      |  DIIS Metric   | Fock Time (s) | DIIS Time (s)
----------+------------------+----------------+---------------+--------------
Density calculation took 0.462623s
Tau required
    1     | -1470.1330694639 |   8.9540e+02   |    1.2730     |    0.2027
Density calculation took 0.464955s
Tau required
    2     | -1460.2274692750 |   2.5597e+00   |    1.0738     |    0.1753
Density calculation took 0.445625s
Tau required
    3     | -1460.0130031966 |   3.3773e+00   |    1.0532     |    0.1811
Density calculation took 0.445157s
Tau required
    4     | -1460.9132454826 |   1.6072e-01   |    1.0545     |    0.1761
Density calculation took 0.445805s
Tau required
    5     | -1460.9430751535 |   6.2501e-02   |    1.0588     |    0.1829
Density calculation took 0.445605s
Tau required
    6     | -1460.9597108440 |   4.8048e-03   |    1.0540     |    0.1793
Density calculation took 0.445365s
Tau required
    7     | -1460.9607053281 |   1.1450e-03   |    1.0551     |    0.1837
Density calculation took 0.445627s
Tau required
    8     | -1460.9609511635 |   3.2469e-04   |    1.0548     |    0.1774
Density calculation took 0.445765s
Tau required
    9     | -1460.9610418345 |   2.1479e-05   |    1.0547     |    0.1776
Density calculation took 0.445830s
Tau required
   10     | -1460.9610470719 |   4.2055e-06   |    1.0542     |    0.1783
Density calculation took 0.445584s
Tau required
   11     | -1460.9610479931 |   9.1551e-07   |    1.0539     |    0.1776
Density calculation took 0.445780s
Tau required
   12     | -1460.9610481896 |   3.1028e-07   |    1.0575     |    0.1780
Density calculation took 0.445757s
Tau required
   13     | -1460.9610482861 |   5.5339e-08   |    1.0543     |    0.1771
Density calculation took 0.445598s
Tau required
   14     | -1460.9610483004 |   8.6199e-09   |    1.0544     |    0.1784
Density calculation took 0.445720s
Tau required
   15     | -1460.9610483029 |   5.2134e-10   |    1.0538     |    0.1777
Density calculation took 0.445848s
Tau required
   16     | -1460.9610483028 |   6.7321e-10   |    1.0531     |    0.1788
Density calculation took 0.445696s
Tau required
   17     | -1460.9610483030 |   1.1065e-10   |    1.0545     |    0.1773
Density calculation took 0.445719s
Tau required
   18     | -1460.9610483030 |   2.9731e-11   |    1.0549     |    0.1769
Created 597982 / 2214144 significant shell pairs
Created 462881 / 1684804 significant shell pairs
Total number of grid points: 334566 (5768 per atom)
One electron integrals and orthogonalizer took 0.042369s
Created 462881 / 1684804 significant shell pairs
3C integrals and B formation took 1.560169s
Iteration |      Energy      |  DIIS Metric   | Fock Time (s) | DIIS Time (s)
----------+------------------+----------------+---------------+--------------
Density calculation took 0.452150s
Tau required
    1     | -1470.1208575315 |   8.9365e+02   |    1.2801     |    0.2023
Density calculation took 0.457333s
Tau required
    2     | -1460.2225159062 |   2.5493e+00   |    1.0787     |    0.1759
Density calculation took 0.438064s
Tau required
    3     | -1459.9938217116 |   3.4020e+00   |    1.0578     |    0.1817
Density calculation took 0.438478s
Tau required
    4     | -1460.8871131249 |   2.2403e-01   |    1.0597     |    0.1753
Density calculation took 0.438480s
Tau required
    5     | -1460.9322206234 |   7.7986e-02   |    1.0622     |    0.1837
Density calculation took 0.438488s
Tau required
    6     | -1460.9533036231 |   8.4313e-03   |    1.0579     |    0.1765
Density calculation took 0.438699s
Tau required
    7     | -1460.9551820910 |   1.6224e-03   |    1.0572     |    0.1833
Density calculation took 0.438506s
Tau required
    8     | -1460.9554368884 |   8.0494e-04   |    1.0580     |    0.1777
Density calculation took 0.438751s
Tau required
    9     | -1460.9556690267 |   1.1875e-04   |    1.0572     |    0.1772
Density calculation took 0.438839s
Tau required
   10     | -1460.9557058708 |   9.9259e-06   |    1.0583     |    0.1776
Density calculation took 0.438555s
Tau required
   11     | -1460.9557082813 |   2.8824e-06   |    1.0572     |    0.1782
Density calculation took 0.438696s
Tau required
   12     | -1460.9557091174 |   2.2978e-07   |    1.0585     |    0.1784
Density calculation took 0.438646s
Tau required
   13     | -1460.9557091648 |   5.6640e-08   |    1.0566     |    0.1779
Density calculation took 0.438708s
Tau required
   14     | -1460.9557091785 |   9.4991e-09   |    1.0590     |    0.1777
Density calculation took 0.438687s
Tau required
   15     | -1460.9557091808 |   1.6620e-09   |    1.0567     |    0.1774
Density calculation took 0.438784s
Tau required
   16     | -1460.9557091810 |   9.2393e-10   |    1.0579     |    0.1777
Density calculation took 0.438698s
Tau required
   17     | -1460.9557091812 |   2.7901e-10   |    1.0587     |    0.1772
Density calculation took 0.438716s
Tau required
   18     | -1460.9557091812 |   1.3004e-10   |    1.0579     |    0.1770
Density calculation took 0.438941s
Tau required
   19     | -1460.9557091812 |   3.1983e-11   |    1.0568     |    0.1776
Created 639966 / 2214144 significant shell pairs
Created 494670 / 1684804 significant shell pairs
Total number of grid points: 334930 (5774 per atom)
One electron integrals and orthogonalizer took 0.042606s
Created 494670 / 1684804 significant shell pairs
3C integrals and B formation took 1.582016s
Iteration |      Energy      |  DIIS Metric   | Fock Time (s) | DIIS Time (s)
----------+------------------+----------------+---------------+--------------
Density calculation took 0.460955s
Tau required
    1     | -1470.1442589728 |   9.0074e+02   |    1.2660     |    0.2016
Density calculation took 0.463599s
Tau required
    2     | -1460.2117620353 |   2.5844e+00   |    1.0751     |    0.1753
Density calculation took 0.444616s
Tau required
    3     | -1459.9118324982 |   3.7016e+00   |    1.0542     |    0.1815
Density calculation took 0.444564s
Tau required
    4     | -1460.8438182081 |   3.5725e-01   |    1.0552     |    0.1755
Density calculation took 0.444690s
Tau required
    5     | -1460.9272781598 |   8.4637e-02   |    1.0544     |    0.1816
Density calculation took 0.444490s
Tau required
    6     | -1460.9487957666 |   8.5954e-03   |    1.0556     |    0.1753
Density calculation took 0.444443s
Tau required
    7     | -1460.9504964173 |   2.0921e-03   |    1.0547     |    0.1831
Density calculation took 0.444494s
Tau required
    8     | -1460.9509051896 |   7.1337e-04   |    1.0551     |    0.1763
Density calculation took 0.444739s
Tau required
    9     | -1460.9510865216 |   1.3814e-04   |    1.0571     |    0.1768
Density calculation took 0.444529s
Tau required
   10     | -1460.9511312489 |   1.1987e-05   |    1.0555     |    0.1766
Density calculation took 0.444724s
Tau required
   11     | -1460.9511344464 |   3.0207e-06   |    1.0538     |    0.1759
Density calculation took 0.444307s
Tau required
   12     | -1460.9511352752 |   2.6615e-07   |    1.0546     |    0.1767
Density calculation took 0.444857s
Tau required
   13     | -1460.9511353342 |   5.7822e-08   |    1.0556     |    0.1764
Density calculation took 0.444707s
Tau required
   14     | -1460.9511353501 |   4.0496e-09   |    1.0570     |    0.1763
Density calculation took 0.444739s
Tau required
   15     | -1460.9511353500 |   4.0640e-09   |    1.0542     |    0.1830
Density calculation took 0.444593s
Tau required
   16     | -1460.9511353511 |   3.3724e-10   |    1.0550     |    0.1780
Density calculation took 0.444801s
Tau required
   17     | -1460.9511353512 |   1.9342e-10   |    1.0548     |    0.1780
Density calculation took 0.444492s
Tau required
   18     | -1460.9511353512 |   7.6249e-11   |    1.0556     |    0.1779
Created 633903 / 2214144 significant shell pairs
Created 491196 / 1684804 significant shell pairs
Total number of grid points: 334424 (5765 per atom)
One electron integrals and orthogonalizer took 0.042622s
Created 491196 / 1684804 significant shell pairs
3C integrals and B formation took 1.572106s
Iteration |      Energy      |  DIIS Metric   | Fock Time (s) | DIIS Time (s)
----------+------------------+----------------+---------------+--------------
Density calculation took 0.460190s
Tau required
    1     | -1470.1486394887 |   8.9790e+02   |    1.2761     |    0.2030
Density calculation took 0.462090s
Tau required
    2     | -1460.2281267893 |   2.5767e+00   |    1.0780     |    0.1747
Density calculation took 0.442582s
Tau required
    3     | -1459.9998152395 |   3.4598e+00   |    1.0605     |    0.1819
Density calculation took 0.442339s
Tau required
    4     | -1460.9106304172 |   1.6735e-01   |    1.0603     |    0.1754
Density calculation took 0.442752s
Tau required
    5     | -1460.9329344726 |   9.9554e-02   |    1.0633     |    0.1839
Density calculation took 0.442879s
Tau required
    6     | -1460.9610759730 |   7.2086e-03   |    1.0596     |    0.1768
Density calculation took 0.442203s
Tau required
    7     | -1460.9624702214 |   2.1857e-03   |    1.0602     |    0.1837
Density calculation took 0.442635s
Tau required
    8     | -1460.9630018810 |   6.3946e-04   |    1.0600     |    0.1774
Density calculation took 0.442522s
Tau required
    9     | -1460.9631949164 |   3.1389e-05   |    1.0605     |    0.1784
Density calculation took 0.442321s
Tau required
   10     | -1460.9632022162 |   5.9357e-06   |    1.0595     |    0.1782
Density calculation took 0.442843s
Tau required
   11     | -1460.9632036600 |   1.1742e-06   |    1.0598     |    0.1772
Density calculation took 0.442512s
Tau required
   12     | -1460.9632039861 |   9.7058e-08   |    1.0598     |    0.1775
Density calculation took 0.442930s
Tau required
   13     | -1460.9632040079 |   1.8392e-08   |    1.0606     |    0.1771
Density calculation took 0.442435s
Tau required
   14     | -1460.9632040123 |   2.3407e-09   |    1.0598     |    0.1777
Density calculation took 0.443059s
Tau required
   15     | -1460.9632040128 |   8.9752e-10   |    1.0605     |    0.1789
Density calculation took 0.442522s
Tau required
   16     | -1460.9632040129 |   2.4102e-10   |    1.0594     |    0.1776
Density calculation took 0.442972s
Tau required
   17     | -1460.9632040130 |   6.4325e-11   |    1.0594     |    0.1777
Created 606003 / 2214144 significant shell pairs
Created 468878 / 1684804 significant shell pairs
Total number of grid points: 335593 (5786 per atom)
One electron integrals and orthogonalizer took 0.042041s
Created 468878 / 1684804 significant shell pairs
3C integrals and B formation took 1.563698s
Iteration |      Energy      |  DIIS Metric   | Fock Time (s) | DIIS Time (s)
----------+------------------+----------------+---------------+--------------
Density calculation took 0.466288s
Tau required
    1     | -1470.1396670484 |   8.9661e+02   |    1.2729     |    0.2051
Density calculation took 0.469993s
Tau required
    2     | -1460.2221891796 |   2.5772e+00   |    1.0855     |    0.1741
Density calculation took 0.450274s
Tau required
    3     | -1459.9870416447 |   3.5218e+00   |    1.0635     |    0.1807
Density calculation took 0.449803s
Tau required
    4     | -1460.9129370658 |   1.5769e-01   |    1.0632     |    0.1758
Density calculation took 0.450255s
Tau required
    5     | -1460.9392671350 |   6.3381e-02   |    1.0636     |    0.1822
Density calculation took 0.450143s
Tau required
    6     | -1460.9553204746 |   6.9133e-03   |    1.0643     |    0.1762
Density calculation took 0.449868s
Tau required
    7     | -1460.9568277508 |   1.3964e-03   |    1.0634     |    0.1830
Density calculation took 0.450651s
Tau required
    8     | -1460.9570488001 |   6.8589e-04   |    1.0646     |    0.1782
Density calculation took 0.450062s
Tau required
    9     | -1460.9572502884 |   5.8674e-05   |    1.0640     |    0.1771
Density calculation took 0.450248s
Tau required
   10     | -1460.9572662620 |   9.6560e-06   |    1.0638     |    0.1773
Density calculation took 0.450236s
Tau required
   11     | -1460.9572687935 |   1.9951e-06   |    1.0643     |    0.1766
Density calculation took 0.450291s
Tau required
   12     | -1460.9572693505 |   1.7221e-07   |    1.0633     |    0.1775
Density calculation took 0.450222s
Tau required
   13     | -1460.9572693826 |   6.2287e-08   |    1.0640     |    0.1762
Density calculation took 0.450431s
Tau required
   14     | -1460.9572694003 |   4.9642e-09   |    1.0646     |    0.1769
Density calculation took 0.450217s
Tau required
   15     | -1460.9572694015 |   7.8479e-10   |    1.0647     |    0.1764
Density calculation took 0.450396s
Tau required
   16     | -1460.9572694015 |   6.5284e-10   |    1.0636     |    0.1770
Density calculation took 0.450240s
Tau required
   17     | -1460.9572694016 |   1.1598e-10   |    1.0639     |    0.1765
Density calculation took 0.450500s
Tau required
   18     | -1460.9572694017 |   6.4381e-11   |    1.0642     |    0.1766
Created 607489 / 2214144 significant shell pairs
Created 470641 / 1684804 significant shell pairs
Total number of grid points: 334302 (5763 per atom)
One electron integrals and orthogonalizer took 0.041930s
Created 470641 / 1684804 significant shell pairs
3C integrals and B formation took 1.559533s
Iteration |      Energy      |  DIIS Metric   | Fock Time (s) | DIIS Time (s)
----------+------------------+----------------+---------------+--------------
Density calculation took 0.472954s
Tau required
    1     | -1470.1341405398 |   8.9477e+02   |    1.2779     |    0.2013
Density calculation took 0.463661s
Tau required
    2     | -1460.2252910842 |   2.5567e+00   |    1.0861     |    0.1745
Density calculation took 0.443746s
Tau required
    3     | -1460.0162354686 |   3.4112e+00   |    1.0621     |    0.1813
Density calculation took 0.444183s
Tau required
    4     | -1460.9270800834 |   1.0827e-01   |    1.0660     |    0.1751
Density calculation took 0.443922s
Tau required
    5     | -1460.9446686991 |   3.9212e-02   |    1.0626     |    0.1826
Density calculation took 0.444007s
Tau required
    6     | -1460.9525340590 |   1.0866e-02   |    1.0637     |    0.1753
Density calculation took 0.444264s
Tau required
    7     | -1460.9558787855 |   1.3930e-03   |    1.0627     |    0.1829
Density calculation took 0.443859s
Tau required
    8     | -1460.9562453605 |   3.5161e-04   |    1.0645     |    0.1774
Density calculation took 0.444095s
Tau required
    9     | -1460.9563457720 |   2.5750e-05   |    1.0636     |    0.1774
Density calculation took 0.444025s
Tau required
   10     | -1460.9563522970 |   4.3227e-06   |    1.0659     |    0.1771
Density calculation took 0.444006s
Tau required
   11     | -1460.9563533219 |   6.6159e-07   |    1.0637     |    0.1768
Density calculation took 0.444094s
Tau required
   12     | -1460.9563534863 |   9.7579e-08   |    1.0656     |    0.1764
Density calculation took 0.444043s
Tau required
   13     | -1460.9563535088 |   1.9895e-08   |    1.0632     |    0.1772
Density calculation took 0.444016s
Tau required
   14     | -1460.9563535139 |   2.3665e-09   |    1.0654     |    0.1761
Density calculation took 0.444101s
Tau required
   15     | -1460.9563535145 |   3.1699e-10   |    1.0634     |    0.1764
Density calculation took 0.444068s
Tau required
   16     | -1460.9563535143 |   7.8630e-10   |    1.0656     |    0.1774
Density calculation took 0.444250s
Tau required
   17     | -1460.9563535145 |   1.1160e-10   |    1.0642     |    0.1763
Density calculation took 0.444065s
Tau required
   18     | -1460.9563535145 |   1.1509e-11   |    1.0659     |    0.1767
Please cite the following papers for the methods used in this calculation:
 - J.L. Galvez Vallejo et. al., Toward an extreme-scale electronic structure system, J. Chem. Phys., 2023. DOI: 10.1063/5.0156399

 - R. Stocks, E. Palethorpe, and G.M.J. Barca, Multi-GPU RI-HF Energies and Analytic Gradients ─ Toward High-Throughput Ab Initio Molecular Dynamics, J. Chem. Theory Comput., 2024. DOI: 10.1021/acs.jctc.4c00877
   For:
     * RI-HF energy

 - S. Lehtola, C. Steigemann, M.J.T. Oliveira, and M.A.L. Marques, Recent developments in Libxc: A comprehensive library of functionals for density functional theory, SoftwareX, 2018. DOI: 10.1016/j.softx.2017.11.002
   For:
     * LibXC version 6.2.0

 - D.B. Williams-Young, W.A. de Jong, H.J.J. van Dam, and C. Yang, On the Efficient Evaluation of the Exchange Correlation Potential on Graphics Processing Unit Clusters, Frontiers in Chemistry, 2020. DOI: 10.3389/fchem.2020.581058
   For:
     * ExchCXX GPU implementation of exchange-correlation functionals

 - R. Stocks and G.M.J. Barca, Efficient Algorithms for GPU Accelerated Evaluation of the DFT Exchange-Correlation Functional, J. Chem. Theory Comput., 2025. DOI: 10.1021/acs.jctc.5c01229
   For:
     * GPU accelerated DFT exchange-correlation evaluation

 - J. Tao, J. P. Perdew, V. N. Staroverov, and G. E. Scuseria.,  Phys. Rev. Lett. 91, 146401 (2003) DOI: 10.1103/PhysRevLett.91.146401
   For:
     * MGGA_C_TPSS XC Functional
     * MGGA_X_TPSS XC Functional

[CRAYBLAS_WARNING] Application linked against multiple cray-libsci libraries
