Total number of grid points: 392770 (5776 per atom)
Density calculation took 0.659892s
Tau required
Density calculation took 0.649971s
Tau required
Density calculation took 0.627548s
Tau required
Density calculation took 0.627544s
Tau required
Density calculation took 0.626519s
Tau required
Density calculation took 0.627525s
Tau required
Density calculation took 0.627091s
Tau required
Density calculation took 0.627798s
Tau required
Density calculation took 0.627203s
Tau required
Density calculation took 0.627952s
Tau required
Density calculation took 0.626966s
Tau required
Density calculation took 0.628099s
Tau required
Density calculation took 0.627687s
Tau required
Density calculation took 0.628375s
Tau required
Density calculation took 0.627643s
Tau required
Density calculation took 0.628106s
Tau required
Density calculation took 0.628163s
Tau required
Total number of grid points: 392230 (5768 per atom)
Density calculation took 0.692135s
Tau required
Density calculation took 0.655817s
Tau required
Density calculation took 0.631211s
Tau required
Density calculation took 0.631058s
Tau required
Density calculation took 0.630761s
Tau required
Density calculation took 0.631619s
Tau required
Density calculation took 0.632153s
Tau required
Density calculation took 0.631767s
Tau required
Density calculation took 0.631257s
Tau required
Density calculation took 0.631924s
Tau required
Density calculation took 0.632091s
Tau required
Density calculation took 0.632418s
Tau required
Density calculation took 0.632279s
Tau required
Density calculation took 0.632596s
Tau required
Density calculation took 0.632527s
Tau required
Density calculation took 0.632435s
Tau required
Density calculation took 0.632496s
Tau required
Total number of grid points: 392165 (5767 per atom)
Density calculation took 0.661476s
Tau required
Density calculation took 0.645918s
Tau required
Density calculation took 0.624410s
Tau required
Density calculation took 0.624736s
Tau required
Density calculation took 0.624820s
Tau required
Density calculation took 0.625045s
Tau required
Density calculation took 0.625151s
Tau required
Density calculation took 0.625906s
Tau required
Density calculation took 0.624682s
Tau required
Density calculation took 0.625167s
Tau required
Density calculation took 0.625259s
Tau required
Density calculation took 0.625964s
Tau required
Density calculation took 0.625405s
Tau required
Density calculation took 0.625756s
Tau required
Density calculation took 0.625780s
Tau required
Density calculation took 0.624862s
Tau required
Density calculation took 0.624998s
Tau required
Total number of grid points: 392710 (5775 per atom)
Density calculation took 0.655822s
Tau required
Density calculation took 0.657994s
Tau required
Density calculation took 0.635240s
Tau required
Density calculation took 0.634545s
Tau required
Density calculation took 0.634758s
Tau required
Density calculation took 0.634323s
Tau required
Density calculation took 0.635158s
Tau required
Density calculation took 0.634839s
Tau required
Density calculation took 0.635318s
Tau required
Density calculation took 0.634884s
Tau required
Density calculation took 0.635699s
Tau required
Density calculation took 0.634762s
Tau required
Density calculation took 0.635666s
Tau required
Density calculation took 0.635086s
Tau required
Density calculation took 0.635723s
Tau required
Density calculation took 0.635190s
Tau required
Density calculation took 0.635372s
Tau required
Total number of grid points: 392977 (5779 per atom)
Density calculation took 0.685196s
Tau required
Density calculation took 0.651980s
Tau required
Density calculation took 0.628952s
Tau required
Density calculation took 0.628825s
Tau required
Density calculation took 0.628884s
Tau required
Density calculation took 0.629388s
Tau required
Density calculation took 0.629392s
Tau required
Density calculation took 0.628087s
Tau required
Density calculation took 0.629328s
Tau required
Density calculation took 0.629146s
Tau required
Density calculation took 0.628788s
Tau required
Density calculation took 0.628911s
Tau required
Density calculation took 0.629705s
Tau required
Density calculation took 0.629415s
Tau required
Density calculation took 0.629393s
Tau required
Density calculation took 0.629917s
Tau required
Density calculation took 0.629623s
Tau required
Total number of grid points: 392347 (5769 per atom)
Density calculation took 0.659861s
Tau required
Density calculation took 0.649119s
Tau required
Density calculation took 0.627111s
Tau required
Density calculation took 0.627668s
Tau required
Density calculation took 0.627292s
Tau required
Density calculation took 0.627644s
Tau required
Density calculation took 0.626165s
Tau required
Density calculation took 0.627720s
Tau required
Density calculation took 0.627545s
Tau required
Density calculation took 0.627974s
Tau required
Density calculation took 0.627386s
Tau required
Density calculation took 0.627708s
Tau required
Density calculation took 0.627955s
Tau required
Density calculation took 0.627919s
Tau required
Density calculation took 0.627745s
Tau required
Density calculation took 0.627818s
Tau required
Density calculation took 0.627642s
Tau required
Total number of grid points: 392198 (5767 per atom)
Density calculation took 0.689747s
Tau required
Density calculation took 0.659107s
Tau required
Density calculation took 0.634199s
Tau required
Density calculation took 0.634850s
Tau required
Density calculation took 0.634307s
Tau required
Density calculation took 0.634475s
Tau required
Density calculation took 0.635219s
Tau required
Density calculation took 0.634409s
Tau required
Density calculation took 0.634888s
Tau required
Density calculation took 0.635014s
Tau required
Density calculation took 0.634702s
Tau required
Density calculation took 0.635315s
Tau required
Density calculation took 0.635072s
Tau required
Density calculation took 0.635127s
Tau required
Density calculation took 0.634816s
Tau required
Density calculation took 0.635107s
Tau required
Density calculation took 0.635004s
Tau required
Total number of grid points: 392205 (5767 per atom)
Density calculation took 0.687534s
Tau required
Density calculation took 0.649715s
Tau required
Density calculation took 0.628062s
Tau required
Density calculation took 0.628122s
Tau required
Density calculation took 0.629022s
Tau required
Density calculation took 0.628672s
Tau required
Density calculation took 0.628999s
Tau required
Density calculation took 0.629441s
Tau required
Density calculation took 0.628795s
Tau required
Density calculation took 0.628843s
Tau required
Density calculation took 0.629126s
Tau required
Density calculation took 0.628364s
Tau required
Density calculation took 0.628466s
Tau required
Density calculation took 0.629060s
Tau required
Density calculation took 0.629007s
Tau required
Density calculation took 0.629114s
Tau required
Density calculation took 0.628828s
Tau required
Total number of grid points: 392867 (5777 per atom)
Density calculation took 0.686509s
Tau required
Density calculation took 0.658346s
Tau required
Density calculation took 0.635297s
Tau required
Density calculation took 0.635818s
Tau required
Density calculation took 0.635609s
Tau required
Density calculation took 0.636051s
Tau required
Density calculation took 0.635303s
Tau required
Density calculation took 0.636233s
Tau required
Density calculation took 0.635724s
Tau required
Density calculation took 0.636884s
Tau required
Density calculation took 0.635405s
Tau required
Density calculation took 0.636638s
Tau required
Density calculation took 0.635960s
Tau required
Density calculation took 0.636224s
Tau required
Density calculation took 0.635786s
Tau required
Density calculation took 0.635335s
Tau required
Density calculation took 0.635488s
Tau required
Total number of grid points: 392344 (5769 per atom)
Density calculation took 0.692061s
Tau required
Density calculation took 0.654752s
Tau required
Density calculation took 0.632497s
Tau required
Density calculation took 0.632621s
Tau required
Density calculation took 0.632611s
Tau required
Density calculation took 0.632889s
Tau required
Density calculation took 0.632951s
Tau required
Density calculation took 0.632980s
Tau required
Density calculation took 0.632979s
Tau required
Density calculation took 0.632317s
Tau required
Density calculation took 0.633331s
Tau required
Density calculation took 0.632965s
Tau required
Density calculation took 0.633087s
Tau required
Density calculation took 0.633133s
Tau required
Density calculation took 0.633054s
Tau required
Density calculation took 0.631738s
Tau required
Density calculation took 0.633235s
Tau required
Total number of grid points: 392989 (5779 per atom)
Density calculation took 0.690967s
Tau required
Density calculation took 0.649156s
Tau required
Density calculation took 0.626731s
Tau required
Density calculation took 0.625848s
Tau required
Density calculation took 0.626939s
Tau required
Density calculation took 0.625700s
Tau required
Density calculation took 0.627204s
Tau required
Density calculation took 0.626253s
Tau required
Density calculation took 0.627522s
Tau required
Density calculation took 0.626092s
Tau required
Density calculation took 0.627349s
Tau required
Density calculation took 0.626302s
Tau required
Density calculation took 0.626992s
Tau required
Density calculation took 0.625677s
Tau required
Density calculation took 0.626971s
Tau required
Density calculation took 0.626035s
Tau required
Total number of grid points: 392137 (5766 per atom)
Density calculation took 0.687793s
Tau required
Density calculation took 0.656441s
Tau required
Density calculation took 0.635527s
Tau required
Density calculation took 0.635548s
Tau required
Density calculation took 0.636074s
Tau required
Density calculation took 0.635347s
Tau required
Density calculation took 0.635336s
Tau required
Density calculation took 0.635618s
Tau required
Density calculation took 0.635957s
Tau required
Density calculation took 0.635233s
Tau required
Density calculation took 0.636215s
Tau required
Density calculation took 0.635438s
Tau required
Density calculation took 0.635975s
Tau required
Density calculation took 0.635933s
Tau required
Density calculation took 0.636328s
Tau required
Density calculation took 0.635401s
Tau required
Density calculation took 0.636338s
Tau required
Total number of grid points: 392114 (5766 per atom)
Density calculation took 0.691837s
Tau required
Density calculation took 0.653387s
Tau required
Density calculation took 0.633061s
Tau required
Density calculation took 0.632215s
Tau required
Density calculation took 0.633344s
Tau required
Density calculation took 0.632488s
Tau required
Density calculation took 0.632648s
Tau required
Density calculation took 0.632254s
Tau required
Density calculation took 0.632765s
Tau required
Density calculation took 0.632949s
Tau required
Density calculation took 0.633438s
Tau required
Density calculation took 0.631622s
Tau required
Density calculation took 0.633165s
Tau required
Density calculation took 0.632308s
Tau required
Density calculation took 0.632918s
Tau required
Density calculation took 0.632630s
Tau required
Density calculation took 0.633538s
Tau required
Total number of grid points: 392672 (5774 per atom)
Density calculation took 0.660684s
Tau required
Density calculation took 0.658707s
Tau required
Density calculation took 0.634798s
Tau required
Density calculation took 0.634700s
Tau required
Density calculation took 0.635031s
Tau required
Density calculation took 0.635148s
Tau required
Density calculation took 0.635104s
Tau required
Density calculation took 0.635331s
Tau required
Density calculation took 0.635373s
Tau required
Density calculation took 0.634472s
Tau required
Density calculation took 0.635143s
Tau required
Density calculation took 0.634884s
Tau required
Density calculation took 0.634928s
Tau required
Density calculation took 0.634975s
Tau required
Density calculation took 0.635020s
Tau required
Density calculation took 0.635179s
Tau required
Density calculation took 0.635161s
Tau required
Total number of grid points: 392463 (5771 per atom)
Density calculation took 0.696346s
Tau required
Density calculation took 0.657844s
Tau required
Density calculation took 0.632166s
Tau required
Density calculation took 0.631802s
Tau required
Density calculation took 0.632247s
Tau required
Density calculation took 0.632770s
Tau required
Density calculation took 0.632645s
Tau required
Density calculation took 0.632316s
Tau required
Density calculation took 0.633510s
Tau required
Density calculation took 0.632875s
Tau required
Density calculation took 0.632900s
Tau required
Density calculation took 0.632888s
Tau required
Density calculation took 0.632637s
Tau required
Density calculation took 0.632940s
Tau required
Density calculation took 0.632648s
Tau required
Density calculation took 0.632137s
Tau required
Density calculation took 0.632836s
Tau required
Total number of grid points: 391774 (5761 per atom)
Density calculation took 0.694044s
Tau required
Density calculation took 0.653451s
Tau required
Density calculation took 0.634295s
Tau required
Density calculation took 0.632623s
Tau required
Density calculation took 0.633677s
Tau required
Density calculation took 0.632697s
Tau required
Density calculation took 0.633634s
Tau required
Density calculation took 0.632328s
Tau required
Density calculation took 0.634330s
Tau required
Density calculation took 0.632656s
Tau required
Density calculation took 0.633544s
Tau required
Density calculation took 0.633049s
Tau required
Density calculation took 0.634141s
Tau required
Density calculation took 0.631953s
Tau required
Density calculation took 0.634040s
Tau required
Density calculation took 0.632770s
Tau required
Density calculation took 0.633466s
Tau required
Total number of grid points: 392798 (5776 per atom)
Density calculation took 0.697606s
Tau required
Density calculation took 0.652437s
Tau required
Density calculation took 0.626712s
Tau required
Density calculation took 0.629442s
Tau required
Density calculation took 0.627421s
Tau required
Density calculation took 0.629535s
Tau required
Density calculation took 0.627126s
Tau required
Density calculation took 0.629879s
Tau required
Density calculation took 0.627588s
Tau required
Density calculation took 0.628508s
Tau required
Density calculation took 0.627660s
Tau required
Density calculation took 0.629094s
Tau required
Density calculation took 0.627741s
Tau required
Density calculation took 0.629727s
Tau required
Density calculation took 0.627784s
Tau required
Density calculation took 0.629166s
Tau required
Density calculation took 0.627892s
Tau required
Total number of grid points: 392000 (5764 per atom)
Density calculation took 0.664065s
Tau required
Density calculation took 0.647721s
Tau required
Density calculation took 0.626809s
Tau required
Density calculation took 0.626674s
Tau required
Density calculation took 0.626652s
Tau required
Density calculation took 0.626937s
Tau required
Density calculation took 0.627051s
Tau required
Density calculation took 0.626351s
Tau required
Density calculation took 0.627184s
Tau required
Density calculation took 0.627310s
Tau required
Density calculation took 0.627155s
Tau required
Density calculation took 0.626908s
Tau required
Density calculation took 0.626999s
Tau required
Density calculation took 0.627084s
Tau required
Density calculation took 0.626681s
Tau required
Total number of grid points: 392155 (5766 per atom)
Density calculation took 0.657829s
Tau required
Density calculation took 0.645707s
Tau required
Density calculation took 0.623447s
Tau required
Density calculation took 0.625385s
Tau required
Density calculation took 0.624985s
Tau required
Density calculation took 0.625357s
Tau required
Density calculation took 0.625949s
Tau required
Density calculation took 0.625260s
Tau required
Density calculation took 0.625425s
Tau required
Density calculation took 0.625986s
Tau required
Density calculation took 0.625455s
Tau required
Density calculation took 0.625598s
Tau required
Density calculation took 0.625448s
Tau required
Density calculation took 0.625465s
Tau required
Density calculation took 0.625744s
Tau required
Density calculation took 0.625682s
Tau required
Density calculation took 0.625669s
Tau required
Total number of grid points: 392516 (5772 per atom)
Density calculation took 0.686644s
Tau required
Density calculation took 0.658659s
Tau required
Density calculation took 0.634261s
Tau required
Density calculation took 0.637196s
Tau required
Density calculation took 0.634652s
Tau required
Density calculation took 0.637307s
Tau required
Density calculation took 0.635887s
Tau required
Density calculation took 0.637145s
Tau required
Density calculation took 0.635835s
Tau required
Density calculation took 0.637354s
Tau required
Density calculation took 0.635299s
Tau required
Density calculation took 0.637186s
Tau required
Density calculation took 0.636207s
Tau required
Density calculation took 0.637217s
Tau required
Density calculation took 0.636233s
Tau required
Density calculation took 0.637535s
Tau required
Density calculation took 0.635845s
Tau required
[CRAYBLAS_WARNING] Application linked against multiple cray-libsci libraries
GA_X_TPSS Energy Results         
=======================================================
E MGGA_C_TPSS+MGGA_X_TPSS: -1692.12112586
Nuclear Repulsion Energy: 4672.81548067
Electronic Energy:        -6115.86348635
XC Energy:                -249.073120
Converged:                1
# of SCF iterations:      17
SCF Time:                 34.551s

=======================================================
            Individual Calculation Summary             
=======================================================
HF Energy: -1692.1211258553032621
=======================================================


Topology 9 time: 34.753272 s, performance: SP: 0 FLOP/s, DP: 32.03 TFLOP/s
JSON file written to: json_logs/lustre_orion_chm213_scratch_ryan_dhdft_inputs_exess_exess_inputs_TPSS_def2-TZVP_isomers_18600-18619_topology_9.json
************************************************************
**************** Running topology 11 of 20 *****************
************************************************************

************************************************************
******* Beginning RI-MGGA_C_TPSS+MGGA_X_TPSS energy ********
************************************************************

=======================================================
        MGGA_C_TPSS+MGGA_X_TPSS Energy Results         
=======================================================
E MGGA_C_TPSS+MGGA_X_TPSS: -1692.12132794
Nuclear Repulsion Energy: 4670.31472333
Electronic Energy:        -6113.35696792
XC Energy:                -249.079083
Converged:                1
# of SCF iterations:      16
SCF Time:                 32.412s

=======================================================
            Individual Calculation Summary             
=======================================================
HF Energy: -1692.1213279374499052
=======================================================


Topology 10 time: 32.613195 s, performance: SP: 0 FLOP/s, DP: 32.25 TFLOP/s
JSON file written to: json_logs/lustre_orion_chm213_scratch_ryan_dhdft_inputs_exess_exess_inputs_TPSS_def2-TZVP_isomers_18600-18619_topology_10.json
************************************************************
**************** Running topology 12 of 20 *****************
************************************************************

************************************************************
******* Beginning RI-MGGA_C_TPSS+MGGA_X_TPSS energy ********
************************************************************

=======================================================
        MGGA_C_TPSS+MGGA_X_TPSS Energy Results         
=======================================================
E MGGA_C_TPSS+MGGA_X_TPSS: -1692.11991747
Nuclear Repulsion Energy: 4683.04282673
Electronic Energy:        -6126.08747792
XC Energy:                -249.075266
Converged:                1
# of SCF iterations:      17
SCF Time:                 34.675s

=======================================================
            Individual Calculation Summary             
=======================================================
HF Energy: -1692.1199174716325615
=======================================================


Topology 11 time: 34.875846 s, performance: SP: 0 FLOP/s, DP: 31.87 TFLOP/s
JSON file written to: json_logs/lustre_orion_chm213_scratch_ryan_dhdft_inputs_exess_exess_inputs_TPSS_def2-TZVP_isomers_18600-18619_topology_11.json
************************************************************
**************** Running topology 13 of 20 *****************
************************************************************

************************************************************
******* Beginning RI-MGGA_C_TPSS+MGGA_X_TPSS energy ********
************************************************************

=======================================================
        MGGA_C_TPSS+MGGA_X_TPSS Energy Results         
=======================================================
E MGGA_C_TPSS+MGGA_X_TPSS: -1692.11713626
Nuclear Repulsion Energy: 4644.78785098
Electronic Energy:        -6087.83338733
XC Energy:                -249.071600
Converged:                1
# of SCF iterations:      17
SCF Time:                 34.745s

=======================================================
            Individual Calculation Summary             
=======================================================
HF Energy: -1692.1171362580530513
=======================================================


Topology 12 time: 34.945186 s, performance: SP: 0 FLOP/s, DP: 31.85 TFLOP/s
JSON file written to: json_logs/lustre_orion_chm213_scratch_ryan_dhdft_inputs_exess_exess_inputs_TPSS_def2-TZVP_isomers_18600-18619_topology_12.json
************************************************************
**************** Running topology 14 of 20 *****************
************************************************************

************************************************************
******* Beginning RI-MGGA_C_TPSS+MGGA_X_TPSS energy ********
************************************************************

=======================================================
        MGGA_C_TPSS+MGGA_X_TPSS Energy Results         
=======================================================
E MGGA_C_TPSS+MGGA_X_TPSS: -1692.10257044
Nuclear Repulsion Energy: 4549.96734892
Electronic Energy:        -5992.99947265
XC Energy:                -249.070447
Converged:                1
# of SCF iterations:      17
SCF Time:                 34.782s

=======================================================
            Individual Calculation Summary             
=======================================================
HF Energy: -1692.1025704369621963
=======================================================


Topology 13 time: 34.973855 s, performance: SP: 0 FLOP/s, DP: 31.84 TFLOP/s
JSON file written to: json_logs/lustre_orion_chm213_scratch_ryan_dhdft_inputs_exess_exess_inputs_TPSS_def2-TZVP_isomers_18600-18619_topology_13.json
************************************************************
**************** Running topology 15 of 20 *****************
************************************************************

************************************************************
******* Beginning RI-MGGA_C_TPSS+MGGA_X_TPSS energy ********
************************************************************

=======================================================
        MGGA_C_TPSS+MGGA_X_TPSS Energy Results         
=======================================================
E MGGA_C_TPSS+MGGA_X_TPSS: -1692.12560021
Nuclear Repulsion Energy: 4537.43053057
Electronic Energy:        -5980.48838437
XC Energy:                -249.067746
Converged:                1
# of SCF iterations:      17
SCF Time:                 34.597s

=======================================================
            Individual Calculation Summary             
=======================================================
HF Energy: -1692.1256002057402839
=======================================================


Topology 14 time: 34.788236 s, performance: SP: 0 FLOP/s, DP: 32.07 TFLOP/s
JSON file written to: json_logs/lustre_orion_chm213_scratch_ryan_dhdft_inputs_exess_exess_inputs_TPSS_def2-TZVP_isomers_18600-18619_topology_14.json
************************************************************
**************** Running topology 16 of 20 *****************
************************************************************

************************************************************
******* Beginning RI-MGGA_C_TPSS+MGGA_X_TPSS energy ********
************************************************************

=======================================================
        MGGA_C_TPSS+MGGA_X_TPSS Energy Results         
=======================================================
E MGGA_C_TPSS+MGGA_X_TPSS: -1692.12556064
Nuclear Repulsion Energy: 4563.37508509
Electronic Energy:        -6006.42933817
XC Energy:                -249.071308
Converged:                1
# of SCF iterations:      17
SCF Time:                 34.788s

=======================================================
            Individual Calculation Summary             
=======================================================
HF Energy: -1692.1255606377069398
=======================================================


Topology 15 time: 34.981531 s, performance: SP: 0 FLOP/s, DP: 31.86 TFLOP/s
JSON file written to: json_logs/lustre_orion_chm213_scratch_ryan_dhdft_inputs_exess_exess_inputs_TPSS_def2-TZVP_isomers_18600-18619_topology_15.json
************************************************************
**************** Running topology 17 of 20 *****************
************************************************************

************************************************************
******* Beginning RI-MGGA_C_TPSS+MGGA_X_TPSS energy ********
************************************************************

=======================================================
        MGGA_C_TPSS+MGGA_X_TPSS Energy Results         
=======================================================
E MGGA_C_TPSS+MGGA_X_TPSS: -1692.1319749
Nuclear Repulsion Energy: 4564.60620881
Electronic Energy:        -6007.65943068
XC Energy:                -249.078753
Converged:                1
# of SCF iterations:      17
SCF Time:                 34.697s

=======================================================
            Individual Calculation Summary             
=======================================================
HF Energy: -1692.1319749003578181
=======================================================


Topology 16 time: 34.891269 s, performance: SP: 0 FLOP/s, DP: 31.96 TFLOP/s
JSON file written to: json_logs/lustre_orion_chm213_scratch_ryan_dhdft_inputs_exess_exess_inputs_TPSS_def2-TZVP_isomers_18600-18619_topology_16.json
************************************************************
**************** Running topology 18 of 20 *****************
************************************************************

************************************************************
******* Beginning RI-MGGA_C_TPSS+MGGA_X_TPSS energy ********
************************************************************

=======================================================
        MGGA_C_TPSS+MGGA_X_TPSS Energy Results         
=======================================================
E MGGA_C_TPSS+MGGA_X_TPSS: -1692.13749537
Nuclear Repulsion Energy: 4416.80914755
Electronic Energy:        -5859.87608944
XC Energy:                -249.070553
Converged:                1
# of SCF iterations:      15
SCF Time:                 30.591s

=======================================================
            Individual Calculation Summary             
=======================================================
HF Energy: -1692.1374953711074340
=======================================================


Topology 17 time: 30.775116 s, performance: SP: 0 FLOP/s, DP: 32.24 TFLOP/s
JSON file written to: json_logs/lustre_orion_chm213_scratch_ryan_dhdft_inputs_exess_exess_inputs_TPSS_def2-TZVP_isomers_18600-18619_topology_17.json
************************************************************
**************** Running topology 19 of 20 *****************
************************************************************

************************************************************
******* Beginning RI-MGGA_C_TPSS+MGGA_X_TPSS energy ********
************************************************************

=======================================================
        MGGA_C_TPSS+MGGA_X_TPSS Energy Results         
=======================================================
E MGGA_C_TPSS+MGGA_X_TPSS: -1692.12489079
Nuclear Repulsion Energy: 4454.37681289
Electronic Energy:        -5897.43304776
XC Energy:                -249.068656
Converged:                1
# of SCF iterations:      17
SCF Time:                 34.588s

=======================================================
            Individual Calculation Summary             
=======================================================
HF Energy: -1692.1248907934354975
=======================================================


Topology 18 time: 34.775206 s, performance: SP: 0 FLOP/s, DP: 32.04 TFLOP/s
JSON file written to: json_logs/lustre_orion_chm213_scratch_ryan_dhdft_inputs_exess_exess_inputs_TPSS_def2-TZVP_isomers_18600-18619_topology_18.json
************************************************************
**************** Running topology 20 of 20 *****************
************************************************************

************************************************************
******* Beginning RI-MGGA_C_TPSS+MGGA_X_TPSS energy ********
************************************************************

=======================================================
        MGGA_C_TPSS+MGGA_X_TPSS Energy Results         
=======================================================
E MGGA_C_TPSS+MGGA_X_TPSS: -1692.10807756
Nuclear Repulsion Energy: 4659.54269284
Electronic Energy:        -6102.57648218
XC Energy:                -249.074288
Converged:                1
# of SCF iterations:      17
SCF Time:                 35.105s

=======================================================
            Individual Calculation Summary             
=======================================================
HF Energy: -1692.1080775579448527
=======================================================


Topology 19 time: 35.306375 s, performance: SP: 0 FLOP/s, DP: 31.52 TFLOP/s
JSON file written to: json_logs/lustre_orion_chm213_scratch_ryan_dhdft_inputs_exess_exess_inputs_TPSS_def2-TZVP_isomers_18600-18619_topology_19.json
Total flops: SP: 0 FLOPS, DP: 22.081314 PFLOPS
Performance: SP: 0 FLOP/s, DP: 31.47 TFLOP/s

Now, a word from our sponsors... 
 If you find an item that you cannot identify, do not touch, tamper with or disturb it in any way. (The ACT warning about Unexploded Ordinance (UXO) around Mount Ainslie

[31mTotal processing time 701.922861 seconds[0m
[CRAYBLAS_WARNING] Application linked against multiple cray-libsci libraries
6187     |    0.2680
Density calculation took 0.610427s
Tau required
    6     | -1692.1158298668 |   4.9280e-03   |    1.6188     |    0.2597
Density calculation took 0.611724s
Tau required
    7     | -1692.1168948044 |   8.4555e-04   |    1.6191     |    0.2711
Density calculation took 0.610269s
Tau required
    8     | -1692.1170498251 |   2.9094e-04   |    1.6148     |    0.2593
Density calculation took 0.611147s
Tau required
    9     | -1692.1171308215 |   1.8267e-05   |    1.6192     |    0.2618
Density calculation took 0.611282s
Tau required
   10     | -1692.1171346183 |   5.6414e-06   |    1.6167     |    0.2602
Density calculation took 0.611083s
Tau required
   11     | -1692.1171361243 |   4.6246e-07   |    1.6185     |    0.2603
Density calculation took 0.611344s
Tau required
   12     | -1692.1171362162 |   1.4950e-07   |    1.6134     |    0.2607
Density calculation took 0.611829s
Tau required
   13     | -1692.1171362520 |   2.0899e-08   |    1.6193     |    0.2602
Density calculation took 0.611555s
Tau required
   14     | -1692.1171362573 |   2.4772e-09   |    1.6155     |    0.2603
Density calculation took 0.611667s
Tau required
   15     | -1692.1171362580 |   3.4716e-10   |    1.6194     |    0.2605
Density calculation took 0.611673s
Tau required
   16     | -1692.1171362580 |   1.0526e-10   |    1.6181     |    0.2603
Density calculation took 0.611782s
Tau required
   17     | -1692.1171362581 |   2.6078e-11   |    1.6187     |    0.2602
Created 709580 / 2985984 significant shell pairs
Created 550131 / 2274064 significant shell pairs
Total number of grid points: 392798 (5776 per atom)
One electron integrals and orthogonalizer took 0.052628s
Created 550131 / 2274064 significant shell pairs
3C integrals and B formation took 2.133531s
Iteration |      Energy      |  DIIS Metric   | Fock Time (s) | DIIS Time (s)
----------+------------------+----------------+---------------+--------------
Density calculation took 0.649879s
Tau required
    1     | -1702.6782262117 |   1.0377e+03   |    1.7911     |    0.2936
Density calculation took 0.633056s
Tau required
    2     | -1691.2427126503 |   3.0314e+00   |    1.6668     |    0.2574
Density calculation took 0.609599s
Tau required
    3     | -1690.9828170053 |   4.1265e+00   |    1.6209     |    0.2656
Density calculation took 0.609391s
Tau required
    4     | -1692.0760400625 |   9.9007e-02   |    1.6215     |    0.2589
Density calculation took 0.609142s
Tau required
    5     | -1692.0914777164 |   3.9380e-02   |    1.6216     |    0.2688
Density calculation took 0.609496s
Tau required
    6     | -1692.1014146433 |   4.0475e-03   |    1.6209     |    0.2597
Density calculation took 0.609366s
Tau required
    7     | -1692.1022643738 |   1.0450e-03   |    1.6234     |    0.2712
Density calculation took 0.609764s
Tau required
    8     | -1692.1025006387 |   2.3633e-04   |    1.6259     |    0.2614
Density calculation took 0.609528s
Tau required
    9     | -1692.1025669394 |   1.2575e-05   |    1.6238     |    0.2648
Density calculation took 0.609957s
Tau required
   10     | -1692.1025689008 |   5.3393e-06   |    1.6225     |    0.2608
Density calculation took 0.609047s
Tau required
   11     | -1692.1025703403 |   3.4535e-07   |    1.6228     |    0.2606
Density calculation took 0.609897s
Tau required
   12     | -1692.1025704101 |   9.7605e-08   |    1.6200     |    0.2614
Density calculation took 0.609304s
Tau required
   13     | -1692.1025704350 |   7.6480e-09   |    1.6210     |    0.2637
Density calculation took 0.609715s
Tau required
   14     | -1692.1025704365 |   1.5475e-09   |    1.6216     |    0.2637
Density calculation took 0.609563s
Tau required
   15     | -1692.1025704369 |   2.5228e-10   |    1.6230     |    0.2627
Density calculation took 0.610672s
Tau required
   16     | -1692.1025704369 |   2.6175e-10   |    1.6244     |    0.2612
Density calculation took 0.609378s
Tau required
   17     | -1692.1025704370 |   4.5591e-11   |    1.6223     |    0.2610
Created 704417 / 2985984 significant shell pairs
Created 546807 / 2274064 significant shell pairs
Total number of grid points: 392523 (5772 per atom)
One electron integrals and orthogonalizer took 0.052510s
Created 546807 / 2274064 significant shell pairs
3C integrals and B formation took 2.126704s
Iteration |      Energy      |  DIIS Metric   | Fock Time (s) | DIIS Time (s)
----------+------------------+----------------+---------------+--------------
Density calculation took 0.683634s
Tau required
    1     | -1702.6710929590 |   1.0339e+03   |    1.8496     |    0.2931
Density calculation took 0.635415s
Tau required
    2     | -1691.2634119575 |   3.0394e+00   |    1.6542     |    0.2581
Density calculation took 0.613369s
Tau required
    3     | -1691.0094837536 |   4.1083e+00   |    1.6082     |    0.2673
Density calculation took 0.614861s
Tau required
    4     | -1692.0959894825 |   1.0899e-01   |    1.6042     |    0.2579
Density calculation took 0.615221s
Tau required
    5     | -1692.1104530772 |   5.1307e-02   |    1.6070     |    0.2685
Density calculation took 0.613546s
Tau required
    6     | -1692.1240238093 |   5.5898e-03   |    1.6063     |    0.2611
Density calculation took 0.615534s
Tau required
    7     | -1692.1253913755 |   7.6228e-04   |    1.6069     |    0.2687
Density calculation took 0.614194s
Tau required
    8     | -1692.1255480668 |   1.7670e-04   |    1.6099     |    0.2611
Density calculation took 0.615149s
Tau required
    9     | -1692.1255957219 |   1.4974e-05   |    1.6091     |    0.2610
Density calculation took 0.615259s
Tau required
   10     | -1692.1255988351 |   4.6811e-06   |    1.6084     |    0.2625
Density calculation took 0.615112s
Tau required
   11     | -1692.1256000947 |   3.7688e-07   |    1.6077     |    0.2617
Density calculation took 0.615602s
Tau required
   12     | -1692.1256001755 |   1.0314e-07   |    1.6070     |    0.2604
Density calculation took 0.615222s
Tau required
   13     | -1692.1256002028 |   1.0280e-08   |    1.6084     |    0.2600
Density calculation took 0.615738s
Tau required
   14     | -1692.1256002050 |   2.6800e-09   |    1.6125     |    0.2603
Density calculation took 0.614815s
Tau required
   15     | -1692.1256002057 |   2.2537e-10   |    1.6084     |    0.2604
Density calculation took 0.615491s
Tau required
   16     | -1692.1256002057 |   3.0028e-10   |    1.6045     |    0.2606
Density calculation took 0.615777s
Tau required
   17     | -1692.1256002057 |   3.9567e-11   |    1.6108     |    0.2613
Created 713426 / 2985984 significant shell pairs
Created 553631 / 2274064 significant shell pairs
Total number of grid points: 393004 (5779 per atom)
One electron integrals and orthogonalizer took 0.051841s
Created 553631 / 2274064 significant shell pairs
3C integrals and B formation took 2.142034s
Iteration |      Energy      |  DIIS Metric   | Fock Time (s) | DIIS Time (s)
----------+------------------+----------------+---------------+--------------
Density calculation took 0.653778s
Tau required
    1     | -1702.6795582072 |   1.0367e+03   |    1.8330     |    0.2934
Density calculation took 0.635053s
Tau required
    2     | -1691.2602586363 |   3.0545e+00   |    1.6615     |    0.2580
Density calculation took 0.613446s
Tau required
    3     | -1690.9847722747 |   4.1899e+00   |    1.6193     |    0.2658
Density calculation took 0.614418s
Tau required
    4     | -1692.0843311564 |   1.4492e-01   |    1.6212     |    0.2581
Density calculation took 0.614848s
Tau required
    5     | -1692.1026545630 |   7.8191e-02   |    1.6205     |    0.2677
Density calculation took 0.614622s
Tau required
    6     | -1692.1240561152 |   5.5713e-03   |    1.6185     |    0.2599
Density calculation took 0.614664s
Tau required
    7     | -1692.1252857076 |   9.7622e-04   |    1.6197     |    0.2701
Density calculation took 0.614920s
Tau required
    8     | -1692.1254530378 |   3.6917e-04   |    1.6213     |    0.2608
Density calculation took 0.614781s
Tau required
    9     | -1692.1255551213 |   1.9117e-05   |    1.6202     |    0.2607
Density calculation took 0.613946s
Tau required
   10     | -1692.1255591776 |   5.2030e-06   |    1.6197     |    0.2609
Density calculation took 0.614632s
Tau required
   11     | -1692.1255605033 |   4.6860e-07   |    1.6209     |    0.2621
Density calculation took 0.614320s
Tau required
   12     | -1692.1255605876 |   1.7563e-07   |    1.6227     |    0.2602
Density calculation took 0.615197s
Tau required
   13     | -1692.1255606323 |   1.9742e-08   |    1.6184     |    0.2613
Density calculation took 0.614359s
Tau required
   14     | -1692.1255606368 |   3.1891e-09   |    1.6201     |    0.2612
Density calculation took 0.615360s
Tau required
   15     | -1692.1255606376 |   2.8251e-10   |    1.6213     |    0.2611
Density calculation took 0.614663s
Tau required
   16     | -1692.1255606377 |   1.4407e-10   |    1.6193     |    0.2630
Density calculation took 0.614906s
Tau required
   17     | -1692.1255606377 |   3.0198e-11   |    1.6204     |    0.2639
Created 714579 / 2985984 significant shell pairs
Created 554031 / 2274064 significant shell pairs
Total number of grid points: 392966 (5778 per atom)
One electron integrals and orthogonalizer took 0.053099s
Created 554031 / 2274064 significant shell pairs
3C integrals and B formation took 2.154152s
Iteration |      Energy      |  DIIS Metric   | Fock Time (s) | DIIS Time (s)
----------+------------------+----------------+---------------+--------------
Density calculation took 0.658380s
Tau required
    1     | -1702.6922789172 |   1.0386e+03   |    1.8517     |    0.2941
Density calculation took 0.636259s
Tau required
    2     | -1691.2643110770 |   3.0700e+00   |    1.6495     |    0.2571
Density calculation took 0.612913s
Tau required
    3     | -1690.9912940486 |   4.2055e+00   |    1.6093     |    0.2676
Density calculation took 0.613095s
Tau required
    4     | -1692.1023239856 |   1.0374e-01   |    1.6091     |    0.2587
Density calculation took 0.614598s
Tau required
    5     | -1692.1129544355 |   6.6891e-02   |    1.6144     |    0.2686
Density calculation took 0.614845s
Tau required
    6     | -1692.1308643510 |   4.0389e-03   |    1.6172     |    0.2590
Density calculation took 0.614627s
Tau required
    7     | -1692.1316148416 |   1.2546e-03   |    1.6122     |    0.2691
Density calculation took 0.615188s
Tau required
    8     | -1692.1319230891 |   1.7912e-04   |    1.6090     |    0.2611
Density calculation took 0.614708s
Tau required
    9     | -1692.1319695556 |   1.8520e-05   |    1.6162     |    0.2623
Density calculation took 0.612912s
Tau required
   10     | -1692.1319739556 |   3.4826e-06   |    1.6098     |    0.2602
Density calculation took 0.614823s
Tau required
   11     | -1692.1319748249 |   2.6671e-07   |    1.6149     |    0.2624
Density calculation took 0.613561s
Tau required
   12     | -1692.1319748652 |   1.2268e-07   |    1.6085     |    0.2604
Density calculation took 0.614825s
Tau required
   13     | -1692.1319748980 |   8.3219e-09   |    1.6150     |    0.2635
Density calculation took 0.613627s
Tau required
   14     | -1692.1319748998 |   1.9681e-09   |    1.6092     |    0.2631
Density calculation took 0.614188s
Tau required
   15     | -1692.1319749003 |   1.7998e-10   |    1.6168     |    0.2616
Density calculation took 0.613451s
Tau required
   16     | -1692.1319749003 |   1.3144e-10   |    1.6083     |    0.2604
Density calculation took 0.615108s
Tau required
   17     | -1692.1319749004 |   1.9684e-11   |    1.6172     |    0.2624
Created 673236 / 2985984 significant shell pairs
Created 521406 / 2274064 significant shell pairs
Total number of grid points: 392158 (5767 per atom)
One electron integrals and orthogonalizer took 0.052460s
Created 521406 / 2274064 significant shell pairs
3C integrals and B formation took 2.084844s
Iteration |      Energy      |  DIIS Metric   | Fock Time (s) | DIIS Time (s)
----------+------------------+----------------+---------------+--------------
Density calculation took 0.656040s
Tau required
    1     | -1702.6772322148 |   1.0332e+03   |    1.7920     |    0.2939
Density calculation took 0.628757s
Tau required
    2     | -1691.2729961133 |   3.0534e+00   |    1.6285     |    0.2575
Density calculation took 0.607706s
Tau required
    3     | -1691.0226696885 |   4.0954e+00   |    1.5947     |    0.2672
Density calculation took 0.607009s
Tau required
    4     | -1692.1130041486 |   8.8299e-02   |    1.5968     |    0.2614
Density calculation took 0.607917s
Tau required
    5     | -1692.1268483138 |   3.8102e-02   |    1.5948     |    0.2704
Density calculation took 0.607809s
Tau required
    6     | -1692.1366923080 |   2.8949e-03   |    1.5948     |    0.2602
Density calculation took 0.608225s
Tau required
    7     | -1692.1372690259 |   8.0497e-04   |    1.5967     |    0.2710
Density calculation took 0.607872s
Tau required
    8     | -1692.1374615307 |   1.1898e-04   |    1.5962     |    0.2613
Density calculation took 0.606953s
Tau required
    9     | -1692.1374919680 |   1.2316e-05   |    1.5973     |    0.2614
Density calculation took 0.607199s
Tau required
   10     | -1692.1374947772 |   2.1455e-06   |    1.5956     |    0.2618
Density calculation took 0.607190s
Tau required
   11     | -1692.1374953091 |   2.1408e-07   |    1.5970     |    0.2623
Density calculation took 0.607449s
Tau required
   12     | -1692.1374953468 |   8.4093e-08   |    1.5952     |    0.2643
Density calculation took 0.607636s
Tau required
   13     | -1692.1374953701 |   3.7885e-09   |    1.5959     |    0.2656
Density calculation took 0.607592s
Tau required
   14     | -1692.1374953707 |   1.4820e-09   |    1.5973     |    0.2632
Density calculation took 0.607353s
Tau required
   15     | -1692.1374953711 |   6.8360e-11   |    1.5979     |    0.2617
Created 683265 / 2985984 significant shell pairs
Created 529294 / 2274064 significant shell pairs
Total number of grid points: 392827 (5776 per atom)
One electron integrals and orthogonalizer took 0.052358s
Created 529294 / 2274064 significant shell pairs
3C integrals and B formation took 2.088985s
Iteration |      Energy      |  DIIS Metric   | Fock Time (s) | DIIS Time (s)
----------+------------------+----------------+---------------+--------------
Density calculation took 0.660530s
Tau required
    1     | -1702.6739714214 |   1.0344e+03   |    1.7928     |    0.2944
Density calculation took 0.633778s
Tau required
    2     | -1691.2618385707 |   3.0411e+00   |    1.6441     |    0.2580
Density calculation took 0.608732s
Tau required
    3     | -1691.0109121884 |   4.0805e+00   |    1.6166     |    0.2667
Density calculation took 0.609471s
Tau required
    4     | -1692.0985292962 |   9.4795e-02   |    1.6152     |    0.2589
Density calculation took 0.608599s
Tau required
    5     | -1692.1124364724 |   4.4423e-02   |    1.6143     |    0.2677
Density calculation took 0.608655s
Tau required
    6     | -1692.1239059276 |   3.5658e-03   |    1.6141     |    0.2595
Density calculation took 0.608867s
Tau required
    7     | -1692.1246351973 |   9.0179e-04   |    1.6148     |    0.2697
Density calculation took 0.608414s
Tau required
    8     | -1692.1248352988 |   1.9614e-04   |    1.6134     |    0.2605
Density calculation took 0.608408s
Tau required
    9     | -1692.1248881104 |   9.6335e-06   |    1.6138     |    0.2603
Density calculation took 0.609268s
Tau required
   10     | -1692.1248898647 |   3.2155e-06   |    1.6175     |    0.2607
Density calculation took 0.609079s
Tau required
   11     | -1692.1248907134 |   2.7036e-07   |    1.6150     |    0.2605
Density calculation took 0.609510s
Tau required
   12     | -1692.1248907651 |   9.7929e-08   |    1.6156     |    0.2611
Density calculation took 0.608794s
Tau required
   13     | -1692.1248907914 |   7.3562e-09   |    1.6123     |    0.2606
Density calculation took 0.609783s
Tau required
   14     | -1692.1248907926 |   2.9884e-09   |    1.6129     |    0.2600
Density calculation took 0.609140s
Tau required
   15     | -1692.1248907934 |   1.6368e-10   |    1.6146     |    0.2645
Density calculation took 0.610291s
Tau required
   16     | -1692.1248907934 |   2.5211e-10   |    1.6143     |    0.2602
Density calculation took 0.608753s
Tau required
   17     | -1692.1248907934 |   4.2170e-11   |    1.6147     |    0.2611
Created 741388 / 2985984 significant shell pairs
Created 575416 / 2274064 significant shell pairs
Total number of grid points: 392166 (5767 per atom)
One electron integrals and orthogonalizer took 0.053092s
Created 575416 / 2274064 significant shell pairs
3C integrals and B formation took 2.161180s
Iteration |      Energy      |  DIIS Metric   | Fock Time (s) | DIIS Time (s)
----------+------------------+----------------+---------------+--------------
Density calculation took 0.693436s
Tau required
    1     | -1702.6867259019 |   1.0406e+03   |    1.8404     |    0.2939
Density calculation took 0.630147s
Tau required
    2     | -1691.2439165492 |   3.0499e+00   |    1.6790     |    0.2586
Density calculation took 0.608872s
Tau required
    3     | -1690.9514046236 |   4.2628e+00   |    1.6345     |    0.2673
Density calculation took 0.608991s
Tau required
    4     | -1692.0657645411 |   1.5007e-01   |    1.6423     |    0.2619
Density calculation took 0.609887s
Tau required
    5     | -1692.0850313765 |   7.8729e-02   |    1.6341     |    0.2687
Density calculation took 0.609447s
Tau required
    6     | -1692.1062267710 |   6.7374e-03   |    1.6418     |    0.2585
Density calculation took 0.610031s
Tau required
    7     | -1692.1077647247 |   1.1144e-03   |    1.6338     |    0.2690
Density calculation took 0.609453s
Tau required
    8     | -1692.1079865440 |   3.1776e-04   |    1.6411     |    0.2605
Density calculation took 0.609696s
Tau required
    9     | -1692.1080688474 |   2.9291e-05   |    1.6343     |    0.2597
Density calculation took 0.609086s
Tau required
   10     | -1692.1080760191 |   5.3653e-06   |    1.6419     |    0.2616
Density calculation took 0.609678s
Tau required
   11     | -1692.1080773892 |   5.8164e-07   |    1.6342     |    0.2610
Density calculation took 0.609336s
Tau required
   12     | -1692.1080775200 |   1.2838e-07   |    1.6403     |    0.2610
Density calculation took 0.610069s
Tau required
   13     | -1692.1080775524 |   1.8227e-08   |    1.6351     |    0.2664
Density calculation took 0.608973s
Tau required
   14     | -1692.1080775570 |   3.2423e-09   |    1.6428     |    0.2613
Density calculation took 0.609843s
Tau required
   15     | -1692.1080775578 |   4.3304e-10   |    1.6357     |    0.2606
Density calculation took 0.609300s
Tau required
   16     | -1692.1080775578 |   5.1274e-10   |    1.6406     |    0.2610
Density calculation took 0.609703s
Tau required
   17     | -1692.1080775579 |   2.9158e-11   |    1.6352     |    0.2607
Please cite the following papers for the methods used in this calculation:
 - J.L. Galvez Vallejo et. al., Toward an extreme-scale electronic structure system, J. Chem. Phys., 2023. DOI: 10.1063/5.0156399

 - R. Stocks, E. Palethorpe, and G.M.J. Barca, Multi-GPU RI-HF Energies and Analytic Gradients ─ Toward High-Throughput Ab Initio Molecular Dynamics, J. Chem. Theory Comput., 2024. DOI: 10.1021/acs.jctc.4c00877
   For:
     * RI-HF energy

 - S. Lehtola, C. Steigemann, M.J.T. Oliveira, and M.A.L. Marques, Recent developments in Libxc: A comprehensive library of functionals for density functional theory, SoftwareX, 2018. DOI: 10.1016/j.softx.2017.11.002
   For:
     * LibXC version 6.2.0

 - D.B. Williams-Young, W.A. de Jong, H.J.J. van Dam, and C. Yang, On the Efficient Evaluation of the Exchange Correlation Potential on Graphics Processing Unit Clusters, Frontiers in Chemistry, 2020. DOI: 10.3389/fchem.2020.581058
   For:
     * ExchCXX GPU implementation of exchange-correlation functionals

 - R. Stocks and G.M.J. Barca, Efficient Algorithms for GPU Accelerated Evaluation of the DFT Exchange-Correlation Functional, J. Chem. Theory Comput., 2025. DOI: 10.1021/acs.jctc.5c01229
   For:
     * GPU accelerated DFT exchange-correlation evaluation

 - J. Tao, J. P. Perdew, V. N. Staroverov, and G. E. Scuseria.,  Phys. Rev. Lett. 91, 146401 (2003) DOI: 10.1103/PhysRevLett.91.146401
   For:
     * MGGA_C_TPSS XC Functional
     * MGGA_X_TPSS XC Functional

[CRAYBLAS_WARNING] Application linked against multiple cray-libsci libraries
