Total number of grid points: 346343 (5772 per atom)
Density calculation took 0.503570s
Tau required
Density calculation took 0.513502s
Tau required
Density calculation took 0.499972s
Tau required
Density calculation took 0.497981s
Tau required
Density calculation took 0.500263s
Tau required
Density calculation took 0.499178s
Tau required
Density calculation took 0.500344s
Tau required
Density calculation took 0.499360s
Tau required
Density calculation took 0.501030s
Tau required
Density calculation took 0.499253s
Tau required
Density calculation took 0.501367s
Tau required
Density calculation took 0.499307s
Tau required
Density calculation took 0.501234s
Tau required
Density calculation took 0.500230s
Tau required
Density calculation took 0.501358s
Tau required
Density calculation took 0.500070s
Tau required
Density calculation took 0.501599s
Tau required
Total number of grid points: 346220 (5770 per atom)
Density calculation took 0.506688s
Tau required
Density calculation took 0.519711s
Tau required
Density calculation took 0.499551s
Tau required
Density calculation took 0.499097s
Tau required
Density calculation took 0.500121s
Tau required
Density calculation took 0.500088s
Tau required
Density calculation took 0.500260s
Tau required
Density calculation took 0.499838s
Tau required
Density calculation took 0.500191s
Tau required
Density calculation took 0.500484s
Tau required
Density calculation took 0.500074s
Tau required
Density calculation took 0.500325s
Tau required
Density calculation took 0.500033s
Tau required
Density calculation took 0.500552s
Tau required
Density calculation took 0.500052s
Tau required
Density calculation took 0.500701s
Tau required
Density calculation took 0.500315s
Tau required
Total number of grid points: 346781 (5779 per atom)
Density calculation took 0.505863s
Tau required
Density calculation took 0.515826s
Tau required
Density calculation took 0.496871s
Tau required
Density calculation took 0.496200s
Tau required
Density calculation took 0.496936s
Tau required
Density calculation took 0.496352s
Tau required
Density calculation took 0.497027s
Tau required
Density calculation took 0.496758s
Tau required
Density calculation took 0.496881s
Tau required
Density calculation took 0.496546s
Tau required
Density calculation took 0.496912s
Tau required
Density calculation took 0.496575s
Tau required
Density calculation took 0.497397s
Tau required
Density calculation took 0.496794s
Tau required
Density calculation took 0.497283s
Tau required
Density calculation took 0.496356s
Tau required
Density calculation took 0.497411s
Tau required
Total number of grid points: 346399 (5773 per atom)
Density calculation took 0.507938s
Tau required
Density calculation took 0.519001s
Tau required
Density calculation took 0.499322s
Tau required
Density calculation took 0.499307s
Tau required
Density calculation took 0.499315s
Tau required
Density calculation took 0.499423s
Tau required
Density calculation took 0.499561s
Tau required
Density calculation took 0.499652s
Tau required
Density calculation took 0.499833s
Tau required
Density calculation took 0.499589s
Tau required
Density calculation took 0.499715s
Tau required
Density calculation took 0.499493s
Tau required
Density calculation took 0.500017s
Tau required
Density calculation took 0.499910s
Tau required
Density calculation took 0.499965s
Tau required
Density calculation took 0.499904s
Tau required
Density calculation took 0.499483s
Tau required
Total number of grid points: 346603 (5776 per atom)
Density calculation took 0.504056s
Tau required
Density calculation took 0.519012s
Tau required
Density calculation took 0.500836s
Tau required
Density calculation took 0.499564s
Tau required
Density calculation took 0.500600s
Tau required
Density calculation took 0.499925s
Tau required
Density calculation took 0.501251s
Tau required
Density calculation took 0.499920s
Tau required
Density calculation took 0.501060s
Tau required
Density calculation took 0.500153s
Tau required
Density calculation took 0.501401s
Tau required
Density calculation took 0.500184s
Tau required
Density calculation took 0.500864s
Tau required
Density calculation took 0.499834s
Tau required
Density calculation took 0.500876s
Tau required
Density calculation took 0.500131s
Tau required
Density calculation took 0.501358s
Tau required
Total number of grid points: 346681 (5778 per atom)
Density calculation took 0.507700s
Tau required
Density calculation took 0.518469s
Tau required
Density calculation took 0.498362s
Tau required
Density calculation took 0.497809s
Tau required
Density calculation took 0.498655s
Tau required
Density calculation took 0.497855s
Tau required
Density calculation took 0.498545s
Tau required
Density calculation took 0.497931s
Tau required
Density calculation took 0.498854s
Tau required
Density calculation took 0.498300s
Tau required
Density calculation took 0.499064s
Tau required
Density calculation took 0.498269s
Tau required
Density calculation took 0.499105s
Tau required
Density calculation took 0.498208s
Tau required
Density calculation took 0.498906s
Tau required
Density calculation took 0.498391s
Tau required
Density calculation took 0.499017s
Tau required
Total number of grid points: 346128 (5768 per atom)
Density calculation took 0.512948s
Tau required
Density calculation took 0.519979s
Tau required
Density calculation took 0.499563s
Tau required
Density calculation took 0.500413s
Tau required
Density calculation took 0.500220s
Tau required
Density calculation took 0.500192s
Tau required
Density calculation took 0.500357s
Tau required
Density calculation took 0.500312s
Tau required
Density calculation took 0.500215s
Tau required
Density calculation took 0.500378s
Tau required
Density calculation took 0.500322s
Tau required
Density calculation took 0.500132s
Tau required
Density calculation took 0.500322s
Tau required
Density calculation took 0.500320s
Tau required
Density calculation took 0.500247s
Tau required
Density calculation took 0.500262s
Tau required
Density calculation took 0.500291s
Tau required
Total number of grid points: 346784 (5779 per atom)
Density calculation took 0.503410s
Tau required
Density calculation took 0.521436s
Tau required
Density calculation took 0.500161s
Tau required
Density calculation took 0.500755s
Tau required
Density calculation took 0.501068s
Tau required
Density calculation took 0.500511s
Tau required
Density calculation took 0.501073s
Tau required
Density calculation took 0.500084s
Tau required
Density calculation took 0.500965s
Tau required
Density calculation took 0.501084s
Tau required
Density calculation took 0.501185s
Tau required
Density calculation took 0.500876s
Tau required
Density calculation took 0.500906s
Tau required
Density calculation took 0.501206s
Tau required
Density calculation took 0.501205s
Tau required
Density calculation took 0.501351s
Tau required
Density calculation took 0.500983s
Tau required
Total number of grid points: 346644 (5777 per atom)
Density calculation took 0.506585s
Tau required
Density calculation took 0.519882s
Tau required
Density calculation took 0.499920s
Tau required
Density calculation took 0.500437s
Tau required
Density calculation took 0.500349s
Tau required
Density calculation took 0.500599s
Tau required
Density calculation took 0.500537s
Tau required
Density calculation took 0.500727s
Tau required
Density calculation took 0.500404s
Tau required
Density calculation took 0.500393s
Tau required
Density calculation took 0.500571s
Tau required
Density calculation took 0.500343s
Tau required
Density calculation took 0.500557s
Tau required
Density calculation took 0.500682s
Tau required
Density calculation took 0.500611s
Tau required
Density calculation took 0.500634s
Tau required
Density calculation took 0.500727s
Tau required
Total number of grid points: 346561 (5776 per atom)
Density calculation took 0.506031s
Tau required
Density calculation took 0.522477s
Tau required
Density calculation took 0.503173s
Tau required
Density calculation took 0.502838s
Tau required
Density calculation took 0.503124s
Tau required
Density calculation took 0.503371s
Tau required
Density calculation took 0.503155s
Tau required
Density calculation took 0.503356s
Tau required
Density calculation took 0.503500s
Tau required
Density calculation took 0.503601s
Tau required
Density calculation took 0.503308s
Tau required
Density calculation took 0.503418s
Tau required
Density calculation took 0.503528s
Tau required
Density calculation took 0.503069s
Tau required
Density calculation took 0.503542s
Tau required
Density calculation took 0.503586s
Tau required
Density calculation took 0.503611s
Tau required
Total number of grid points: 346596 (5776 per atom)
Density calculation took 0.506203s
Tau required
Density calculation took 0.520482s
Tau required
Density calculation took 0.502471s
Tau required
Density calculation took 0.501075s
Tau required
Density calculation took 0.502751s
Tau required
Density calculation took 0.501093s
Tau required
Density calculation took 0.502572s
Tau required
Density calculation took 0.501157s
Tau required
Density calculation took 0.502626s
Tau required
Density calculation took 0.501202s
Tau required
Density calculation took 0.502941s
Tau required
Density calculation took 0.501242s
Tau required
Density calculation took 0.502889s
Tau required
Density calculation took 0.501427s
Tau required
Density calculation took 0.502543s
Tau required
Density calculation took 0.501472s
Tau required
Density calculation took 0.502664s
Tau required
Total number of grid points: 346638 (5777 per atom)
Density calculation took 0.504445s
Tau required
Density calculation took 0.518148s
Tau required
Density calculation took 0.498216s
Tau required
Density calculation took 0.498127s
Tau required
Density calculation took 0.498145s
Tau required
Density calculation took 0.497716s
Tau required
Density calculation took 0.497405s
Tau required
Density calculation took 0.497799s
Tau required
Density calculation took 0.498280s
Tau required
Density calculation took 0.497919s
Tau required
Density calculation took 0.497761s
Tau required
Density calculation took 0.498671s
Tau required
Density calculation took 0.498590s
Tau required
Density calculation took 0.498283s
Tau required
Density calculation took 0.498346s
Tau required
Density calculation took 0.498599s
Tau required
Density calculation took 0.498524s
Tau required
Total number of grid points: 346747 (5779 per atom)
Density calculation took 0.508661s
Tau required
Density calculation took 0.522580s
Tau required
Density calculation took 0.500349s
Tau required
Density calculation took 0.500460s
Tau required
Density calculation took 0.500475s
Tau required
Density calculation took 0.500952s
Tau required
Density calculation took 0.500585s
Tau required
Density calculation took 0.500588s
Tau required
Density calculation took 0.501054s
Tau required
Density calculation took 0.501375s
Tau required
Density calculation took 0.501019s
Tau required
Density calculation took 0.500657s
Tau required
Density calculation took 0.500978s
Tau required
Density calculation took 0.501216s
Tau required
Density calculation took 0.501036s
Tau required
Density calculation took 0.500535s
Tau required
Density calculation took 0.501243s
Tau required
Total number of grid points: 345972 (5766 per atom)
Density calculation took 0.504710s
Tau required
Density calculation took 0.523565s
Tau required
Density calculation took 0.503266s
Tau required
Density calculation took 0.503064s
Tau required
Density calculation took 0.503647s
Tau required
Density calculation took 0.503165s
Tau required
Density calculation took 0.503497s
Tau required
Density calculation took 0.503117s
Tau required
Density calculation took 0.503533s
Tau required
Density calculation took 0.503290s
Tau required
Density calculation took 0.503833s
Tau required
Density calculation took 0.503380s
Tau required
Density calculation took 0.503495s
Tau required
Density calculation took 0.503379s
Tau required
Density calculation took 0.503816s
Tau required
Density calculation took 0.503123s
Tau required
Density calculation took 0.503759s
Tau required
Total number of grid points: 345993 (5766 per atom)
Density calculation took 0.500443s
Tau required
Density calculation took 0.519710s
Tau required
Density calculation took 0.500355s
Tau required
Density calculation took 0.500116s
Tau required
Density calculation took 0.500437s
Tau required
Density calculation took 0.500447s
Tau required
Density calculation took 0.500651s
Tau required
Density calculation took 0.500291s
Tau required
Density calculation took 0.500682s
Tau required
Density calculation took 0.500712s
Tau required
Density calculation took 0.500549s
Tau required
Density calculation took 0.500492s
Tau required
Density calculation took 0.500385s
Tau required
Density calculation took 0.500899s
Tau required
Density calculation took 0.500847s
Tau required
Density calculation took 0.500851s
Tau required
Density calculation took 0.500551s
Tau required
Total number of grid points: 346915 (5781 per atom)
Density calculation took 0.505218s
Tau required
Density calculation took 0.522818s
Tau required
Density calculation took 0.503359s
Tau required
Density calculation took 0.504238s
Tau required
Density calculation took 0.504033s
Tau required
Density calculation took 0.504101s
Tau required
Density calculation took 0.504157s
Tau required
Density calculation took 0.504179s
Tau required
Density calculation took 0.504358s
Tau required
Density calculation took 0.504120s
Tau required
Density calculation took 0.504552s
Tau required
Density calculation took 0.504348s
Tau required
Density calculation took 0.504412s
Tau required
Density calculation took 0.503985s
Tau required
Density calculation took 0.504295s
Tau required
Density calculation took 0.504134s
Tau required
Density calculation took 0.503897s
Tau required
Total number of grid points: 346300 (5771 per atom)
Density calculation took 0.505259s
Tau required
Density calculation took 0.520789s
Tau required
Density calculation took 0.499046s
Tau required
Density calculation took 0.499043s
Tau required
Density calculation took 0.498626s
Tau required
Density calculation took 0.498597s
Tau required
Density calculation took 0.498692s
Tau required
Density calculation took 0.498129s
Tau required
Density calculation took 0.498495s
Tau required
Density calculation took 0.498789s
Tau required
Density calculation took 0.498638s
Tau required
Density calculation took 0.498753s
Tau required
Density calculation took 0.498417s
Tau required
Density calculation took 0.498849s
Tau required
Density calculation took 0.498932s
Tau required
Density calculation took 0.498935s
Tau required
Density calculation took 0.498769s
Tau required
Total number of grid points: 345968 (5766 per atom)
Density calculation took 0.514480s
Tau required
Density calculation took 0.523906s
Tau required
Density calculation took 0.503673s
Tau required
Density calculation took 0.504016s
Tau required
Density calculation took 0.503857s
Tau required
Density calculation took 0.503359s
Tau required
Density calculation took 0.504075s
Tau required
Density calculation took 0.504295s
Tau required
Density calculation took 0.504206s
Tau required
Density calculation took 0.504247s
Tau required
Density calculation took 0.504072s
Tau required
Density calculation took 0.504091s
Tau required
Density calculation took 0.504044s
Tau required
Density calculation took 0.504269s
Tau required
Density calculation took 0.504264s
Tau required
Density calculation took 0.504384s
Tau required
Density calculation took 0.504505s
Tau required
Total number of grid points: 346432 (5773 per atom)
Density calculation took 0.509027s
Tau required
Density calculation took 0.522359s
Tau required
Density calculation took 0.499101s
Tau required
Density calculation took 0.499233s
Tau required
Density calculation took 0.499187s
Tau required
Density calculation took 0.499278s
Tau required
Density calculation took 0.499235s
Tau required
Density calculation took 0.499318s
Tau required
Density calculation took 0.498977s
Tau required
Density calculation took 0.499264s
Tau required
Density calculation took 0.499257s
Tau required
Density calculation took 0.499219s
Tau required
Density calculation took 0.499513s
Tau required
Density calculation took 0.499294s
Tau required
Density calculation took 0.499577s
Tau required
Density calculation took 0.499374s
Tau required
Density calculation took 0.499339s
Tau required
Total number of grid points: 346335 (5772 per atom)
Density calculation took 0.503783s
Tau required
Density calculation took 0.522596s
Tau required
Density calculation took 0.502078s
Tau required
Density calculation took 0.502831s
Tau required
Density calculation took 0.502365s
Tau required
Density calculation took 0.503382s
Tau required
Density calculation took 0.502533s
Tau required
Density calculation took 0.503198s
Tau required
Density calculation took 0.502721s
Tau required
Density calculation took 0.503158s
Tau required
Density calculation took 0.502615s
Tau required
Density calculation took 0.503094s
Tau required
Density calculation took 0.502861s
Tau required
Density calculation took 0.503222s
Tau required
Density calculation took 0.502657s
Tau required
Density calculation took 0.503334s
Tau required
Density calculation took 0.502775s
Tau required
[CRAYBLAS_WARNING] Application linked against multiple cray-libsci libraries
278
Electronic Energy:        -5309.67608054
XC Energy:                -225.778643
Converged:                1
# of SCF iterations:      17
SCF Time:                 25.339s

=======================================================
            Individual Calculation Summary             
=======================================================
HF Energy: -1537.2462958004998654
=======================================================


Topology 9 time: 25.527177 s, performance: SP: 0 FLOP/s, DP: 31.43 TFLOP/s
JSON file written to: json_logs/lustre_orion_chm213_scratch_ryan_dhdft_inputs_exess_exess_inputs_TPSS_def2-TZVP_isomers_4380-4399_topology_9.json
************************************************************
**************** Running topology 11 of 20 *****************
************************************************************

************************************************************
******* Beginning RI-MGGA_C_TPSS+MGGA_X_TPSS energy ********
************************************************************

=======================================================
        MGGA_C_TPSS+MGGA_X_TPSS Energy Results         
=======================================================
E MGGA_C_TPSS+MGGA_X_TPSS: -1537.24159038
Nuclear Repulsion Energy: 3973.10773071
Electronic Energy:        -5284.57185622
XC Energy:                -225.777465
Converged:                1
# of SCF iterations:      17
SCF Time:                 25.241s

=======================================================
            Individual Calculation Summary             
=======================================================
HF Energy: -1537.2415903789164986
=======================================================


Topology 10 time: 25.427636 s, performance: SP: 0 FLOP/s, DP: 31.6 TFLOP/s
JSON file written to: json_logs/lustre_orion_chm213_scratch_ryan_dhdft_inputs_exess_exess_inputs_TPSS_def2-TZVP_isomers_4380-4399_topology_10.json
************************************************************
**************** Running topology 12 of 20 *****************
************************************************************

************************************************************
******* Beginning RI-MGGA_C_TPSS+MGGA_X_TPSS energy ********
************************************************************

=======================================================
        MGGA_C_TPSS+MGGA_X_TPSS Energy Results         
=======================================================
E MGGA_C_TPSS+MGGA_X_TPSS: -1537.25192623
Nuclear Repulsion Energy: 3907.31171432
Electronic Energy:        -5218.78345118
XC Energy:                -225.780189
Converged:                1
# of SCF iterations:      17
SCF Time:                 25.21s

=======================================================
            Individual Calculation Summary             
=======================================================
HF Energy: -1537.2519262259570496
=======================================================


Topology 11 time: 25.392340 s, performance: SP: 0 FLOP/s, DP: 31.62 TFLOP/s
JSON file written to: json_logs/lustre_orion_chm213_scratch_ryan_dhdft_inputs_exess_exess_inputs_TPSS_def2-TZVP_isomers_4380-4399_topology_11.json
************************************************************
**************** Running topology 13 of 20 *****************
************************************************************

************************************************************
******* Beginning RI-MGGA_C_TPSS+MGGA_X_TPSS energy ********
************************************************************

=======================================================
        MGGA_C_TPSS+MGGA_X_TPSS Energy Results         
=======================================================
E MGGA_C_TPSS+MGGA_X_TPSS: -1537.24975263
Nuclear Repulsion Energy: 3873.03613407
Electronic Energy:        -5184.51260815
XC Energy:                -225.773279
Converged:                1
# of SCF iterations:      17
SCF Time:                 25.346s

=======================================================
            Individual Calculation Summary             
=======================================================
HF Energy: -1537.2497526263789496
=======================================================


Topology 12 time: 25.525150 s, performance: SP: 0 FLOP/s, DP: 31.46 TFLOP/s
JSON file written to: json_logs/lustre_orion_chm213_scratch_ryan_dhdft_inputs_exess_exess_inputs_TPSS_def2-TZVP_isomers_4380-4399_topology_12.json
************************************************************
**************** Running topology 14 of 20 *****************
************************************************************

************************************************************
******* Beginning RI-MGGA_C_TPSS+MGGA_X_TPSS energy ********
************************************************************

=======================================================
        MGGA_C_TPSS+MGGA_X_TPSS Energy Results         
=======================================================
E MGGA_C_TPSS+MGGA_X_TPSS: -1537.24007204
Nuclear Repulsion Energy: 3906.17712186
Electronic Energy:        -5217.64601112
XC Energy:                -225.771183
Converged:                1
# of SCF iterations:      17
SCF Time:                 25.205s

=======================================================
            Individual Calculation Summary             
=======================================================
HF Energy: -1537.2400720372111209
=======================================================


Topology 13 time: 25.384698 s, performance: SP: 0 FLOP/s, DP: 31.63 TFLOP/s
JSON file written to: json_logs/lustre_orion_chm213_scratch_ryan_dhdft_inputs_exess_exess_inputs_TPSS_def2-TZVP_isomers_4380-4399_topology_13.json
************************************************************
**************** Running topology 15 of 20 *****************
************************************************************

************************************************************
******* Beginning RI-MGGA_C_TPSS+MGGA_X_TPSS energy ********
************************************************************

=======================================================
        MGGA_C_TPSS+MGGA_X_TPSS Energy Results         
=======================================================
E MGGA_C_TPSS+MGGA_X_TPSS: -1537.24034448
Nuclear Repulsion Energy: 3932.74948079
Electronic Energy:        -5244.21797502
XC Energy:                -225.771850
Converged:                1
# of SCF iterations:      17
SCF Time:                 25.035s

=======================================================
            Individual Calculation Summary             
=======================================================
HF Energy: -1537.2403444842057070
=======================================================


Topology 14 time: 25.217539 s, performance: SP: 0 FLOP/s, DP: 31.84 TFLOP/s
JSON file written to: json_logs/lustre_orion_chm213_scratch_ryan_dhdft_inputs_exess_exess_inputs_TPSS_def2-TZVP_isomers_4380-4399_topology_14.json
************************************************************
**************** Running topology 16 of 20 *****************
************************************************************

************************************************************
******* Beginning RI-MGGA_C_TPSS+MGGA_X_TPSS energy ********
************************************************************

=======================================================
        MGGA_C_TPSS+MGGA_X_TPSS Energy Results         
=======================================================
E MGGA_C_TPSS+MGGA_X_TPSS: -1537.2397292
Nuclear Repulsion Energy: 3955.82337073
Electronic Energy:        -5267.29083054
XC Energy:                -225.772269
Converged:                1
# of SCF iterations:      17
SCF Time:                 25.168s

=======================================================
            Individual Calculation Summary             
=======================================================
HF Energy: -1537.2397291963047792
=======================================================


Topology 15 time: 25.350995 s, performance: SP: 0 FLOP/s, DP: 31.68 TFLOP/s
JSON file written to: json_logs/lustre_orion_chm213_scratch_ryan_dhdft_inputs_exess_exess_inputs_TPSS_def2-TZVP_isomers_4380-4399_topology_15.json
************************************************************
**************** Running topology 17 of 20 *****************
************************************************************

************************************************************
******* Beginning RI-MGGA_C_TPSS+MGGA_X_TPSS energy ********
************************************************************

=======================================================
        MGGA_C_TPSS+MGGA_X_TPSS Energy Results         
=======================================================
E MGGA_C_TPSS+MGGA_X_TPSS: -1537.25726082
Nuclear Repulsion Energy: 3854.94180682
Electronic Energy:        -5166.42241423
XC Energy:                -225.776653
Converged:                1
# of SCF iterations:      17
SCF Time:                 25.239s

=======================================================
            Individual Calculation Summary             
=======================================================
HF Energy: -1537.2572608160367054
=======================================================


Topology 16 time: 25.415044 s, performance: SP: 0 FLOP/s, DP: 31.62 TFLOP/s
JSON file written to: json_logs/lustre_orion_chm213_scratch_ryan_dhdft_inputs_exess_exess_inputs_TPSS_def2-TZVP_isomers_4380-4399_topology_16.json
************************************************************
**************** Running topology 18 of 20 *****************
************************************************************

************************************************************
******* Beginning RI-MGGA_C_TPSS+MGGA_X_TPSS energy ********
************************************************************

=======================================================
        MGGA_C_TPSS+MGGA_X_TPSS Energy Results         
=======================================================
E MGGA_C_TPSS+MGGA_X_TPSS: -1537.24547927
Nuclear Repulsion Energy: 3826.35264958
Electronic Energy:        -5137.83081846
XC Energy:                -225.767310
Converged:                1
# of SCF iterations:      17
SCF Time:                 25.168s

=======================================================
            Individual Calculation Summary             
=======================================================
HF Energy: -1537.2454792729124620
=======================================================


Topology 17 time: 25.342908 s, performance: SP: 0 FLOP/s, DP: 31.7 TFLOP/s
JSON file written to: json_logs/lustre_orion_chm213_scratch_ryan_dhdft_inputs_exess_exess_inputs_TPSS_def2-TZVP_isomers_4380-4399_topology_17.json
************************************************************
**************** Running topology 19 of 20 *****************
************************************************************

************************************************************
******* Beginning RI-MGGA_C_TPSS+MGGA_X_TPSS energy ********
************************************************************

=======================================================
        MGGA_C_TPSS+MGGA_X_TPSS Energy Results         
=======================================================
E MGGA_C_TPSS+MGGA_X_TPSS: -1537.2567228
Nuclear Repulsion Energy: 3860.87556036
Electronic Energy:        -5172.35585079
XC Energy:                -225.776432
Converged:                1
# of SCF iterations:      17
SCF Time:                 25.57s

=======================================================
            Individual Calculation Summary             
=======================================================
HF Energy: -1537.2567227957604246
=======================================================


Topology 18 time: 25.748033 s, performance: SP: 0 FLOP/s, DP: 31.19 TFLOP/s
JSON file written to: json_logs/lustre_orion_chm213_scratch_ryan_dhdft_inputs_exess_exess_inputs_TPSS_def2-TZVP_isomers_4380-4399_topology_18.json
************************************************************
**************** Running topology 20 of 20 *****************
************************************************************

************************************************************
******* Beginning RI-MGGA_C_TPSS+MGGA_X_TPSS energy ********
************************************************************

=======================================================
        MGGA_C_TPSS+MGGA_X_TPSS Energy Results         
=======================================================
E MGGA_C_TPSS+MGGA_X_TPSS: -1537.23811624
Nuclear Repulsion Energy: 3996.87068934
Electronic Energy:        -5308.33154583
XC Energy:                -225.777260
Converged:                1
# of SCF iterations:      17
SCF Time:                 25.307s

=======================================================
            Individual Calculation Summary             
=======================================================
HF Energy: -1537.2381162354547541
=======================================================


Topology 19 time: 25.495283 s, performance: SP: 0 FLOP/s, DP: 31.48 TFLOP/s
JSON file written to: json_logs/lustre_orion_chm213_scratch_ryan_dhdft_inputs_exess_exess_inputs_TPSS_def2-TZVP_isomers_4380-4399_topology_19.json
Total flops: SP: 0 FLOPS, DP: 16.055942 PFLOPS
Performance: SP: 0 FLOP/s, DP: 30.95 TFLOP/s

Now, a word from our sponsors... 
 Is that cursed piece of literature the FMO code? Yes. 

[31mTotal processing time 518.990201 seconds[0m
[CRAYBLAS_WARNING] Application linked against multiple cray-libsci libraries
| -1536.3015942071 |   3.4480e+00   |    1.1612     |    0.2045
Density calculation took 0.501393s
Tau required
    4     | -1537.2231607757 |   9.9686e-02   |    1.1620     |    0.1940
Density calculation took 0.502364s
Tau required
    5     | -1537.2422794268 |   2.7708e-02   |    1.1610     |    0.2019
Density calculation took 0.501171s
Tau required
    6     | -1537.2490188964 |   2.5119e-03   |    1.1637     |    0.1954
Density calculation took 0.502532s
Tau required
    7     | -1537.2494696322 |   9.3236e-04   |    1.1623     |    0.2034
Density calculation took 0.501268s
Tau required
    8     | -1537.2497016302 |   1.6887e-04   |    1.1619     |    0.1967
Density calculation took 0.502572s
Tau required
    9     | -1537.2497502873 |   8.4469e-06   |    1.1593     |    0.1964
Density calculation took 0.501442s
Tau required
   10     | -1537.2497519047 |   2.4451e-06   |    1.1593     |    0.1965
Density calculation took 0.502235s
Tau required
   11     | -1537.2497525478 |   2.4892e-07   |    1.1606     |    0.1966
Density calculation took 0.501296s
Tau required
   12     | -1537.2497525940 |   1.0839e-07   |    1.1635     |    0.1959
Density calculation took 0.502710s
Tau required
   13     | -1537.2497526237 |   9.1710e-09   |    1.1604     |    0.1975
Density calculation took 0.501338s
Tau required
   14     | -1537.2497526257 |   2.2765e-09   |    1.1572     |    0.1968
Density calculation took 0.502718s
Tau required
   15     | -1537.2497526263 |   1.6976e-10   |    1.1598     |    0.1959
Density calculation took 0.501436s
Tau required
   16     | -1537.2497526263 |   2.7910e-10   |    1.1603     |    0.1972
Density calculation took 0.502791s
Tau required
   17     | -1537.2497526264 |   5.4515e-11   |    1.1599     |    0.1968
Created 620531 / 2433600 significant shell pairs
Created 479541 / 1849600 significant shell pairs
Total number of grid points: 347028 (5783 per atom)
One electron integrals and orthogonalizer took 0.044152s
Created 479541 / 1849600 significant shell pairs
3C integrals and B formation took 1.685697s
Iteration |      Energy      |  DIIS Metric   | Fock Time (s) | DIIS Time (s)
----------+------------------+----------------+---------------+--------------
Density calculation took 0.503652s
Tau required
    1     | -1547.0239288667 |   9.4738e+02   |    1.3958     |    0.2234
Density calculation took 0.518079s
Tau required
    2     | -1536.4879765710 |   2.6267e+00   |    1.1759     |    0.1943
Density calculation took 0.498881s
Tau required
    3     | -1536.2943055790 |   3.4154e+00   |    1.1525     |    0.2034
Density calculation took 0.498908s
Tau required
    4     | -1537.2096245956 |   1.1202e-01   |    1.1536     |    0.1926
Density calculation took 0.499399s
Tau required
    5     | -1537.2300870505 |   3.6357e-02   |    1.1540     |    0.2021
Density calculation took 0.499192s
Tau required
    6     | -1537.2386017310 |   5.0317e-03   |    1.1528     |    0.1943
Density calculation took 0.499182s
Tau required
    7     | -1537.2398180982 |   8.3748e-04   |    1.1530     |    0.2031
Density calculation took 0.499280s
Tau required
    8     | -1537.2400199764 |   1.8296e-04   |    1.1546     |    0.1950
Density calculation took 0.499560s
Tau required
    9     | -1537.2400692353 |   9.7256e-06   |    1.1534     |    0.1957
Density calculation took 0.499290s
Tau required
   10     | -1537.2400706882 |   4.3834e-06   |    1.1546     |    0.1955
Density calculation took 0.499953s
Tau required
   11     | -1537.2400719382 |   3.3164e-07   |    1.1535     |    0.1959
Density calculation took 0.499281s
Tau required
   12     | -1537.2400720129 |   8.5618e-08   |    1.1541     |    0.1958
Density calculation took 0.499790s
Tau required
   13     | -1537.2400720343 |   1.0186e-08   |    1.1532     |    0.1963
Density calculation took 0.499527s
Tau required
   14     | -1537.2400720365 |   2.5064e-09   |    1.1538     |    0.1956
Density calculation took 0.499728s
Tau required
   15     | -1537.2400720372 |   2.2242e-10   |    1.1585     |    0.1956
Density calculation took 0.498862s
Tau required
   16     | -1537.2400720371 |   2.7646e-10   |    1.1534     |    0.1948
Density calculation took 0.499390s
Tau required
   17     | -1537.2400720372 |   5.1890e-11   |    1.1528     |    0.1966
Created 626877 / 2433600 significant shell pairs
Created 485000 / 1849600 significant shell pairs
Total number of grid points: 346118 (5768 per atom)
One electron integrals and orthogonalizer took 0.043997s
Created 485000 / 1849600 significant shell pairs
3C integrals and B formation took 1.696486s
Iteration |      Energy      |  DIIS Metric   | Fock Time (s) | DIIS Time (s)
----------+------------------+----------------+---------------+--------------
Density calculation took 0.489656s
Tau required
    1     | -1547.0264806811 |   9.4770e+02   |    1.3796     |    0.2219
Density calculation took 0.515570s
Tau required
    2     | -1536.4880358201 |   2.6279e+00   |    1.1617     |    0.1946
Density calculation took 0.495343s
Tau required
    3     | -1536.2867599906 |   3.4475e+00   |    1.1430     |    0.2016
Density calculation took 0.496413s
Tau required
    4     | -1537.2059221683 |   1.2710e-01   |    1.1431     |    0.1928
Density calculation took 0.496242s
Tau required
    5     | -1537.2292104141 |   3.9195e-02   |    1.1434     |    0.2008
Density calculation took 0.496725s
Tau required
    6     | -1537.2387113734 |   5.4457e-03   |    1.1451     |    0.1949
Density calculation took 0.496308s
Tau required
    7     | -1537.2400881611 |   8.4268e-04   |    1.1436     |    0.2023
Density calculation took 0.496658s
Tau required
    8     | -1537.2402716590 |   2.4132e-04   |    1.1432     |    0.1954
Density calculation took 0.496800s
Tau required
    9     | -1537.2403399034 |   1.5447e-05   |    1.1434     |    0.1952
Density calculation took 0.496383s
Tau required
   10     | -1537.2403429441 |   5.2660e-06   |    1.1444     |    0.1954
Density calculation took 0.496781s
Tau required
   11     | -1537.2403443782 |   3.7421e-07   |    1.1432     |    0.1964
Density calculation took 0.496389s
Tau required
   12     | -1537.2403444586 |   9.2998e-08   |    1.1424     |    0.1957
Density calculation took 0.496821s
Tau required
   13     | -1537.2403444802 |   1.3840e-08   |    1.1433     |    0.1953
Density calculation took 0.496469s
Tau required
   14     | -1537.2403444834 |   2.6115e-09   |    1.1436     |    0.1959
Density calculation took 0.496837s
Tau required
   15     | -1537.2403444841 |   2.9278e-10   |    1.1438     |    0.1976
Density calculation took 0.496284s
Tau required
   16     | -1537.2403444841 |   5.7198e-10   |    1.1446     |    0.1948
Density calculation took 0.497040s
Tau required
   17     | -1537.2403444842 |   7.3360e-11   |    1.1440     |    0.1954
Created 634534 / 2433600 significant shell pairs
Created 491244 / 1849600 significant shell pairs
Total number of grid points: 346134 (5768 per atom)
One electron integrals and orthogonalizer took 0.043780s
Created 491244 / 1849600 significant shell pairs
3C integrals and B formation took 1.695974s
Iteration |      Energy      |  DIIS Metric   | Fock Time (s) | DIIS Time (s)
----------+------------------+----------------+---------------+--------------
Density calculation took 0.496055s
Tau required
    1     | -1547.0268539423 |   9.4790e+02   |    1.3869     |    0.2226
Density calculation took 0.513697s
Tau required
    2     | -1536.4875766820 |   2.6261e+00   |    1.1708     |    0.1934
Density calculation took 0.494213s
Tau required
    3     | -1536.2888550368 |   3.4342e+00   |    1.1508     |    0.1998
Density calculation took 0.494919s
Tau required
    4     | -1537.2070253071 |   1.2096e-01   |    1.1518     |    0.1925
Density calculation took 0.495094s
Tau required
    5     | -1537.2304054877 |   3.3856e-02   |    1.1510     |    0.2016
Density calculation took 0.494788s
Tau required
    6     | -1537.2383270784 |   4.6074e-03   |    1.1520     |    0.1943
Density calculation took 0.494924s
Tau required
    7     | -1537.2393239243 |   1.2659e-03   |    1.1505     |    0.2058
Density calculation took 0.494643s
Tau required
    8     | -1537.2396428956 |   2.9281e-04   |    1.1514     |    0.1944
Density calculation took 0.495002s
Tau required
    9     | -1537.2397232596 |   1.9548e-05   |    1.1527     |    0.1950
Density calculation took 0.494483s
Tau required
   10     | -1537.2397275285 |   5.4462e-06   |    1.1522     |    0.1952
Density calculation took 0.494731s
Tau required
   11     | -1537.2397290325 |   5.5125e-07   |    1.1513     |    0.1949
Density calculation took 0.494664s
Tau required
   12     | -1537.2397291621 |   1.1717e-07   |    1.1525     |    0.1949
Density calculation took 0.494955s
Tau required
   13     | -1537.2397291902 |   2.1246e-08   |    1.1518     |    0.1966
Density calculation took 0.494745s
Tau required
   14     | -1537.2397291958 |   1.9382e-09   |    1.1516     |    0.1952
Density calculation took 0.495033s
Tau required
   15     | -1537.2397291963 |   2.5281e-10   |    1.1524     |    0.1954
Density calculation took 0.494756s
Tau required
   16     | -1537.2397291962 |   4.0830e-10   |    1.1519     |    0.1959
Density calculation took 0.494956s
Tau required
   17     | -1537.2397291963 |   6.2464e-11   |    1.1510     |    0.1945
Created 604526 / 2433600 significant shell pairs
Created 466775 / 1849600 significant shell pairs
Total number of grid points: 346400 (5773 per atom)
One electron integrals and orthogonalizer took 0.043792s
Created 466775 / 1849600 significant shell pairs
3C integrals and B formation took 1.674888s
Iteration |      Energy      |  DIIS Metric   | Fock Time (s) | DIIS Time (s)
----------+------------------+----------------+---------------+--------------
Density calculation took 0.500899s
Tau required
    1     | -1547.0331081702 |   9.4629e+02   |    1.4001     |    0.2233
Density calculation took 0.515430s
Tau required
    2     | -1536.5005117393 |   2.6532e+00   |    1.1792     |    0.1915
Density calculation took 0.496322s
Tau required
    3     | -1536.3091964279 |   3.4315e+00   |    1.1576     |    0.2030
Density calculation took 0.496584s
Tau required
    4     | -1537.2301316243 |   9.7752e-02   |    1.1547     |    0.1935
Density calculation took 0.495989s
Tau required
    5     | -1537.2460116383 |   4.0996e-02   |    1.1568     |    0.2006
Density calculation took 0.496054s
Tau required
    6     | -1537.2561378172 |   3.9486e-03   |    1.1554     |    0.1941
Density calculation took 0.496457s
Tau required
    7     | -1537.2570571784 |   7.0024e-04   |    1.1564     |    0.2026
Density calculation took 0.496324s
Tau required
    8     | -1537.2572108909 |   1.6933e-04   |    1.1568     |    0.1965
Density calculation took 0.496313s
Tau required
    9     | -1537.2572581050 |   9.2444e-06   |    1.1580     |    0.1956
Density calculation took 0.496402s
Tau required
   10     | -1537.2572599402 |   3.0848e-06   |    1.1553     |    0.1962
Density calculation took 0.496250s
Tau required
   11     | -1537.2572607521 |   2.0529e-07   |    1.1563     |    0.1954
Density calculation took 0.496419s
Tau required
   12     | -1537.2572607804 |   1.1729e-07   |    1.1558     |    0.1954
Density calculation took 0.496175s
Tau required
   13     | -1537.2572608136 |   8.2860e-09   |    1.1536     |    0.1962
Density calculation took 0.496173s
Tau required
   14     | -1537.2572608153 |   2.6854e-09   |    1.1578     |    0.1965
Density calculation took 0.496522s
Tau required
   15     | -1537.2572608160 |   1.1703e-10   |    1.1557     |    0.1962
Density calculation took 0.496402s
Tau required
   16     | -1537.2572608160 |   2.2973e-10   |    1.1555     |    0.1953
Density calculation took 0.496467s
Tau required
   17     | -1537.2572608160 |   2.8075e-11   |    1.1553     |    0.1962
Created 597259 / 2433600 significant shell pairs
Created 461061 / 1849600 significant shell pairs
Total number of grid points: 346645 (5777 per atom)
One electron integrals and orthogonalizer took 0.043022s
Created 461061 / 1849600 significant shell pairs
3C integrals and B formation took 1.658892s
Iteration |      Energy      |  DIIS Metric   | Fock Time (s) | DIIS Time (s)
----------+------------------+----------------+---------------+--------------
Density calculation took 0.495614s
Tau required
    1     | -1547.0143326448 |   9.4381e+02   |    1.3930     |    0.2216
Density calculation took 0.516305s
Tau required
    2     | -1536.4914380132 |   2.6349e+00   |    1.1739     |    0.1960
Density calculation took 0.497343s
Tau required
    3     | -1536.3021733785 |   3.4029e+00   |    1.1533     |    0.1998
Density calculation took 0.497061s
Tau required
    4     | -1537.2135594672 |   1.1709e-01   |    1.1533     |    0.1964
Density calculation took 0.497424s
Tau required
    5     | -1537.2346026353 |   3.9087e-02   |    1.1533     |    0.2013
Density calculation took 0.496747s
Tau required
    6     | -1537.2440147598 |   4.9700e-03   |    1.1517     |    0.1939
Density calculation took 0.497484s
Tau required
    7     | -1537.2452697770 |   7.0034e-04   |    1.1555     |    0.2018
Density calculation took 0.497013s
Tau required
    8     | -1537.2454239969 |   1.8528e-04   |    1.1542     |    0.1952
Density calculation took 0.497186s
Tau required
    9     | -1537.2454740930 |   1.6440e-05   |    1.1554     |    0.1945
Density calculation took 0.497526s
Tau required
   10     | -1537.2454768719 |   7.2752e-06   |    1.1543     |    0.1947
Density calculation took 0.497388s
Tau required
   11     | -1537.2454790569 |   7.0457e-07   |    1.1545     |    0.1959
Density calculation took 0.497427s
Tau required
   12     | -1537.2454792280 |   1.4872e-07   |    1.1521     |    0.1945
Density calculation took 0.497106s
Tau required
   13     | -1537.2454792622 |   3.7423e-08   |    1.1547     |    0.1949
Density calculation took 0.497468s
Tau required
   14     | -1537.2454792716 |   4.8157e-09   |    1.1525     |    0.1965
Density calculation took 0.497423s
Tau required
   15     | -1537.2454792728 |   4.3262e-10   |    1.1547     |    0.1948
Density calculation took 0.497583s
Tau required
   16     | -1537.2454792727 |   8.4028e-10   |    1.1539     |    0.1951
Density calculation took 0.497304s
Tau required
   17     | -1537.2454792729 |   9.5242e-11   |    1.1545     |    0.1955
Created 607015 / 2433600 significant shell pairs
Created 468648 / 1849600 significant shell pairs
Total number of grid points: 346073 (5767 per atom)
One electron integrals and orthogonalizer took 0.043659s
Created 468648 / 1849600 significant shell pairs
3C integrals and B formation took 1.675957s
Iteration |      Energy      |  DIIS Metric   | Fock Time (s) | DIIS Time (s)
----------+------------------+----------------+---------------+--------------
Density calculation took 0.496578s
Tau required
    1     | -1547.0322957507 |   9.4620e+02   |    1.4162     |    0.2221
Density calculation took 0.514327s
Tau required
    2     | -1536.5000323819 |   2.6537e+00   |    1.2042     |    0.1927
Density calculation took 0.494663s
Tau required
    3     | -1536.3087338354 |   3.4328e+00   |    1.1776     |    0.1997
Density calculation took 0.494840s
Tau required
    4     | -1537.2294196726 |   9.8294e-02   |    1.1766     |    0.1930
Density calculation took 0.494935s
Tau required
    5     | -1537.2452605653 |   4.1504e-02   |    1.1772     |    0.2012
Density calculation took 0.494863s
Tau required
    6     | -1537.2555621970 |   4.0397e-03   |    1.1762     |    0.1935
Density calculation took 0.494839s
Tau required
    7     | -1537.2565127599 |   7.1358e-04   |    1.1746     |    0.2014
Density calculation took 0.494956s
Tau required
    8     | -1537.2566670578 |   1.8343e-04   |    1.1762     |    0.1955
Density calculation took 0.494991s
Tau required
    9     | -1537.2567187694 |   1.3269e-05   |    1.1762     |    0.1951
Density calculation took 0.495010s
Tau required
   10     | -1537.2567216728 |   3.7429e-06   |    1.1761     |    0.1948
Density calculation took 0.494980s
Tau required
   11     | -1537.2567226988 |   3.0781e-07   |    1.1760     |    0.1949
Density calculation took 0.495036s
Tau required
   12     | -1537.2567227611 |   1.1757e-07   |    1.1747     |    0.1952
Density calculation took 0.494798s
Tau required
   13     | -1537.2567227931 |   9.2801e-09   |    1.1754     |    0.1949
Density calculation took 0.495192s
Tau required
   14     | -1537.2567227951 |   2.2360e-09   |    1.1765     |    0.1950
Density calculation took 0.494908s
Tau required
   15     | -1537.2567227957 |   1.7994e-10   |    1.1755     |    0.1953
Density calculation took 0.494910s
Tau required
   16     | -1537.2567227957 |   3.2743e-10   |    1.1765     |    0.1958
Density calculation took 0.495057s
Tau required
   17     | -1537.2567227958 |   3.8572e-11   |    1.1772     |    0.1954
Created 648027 / 2433600 significant shell pairs
Created 501476 / 1849600 significant shell pairs
Total number of grid points: 346589 (5776 per atom)
One electron integrals and orthogonalizer took 0.043690s
Created 501476 / 1849600 significant shell pairs
3C integrals and B formation took 1.707163s
Iteration |      Energy      |  DIIS Metric   | Fock Time (s) | DIIS Time (s)
----------+------------------+----------------+---------------+--------------
Density calculation took 0.496365s
Tau required
    1     | -1547.0361920887 |   9.5071e+02   |    1.4025     |    0.2218
Density calculation took 0.515583s
Tau required
    2     | -1536.4872274206 |   2.6235e+00   |    1.1785     |    0.1932
Density calculation took 0.493272s
Tau required
    3     | -1536.2949070462 |   3.4092e+00   |    1.1542     |    0.2036
Density calculation took 0.493916s
Tau required
    4     | -1537.2087225834 |   1.0726e-01   |    1.1588     |    0.1935
Density calculation took 0.493591s
Tau required
    5     | -1537.2285131166 |   3.5056e-02   |    1.1568     |    0.2020
Density calculation took 0.494218s
Tau required
    6     | -1537.2369557093 |   3.8970e-03   |    1.1592     |    0.1943
Density calculation took 0.493408s
Tau required
    7     | -1537.2377419592 |   1.1952e-03   |    1.1551     |    0.2023
Density calculation took 0.494072s
Tau required
    8     | -1537.2380388089 |   2.6232e-04   |    1.1614     |    0.2028
Density calculation took 0.493544s
Tau required
    9     | -1537.2381116897 |   1.5518e-05   |    1.1554     |    0.1953
Density calculation took 0.494222s
Tau required
   10     | -1537.2381151884 |   3.6786e-06   |    1.1604     |    0.1962
Density calculation took 0.493625s
Tau required
   11     | -1537.2381161619 |   2.5134e-07   |    1.1558     |    0.1962
Density calculation took 0.494104s
Tau required
   12     | -1537.2381162087 |   9.1205e-08   |    1.1590     |    0.1954
Density calculation took 0.493624s
Tau required
   13     | -1537.2381162327 |   9.3218e-09   |    1.1575     |    0.1958
Density calculation took 0.494167s
Tau required
   14     | -1537.2381162350 |   1.6206e-09   |    1.1586     |    0.1955
Density calculation took 0.493582s
Tau required
   15     | -1537.2381162354 |   1.7468e-10   |    1.1553     |    0.1951
Density calculation took 0.494112s
Tau required
   16     | -1537.2381162354 |   2.1622e-10   |    1.1595     |    0.1956
Density calculation took 0.493615s
Tau required
   17     | -1537.2381162355 |   5.5336e-11   |    1.1554     |    0.1958
Please cite the following papers for the methods used in this calculation:
 - J.L. Galvez Vallejo et. al., Toward an extreme-scale electronic structure system, J. Chem. Phys., 2023. DOI: 10.1063/5.0156399

 - R. Stocks, E. Palethorpe, and G.M.J. Barca, Multi-GPU RI-HF Energies and Analytic Gradients ─ Toward High-Throughput Ab Initio Molecular Dynamics, J. Chem. Theory Comput., 2024. DOI: 10.1021/acs.jctc.4c00877
   For:
     * RI-HF energy

 - S. Lehtola, C. Steigemann, M.J.T. Oliveira, and M.A.L. Marques, Recent developments in Libxc: A comprehensive library of functionals for density functional theory, SoftwareX, 2018. DOI: 10.1016/j.softx.2017.11.002
   For:
     * LibXC version 6.2.0

 - D.B. Williams-Young, W.A. de Jong, H.J.J. van Dam, and C. Yang, On the Efficient Evaluation of the Exchange Correlation Potential on Graphics Processing Unit Clusters, Frontiers in Chemistry, 2020. DOI: 10.3389/fchem.2020.581058
   For:
     * ExchCXX GPU implementation of exchange-correlation functionals

 - R. Stocks and G.M.J. Barca, Efficient Algorithms for GPU Accelerated Evaluation of the DFT Exchange-Correlation Functional, J. Chem. Theory Comput., 2025. DOI: 10.1021/acs.jctc.5c01229
   For:
     * GPU accelerated DFT exchange-correlation evaluation

 - J. Tao, J. P. Perdew, V. N. Staroverov, and G. E. Scuseria.,  Phys. Rev. Lett. 91, 146401 (2003) DOI: 10.1103/PhysRevLett.91.146401
   For:
     * MGGA_C_TPSS XC Functional
     * MGGA_X_TPSS XC Functional

[CRAYBLAS_WARNING] Application linked against multiple cray-libsci libraries
