Total number of grid points: 357923 (5772 per atom)
Density calculation took 0.557458s
Tau required
Density calculation took 0.523680s
Tau required
Density calculation took 0.505580s
Tau required
Density calculation took 0.507071s
Tau required
Density calculation took 0.505855s
Tau required
Density calculation took 0.507477s
Tau required
Density calculation took 0.506221s
Tau required
Density calculation took 0.507973s
Tau required
Density calculation took 0.506495s
Tau required
Density calculation took 0.507438s
Tau required
Density calculation took 0.506598s
Tau required
Density calculation took 0.507649s
Tau required
Density calculation took 0.506307s
Tau required
Density calculation took 0.508174s
Tau required
Density calculation took 0.506871s
Tau required
Density calculation took 0.508416s
Tau required
Total number of grid points: 357220 (5761 per atom)
Density calculation took 0.540019s
Tau required
Density calculation took 0.531420s
Tau required
Density calculation took 0.511010s
Tau required
Density calculation took 0.511401s
Tau required
Density calculation took 0.511006s
Tau required
Density calculation took 0.511341s
Tau required
Density calculation took 0.511160s
Tau required
Density calculation took 0.511107s
Tau required
Density calculation took 0.511232s
Tau required
Density calculation took 0.511443s
Tau required
Density calculation took 0.511139s
Tau required
Density calculation took 0.511721s
Tau required
Density calculation took 0.511440s
Tau required
Density calculation took 0.511990s
Tau required
Density calculation took 0.512226s
Tau required
Density calculation took 0.511869s
Tau required
Density calculation took 0.511449s
Tau required
Total number of grid points: 358296 (5778 per atom)
Density calculation took 0.547592s
Tau required
Density calculation took 0.523469s
Tau required
Density calculation took 0.504258s
Tau required
Density calculation took 0.504367s
Tau required
Density calculation took 0.505037s
Tau required
Density calculation took 0.504371s
Tau required
Density calculation took 0.504814s
Tau required
Density calculation took 0.505114s
Tau required
Density calculation took 0.504673s
Tau required
Density calculation took 0.504954s
Tau required
Density calculation took 0.504880s
Tau required
Density calculation took 0.504318s
Tau required
Density calculation took 0.504478s
Tau required
Density calculation took 0.504830s
Tau required
Density calculation took 0.504355s
Tau required
Density calculation took 0.504220s
Tau required
Density calculation took 0.504648s
Tau required
Total number of grid points: 357290 (5762 per atom)
Density calculation took 0.544825s
Tau required
Density calculation took 0.530141s
Tau required
Density calculation took 0.509058s
Tau required
Density calculation took 0.508903s
Tau required
Density calculation took 0.508588s
Tau required
Density calculation took 0.508463s
Tau required
Density calculation took 0.508643s
Tau required
Density calculation took 0.509113s
Tau required
Density calculation took 0.508946s
Tau required
Density calculation took 0.508966s
Tau required
Density calculation took 0.508962s
Tau required
Density calculation took 0.509097s
Tau required
Density calculation took 0.508982s
Tau required
Density calculation took 0.508710s
Tau required
Density calculation took 0.509132s
Tau required
Density calculation took 0.508869s
Tau required
Density calculation took 0.509185s
Tau required
Total number of grid points: 358250 (5778 per atom)
Density calculation took 0.544175s
Tau required
Density calculation took 0.529941s
Tau required
Density calculation took 0.510100s
Tau required
Density calculation took 0.510201s
Tau required
Density calculation took 0.510565s
Tau required
Density calculation took 0.511242s
Tau required
Density calculation took 0.509851s
Tau required
Density calculation took 0.510333s
Tau required
Density calculation took 0.510271s
Tau required
Density calculation took 0.510485s
Tau required
Density calculation took 0.510478s
Tau required
Density calculation took 0.510192s
Tau required
Density calculation took 0.510310s
Tau required
Density calculation took 0.510278s
Tau required
Density calculation took 0.510556s
Tau required
Density calculation took 0.510177s
Tau required
Total number of grid points: 357904 (5772 per atom)
Density calculation took 0.540474s
Tau required
Density calculation took 0.530502s
Tau required
Density calculation took 0.510004s
Tau required
Density calculation took 0.510996s
Tau required
Density calculation took 0.510835s
Tau required
Density calculation took 0.510159s
Tau required
Density calculation took 0.510380s
Tau required
Density calculation took 0.510030s
Tau required
Density calculation took 0.509859s
Tau required
Density calculation took 0.510469s
Tau required
Density calculation took 0.510405s
Tau required
Density calculation took 0.511098s
Tau required
Density calculation took 0.511185s
Tau required
Density calculation took 0.510701s
Tau required
Density calculation took 0.510312s
Tau required
Density calculation took 0.510221s
Tau required
Total number of grid points: 357357 (5763 per atom)
Density calculation took 0.561477s
Tau required
Density calculation took 0.532878s
Tau required
Density calculation took 0.513266s
Tau required
Density calculation took 0.513206s
Tau required
Density calculation took 0.513654s
Tau required
Density calculation took 0.513009s
Tau required
Density calculation took 0.513408s
Tau required
Density calculation took 0.513481s
Tau required
Density calculation took 0.513087s
Tau required
Density calculation took 0.513138s
Tau required
Density calculation took 0.512868s
Tau required
Density calculation took 0.513314s
Tau required
Density calculation took 0.513417s
Tau required
Density calculation took 0.513808s
Tau required
Density calculation took 0.513792s
Tau required
Density calculation took 0.512851s
Tau required
Total number of grid points: 358234 (5777 per atom)
Density calculation took 0.555497s
Tau required
Density calculation took 0.533422s
Tau required
Density calculation took 0.511429s
Tau required
Density calculation took 0.510646s
Tau required
Density calculation took 0.511066s
Tau required
Density calculation took 0.511265s
Tau required
Density calculation took 0.511366s
Tau required
Density calculation took 0.511452s
Tau required
Density calculation took 0.510444s
Tau required
Density calculation took 0.511508s
Tau required
Density calculation took 0.511139s
Tau required
Density calculation took 0.511598s
Tau required
Density calculation took 0.511596s
Tau required
Density calculation took 0.511560s
Tau required
Density calculation took 0.511296s
Tau required
Density calculation took 0.511872s
Tau required
Total number of grid points: 358420 (5780 per atom)
Density calculation took 0.555081s
Tau required
Density calculation took 0.530606s
Tau required
Density calculation took 0.510966s
Tau required
Density calculation took 0.510700s
Tau required
Density calculation took 0.510868s
Tau required
Density calculation took 0.510928s
Tau required
Density calculation took 0.511370s
Tau required
Density calculation took 0.511155s
Tau required
Density calculation took 0.511389s
Tau required
Density calculation took 0.511168s
Tau required
Density calculation took 0.511466s
Tau required
Density calculation took 0.511291s
Tau required
Density calculation took 0.511496s
Tau required
Density calculation took 0.511500s
Tau required
Density calculation took 0.511308s
Tau required
Density calculation took 0.511397s
Tau required
Total number of grid points: 357991 (5774 per atom)
Density calculation took 0.541998s
Tau required
Density calculation took 0.526863s
Tau required
Density calculation took 0.506863s
Tau required
Density calculation took 0.507174s
Tau required
Density calculation took 0.506939s
Tau required
Density calculation took 0.507102s
Tau required
Density calculation took 0.506124s
Tau required
Density calculation took 0.506948s
Tau required
Density calculation took 0.507111s
Tau required
Density calculation took 0.506600s
Tau required
Density calculation took 0.506375s
Tau required
Density calculation took 0.506663s
Tau required
Density calculation took 0.506554s
Tau required
Density calculation took 0.506933s
Tau required
Density calculation took 0.506475s
Tau required
Density calculation took 0.506478s
Tau required
Density calculation took 0.507021s
Tau required
Total number of grid points: 357945 (5773 per atom)
Density calculation took 0.566392s
Tau required
Density calculation took 0.532446s
Tau required
Density calculation took 0.512933s
Tau required
Density calculation took 0.513378s
Tau required
Density calculation took 0.513356s
Tau required
Density calculation took 0.513722s
Tau required
Density calculation took 0.513849s
Tau required
Density calculation took 0.513397s
Tau required
Density calculation took 0.513104s
Tau required
Density calculation took 0.513543s
Tau required
Density calculation took 0.514086s
Tau required
Density calculation took 0.513421s
Tau required
Density calculation took 0.513697s
Tau required
Density calculation took 0.513844s
Tau required
Density calculation took 0.513983s
Tau required
Density calculation took 0.513920s
Tau required
Total number of grid points: 357823 (5771 per atom)
Density calculation took 0.540894s
Tau required
Density calculation took 0.533482s
Tau required
Density calculation took 0.512564s
Tau required
Density calculation took 0.512766s
Tau required
Density calculation took 0.513190s
Tau required
Density calculation took 0.513110s
Tau required
Density calculation took 0.512707s
Tau required
Density calculation took 0.513776s
Tau required
Density calculation took 0.513378s
Tau required
Density calculation took 0.513435s
Tau required
Density calculation took 0.513466s
Tau required
Density calculation took 0.512971s
Tau required
Density calculation took 0.513209s
Tau required
Density calculation took 0.513460s
Tau required
Density calculation took 0.513364s
Tau required
Density calculation took 0.513113s
Tau required
Density calculation took 0.513613s
Tau required
Total number of grid points: 357802 (5771 per atom)
Density calculation took 0.546046s
Tau required
Density calculation took 0.528675s
Tau required
Density calculation took 0.509373s
Tau required
Density calculation took 0.508165s
Tau required
Density calculation took 0.509478s
Tau required
Density calculation took 0.508690s
Tau required
Density calculation took 0.509191s
Tau required
Density calculation took 0.508592s
Tau required
Density calculation took 0.509150s
Tau required
Density calculation took 0.508762s
Tau required
Density calculation took 0.509900s
Tau required
Density calculation took 0.508754s
Tau required
Density calculation took 0.509555s
Tau required
Density calculation took 0.508419s
Tau required
Density calculation took 0.509593s
Tau required
Density calculation took 0.508802s
Tau required
Density calculation took 0.508973s
Tau required
Total number of grid points: 357939 (5773 per atom)
Density calculation took 0.544855s
Tau required
Density calculation took 0.530235s
Tau required
Density calculation took 0.509639s
Tau required
Density calculation took 0.510177s
Tau required
Density calculation took 0.509909s
Tau required
Density calculation took 0.510442s
Tau required
Density calculation took 0.510891s
Tau required
Density calculation took 0.510365s
Tau required
Density calculation took 0.510130s
Tau required
Density calculation took 0.510500s
Tau required
Density calculation took 0.510317s
Tau required
Density calculation took 0.510366s
Tau required
Density calculation took 0.510049s
Tau required
Density calculation took 0.510278s
Tau required
Density calculation took 0.509996s
Tau required
Density calculation took 0.510308s
Tau required
Total number of grid points: 356768 (5754 per atom)
Density calculation took 0.546680s
Tau required
Density calculation took 0.524333s
Tau required
Density calculation took 0.504876s
Tau required
Density calculation took 0.504550s
Tau required
Density calculation took 0.504305s
Tau required
Density calculation took 0.504422s
Tau required
Density calculation took 0.505061s
Tau required
Density calculation took 0.504219s
Tau required
Density calculation took 0.505712s
Tau required
Density calculation took 0.505325s
Tau required
Density calculation took 0.505621s
Tau required
Density calculation took 0.504431s
Tau required
Density calculation took 0.505710s
Tau required
Density calculation took 0.504297s
Tau required
Density calculation took 0.505965s
Tau required
Density calculation took 0.504375s
Tau required
Density calculation took 0.505272s
Tau required
Total number of grid points: 357523 (5766 per atom)
Density calculation took 0.538069s
Tau required
Density calculation took 0.531770s
Tau required
Density calculation took 0.511789s
Tau required
Density calculation took 0.511875s
Tau required
Density calculation took 0.511430s
Tau required
Density calculation took 0.512318s
Tau required
Density calculation took 0.512244s
Tau required
Density calculation took 0.511864s
Tau required
Density calculation took 0.512360s
Tau required
Density calculation took 0.511775s
Tau required
Density calculation took 0.511262s
Tau required
Density calculation took 0.511505s
Tau required
Density calculation took 0.511667s
Tau required
Density calculation took 0.511333s
Tau required
Density calculation took 0.511640s
Tau required
Density calculation took 0.512259s
Tau required
Total number of grid points: 357136 (5760 per atom)
Density calculation took 0.552070s
Tau required
Density calculation took 0.528269s
Tau required
Density calculation took 0.506368s
Tau required
Density calculation took 0.506164s
Tau required
Density calculation took 0.506447s
Tau required
Density calculation took 0.506248s
Tau required
Density calculation took 0.506713s
Tau required
Density calculation took 0.506347s
Tau required
Density calculation took 0.506833s
Tau required
Density calculation took 0.506125s
Tau required
Density calculation took 0.506652s
Tau required
Density calculation took 0.506400s
Tau required
Density calculation took 0.506382s
Tau required
Density calculation took 0.506175s
Tau required
Density calculation took 0.506591s
Tau required
Density calculation took 0.506280s
Tau required
Total number of grid points: 358364 (5780 per atom)
Density calculation took 0.546515s
Tau required
Density calculation took 0.529618s
Tau required
Density calculation took 0.509249s
Tau required
Density calculation took 0.509603s
Tau required
Density calculation took 0.510321s
Tau required
Density calculation took 0.510200s
Tau required
Density calculation took 0.510114s
Tau required
Density calculation took 0.509764s
Tau required
Density calculation took 0.509853s
Tau required
Density calculation took 0.509736s
Tau required
Density calculation took 0.509469s
Tau required
Density calculation took 0.510218s
Tau required
Density calculation took 0.509767s
Tau required
Density calculation took 0.509933s
Tau required
Density calculation took 0.509738s
Tau required
Density calculation took 0.509829s
Tau required
Total number of grid points: 357832 (5771 per atom)
Density calculation took 0.535098s
Tau required
Density calculation took 0.527331s
Tau required
Density calculation took 0.508259s
Tau required
Density calculation took 0.507558s
Tau required
Density calculation took 0.508270s
Tau required
Density calculation took 0.507859s
Tau required
Density calculation took 0.507689s
Tau required
Density calculation took 0.507583s
Tau required
Density calculation took 0.507673s
Tau required
Density calculation took 0.508014s
Tau required
Density calculation took 0.508402s
Tau required
Density calculation took 0.508041s
Tau required
Density calculation took 0.508182s
Tau required
Density calculation took 0.508326s
Tau required
Density calculation took 0.508249s
Tau required
Density calculation took 0.508402s
Tau required
Density calculation took 0.508372s
Tau required
Density calculation took 0.508066s
Tau required
Total number of grid points: 357880 (5772 per atom)
Density calculation took 0.554375s
Tau required
Density calculation took 0.529712s
Tau required
Density calculation took 0.510109s
Tau required
Density calculation took 0.510816s
Tau required
Density calculation took 0.510744s
Tau required
Density calculation took 0.510409s
Tau required
Density calculation took 0.510524s
Tau required
Density calculation took 0.510285s
Tau required
Density calculation took 0.511155s
Tau required
Density calculation took 0.510764s
Tau required
Density calculation took 0.510403s
Tau required
Density calculation took 0.510659s
Tau required
Density calculation took 0.510449s
Tau required
Density calculation took 0.510856s
Tau required
Density calculation took 0.510986s
Tau required
Density calculation took 0.511045s
Tau required
Density calculation took 0.511197s
Tau required
[CRAYBLAS_WARNING] Application linked against multiple cray-libsci libraries
 of 20 *****************
************************************************************

************************************************************
****** Beginning RI-MGGA_X_RSCAN+MGGA_C_RSCAN energy *******
************************************************************

=======================================================
       MGGA_X_RSCAN+MGGA_C_RSCAN Energy Results        
=======================================================
E MGGA_X_RSCAN+MGGA_C_RSCAN: -1537.81892506
Nuclear Repulsion Energy: 3915.39164322
Electronic Energy:        -5227.47215261
XC Energy:                -225.738416
Converged:                1
# of SCF iterations:      17
SCF Time:                 24.779s

=======================================================
            Individual Calculation Summary             
=======================================================
HF Energy: -1537.8189250610623731
=======================================================


Topology 9 time: 24.948636 s, performance: SP: 0 FLOP/s, DP: 33.71 TFLOP/s
JSON file written to: json_logs/lustre_orion_chm213_scratch_ryan_dhdft_inputs_exess_exess_inputs_rSCAN_def2-TZVP_isomers_9940-9959_topology_9.json
************************************************************
**************** Running topology 11 of 20 *****************
************************************************************

************************************************************
****** Beginning RI-MGGA_X_RSCAN+MGGA_C_RSCAN energy *******
************************************************************

=======================================================
       MGGA_X_RSCAN+MGGA_C_RSCAN Energy Results        
=======================================================
E MGGA_X_RSCAN+MGGA_C_RSCAN: -1537.83995184
Nuclear Repulsion Energy: 3850.82379098
Electronic Energy:        -5162.92062208
XC Energy:                -225.743121
Converged:                1
# of SCF iterations:      16
SCF Time:                 23.592s

=======================================================
            Individual Calculation Summary             
=======================================================
HF Energy: -1537.8399518407245523
=======================================================


Topology 10 time: 23.755846 s, performance: SP: 0 FLOP/s, DP: 33.5 TFLOP/s
JSON file written to: json_logs/lustre_orion_chm213_scratch_ryan_dhdft_inputs_exess_exess_inputs_rSCAN_def2-TZVP_isomers_9940-9959_topology_10.json
************************************************************
**************** Running topology 12 of 20 *****************
************************************************************

************************************************************
****** Beginning RI-MGGA_X_RSCAN+MGGA_C_RSCAN energy *******
************************************************************

=======================================================
       MGGA_X_RSCAN+MGGA_C_RSCAN Energy Results        
=======================================================
E MGGA_X_RSCAN+MGGA_C_RSCAN: -1537.82943583
Nuclear Repulsion Energy: 3866.23040831
Electronic Energy:        -5178.31797093
XC Energy:                -225.741873
Converged:                1
# of SCF iterations:      17
SCF Time:                 24.829s

=======================================================
            Individual Calculation Summary             
=======================================================
HF Energy: -1537.8294358329505940
=======================================================


Topology 11 time: 24.996038 s, performance: SP: 0 FLOP/s, DP: 33.68 TFLOP/s
JSON file written to: json_logs/lustre_orion_chm213_scratch_ryan_dhdft_inputs_exess_exess_inputs_rSCAN_def2-TZVP_isomers_9940-9959_topology_11.json
************************************************************
**************** Running topology 13 of 20 *****************
************************************************************

************************************************************
****** Beginning RI-MGGA_X_RSCAN+MGGA_C_RSCAN energy *******
************************************************************

=======================================================
       MGGA_X_RSCAN+MGGA_C_RSCAN Energy Results        
=======================================================
E MGGA_X_RSCAN+MGGA_C_RSCAN: -1537.82857217
Nuclear Repulsion Energy: 3973.85025516
Electronic Energy:        -5285.93601742
XC Energy:                -225.742810
Converged:                1
# of SCF iterations:      17
SCF Time:                 24.803s

=======================================================
            Individual Calculation Summary             
=======================================================
HF Energy: -1537.8285721726249449
=======================================================


Topology 12 time: 24.977720 s, performance: SP: 0 FLOP/s, DP: 33.66 TFLOP/s
JSON file written to: json_logs/lustre_orion_chm213_scratch_ryan_dhdft_inputs_exess_exess_inputs_rSCAN_def2-TZVP_isomers_9940-9959_topology_12.json
************************************************************
**************** Running topology 14 of 20 *****************
************************************************************

************************************************************
****** Beginning RI-MGGA_X_RSCAN+MGGA_C_RSCAN energy *******
************************************************************

=======================================================
       MGGA_X_RSCAN+MGGA_C_RSCAN Energy Results        
=======================================================
E MGGA_X_RSCAN+MGGA_C_RSCAN: -1537.81581676
Nuclear Repulsion Energy: 3999.52567295
Electronic Energy:        -5311.59473632
XC Energy:                -225.746753
Converged:                1
# of SCF iterations:      16
SCF Time:                 23.431s

=======================================================
            Individual Calculation Summary             
=======================================================
HF Energy: -1537.8158167572482853
=======================================================


Topology 13 time: 23.606889 s, performance: SP: 0 FLOP/s, DP: 33.63 TFLOP/s
JSON file written to: json_logs/lustre_orion_chm213_scratch_ryan_dhdft_inputs_exess_exess_inputs_rSCAN_def2-TZVP_isomers_9940-9959_topology_13.json
************************************************************
**************** Running topology 15 of 20 *****************
************************************************************

************************************************************
****** Beginning RI-MGGA_X_RSCAN+MGGA_C_RSCAN energy *******
************************************************************

=======================================================
       MGGA_X_RSCAN+MGGA_C_RSCAN Energy Results        
=======================================================
E MGGA_X_RSCAN+MGGA_C_RSCAN: -1537.81686097
Nuclear Repulsion Energy: 4005.70267743
Electronic Energy:        -5317.77721333
XC Energy:                -225.742325
Converged:                1
# of SCF iterations:      17
SCF Time:                 24.595s

=======================================================
            Individual Calculation Summary             
=======================================================
HF Energy: -1537.8168609701119749
=======================================================


Topology 14 time: 24.770896 s, performance: SP: 0 FLOP/s, DP: 33.9 TFLOP/s
JSON file written to: json_logs/lustre_orion_chm213_scratch_ryan_dhdft_inputs_exess_exess_inputs_rSCAN_def2-TZVP_isomers_9940-9959_topology_14.json
************************************************************
**************** Running topology 16 of 20 *****************
************************************************************

************************************************************
****** Beginning RI-MGGA_X_RSCAN+MGGA_C_RSCAN energy *******
************************************************************

=======================================================
       MGGA_X_RSCAN+MGGA_C_RSCAN Energy Results        
=======================================================
E MGGA_X_RSCAN+MGGA_C_RSCAN: -1537.82069631
Nuclear Repulsion Energy: 4023.15240638
Electronic Energy:        -5335.2229867
XC Energy:                -225.750116
Converged:                1
# of SCF iterations:      16
SCF Time:                 23.593s

=======================================================
            Individual Calculation Summary             
=======================================================
HF Energy: -1537.8206963138370611
=======================================================


Topology 15 time: 23.770449 s, performance: SP: 0 FLOP/s, DP: 33.37 TFLOP/s
JSON file written to: json_logs/lustre_orion_chm213_scratch_ryan_dhdft_inputs_exess_exess_inputs_rSCAN_def2-TZVP_isomers_9940-9959_topology_15.json
************************************************************
**************** Running topology 17 of 20 *****************
************************************************************

************************************************************
****** Beginning RI-MGGA_X_RSCAN+MGGA_C_RSCAN energy *******
************************************************************

=======================================================
       MGGA_X_RSCAN+MGGA_C_RSCAN Energy Results        
=======================================================
E MGGA_X_RSCAN+MGGA_C_RSCAN: -1537.82826144
Nuclear Repulsion Energy: 3880.59793068
Electronic Energy:        -5192.68284086
XC Energy:                -225.743351
Converged:                1
# of SCF iterations:      16
SCF Time:                 23.396s

=======================================================
            Individual Calculation Summary             
=======================================================
HF Energy: -1537.8282614371962609
=======================================================


Topology 16 time: 23.562490 s, performance: SP: 0 FLOP/s, DP: 33.73 TFLOP/s
JSON file written to: json_logs/lustre_orion_chm213_scratch_ryan_dhdft_inputs_exess_exess_inputs_rSCAN_def2-TZVP_isomers_9940-9959_topology_16.json
************************************************************
**************** Running topology 18 of 20 *****************
************************************************************

************************************************************
****** Beginning RI-MGGA_X_RSCAN+MGGA_C_RSCAN energy *******
************************************************************

=======================================================
       MGGA_X_RSCAN+MGGA_C_RSCAN Energy Results        
=======================================================
E MGGA_X_RSCAN+MGGA_C_RSCAN: -1537.82017441
Nuclear Repulsion Energy: 3984.98667345
Electronic Energy:        -5297.06189176
XC Energy:                -225.744956
Converged:                1
# of SCF iterations:      16
SCF Time:                 23.406s

=======================================================
            Individual Calculation Summary             
=======================================================
HF Energy: -1537.8201744084528855
=======================================================


Topology 17 time: 23.579585 s, performance: SP: 0 FLOP/s, DP: 33.62 TFLOP/s
JSON file written to: json_logs/lustre_orion_chm213_scratch_ryan_dhdft_inputs_exess_exess_inputs_rSCAN_def2-TZVP_isomers_9940-9959_topology_17.json
************************************************************
**************** Running topology 19 of 20 *****************
************************************************************

************************************************************
****** Beginning RI-MGGA_X_RSCAN+MGGA_C_RSCAN energy *******
************************************************************

=======================================================
       MGGA_X_RSCAN+MGGA_C_RSCAN Energy Results        
=======================================================
E MGGA_X_RSCAN+MGGA_C_RSCAN: -1537.8051028
Nuclear Repulsion Energy: 4140.22385877
Electronic Energy:        -5452.28414083
XC Energy:                -225.744821
Converged:                1
# of SCF iterations:      18
SCF Time:                 26.134s

=======================================================
            Individual Calculation Summary             
=======================================================
HF Energy: -1537.8051028043055339
=======================================================


Topology 18 time: 26.318886 s, performance: SP: 0 FLOP/s, DP: 33.58 TFLOP/s
JSON file written to: json_logs/lustre_orion_chm213_scratch_ryan_dhdft_inputs_exess_exess_inputs_rSCAN_def2-TZVP_isomers_9940-9959_topology_18.json
************************************************************
**************** Running topology 20 of 20 *****************
************************************************************

************************************************************
****** Beginning RI-MGGA_X_RSCAN+MGGA_C_RSCAN energy *******
************************************************************

=======================================================
       MGGA_X_RSCAN+MGGA_C_RSCAN Energy Results        
=======================================================
E MGGA_X_RSCAN+MGGA_C_RSCAN: -1537.80644371
Nuclear Repulsion Energy: 4090.97832723
Electronic Energy:        -5403.04119348
XC Energy:                -225.743577
Converged:                1
# of SCF iterations:      17
SCF Time:                 24.731s

=======================================================
            Individual Calculation Summary             
=======================================================
HF Energy: -1537.8064437060945693
=======================================================


Topology 19 time: 24.912179 s, performance: SP: 0 FLOP/s, DP: 33.66 TFLOP/s
JSON file written to: json_logs/lustre_orion_chm213_scratch_ryan_dhdft_inputs_exess_exess_inputs_rSCAN_def2-TZVP_isomers_9940-9959_topology_19.json
Total flops: SP: 0 FLOPS, DP: 16.341429 PFLOPS
Performance: SP: 0 FLOP/s, DP: 32.9 TFLOP/s

Now, a word from our sponsors... 
 We're going to Bonnie Doon, we're doing to Bonnie Doon

[31mTotal processing time 496.971199 seconds[0m
[CRAYBLAS_WARNING] Application linked against multiple cray-libsci libraries
 calculation took 0.504050s
Tau required
   11     | -1537.8285721115 |   2.1507e-07   |    1.1160     |    0.2056
Density calculation took 0.504575s
Tau required
   12     | -1537.8285721620 |   3.4333e-08   |    1.1151     |    0.2019
Density calculation took 0.504090s
Tau required
   13     | -1537.8285721645 |   2.5305e-08   |    1.1154     |    0.2019
Density calculation took 0.504524s
Tau required
   14     | -1537.8285721720 |   1.9604e-09   |    1.1155     |    0.2022
Density calculation took 0.504053s
Tau required
   15     | -1537.8285721726 |   2.1958e-10   |    1.1152     |    0.2032
Density calculation took 0.504624s
Tau required
   16     | -1537.8285721726 |   1.2989e-10   |    1.1150     |    0.2011
Density calculation took 0.503972s
Tau required
   17     | -1537.8285721726 |   9.4988e-12   |    1.1151     |    0.2051
Created 645422 / 2471184 significant shell pairs
Created 500376 / 1882384 significant shell pairs
Total number of grid points: 358353 (5779 per atom)
One electron integrals and orthogonalizer took 0.044561s
Created 500376 / 1882384 significant shell pairs
3C integrals and B formation took 1.734582s
Iteration |      Energy      |  DIIS Metric   | Fock Time (s) | DIIS Time (s)
----------+------------------+----------------+---------------+--------------
Density calculation took 0.530208s
Tau required
    1     | -1547.6819583757 |   9.5848e+02   |    1.3872     |    0.2284
Density calculation took 0.523491s
Tau required
    2     | -1537.1006521679 |   2.5676e+00   |    1.1363     |    0.1999
Density calculation took 0.503492s
Tau required
    3     | -1536.9537128283 |   3.2786e+00   |    1.1138     |    0.2057
Density calculation took 0.503346s
Tau required
    4     | -1537.7869811974 |   1.0427e-01   |    1.1154     |    0.1995
Density calculation took 0.503176s
Tau required
    5     | -1537.8021735825 |   4.4990e-02   |    1.1164     |    0.2077
Density calculation took 0.503180s
Tau required
    6     | -1537.8144561339 |   4.6013e-03   |    1.1161     |    0.1998
Density calculation took 0.503530s
Tau required
    7     | -1537.8156384699 |   5.8963e-04   |    1.1137     |    0.2096
Density calculation took 0.503599s
Tau required
    8     | -1537.8157537731 |   2.1658e-04   |    1.1149     |    0.2020
Density calculation took 0.503400s
Tau required
    9     | -1537.8158134122 |   1.1296e-05   |    1.1134     |    0.2023
Density calculation took 0.503525s
Tau required
   10     | -1537.8158159477 |   2.8998e-06   |    1.1161     |    0.2022
Density calculation took 0.503295s
Tau required
   11     | -1537.8158167063 |   1.7724e-07   |    1.1152     |    0.2028
Density calculation took 0.503870s
Tau required
   12     | -1537.8158167429 |   4.8630e-08   |    1.1145     |    0.2017
Density calculation took 0.503211s
Tau required
   13     | -1537.8158167518 |   1.9929e-08   |    1.1141     |    0.2021
Density calculation took 0.503650s
Tau required
   14     | -1537.8158167571 |   6.8796e-10   |    1.1144     |    0.2009
Density calculation took 0.503293s
Tau required
   15     | -1537.8158167572 |   2.3441e-10   |    1.1153     |    0.2019
Density calculation took 0.503582s
Tau required
   16     | -1537.8158167572 |   6.5151e-11   |    1.1155     |    0.2027
Created 646196 / 2471184 significant shell pairs
Created 501367 / 1882384 significant shell pairs
Total number of grid points: 358668 (5784 per atom)
One electron integrals and orthogonalizer took 0.044654s
Created 501367 / 1882384 significant shell pairs
3C integrals and B formation took 1.732718s
Iteration |      Energy      |  DIIS Metric   | Fock Time (s) | DIIS Time (s)
----------+------------------+----------------+---------------+--------------
Density calculation took 0.533889s
Tau required
    1     | -1547.6770712564 |   9.5723e+02   |    1.3766     |    0.2287
Density calculation took 0.528749s
Tau required
    2     | -1537.1037291386 |   2.5491e+00   |    1.1263     |    0.1991
Density calculation took 0.505531s
Tau required
    3     | -1536.9651181378 |   3.2054e+00   |    1.1043     |    0.2061
Density calculation took 0.506110s
Tau required
    4     | -1537.7884995733 |   1.0313e-01   |    1.1047     |    0.2003
Density calculation took 0.506459s
Tau required
    5     | -1537.8039175877 |   4.4718e-02   |    1.1058     |    0.2073
Density calculation took 0.505870s
Tau required
    6     | -1537.8149706452 |   6.3535e-03   |    1.1050     |    0.2004
Density calculation took 0.506019s
Tau required
    7     | -1537.8167104176 |   4.8929e-04   |    1.1053     |    0.2090
Density calculation took 0.506421s
Tau required
    8     | -1537.8168108360 |   1.7278e-04   |    1.1052     |    0.2021
Density calculation took 0.506489s
Tau required
    9     | -1537.8168575254 |   1.1169e-05   |    1.1054     |    0.2015
Density calculation took 0.506305s
Tau required
   10     | -1537.8168598066 |   3.8557e-06   |    1.1057     |    0.2026
Density calculation took 0.506524s
Tau required
   11     | -1537.8168608287 |   4.6231e-07   |    1.1068     |    0.2025
Density calculation took 0.506364s
Tau required
   12     | -1537.8168609516 |   6.0312e-08   |    1.1070     |    0.2017
Density calculation took 0.506570s
Tau required
   13     | -1537.8168609602 |   3.3221e-08   |    1.1059     |    0.2039
Density calculation took 0.506362s
Tau required
   14     | -1537.8168609698 |   1.0972e-09   |    1.1056     |    0.2017
Density calculation took 0.506473s
Tau required
   15     | -1537.8168609700 |   2.4478e-10   |    1.1063     |    0.2020
Density calculation took 0.506390s
Tau required
   16     | -1537.8168609701 |   1.5743e-10   |    1.1077     |    0.2027
Density calculation took 0.506623s
Tau required
   17     | -1537.8168609701 |   7.1192e-12   |    1.1071     |    0.2019
Created 653892 / 2471184 significant shell pairs
Created 506880 / 1882384 significant shell pairs
Total number of grid points: 357937 (5773 per atom)
One electron integrals and orthogonalizer took 0.049370s
Created 506880 / 1882384 significant shell pairs
3C integrals and B formation took 1.767711s
Iteration |      Energy      |  DIIS Metric   | Fock Time (s) | DIIS Time (s)
----------+------------------+----------------+---------------+--------------
Density calculation took 0.512365s
Tau required
    1     | -1547.6900976192 |   9.5977e+02   |    1.3944     |    0.2298
Density calculation took 0.512349s
Tau required
    2     | -1537.1038753574 |   2.5711e+00   |    1.1408     |    0.1997
Density calculation took 0.488999s
Tau required
    3     | -1536.9516053325 |   3.2963e+00   |    1.1189     |    0.2111
Density calculation took 0.488992s
Tau required
    4     | -1537.7930707376 |   1.0120e-01   |    1.1202     |    0.2014
Density calculation took 0.489338s
Tau required
    5     | -1537.8095676021 |   3.9195e-02   |    1.1190     |    0.2091
Density calculation took 0.489342s
Tau required
    6     | -1537.8196703277 |   3.6542e-03   |    1.1208     |    0.2024
Density calculation took 0.489090s
Tau required
    7     | -1537.8205320258 |   5.7069e-04   |    1.1200     |    0.2107
Density calculation took 0.489134s
Tau required
    8     | -1537.8206332240 |   2.1776e-04   |    1.1204     |    0.2042
Density calculation took 0.489491s
Tau required
    9     | -1537.8206928499 |   1.1357e-05   |    1.1192     |    0.2045
Density calculation took 0.488917s
Tau required
   10     | -1537.8206953433 |   3.2587e-06   |    1.1199     |    0.2038
Density calculation took 0.489463s
Tau required
   11     | -1537.8206962299 |   2.7884e-07   |    1.1202     |    0.2040
Density calculation took 0.489036s
Tau required
   12     | -1537.8206963035 |   3.3560e-08   |    1.1201     |    0.2034
Density calculation took 0.489601s
Tau required
   13     | -1537.8206963082 |   1.8460e-08   |    1.1200     |    0.2032
Density calculation took 0.488817s
Tau required
   14     | -1537.8206963136 |   9.4834e-10   |    1.1195     |    0.2042
Density calculation took 0.489491s
Tau required
   15     | -1537.8206963138 |   2.6493e-10   |    1.1191     |    0.2031
Density calculation took 0.488820s
Tau required
   16     | -1537.8206963138 |   5.6718e-11   |    1.1209     |    0.2039
Created 608739 / 2471184 significant shell pairs
Created 471283 / 1882384 significant shell pairs
Total number of grid points: 358799 (5787 per atom)
One electron integrals and orthogonalizer took 0.044623s
Created 471283 / 1882384 significant shell pairs
3C integrals and B formation took 1.711827s
Iteration |      Energy      |  DIIS Metric   | Fock Time (s) | DIIS Time (s)
----------+------------------+----------------+---------------+--------------
Density calculation took 0.557878s
Tau required
    1     | -1547.6777091964 |   9.5461e+02   |    1.3795     |    0.2316
Density calculation took 0.522901s
Tau required
    2     | -1537.1149693750 |   2.5528e+00   |    1.1361     |    0.2006
Density calculation took 0.500065s
Tau required
    3     | -1536.9943560159 |   3.1418e+00   |    1.1136     |    0.2101
Density calculation took 0.499665s
Tau required
    4     | -1537.8100311050 |   6.8028e-02   |    1.1112     |    0.1997
Density calculation took 0.499776s
Tau required
    5     | -1537.8226881611 |   2.0844e-02   |    1.1136     |    0.2081
Density calculation took 0.499498s
Tau required
    6     | -1537.8276972292 |   1.9931e-03   |    1.1127     |    0.2006
Density calculation took 0.499955s
Tau required
    7     | -1537.8281408034 |   4.1719e-04   |    1.1149     |    0.2092
Density calculation took 0.500081s
Tau required
    8     | -1537.8282375654 |   8.0053e-05   |    1.1130     |    0.2021
Density calculation took 0.499775s
Tau required
    9     | -1537.8282577788 |   1.1803e-05   |    1.1157     |    0.2027
Density calculation took 0.499924s
Tau required
   10     | -1537.8282606553 |   2.6453e-06   |    1.1121     |    0.2023
Density calculation took 0.499701s
Tau required
   11     | -1537.8282613765 |   2.0050e-07   |    1.1143     |    0.2032
Density calculation took 0.499955s
Tau required
   12     | -1537.8282614292 |   2.5182e-08   |    1.1148     |    0.2033
Density calculation took 0.499681s
Tau required
   13     | -1537.8282614347 |   8.4830e-09   |    1.1150     |    0.2025
Density calculation took 0.500143s
Tau required
   14     | -1537.8282614370 |   6.8719e-10   |    1.1138     |    0.2024
Density calculation took 0.499765s
Tau required
   15     | -1537.8282614372 |   1.0503e-10   |    1.1131     |    0.2016
Density calculation took 0.499886s
Tau required
   16     | -1537.8282614372 |   7.0453e-11   |    1.1128     |    0.2022
Created 641321 / 2471184 significant shell pairs
Created 496834 / 1882384 significant shell pairs
Total number of grid points: 358116 (5776 per atom)
One electron integrals and orthogonalizer took 0.044431s
Created 496834 / 1882384 significant shell pairs
3C integrals and B formation took 1.733084s
Iteration |      Energy      |  DIIS Metric   | Fock Time (s) | DIIS Time (s)
----------+------------------+----------------+---------------+--------------
Density calculation took 0.526881s
Tau required
    1     | -1547.6793336217 |   9.5746e+02   |    1.3751     |    0.2286
Density calculation took 0.519929s
Tau required
    2     | -1537.1055826112 |   2.5548e+00   |    1.1332     |    0.2003
Density calculation took 0.499498s
Tau required
    3     | -1536.9694142473 |   3.1869e+00   |    1.1128     |    0.2063
Density calculation took 0.499682s
Tau required
    4     | -1537.7844833803 |   1.1954e-01   |    1.1141     |    0.2005
Density calculation took 0.499384s
Tau required
    5     | -1537.7978774751 |   7.2689e-02   |    1.1123     |    0.2088
Density calculation took 0.499292s
Tau required
    6     | -1537.8187820408 |   4.9041e-03   |    1.1125     |    0.2017
Density calculation took 0.499736s
Tau required
    7     | -1537.8199391104 |   7.8118e-04   |    1.1136     |    0.2089
Density calculation took 0.499664s
Tau required
    8     | -1537.8200876480 |   2.9433e-04   |    1.1146     |    0.2022
Density calculation took 0.499272s
Tau required
    9     | -1537.8201699964 |   1.5361e-05   |    1.1135     |    0.2021
Density calculation took 0.499864s
Tau required
   10     | -1537.8201734162 |   3.5067e-06   |    1.1142     |    0.2022
Density calculation took 0.499341s
Tau required
   11     | -1537.8201742782 |   4.4286e-07   |    1.1130     |    0.2027
Density calculation took 0.499700s
Tau required
   12     | -1537.8201743985 |   3.3043e-08   |    1.1128     |    0.2032
Density calculation took 0.499310s
Tau required
   13     | -1537.8201744033 |   1.8204e-08   |    1.1158     |    0.2025
Density calculation took 0.499963s
Tau required
   14     | -1537.8201744081 |   1.0942e-09   |    1.1140     |    0.2021
Density calculation took 0.499504s
Tau required
   15     | -1537.8201744084 |   2.9419e-10   |    1.1150     |    0.2016
Density calculation took 0.499950s
Tau required
   16     | -1537.8201744085 |   4.7164e-11   |    1.1139     |    0.2023
Created 692379 / 2471184 significant shell pairs
Created 537162 / 1882384 significant shell pairs
Total number of grid points: 356978 (5757 per atom)
One electron integrals and orthogonalizer took 0.049037s
Created 537162 / 1882384 significant shell pairs
3C integrals and B formation took 1.791524s
Iteration |      Energy      |  DIIS Metric   | Fock Time (s) | DIIS Time (s)
----------+------------------+----------------+---------------+--------------
Density calculation took 0.531516s
Tau required
    1     | -1547.6869507513 |   9.6166e+02   |    1.3855     |    0.2294
Density calculation took 0.512172s
Tau required
    2     | -1537.0875104913 |   2.5717e+00   |    1.1324     |    0.1984
Density calculation took 0.491446s
Tau required
    3     | -1536.8932436255 |   3.4352e+00   |    1.1137     |    0.2103
Density calculation took 0.491243s
Tau required
    4     | -1537.7345929085 |   2.3124e-01   |    1.1117     |    0.1993
Density calculation took 0.490776s
Tau required
    5     | -1537.7734608672 |   9.8715e-02   |    1.1139     |    0.2082
Density calculation took 0.491437s
Tau required
    6     | -1537.8002789108 |   1.5331e-02   |    1.1136     |    0.2004
Density calculation took 0.491689s
Tau required
    7     | -1537.8044259520 |   2.1367e-03   |    1.1141     |    0.2101
Density calculation took 0.490946s
Tau required
    8     | -1537.8049269188 |   6.0122e-04   |    1.1123     |    0.2029
Density calculation took 0.490630s
Tau required
    9     | -1537.8050686340 |   1.1264e-04   |    1.1131     |    0.2019
Density calculation took 0.490753s
Tau required
   10     | -1537.8051006204 |   6.9645e-06   |    1.1125     |    0.2034
Density calculation took 0.490842s
Tau required
   11     | -1537.8051021251 |   2.2163e-06   |    1.1147     |    0.2015
Density calculation took 0.490860s
Tau required
   12     | -1537.8051027642 |   1.3169e-07   |    1.1138     |    0.2023
Density calculation took 0.490999s
Tau required
   13     | -1537.8051027875 |   5.4542e-08   |    1.1143     |    0.2021
Density calculation took 0.490973s
Tau required
   14     | -1537.8051028029 |   4.8984e-09   |    1.1128     |    0.2034
Density calculation took 0.490963s
Tau required
   15     | -1537.8051028038 |   2.0522e-09   |    1.1136     |    0.2031
Density calculation took 0.490857s
Tau required
   16     | -1537.8051028042 |   2.0975e-10   |    1.1135     |    0.2034
Density calculation took 0.490867s
Tau required
   17     | -1537.8051028043 |   1.1103e-10   |    1.1141     |    0.2026
Density calculation took 0.491031s
Tau required
   18     | -1537.8051028043 |   1.3381e-11   |    1.1145     |    0.2021
Created 674000 / 2471184 significant shell pairs
Created 523505 / 1882384 significant shell pairs
Total number of grid points: 357985 (5773 per atom)
One electron integrals and orthogonalizer took 0.049604s
Created 523505 / 1882384 significant shell pairs
3C integrals and B formation took 1.778992s
Iteration |      Energy      |  DIIS Metric   | Fock Time (s) | DIIS Time (s)
----------+------------------+----------------+---------------+--------------
Density calculation took 0.525862s
Tau required
    1     | -1547.6745217869 |   9.5910e+02   |    1.4054     |    0.2297
Density calculation took 0.519787s
Tau required
    2     | -1537.0906615223 |   2.5613e+00   |    1.1281     |    0.1988
Density calculation took 0.498539s
Tau required
    3     | -1536.9410920250 |   3.2639e+00   |    1.1077     |    0.2064
Density calculation took 0.498492s
Tau required
    4     | -1537.7662479797 |   1.3382e-01   |    1.1080     |    0.1996
Density calculation took 0.499348s
Tau required
    5     | -1537.7817391218 |   7.3052e-02   |    1.1077     |    0.2082
Density calculation took 0.499349s
Tau required
    6     | -1537.8036399846 |   9.0112e-03   |    1.1096     |    0.2009
Density calculation took 0.499066s
Tau required
    7     | -1537.8061276388 |   1.0696e-03   |    1.1062     |    0.2093
Density calculation took 0.498823s
Tau required
    8     | -1537.8063601504 |   3.0698e-04   |    1.1079     |    0.2026
Density calculation took 0.499204s
Tau required
    9     | -1537.8064315811 |   4.0009e-05   |    1.1085     |    0.2024
Density calculation took 0.498943s
Tau required
   10     | -1537.8064423875 |   4.3998e-06   |    1.1069     |    0.2022
Density calculation took 0.499256s
Tau required
   11     | -1537.8064434974 |   7.5298e-07   |    1.1072     |    0.2012
Density calculation took 0.498964s
Tau required
   12     | -1537.8064436905 |   5.5037e-08   |    1.1098     |    0.2028
Density calculation took 0.499167s
Tau required
   13     | -1537.8064436967 |   3.2431e-08   |    1.1083     |    0.2024
Density calculation took 0.498968s
Tau required
   14     | -1537.8064437053 |   2.8941e-09   |    1.1072     |    0.2016
Density calculation took 0.499309s
Tau required
   15     | -1537.8064437058 |   1.0612e-09   |    1.1082     |    0.2025
Density calculation took 0.498950s
Tau required
   16     | -1537.8064437060 |   3.8180e-10   |    1.1086     |    0.2026
Density calculation took 0.499301s
Tau required
   17     | -1537.8064437061 |   3.9685e-11   |    1.1091     |    0.2026
Please cite the following papers for the methods used in this calculation:
 - J.L. Galvez Vallejo et. al., Toward an extreme-scale electronic structure system, J. Chem. Phys., 2023. DOI: 10.1063/5.0156399

 - R. Stocks, E. Palethorpe, and G.M.J. Barca, Multi-GPU RI-HF Energies and Analytic Gradients ─ Toward High-Throughput Ab Initio Molecular Dynamics, J. Chem. Theory Comput., 2024. DOI: 10.1021/acs.jctc.4c00877
   For:
     * RI-HF energy

 - S. Lehtola, C. Steigemann, M.J.T. Oliveira, and M.A.L. Marques, Recent developments in Libxc: A comprehensive library of functionals for density functional theory, SoftwareX, 2018. DOI: 10.1016/j.softx.2017.11.002
   For:
     * LibXC version 6.2.0

 - D.B. Williams-Young, W.A. de Jong, H.J.J. van Dam, and C. Yang, On the Efficient Evaluation of the Exchange Correlation Potential on Graphics Processing Unit Clusters, Frontiers in Chemistry, 2020. DOI: 10.3389/fchem.2020.581058
   For:
     * ExchCXX GPU implementation of exchange-correlation functionals

 - R. Stocks and G.M.J. Barca, Efficient Algorithms for GPU Accelerated Evaluation of the DFT Exchange-Correlation Functional, J. Chem. Theory Comput., 2025. DOI: 10.1021/acs.jctc.5c01229
   For:
     * GPU accelerated DFT exchange-correlation evaluation

 - A. P. Bartók and J. R. Yates.,  J. Chem. Phys. 150, 161101 (2019) DOI: 10.1063/1.5094646
   For:
     * MGGA_X_RSCAN XC Functional
     * MGGA_C_RSCAN XC Functional

[CRAYBLAS_WARNING] Application linked against multiple cray-libsci libraries
