Total number of grid points: 357998 (5774 per atom)
Density calculation took 0.568915s
Tau required
Density calculation took 0.542407s
Tau required
Density calculation took 0.529147s
Tau required
Density calculation took 0.530009s
Tau required
Density calculation took 0.530500s
Tau required
Density calculation took 0.530825s
Tau required
Density calculation took 0.530943s
Tau required
Density calculation took 0.530766s
Tau required
Density calculation took 0.531899s
Tau required
Density calculation took 0.530947s
Tau required
Density calculation took 0.532355s
Tau required
Density calculation took 0.532385s
Tau required
Density calculation took 0.532534s
Tau required
Density calculation took 0.532844s
Tau required
Density calculation took 0.532911s
Tau required
Total number of grid points: 358929 (5789 per atom)
Density calculation took 0.561667s
Tau required
Density calculation took 0.545853s
Tau required
Density calculation took 0.525434s
Tau required
Density calculation took 0.525987s
Tau required
Density calculation took 0.526060s
Tau required
Density calculation took 0.526361s
Tau required
Density calculation took 0.526566s
Tau required
Density calculation took 0.526481s
Tau required
Density calculation took 0.526958s
Tau required
Density calculation took 0.527011s
Tau required
Density calculation took 0.526884s
Tau required
Density calculation took 0.527447s
Tau required
Density calculation took 0.526449s
Tau required
Density calculation took 0.527669s
Tau required
Density calculation took 0.527833s
Tau required
Density calculation took 0.527883s
Tau required
Total number of grid points: 357666 (5768 per atom)
Density calculation took 0.559627s
Tau required
Density calculation took 0.544229s
Tau required
Density calculation took 0.524203s
Tau required
Density calculation took 0.524103s
Tau required
Density calculation took 0.524559s
Tau required
Density calculation took 0.524943s
Tau required
Density calculation took 0.524706s
Tau required
Density calculation took 0.524313s
Tau required
Density calculation took 0.525484s
Tau required
Density calculation took 0.525391s
Tau required
Density calculation took 0.525354s
Tau required
Density calculation took 0.525078s
Tau required
Density calculation took 0.525413s
Tau required
Density calculation took 0.525758s
Tau required
Density calculation took 0.526007s
Tau required
Density calculation took 0.526161s
Tau required
Total number of grid points: 357870 (5772 per atom)
Density calculation took 0.560678s
Tau required
Density calculation took 0.548996s
Tau required
Density calculation took 0.528837s
Tau required
Density calculation took 0.529398s
Tau required
Density calculation took 0.528838s
Tau required
Density calculation took 0.528994s
Tau required
Density calculation took 0.529550s
Tau required
Density calculation took 0.529992s
Tau required
Density calculation took 0.529978s
Tau required
Density calculation took 0.530359s
Tau required
Density calculation took 0.530063s
Tau required
Density calculation took 0.530578s
Tau required
Density calculation took 0.530745s
Tau required
Density calculation took 0.530182s
Tau required
Density calculation took 0.530540s
Tau required
Total number of grid points: 358498 (5782 per atom)
Density calculation took 0.557823s
Tau required
Density calculation took 0.553797s
Tau required
Density calculation took 0.534293s
Tau required
Density calculation took 0.534068s
Tau required
Density calculation took 0.534173s
Tau required
Density calculation took 0.535150s
Tau required
Density calculation took 0.534980s
Tau required
Density calculation took 0.534501s
Tau required
Density calculation took 0.534633s
Tau required
Density calculation took 0.535385s
Tau required
Density calculation took 0.535561s
Tau required
Density calculation took 0.535447s
Tau required
Density calculation took 0.534820s
Tau required
Density calculation took 0.535241s
Tau required
Density calculation took 0.535587s
Tau required
Total number of grid points: 358045 (5774 per atom)
Density calculation took 0.563515s
Tau required
Density calculation took 0.545635s
Tau required
Density calculation took 0.525913s
Tau required
Density calculation took 0.526117s
Tau required
Density calculation took 0.526245s
Tau required
Density calculation took 0.526460s
Tau required
Density calculation took 0.526297s
Tau required
Density calculation took 0.526200s
Tau required
Density calculation took 0.526778s
Tau required
Density calculation took 0.526390s
Tau required
Density calculation took 0.526864s
Tau required
Density calculation took 0.527069s
Tau required
Density calculation took 0.527068s
Tau required
Density calculation took 0.526446s
Tau required
Density calculation took 0.526247s
Tau required
Density calculation took 0.526811s
Tau required
Total number of grid points: 357977 (5773 per atom)
Density calculation took 0.561232s
Tau required
Density calculation took 0.551373s
Tau required
Density calculation took 0.530664s
Tau required
Density calculation took 0.531523s
Tau required
Density calculation took 0.531097s
Tau required
Density calculation took 0.531843s
Tau required
Density calculation took 0.531538s
Tau required
Density calculation took 0.531797s
Tau required
Density calculation took 0.531986s
Tau required
Density calculation took 0.531833s
Tau required
Density calculation took 0.532222s
Tau required
Density calculation took 0.531788s
Tau required
Density calculation took 0.531157s
Tau required
Density calculation took 0.531833s
Tau required
Density calculation took 0.531785s
Tau required
Density calculation took 0.531657s
Tau required
Total number of grid points: 357354 (5763 per atom)
Density calculation took 0.562285s
Tau required
Density calculation took 0.547870s
Tau required
Density calculation took 0.527892s
Tau required
Density calculation took 0.527797s
Tau required
Density calculation took 0.527961s
Tau required
Density calculation took 0.527761s
Tau required
Density calculation took 0.527104s
Tau required
Density calculation took 0.527578s
Tau required
Density calculation took 0.528337s
Tau required
Density calculation took 0.528278s
Tau required
Density calculation took 0.528243s
Tau required
Density calculation took 0.528165s
Tau required
Density calculation took 0.528130s
Tau required
Density calculation took 0.528422s
Tau required
Density calculation took 0.528297s
Tau required
Total number of grid points: 357751 (5770 per atom)
Density calculation took 0.563013s
Tau required
Density calculation took 0.548959s
Tau required
Density calculation took 0.529087s
Tau required
Density calculation took 0.529518s
Tau required
Density calculation took 0.529584s
Tau required
Density calculation took 0.529544s
Tau required
Density calculation took 0.529608s
Tau required
Density calculation took 0.528927s
Tau required
Density calculation took 0.529858s
Tau required
Density calculation took 0.529310s
Tau required
Density calculation took 0.530281s
Tau required
Density calculation took 0.530153s
Tau required
Density calculation took 0.529943s
Tau required
Density calculation took 0.530347s
Tau required
Density calculation took 0.529658s
Tau required
Total number of grid points: 358359 (5779 per atom)
Density calculation took 0.560779s
Tau required
Density calculation took 0.548722s
Tau required
Density calculation took 0.526341s
Tau required
Density calculation took 0.526640s
Tau required
Density calculation took 0.526646s
Tau required
Density calculation took 0.527046s
Tau required
Density calculation took 0.527076s
Tau required
Density calculation took 0.527055s
Tau required
Density calculation took 0.527149s
Tau required
Density calculation took 0.527183s
Tau required
Density calculation took 0.526730s
Tau required
Density calculation took 0.526254s
Tau required
Density calculation took 0.527338s
Tau required
Density calculation took 0.526943s
Tau required
Density calculation took 0.527146s
Tau required
Density calculation took 0.527465s
Tau required
Total number of grid points: 357719 (5769 per atom)
Density calculation took 0.552705s
Tau required
Density calculation took 0.551257s
Tau required
Density calculation took 0.530869s
Tau required
Density calculation took 0.531868s
Tau required
Density calculation took 0.531273s
Tau required
Density calculation took 0.532118s
Tau required
Density calculation took 0.531322s
Tau required
Density calculation took 0.532047s
Tau required
Density calculation took 0.531255s
Tau required
Density calculation took 0.533016s
Tau required
Density calculation took 0.531648s
Tau required
Density calculation took 0.532511s
Tau required
Density calculation took 0.531303s
Tau required
Density calculation took 0.533111s
Tau required
Density calculation took 0.530980s
Tau required
Density calculation took 0.532785s
Tau required
Total number of grid points: 357651 (5768 per atom)
Density calculation took 0.560036s
Tau required
Density calculation took 0.551232s
Tau required
Density calculation took 0.530655s
Tau required
Density calculation took 0.530762s
Tau required
Density calculation took 0.530504s
Tau required
Density calculation took 0.530835s
Tau required
Density calculation took 0.531122s
Tau required
Density calculation took 0.531605s
Tau required
Density calculation took 0.531213s
Tau required
Density calculation took 0.531344s
Tau required
Density calculation took 0.530621s
Tau required
Density calculation took 0.531173s
Tau required
Density calculation took 0.531038s
Tau required
Density calculation took 0.531922s
Tau required
Density calculation took 0.531624s
Tau required
Total number of grid points: 357673 (5768 per atom)
Density calculation took 0.569419s
Tau required
Density calculation took 0.549153s
Tau required
Density calculation took 0.529520s
Tau required
Density calculation took 0.528761s
Tau required
Density calculation took 0.529959s
Tau required
Density calculation took 0.528835s
Tau required
Density calculation took 0.530163s
Tau required
Density calculation took 0.529174s
Tau required
Density calculation took 0.530382s
Tau required
Density calculation took 0.529212s
Tau required
Density calculation took 0.530291s
Tau required
Density calculation took 0.529459s
Tau required
Density calculation took 0.530440s
Tau required
Density calculation took 0.529494s
Tau required
Density calculation took 0.530435s
Tau required
Density calculation took 0.529312s
Tau required
Total number of grid points: 358741 (5786 per atom)
Density calculation took 0.573229s
Tau required
Density calculation took 0.546375s
Tau required
Density calculation took 0.523165s
Tau required
Density calculation took 0.523069s
Tau required
Density calculation took 0.522908s
Tau required
Density calculation took 0.523478s
Tau required
Density calculation took 0.523596s
Tau required
Density calculation took 0.523407s
Tau required
Density calculation took 0.523589s
Tau required
Density calculation took 0.523307s
Tau required
Density calculation took 0.523225s
Tau required
Density calculation took 0.523654s
Tau required
Density calculation took 0.523433s
Tau required
Density calculation took 0.523138s
Tau required
Density calculation took 0.523366s
Tau required
Density calculation took 0.523323s
Tau required
Total number of grid points: 358169 (5776 per atom)
Density calculation took 0.549530s
Tau required
Density calculation took 0.547744s
Tau required
Density calculation took 0.527333s
Tau required
Density calculation took 0.528163s
Tau required
Density calculation took 0.528067s
Tau required
Density calculation took 0.527969s
Tau required
Density calculation took 0.528462s
Tau required
Density calculation took 0.528007s
Tau required
Density calculation took 0.528420s
Tau required
Density calculation took 0.528406s
Tau required
Density calculation took 0.528153s
Tau required
Density calculation took 0.528282s
Tau required
Density calculation took 0.528485s
Tau required
Density calculation took 0.528686s
Tau required
Density calculation took 0.527659s
Tau required
Total number of grid points: 358073 (5775 per atom)
Density calculation took 0.561796s
Tau required
Density calculation took 0.557259s
Tau required
Density calculation took 0.536805s
Tau required
Density calculation took 0.537180s
Tau required
Density calculation took 0.537201s
Tau required
Density calculation took 0.537392s
Tau required
Density calculation took 0.537532s
Tau required
Density calculation took 0.537643s
Tau required
Density calculation took 0.537589s
Tau required
Density calculation took 0.537126s
Tau required
Density calculation took 0.537567s
Tau required
Density calculation took 0.537909s
Tau required
Density calculation took 0.537813s
Tau required
Density calculation took 0.537278s
Tau required
Density calculation took 0.537466s
Tau required
Density calculation took 0.537769s
Tau required
Total number of grid points: 358729 (5785 per atom)
Density calculation took 0.563121s
Tau required
Density calculation took 0.549468s
Tau required
Density calculation took 0.531201s
Tau required
Density calculation took 0.530589s
Tau required
Density calculation took 0.531544s
Tau required
Density calculation took 0.529681s
Tau required
Density calculation took 0.532206s
Tau required
Density calculation took 0.530635s
Tau required
Density calculation took 0.532057s
Tau required
Density calculation took 0.531059s
Tau required
Density calculation took 0.532031s
Tau required
Density calculation took 0.530944s
Tau required
Density calculation took 0.532301s
Tau required
Density calculation took 0.530464s
Tau required
Density calculation took 0.532392s
Tau required
Total number of grid points: 358082 (5775 per atom)
Density calculation took 0.558443s
Tau required
Density calculation took 0.553487s
Tau required
Density calculation took 0.532667s
Tau required
Density calculation took 0.532352s
Tau required
Density calculation took 0.533213s
Tau required
Density calculation took 0.533450s
Tau required
Density calculation took 0.533613s
Tau required
Density calculation took 0.533436s
Tau required
Density calculation took 0.532994s
Tau required
Density calculation took 0.533302s
Tau required
Density calculation took 0.533289s
Tau required
Density calculation took 0.533703s
Tau required
Density calculation took 0.533622s
Tau required
Density calculation took 0.533651s
Tau required
Density calculation took 0.532947s
Tau required
Density calculation took 0.533440s
Tau required
Total number of grid points: 357155 (5760 per atom)
Density calculation took 0.557815s
Tau required
Density calculation took 0.556892s
Tau required
Density calculation took 0.536890s
Tau required
Density calculation took 0.536472s
Tau required
Density calculation took 0.537075s
Tau required
Density calculation took 0.537290s
Tau required
Density calculation took 0.537177s
Tau required
Density calculation took 0.537339s
Tau required
Density calculation took 0.537664s
Tau required
Density calculation took 0.536758s
Tau required
Density calculation took 0.537309s
Tau required
Density calculation took 0.537180s
Tau required
Density calculation took 0.537562s
Tau required
Density calculation took 0.537083s
Tau required
Density calculation took 0.538045s
Tau required
Density calculation took 0.537741s
Tau required
Total number of grid points: 357180 (5760 per atom)
Density calculation took 0.562364s
Tau required
Density calculation took 0.550734s
Tau required
Density calculation took 0.529829s
Tau required
Density calculation took 0.529794s
Tau required
Density calculation took 0.529874s
Tau required
Density calculation took 0.530204s
Tau required
Density calculation took 0.529906s
Tau required
Density calculation took 0.530157s
Tau required
Density calculation took 0.529878s
Tau required
Density calculation took 0.529960s
Tau required
Density calculation took 0.529799s
Tau required
Density calculation took 0.530388s
Tau required
Density calculation took 0.530077s
Tau required
Density calculation took 0.530599s
Tau required
Density calculation took 0.530208s
Tau required
Density calculation took 0.530287s
Tau required
[CRAYBLAS_WARNING] Application linked against multiple cray-libsci libraries
==============================
E MGGA_X_RSCAN+MGGA_C_RSCAN: -1537.83996636
Nuclear Repulsion Energy: 4010.72469301
Electronic Energy:        -5322.816001
XC Energy:                -225.748658
Converged:                1
# of SCF iterations:      15
SCF Time:                 22.401s

=======================================================
            Individual Calculation Summary             
=======================================================
HF Energy: -1537.8399663620127740
=======================================================


Topology 8 time: 22.574321 s, performance: SP: 0 FLOP/s, DP: 33.14 TFLOP/s
JSON file written to: json_logs/lustre_orion_chm213_scratch_ryan_dhdft_inputs_exess_exess_inputs_rSCAN_def2-TZVP_isomers_6820-6839_topology_8.json
************************************************************
**************** Running topology 10 of 20 *****************
************************************************************

************************************************************
****** Beginning RI-MGGA_X_RSCAN+MGGA_C_RSCAN energy *******
************************************************************

=======================================================
       MGGA_X_RSCAN+MGGA_C_RSCAN Energy Results        
=======================================================
E MGGA_X_RSCAN+MGGA_C_RSCAN: -1537.84318451
Nuclear Repulsion Energy: 4067.8548514
Electronic Energy:        -5379.94289196
XC Energy:                -225.755144
Converged:                1
# of SCF iterations:      16
SCF Time:                 23.671s

=======================================================
            Individual Calculation Summary             
=======================================================
HF Energy: -1537.8431845122640880
=======================================================


Topology 9 time: 23.850270 s, performance: SP: 0 FLOP/s, DP: 33.24 TFLOP/s
JSON file written to: json_logs/lustre_orion_chm213_scratch_ryan_dhdft_inputs_exess_exess_inputs_rSCAN_def2-TZVP_isomers_6820-6839_topology_9.json
************************************************************
**************** Running topology 11 of 20 *****************
************************************************************

************************************************************
****** Beginning RI-MGGA_X_RSCAN+MGGA_C_RSCAN energy *******
************************************************************

=======================================================
       MGGA_X_RSCAN+MGGA_C_RSCAN Energy Results        
=======================================================
E MGGA_X_RSCAN+MGGA_C_RSCAN: -1537.84596815
Nuclear Repulsion Energy: 4055.50519387
Electronic Energy:        -5367.59611439
XC Energy:                -225.755048
Converged:                1
# of SCF iterations:      16
SCF Time:                 23.772s

=======================================================
            Individual Calculation Summary             
=======================================================
HF Energy: -1537.8459681491478932
=======================================================


Topology 10 time: 23.949321 s, performance: SP: 0 FLOP/s, DP: 33.11 TFLOP/s
JSON file written to: json_logs/lustre_orion_chm213_scratch_ryan_dhdft_inputs_exess_exess_inputs_rSCAN_def2-TZVP_isomers_6820-6839_topology_10.json
************************************************************
**************** Running topology 12 of 20 *****************
************************************************************

************************************************************
****** Beginning RI-MGGA_X_RSCAN+MGGA_C_RSCAN energy *******
************************************************************

=======================================================
       MGGA_X_RSCAN+MGGA_C_RSCAN Energy Results        
=======================================================
E MGGA_X_RSCAN+MGGA_C_RSCAN: -1537.84566604
Nuclear Repulsion Energy: 3992.45963211
Electronic Energy:        -5304.5542333
XC Energy:                -225.751065
Converged:                1
# of SCF iterations:      15
SCF Time:                 22.405s

=======================================================
            Individual Calculation Summary             
=======================================================
HF Energy: -1537.8456660391555033
=======================================================


Topology 11 time: 22.579489 s, performance: SP: 0 FLOP/s, DP: 33.12 TFLOP/s
JSON file written to: json_logs/lustre_orion_chm213_scratch_ryan_dhdft_inputs_exess_exess_inputs_rSCAN_def2-TZVP_isomers_6820-6839_topology_11.json
************************************************************
**************** Running topology 13 of 20 *****************
************************************************************

************************************************************
****** Beginning RI-MGGA_X_RSCAN+MGGA_C_RSCAN energy *******
************************************************************

=======================================================
       MGGA_X_RSCAN+MGGA_C_RSCAN Energy Results        
=======================================================
E MGGA_X_RSCAN+MGGA_C_RSCAN: -1537.84327946
Nuclear Repulsion Energy: 3942.00556587
Electronic Energy:        -5254.09740847
XC Energy:                -225.751437
Converged:                1
# of SCF iterations:      16
SCF Time:                 23.677s

=======================================================
            Individual Calculation Summary             
=======================================================
HF Energy: -1537.8432794569509952
=======================================================


Topology 12 time: 23.845814 s, performance: SP: 0 FLOP/s, DP: 33.31 TFLOP/s
JSON file written to: json_logs/lustre_orion_chm213_scratch_ryan_dhdft_inputs_exess_exess_inputs_rSCAN_def2-TZVP_isomers_6820-6839_topology_12.json
************************************************************
**************** Running topology 14 of 20 *****************
************************************************************

************************************************************
****** Beginning RI-MGGA_X_RSCAN+MGGA_C_RSCAN energy *******
************************************************************

=======================================================
       MGGA_X_RSCAN+MGGA_C_RSCAN Energy Results        
=======================================================
E MGGA_X_RSCAN+MGGA_C_RSCAN: -1537.84178846
Nuclear Repulsion Energy: 3953.75221041
Electronic Energy:        -5265.84463793
XC Energy:                -225.749361
Converged:                1
# of SCF iterations:      16
SCF Time:                 23.616s

=======================================================
            Individual Calculation Summary             
=======================================================
HF Energy: -1537.8417884593761755
=======================================================


Topology 13 time: 23.787575 s, performance: SP: 0 FLOP/s, DP: 33.39 TFLOP/s
JSON file written to: json_logs/lustre_orion_chm213_scratch_ryan_dhdft_inputs_exess_exess_inputs_rSCAN_def2-TZVP_isomers_6820-6839_topology_13.json
************************************************************
**************** Running topology 15 of 20 *****************
************************************************************

************************************************************
****** Beginning RI-MGGA_X_RSCAN+MGGA_C_RSCAN energy *******
************************************************************

=======================================================
       MGGA_X_RSCAN+MGGA_C_RSCAN Energy Results        
=======================================================
E MGGA_X_RSCAN+MGGA_C_RSCAN: -1537.83829293
Nuclear Repulsion Energy: 3956.39112461
Electronic Energy:        -5268.48121958
XC Energy:                -225.748198
Converged:                1
# of SCF iterations:      15
SCF Time:                 22.158s

=======================================================
            Individual Calculation Summary             
=======================================================
HF Energy: -1537.8382929278002393
=======================================================


Topology 14 time: 22.329182 s, performance: SP: 0 FLOP/s, DP: 33.5 TFLOP/s
JSON file written to: json_logs/lustre_orion_chm213_scratch_ryan_dhdft_inputs_exess_exess_inputs_rSCAN_def2-TZVP_isomers_6820-6839_topology_14.json
************************************************************
**************** Running topology 16 of 20 *****************
************************************************************

************************************************************
****** Beginning RI-MGGA_X_RSCAN+MGGA_C_RSCAN energy *******
************************************************************

=======================================================
       MGGA_X_RSCAN+MGGA_C_RSCAN Energy Results        
=======================================================
E MGGA_X_RSCAN+MGGA_C_RSCAN: -1537.83900249
Nuclear Repulsion Energy: 3960.95563602
Electronic Energy:        -5273.04653516
XC Energy:                -225.748103
Converged:                1
# of SCF iterations:      16
SCF Time:                 23.754s

=======================================================
            Individual Calculation Summary             
=======================================================
HF Energy: -1537.8390024913169327
=======================================================


Topology 15 time: 23.926699 s, performance: SP: 0 FLOP/s, DP: 33.21 TFLOP/s
JSON file written to: json_logs/lustre_orion_chm213_scratch_ryan_dhdft_inputs_exess_exess_inputs_rSCAN_def2-TZVP_isomers_6820-6839_topology_15.json
************************************************************
**************** Running topology 17 of 20 *****************
************************************************************

************************************************************
****** Beginning RI-MGGA_X_RSCAN+MGGA_C_RSCAN energy *******
************************************************************

=======================================================
       MGGA_X_RSCAN+MGGA_C_RSCAN Energy Results        
=======================================================
E MGGA_X_RSCAN+MGGA_C_RSCAN: -1537.83734383
Nuclear Repulsion Energy: 3983.977184
Electronic Energy:        -5296.05905474
XC Energy:                -225.755473
Converged:                1
# of SCF iterations:      15
SCF Time:                 22.352s

=======================================================
            Individual Calculation Summary             
=======================================================
HF Energy: -1537.8373438341068322
=======================================================


Topology 16 time: 22.526495 s, performance: SP: 0 FLOP/s, DP: 33.18 TFLOP/s
JSON file written to: json_logs/lustre_orion_chm213_scratch_ryan_dhdft_inputs_exess_exess_inputs_rSCAN_def2-TZVP_isomers_6820-6839_topology_16.json
************************************************************
**************** Running topology 18 of 20 *****************
************************************************************

************************************************************
****** Beginning RI-MGGA_X_RSCAN+MGGA_C_RSCAN energy *******
************************************************************

=======================================================
       MGGA_X_RSCAN+MGGA_C_RSCAN Energy Results        
=======================================================
E MGGA_X_RSCAN+MGGA_C_RSCAN: -1537.84518397
Nuclear Repulsion Energy: 3932.09350621
Electronic Energy:        -5244.18631441
XC Energy:                -225.752376
Converged:                1
# of SCF iterations:      16
SCF Time:                 23.619s

=======================================================
            Individual Calculation Summary             
=======================================================
HF Energy: -1537.8451839653394018
=======================================================


Topology 17 time: 23.789148 s, performance: SP: 0 FLOP/s, DP: 33.39 TFLOP/s
JSON file written to: json_logs/lustre_orion_chm213_scratch_ryan_dhdft_inputs_exess_exess_inputs_rSCAN_def2-TZVP_isomers_6820-6839_topology_17.json
************************************************************
**************** Running topology 19 of 20 *****************
************************************************************

************************************************************
****** Beginning RI-MGGA_X_RSCAN+MGGA_C_RSCAN energy *******
************************************************************

=======================================================
       MGGA_X_RSCAN+MGGA_C_RSCAN Energy Results        
=======================================================
E MGGA_X_RSCAN+MGGA_C_RSCAN: -1537.83570176
Nuclear Repulsion Energy: 4165.54986657
Electronic Energy:        -5477.63166503
XC Energy:                -225.753903
Converged:                1
# of SCF iterations:      16
SCF Time:                 23.882s

=======================================================
            Individual Calculation Summary             
=======================================================
HF Energy: -1537.8357017645421365
=======================================================


Topology 18 time: 24.070372 s, performance: SP: 0 FLOP/s, DP: 32.85 TFLOP/s
JSON file written to: json_logs/lustre_orion_chm213_scratch_ryan_dhdft_inputs_exess_exess_inputs_rSCAN_def2-TZVP_isomers_6820-6839_topology_18.json
************************************************************
**************** Running topology 20 of 20 *****************
************************************************************

************************************************************
****** Beginning RI-MGGA_X_RSCAN+MGGA_C_RSCAN energy *******
************************************************************

=======================================================
       MGGA_X_RSCAN+MGGA_C_RSCAN Energy Results        
=======================================================
E MGGA_X_RSCAN+MGGA_C_RSCAN: -1537.82846087
Nuclear Repulsion Energy: 4023.65265312
Electronic Energy:        -5335.74131285
XC Energy:                -225.739801
Converged:                1
# of SCF iterations:      16
SCF Time:                 23.698s

=======================================================
            Individual Calculation Summary             
=======================================================
HF Energy: -1537.8284608713497619
=======================================================


Topology 19 time: 23.874027 s, performance: SP: 0 FLOP/s, DP: 33.24 TFLOP/s
JSON file written to: json_logs/lustre_orion_chm213_scratch_ryan_dhdft_inputs_exess_exess_inputs_rSCAN_def2-TZVP_isomers_6820-6839_topology_19.json
Total flops: SP: 0 FLOPS, DP: 15.510153 PFLOPS
Performance: SP: 0 FLOP/s, DP: 32.52 TFLOP/s

Now, a word from our sponsors... 
 Drink Yorkshire tea! 

[31mTotal processing time 477.144986 seconds[0m
[CRAYBLAS_WARNING] Application linked against multiple cray-libsci libraries
ty calculation took 0.538474s
Tau required
    2     | -1537.1284310598 |   2.5581e+00   |    1.1452     |    0.2005
Density calculation took 0.517827s
Tau required
    3     | -1536.9962313406 |   3.1968e+00   |    1.1245     |    0.2097
Density calculation took 0.518121s
Tau required
    4     | -1537.8155544776 |   9.5908e-02   |    1.1242     |    0.1994
Density calculation took 0.517982s
Tau required
    5     | -1537.8306005203 |   3.8788e-02   |    1.1244     |    0.2075
Density calculation took 0.518100s
Tau required
    6     | -1537.8409429398 |   3.0089e-03   |    1.1254     |    0.2002
Density calculation took 0.517763s
Tau required
    7     | -1537.8416639146 |   4.3777e-04   |    1.1248     |    0.2095
Density calculation took 0.517875s
Tau required
    8     | -1537.8417466965 |   1.4348e-04   |    1.1241     |    0.2021
Density calculation took 0.517922s
Tau required
    9     | -1537.8417852211 |   1.1024e-05   |    1.1259     |    0.2015
Density calculation took 0.518097s
Tau required
   10     | -1537.8417876868 |   2.6781e-06   |    1.1252     |    0.2012
Density calculation took 0.518160s
Tau required
   11     | -1537.8417883988 |   2.0329e-07   |    1.1238     |    0.2021
Density calculation took 0.518014s
Tau required
   12     | -1537.8417884511 |   2.7860e-08   |    1.1233     |    0.2004
Density calculation took 0.518246s
Tau required
   13     | -1537.8417884572 |   8.1791e-09   |    1.1247     |    0.2017
Density calculation took 0.518161s
Tau required
   14     | -1537.8417884592 |   6.9459e-10   |    1.1238     |    0.2020
Density calculation took 0.518160s
Tau required
   15     | -1537.8417884594 |   1.1686e-10   |    1.1242     |    0.2016
Density calculation took 0.518238s
Tau required
   16     | -1537.8417884594 |   6.5309e-11   |    1.1239     |    0.2010
Created 629791 / 2471184 significant shell pairs
Created 488525 / 1882384 significant shell pairs
Total number of grid points: 357745 (5770 per atom)
One electron integrals and orthogonalizer took 0.044609s
Created 488525 / 1882384 significant shell pairs
3C integrals and B formation took 1.722622s
Iteration |      Energy      |  DIIS Metric   | Fock Time (s) | DIIS Time (s)
----------+------------------+----------------+---------------+--------------
Density calculation took 0.546092s
Tau required
    1     | -1547.6931307083 |   9.5647e+02   |    1.3913     |    0.2287
Density calculation took 0.538145s
Tau required
    2     | -1537.1244392505 |   2.5576e+00   |    1.1361     |    0.1987
Density calculation took 0.517081s
Tau required
    3     | -1536.9892683281 |   3.2107e+00   |    1.1159     |    0.2128
Density calculation took 0.517606s
Tau required
    4     | -1537.8155713467 |   8.4244e-02   |    1.1177     |    0.1999
Density calculation took 0.517641s
Tau required
    5     | -1537.8291975607 |   3.1939e-02   |    1.1171     |    0.2086
Density calculation took 0.517404s
Tau required
    6     | -1537.8375106751 |   2.7748e-03   |    1.1165     |    0.2019
Density calculation took 0.517183s
Tau required
    7     | -1537.8381848780 |   3.8100e-04   |    1.1179     |    0.2093
Density calculation took 0.517586s
Tau required
    8     | -1537.8382668878 |   9.3456e-05   |    1.1160     |    0.2019
Density calculation took 0.517569s
Tau required
    9     | -1537.8382902437 |   9.2885e-06   |    1.1169     |    0.2027
Density calculation took 0.517872s
Tau required
   10     | -1537.8382921744 |   2.6100e-06   |    1.1166     |    0.2024
Density calculation took 0.517819s
Tau required
   11     | -1537.8382928853 |   1.4777e-07   |    1.1190     |    0.2022
Density calculation took 0.517853s
Tau required
   12     | -1537.8382929183 |   3.1351e-08   |    1.1167     |    0.2025
Density calculation took 0.517888s
Tau required
   13     | -1537.8382929249 |   9.8527e-09   |    1.1167     |    0.2020
Density calculation took 0.517790s
Tau required
   14     | -1537.8382929276 |   8.2691e-10   |    1.1168     |    0.2019
Density calculation took 0.517813s
Tau required
   15     | -1537.8382929278 |   9.4211e-11   |    1.1198     |    0.2021
Created 629391 / 2471184 significant shell pairs
Created 488568 / 1882384 significant shell pairs
Total number of grid points: 357743 (5770 per atom)
One electron integrals and orthogonalizer took 0.044444s
Created 488568 / 1882384 significant shell pairs
3C integrals and B formation took 1.725428s
Iteration |      Energy      |  DIIS Metric   | Fock Time (s) | DIIS Time (s)
----------+------------------+----------------+---------------+--------------
Density calculation took 0.524135s
Tau required
    1     | -1547.6924905955 |   9.5634e+02   |    1.3993     |    0.2305
Density calculation took 0.533355s
Tau required
    2     | -1537.1249515891 |   2.5577e+00   |    1.1546     |    0.2001
Density calculation took 0.513305s
Tau required
    3     | -1536.9911816925 |   3.2056e+00   |    1.1330     |    0.2072
Density calculation took 0.512929s
Tau required
    4     | -1537.8180764495 |   7.8590e-02   |    1.1339     |    0.2009
Density calculation took 0.513094s
Tau required
    5     | -1537.8319475148 |   2.5666e-02   |    1.1349     |    0.2086
Density calculation took 0.513369s
Tau required
    6     | -1537.8383893722 |   2.1835e-03   |    1.1347     |    0.2022
Density calculation took 0.513419s
Tau required
    7     | -1537.8388885151 |   4.0313e-04   |    1.1344     |    0.2102
Density calculation took 0.513313s
Tau required
    8     | -1537.8389820771 |   7.4119e-05   |    1.1350     |    0.2026
Density calculation took 0.513272s
Tau required
    9     | -1537.8390002580 |   7.9058e-06   |    1.1342     |    0.2020
Density calculation took 0.513109s
Tau required
   10     | -1537.8390018052 |   2.3817e-06   |    1.1336     |    0.2024
Density calculation took 0.513290s
Tau required
   11     | -1537.8390024528 |   1.3687e-07   |    1.1347     |    0.2033
Density calculation took 0.513249s
Tau required
   12     | -1537.8390024839 |   2.5891e-08   |    1.1362     |    0.2025
Density calculation took 0.513210s
Tau required
   13     | -1537.8390024891 |   7.6446e-09   |    1.1347     |    0.2030
Density calculation took 0.513299s
Tau required
   14     | -1537.8390024911 |   8.9231e-10   |    1.1366     |    0.2022
Density calculation took 0.513268s
Tau required
   15     | -1537.8390024913 |   1.0634e-10   |    1.1352     |    0.2024
Density calculation took 0.513197s
Tau required
   16     | -1537.8390024913 |   7.0612e-11   |    1.1343     |    0.2027
Created 636405 / 2471184 significant shell pairs
Created 494071 / 1882384 significant shell pairs
Total number of grid points: 357786 (5770 per atom)
One electron integrals and orthogonalizer took 0.044475s
Created 494071 / 1882384 significant shell pairs
3C integrals and B formation took 1.724177s
Iteration |      Energy      |  DIIS Metric   | Fock Time (s) | DIIS Time (s)
----------+------------------+----------------+---------------+--------------
Density calculation took 0.546171s
Tau required
    1     | -1547.7049137629 |   9.5866e+02   |    1.4074     |    0.2298
Density calculation took 0.535298s
Tau required
    2     | -1537.1222395211 |   2.5703e+00   |    1.1453     |    0.2000
Density calculation took 0.515037s
Tau required
    3     | -1536.9844316461 |   3.2462e+00   |    1.1316     |    0.2073
Density calculation took 0.514482s
Tau required
    4     | -1537.8172765886 |   7.4988e-02   |    1.1273     |    0.2000
Density calculation took 0.514679s
Tau required
    5     | -1537.8285331102 |   3.1101e-02   |    1.1300     |    0.2083
Density calculation took 0.515052s
Tau required
    6     | -1537.8366786127 |   2.3729e-03   |    1.1288     |    0.2019
Density calculation took 0.515157s
Tau required
    7     | -1537.8372029569 |   5.1482e-04   |    1.1299     |    0.2095
Density calculation took 0.514617s
Tau required
    8     | -1537.8373124680 |   1.0775e-04   |    1.1274     |    0.2027
Density calculation took 0.514806s
Tau required
    9     | -1537.8373406309 |   1.1010e-05   |    1.1307     |    0.2027
Density calculation took 0.514868s
Tau required
   10     | -1537.8373433186 |   1.8534e-06   |    1.1275     |    0.2031
Density calculation took 0.514576s
Tau required
   11     | -1537.8373437881 |   1.5890e-07   |    1.1331     |    0.2029
Density calculation took 0.514611s
Tau required
   12     | -1537.8373438267 |   2.5673e-08   |    1.1274     |    0.2023
Density calculation took 0.514896s
Tau required
   13     | -1537.8373438331 |   3.8031e-09   |    1.1301     |    0.2025
Density calculation took 0.514546s
Tau required
   14     | -1537.8373438340 |   3.2719e-10   |    1.1273     |    0.2029
Density calculation took 0.514859s
Tau required
   15     | -1537.8373438341 |   6.2614e-11   |    1.1318     |    0.2017
Created 622122 / 2471184 significant shell pairs
Created 482112 / 1882384 significant shell pairs
Total number of grid points: 357965 (5773 per atom)
One electron integrals and orthogonalizer took 0.044145s
Created 482112 / 1882384 significant shell pairs
3C integrals and B formation took 1.720989s
Iteration |      Energy      |  DIIS Metric   | Fock Time (s) | DIIS Time (s)
----------+------------------+----------------+---------------+--------------
Density calculation took 0.530702s
Tau required
    1     | -1547.6982772986 |   9.5751e+02   |    1.3891     |    0.2291
Density calculation took 0.533797s
Tau required
    2     | -1537.1262493200 |   2.5831e+00   |    1.1473     |    0.2031
Density calculation took 0.512787s
Tau required
    3     | -1536.9793632766 |   3.2691e+00   |    1.1260     |    0.2072
Density calculation took 0.512777s
Tau required
    4     | -1537.8150373658 |   1.0508e-01   |    1.1285     |    0.1986
Density calculation took 0.512599s
Tau required
    5     | -1537.8308072997 |   4.9964e-02   |    1.1266     |    0.2075
Density calculation took 0.513018s
Tau required
    6     | -1537.8445218942 |   2.5134e-03   |    1.1286     |    0.2022
Density calculation took 0.513166s
Tau required
    7     | -1537.8450578931 |   4.5473e-04   |    1.1279     |    0.2090
Density calculation took 0.512832s
Tau required
    8     | -1537.8451456113 |   1.3483e-04   |    1.1280     |    0.2017
Density calculation took 0.512824s
Tau required
    9     | -1537.8451806273 |   1.2108e-05   |    1.1258     |    0.2028
Density calculation took 0.512961s
Tau required
   10     | -1537.8451832995 |   2.4705e-06   |    1.1269     |    0.2008
Density calculation took 0.512872s
Tau required
   11     | -1537.8451838932 |   2.5218e-07   |    1.1278     |    0.2023
Density calculation took 0.512924s
Tau required
   12     | -1537.8451839580 |   2.6027e-08   |    1.1276     |    0.2040
Density calculation took 0.513008s
Tau required
   13     | -1537.8451839639 |   5.2364e-09   |    1.1270     |    0.2021
Density calculation took 0.512958s
Tau required
   14     | -1537.8451839652 |   6.2783e-10   |    1.1261     |    0.2020
Density calculation took 0.512996s
Tau required
   15     | -1537.8451839653 |   1.3658e-10   |    1.1260     |    0.2032
Density calculation took 0.513129s
Tau required
   16     | -1537.8451839653 |   3.1377e-11   |    1.1268     |    0.2017
Created 702810 / 2471184 significant shell pairs
Created 545226 / 1882384 significant shell pairs
Total number of grid points: 357350 (5763 per atom)
One electron integrals and orthogonalizer took 0.049492s
Created 545226 / 1882384 significant shell pairs
3C integrals and B formation took 1.795247s
Iteration |      Energy      |  DIIS Metric   | Fock Time (s) | DIIS Time (s)
----------+------------------+----------------+---------------+--------------
Density calculation took 0.520183s
Tau required
    1     | -1547.7106495634 |   9.6337e+02   |    1.4021     |    0.2307
Density calculation took 0.526793s
Tau required
    2     | -1537.1108443499 |   2.6007e+00   |    1.1562     |    0.1991
Density calculation took 0.504455s
Tau required
    3     | -1536.8854315624 |   3.5565e+00   |    1.1352     |    0.2069
Density calculation took 0.504578s
Tau required
    4     | -1537.7535531338 |   2.8010e-01   |    1.1361     |    0.1994
Density calculation took 0.504545s
Tau required
    5     | -1537.8152320898 |   7.2576e-02   |    1.1367     |    0.2085
Density calculation took 0.504727s
Tau required
    6     | -1537.8334905399 |   7.9506e-03   |    1.1368     |    0.2053
Density calculation took 0.504924s
Tau required
    7     | -1537.8353018926 |   1.3865e-03   |    1.1370     |    0.2093
Density calculation took 0.504709s
Tau required
    8     | -1537.8356145711 |   3.1008e-04   |    1.1355     |    0.2021
Density calculation took 0.504621s
Tau required
    9     | -1537.8356954378 |   2.1935e-05   |    1.1363     |    0.2026
Density calculation took 0.504727s
Tau required
   10     | -1537.8357008128 |   3.1472e-06   |    1.1354     |    0.2019
Density calculation took 0.504649s
Tau required
   11     | -1537.8357015433 |   7.5057e-07   |    1.1362     |    0.2018
Density calculation took 0.504856s
Tau required
   12     | -1537.8357017578 |   2.3998e-08   |    1.1366     |    0.2021
Density calculation took 0.504795s
Tau required
   13     | -1537.8357017607 |   1.4404e-08   |    1.1359     |    0.2011
Density calculation took 0.504805s
Tau required
   14     | -1537.8357017644 |   6.1587e-10   |    1.1362     |    0.2011
Density calculation took 0.504878s
Tau required
   15     | -1537.8357017645 |   2.6423e-10   |    1.1382     |    0.2020
Density calculation took 0.505032s
Tau required
   16     | -1537.8357017645 |   3.6881e-11   |    1.1372     |    0.2025
Created 651769 / 2471184 significant shell pairs
Created 506641 / 1882384 significant shell pairs
Total number of grid points: 358522 (5782 per atom)
One electron integrals and orthogonalizer took 0.048900s
Created 506641 / 1882384 significant shell pairs
3C integrals and B formation took 1.770332s
Iteration |      Energy      |  DIIS Metric   | Fock Time (s) | DIIS Time (s)
----------+------------------+----------------+---------------+--------------
Density calculation took 0.526353s
Tau required
    1     | -1547.6755649208 |   9.5471e+02   |    1.3988     |    0.2302
Density calculation took 0.537469s
Tau required
    2     | -1537.1167881732 |   2.5364e+00   |    1.1500     |    0.1987
Density calculation took 0.516346s
Tau required
    3     | -1536.9865080743 |   3.1526e+00   |    1.1249     |    0.2110
Density calculation took 0.516414s
Tau required
    4     | -1537.7995355757 |   1.0309e-01   |    1.1272     |    0.1989
Density calculation took 0.516709s
Tau required
    5     | -1537.8171779188 |   3.8257e-02   |    1.1264     |    0.2077
Density calculation took 0.516593s
Tau required
    6     | -1537.8272145597 |   4.4134e-03   |    1.1280     |    0.2006
Density calculation took 0.516421s
Tau required
    7     | -1537.8283415073 |   4.0972e-04   |    1.1248     |    0.2089
Density calculation took 0.516649s
Tau required
    8     | -1537.8284270095 |   1.2664e-04   |    1.1269     |    0.2021
Density calculation took 0.517137s
Tau required
    9     | -1537.8284590978 |   6.3792e-06   |    1.1279     |    0.2023
Density calculation took 0.516833s
Tau required
   10     | -1537.8284601381 |   2.5774e-06   |    1.1273     |    0.2020
Density calculation took 0.516934s
Tau required
   11     | -1537.8284608221 |   1.6413e-07   |    1.1262     |    0.2017
Density calculation took 0.516614s
Tau required
   12     | -1537.8284608631 |   2.7349e-08   |    1.1267     |    0.2025
Density calculation took 0.517029s
Tau required
   13     | -1537.8284608689 |   8.8670e-09   |    1.1259     |    0.2019
Density calculation took 0.516666s
Tau required
   14     | -1537.8284608711 |   8.1380e-10   |    1.1266     |    0.2015
Density calculation took 0.517028s
Tau required
   15     | -1537.8284608713 |   1.2765e-10   |    1.1262     |    0.2017
Density calculation took 0.516743s
Tau required
   16     | -1537.8284608713 |   5.1078e-11   |    1.1264     |    0.2021
Please cite the following papers for the methods used in this calculation:
 - J.L. Galvez Vallejo et. al., Toward an extreme-scale electronic structure system, J. Chem. Phys., 2023. DOI: 10.1063/5.0156399

 - R. Stocks, E. Palethorpe, and G.M.J. Barca, Multi-GPU RI-HF Energies and Analytic Gradients ─ Toward High-Throughput Ab Initio Molecular Dynamics, J. Chem. Theory Comput., 2024. DOI: 10.1021/acs.jctc.4c00877
   For:
     * RI-HF energy

 - S. Lehtola, C. Steigemann, M.J.T. Oliveira, and M.A.L. Marques, Recent developments in Libxc: A comprehensive library of functionals for density functional theory, SoftwareX, 2018. DOI: 10.1016/j.softx.2017.11.002
   For:
     * LibXC version 6.2.0

 - D.B. Williams-Young, W.A. de Jong, H.J.J. van Dam, and C. Yang, On the Efficient Evaluation of the Exchange Correlation Potential on Graphics Processing Unit Clusters, Frontiers in Chemistry, 2020. DOI: 10.3389/fchem.2020.581058
   For:
     * ExchCXX GPU implementation of exchange-correlation functionals

 - R. Stocks and G.M.J. Barca, Efficient Algorithms for GPU Accelerated Evaluation of the DFT Exchange-Correlation Functional, J. Chem. Theory Comput., 2025. DOI: 10.1021/acs.jctc.5c01229
   For:
     * GPU accelerated DFT exchange-correlation evaluation

 - A. P. Bartók and J. R. Yates.,  J. Chem. Phys. 150, 161101 (2019) DOI: 10.1063/1.5094646
   For:
     * MGGA_X_RSCAN XC Functional
     * MGGA_C_RSCAN XC Functional

[CRAYBLAS_WARNING] Application linked against multiple cray-libsci libraries
