Total number of grid points: 392521 (5772 per atom)
Density calculation took 0.667329s
Tau required
Density calculation took 0.642518s
Tau required
Density calculation took 0.620755s
Tau required
Density calculation took 0.620471s
Tau required
Density calculation took 0.620916s
Tau required
Density calculation took 0.620857s
Tau required
Density calculation took 0.620911s
Tau required
Density calculation took 0.621228s
Tau required
Density calculation took 0.621239s
Tau required
Density calculation took 0.621272s
Tau required
Density calculation took 0.621608s
Tau required
Density calculation took 0.621606s
Tau required
Density calculation took 0.621676s
Tau required
Density calculation took 0.621494s
Tau required
Density calculation took 0.621569s
Tau required
Density calculation took 0.621839s
Tau required
Total number of grid points: 392544 (5772 per atom)
Density calculation took 0.659557s
Tau required
Density calculation took 0.641311s
Tau required
Density calculation took 0.618556s
Tau required
Density calculation took 0.620282s
Tau required
Density calculation took 0.618817s
Tau required
Density calculation took 0.620142s
Tau required
Density calculation took 0.618781s
Tau required
Density calculation took 0.619619s
Tau required
Density calculation took 0.619128s
Tau required
Density calculation took 0.620783s
Tau required
Density calculation took 0.618473s
Tau required
Density calculation took 0.620435s
Tau required
Density calculation took 0.618603s
Tau required
Density calculation took 0.619254s
Tau required
Density calculation took 0.619403s
Tau required
Density calculation took 0.620813s
Tau required
Total number of grid points: 393437 (5785 per atom)
Density calculation took 0.669957s
Tau required
Density calculation took 0.645894s
Tau required
Density calculation took 0.621390s
Tau required
Density calculation took 0.623067s
Tau required
Density calculation took 0.621785s
Tau required
Density calculation took 0.623343s
Tau required
Density calculation took 0.621811s
Tau required
Density calculation took 0.623427s
Tau required
Density calculation took 0.621494s
Tau required
Density calculation took 0.623211s
Tau required
Density calculation took 0.621853s
Tau required
Density calculation took 0.623433s
Tau required
Density calculation took 0.621679s
Tau required
Density calculation took 0.623726s
Tau required
Density calculation took 0.621946s
Tau required
Density calculation took 0.623913s
Tau required
Total number of grid points: 392416 (5770 per atom)
Density calculation took 0.708881s
Tau required
Density calculation took 0.654625s
Tau required
Density calculation took 0.629515s
Tau required
Density calculation took 0.629739s
Tau required
Density calculation took 0.629841s
Tau required
Density calculation took 0.629614s
Tau required
Density calculation took 0.629427s
Tau required
Density calculation took 0.629511s
Tau required
Density calculation took 0.630463s
Tau required
Density calculation took 0.630315s
Tau required
Density calculation took 0.630052s
Tau required
Density calculation took 0.630324s
Tau required
Density calculation took 0.629972s
Tau required
Density calculation took 0.630236s
Tau required
Density calculation took 0.630121s
Tau required
Density calculation took 0.630213s
Tau required
Total number of grid points: 392979 (5779 per atom)
Density calculation took 0.670980s
Tau required
Density calculation took 0.661396s
Tau required
Density calculation took 0.625165s
Tau required
Density calculation took 0.626842s
Tau required
Density calculation took 0.626957s
Tau required
Density calculation took 0.626788s
Tau required
Density calculation took 0.627033s
Tau required
Density calculation took 0.626986s
Tau required
Density calculation took 0.627720s
Tau required
Density calculation took 0.627563s
Tau required
Density calculation took 0.627661s
Tau required
Density calculation took 0.627374s
Tau required
Density calculation took 0.627223s
Tau required
Density calculation took 0.626946s
Tau required
Density calculation took 0.627568s
Tau required
Density calculation took 0.627043s
Tau required
Density calculation took 0.627286s
Tau required
Total number of grid points: 392589 (5773 per atom)
Density calculation took 0.665621s
Tau required
Density calculation took 0.651360s
Tau required
Density calculation took 0.626534s
Tau required
Density calculation took 0.625394s
Tau required
Density calculation took 0.626482s
Tau required
Density calculation took 0.626201s
Tau required
Density calculation took 0.625695s
Tau required
Density calculation took 0.625511s
Tau required
Density calculation took 0.626416s
Tau required
Density calculation took 0.626192s
Tau required
Density calculation took 0.626441s
Tau required
Density calculation took 0.626251s
Tau required
Density calculation took 0.626452s
Tau required
Density calculation took 0.626563s
Tau required
Density calculation took 0.625871s
Tau required
Density calculation took 0.626545s
Tau required
Total number of grid points: 392849 (5777 per atom)
Density calculation took 0.695432s
Tau required
Density calculation took 0.653040s
Tau required
Density calculation took 0.628230s
Tau required
Density calculation took 0.628684s
Tau required
Density calculation took 0.628412s
Tau required
Density calculation took 0.628441s
Tau required
Density calculation took 0.629000s
Tau required
Density calculation took 0.628952s
Tau required
Density calculation took 0.628738s
Tau required
Density calculation took 0.628757s
Tau required
Density calculation took 0.628867s
Tau required
Density calculation took 0.628837s
Tau required
Density calculation took 0.628650s
Tau required
Density calculation took 0.629163s
Tau required
Density calculation took 0.628553s
Tau required
Density calculation took 0.628684s
Tau required
Total number of grid points: 392581 (5773 per atom)
Density calculation took 0.698535s
Tau required
Density calculation took 0.641006s
Tau required
Density calculation took 0.619301s
Tau required
Density calculation took 0.619088s
Tau required
Density calculation took 0.618713s
Tau required
Density calculation took 0.619171s
Tau required
Density calculation took 0.619468s
Tau required
Density calculation took 0.619890s
Tau required
Density calculation took 0.618962s
Tau required
Density calculation took 0.620095s
Tau required
Density calculation took 0.618854s
Tau required
Density calculation took 0.619973s
Tau required
Density calculation took 0.619322s
Tau required
Density calculation took 0.618995s
Tau required
Density calculation took 0.619059s
Tau required
Density calculation took 0.620053s
Tau required
Total number of grid points: 392539 (5772 per atom)
Density calculation took 0.666584s
Tau required
Density calculation took 0.644793s
Tau required
Density calculation took 0.622654s
Tau required
Density calculation took 0.622566s
Tau required
Density calculation took 0.622747s
Tau required
Density calculation took 0.623073s
Tau required
Density calculation took 0.622762s
Tau required
Density calculation took 0.622693s
Tau required
Density calculation took 0.622800s
Tau required
Density calculation took 0.622774s
Tau required
Density calculation took 0.622358s
Tau required
Density calculation took 0.622933s
Tau required
Density calculation took 0.622748s
Tau required
Density calculation took 0.623214s
Tau required
Density calculation took 0.622991s
Tau required
Density calculation took 0.622729s
Tau required
Total number of grid points: 392785 (5776 per atom)
Density calculation took 0.665430s
Tau required
Density calculation took 0.643891s
Tau required
Density calculation took 0.620951s
Tau required
Density calculation took 0.621680s
Tau required
Density calculation took 0.621980s
Tau required
Density calculation took 0.621768s
Tau required
Density calculation took 0.621839s
Tau required
Density calculation took 0.621446s
Tau required
Density calculation took 0.621998s
Tau required
Density calculation took 0.621894s
Tau required
Density calculation took 0.621501s
Tau required
Density calculation took 0.621663s
Tau required
Density calculation took 0.622142s
Tau required
Density calculation took 0.621761s
Tau required
Density calculation took 0.621815s
Tau required
Density calculation took 0.621765s
Tau required
Total number of grid points: 391973 (5764 per atom)
Density calculation took 0.663049s
Tau required
Density calculation took 0.647800s
Tau required
Density calculation took 0.623553s
Tau required
Density calculation took 0.623776s
Tau required
Density calculation took 0.623683s
Tau required
Density calculation took 0.623650s
Tau required
Density calculation took 0.623575s
Tau required
Density calculation took 0.624052s
Tau required
Density calculation took 0.623710s
Tau required
Density calculation took 0.624052s
Tau required
Density calculation took 0.623822s
Tau required
Density calculation took 0.623964s
Tau required
Density calculation took 0.624140s
Tau required
Density calculation took 0.623621s
Tau required
Density calculation took 0.624086s
Tau required
Density calculation took 0.623966s
Tau required
Density calculation took 0.624176s
Tau required
Total number of grid points: 392293 (5769 per atom)
Density calculation took 0.704578s
Tau required
Density calculation took 0.646475s
Tau required
Density calculation took 0.623795s
Tau required
Density calculation took 0.623713s
Tau required
Density calculation took 0.623882s
Tau required
Density calculation took 0.623678s
Tau required
Density calculation took 0.624221s
Tau required
Density calculation took 0.624034s
Tau required
Density calculation took 0.624303s
Tau required
Density calculation took 0.624357s
Tau required
Density calculation took 0.623995s
Tau required
Density calculation took 0.624432s
Tau required
Density calculation took 0.624151s
Tau required
Density calculation took 0.624123s
Tau required
Density calculation took 0.624181s
Tau required
Density calculation took 0.624122s
Tau required
Density calculation took 0.624331s
Tau required
Total number of grid points: 391935 (5763 per atom)
Density calculation took 0.693761s
Tau required
Density calculation took 0.647539s
Tau required
Density calculation took 0.623858s
Tau required
Density calculation took 0.623927s
Tau required
Density calculation took 0.624071s
Tau required
Density calculation took 0.623604s
Tau required
Density calculation took 0.624196s
Tau required
Density calculation took 0.623947s
Tau required
Density calculation took 0.623801s
Tau required
Density calculation took 0.623726s
Tau required
Density calculation took 0.624266s
Tau required
Density calculation took 0.624152s
Tau required
Density calculation took 0.623839s
Tau required
Density calculation took 0.624379s
Tau required
Density calculation took 0.624381s
Tau required
Density calculation took 0.624286s
Tau required
Density calculation took 0.624012s
Tau required
Total number of grid points: 392287 (5768 per atom)
Density calculation took 0.698205s
Tau required
Density calculation took 0.643591s
Tau required
Density calculation took 0.622652s
Tau required
Density calculation took 0.622634s
Tau required
Density calculation took 0.622342s
Tau required
Density calculation took 0.622878s
Tau required
Density calculation took 0.622950s
Tau required
Density calculation took 0.622857s
Tau required
Density calculation took 0.622606s
Tau required
Density calculation took 0.622275s
Tau required
Density calculation took 0.622785s
Tau required
Density calculation took 0.622673s
Tau required
Density calculation took 0.622219s
Tau required
Density calculation took 0.622680s
Tau required
Density calculation took 0.622288s
Tau required
Density calculation took 0.622929s
Tau required
Density calculation took 0.623035s
Tau required
Total number of grid points: 392150 (5766 per atom)
Density calculation took 0.697058s
Tau required
Density calculation took 0.647174s
Tau required
Density calculation took 0.624409s
Tau required
Density calculation took 0.625553s
Tau required
Density calculation took 0.625547s
Tau required
Density calculation took 0.625626s
Tau required
Density calculation took 0.625745s
Tau required
Density calculation took 0.625677s
Tau required
Density calculation took 0.625917s
Tau required
Density calculation took 0.625793s
Tau required
Density calculation took 0.625606s
Tau required
Density calculation took 0.625589s
Tau required
Density calculation took 0.625403s
Tau required
Density calculation took 0.626492s
Tau required
Density calculation took 0.626294s
Tau required
Density calculation took 0.625886s
Tau required
Total number of grid points: 392847 (5777 per atom)
Density calculation took 0.703818s
Tau required
Density calculation took 0.648888s
Tau required
Density calculation took 0.624922s
Tau required
Density calculation took 0.625103s
Tau required
Density calculation took 0.624775s
Tau required
Density calculation took 0.624789s
Tau required
Density calculation took 0.625048s
Tau required
Density calculation took 0.625177s
Tau required
Density calculation took 0.625291s
Tau required
Density calculation took 0.624917s
Tau required
Density calculation took 0.625338s
Tau required
Density calculation took 0.625515s
Tau required
Density calculation took 0.625273s
Tau required
Density calculation took 0.625132s
Tau required
Density calculation took 0.624898s
Tau required
Density calculation took 0.625217s
Tau required
Density calculation took 0.625079s
Tau required
Total number of grid points: 392930 (5778 per atom)
Density calculation took 0.668282s
Tau required
Density calculation took 0.642226s
Tau required
Density calculation took 0.618882s
Tau required
Density calculation took 0.619456s
Tau required
Density calculation took 0.619083s
Tau required
Density calculation took 0.619788s
Tau required
Density calculation took 0.619384s
Tau required
Density calculation took 0.619816s
Tau required
Density calculation took 0.619101s
Tau required
Density calculation took 0.619761s
Tau required
Density calculation took 0.618571s
Tau required
Density calculation took 0.620014s
Tau required
Density calculation took 0.619262s
Tau required
Density calculation took 0.619898s
Tau required
Density calculation took 0.619136s
Tau required
Density calculation took 0.619954s
Tau required
Density calculation took 0.619534s
Tau required
Total number of grid points: 392739 (5775 per atom)
Density calculation took 0.657652s
Tau required
Density calculation took 0.642031s
Tau required
Density calculation took 0.621271s
Tau required
Density calculation took 0.619569s
Tau required
Density calculation took 0.621320s
Tau required
Density calculation took 0.619128s
Tau required
Density calculation took 0.621203s
Tau required
Density calculation took 0.619490s
Tau required
Density calculation took 0.621430s
Tau required
Density calculation took 0.619618s
Tau required
Density calculation took 0.621295s
Tau required
Density calculation took 0.619065s
Tau required
Density calculation took 0.621153s
Tau required
Density calculation took 0.619792s
Tau required
Density calculation took 0.621390s
Tau required
Density calculation took 0.619608s
Tau required
Density calculation took 0.621632s
Tau required
Total number of grid points: 392142 (5766 per atom)
Density calculation took 0.697777s
Tau required
Density calculation took 0.641985s
Tau required
Density calculation took 0.619867s
Tau required
Density calculation took 0.619793s
Tau required
Density calculation took 0.620186s
Tau required
Density calculation took 0.619852s
Tau required
Density calculation took 0.620111s
Tau required
Density calculation took 0.620239s
Tau required
Density calculation took 0.619990s
Tau required
Density calculation took 0.620184s
Tau required
Density calculation took 0.620458s
Tau required
Density calculation took 0.620400s
Tau required
Density calculation took 0.620447s
Tau required
Density calculation took 0.620455s
Tau required
Density calculation took 0.620279s
Tau required
Density calculation took 0.620662s
Tau required
Density calculation took 0.619745s
Tau required
Total number of grid points: 391693 (5760 per atom)
Density calculation took 0.685739s
Tau required
Density calculation took 0.650323s
Tau required
Density calculation took 0.626394s
Tau required
Density calculation took 0.626795s
Tau required
Density calculation took 0.626862s
Tau required
Density calculation took 0.626873s
Tau required
Density calculation took 0.626932s
Tau required
Density calculation took 0.626682s
Tau required
Density calculation took 0.627150s
Tau required
Density calculation took 0.626913s
Tau required
Density calculation took 0.627363s
Tau required
Density calculation took 0.626839s
Tau required
Density calculation took 0.626530s
Tau required
Density calculation took 0.627052s
Tau required
Density calculation took 0.626992s
Tau required
Density calculation took 0.626906s
Tau required
Density calculation took 0.627247s
Tau required
[CRAYBLAS_WARNING] Application linked against multiple cray-libsci libraries
* Running topology 10 of 20 *****************
************************************************************

************************************************************
****** Beginning RI-MGGA_X_RSCAN+MGGA_C_RSCAN energy *******
************************************************************

=======================================================
       MGGA_X_RSCAN+MGGA_C_RSCAN Energy Results        
=======================================================
E MGGA_X_RSCAN+MGGA_C_RSCAN: -1691.50565042
Nuclear Repulsion Energy: 4575.21115994
Electronic Energy:        -6018.47302321
XC Energy:                -248.243787
Converged:                1
# of SCF iterations:      16
SCF Time:                 31.354s

=======================================================
            Individual Calculation Summary             
=======================================================
HF Energy: -1691.5056504201293137
=======================================================


Topology 9 time: 31.565815 s, performance: SP: 0 FLOP/s, DP: 33.36 TFLOP/s
JSON file written to: json_logs/lustre_orion_chm213_scratch_ryan_dhdft_inputs_exess_exess_inputs_rSCAN_def2-TZVP_isomers_31540-31559_topology_9.json
************************************************************
**************** Running topology 11 of 20 *****************
************************************************************

************************************************************
****** Beginning RI-MGGA_X_RSCAN+MGGA_C_RSCAN energy *******
************************************************************

=======================================================
       MGGA_X_RSCAN+MGGA_C_RSCAN Energy Results        
=======================================================
E MGGA_X_RSCAN+MGGA_C_RSCAN: -1691.49560012
Nuclear Repulsion Energy: 4555.93457752
Electronic Energy:        -5999.18106465
XC Energy:                -248.249113
Converged:                1
# of SCF iterations:      17
SCF Time:                 33.341s

=======================================================
            Individual Calculation Summary             
=======================================================
HF Energy: -1691.4956001154330352
=======================================================


Topology 10 time: 33.551693 s, performance: SP: 0 FLOP/s, DP: 33.2 TFLOP/s
JSON file written to: json_logs/lustre_orion_chm213_scratch_ryan_dhdft_inputs_exess_exess_inputs_rSCAN_def2-TZVP_isomers_31540-31559_topology_10.json
************************************************************
**************** Running topology 12 of 20 *****************
************************************************************

************************************************************
****** Beginning RI-MGGA_X_RSCAN+MGGA_C_RSCAN energy *******
************************************************************

=======================================================
       MGGA_X_RSCAN+MGGA_C_RSCAN Energy Results        
=======================================================
E MGGA_X_RSCAN+MGGA_C_RSCAN: -1691.50777718
Nuclear Repulsion Energy: 4548.46207025
Electronic Energy:        -5991.71922777
XC Energy:                -248.250620
Converged:                1
# of SCF iterations:      17
SCF Time:                 33.097s

=======================================================
            Individual Calculation Summary             
=======================================================
HF Energy: -1691.5077771822407158
=======================================================


Topology 11 time: 33.308235 s, performance: SP: 0 FLOP/s, DP: 33.46 TFLOP/s
JSON file written to: json_logs/lustre_orion_chm213_scratch_ryan_dhdft_inputs_exess_exess_inputs_rSCAN_def2-TZVP_isomers_31540-31559_topology_11.json
************************************************************
**************** Running topology 13 of 20 *****************
************************************************************

************************************************************
****** Beginning RI-MGGA_X_RSCAN+MGGA_C_RSCAN energy *******
************************************************************

=======================================================
       MGGA_X_RSCAN+MGGA_C_RSCAN Energy Results        
=======================================================
E MGGA_X_RSCAN+MGGA_C_RSCAN: -1691.51109874
Nuclear Repulsion Energy: 4519.24874454
Electronic Energy:        -5962.50722494
XC Energy:                -248.252618
Converged:                1
# of SCF iterations:      17
SCF Time:                 33.05s

=======================================================
            Individual Calculation Summary             
=======================================================
HF Energy: -1691.5110987371824649
=======================================================


Topology 12 time: 33.258686 s, performance: SP: 0 FLOP/s, DP: 33.51 TFLOP/s
JSON file written to: json_logs/lustre_orion_chm213_scratch_ryan_dhdft_inputs_exess_exess_inputs_rSCAN_def2-TZVP_isomers_31540-31559_topology_12.json
************************************************************
**************** Running topology 14 of 20 *****************
************************************************************

************************************************************
****** Beginning RI-MGGA_X_RSCAN+MGGA_C_RSCAN energy *******
************************************************************

=======================================================
       MGGA_X_RSCAN+MGGA_C_RSCAN Energy Results        
=======================================================
E MGGA_X_RSCAN+MGGA_C_RSCAN: -1691.5105998
Nuclear Repulsion Energy: 4532.38585416
Electronic Energy:        -5975.64377612
XC Energy:                -248.252678
Converged:                1
# of SCF iterations:      17
SCF Time:                 33.112s

=======================================================
            Individual Calculation Summary             
=======================================================
HF Energy: -1691.5105997980124357
=======================================================


Topology 13 time: 33.322637 s, performance: SP: 0 FLOP/s, DP: 33.44 TFLOP/s
JSON file written to: json_logs/lustre_orion_chm213_scratch_ryan_dhdft_inputs_exess_exess_inputs_rSCAN_def2-TZVP_isomers_31540-31559_topology_13.json
************************************************************
**************** Running topology 15 of 20 *****************
************************************************************

************************************************************
****** Beginning RI-MGGA_X_RSCAN+MGGA_C_RSCAN energy *******
************************************************************

=======================================================
       MGGA_X_RSCAN+MGGA_C_RSCAN Energy Results        
=======================================================
E MGGA_X_RSCAN+MGGA_C_RSCAN: -1691.50787421
Nuclear Repulsion Energy: 4595.52502449
Electronic Energy:        -6038.77617269
XC Energy:                -248.256726
Converged:                1
# of SCF iterations:      16
SCF Time:                 31.285s

=======================================================
            Individual Calculation Summary             
=======================================================
HF Energy: -1691.5078742079983840
=======================================================


Topology 14 time: 31.499861 s, performance: SP: 0 FLOP/s, DP: 33.44 TFLOP/s
JSON file written to: json_logs/lustre_orion_chm213_scratch_ryan_dhdft_inputs_exess_exess_inputs_rSCAN_def2-TZVP_isomers_31540-31559_topology_14.json
************************************************************
**************** Running topology 16 of 20 *****************
************************************************************

************************************************************
****** Beginning RI-MGGA_X_RSCAN+MGGA_C_RSCAN energy *******
************************************************************

=======================================================
       MGGA_X_RSCAN+MGGA_C_RSCAN Energy Results        
=======================================================
E MGGA_X_RSCAN+MGGA_C_RSCAN: -1691.49242055
Nuclear Repulsion Energy: 4580.42736438
Electronic Energy:        -6023.67296835
XC Energy:                -248.246817
Converged:                1
# of SCF iterations:      17
SCF Time:                 33.139s

=======================================================
            Individual Calculation Summary             
=======================================================
HF Energy: -1691.4924205489785436
=======================================================


Topology 15 time: 33.354200 s, performance: SP: 0 FLOP/s, DP: 33.43 TFLOP/s
JSON file written to: json_logs/lustre_orion_chm213_scratch_ryan_dhdft_inputs_exess_exess_inputs_rSCAN_def2-TZVP_isomers_31540-31559_topology_15.json
************************************************************
**************** Running topology 17 of 20 *****************
************************************************************

************************************************************
****** Beginning RI-MGGA_X_RSCAN+MGGA_C_RSCAN energy *******
************************************************************

=======================================================
       MGGA_X_RSCAN+MGGA_C_RSCAN Energy Results        
=======================================================
E MGGA_X_RSCAN+MGGA_C_RSCAN: -1691.48429043
Nuclear Repulsion Energy: 4649.57743677
Electronic Energy:        -6092.80801152
XC Energy:                -248.253716
Converged:                1
# of SCF iterations:      17
SCF Time:                 33.231s

=======================================================
            Individual Calculation Summary             
=======================================================
HF Energy: -1691.4842904284896576
=======================================================


Topology 16 time: 33.453527 s, performance: SP: 0 FLOP/s, DP: 33.28 TFLOP/s
JSON file written to: json_logs/lustre_orion_chm213_scratch_ryan_dhdft_inputs_exess_exess_inputs_rSCAN_def2-TZVP_isomers_31540-31559_topology_16.json
************************************************************
**************** Running topology 18 of 20 *****************
************************************************************

************************************************************
****** Beginning RI-MGGA_X_RSCAN+MGGA_C_RSCAN energy *******
************************************************************

=======================================================
       MGGA_X_RSCAN+MGGA_C_RSCAN Energy Results        
=======================================================
E MGGA_X_RSCAN+MGGA_C_RSCAN: -1691.4952697
Nuclear Repulsion Energy: 4801.93661617
Electronic Energy:        -6245.17503553
XC Energy:                -248.256850
Converged:                1
# of SCF iterations:      17
SCF Time:                 33.117s

=======================================================
            Individual Calculation Summary             
=======================================================
HF Energy: -1691.4952696992786514
=======================================================


Topology 17 time: 33.352006 s, performance: SP: 0 FLOP/s, DP: 33.31 TFLOP/s
JSON file written to: json_logs/lustre_orion_chm213_scratch_ryan_dhdft_inputs_exess_exess_inputs_rSCAN_def2-TZVP_isomers_31540-31559_topology_17.json
************************************************************
**************** Running topology 19 of 20 *****************
************************************************************

************************************************************
****** Beginning RI-MGGA_X_RSCAN+MGGA_C_RSCAN energy *******
************************************************************

=======================================================
       MGGA_X_RSCAN+MGGA_C_RSCAN Energy Results        
=======================================================
E MGGA_X_RSCAN+MGGA_C_RSCAN: -1691.50538775
Nuclear Repulsion Energy: 4551.82773675
Electronic Energy:        -5995.08788298
XC Energy:                -248.245242
Converged:                1
# of SCF iterations:      17
SCF Time:                 33.108s

=======================================================
            Individual Calculation Summary             
=======================================================
HF Energy: -1691.5053877456878126
=======================================================


Topology 18 time: 33.320273 s, performance: SP: 0 FLOP/s, DP: 33.43 TFLOP/s
JSON file written to: json_logs/lustre_orion_chm213_scratch_ryan_dhdft_inputs_exess_exess_inputs_rSCAN_def2-TZVP_isomers_31540-31559_topology_18.json
************************************************************
**************** Running topology 20 of 20 *****************
************************************************************

************************************************************
****** Beginning RI-MGGA_X_RSCAN+MGGA_C_RSCAN energy *******
************************************************************

=======================================================
       MGGA_X_RSCAN+MGGA_C_RSCAN Energy Results        
=======================================================
E MGGA_X_RSCAN+MGGA_C_RSCAN: -1691.50489414
Nuclear Repulsion Energy: 4564.01363261
Electronic Energy:        -6007.27336475
XC Energy:                -248.245162
Converged:                1
# of SCF iterations:      17
SCF Time:                 33.196s

=======================================================
            Individual Calculation Summary             
=======================================================
HF Energy: -1691.5048941391164590
=======================================================


Topology 19 time: 33.410832 s, performance: SP: 0 FLOP/s, DP: 33.34 TFLOP/s
JSON file written to: json_logs/lustre_orion_chm213_scratch_ryan_dhdft_inputs_exess_exess_inputs_rSCAN_def2-TZVP_isomers_31540-31559_topology_19.json
Total flops: SP: 0 FLOPS, DP: 21.681968 PFLOPS
Performance: SP: 0 FLOP/s, DP: 32.87 TFLOP/s

Now, a word from our sponsors... 
 It's a miracle that this code even works. 

[31mTotal processing time 659.844408 seconds[0m
[CRAYBLAS_WARNING] Application linked against multiple cray-libsci libraries
required
   13     | -1691.5110987324 |   1.6059e-08   |    1.5172     |    0.2610
Density calculation took 0.622067s
Tau required
   14     | -1691.5110987369 |   1.1517e-09   |    1.5167     |    0.2615
Density calculation took 0.621943s
Tau required
   15     | -1691.5110987371 |   1.6638e-10   |    1.5177     |    0.2612
Density calculation took 0.621898s
Tau required
   16     | -1691.5110987371 |   1.1979e-10   |    1.5183     |    0.2611
Density calculation took 0.621784s
Tau required
   17     | -1691.5110987372 |   8.2050e-12   |    1.5167     |    0.2604
Created 697092 / 2985984 significant shell pairs
Created 541147 / 2274064 significant shell pairs
Total number of grid points: 392316 (5769 per atom)
One electron integrals and orthogonalizer took 0.052450s
Created 541147 / 2274064 significant shell pairs
3C integrals and B formation took 2.121489s
Iteration |      Energy      |  DIIS Metric   | Fock Time (s) | DIIS Time (s)
----------+------------------+----------------+---------------+--------------
Density calculation took 0.700436s
Tau required
    1     | -1702.3694717495 |   1.0533e+03   |    1.7610     |    0.2948
Density calculation took 0.640062s
Tau required
    2     | -1690.7271446591 |   2.8079e+00   |    1.5573     |    0.2619
Density calculation took 0.618388s
Tau required
    3     | -1690.5884526253 |   3.4622e+00   |    1.5206     |    0.2676
Density calculation took 0.618509s
Tau required
    4     | -1691.4816918420 |   1.0447e-01   |    1.5195     |    0.2600
Density calculation took 0.618339s
Tau required
    5     | -1691.4998317642 |   3.8694e-02   |    1.5213     |    0.2696
Density calculation took 0.618490s
Tau required
    6     | -1691.5094631557 |   3.8955e-03   |    1.5223     |    0.2597
Density calculation took 0.618187s
Tau required
    7     | -1691.5103877278 |   7.0250e-04   |    1.5226     |    0.2697
Density calculation took 0.618434s
Tau required
    8     | -1691.5105357702 |   2.2775e-04   |    1.5199     |    0.2622
Density calculation took 0.618348s
Tau required
    9     | -1691.5105963422 |   1.1991e-05   |    1.5228     |    0.2619
Density calculation took 0.618387s
Tau required
   10     | -1691.5105990465 |   2.6798e-06   |    1.5214     |    0.2618
Density calculation took 0.618793s
Tau required
   11     | -1691.5105997287 |   2.4759e-07   |    1.5213     |    0.2634
Density calculation took 0.618793s
Tau required
   12     | -1691.5105997864 |   3.8689e-08   |    1.5189     |    0.2631
Density calculation took 0.618491s
Tau required
   13     | -1691.5105997913 |   2.2422e-08   |    1.5221     |    0.2624
Density calculation took 0.618741s
Tau required
   14     | -1691.5105997977 |   1.0881e-09   |    1.5200     |    0.2632
Density calculation took 0.618513s
Tau required
   15     | -1691.5105997980 |   1.7048e-10   |    1.5226     |    0.2611
Density calculation took 0.618532s
Tau required
   16     | -1691.5105997980 |   1.1099e-10   |    1.5213     |    0.2616
Density calculation took 0.618812s
Tau required
   17     | -1691.5105997980 |   8.0291e-12   |    1.5214     |    0.2612
Created 715136 / 2985984 significant shell pairs
Created 555908 / 2274064 significant shell pairs
Total number of grid points: 392575 (5773 per atom)
One electron integrals and orthogonalizer took 0.052183s
Created 555908 / 2274064 significant shell pairs
3C integrals and B formation took 2.159393s
Iteration |      Energy      |  DIIS Metric   | Fock Time (s) | DIIS Time (s)
----------+------------------+----------------+---------------+--------------
Density calculation took 0.660929s
Tau required
    1     | -1702.3769716399 |   1.0549e+03   |    1.7543     |    0.2967
Density calculation took 0.639554s
Tau required
    2     | -1690.7244736112 |   2.8143e+00   |    1.5599     |    0.2582
Density calculation took 0.617362s
Tau required
    3     | -1690.5782546521 |   3.5170e+00   |    1.5135     |    0.2671
Density calculation took 0.617423s
Tau required
    4     | -1691.4813100979 |   9.7134e-02   |    1.5177     |    0.2609
Density calculation took 0.617776s
Tau required
    5     | -1691.4974910549 |   3.6704e-02   |    1.5151     |    0.2699
Density calculation took 0.617595s
Tau required
    6     | -1691.5069602075 |   3.2147e-03   |    1.5171     |    0.2605
Density calculation took 0.617394s
Tau required
    7     | -1691.5077247418 |   5.0767e-04   |    1.5170     |    0.2711
Density calculation took 0.618028s
Tau required
    8     | -1691.5078275652 |   1.6639e-04   |    1.5165     |    0.2615
Density calculation took 0.617636s
Tau required
    9     | -1691.5078709409 |   1.1532e-05   |    1.5128     |    0.2635
Density calculation took 0.617868s
Tau required
   10     | -1691.5078731205 |   3.7618e-06   |    1.5170     |    0.2625
Density calculation took 0.617482s
Tau required
   11     | -1691.5078741327 |   2.6584e-07   |    1.5161     |    0.2609
Density calculation took 0.617694s
Tau required
   12     | -1691.5078741955 |   4.2888e-08   |    1.5165     |    0.2601
Density calculation took 0.617770s
Tau required
   13     | -1691.5078742033 |   1.6911e-08   |    1.5153     |    0.2613
Density calculation took 0.617724s
Tau required
   14     | -1691.5078742077 |   1.2977e-09   |    1.5177     |    0.2609
Density calculation took 0.617657s
Tau required
   15     | -1691.5078742080 |   1.4091e-10   |    1.5167     |    0.2623
Density calculation took 0.617570s
Tau required
   16     | -1691.5078742080 |   7.6177e-11   |    1.5190     |    0.2622
Created 712441 / 2985984 significant shell pairs
Created 553605 / 2274064 significant shell pairs
Total number of grid points: 391268 (5753 per atom)
One electron integrals and orthogonalizer took 0.052662s
Created 553605 / 2274064 significant shell pairs
3C integrals and B formation took 2.148173s
Iteration |      Energy      |  DIIS Metric   | Fock Time (s) | DIIS Time (s)
----------+------------------+----------------+---------------+--------------
Density calculation took 0.654583s
Tau required
    1     | -1702.3569794149 |   1.0534e+03   |    1.7747     |    0.2946
Density calculation took 0.640983s
Tau required
    2     | -1690.7135135741 |   2.7847e+00   |    1.5589     |    0.2586
Density calculation took 0.619672s
Tau required
    3     | -1690.5797878681 |   3.4327e+00   |    1.5204     |    0.2667
Density calculation took 0.620010s
Tau required
    4     | -1691.4644385048 |   1.0451e-01   |    1.5222     |    0.2589
Density calculation took 0.620262s
Tau required
    5     | -1691.4843481338 |   2.8867e-02   |    1.5235     |    0.2690
Density calculation took 0.620058s
Tau required
    6     | -1691.4911785860 |   4.1754e-03   |    1.5207     |    0.2600
Density calculation took 0.619847s
Tau required
    7     | -1691.4922246593 |   6.2539e-04   |    1.5229     |    0.2696
Density calculation took 0.620232s
Tau required
    8     | -1691.4923524758 |   2.3517e-04   |    1.5217     |    0.2600
Density calculation took 0.619749s
Tau required
    9     | -1691.4924165434 |   1.3419e-05   |    1.5230     |    0.2628
Density calculation took 0.620013s
Tau required
   10     | -1691.4924193119 |   4.1203e-06   |    1.5207     |    0.2612
Density calculation took 0.620007s
Tau required
   11     | -1691.4924204443 |   3.5676e-07   |    1.5205     |    0.2612
Density calculation took 0.620032s
Tau required
   12     | -1691.4924205392 |   3.3382e-08   |    1.5213     |    0.2619
Density calculation took 0.620121s
Tau required
   13     | -1691.4924205418 |   2.4196e-08   |    1.5213     |    0.2615
Density calculation took 0.620078s
Tau required
   14     | -1691.4924205484 |   1.8543e-09   |    1.5219     |    0.2629
Density calculation took 0.619904s
Tau required
   15     | -1691.4924205489 |   2.0131e-10   |    1.5218     |    0.2618
Density calculation took 0.620188s
Tau required
   16     | -1691.4924205489 |   1.6349e-10   |    1.5225     |    0.2620
Density calculation took 0.620177s
Tau required
   17     | -1691.4924205490 |   1.1611e-11   |    1.5205     |    0.2615
Created 734599 / 2985984 significant shell pairs
Created 570919 / 2274064 significant shell pairs
Total number of grid points: 392326 (5769 per atom)
One electron integrals and orthogonalizer took 0.052927s
Created 570919 / 2274064 significant shell pairs
3C integrals and B formation took 2.153187s
Iteration |      Energy      |  DIIS Metric   | Fock Time (s) | DIIS Time (s)
----------+------------------+----------------+---------------+--------------
Density calculation took 0.650922s
Tau required
    1     | -1702.3723728064 |   1.0581e+03   |    1.7413     |    0.2948
Density calculation took 0.634671s
Tau required
    2     | -1690.7058898625 |   2.7837e+00   |    1.5647     |    0.2595
Density calculation took 0.614086s
Tau required
    3     | -1690.5592195054 |   3.4909e+00   |    1.5238     |    0.2686
Density calculation took 0.613970s
Tau required
    4     | -1691.4554427930 |   1.0985e-01   |    1.5310     |    0.2602
Density calculation took 0.614909s
Tau required
    5     | -1691.4773202234 |   2.5925e-02   |    1.5248     |    0.2700
Density calculation took 0.614216s
Tau required
    6     | -1691.4835001886 |   2.6869e-03   |    1.5275     |    0.2598
Density calculation took 0.614632s
Tau required
    7     | -1691.4840907642 |   6.3627e-04   |    1.5248     |    0.2699
Density calculation took 0.614866s
Tau required
    8     | -1691.4842339288 |   1.9381e-04   |    1.5296     |    0.2628
Density calculation took 0.614152s
Tau required
    9     | -1691.4842867327 |   1.2632e-05   |    1.5231     |    0.2614
Density calculation took 0.614182s
Tau required
   10     | -1691.4842893180 |   3.7403e-06   |    1.5293     |    0.2621
Density calculation took 0.614551s
Tau required
   11     | -1691.4842903148 |   3.8095e-07   |    1.5252     |    0.2635
Density calculation took 0.614118s
Tau required
   12     | -1691.4842904120 |   5.5602e-08   |    1.5300     |    0.2639
Density calculation took 0.614428s
Tau required
   13     | -1691.4842904206 |   2.7697e-08   |    1.5235     |    0.2632
Density calculation took 0.613944s
Tau required
   14     | -1691.4842904281 |   1.4857e-09   |    1.5294     |    0.2631
Density calculation took 0.614026s
Tau required
   15     | -1691.4842904284 |   2.3540e-10   |    1.5268     |    0.2646
Density calculation took 0.613800s
Tau required
   16     | -1691.4842904285 |   1.1936e-10   |    1.5306     |    0.2625
Density calculation took 0.614144s
Tau required
   17     | -1691.4842904285 |   1.3656e-11   |    1.5269     |    0.2632
Created 789763 / 2985984 significant shell pairs
Created 613680 / 2274064 significant shell pairs
Total number of grid points: 392781 (5776 per atom)
One electron integrals and orthogonalizer took 0.058400s
Created 613680 / 2274064 significant shell pairs
3C integrals and B formation took 2.234456s
Iteration |      Energy      |  DIIS Metric   | Fock Time (s) | DIIS Time (s)
----------+------------------+----------------+---------------+--------------
Density calculation took 0.660758s
Tau required
    1     | -1702.3897939753 |   1.0609e+03   |    1.7230     |    0.2971
Density calculation took 0.636123s
Tau required
    2     | -1690.7049045866 |   2.8361e+00   |    1.5523     |    0.2603
Density calculation took 0.615553s
Tau required
    3     | -1690.4548516163 |   3.9130e+00   |    1.5147     |    0.2667
Density calculation took 0.615568s
Tau required
    4     | -1691.4056581440 |   3.1055e-01   |    1.5135     |    0.2583
Density calculation took 0.615646s
Tau required
    5     | -1691.4696921662 |   9.0211e-02   |    1.5148     |    0.2687
Density calculation took 0.615774s
Tau required
    6     | -1691.4909392693 |   1.4836e-02   |    1.5151     |    0.2605
Density calculation took 0.615469s
Tau required
    7     | -1691.4947832916 |   1.6258e-03   |    1.5147     |    0.2710
Density calculation took 0.615761s
Tau required
    8     | -1691.4951644555 |   3.8441e-04   |    1.5150     |    0.2617
Density calculation took 0.615937s
Tau required
    9     | -1691.4952627271 |   2.5284e-05   |    1.5150     |    0.2623
Density calculation took 0.615815s
Tau required
   10     | -1691.4952686830 |   3.7037e-06   |    1.5154     |    0.2612
Density calculation took 0.615629s
Tau required
   11     | -1691.4952695421 |   5.5401e-07   |    1.5152     |    0.2622
Density calculation took 0.615765s
Tau required
   12     | -1691.4952696773 |   7.4130e-08   |    1.5152     |    0.2638
Density calculation took 0.615931s
Tau required
   13     | -1691.4952696879 |   3.8817e-08   |    1.5157     |    0.2621
Density calculation took 0.615771s
Tau required
   14     | -1691.4952696989 |   1.4248e-09   |    1.5160     |    0.2630
Density calculation took 0.615673s
Tau required
   15     | -1691.4952696990 |   8.5493e-10   |    1.5148     |    0.2613
Density calculation took 0.615841s
Tau required
   16     | -1691.4952696992 |   1.4400e-10   |    1.5155     |    0.2609
Density calculation took 0.615688s
Tau required
   17     | -1691.4952696993 |   2.8862e-11   |    1.5136     |    0.2606
Created 703024 / 2985984 significant shell pairs
Created 546273 / 2274064 significant shell pairs
Total number of grid points: 392556 (5772 per atom)
One electron integrals and orthogonalizer took 0.052968s
Created 546273 / 2274064 significant shell pairs
3C integrals and B formation took 2.136690s
Iteration |      Energy      |  DIIS Metric   | Fock Time (s) | DIIS Time (s)
----------+------------------+----------------+---------------+--------------
Density calculation took 0.657801s
Tau required
    1     | -1702.3574037919 |   1.0515e+03   |    1.7611     |    0.2923
Density calculation took 0.643398s
Tau required
    2     | -1690.7225039134 |   2.7963e+00   |    1.5608     |    0.2581
Density calculation took 0.620649s
Tau required
    3     | -1690.5698643554 |   3.4875e+00   |    1.5213     |    0.2656
Density calculation took 0.620696s
Tau required
    4     | -1691.4573280247 |   1.6399e-01   |    1.5198     |    0.2560
Density calculation took 0.622176s
Tau required
    5     | -1691.4860100187 |   6.4368e-02   |    1.5210     |    0.2671
Density calculation took 0.620810s
Tau required
    6     | -1691.5031670139 |   7.5516e-03   |    1.5223     |    0.2595
Density calculation took 0.620974s
Tau required
    7     | -1691.5050673123 |   1.0400e-03   |    1.5205     |    0.2694
Density calculation took 0.620911s
Tau required
    8     | -1691.5052964769 |   3.1877e-04   |    1.5216     |    0.2606
Density calculation took 0.620994s
Tau required
    9     | -1691.5053819662 |   1.9554e-05   |    1.5225     |    0.2600
Density calculation took 0.621124s
Tau required
   10     | -1691.5053866055 |   3.9215e-06   |    1.5227     |    0.2622
Density calculation took 0.621136s
Tau required
   11     | -1691.5053875411 |   6.9259e-07   |    1.5221     |    0.2616
Density calculation took 0.620938s
Tau required
   12     | -1691.5053877279 |   5.8598e-08   |    1.5207     |    0.2619
Density calculation took 0.620806s
Tau required
   13     | -1691.5053877375 |   2.9759e-08   |    1.5207     |    0.2609
Density calculation took 0.620871s
Tau required
   14     | -1691.5053877453 |   1.2281e-09   |    1.5225     |    0.2615
Density calculation took 0.620683s
Tau required
   15     | -1691.5053877456 |   4.6969e-10   |    1.5221     |    0.2626
Density calculation took 0.621147s
Tau required
   16     | -1691.5053877456 |   1.4695e-10   |    1.5212     |    0.2620
Density calculation took 0.621179s
Tau required
   17     | -1691.5053877457 |   9.9780e-12   |    1.5202     |    0.2607
Created 707004 / 2985984 significant shell pairs
Created 549368 / 2274064 significant shell pairs
Total number of grid points: 391572 (5758 per atom)
One electron integrals and orthogonalizer took 0.052753s
Created 549368 / 2274064 significant shell pairs
3C integrals and B formation took 2.157764s
Iteration |      Energy      |  DIIS Metric   | Fock Time (s) | DIIS Time (s)
----------+------------------+----------------+---------------+--------------
Density calculation took 0.662536s
Tau required
    1     | -1702.3571127264 |   1.0515e+03   |    1.7344     |    0.2948
Density calculation took 0.643124s
Tau required
    2     | -1690.7221284774 |   2.7966e+00   |    1.5701     |    0.2581
Density calculation took 0.622872s
Tau required
    3     | -1690.5699459964 |   3.4871e+00   |    1.5247     |    0.2673
Density calculation took 0.622810s
Tau required
    4     | -1691.4574137905 |   1.6251e-01   |    1.5231     |    0.2605
Density calculation took 0.622526s
Tau required
    5     | -1691.4854099792 |   6.4756e-02   |    1.5257     |    0.2695
Density calculation took 0.622531s
Tau required
    6     | -1691.5026240665 |   7.6991e-03   |    1.5257     |    0.2625
Density calculation took 0.622098s
Tau required
    7     | -1691.5045909882 |   9.9092e-04   |    1.5237     |    0.2705
Density calculation took 0.622328s
Tau required
    8     | -1691.5048096390 |   2.9473e-04   |    1.5240     |    0.2622
Density calculation took 0.622878s
Tau required
    9     | -1691.5048879744 |   2.0400e-05   |    1.5236     |    0.2629
Density calculation took 0.622717s
Tau required
   10     | -1691.5048928663 |   4.3337e-06   |    1.5257     |    0.2623
Density calculation took 0.623076s
Tau required
   11     | -1691.5048939270 |   7.2005e-07   |    1.5248     |    0.2631
Density calculation took 0.622932s
Tau required
   12     | -1691.5048941213 |   5.9636e-08   |    1.5258     |    0.2624
Density calculation took 0.622877s
Tau required
   13     | -1691.5048941318 |   2.6499e-08   |    1.5248     |    0.2609
Density calculation took 0.622985s
Tau required
   14     | -1691.5048941389 |   8.4503e-10   |    1.5275     |    0.2665
Density calculation took 0.622611s
Tau required
   15     | -1691.5048941390 |   4.8345e-10   |    1.5259     |    0.2634
Density calculation took 0.623095s
Tau required
   16     | -1691.5048941391 |   1.2624e-10   |    1.5245     |    0.2645
Density calculation took 0.622848s
Tau required
   17     | -1691.5048941391 |   7.4551e-12   |    1.5255     |    0.2609
Please cite the following papers for the methods used in this calculation:
 - J.L. Galvez Vallejo et. al., Toward an extreme-scale electronic structure system, J. Chem. Phys., 2023. DOI: 10.1063/5.0156399

 - R. Stocks, E. Palethorpe, and G.M.J. Barca, Multi-GPU RI-HF Energies and Analytic Gradients ─ Toward High-Throughput Ab Initio Molecular Dynamics, J. Chem. Theory Comput., 2024. DOI: 10.1021/acs.jctc.4c00877
   For:
     * RI-HF energy

 - S. Lehtola, C. Steigemann, M.J.T. Oliveira, and M.A.L. Marques, Recent developments in Libxc: A comprehensive library of functionals for density functional theory, SoftwareX, 2018. DOI: 10.1016/j.softx.2017.11.002
   For:
     * LibXC version 6.2.0

 - D.B. Williams-Young, W.A. de Jong, H.J.J. van Dam, and C. Yang, On the Efficient Evaluation of the Exchange Correlation Potential on Graphics Processing Unit Clusters, Frontiers in Chemistry, 2020. DOI: 10.3389/fchem.2020.581058
   For:
     * ExchCXX GPU implementation of exchange-correlation functionals

 - R. Stocks and G.M.J. Barca, Efficient Algorithms for GPU Accelerated Evaluation of the DFT Exchange-Correlation Functional, J. Chem. Theory Comput., 2025. DOI: 10.1021/acs.jctc.5c01229
   For:
     * GPU accelerated DFT exchange-correlation evaluation

 - A. P. Bartók and J. R. Yates.,  J. Chem. Phys. 150, 161101 (2019) DOI: 10.1063/1.5094646
   For:
     * MGGA_X_RSCAN XC Functional
     * MGGA_C_RSCAN XC Functional

[CRAYBLAS_WARNING] Application linked against multiple cray-libsci libraries
