Total number of grid points: 346215 (5770 per atom)
Density calculation took 0.509277s
Tau required
Density calculation took 0.507647s
Tau required
Density calculation took 0.486027s
Tau required
Density calculation took 0.486439s
Tau required
Density calculation took 0.486738s
Tau required
Density calculation took 0.487631s
Tau required
Density calculation took 0.487393s
Tau required
Density calculation took 0.488022s
Tau required
Density calculation took 0.488359s
Tau required
Density calculation took 0.488447s
Tau required
Density calculation took 0.488683s
Tau required
Density calculation took 0.488873s
Tau required
Density calculation took 0.489178s
Tau required
Density calculation took 0.489565s
Tau required
Density calculation took 0.489534s
Tau required
Total number of grid points: 346483 (5774 per atom)
Density calculation took 0.501876s
Tau required
Density calculation took 0.512543s
Tau required
Density calculation took 0.491967s
Tau required
Density calculation took 0.491642s
Tau required
Density calculation took 0.492416s
Tau required
Density calculation took 0.492533s
Tau required
Density calculation took 0.492421s
Tau required
Density calculation took 0.492952s
Tau required
Density calculation took 0.492916s
Tau required
Density calculation took 0.493046s
Tau required
Density calculation took 0.493145s
Tau required
Density calculation took 0.493319s
Tau required
Density calculation took 0.492782s
Tau required
Density calculation took 0.493709s
Tau required
Density calculation took 0.493412s
Tau required
Density calculation took 0.494077s
Tau required
Total number of grid points: 346443 (5774 per atom)
Density calculation took 0.507226s
Tau required
Density calculation took 0.508102s
Tau required
Density calculation took 0.488649s
Tau required
Density calculation took 0.488561s
Tau required
Density calculation took 0.489355s
Tau required
Density calculation took 0.488755s
Tau required
Density calculation took 0.489236s
Tau required
Density calculation took 0.488680s
Tau required
Density calculation took 0.489601s
Tau required
Density calculation took 0.489048s
Tau required
Density calculation took 0.489931s
Tau required
Density calculation took 0.488730s
Tau required
Density calculation took 0.489799s
Tau required
Density calculation took 0.488910s
Tau required
Density calculation took 0.489435s
Tau required
Total number of grid points: 345866 (5764 per atom)
Density calculation took 0.502635s
Tau required
Density calculation took 0.507492s
Tau required
Density calculation took 0.486480s
Tau required
Density calculation took 0.487254s
Tau required
Density calculation took 0.486721s
Tau required
Density calculation took 0.487158s
Tau required
Density calculation took 0.486879s
Tau required
Density calculation took 0.487384s
Tau required
Density calculation took 0.487117s
Tau required
Density calculation took 0.487752s
Tau required
Density calculation took 0.487277s
Tau required
Density calculation took 0.487933s
Tau required
Density calculation took 0.487359s
Tau required
Density calculation took 0.487482s
Tau required
Density calculation took 0.487306s
Tau required
Density calculation took 0.487358s
Tau required
Total number of grid points: 346568 (5776 per atom)
Density calculation took 0.507118s
Tau required
Density calculation took 0.510374s
Tau required
Density calculation took 0.489752s
Tau required
Density calculation took 0.491380s
Tau required
Density calculation took 0.490739s
Tau required
Density calculation took 0.491189s
Tau required
Density calculation took 0.490386s
Tau required
Density calculation took 0.491111s
Tau required
Density calculation took 0.490743s
Tau required
Density calculation took 0.491220s
Tau required
Density calculation took 0.491199s
Tau required
Density calculation took 0.491310s
Tau required
Density calculation took 0.490496s
Tau required
Density calculation took 0.490744s
Tau required
Density calculation took 0.491030s
Tau required
Density calculation took 0.491765s
Tau required
Total number of grid points: 347069 (5784 per atom)
Density calculation took 0.500510s
Tau required
Density calculation took 0.506388s
Tau required
Density calculation took 0.486737s
Tau required
Density calculation took 0.486971s
Tau required
Density calculation took 0.486938s
Tau required
Density calculation took 0.487145s
Tau required
Density calculation took 0.487073s
Tau required
Density calculation took 0.487168s
Tau required
Density calculation took 0.487146s
Tau required
Density calculation took 0.487045s
Tau required
Density calculation took 0.487355s
Tau required
Density calculation took 0.487433s
Tau required
Density calculation took 0.487421s
Tau required
Density calculation took 0.487643s
Tau required
Density calculation took 0.487611s
Tau required
Density calculation took 0.487645s
Tau required
Total number of grid points: 347309 (5788 per atom)
Density calculation took 0.505416s
Tau required
Density calculation took 0.512271s
Tau required
Density calculation took 0.491195s
Tau required
Density calculation took 0.492369s
Tau required
Density calculation took 0.491440s
Tau required
Density calculation took 0.492729s
Tau required
Density calculation took 0.492025s
Tau required
Density calculation took 0.492753s
Tau required
Density calculation took 0.491937s
Tau required
Density calculation took 0.492842s
Tau required
Density calculation took 0.492174s
Tau required
Density calculation took 0.493079s
Tau required
Density calculation took 0.491549s
Tau required
Density calculation took 0.492464s
Tau required
Density calculation took 0.492096s
Tau required
Density calculation took 0.492855s
Tau required
Total number of grid points: 346305 (5771 per atom)
Density calculation took 0.504725s
Tau required
Density calculation took 0.513675s
Tau required
Density calculation took 0.494217s
Tau required
Density calculation took 0.494918s
Tau required
Density calculation took 0.494645s
Tau required
Density calculation took 0.495120s
Tau required
Density calculation took 0.495148s
Tau required
Density calculation took 0.495366s
Tau required
Density calculation took 0.494827s
Tau required
Density calculation took 0.495504s
Tau required
Density calculation took 0.495553s
Tau required
Density calculation took 0.495581s
Tau required
Density calculation took 0.495432s
Tau required
Density calculation took 0.495709s
Tau required
Density calculation took 0.495508s
Tau required
Density calculation took 0.495483s
Tau required
Total number of grid points: 346265 (5771 per atom)
Density calculation took 0.502007s
Tau required
Density calculation took 0.514267s
Tau required
Density calculation took 0.493493s
Tau required
Density calculation took 0.494142s
Tau required
Density calculation took 0.494162s
Tau required
Density calculation took 0.494193s
Tau required
Density calculation took 0.493804s
Tau required
Density calculation took 0.494334s
Tau required
Density calculation took 0.494312s
Tau required
Density calculation took 0.494142s
Tau required
Density calculation took 0.494487s
Tau required
Density calculation took 0.494209s
Tau required
Density calculation took 0.494551s
Tau required
Density calculation took 0.494543s
Tau required
Density calculation took 0.494443s
Tau required
Density calculation took 0.494607s
Tau required
Total number of grid points: 345578 (5759 per atom)
Density calculation took 0.511171s
Tau required
Density calculation took 0.513154s
Tau required
Density calculation took 0.492291s
Tau required
Density calculation took 0.491981s
Tau required
Density calculation took 0.492667s
Tau required
Density calculation took 0.492757s
Tau required
Density calculation took 0.492409s
Tau required
Density calculation took 0.492743s
Tau required
Density calculation took 0.492005s
Tau required
Density calculation took 0.494226s
Tau required
Density calculation took 0.492252s
Tau required
Density calculation took 0.492663s
Tau required
Density calculation took 0.492619s
Tau required
Density calculation took 0.492996s
Tau required
Density calculation took 0.492603s
Tau required
Density calculation took 0.492251s
Tau required
Total number of grid points: 346330 (5772 per atom)
Density calculation took 0.500038s
Tau required
Density calculation took 0.513990s
Tau required
Density calculation took 0.494070s
Tau required
Density calculation took 0.494239s
Tau required
Density calculation took 0.494425s
Tau required
Density calculation took 0.494388s
Tau required
Density calculation took 0.494741s
Tau required
Density calculation took 0.494370s
Tau required
Density calculation took 0.494341s
Tau required
Density calculation took 0.494606s
Tau required
Density calculation took 0.494866s
Tau required
Density calculation took 0.494679s
Tau required
Density calculation took 0.494974s
Tau required
Density calculation took 0.494599s
Tau required
Density calculation took 0.494696s
Tau required
Density calculation took 0.494750s
Tau required
Total number of grid points: 346499 (5774 per atom)
Density calculation took 0.503279s
Tau required
Density calculation took 0.507356s
Tau required
Density calculation took 0.485544s
Tau required
Density calculation took 0.485604s
Tau required
Density calculation took 0.485926s
Tau required
Density calculation took 0.485598s
Tau required
Density calculation took 0.485925s
Tau required
Density calculation took 0.485771s
Tau required
Density calculation took 0.485871s
Tau required
Density calculation took 0.485898s
Tau required
Density calculation took 0.485842s
Tau required
Density calculation took 0.485423s
Tau required
Density calculation took 0.485980s
Tau required
Density calculation took 0.486055s
Tau required
Density calculation took 0.485889s
Tau required
Density calculation took 0.486173s
Tau required
Total number of grid points: 347146 (5785 per atom)
Density calculation took 0.502093s
Tau required
Density calculation took 0.512451s
Tau required
Density calculation took 0.491781s
Tau required
Density calculation took 0.492712s
Tau required
Density calculation took 0.492319s
Tau required
Density calculation took 0.492966s
Tau required
Density calculation took 0.492358s
Tau required
Density calculation took 0.493050s
Tau required
Density calculation took 0.492650s
Tau required
Density calculation took 0.493032s
Tau required
Density calculation took 0.492622s
Tau required
Density calculation took 0.492995s
Tau required
Density calculation took 0.492402s
Tau required
Density calculation took 0.493154s
Tau required
Density calculation took 0.492572s
Tau required
Total number of grid points: 346901 (5781 per atom)
Density calculation took 0.511851s
Tau required
Density calculation took 0.512815s
Tau required
Density calculation took 0.491528s
Tau required
Density calculation took 0.491411s
Tau required
Density calculation took 0.491371s
Tau required
Density calculation took 0.491231s
Tau required
Density calculation took 0.492131s
Tau required
Density calculation took 0.492046s
Tau required
Density calculation took 0.491842s
Tau required
Density calculation took 0.491979s
Tau required
Density calculation took 0.491070s
Tau required
Density calculation took 0.491580s
Tau required
Density calculation took 0.492028s
Tau required
Density calculation took 0.491973s
Tau required
Density calculation took 0.491523s
Tau required
Density calculation took 0.493064s
Tau required
Total number of grid points: 346457 (5774 per atom)
Density calculation took 0.506817s
Tau required
Density calculation took 0.517877s
Tau required
Density calculation took 0.498839s
Tau required
Density calculation took 0.499013s
Tau required
Density calculation took 0.498975s
Tau required
Density calculation took 0.498862s
Tau required
Density calculation took 0.499331s
Tau required
Density calculation took 0.499520s
Tau required
Density calculation took 0.499670s
Tau required
Density calculation took 0.498965s
Tau required
Density calculation took 0.499298s
Tau required
Density calculation took 0.499153s
Tau required
Density calculation took 0.499543s
Tau required
Density calculation took 0.499413s
Tau required
Density calculation took 0.499606s
Tau required
Density calculation took 0.499460s
Tau required
Total number of grid points: 345812 (5763 per atom)
Density calculation took 0.510564s
Tau required
Density calculation took 0.510791s
Tau required
Density calculation took 0.488134s
Tau required
Density calculation took 0.487926s
Tau required
Density calculation took 0.488672s
Tau required
Density calculation took 0.488236s
Tau required
Density calculation took 0.488508s
Tau required
Density calculation took 0.488089s
Tau required
Density calculation took 0.489487s
Tau required
Density calculation took 0.488191s
Tau required
Density calculation took 0.489228s
Tau required
Density calculation took 0.488423s
Tau required
Density calculation took 0.488782s
Tau required
Density calculation took 0.488380s
Tau required
Density calculation took 0.488813s
Tau required
Density calculation took 0.488266s
Tau required
Total number of grid points: 346533 (5775 per atom)
Density calculation took 0.503295s
Tau required
Density calculation took 0.508109s
Tau required
Density calculation took 0.489155s
Tau required
Density calculation took 0.489094s
Tau required
Density calculation took 0.489646s
Tau required
Density calculation took 0.489739s
Tau required
Density calculation took 0.489287s
Tau required
Density calculation took 0.489898s
Tau required
Density calculation took 0.489360s
Tau required
Density calculation took 0.489777s
Tau required
Density calculation took 0.489343s
Tau required
Density calculation took 0.489639s
Tau required
Density calculation took 0.489543s
Tau required
Density calculation took 0.489972s
Tau required
Density calculation took 0.490016s
Tau required
Density calculation took 0.489875s
Tau required
Density calculation took 0.489894s
Tau required
Total number of grid points: 347193 (5786 per atom)
Density calculation took 0.503284s
Tau required
Density calculation took 0.513561s
Tau required
Density calculation took 0.493901s
Tau required
Density calculation took 0.493939s
Tau required
Density calculation took 0.494365s
Tau required
Density calculation took 0.494025s
Tau required
Density calculation took 0.494387s
Tau required
Density calculation took 0.494157s
Tau required
Density calculation took 0.494546s
Tau required
Density calculation took 0.494556s
Tau required
Density calculation took 0.494114s
Tau required
Density calculation took 0.494303s
Tau required
Density calculation took 0.494056s
Tau required
Density calculation took 0.494584s
Tau required
Density calculation took 0.494571s
Tau required
Density calculation took 0.494630s
Tau required
Density calculation took 0.494021s
Tau required
Total number of grid points: 346233 (5770 per atom)
Density calculation took 0.507007s
Tau required
Density calculation took 0.512603s
Tau required
Density calculation took 0.492724s
Tau required
Density calculation took 0.492802s
Tau required
Density calculation took 0.493336s
Tau required
Density calculation took 0.493129s
Tau required
Density calculation took 0.493449s
Tau required
Density calculation took 0.493085s
Tau required
Density calculation took 0.493111s
Tau required
Density calculation took 0.492863s
Tau required
Density calculation took 0.493242s
Tau required
Density calculation took 0.492809s
Tau required
Density calculation took 0.493308s
Tau required
Density calculation took 0.493300s
Tau required
Density calculation took 0.493171s
Tau required
Density calculation took 0.493576s
Tau required
Density calculation took 0.493327s
Tau required
Total number of grid points: 346694 (5778 per atom)
Density calculation took 0.506240s
Tau required
Density calculation took 0.511982s
Tau required
Density calculation took 0.492015s
Tau required
Density calculation took 0.492394s
Tau required
Density calculation took 0.492300s
Tau required
Density calculation took 0.492407s
Tau required
Density calculation took 0.492524s
Tau required
Density calculation took 0.492459s
Tau required
Density calculation took 0.492412s
Tau required
Density calculation took 0.492433s
Tau required
Density calculation took 0.492747s
Tau required
Density calculation took 0.492469s
Tau required
Density calculation took 0.492742s
Tau required
Density calculation took 0.492718s
Tau required
Density calculation took 0.492711s
Tau required
Density calculation took 0.492584s
Tau required
Density calculation took 0.492347s
Tau required
[CRAYBLAS_WARNING] Application linked against multiple cray-libsci libraries
=================
HF Energy: -1536.6692578503741515
=======================================================


Topology 8 time: 22.816418 s, performance: SP: 0 FLOP/s, DP: 33.21 TFLOP/s
JSON file written to: json_logs/lustre_orion_chm213_scratch_ryan_dhdft_inputs_exess_exess_inputs_rSCAN_def2-TZVP_isomers_5620-5639_topology_8.json
************************************************************
**************** Running topology 10 of 20 *****************
************************************************************

************************************************************
****** Beginning RI-MGGA_X_RSCAN+MGGA_C_RSCAN energy *******
************************************************************

=======================================================
       MGGA_X_RSCAN+MGGA_C_RSCAN Energy Results        
=======================================================
E MGGA_X_RSCAN+MGGA_C_RSCAN: -1536.67937797
Nuclear Repulsion Energy: 3926.73335377
Electronic Energy:        -5238.36746285
XC Energy:                -225.045269
Converged:                1
# of SCF iterations:      16
SCF Time:                 22.77s

=======================================================
            Individual Calculation Summary             
=======================================================
HF Energy: -1536.6793779681206615
=======================================================


Topology 9 time: 22.938904 s, performance: SP: 0 FLOP/s, DP: 33.07 TFLOP/s
JSON file written to: json_logs/lustre_orion_chm213_scratch_ryan_dhdft_inputs_exess_exess_inputs_rSCAN_def2-TZVP_isomers_5620-5639_topology_9.json
************************************************************
**************** Running topology 11 of 20 *****************
************************************************************

************************************************************
****** Beginning RI-MGGA_X_RSCAN+MGGA_C_RSCAN energy *******
************************************************************

=======================================================
       MGGA_X_RSCAN+MGGA_C_RSCAN Energy Results        
=======================================================
E MGGA_X_RSCAN+MGGA_C_RSCAN: -1536.66903773
Nuclear Repulsion Energy: 3966.82632765
Electronic Energy:        -5278.44749929
XC Energy:                -225.047866
Converged:                1
# of SCF iterations:      16
SCF Time:                 22.606s

=======================================================
            Individual Calculation Summary             
=======================================================
HF Energy: -1536.6690377267761960
=======================================================


Topology 10 time: 22.777571 s, performance: SP: 0 FLOP/s, DP: 33.26 TFLOP/s
JSON file written to: json_logs/lustre_orion_chm213_scratch_ryan_dhdft_inputs_exess_exess_inputs_rSCAN_def2-TZVP_isomers_5620-5639_topology_10.json
************************************************************
**************** Running topology 12 of 20 *****************
************************************************************

************************************************************
****** Beginning RI-MGGA_X_RSCAN+MGGA_C_RSCAN energy *******
************************************************************

=======================================================
       MGGA_X_RSCAN+MGGA_C_RSCAN Energy Results        
=======================================================
E MGGA_X_RSCAN+MGGA_C_RSCAN: -1536.66222676
Nuclear Repulsion Energy: 4067.74262124
Electronic Energy:        -5379.35393415
XC Energy:                -225.050914
Converged:                1
# of SCF iterations:      16
SCF Time:                 22.704s

=======================================================
            Individual Calculation Summary             
=======================================================
HF Energy: -1536.6622267618042770
=======================================================


Topology 11 time: 22.882339 s, performance: SP: 0 FLOP/s, DP: 33.11 TFLOP/s
JSON file written to: json_logs/lustre_orion_chm213_scratch_ryan_dhdft_inputs_exess_exess_inputs_rSCAN_def2-TZVP_isomers_5620-5639_topology_11.json
************************************************************
**************** Running topology 13 of 20 *****************
************************************************************

************************************************************
****** Beginning RI-MGGA_X_RSCAN+MGGA_C_RSCAN energy *******
************************************************************

=======================================================
       MGGA_X_RSCAN+MGGA_C_RSCAN Energy Results        
=======================================================
E MGGA_X_RSCAN+MGGA_C_RSCAN: -1536.66361743
Nuclear Repulsion Energy: 4027.42045077
Electronic Energy:        -5339.03195187
XC Energy:                -225.052116
Converged:                1
# of SCF iterations:      15
SCF Time:                 21.309s

=======================================================
            Individual Calculation Summary             
=======================================================
HF Energy: -1536.6636174337388638
=======================================================


Topology 12 time: 21.486365 s, performance: SP: 0 FLOP/s, DP: 33.19 TFLOP/s
JSON file written to: json_logs/lustre_orion_chm213_scratch_ryan_dhdft_inputs_exess_exess_inputs_rSCAN_def2-TZVP_isomers_5620-5639_topology_12.json
************************************************************
**************** Running topology 14 of 20 *****************
************************************************************

************************************************************
****** Beginning RI-MGGA_X_RSCAN+MGGA_C_RSCAN energy *******
************************************************************

=======================================================
       MGGA_X_RSCAN+MGGA_C_RSCAN Energy Results        
=======================================================
E MGGA_X_RSCAN+MGGA_C_RSCAN: -1536.67735379
Nuclear Repulsion Energy: 3943.76921058
Electronic Energy:        -5255.39829142
XC Energy:                -225.048273
Converged:                1
# of SCF iterations:      16
SCF Time:                 22.696s

=======================================================
            Individual Calculation Summary             
=======================================================
HF Energy: -1536.6773537919752926
=======================================================


Topology 13 time: 22.867869 s, performance: SP: 0 FLOP/s, DP: 33.18 TFLOP/s
JSON file written to: json_logs/lustre_orion_chm213_scratch_ryan_dhdft_inputs_exess_exess_inputs_rSCAN_def2-TZVP_isomers_5620-5639_topology_13.json
************************************************************
**************** Running topology 15 of 20 *****************
************************************************************

************************************************************
****** Beginning RI-MGGA_X_RSCAN+MGGA_C_RSCAN energy *******
************************************************************

=======================================================
       MGGA_X_RSCAN+MGGA_C_RSCAN Energy Results        
=======================================================
E MGGA_X_RSCAN+MGGA_C_RSCAN: -1536.67586094
Nuclear Repulsion Energy: 3947.98380207
Electronic Energy:        -5259.61296513
XC Energy:                -225.046698
Converged:                1
# of SCF iterations:      16
SCF Time:                 22.65s

=======================================================
            Individual Calculation Summary             
=======================================================
HF Energy: -1536.6758609398586941
=======================================================


Topology 14 time: 22.819867 s, performance: SP: 0 FLOP/s, DP: 33.25 TFLOP/s
JSON file written to: json_logs/lustre_orion_chm213_scratch_ryan_dhdft_inputs_exess_exess_inputs_rSCAN_def2-TZVP_isomers_5620-5639_topology_14.json
************************************************************
**************** Running topology 16 of 20 *****************
************************************************************

************************************************************
****** Beginning RI-MGGA_X_RSCAN+MGGA_C_RSCAN energy *******
************************************************************

=======================================================
       MGGA_X_RSCAN+MGGA_C_RSCAN Energy Results        
=======================================================
E MGGA_X_RSCAN+MGGA_C_RSCAN: -1536.67163811
Nuclear Repulsion Energy: 4065.78478456
Electronic Energy:        -5377.40039147
XC Energy:                -225.056031
Converged:                1
# of SCF iterations:      16
SCF Time:                 22.754s

=======================================================
            Individual Calculation Summary             
=======================================================
HF Energy: -1536.6716381102687592
=======================================================


Topology 15 time: 22.933680 s, performance: SP: 0 FLOP/s, DP: 33.01 TFLOP/s
JSON file written to: json_logs/lustre_orion_chm213_scratch_ryan_dhdft_inputs_exess_exess_inputs_rSCAN_def2-TZVP_isomers_5620-5639_topology_15.json
************************************************************
**************** Running topology 17 of 20 *****************
************************************************************

************************************************************
****** Beginning RI-MGGA_X_RSCAN+MGGA_C_RSCAN energy *******
************************************************************

=======================================================
       MGGA_X_RSCAN+MGGA_C_RSCAN Energy Results        
=======================================================
E MGGA_X_RSCAN+MGGA_C_RSCAN: -1536.66778163
Nuclear Repulsion Energy: 4054.15870133
Electronic Energy:        -5365.77780438
XC Energy:                -225.048679
Converged:                1
# of SCF iterations:      17
SCF Time:                 23.808s

=======================================================
            Individual Calculation Summary             
=======================================================
HF Energy: -1536.6677816312940195
=======================================================


Topology 16 time: 23.988010 s, performance: SP: 0 FLOP/s, DP: 33.43 TFLOP/s
JSON file written to: json_logs/lustre_orion_chm213_scratch_ryan_dhdft_inputs_exess_exess_inputs_rSCAN_def2-TZVP_isomers_5620-5639_topology_16.json
************************************************************
**************** Running topology 18 of 20 *****************
************************************************************

************************************************************
****** Beginning RI-MGGA_X_RSCAN+MGGA_C_RSCAN energy *******
************************************************************

=======================================================
       MGGA_X_RSCAN+MGGA_C_RSCAN Energy Results        
=======================================================
E MGGA_X_RSCAN+MGGA_C_RSCAN: -1536.66644984
Nuclear Repulsion Energy: 4017.12934387
Electronic Energy:        -5328.74344178
XC Energy:                -225.052352
Converged:                1
# of SCF iterations:      17
SCF Time:                 23.838s

=======================================================
            Individual Calculation Summary             
=======================================================
HF Energy: -1536.6664498401119090
=======================================================


Topology 17 time: 24.014781 s, performance: SP: 0 FLOP/s, DP: 33.4 TFLOP/s
JSON file written to: json_logs/lustre_orion_chm213_scratch_ryan_dhdft_inputs_exess_exess_inputs_rSCAN_def2-TZVP_isomers_5620-5639_topology_17.json
************************************************************
**************** Running topology 19 of 20 *****************
************************************************************

************************************************************
****** Beginning RI-MGGA_X_RSCAN+MGGA_C_RSCAN energy *******
************************************************************

=======================================================
       MGGA_X_RSCAN+MGGA_C_RSCAN Energy Results        
=======================================================
E MGGA_X_RSCAN+MGGA_C_RSCAN: -1536.66828879
Nuclear Repulsion Energy: 3976.40902469
Electronic Energy:        -5288.02956335
XC Energy:                -225.047750
Converged:                1
# of SCF iterations:      17
SCF Time:                 23.807s

=======================================================
            Individual Calculation Summary             
=======================================================
HF Energy: -1536.6682887895144631
=======================================================


Topology 18 time: 23.979628 s, performance: SP: 0 FLOP/s, DP: 33.44 TFLOP/s
JSON file written to: json_logs/lustre_orion_chm213_scratch_ryan_dhdft_inputs_exess_exess_inputs_rSCAN_def2-TZVP_isomers_5620-5639_topology_18.json
************************************************************
**************** Running topology 20 of 20 *****************
************************************************************

************************************************************
****** Beginning RI-MGGA_X_RSCAN+MGGA_C_RSCAN energy *******
************************************************************

=======================================================
       MGGA_X_RSCAN+MGGA_C_RSCAN Energy Results        
=======================================================
E MGGA_X_RSCAN+MGGA_C_RSCAN: -1536.67503521
Nuclear Repulsion Energy: 3938.25593556
Electronic Energy:        -5249.88800341
XC Energy:                -225.042967
Converged:                1
# of SCF iterations:      17
SCF Time:                 23.869s

=======================================================
            Individual Calculation Summary             
=======================================================
HF Energy: -1536.6750352107073923
=======================================================


Topology 19 time: 24.037776 s, performance: SP: 0 FLOP/s, DP: 33.4 TFLOP/s
JSON file written to: json_logs/lustre_orion_chm213_scratch_ryan_dhdft_inputs_exess_exess_inputs_rSCAN_def2-TZVP_isomers_5620-5639_topology_19.json
Total flops: SP: 0 FLOPS, DP: 15.201309 PFLOPS
Performance: SP: 0 FLOP/s, DP: 32.52 TFLOP/s

Now, a word from our sponsors... 
 Getting tasered is an inherently introspective experience

[31mTotal processing time 467.679528 seconds[0m
[CRAYBLAS_WARNING] Application linked against multiple cray-libsci libraries
irs
3C integrals and B formation took 1.695476s
Iteration |      Energy      |  DIIS Metric   | Fock Time (s) | DIIS Time (s)
----------+------------------+----------------+---------------+--------------
Density calculation took 0.494481s
Tau required
    1     | -1546.7724547200 |   9.6842e+02   |    1.3403     |    0.2256
Density calculation took 0.502240s
Tau required
    2     | -1536.0011083275 |   2.4189e+00   |    1.0980     |    0.1949
Density calculation took 0.481615s
Tau required
    3     | -1535.9145031566 |   2.8730e+00   |    1.0793     |    0.2013
Density calculation took 0.482667s
Tau required
    4     | -1536.6592457413 |   6.7046e-02   |    1.0768     |    0.1951
Density calculation took 0.482284s
Tau required
    5     | -1536.6716171843 |   2.1420e-02   |    1.0782     |    0.2037
Density calculation took 0.483088s
Tau required
    6     | -1536.6768547014 |   1.6314e-03   |    1.0770     |    0.1962
Density calculation took 0.482426s
Tau required
    7     | -1536.6771982290 |   4.8775e-04   |    1.0794     |    0.2040
Density calculation took 0.483052s
Tau required
    8     | -1536.6773336267 |   6.9485e-05   |    1.0767     |    0.1971
Density calculation took 0.482888s
Tau required
    9     | -1536.6773509930 |   9.6919e-06   |    1.0763     |    0.1996
Density calculation took 0.483453s
Tau required
   10     | -1536.6773530035 |   2.5940e-06   |    1.0760     |    0.1973
Density calculation took 0.482967s
Tau required
   11     | -1536.6773537014 |   2.7890e-07   |    1.0761     |    0.1969
Density calculation took 0.483948s
Tau required
   12     | -1536.6773537791 |   4.0211e-08   |    1.0758     |    0.1985
Density calculation took 0.482844s
Tau required
   13     | -1536.6773537886 |   1.2233e-08   |    1.0752     |    0.1996
Density calculation took 0.484023s
Tau required
   14     | -1536.6773537917 |   1.0216e-09   |    1.0755     |    0.1987
Density calculation took 0.482842s
Tau required
   15     | -1536.6773537920 |   1.3322e-10   |    1.0744     |    0.1976
Density calculation took 0.483364s
Tau required
   16     | -1536.6773537920 |   9.5525e-11   |    1.0757     |    0.1975
Created 634143 / 2433600 significant shell pairs
Created 489935 / 1849600 significant shell pairs
Total number of grid points: 346283 (5771 per atom)
One electron integrals and orthogonalizer took 0.042969s
Created 489935 / 1849600 significant shell pairs
3C integrals and B formation took 1.687598s
Iteration |      Energy      |  DIIS Metric   | Fock Time (s) | DIIS Time (s)
----------+------------------+----------------+---------------+--------------
Density calculation took 0.493167s
Tau required
    1     | -1546.7699326309 |   9.6808e+02   |    1.3277     |    0.2247
Density calculation took 0.498728s
Tau required
    2     | -1536.0003075051 |   2.4162e+00   |    1.0936     |    0.1943
Density calculation took 0.478660s
Tau required
    3     | -1535.9137519678 |   2.8694e+00   |    1.0752     |    0.2015
Density calculation took 0.478954s
Tau required
    4     | -1536.6573340240 |   6.8167e-02   |    1.0751     |    0.1957
Density calculation took 0.479051s
Tau required
    5     | -1536.6697357968 |   2.2217e-02   |    1.0733     |    0.2034
Density calculation took 0.478850s
Tau required
    6     | -1536.6751951624 |   2.1121e-03   |    1.0739     |    0.1966
Density calculation took 0.478975s
Tau required
    7     | -1536.6756448327 |   6.4983e-04   |    1.0732     |    0.2044
Density calculation took 0.478893s
Tau required
    8     | -1536.6758021277 |   1.8301e-04   |    1.0759     |    0.1985
Density calculation took 0.478700s
Tau required
    9     | -1536.6758567207 |   1.3265e-05   |    1.0749     |    0.1978
Density calculation took 0.478865s
Tau required
   10     | -1536.6758599373 |   3.4117e-06   |    1.0741     |    0.1977
Density calculation took 0.478813s
Tau required
   11     | -1536.6758608627 |   2.5683e-07   |    1.0751     |    0.1983
Density calculation took 0.479102s
Tau required
   12     | -1536.6758609288 |   3.6350e-08   |    1.0729     |    0.1982
Density calculation took 0.478748s
Tau required
   13     | -1536.6758609360 |   1.3589e-08   |    1.0737     |    0.1980
Density calculation took 0.478828s
Tau required
   14     | -1536.6758609396 |   9.3936e-10   |    1.0757     |    0.1973
Density calculation took 0.478922s
Tau required
   15     | -1536.6758609398 |   1.6725e-10   |    1.0748     |    0.1982
Density calculation took 0.478878s
Tau required
   16     | -1536.6758609399 |   9.3148e-11   |    1.0738     |    0.2026
Created 671854 / 2433600 significant shell pairs
Created 519693 / 1849600 significant shell pairs
Total number of grid points: 345768 (5762 per atom)
One electron integrals and orthogonalizer took 0.043448s
Created 519693 / 1849600 significant shell pairs
3C integrals and B formation took 1.716033s
Iteration |      Energy      |  DIIS Metric   | Fock Time (s) | DIIS Time (s)
----------+------------------+----------------+---------------+--------------
Density calculation took 0.482410s
Tau required
    1     | -1546.7843380623 |   9.7315e+02   |    1.3358     |    0.2267
Density calculation took 0.494946s
Tau required
    2     | -1535.9925568629 |   2.4331e+00   |    1.0977     |    0.1978
Density calculation took 0.472988s
Tau required
    3     | -1535.8863210535 |   2.9657e+00   |    1.0785     |    0.2038
Density calculation took 0.473506s
Tau required
    4     | -1536.6481842913 |   8.2564e-02   |    1.0756     |    0.1971
Density calculation took 0.473217s
Tau required
    5     | -1536.6605515117 |   3.8006e-02   |    1.0798     |    0.2035
Density calculation took 0.473431s
Tau required
    6     | -1536.6705660550 |   3.6688e-03   |    1.0767     |    0.1969
Density calculation took 0.473195s
Tau required
    7     | -1536.6714384628 |   6.7171e-04   |    1.0794     |    0.2059
Density calculation took 0.472932s
Tau required
    8     | -1536.6715911744 |   1.6291e-04   |    1.0760     |    0.1983
Density calculation took 0.473753s
Tau required
    9     | -1536.6716345948 |   1.1578e-05   |    1.0791     |    0.1985
Density calculation took 0.473472s
Tau required
   10     | -1536.6716373507 |   2.6705e-06   |    1.0758     |    0.1984
Density calculation took 0.473529s
Tau required
   11     | -1536.6716380626 |   1.6518e-07   |    1.0789     |    0.1996
Density calculation took 0.473437s
Tau required
   12     | -1536.6716380999 |   3.5455e-08   |    1.0755     |    0.1983
Density calculation took 0.473656s
Tau required
   13     | -1536.6716381080 |   7.8192e-09   |    1.0782     |    0.1989
Density calculation took 0.473856s
Tau required
   14     | -1536.6716381101 |   7.7860e-10   |    1.0759     |    0.1992
Density calculation took 0.473670s
Tau required
   15     | -1536.6716381102 |   1.8347e-10   |    1.0786     |    0.1984
Density calculation took 0.473536s
Tau required
   16     | -1536.6716381103 |   5.8320e-11   |    1.0765     |    0.1993
Created 667915 / 2433600 significant shell pairs
Created 516708 / 1849600 significant shell pairs
Total number of grid points: 346956 (5782 per atom)
One electron integrals and orthogonalizer took 0.043366s
Created 516708 / 1849600 significant shell pairs
3C integrals and B formation took 1.710387s
Iteration |      Energy      |  DIIS Metric   | Fock Time (s) | DIIS Time (s)
----------+------------------+----------------+---------------+--------------
Density calculation took 0.497237s
Tau required
    1     | -1546.7748458712 |   9.7158e+02   |    1.3203     |    0.2270
Density calculation took 0.501278s
Tau required
    2     | -1535.9920635229 |   2.4139e+00   |    1.0864     |    0.1934
Density calculation took 0.482069s
Tau required
    3     | -1535.8883616246 |   2.9195e+00   |    1.0648     |    0.2006
Density calculation took 0.482465s
Tau required
    4     | -1536.6321668366 |   1.2188e-01   |    1.0640     |    0.1947
Density calculation took 0.482138s
Tau required
    5     | -1536.6500828451 |   5.8882e-02   |    1.0646     |    0.2098
Density calculation took 0.482322s
Tau required
    6     | -1536.6660133066 |   6.0267e-03   |    1.0650     |    0.1967
Density calculation took 0.482141s
Tau required
    7     | -1536.6675251490 |   8.4782e-04   |    1.0637     |    0.2094
Density calculation took 0.482192s
Tau required
    8     | -1536.6676879649 |   3.0172e-04   |    1.0651     |    0.1977
Density calculation took 0.482230s
Tau required
    9     | -1536.6677734630 |   2.3903e-05   |    1.0651     |    0.1989
Density calculation took 0.482137s
Tau required
   10     | -1536.6677801950 |   4.6167e-06   |    1.0664     |    0.1988
Density calculation took 0.482697s
Tau required
   11     | -1536.6677814137 |   7.0009e-07   |    1.0652     |    0.1987
Density calculation took 0.482658s
Tau required
   12     | -1536.6677816112 |   6.3756e-08   |    1.0665     |    0.1984
Density calculation took 0.482293s
Tau required
   13     | -1536.6677816217 |   3.2030e-08   |    1.0652     |    0.1981
Density calculation took 0.482114s
Tau required
   14     | -1536.6677816309 |   1.4018e-09   |    1.0657     |    0.1978
Density calculation took 0.482421s
Tau required
   15     | -1536.6677816312 |   5.1379e-10   |    1.0660     |    0.1972
Density calculation took 0.482345s
Tau required
   16     | -1536.6677816313 |   1.5337e-10   |    1.0656     |    0.1977
Density calculation took 0.482403s
Tau required
   17     | -1536.6677816313 |   1.3836e-11   |    1.0660     |    0.1978
Created 655538 / 2433600 significant shell pairs
Created 506678 / 1849600 significant shell pairs
Total number of grid points: 346311 (5771 per atom)
One electron integrals and orthogonalizer took 0.043879s
Created 506678 / 1849600 significant shell pairs
3C integrals and B formation took 1.703873s
Iteration |      Energy      |  DIIS Metric   | Fock Time (s) | DIIS Time (s)
----------+------------------+----------------+---------------+--------------
Density calculation took 0.497323s
Tau required
    1     | -1546.7799430652 |   9.7194e+02   |    1.3177     |    0.2254
Density calculation took 0.502936s
Tau required
    2     | -1535.9919189204 |   2.4115e+00   |    1.0876     |    0.1950
Density calculation took 0.482801s
Tau required
    3     | -1535.8965989753 |   2.9076e+00   |    1.0672     |    0.2030
Density calculation took 0.483018s
Tau required
    4     | -1536.6452659268 |   7.8495e-02   |    1.0682     |    0.1954
Density calculation took 0.483346s
Tau required
    5     | -1536.6583746089 |   2.8545e-02   |    1.0675     |    0.2039
Density calculation took 0.482887s
Tau required
    6     | -1536.6657569587 |   2.2191e-03   |    1.0683     |    0.1971
Density calculation took 0.483234s
Tau required
    7     | -1536.6662469527 |   6.3021e-04   |    1.0692     |    0.2053
Density calculation took 0.483498s
Tau required
    8     | -1536.6663937666 |   1.7753e-04   |    1.0683     |    0.1983
Density calculation took 0.483313s
Tau required
    9     | -1536.6664463403 |   1.2026e-05   |    1.0675     |    0.1980
Density calculation took 0.483156s
Tau required
   10     | -1536.6664488571 |   3.5001e-06   |    1.0687     |    0.1980
Density calculation took 0.483460s
Tau required
   11     | -1536.6664497447 |   3.3399e-07   |    1.0681     |    0.1990
Density calculation took 0.483550s
Tau required
   12     | -1536.6664498275 |   4.2835e-08   |    1.0688     |    0.1983
Density calculation took 0.483810s
Tau required
   13     | -1536.6664498329 |   2.4008e-08   |    1.0687     |    0.1983
Density calculation took 0.483911s
Tau required
   14     | -1536.6664498397 |   1.4886e-09   |    1.0689     |    0.1980
Density calculation took 0.483267s
Tau required
   15     | -1536.6664498401 |   1.8393e-10   |    1.0681     |    0.1989
Density calculation took 0.483605s
Tau required
   16     | -1536.6664498401 |   1.2746e-10   |    1.0688     |    0.1987
Density calculation took 0.483456s
Tau required
   17     | -1536.6664498401 |   2.7403e-11   |    1.0682     |    0.1993
Created 642197 / 2433600 significant shell pairs
Created 496464 / 1849600 significant shell pairs
Total number of grid points: 345609 (5760 per atom)
One electron integrals and orthogonalizer took 0.043436s
Created 496464 / 1849600 significant shell pairs
3C integrals and B formation took 1.697034s
Iteration |      Energy      |  DIIS Metric   | Fock Time (s) | DIIS Time (s)
----------+------------------+----------------+---------------+--------------
Density calculation took 0.494595s
Tau required
    1     | -1546.7726484707 |   9.7046e+02   |    1.3274     |    0.2255
Density calculation took 0.501302s
Tau required
    2     | -1535.9951504205 |   2.3980e+00   |    1.0844     |    0.1961
Density calculation took 0.481335s
Tau required
    3     | -1535.9049367656 |   2.8536e+00   |    1.0648     |    0.2025
Density calculation took 0.481601s
Tau required
    4     | -1536.6414414223 |   9.7020e-02   |    1.0664     |    0.1965
Density calculation took 0.481270s
Tau required
    5     | -1536.6595609624 |   3.1055e-02   |    1.0669     |    0.2040
Density calculation took 0.481015s
Tau required
    6     | -1536.6675510813 |   2.4831e-03   |    1.0642     |    0.1971
Density calculation took 0.481405s
Tau required
    7     | -1536.6681480325 |   4.5362e-04   |    1.0666     |    0.2047
Density calculation took 0.481219s
Tau required
    8     | -1536.6682524090 |   1.2285e-04   |    1.0699     |    0.1977
Density calculation took 0.481611s
Tau required
    9     | -1536.6682862875 |   8.5693e-06   |    1.0658     |    0.1985
Density calculation took 0.481256s
Tau required
   10     | -1536.6682879632 |   2.7432e-06   |    1.0650     |    0.1976
Density calculation took 0.481486s
Tau required
   11     | -1536.6682887103 |   2.5937e-07   |    1.0659     |    0.1987
Density calculation took 0.481637s
Tau required
   12     | -1536.6682887775 |   3.8444e-08   |    1.0674     |    0.1977
Density calculation took 0.481701s
Tau required
   13     | -1536.6682887827 |   2.3927e-08   |    1.0664     |    0.1983
Density calculation took 0.481554s
Tau required
   14     | -1536.6682887891 |   1.2218e-09   |    1.0664     |    0.1988
Density calculation took 0.481596s
Tau required
   15     | -1536.6682887895 |   1.6515e-10   |    1.0643     |    0.2002
Density calculation took 0.481256s
Tau required
   16     | -1536.6682887895 |   1.1593e-10   |    1.0651     |    0.1976
Density calculation took 0.481484s
Tau required
   17     | -1536.6682887895 |   1.3988e-11   |    1.0656     |    0.1975
Created 630290 / 2433600 significant shell pairs
Created 487278 / 1849600 significant shell pairs
Total number of grid points: 345993 (5766 per atom)
One electron integrals and orthogonalizer took 0.042905s
Created 487278 / 1849600 significant shell pairs
3C integrals and B formation took 1.695981s
Iteration |      Energy      |  DIIS Metric   | Fock Time (s) | DIIS Time (s)
----------+------------------+----------------+---------------+--------------
Density calculation took 0.498055s
Tau required
    1     | -1546.7659826550 |   9.6756e+02   |    1.3213     |    0.2245
Density calculation took 0.502766s
Tau required
    2     | -1535.9995248180 |   2.4071e+00   |    1.0907     |    0.1952
Density calculation took 0.483637s
Tau required
    3     | -1535.9022398256 |   2.8909e+00   |    1.0699     |    0.2030
Density calculation took 0.483549s
Tau required
    4     | -1536.6452912836 |   1.0942e-01   |    1.0709     |    0.1959
Density calculation took 0.482742s
Tau required
    5     | -1536.6659011485 |   3.2214e-02   |    1.0711     |    0.2038
Density calculation took 0.483934s
Tau required
    6     | -1536.6740347347 |   3.3037e-03   |    1.0708     |    0.1979
Density calculation took 0.483119s
Tau required
    7     | -1536.6749000809 |   4.3880e-04   |    1.0701     |    0.2050
Density calculation took 0.483928s
Tau required
    8     | -1536.6749934663 |   1.4483e-04   |    1.0709     |    0.1986
Density calculation took 0.482283s
Tau required
    9     | -1536.6750328239 |   8.0979e-06   |    1.0714     |    0.1989
Density calculation took 0.483140s
Tau required
   10     | -1536.6750339836 |   4.0192e-06   |    1.0700     |    0.1980
Density calculation took 0.482344s
Tau required
   11     | -1536.6750351012 |   3.4412e-07   |    1.0705     |    0.1976
Density calculation took 0.483155s
Tau required
   12     | -1536.6750351996 |   3.5039e-08   |    1.0718     |    0.1979
Density calculation took 0.482558s
Tau required
   13     | -1536.6750352045 |   2.0233e-08   |    1.0690     |    0.1984
Density calculation took 0.483220s
Tau required
   14     | -1536.6750352104 |   9.2887e-10   |    1.0713     |    0.1977
Density calculation took 0.482457s
Tau required
   15     | -1536.6750352107 |   1.7553e-10   |    1.0701     |    0.1982
Density calculation took 0.483418s
Tau required
   16     | -1536.6750352107 |   1.1635e-10   |    1.0701     |    0.1985
Density calculation took 0.482138s
Tau required
   17     | -1536.6750352107 |   1.8740e-11   |    1.0708     |    0.1989
Please cite the following papers for the methods used in this calculation:
 - J.L. Galvez Vallejo et. al., Toward an extreme-scale electronic structure system, J. Chem. Phys., 2023. DOI: 10.1063/5.0156399

 - R. Stocks, E. Palethorpe, and G.M.J. Barca, Multi-GPU RI-HF Energies and Analytic Gradients ─ Toward High-Throughput Ab Initio Molecular Dynamics, J. Chem. Theory Comput., 2024. DOI: 10.1021/acs.jctc.4c00877
   For:
     * RI-HF energy

 - S. Lehtola, C. Steigemann, M.J.T. Oliveira, and M.A.L. Marques, Recent developments in Libxc: A comprehensive library of functionals for density functional theory, SoftwareX, 2018. DOI: 10.1016/j.softx.2017.11.002
   For:
     * LibXC version 6.2.0

 - D.B. Williams-Young, W.A. de Jong, H.J.J. van Dam, and C. Yang, On the Efficient Evaluation of the Exchange Correlation Potential on Graphics Processing Unit Clusters, Frontiers in Chemistry, 2020. DOI: 10.3389/fchem.2020.581058
   For:
     * ExchCXX GPU implementation of exchange-correlation functionals

 - R. Stocks and G.M.J. Barca, Efficient Algorithms for GPU Accelerated Evaluation of the DFT Exchange-Correlation Functional, J. Chem. Theory Comput., 2025. DOI: 10.1021/acs.jctc.5c01229
   For:
     * GPU accelerated DFT exchange-correlation evaluation

 - A. P. Bartók and J. R. Yates.,  J. Chem. Phys. 150, 161101 (2019) DOI: 10.1063/1.5094646
   For:
     * MGGA_X_RSCAN XC Functional
     * MGGA_C_RSCAN XC Functional

[CRAYBLAS_WARNING] Application linked against multiple cray-libsci libraries
