Total number of grid points: 392875 (5777 per atom)
Density calculation took 0.660730s
Tau required
Density calculation took 0.643302s
Tau required
Density calculation took 0.628848s
Tau required
Density calculation took 0.628664s
Tau required
Density calculation took 0.628807s
Tau required
Density calculation took 0.629306s
Tau required
Density calculation took 0.629783s
Tau required
Density calculation took 0.629353s
Tau required
Density calculation took 0.629671s
Tau required
Density calculation took 0.629540s
Tau required
Density calculation took 0.629952s
Tau required
Density calculation took 0.630123s
Tau required
Density calculation took 0.630396s
Tau required
Density calculation took 0.630680s
Tau required
Density calculation took 0.630759s
Tau required
Density calculation took 0.630449s
Tau required
Density calculation took 0.630606s
Tau required
Total number of grid points: 392868 (5777 per atom)
Density calculation took 0.657872s
Tau required
Density calculation took 0.646092s
Tau required
Density calculation took 0.624975s
Tau required
Density calculation took 0.625469s
Tau required
Density calculation took 0.625013s
Tau required
Density calculation took 0.625059s
Tau required
Density calculation took 0.624812s
Tau required
Density calculation took 0.625202s
Tau required
Density calculation took 0.625844s
Tau required
Density calculation took 0.625384s
Tau required
Density calculation took 0.625820s
Tau required
Density calculation took 0.625630s
Tau required
Density calculation took 0.625459s
Tau required
Density calculation took 0.625816s
Tau required
Density calculation took 0.625976s
Tau required
Density calculation took 0.625778s
Tau required
Density calculation took 0.626054s
Tau required
Total number of grid points: 393165 (5781 per atom)
Density calculation took 0.665642s
Tau required
Density calculation took 0.652434s
Tau required
Density calculation took 0.632742s
Tau required
Density calculation took 0.631281s
Tau required
Density calculation took 0.632734s
Tau required
Density calculation took 0.631197s
Tau required
Density calculation took 0.632743s
Tau required
Density calculation took 0.631364s
Tau required
Density calculation took 0.633329s
Tau required
Density calculation took 0.631676s
Tau required
Density calculation took 0.633394s
Tau required
Density calculation took 0.631802s
Tau required
Density calculation took 0.633148s
Tau required
Density calculation took 0.632231s
Tau required
Density calculation took 0.633217s
Tau required
Density calculation took 0.632135s
Tau required
Density calculation took 0.634062s
Tau required
Total number of grid points: 392703 (5775 per atom)
Density calculation took 0.662427s
Tau required
Density calculation took 0.650684s
Tau required
Density calculation took 0.626837s
Tau required
Density calculation took 0.626986s
Tau required
Density calculation took 0.627256s
Tau required
Density calculation took 0.626877s
Tau required
Density calculation took 0.626750s
Tau required
Density calculation took 0.626986s
Tau required
Density calculation took 0.627146s
Tau required
Density calculation took 0.627200s
Tau required
Density calculation took 0.627436s
Tau required
Density calculation took 0.627449s
Tau required
Density calculation took 0.627505s
Tau required
Density calculation took 0.626990s
Tau required
Density calculation took 0.627557s
Tau required
Density calculation took 0.627316s
Tau required
Density calculation took 0.627499s
Tau required
Total number of grid points: 393353 (5784 per atom)
Density calculation took 0.696913s
Tau required
Density calculation took 0.647456s
Tau required
Density calculation took 0.624156s
Tau required
Density calculation took 0.624748s
Tau required
Density calculation took 0.624777s
Tau required
Density calculation took 0.624494s
Tau required
Density calculation took 0.624765s
Tau required
Density calculation took 0.624842s
Tau required
Density calculation took 0.625119s
Tau required
Density calculation took 0.625112s
Tau required
Density calculation took 0.624359s
Tau required
Density calculation took 0.624789s
Tau required
Density calculation took 0.624439s
Tau required
Density calculation took 0.624907s
Tau required
Density calculation took 0.624334s
Tau required
Density calculation took 0.624956s
Tau required
Density calculation took 0.624901s
Tau required
Total number of grid points: 392658 (5774 per atom)
Density calculation took 0.667110s
Tau required
Density calculation took 0.658298s
Tau required
Density calculation took 0.627413s
Tau required
Density calculation took 0.627417s
Tau required
Density calculation took 0.627462s
Tau required
Density calculation took 0.627605s
Tau required
Density calculation took 0.627820s
Tau required
Density calculation took 0.627484s
Tau required
Density calculation took 0.627703s
Tau required
Density calculation took 0.627706s
Tau required
Density calculation took 0.627819s
Tau required
Density calculation took 0.627821s
Tau required
Density calculation took 0.628005s
Tau required
Density calculation took 0.627884s
Tau required
Density calculation took 0.627727s
Tau required
Density calculation took 0.627846s
Tau required
Density calculation took 0.627966s
Tau required
Total number of grid points: 392628 (5773 per atom)
Density calculation took 0.662088s
Tau required
Density calculation took 0.646989s
Tau required
Density calculation took 0.626155s
Tau required
Density calculation took 0.626163s
Tau required
Density calculation took 0.627001s
Tau required
Density calculation took 0.626754s
Tau required
Density calculation took 0.625641s
Tau required
Density calculation took 0.626055s
Tau required
Density calculation took 0.626025s
Tau required
Density calculation took 0.625823s
Tau required
Density calculation took 0.626311s
Tau required
Density calculation took 0.626523s
Tau required
Density calculation took 0.626522s
Tau required
Density calculation took 0.626706s
Tau required
Density calculation took 0.626946s
Tau required
Density calculation took 0.626944s
Tau required
Density calculation took 0.626641s
Tau required
Total number of grid points: 392601 (5773 per atom)
Density calculation took 0.695953s
Tau required
Density calculation took 0.645111s
Tau required
Density calculation took 0.623528s
Tau required
Density calculation took 0.624141s
Tau required
Density calculation took 0.624848s
Tau required
Density calculation took 0.624883s
Tau required
Density calculation took 0.624600s
Tau required
Density calculation took 0.624760s
Tau required
Density calculation took 0.624851s
Tau required
Density calculation took 0.624984s
Tau required
Density calculation took 0.624977s
Tau required
Density calculation took 0.625399s
Tau required
Density calculation took 0.624785s
Tau required
Density calculation took 0.625098s
Tau required
Density calculation took 0.625217s
Tau required
Density calculation took 0.625541s
Tau required
Total number of grid points: 392226 (5768 per atom)
Density calculation took 0.672284s
Tau required
Density calculation took 0.652990s
Tau required
Density calculation took 0.631367s
Tau required
Density calculation took 0.630996s
Tau required
Density calculation took 0.631430s
Tau required
Density calculation took 0.631400s
Tau required
Density calculation took 0.632485s
Tau required
Density calculation took 0.631411s
Tau required
Density calculation took 0.632413s
Tau required
Density calculation took 0.631427s
Tau required
Density calculation took 0.631693s
Tau required
Density calculation took 0.632224s
Tau required
Density calculation took 0.631339s
Tau required
Density calculation took 0.631556s
Tau required
Density calculation took 0.632415s
Tau required
Density calculation took 0.632456s
Tau required
Density calculation took 0.632507s
Tau required
Total number of grid points: 393172 (5781 per atom)
Density calculation took 0.660574s
Tau required
Density calculation took 0.645738s
Tau required
Density calculation took 0.625432s
Tau required
Density calculation took 0.625159s
Tau required
Density calculation took 0.626158s
Tau required
Density calculation took 0.625278s
Tau required
Density calculation took 0.626295s
Tau required
Density calculation took 0.625284s
Tau required
Density calculation took 0.625707s
Tau required
Density calculation took 0.625723s
Tau required
Density calculation took 0.625757s
Tau required
Density calculation took 0.625616s
Tau required
Density calculation took 0.626174s
Tau required
Density calculation took 0.625555s
Tau required
Density calculation took 0.626481s
Tau required
Density calculation took 0.625353s
Tau required
Density calculation took 0.626439s
Tau required
Total number of grid points: 392356 (5769 per atom)
Density calculation took 0.701726s
Tau required
Density calculation took 0.652478s
Tau required
Density calculation took 0.630912s
Tau required
Density calculation took 0.630862s
Tau required
Density calculation took 0.630650s
Tau required
Density calculation took 0.630945s
Tau required
Density calculation took 0.630854s
Tau required
Density calculation took 0.630756s
Tau required
Density calculation took 0.630793s
Tau required
Density calculation took 0.630794s
Tau required
Density calculation took 0.631005s
Tau required
Density calculation took 0.631092s
Tau required
Density calculation took 0.630835s
Tau required
Density calculation took 0.630933s
Tau required
Density calculation took 0.631152s
Tau required
Density calculation took 0.630611s
Tau required
Density calculation took 0.630885s
Tau required
Total number of grid points: 392018 (5764 per atom)
Density calculation took 0.695206s
Tau required
Density calculation took 0.648958s
Tau required
Density calculation took 0.625404s
Tau required
Density calculation took 0.625904s
Tau required
Density calculation took 0.625950s
Tau required
Density calculation took 0.625904s
Tau required
Density calculation took 0.625935s
Tau required
Density calculation took 0.625843s
Tau required
Density calculation took 0.625917s
Tau required
Density calculation took 0.625888s
Tau required
Density calculation took 0.625626s
Tau required
Density calculation took 0.625809s
Tau required
Density calculation took 0.625988s
Tau required
Density calculation took 0.626071s
Tau required
Density calculation took 0.625873s
Tau required
Density calculation took 0.626078s
Tau required
Total number of grid points: 392764 (5775 per atom)
Density calculation took 0.668856s
Tau required
Density calculation took 0.645832s
Tau required
Density calculation took 0.624542s
Tau required
Density calculation took 0.625435s
Tau required
Density calculation took 0.625152s
Tau required
Density calculation took 0.625700s
Tau required
Density calculation took 0.625203s
Tau required
Density calculation took 0.625273s
Tau required
Density calculation took 0.624940s
Tau required
Density calculation took 0.624848s
Tau required
Density calculation took 0.624836s
Tau required
Density calculation took 0.625741s
Tau required
Density calculation took 0.625326s
Tau required
Density calculation took 0.625883s
Tau required
Density calculation took 0.625271s
Tau required
Density calculation took 0.625567s
Tau required
Density calculation took 0.625514s
Tau required
Total number of grid points: 392593 (5773 per atom)
Density calculation took 0.664920s
Tau required
Density calculation took 0.657420s
Tau required
Density calculation took 0.633831s
Tau required
Density calculation took 0.634241s
Tau required
Density calculation took 0.633968s
Tau required
Density calculation took 0.633106s
Tau required
Density calculation took 0.634293s
Tau required
Density calculation took 0.634037s
Tau required
Density calculation took 0.633848s
Tau required
Density calculation took 0.633910s
Tau required
Density calculation took 0.634248s
Tau required
Density calculation took 0.634049s
Tau required
Density calculation took 0.633672s
Tau required
Density calculation took 0.633938s
Tau required
Density calculation took 0.634335s
Tau required
Density calculation took 0.634415s
Tau required
Density calculation took 0.633853s
Tau required
Total number of grid points: 392493 (5771 per atom)
Density calculation took 0.700660s
Tau required
Density calculation took 0.644775s
Tau required
Density calculation took 0.622709s
Tau required
Density calculation took 0.622630s
Tau required
Density calculation took 0.622504s
Tau required
Density calculation took 0.623095s
Tau required
Density calculation took 0.622997s
Tau required
Density calculation took 0.622851s
Tau required
Density calculation took 0.622217s
Tau required
Density calculation took 0.623146s
Tau required
Density calculation took 0.622882s
Tau required
Density calculation took 0.623011s
Tau required
Density calculation took 0.623173s
Tau required
Density calculation took 0.623050s
Tau required
Density calculation took 0.622489s
Tau required
Density calculation took 0.622635s
Tau required
Total number of grid points: 392327 (5769 per atom)
Density calculation took 0.696078s
Tau required
Density calculation took 0.652388s
Tau required
Density calculation took 0.630297s
Tau required
Density calculation took 0.628562s
Tau required
Density calculation took 0.630703s
Tau required
Density calculation took 0.628182s
Tau required
Density calculation took 0.630997s
Tau required
Density calculation took 0.628808s
Tau required
Density calculation took 0.630948s
Tau required
Density calculation took 0.629585s
Tau required
Density calculation took 0.631216s
Tau required
Density calculation took 0.629547s
Tau required
Density calculation took 0.630443s
Tau required
Density calculation took 0.629502s
Tau required
Density calculation took 0.631192s
Tau required
Density calculation took 0.629365s
Tau required
Density calculation took 0.630573s
Tau required
Total number of grid points: 391875 (5762 per atom)
Density calculation took 0.704165s
Tau required
Density calculation took 0.649787s
Tau required
Density calculation took 0.626529s
Tau required
Density calculation took 0.627351s
Tau required
Density calculation took 0.628118s
Tau required
Density calculation took 0.628003s
Tau required
Density calculation took 0.627924s
Tau required
Density calculation took 0.627860s
Tau required
Density calculation took 0.627980s
Tau required
Density calculation took 0.627908s
Tau required
Density calculation took 0.627776s
Tau required
Density calculation took 0.627899s
Tau required
Density calculation took 0.627988s
Tau required
Density calculation took 0.627767s
Tau required
Density calculation took 0.628045s
Tau required
Density calculation took 0.627915s
Tau required
Density calculation took 0.628127s
Tau required
Total number of grid points: 392765 (5775 per atom)
Density calculation took 0.697679s
Tau required
Density calculation took 0.651457s
Tau required
Density calculation took 0.628782s
Tau required
Density calculation took 0.628632s
Tau required
Density calculation took 0.628788s
Tau required
Density calculation took 0.628826s
Tau required
Density calculation took 0.628927s
Tau required
Density calculation took 0.628926s
Tau required
Density calculation took 0.628991s
Tau required
Density calculation took 0.628842s
Tau required
Density calculation took 0.628967s
Tau required
Density calculation took 0.629283s
Tau required
Density calculation took 0.628960s
Tau required
Density calculation took 0.628837s
Tau required
Density calculation took 0.629062s
Tau required
Density calculation took 0.629123s
Tau required
Total number of grid points: 392812 (5776 per atom)
Density calculation took 0.701693s
Tau required
Density calculation took 0.650140s
Tau required
Density calculation took 0.626535s
Tau required
Density calculation took 0.625869s
Tau required
Density calculation took 0.627215s
Tau required
Density calculation took 0.625951s
Tau required
Density calculation took 0.627152s
Tau required
Density calculation took 0.626473s
Tau required
Density calculation took 0.627472s
Tau required
Density calculation took 0.625983s
Tau required
Density calculation took 0.627060s
Tau required
Density calculation took 0.626728s
Tau required
Density calculation took 0.627508s
Tau required
Density calculation took 0.627161s
Tau required
Density calculation took 0.627148s
Tau required
Density calculation took 0.626133s
Tau required
Total number of grid points: 392269 (5768 per atom)
Density calculation took 0.697678s
Tau required
Density calculation took 0.655623s
Tau required
Density calculation took 0.628907s
Tau required
Density calculation took 0.627564s
Tau required
Density calculation took 0.627754s
Tau required
Density calculation took 0.627555s
Tau required
Density calculation took 0.627364s
Tau required
Density calculation took 0.627756s
Tau required
Density calculation took 0.627946s
Tau required
Density calculation took 0.627888s
Tau required
Density calculation took 0.627626s
Tau required
Density calculation took 0.627905s
Tau required
Density calculation took 0.628115s
Tau required
Density calculation took 0.627859s
Tau required
Density calculation took 0.627829s
Tau required
Density calculation took 0.627725s
Tau required
Density calculation took 0.627732s
Tau required
[CRAYBLAS_WARNING] Application linked against multiple cray-libsci libraries
***************************************************

=======================================================
       MGGA_X_RSCAN+MGGA_C_RSCAN Energy Results        
=======================================================
E MGGA_X_RSCAN+MGGA_C_RSCAN: -1691.48931777
Nuclear Repulsion Energy: 4410.86247105
Electronic Energy:        -5854.11512615
XC Energy:                -248.236663
Converged:                1
# of SCF iterations:      17
SCF Time:                 33.37s

=======================================================
            Individual Calculation Summary             
=======================================================
HF Energy: -1691.4893177661833761
=======================================================


Topology 9 time: 33.553957 s, performance: SP: 0 FLOP/s, DP: 33.28 TFLOP/s
JSON file written to: json_logs/lustre_orion_chm213_scratch_ryan_dhdft_inputs_exess_exess_inputs_rSCAN_def2-TZVP_isomers_39300-39319_topology_9.json
************************************************************
**************** Running topology 11 of 20 *****************
************************************************************

************************************************************
****** Beginning RI-MGGA_X_RSCAN+MGGA_C_RSCAN energy *******
************************************************************

=======================================================
       MGGA_X_RSCAN+MGGA_C_RSCAN Energy Results        
=======================================================
E MGGA_X_RSCAN+MGGA_C_RSCAN: -1691.4895249
Nuclear Repulsion Energy: 4530.13951238
Electronic Energy:        -5973.38648245
XC Energy:                -248.242555
Converged:                1
# of SCF iterations:      17
SCF Time:                 33.592s

=======================================================
            Individual Calculation Summary             
=======================================================
HF Energy: -1691.4895248980817541
=======================================================


Topology 10 time: 33.783579 s, performance: SP: 0 FLOP/s, DP: 33 TFLOP/s
JSON file written to: json_logs/lustre_orion_chm213_scratch_ryan_dhdft_inputs_exess_exess_inputs_rSCAN_def2-TZVP_isomers_39300-39319_topology_10.json
************************************************************
**************** Running topology 12 of 20 *****************
************************************************************

************************************************************
****** Beginning RI-MGGA_X_RSCAN+MGGA_C_RSCAN energy *******
************************************************************

=======================================================
       MGGA_X_RSCAN+MGGA_C_RSCAN Energy Results        
=======================================================
E MGGA_X_RSCAN+MGGA_C_RSCAN: -1691.49857739
Nuclear Repulsion Energy: 4467.67252247
Electronic Energy:        -5910.93177508
XC Energy:                -248.239325
Converged:                1
# of SCF iterations:      16
SCF Time:                 31.566s

=======================================================
            Individual Calculation Summary             
=======================================================
HF Energy: -1691.4985773944138145
=======================================================


Topology 11 time: 31.753594 s, performance: SP: 0 FLOP/s, DP: 33.24 TFLOP/s
JSON file written to: json_logs/lustre_orion_chm213_scratch_ryan_dhdft_inputs_exess_exess_inputs_rSCAN_def2-TZVP_isomers_39300-39319_topology_11.json
************************************************************
**************** Running topology 13 of 20 *****************
************************************************************

************************************************************
****** Beginning RI-MGGA_X_RSCAN+MGGA_C_RSCAN energy *******
************************************************************

=======================================================
       MGGA_X_RSCAN+MGGA_C_RSCAN Energy Results        
=======================================================
E MGGA_X_RSCAN+MGGA_C_RSCAN: -1691.49245657
Nuclear Repulsion Energy: 4509.83874843
Electronic Energy:        -5953.0877461
XC Energy:                -248.243459
Converged:                1
# of SCF iterations:      17
SCF Time:                 33.089s

=======================================================
            Individual Calculation Summary             
=======================================================
HF Energy: -1691.4924565659787277
=======================================================


Topology 12 time: 33.279276 s, performance: SP: 0 FLOP/s, DP: 33.55 TFLOP/s
JSON file written to: json_logs/lustre_orion_chm213_scratch_ryan_dhdft_inputs_exess_exess_inputs_rSCAN_def2-TZVP_isomers_39300-39319_topology_12.json
************************************************************
**************** Running topology 14 of 20 *****************
************************************************************

************************************************************
****** Beginning RI-MGGA_X_RSCAN+MGGA_C_RSCAN energy *******
************************************************************

=======================================================
       MGGA_X_RSCAN+MGGA_C_RSCAN Energy Results        
=======================================================
E MGGA_X_RSCAN+MGGA_C_RSCAN: -1691.49234042
Nuclear Repulsion Energy: 4596.70275572
Electronic Energy:        -6039.94892518
XC Energy:                -248.246171
Converged:                1
# of SCF iterations:      17
SCF Time:                 33.681s

=======================================================
            Individual Calculation Summary             
=======================================================
HF Energy: -1691.4923404169151127
=======================================================


Topology 13 time: 33.879233 s, performance: SP: 0 FLOP/s, DP: 32.93 TFLOP/s
JSON file written to: json_logs/lustre_orion_chm213_scratch_ryan_dhdft_inputs_exess_exess_inputs_rSCAN_def2-TZVP_isomers_39300-39319_topology_13.json
************************************************************
**************** Running topology 15 of 20 *****************
************************************************************

************************************************************
****** Beginning RI-MGGA_X_RSCAN+MGGA_C_RSCAN energy *******
************************************************************

=======================================================
       MGGA_X_RSCAN+MGGA_C_RSCAN Energy Results        
=======================================================
E MGGA_X_RSCAN+MGGA_C_RSCAN: -1691.4935807
Nuclear Repulsion Energy: 4358.18524494
Electronic Energy:        -5801.44075549
XC Energy:                -248.238070
Converged:                1
# of SCF iterations:      16
SCF Time:                 31.11s

=======================================================
            Individual Calculation Summary             
=======================================================
HF Energy: -1691.4935807012959685
=======================================================


Topology 14 time: 31.294786 s, performance: SP: 0 FLOP/s, DP: 33.68 TFLOP/s
JSON file written to: json_logs/lustre_orion_chm213_scratch_ryan_dhdft_inputs_exess_exess_inputs_rSCAN_def2-TZVP_isomers_39300-39319_topology_14.json
************************************************************
**************** Running topology 16 of 20 *****************
************************************************************

************************************************************
****** Beginning RI-MGGA_X_RSCAN+MGGA_C_RSCAN energy *******
************************************************************

=======================================================
       MGGA_X_RSCAN+MGGA_C_RSCAN Energy Results        
=======================================================
E MGGA_X_RSCAN+MGGA_C_RSCAN: -1691.50227003
Nuclear Repulsion Energy: 4293.71213422
Electronic Energy:        -5736.98030309
XC Energy:                -248.234101
Converged:                1
# of SCF iterations:      17
SCF Time:                 33.341s

=======================================================
            Individual Calculation Summary             
=======================================================
HF Energy: -1691.5022700326492213
=======================================================


Topology 15 time: 33.519377 s, performance: SP: 0 FLOP/s, DP: 33.32 TFLOP/s
JSON file written to: json_logs/lustre_orion_chm213_scratch_ryan_dhdft_inputs_exess_exess_inputs_rSCAN_def2-TZVP_isomers_39300-39319_topology_15.json
************************************************************
**************** Running topology 17 of 20 *****************
************************************************************

************************************************************
****** Beginning RI-MGGA_X_RSCAN+MGGA_C_RSCAN energy *******
************************************************************

=======================================================
       MGGA_X_RSCAN+MGGA_C_RSCAN Energy Results        
=======================================================
E MGGA_X_RSCAN+MGGA_C_RSCAN: -1691.50316488
Nuclear Repulsion Energy: 4298.85535968
Electronic Energy:        -5742.11984785
XC Energy:                -248.238677
Converged:                1
# of SCF iterations:      17
SCF Time:                 33.295s

=======================================================
            Individual Calculation Summary             
=======================================================
HF Energy: -1691.5031648843639687
=======================================================


Topology 16 time: 33.474606 s, performance: SP: 0 FLOP/s, DP: 33.36 TFLOP/s
JSON file written to: json_logs/lustre_orion_chm213_scratch_ryan_dhdft_inputs_exess_exess_inputs_rSCAN_def2-TZVP_isomers_39300-39319_topology_16.json
************************************************************
**************** Running topology 18 of 20 *****************
************************************************************

************************************************************
****** Beginning RI-MGGA_X_RSCAN+MGGA_C_RSCAN energy *******
************************************************************

=======================================================
       MGGA_X_RSCAN+MGGA_C_RSCAN Energy Results        
=======================================================
E MGGA_X_RSCAN+MGGA_C_RSCAN: -1691.50407653
Nuclear Repulsion Energy: 4375.88503973
Electronic Energy:        -5819.14194771
XC Energy:                -248.247169
Converged:                1
# of SCF iterations:      16
SCF Time:                 31.442s

=======================================================
            Individual Calculation Summary             
=======================================================
HF Energy: -1691.5040765292967535
=======================================================


Topology 17 time: 31.625327 s, performance: SP: 0 FLOP/s, DP: 33.36 TFLOP/s
JSON file written to: json_logs/lustre_orion_chm213_scratch_ryan_dhdft_inputs_exess_exess_inputs_rSCAN_def2-TZVP_isomers_39300-39319_topology_17.json
************************************************************
**************** Running topology 19 of 20 *****************
************************************************************

************************************************************
****** Beginning RI-MGGA_X_RSCAN+MGGA_C_RSCAN energy *******
************************************************************

=======================================================
       MGGA_X_RSCAN+MGGA_C_RSCAN Energy Results        
=======================================================
E MGGA_X_RSCAN+MGGA_C_RSCAN: -1691.49539877
Nuclear Repulsion Energy: 4485.21131607
Electronic Energy:        -5928.46472673
XC Energy:                -248.241988
Converged:                1
# of SCF iterations:      16
SCF Time:                 31.515s

=======================================================
            Individual Calculation Summary             
=======================================================
HF Energy: -1691.4953987667136062
=======================================================


Topology 18 time: 31.705725 s, performance: SP: 0 FLOP/s, DP: 33.25 TFLOP/s
JSON file written to: json_logs/lustre_orion_chm213_scratch_ryan_dhdft_inputs_exess_exess_inputs_rSCAN_def2-TZVP_isomers_39300-39319_topology_18.json
************************************************************
**************** Running topology 20 of 20 *****************
************************************************************

************************************************************
****** Beginning RI-MGGA_X_RSCAN+MGGA_C_RSCAN energy *******
************************************************************

=======================================================
       MGGA_X_RSCAN+MGGA_C_RSCAN Energy Results        
=======================================================
E MGGA_X_RSCAN+MGGA_C_RSCAN: -1691.50497039
Nuclear Repulsion Energy: 4429.0463819
Electronic Energy:        -5872.30487247
XC Energy:                -248.246480
Converged:                1
# of SCF iterations:      17
SCF Time:                 33.439s

=======================================================
            Individual Calculation Summary             
=======================================================
HF Energy: -1691.5049703906245213
=======================================================


Topology 19 time: 33.625988 s, performance: SP: 0 FLOP/s, DP: 33.22 TFLOP/s
JSON file written to: json_logs/lustre_orion_chm213_scratch_ryan_dhdft_inputs_exess_exess_inputs_rSCAN_def2-TZVP_isomers_39300-39319_topology_19.json
Total flops: SP: 0 FLOPS, DP: 22.023122 PFLOPS
Performance: SP: 0 FLOP/s, DP: 32.77 TFLOP/s

Now, a word from our sponsors... 
 We got Swifted!

[31mTotal processing time 672.365109 seconds[0m
[CRAYBLAS_WARNING] Application linked against multiple cray-libsci libraries
calculation took 0.626034s
Tau required
    6     | -1691.4906829032 |   6.0563e-03   |    1.5211     |    0.2610
Density calculation took 0.626007s
Tau required
    7     | -1691.4922926665 |   5.4831e-04   |    1.5195     |    0.2724
Density calculation took 0.625687s
Tau required
    8     | -1691.4923714397 |   2.7460e-04   |    1.5210     |    0.2646
Density calculation took 0.625979s
Tau required
    9     | -1691.4924492466 |   2.2772e-05   |    1.5195     |    0.2638
Density calculation took 0.625629s
Tau required
   10     | -1691.4924551888 |   4.6291e-06   |    1.5218     |    0.2638
Density calculation took 0.626176s
Tau required
   11     | -1691.4924563972 |   5.5007e-07   |    1.5201     |    0.2634
Density calculation took 0.625701s
Tau required
   12     | -1691.4924565485 |   5.7419e-08   |    1.5215     |    0.2649
Density calculation took 0.626141s
Tau required
   13     | -1691.4924565585 |   2.5840e-08   |    1.5184     |    0.2643
Density calculation took 0.625676s
Tau required
   14     | -1691.4924565655 |   1.5491e-09   |    1.5221     |    0.2639
Density calculation took 0.626231s
Tau required
   15     | -1691.4924565659 |   3.0810e-10   |    1.5197     |    0.2638
Density calculation took 0.625830s
Tau required
   16     | -1691.4924565659 |   1.6809e-10   |    1.5216     |    0.2639
Density calculation took 0.626122s
Tau required
   17     | -1691.4924565660 |   3.7038e-11   |    1.5202     |    0.2643
Created 718197 / 2985984 significant shell pairs
Created 558847 / 2274064 significant shell pairs
Total number of grid points: 392795 (5776 per atom)
One electron integrals and orthogonalizer took 0.052483s
Created 558847 / 2274064 significant shell pairs
3C integrals and B formation took 2.163509s
Iteration |      Energy      |  DIIS Metric   | Fock Time (s) | DIIS Time (s)
----------+------------------+----------------+---------------+--------------
Density calculation took 0.655172s
Tau required
    1     | -1702.3545660243 |   1.0520e+03   |    1.7360     |    0.2956
Density calculation took 0.655456s
Tau required
    2     | -1690.7083227316 |   2.8058e+00   |    1.5812     |    0.2587
Density calculation took 0.631480s
Tau required
    3     | -1690.5436424324 |   3.5707e+00   |    1.5523     |    0.2705
Density calculation took 0.633741s
Tau required
    4     | -1691.4441066692 |   1.6593e-01   |    1.5526     |    0.2632
Density calculation took 0.631751s
Tau required
    5     | -1691.4705389351 |   7.0425e-02   |    1.5557     |    0.2704
Density calculation took 0.632135s
Tau required
    6     | -1691.4903892765 |   6.7293e-03   |    1.5504     |    0.2633
Density calculation took 0.631838s
Tau required
    7     | -1691.4921169900 |   7.2979e-04   |    1.5518     |    0.2723
Density calculation took 0.632126s
Tau required
    8     | -1691.4922421302 |   3.4011e-04   |    1.5532     |    0.2662
Density calculation took 0.633876s
Tau required
    9     | -1691.4923318925 |   2.9110e-05   |    1.5549     |    0.2652
Density calculation took 0.633860s
Tau required
   10     | -1691.4923389568 |   4.9590e-06   |    1.5535     |    0.2644
Density calculation took 0.634236s
Tau required
   11     | -1691.4923402042 |   7.2696e-07   |    1.5521     |    0.2639
Density calculation took 0.633994s
Tau required
   12     | -1691.4923404057 |   3.8874e-08   |    1.5528     |    0.2641
Density calculation took 0.633932s
Tau required
   13     | -1691.4923404095 |   2.5431e-08   |    1.5527     |    0.2642
Density calculation took 0.634012s
Tau required
   14     | -1691.4923404164 |   1.8448e-09   |    1.5512     |    0.2652
Density calculation took 0.633878s
Tau required
   15     | -1691.4923404168 |   3.4439e-10   |    1.5545     |    0.2628
Density calculation took 0.634090s
Tau required
   16     | -1691.4923404169 |   1.4760e-10   |    1.5535     |    0.2626
Density calculation took 0.633516s
Tau required
   17     | -1691.4923404169 |   1.1196e-11   |    1.5523     |    0.2659
Created 653392 / 2985984 significant shell pairs
Created 506377 / 2274064 significant shell pairs
Total number of grid points: 392161 (5767 per atom)
One electron integrals and orthogonalizer took 0.046841s
Created 506377 / 2274064 significant shell pairs
3C integrals and B formation took 2.029507s
Iteration |      Energy      |  DIIS Metric   | Fock Time (s) | DIIS Time (s)
----------+------------------+----------------+---------------+--------------
Density calculation took 0.655160s
Tau required
    1     | -1702.3367781231 |   1.0474e+03   |    1.7459     |    0.2962
Density calculation took 0.649813s
Tau required
    2     | -1690.7128421303 |   2.7863e+00   |    1.5521     |    0.2595
Density calculation took 0.628708s
Tau required
    3     | -1690.5880984015 |   3.3858e+00   |    1.5146     |    0.2702
Density calculation took 0.629242s
Tau required
    4     | -1691.4675849926 |   9.4419e-02   |    1.5121     |    0.2604
Density calculation took 0.629270s
Tau required
    5     | -1691.4850904436 |   3.0326e-02   |    1.5104     |    0.2702
Density calculation took 0.628794s
Tau required
    6     | -1691.4927064170 |   2.9685e-03   |    1.5123     |    0.2617
Density calculation took 0.629185s
Tau required
    7     | -1691.4934278323 |   4.7392e-04   |    1.5132     |    0.2732
Density calculation took 0.628947s
Tau required
    8     | -1691.4935224545 |   1.9463e-04   |    1.5132     |    0.2643
Density calculation took 0.628882s
Tau required
    9     | -1691.4935772871 |   1.1340e-05   |    1.5128     |    0.2632
Density calculation took 0.629471s
Tau required
   10     | -1691.4935791921 |   4.9213e-06   |    1.5129     |    0.2630
Density calculation took 0.628951s
Tau required
   11     | -1691.4935806232 |   2.6923e-07   |    1.5145     |    0.2647
Density calculation took 0.629365s
Tau required
   12     | -1691.4935806906 |   3.6271e-08   |    1.5163     |    0.2629
Density calculation took 0.629052s
Tau required
   13     | -1691.4935806943 |   2.4657e-08   |    1.5106     |    0.2644
Density calculation took 0.629592s
Tau required
   14     | -1691.4935807010 |   1.2184e-09   |    1.5138     |    0.2632
Density calculation took 0.629221s
Tau required
   15     | -1691.4935807013 |   1.7098e-10   |    1.5115     |    0.2635
Density calculation took 0.629682s
Tau required
   16     | -1691.4935807013 |   9.1778e-11   |    1.5138     |    0.2661
Created 635926 / 2985984 significant shell pairs
Created 492679 / 2274064 significant shell pairs
Total number of grid points: 392682 (5774 per atom)
One electron integrals and orthogonalizer took 0.047366s
Created 492679 / 2274064 significant shell pairs
3C integrals and B formation took 2.021597s
Iteration |      Energy      |  DIIS Metric   | Fock Time (s) | DIIS Time (s)
----------+------------------+----------------+---------------+--------------
Density calculation took 0.660194s
Tau required
    1     | -1702.3322608564 |   1.0450e+03   |    1.7799     |    0.2987
Density calculation took 0.649248s
Tau required
    2     | -1690.7197249169 |   2.7919e+00   |    1.5664     |    0.2602
Density calculation took 0.628079s
Tau required
    3     | -1690.5915290563 |   3.4043e+00   |    1.5445     |    0.2689
Density calculation took 0.627038s
Tau required
    4     | -1691.4745927490 |   1.0269e-01   |    1.5362     |    0.2614
Density calculation took 0.627740s
Tau required
    5     | -1691.4943275009 |   2.8524e-02   |    1.5431     |    0.2713
Density calculation took 0.628413s
Tau required
    6     | -1691.5009180752 |   4.4168e-03   |    1.5354     |    0.2625
Density calculation took 0.627679s
Tau required
    7     | -1691.5020646797 |   6.3085e-04   |    1.5429     |    0.2731
Density calculation took 0.627489s
Tau required
    8     | -1691.5022040405 |   2.2542e-04   |    1.5377     |    0.2650
Density calculation took 0.627711s
Tau required
    9     | -1691.5022674356 |   8.7892e-06   |    1.5431     |    0.2635
Density calculation took 0.627754s
Tau required
   10     | -1691.5022689322 |   3.6370e-06   |    1.5382     |    0.2650
Density calculation took 0.627835s
Tau required
   11     | -1691.5022699488 |   2.8643e-07   |    1.5447     |    0.2628
Density calculation took 0.627420s
Tau required
   12     | -1691.5022700246 |   2.7176e-08   |    1.5362     |    0.2633
Density calculation took 0.627935s
Tau required
   13     | -1691.5022700276 |   1.7820e-08   |    1.5411     |    0.2638
Density calculation took 0.627780s
Tau required
   14     | -1691.5022700323 |   1.0747e-09   |    1.5387     |    0.2640
Density calculation took 0.627825s
Tau required
   15     | -1691.5022700326 |   1.5595e-10   |    1.5454     |    0.2654
Density calculation took 0.627819s
Tau required
   16     | -1691.5022700326 |   1.1410e-10   |    1.5379     |    0.2630
Density calculation took 0.627798s
Tau required
   17     | -1691.5022700326 |   1.4067e-11   |    1.5439     |    0.2620
Created 639271 / 2985984 significant shell pairs
Created 494909 / 2274064 significant shell pairs
Total number of grid points: 393092 (5780 per atom)
One electron integrals and orthogonalizer took 0.047649s
Created 494909 / 2274064 significant shell pairs
3C integrals and B formation took 2.017501s
Iteration |      Energy      |  DIIS Metric   | Fock Time (s) | DIIS Time (s)
----------+------------------+----------------+---------------+--------------
Density calculation took 0.659804s
Tau required
    1     | -1702.3396262255 |   1.0461e+03   |    1.7471     |    0.2959
Density calculation took 0.654238s
Tau required
    2     | -1690.7208116792 |   2.7996e+00   |    1.5725     |    0.2606
Density calculation took 0.634711s
Tau required
    3     | -1690.5942707281 |   3.4115e+00   |    1.5391     |    0.2679
Density calculation took 0.634938s
Tau required
    4     | -1691.4774643130 |   9.4093e-02   |    1.5405     |    0.2609
Density calculation took 0.633304s
Tau required
    5     | -1691.4936812077 |   3.3203e-02   |    1.5404     |    0.2719
Density calculation took 0.633293s
Tau required
    6     | -1691.5015966487 |   4.9994e-03   |    1.5354     |    0.2619
Density calculation took 0.633585s
Tau required
    7     | -1691.5029418286 |   6.9275e-04   |    1.5421     |    0.2749
Density calculation took 0.633461s
Tau required
    8     | -1691.5031025602 |   2.1924e-04   |    1.5384     |    0.2642
Density calculation took 0.633490s
Tau required
    9     | -1691.5031618876 |   1.0110e-05   |    1.5427     |    0.2626
Density calculation took 0.635441s
Tau required
   10     | -1691.5031637556 |   3.6940e-06   |    1.5373     |    0.2639
Density calculation took 0.633935s
Tau required
   11     | -1691.5031647852 |   3.4243e-07   |    1.5421     |    0.2633
Density calculation took 0.635399s
Tau required
   12     | -1691.5031648758 |   2.9220e-08   |    1.5387     |    0.2631
Density calculation took 0.633595s
Tau required
   13     | -1691.5031648796 |   1.6613e-08   |    1.5424     |    0.2633
Density calculation took 0.634902s
Tau required
   14     | -1691.5031648841 |   9.2811e-10   |    1.5387     |    0.2629
Density calculation took 0.633794s
Tau required
   15     | -1691.5031648843 |   1.8238e-10   |    1.5426     |    0.2640
Density calculation took 0.635546s
Tau required
   16     | -1691.5031648843 |   1.2848e-10   |    1.5381     |    0.2625
Density calculation took 0.633722s
Tau required
   17     | -1691.5031648844 |   1.6720e-11   |    1.5426     |    0.2641
Created 655876 / 2985984 significant shell pairs
Created 508370 / 2274064 significant shell pairs
Total number of grid points: 393198 (5782 per atom)
One electron integrals and orthogonalizer took 0.052231s
Created 508370 / 2274064 significant shell pairs
3C integrals and B formation took 2.083403s
Iteration |      Energy      |  DIIS Metric   | Fock Time (s) | DIIS Time (s)
----------+------------------+----------------+---------------+--------------
Density calculation took 0.657516s
Tau required
    1     | -1702.3532285087 |   1.0480e+03   |    1.7507     |    0.2947
Density calculation took 0.651568s
Tau required
    2     | -1690.7196836893 |   2.8179e+00   |    1.5605     |    0.2579
Density calculation took 0.628393s
Tau required
    3     | -1690.5838013206 |   3.4870e+00   |    1.5301     |    0.2694
Density calculation took 0.628627s
Tau required
    4     | -1691.4822820413 |   8.0743e-02   |    1.5301     |    0.2609
Density calculation took 0.630342s
Tau required
    5     | -1691.4942631222 |   3.4177e-02   |    1.5316     |    0.2710
Density calculation took 0.630346s
Tau required
    6     | -1691.5028762450 |   3.9082e-03   |    1.5297     |    0.2629
Density calculation took 0.630300s
Tau required
    7     | -1691.5038713021 |   6.5535e-04   |    1.5302     |    0.2738
Density calculation took 0.630068s
Tau required
    8     | -1691.5040201875 |   1.9726e-04   |    1.5297     |    0.2636
Density calculation took 0.630369s
Tau required
    9     | -1691.5040739754 |   9.1758e-06   |    1.5296     |    0.2630
Density calculation took 0.628570s
Tau required
   10     | -1691.5040755449 |   3.4645e-06   |    1.5315     |    0.2623
Density calculation took 0.630352s
Tau required
   11     | -1691.5040764806 |   1.7783e-07   |    1.5288     |    0.2625
Density calculation took 0.628845s
Tau required
   12     | -1691.5040765229 |   2.2881e-08   |    1.5320     |    0.2665
Density calculation took 0.630413s
Tau required
   13     | -1691.5040765266 |   9.7545e-09   |    1.5287     |    0.2629
Density calculation took 0.628889s
Tau required
   14     | -1691.5040765291 |   8.1016e-10   |    1.5309     |    0.2638
Density calculation took 0.630431s
Tau required
   15     | -1691.5040765293 |   1.7346e-10   |    1.5325     |    0.2638
Density calculation took 0.628858s
Tau required
   16     | -1691.5040765293 |   9.5137e-11   |    1.5322     |    0.2633
Created 688573 / 2985984 significant shell pairs
Created 534606 / 2274064 significant shell pairs
Total number of grid points: 391835 (5762 per atom)
One electron integrals and orthogonalizer took 0.052535s
Created 534606 / 2274064 significant shell pairs
3C integrals and B formation took 2.106594s
Iteration |      Energy      |  DIIS Metric   | Fock Time (s) | DIIS Time (s)
----------+------------------+----------------+---------------+--------------
Density calculation took 0.696194s
Tau required
    1     | -1702.3452409767 |   1.0497e+03   |    1.7458     |    0.2954
Density calculation took 0.657707s
Tau required
    2     | -1690.7110160243 |   2.8029e+00   |    1.5679     |    0.2617
Density calculation took 0.629679s
Tau required
    3     | -1690.5571388976 |   3.5066e+00   |    1.5359     |    0.2708
Density calculation took 0.629741s
Tau required
    4     | -1691.4459809025 |   1.6648e-01   |    1.5315     |    0.2618
Density calculation took 0.629935s
Tau required
    5     | -1691.4720276786 |   7.6167e-02   |    1.5341     |    0.2704
Density calculation took 0.631742s
Tau required
    6     | -1691.4935198108 |   6.6072e-03   |    1.5308     |    0.2630
Density calculation took 0.630458s
Tau required
    7     | -1691.4951670100 |   7.6853e-04   |    1.5345     |    0.2723
Density calculation took 0.631883s
Tau required
    8     | -1691.4953074929 |   3.0524e-04   |    1.5293     |    0.2661
Density calculation took 0.631979s
Tau required
    9     | -1691.4953910748 |   2.5203e-05   |    1.5359     |    0.2635
Density calculation took 0.630305s
Tau required
   10     | -1691.4953977095 |   3.6873e-06   |    1.5289     |    0.2651
Density calculation took 0.632071s
Tau required
   11     | -1691.4953986070 |   5.6709e-07   |    1.5340     |    0.2668
Density calculation took 0.629890s
Tau required
   12     | -1691.4953987562 |   3.7266e-08   |    1.5334     |    0.2632
Density calculation took 0.631945s
Tau required
   13     | -1691.4953987593 |   2.7250e-08   |    1.5374     |    0.2634
Density calculation took 0.630618s
Tau required
   14     | -1691.4953987663 |   1.5890e-09   |    1.5316     |    0.2640
Density calculation took 0.632210s
Tau required
   15     | -1691.4953987666 |   3.8584e-10   |    1.5348     |    0.2663
Density calculation took 0.630209s
Tau required
   16     | -1691.4953987667 |   8.2587e-11   |    1.5288     |    0.2635
Created 667746 / 2985984 significant shell pairs
Created 518408 / 2274064 significant shell pairs
Total number of grid points: 392913 (5778 per atom)
One electron integrals and orthogonalizer took 0.051690s
Created 518408 / 2274064 significant shell pairs
3C integrals and B formation took 2.085666s
Iteration |      Energy      |  DIIS Metric   | Fock Time (s) | DIIS Time (s)
----------+------------------+----------------+---------------+--------------
Density calculation took 0.698684s
Tau required
    1     | -1702.3555733696 |   1.0491e+03   |    1.7418     |    0.2970
Density calculation took 0.652897s
Tau required
    2     | -1690.7208524682 |   2.8109e+00   |    1.5810     |    0.2604
Density calculation took 0.632557s
Tau required
    3     | -1690.5812990201 |   3.4908e+00   |    1.5466     |    0.2682
Density calculation took 0.633015s
Tau required
    4     | -1691.4799561375 |   9.3656e-02   |    1.5427     |    0.2602
Density calculation took 0.631566s
Tau required
    5     | -1691.4947626689 |   3.5917e-02   |    1.5437     |    0.2717
Density calculation took 0.631701s
Tau required
    6     | -1691.5037095356 |   4.3085e-03   |    1.5422     |    0.2618
Density calculation took 0.631775s
Tau required
    7     | -1691.5048235646 |   5.0335e-04   |    1.5436     |    0.2735
Density calculation took 0.631811s
Tau required
    8     | -1691.5049103961 |   1.9789e-04   |    1.5434     |    0.2639
Density calculation took 0.631743s
Tau required
    9     | -1691.5049653609 |   1.5521e-05   |    1.5428     |    0.2637
Density calculation took 0.633259s
Tau required
   10     | -1691.5049688993 |   4.9078e-06   |    1.5434     |    0.2635
Density calculation took 0.631858s
Tau required
   11     | -1691.5049703047 |   3.0444e-07   |    1.5410     |    0.2648
Density calculation took 0.633063s
Tau required
   12     | -1691.5049703816 |   3.1502e-08   |    1.5411     |    0.2649
Density calculation took 0.631847s
Tau required
   13     | -1691.5049703854 |   1.8444e-08   |    1.5425     |    0.2626
Density calculation took 0.633361s
Tau required
   14     | -1691.5049703903 |   1.2662e-09   |    1.5426     |    0.2633
Density calculation took 0.632045s
Tau required
   15     | -1691.5049703906 |   1.6648e-10   |    1.5443     |    0.2633
Density calculation took 0.633155s
Tau required
   16     | -1691.5049703906 |   1.3890e-10   |    1.5421     |    0.2639
Density calculation took 0.631893s
Tau required
   17     | -1691.5049703906 |   1.8791e-11   |    1.5419     |    0.2653
Please cite the following papers for the methods used in this calculation:
 - J.L. Galvez Vallejo et. al., Toward an extreme-scale electronic structure system, J. Chem. Phys., 2023. DOI: 10.1063/5.0156399

 - R. Stocks, E. Palethorpe, and G.M.J. Barca, Multi-GPU RI-HF Energies and Analytic Gradients ─ Toward High-Throughput Ab Initio Molecular Dynamics, J. Chem. Theory Comput., 2024. DOI: 10.1021/acs.jctc.4c00877
   For:
     * RI-HF energy

 - S. Lehtola, C. Steigemann, M.J.T. Oliveira, and M.A.L. Marques, Recent developments in Libxc: A comprehensive library of functionals for density functional theory, SoftwareX, 2018. DOI: 10.1016/j.softx.2017.11.002
   For:
     * LibXC version 6.2.0

 - D.B. Williams-Young, W.A. de Jong, H.J.J. van Dam, and C. Yang, On the Efficient Evaluation of the Exchange Correlation Potential on Graphics Processing Unit Clusters, Frontiers in Chemistry, 2020. DOI: 10.3389/fchem.2020.581058
   For:
     * ExchCXX GPU implementation of exchange-correlation functionals

 - R. Stocks and G.M.J. Barca, Efficient Algorithms for GPU Accelerated Evaluation of the DFT Exchange-Correlation Functional, J. Chem. Theory Comput., 2025. DOI: 10.1021/acs.jctc.5c01229
   For:
     * GPU accelerated DFT exchange-correlation evaluation

 - A. P. Bartók and J. R. Yates.,  J. Chem. Phys. 150, 161101 (2019) DOI: 10.1063/1.5094646
   For:
     * MGGA_X_RSCAN XC Functional
     * MGGA_C_RSCAN XC Functional

[CRAYBLAS_WARNING] Application linked against multiple cray-libsci libraries
