Total number of grid points: 392567 (5773 per atom)
Density calculation took 0.655470s
Tau required
Density calculation took 0.633460s
Tau required
Density calculation took 0.617584s
Tau required
Density calculation took 0.618344s
Tau required
Density calculation took 0.618443s
Tau required
Density calculation took 0.618497s
Tau required
Density calculation took 0.619162s
Tau required
Density calculation took 0.618712s
Tau required
Density calculation took 0.618865s
Tau required
Density calculation took 0.619084s
Tau required
Density calculation took 0.619475s
Tau required
Density calculation took 0.619215s
Tau required
Density calculation took 0.619359s
Tau required
Density calculation took 0.619608s
Tau required
Density calculation took 0.620126s
Tau required
Density calculation took 0.619885s
Tau required
Total number of grid points: 392635 (5774 per atom)
Density calculation took 0.654644s
Tau required
Density calculation took 0.641873s
Tau required
Density calculation took 0.615371s
Tau required
Density calculation took 0.615735s
Tau required
Density calculation took 0.616055s
Tau required
Density calculation took 0.615958s
Tau required
Density calculation took 0.616145s
Tau required
Density calculation took 0.616033s
Tau required
Density calculation took 0.616371s
Tau required
Density calculation took 0.616251s
Tau required
Density calculation took 0.616638s
Tau required
Density calculation took 0.616397s
Tau required
Density calculation took 0.616521s
Tau required
Density calculation took 0.616533s
Tau required
Density calculation took 0.616463s
Tau required
Density calculation took 0.616938s
Tau required
Total number of grid points: 393257 (5783 per atom)
Density calculation took 0.662208s
Tau required
Density calculation took 0.643752s
Tau required
Density calculation took 0.621589s
Tau required
Density calculation took 0.622373s
Tau required
Density calculation took 0.621635s
Tau required
Density calculation took 0.622746s
Tau required
Density calculation took 0.622356s
Tau required
Density calculation took 0.622741s
Tau required
Density calculation took 0.622464s
Tau required
Density calculation took 0.622799s
Tau required
Density calculation took 0.622282s
Tau required
Density calculation took 0.622934s
Tau required
Density calculation took 0.622343s
Tau required
Density calculation took 0.622963s
Tau required
Density calculation took 0.622345s
Tau required
Density calculation took 0.622809s
Tau required
Total number of grid points: 392708 (5775 per atom)
Density calculation took 0.662247s
Tau required
Density calculation took 0.643610s
Tau required
Density calculation took 0.619186s
Tau required
Density calculation took 0.620907s
Tau required
Density calculation took 0.619442s
Tau required
Density calculation took 0.621129s
Tau required
Density calculation took 0.619490s
Tau required
Density calculation took 0.621329s
Tau required
Density calculation took 0.619664s
Tau required
Density calculation took 0.621604s
Tau required
Density calculation took 0.619580s
Tau required
Density calculation took 0.621759s
Tau required
Density calculation took 0.619758s
Tau required
Density calculation took 0.621898s
Tau required
Density calculation took 0.620010s
Tau required
Density calculation took 0.621692s
Tau required
Total number of grid points: 392132 (5766 per atom)
Density calculation took 0.659267s
Tau required
Density calculation took 0.645449s
Tau required
Density calculation took 0.623666s
Tau required
Density calculation took 0.624651s
Tau required
Density calculation took 0.624087s
Tau required
Density calculation took 0.624760s
Tau required
Density calculation took 0.624241s
Tau required
Density calculation took 0.625250s
Tau required
Density calculation took 0.624562s
Tau required
Density calculation took 0.625069s
Tau required
Density calculation took 0.624530s
Tau required
Density calculation took 0.624796s
Tau required
Density calculation took 0.624903s
Tau required
Density calculation took 0.625115s
Tau required
Density calculation took 0.624328s
Tau required
Density calculation took 0.625196s
Tau required
Total number of grid points: 392822 (5776 per atom)
Density calculation took 0.658555s
Tau required
Density calculation took 0.647195s
Tau required
Density calculation took 0.624262s
Tau required
Density calculation took 0.623077s
Tau required
Density calculation took 0.624401s
Tau required
Density calculation took 0.623394s
Tau required
Density calculation took 0.624705s
Tau required
Density calculation took 0.623114s
Tau required
Density calculation took 0.625026s
Tau required
Density calculation took 0.623513s
Tau required
Density calculation took 0.624570s
Tau required
Density calculation took 0.623458s
Tau required
Density calculation took 0.625310s
Tau required
Density calculation took 0.623394s
Tau required
Density calculation took 0.624563s
Tau required
Density calculation took 0.623204s
Tau required
Total number of grid points: 392108 (5766 per atom)
Density calculation took 0.666535s
Tau required
Density calculation took 0.647079s
Tau required
Density calculation took 0.624518s
Tau required
Density calculation took 0.624492s
Tau required
Density calculation took 0.624293s
Tau required
Density calculation took 0.624165s
Tau required
Density calculation took 0.625077s
Tau required
Density calculation took 0.624834s
Tau required
Density calculation took 0.624909s
Tau required
Density calculation took 0.624690s
Tau required
Density calculation took 0.625044s
Tau required
Density calculation took 0.624439s
Tau required
Density calculation took 0.624454s
Tau required
Density calculation took 0.624819s
Tau required
Density calculation took 0.625471s
Tau required
Density calculation took 0.624316s
Tau required
Total number of grid points: 392517 (5772 per atom)
Density calculation took 0.686878s
Tau required
Density calculation took 0.652714s
Tau required
Density calculation took 0.627090s
Tau required
Density calculation took 0.627262s
Tau required
Density calculation took 0.627273s
Tau required
Density calculation took 0.627500s
Tau required
Density calculation took 0.627808s
Tau required
Density calculation took 0.627672s
Tau required
Density calculation took 0.627799s
Tau required
Density calculation took 0.627802s
Tau required
Density calculation took 0.627558s
Tau required
Density calculation took 0.627749s
Tau required
Density calculation took 0.627898s
Tau required
Density calculation took 0.627681s
Tau required
Density calculation took 0.627823s
Tau required
Density calculation took 0.628042s
Tau required
Total number of grid points: 393067 (5780 per atom)
Density calculation took 0.695338s
Tau required
Density calculation took 0.646851s
Tau required
Density calculation took 0.626010s
Tau required
Density calculation took 0.625615s
Tau required
Density calculation took 0.625402s
Tau required
Density calculation took 0.626175s
Tau required
Density calculation took 0.626629s
Tau required
Density calculation took 0.625926s
Tau required
Density calculation took 0.626198s
Tau required
Density calculation took 0.625786s
Tau required
Density calculation took 0.626467s
Tau required
Density calculation took 0.626314s
Tau required
Density calculation took 0.626500s
Tau required
Density calculation took 0.626191s
Tau required
Density calculation took 0.626424s
Tau required
Density calculation took 0.626225s
Tau required
Total number of grid points: 392943 (5778 per atom)
Density calculation took 0.702903s
Tau required
Density calculation took 0.647208s
Tau required
Density calculation took 0.623119s
Tau required
Density calculation took 0.623323s
Tau required
Density calculation took 0.623962s
Tau required
Density calculation took 0.623120s
Tau required
Density calculation took 0.623694s
Tau required
Density calculation took 0.623696s
Tau required
Density calculation took 0.624021s
Tau required
Density calculation took 0.623824s
Tau required
Density calculation took 0.623511s
Tau required
Density calculation took 0.624009s
Tau required
Density calculation took 0.623830s
Tau required
Density calculation took 0.623909s
Tau required
Density calculation took 0.624106s
Tau required
Density calculation took 0.624167s
Tau required
Total number of grid points: 391922 (5763 per atom)
Density calculation took 0.663009s
Tau required
Density calculation took 0.644071s
Tau required
Density calculation took 0.621337s
Tau required
Density calculation took 0.621344s
Tau required
Density calculation took 0.621831s
Tau required
Density calculation took 0.621944s
Tau required
Density calculation took 0.621716s
Tau required
Density calculation took 0.621978s
Tau required
Density calculation took 0.621649s
Tau required
Density calculation took 0.621689s
Tau required
Density calculation took 0.621932s
Tau required
Density calculation took 0.622184s
Tau required
Density calculation took 0.621542s
Tau required
Density calculation took 0.621922s
Tau required
Density calculation took 0.621735s
Tau required
Density calculation took 0.622050s
Tau required
Total number of grid points: 392447 (5771 per atom)
Density calculation took 0.696960s
Tau required
Density calculation took 0.641776s
Tau required
Density calculation took 0.620541s
Tau required
Density calculation took 0.620497s
Tau required
Density calculation took 0.620508s
Tau required
Density calculation took 0.620451s
Tau required
Density calculation took 0.620946s
Tau required
Density calculation took 0.620441s
Tau required
Density calculation took 0.621090s
Tau required
Density calculation took 0.620882s
Tau required
Density calculation took 0.620803s
Tau required
Density calculation took 0.620940s
Tau required
Density calculation took 0.620962s
Tau required
Density calculation took 0.620499s
Tau required
Density calculation took 0.620690s
Tau required
Density calculation took 0.620518s
Tau required
Total number of grid points: 392601 (5773 per atom)
Density calculation took 0.703000s
Tau required
Density calculation took 0.646594s
Tau required
Density calculation took 0.622319s
Tau required
Density calculation took 0.622702s
Tau required
Density calculation took 0.622569s
Tau required
Density calculation took 0.622866s
Tau required
Density calculation took 0.622818s
Tau required
Density calculation took 0.622528s
Tau required
Density calculation took 0.622769s
Tau required
Density calculation took 0.622699s
Tau required
Density calculation took 0.622831s
Tau required
Density calculation took 0.622267s
Tau required
Density calculation took 0.622986s
Tau required
Density calculation took 0.622748s
Tau required
Density calculation took 0.622850s
Tau required
Density calculation took 0.623024s
Tau required
Total number of grid points: 392577 (5773 per atom)
Density calculation took 0.696332s
Tau required
Density calculation took 0.645385s
Tau required
Density calculation took 0.623273s
Tau required
Density calculation took 0.624323s
Tau required
Density calculation took 0.623873s
Tau required
Density calculation took 0.624939s
Tau required
Density calculation took 0.623511s
Tau required
Density calculation took 0.624949s
Tau required
Density calculation took 0.623687s
Tau required
Density calculation took 0.625525s
Tau required
Density calculation took 0.623607s
Tau required
Density calculation took 0.625509s
Tau required
Density calculation took 0.623661s
Tau required
Density calculation took 0.625090s
Tau required
Density calculation took 0.623433s
Tau required
Density calculation took 0.625469s
Tau required
Total number of grid points: 392378 (5770 per atom)
Density calculation took 0.697534s
Tau required
Density calculation took 0.655746s
Tau required
Density calculation took 0.621494s
Tau required
Density calculation took 0.621859s
Tau required
Density calculation took 0.621581s
Tau required
Density calculation took 0.622361s
Tau required
Density calculation took 0.622048s
Tau required
Density calculation took 0.622082s
Tau required
Density calculation took 0.621985s
Tau required
Density calculation took 0.622360s
Tau required
Density calculation took 0.621980s
Tau required
Density calculation took 0.622315s
Tau required
Density calculation took 0.621926s
Tau required
Density calculation took 0.622295s
Tau required
Density calculation took 0.622306s
Tau required
Density calculation took 0.622441s
Tau required
Total number of grid points: 392686 (5774 per atom)
Density calculation took 0.698984s
Tau required
Density calculation took 0.646902s
Tau required
Density calculation took 0.621857s
Tau required
Density calculation took 0.621807s
Tau required
Density calculation took 0.622291s
Tau required
Density calculation took 0.622566s
Tau required
Density calculation took 0.622733s
Tau required
Density calculation took 0.622351s
Tau required
Density calculation took 0.622667s
Tau required
Density calculation took 0.622416s
Tau required
Density calculation took 0.622203s
Tau required
Density calculation took 0.622450s
Tau required
Density calculation took 0.622602s
Tau required
Density calculation took 0.622334s
Tau required
Density calculation took 0.622421s
Tau required
Density calculation took 0.622970s
Tau required
Total number of grid points: 392498 (5772 per atom)
Density calculation took 0.701668s
Tau required
Density calculation took 0.646362s
Tau required
Density calculation took 0.623698s
Tau required
Density calculation took 0.623454s
Tau required
Density calculation took 0.623797s
Tau required
Density calculation took 0.623327s
Tau required
Density calculation took 0.623309s
Tau required
Density calculation took 0.624250s
Tau required
Density calculation took 0.624263s
Tau required
Density calculation took 0.624111s
Tau required
Density calculation took 0.623959s
Tau required
Density calculation took 0.623746s
Tau required
Density calculation took 0.623560s
Tau required
Density calculation took 0.624119s
Tau required
Density calculation took 0.623978s
Tau required
Density calculation took 0.624521s
Tau required
Total number of grid points: 393142 (5781 per atom)
Density calculation took 0.698764s
Tau required
Density calculation took 0.649284s
Tau required
Density calculation took 0.625666s
Tau required
Density calculation took 0.627981s
Tau required
Density calculation took 0.626163s
Tau required
Density calculation took 0.628251s
Tau required
Density calculation took 0.626625s
Tau required
Density calculation took 0.628434s
Tau required
Density calculation took 0.626524s
Tau required
Density calculation took 0.628483s
Tau required
Density calculation took 0.626738s
Tau required
Density calculation took 0.628736s
Tau required
Density calculation took 0.626937s
Tau required
Density calculation took 0.628796s
Tau required
Density calculation took 0.626850s
Tau required
Density calculation took 0.628602s
Tau required
Total number of grid points: 392803 (5776 per atom)
Density calculation took 0.655806s
Tau required
Density calculation took 0.641931s
Tau required
Density calculation took 0.619192s
Tau required
Density calculation took 0.619156s
Tau required
Density calculation took 0.619168s
Tau required
Density calculation took 0.619715s
Tau required
Density calculation took 0.619616s
Tau required
Density calculation took 0.619895s
Tau required
Density calculation took 0.619733s
Tau required
Density calculation took 0.619699s
Tau required
Density calculation took 0.619625s
Tau required
Density calculation took 0.619643s
Tau required
Density calculation took 0.619663s
Tau required
Density calculation took 0.619861s
Tau required
Density calculation took 0.619865s
Tau required
Density calculation took 0.619606s
Tau required
Total number of grid points: 391884 (5763 per atom)
Density calculation took 0.702813s
Tau required
Density calculation took 0.646393s
Tau required
Density calculation took 0.624341s
Tau required
Density calculation took 0.624744s
Tau required
Density calculation took 0.624595s
Tau required
Density calculation took 0.624869s
Tau required
Density calculation took 0.624843s
Tau required
Density calculation took 0.624633s
Tau required
Density calculation took 0.625148s
Tau required
Density calculation took 0.624994s
Tau required
Density calculation took 0.625167s
Tau required
Density calculation took 0.625403s
Tau required
Density calculation took 0.624951s
Tau required
Density calculation took 0.624616s
Tau required
Density calculation took 0.625498s
Tau required
Density calculation took 0.625508s
Tau required
[CRAYBLAS_WARNING] Application linked against multiple cray-libsci libraries
=================================
HF Energy: -1693.0794948680672860
=======================================================


Topology 8 time: 30.757800 s, performance: SP: 0 FLOP/s, DP: 34.35 TFLOP/s
JSON file written to: json_logs/lustre_orion_chm213_scratch_ryan_dhdft_inputs_exess_exess_inputs_B97M-V_def2-TZVP_isomers_29820-29839_topology_8.json
************************************************************
**************** Running topology 10 of 20 *****************
************************************************************

************************************************************
************ Beginning RI-MGGA_XC_B97M_V energy ************
************************************************************

=======================================================
             MGGA_XC_B97M_V Energy Results             
=======================================================
E MGGA_XC_B97M_V      : -1693.07886276
Nuclear Repulsion Energy: 4287.5122311
Electronic Energy:        -5730.66480683
XC Energy:                -249.926287
Converged:                1
# of SCF iterations:      16
SCF Time:                 30.086s

=======================================================
            Individual Calculation Summary             
=======================================================
HF Energy: -1693.0788627577958323
=======================================================


Topology 9 time: 30.262139 s, performance: SP: 0 FLOP/s, DP: 34.86 TFLOP/s
JSON file written to: json_logs/lustre_orion_chm213_scratch_ryan_dhdft_inputs_exess_exess_inputs_B97M-V_def2-TZVP_isomers_29820-29839_topology_9.json
************************************************************
**************** Running topology 11 of 20 *****************
************************************************************

************************************************************
************ Beginning RI-MGGA_XC_B97M_V energy ************
************************************************************

=======================================================
             MGGA_XC_B97M_V Energy Results             
=======================================================
E MGGA_XC_B97M_V      : -1693.04505353
Nuclear Repulsion Energy: 4460.5493846
Electronic Energy:        -5903.67311816
XC Energy:                -249.921320
Converged:                1
# of SCF iterations:      16
SCF Time:                 30.487s

=======================================================
            Individual Calculation Summary             
=======================================================
HF Energy: -1693.0450535263496477
=======================================================


Topology 10 time: 30.676469 s, performance: SP: 0 FLOP/s, DP: 34.38 TFLOP/s
JSON file written to: json_logs/lustre_orion_chm213_scratch_ryan_dhdft_inputs_exess_exess_inputs_B97M-V_def2-TZVP_isomers_29820-29839_topology_10.json
************************************************************
**************** Running topology 12 of 20 *****************
************************************************************

************************************************************
************ Beginning RI-MGGA_XC_B97M_V energy ************
************************************************************

=======================================================
             MGGA_XC_B97M_V Energy Results             
=======================================================
E MGGA_XC_B97M_V      : -1693.07535474
Nuclear Repulsion Energy: 4342.06910553
Electronic Energy:        -5785.20894549
XC Energy:                -249.935515
Converged:                1
# of SCF iterations:      16
SCF Time:                 30.215s

=======================================================
            Individual Calculation Summary             
=======================================================
HF Energy: -1693.0753547352130681
=======================================================


Topology 11 time: 30.396700 s, performance: SP: 0 FLOP/s, DP: 34.73 TFLOP/s
JSON file written to: json_logs/lustre_orion_chm213_scratch_ryan_dhdft_inputs_exess_exess_inputs_B97M-V_def2-TZVP_isomers_29820-29839_topology_11.json
************************************************************
**************** Running topology 13 of 20 *****************
************************************************************

************************************************************
************ Beginning RI-MGGA_XC_B97M_V energy ************
************************************************************

=======================================================
             MGGA_XC_B97M_V Energy Results             
=======================================================
E MGGA_XC_B97M_V      : -1693.08077343
Nuclear Repulsion Energy: 4250.02591686
Electronic Energy:        -5693.17621167
XC Energy:                -249.930479
Converged:                1
# of SCF iterations:      16
SCF Time:                 30.316s

=======================================================
            Individual Calculation Summary             
=======================================================
HF Energy: -1693.0807734262036774
=======================================================


Topology 12 time: 30.490812 s, performance: SP: 0 FLOP/s, DP: 34.61 TFLOP/s
JSON file written to: json_logs/lustre_orion_chm213_scratch_ryan_dhdft_inputs_exess_exess_inputs_B97M-V_def2-TZVP_isomers_29820-29839_topology_12.json
************************************************************
**************** Running topology 14 of 20 *****************
************************************************************

************************************************************
************ Beginning RI-MGGA_XC_B97M_V energy ************
************************************************************

=======================================================
             MGGA_XC_B97M_V Energy Results             
=======================================================
E MGGA_XC_B97M_V      : -1693.08017158
Nuclear Repulsion Energy: 4276.59092099
Electronic Energy:        -5719.74050772
XC Energy:                -249.930585
Converged:                1
# of SCF iterations:      16
SCF Time:                 30.55s

=======================================================
            Individual Calculation Summary             
=======================================================
HF Energy: -1693.0801715756601880
=======================================================


Topology 13 time: 30.726143 s, performance: SP: 0 FLOP/s, DP: 34.34 TFLOP/s
JSON file written to: json_logs/lustre_orion_chm213_scratch_ryan_dhdft_inputs_exess_exess_inputs_B97M-V_def2-TZVP_isomers_29820-29839_topology_13.json
************************************************************
**************** Running topology 15 of 20 *****************
************************************************************

************************************************************
************ Beginning RI-MGGA_XC_B97M_V energy ************
************************************************************

=======================================================
             MGGA_XC_B97M_V Energy Results             
=======================================================
E MGGA_XC_B97M_V      : -1693.04623932
Nuclear Repulsion Energy: 4445.78405106
Electronic Energy:        -5888.90396602
XC Energy:                -249.926324
Converged:                1
# of SCF iterations:      16
SCF Time:                 30.632s

=======================================================
            Individual Calculation Summary             
=======================================================
HF Energy: -1693.0462393230791349
=======================================================


Topology 14 time: 30.822516 s, performance: SP: 0 FLOP/s, DP: 34.21 TFLOP/s
JSON file written to: json_logs/lustre_orion_chm213_scratch_ryan_dhdft_inputs_exess_exess_inputs_B97M-V_def2-TZVP_isomers_29820-29839_topology_14.json
************************************************************
**************** Running topology 16 of 20 *****************
************************************************************

************************************************************
************ Beginning RI-MGGA_XC_B97M_V energy ************
************************************************************

=======================================================
             MGGA_XC_B97M_V Energy Results             
=======================================================
E MGGA_XC_B97M_V      : -1693.06393469
Nuclear Repulsion Energy: 4388.03890422
Electronic Energy:        -5831.1721103
XC Energy:                -249.930729
Converged:                1
# of SCF iterations:      16
SCF Time:                 30.421s

=======================================================
            Individual Calculation Summary             
=======================================================
HF Energy: -1693.0639346943091823
=======================================================


Topology 15 time: 30.603482 s, performance: SP: 0 FLOP/s, DP: 34.48 TFLOP/s
JSON file written to: json_logs/lustre_orion_chm213_scratch_ryan_dhdft_inputs_exess_exess_inputs_B97M-V_def2-TZVP_isomers_29820-29839_topology_15.json
************************************************************
**************** Running topology 17 of 20 *****************
************************************************************

************************************************************
************ Beginning RI-MGGA_XC_B97M_V energy ************
************************************************************

=======================================================
             MGGA_XC_B97M_V Energy Results             
=======================================================
E MGGA_XC_B97M_V      : -1693.07708285
Nuclear Repulsion Energy: 4252.00774286
Electronic Energy:        -5695.15665717
XC Energy:                -249.928169
Converged:                1
# of SCF iterations:      16
SCF Time:                 30.539s

=======================================================
            Individual Calculation Summary             
=======================================================
HF Energy: -1693.0770828512670505
=======================================================


Topology 16 time: 30.718551 s, performance: SP: 0 FLOP/s, DP: 34.38 TFLOP/s
JSON file written to: json_logs/lustre_orion_chm213_scratch_ryan_dhdft_inputs_exess_exess_inputs_B97M-V_def2-TZVP_isomers_29820-29839_topology_16.json
************************************************************
**************** Running topology 18 of 20 *****************
************************************************************

************************************************************
************ Beginning RI-MGGA_XC_B97M_V energy ************
************************************************************

=======================================================
             MGGA_XC_B97M_V Energy Results             
=======================================================
E MGGA_XC_B97M_V      : -1693.06642211
Nuclear Repulsion Energy: 4281.26107541
Electronic Energy:        -5724.40214482
XC Energy:                -249.925353
Converged:                1
# of SCF iterations:      16
SCF Time:                 30.588s

=======================================================
            Individual Calculation Summary             
=======================================================
HF Energy: -1693.0664221119482136
=======================================================


Topology 17 time: 30.765965 s, performance: SP: 0 FLOP/s, DP: 34.32 TFLOP/s
JSON file written to: json_logs/lustre_orion_chm213_scratch_ryan_dhdft_inputs_exess_exess_inputs_B97M-V_def2-TZVP_isomers_29820-29839_topology_17.json
************************************************************
**************** Running topology 19 of 20 *****************
************************************************************

************************************************************
************ Beginning RI-MGGA_XC_B97M_V energy ************
************************************************************

=======================================================
             MGGA_XC_B97M_V Energy Results             
=======================================================
E MGGA_XC_B97M_V      : -1693.0511219
Nuclear Repulsion Energy: 4486.15398118
Electronic Energy:        -5929.27525023
XC Energy:                -249.929853
Converged:                1
# of SCF iterations:      16
SCF Time:                 30.441s

=======================================================
            Individual Calculation Summary             
=======================================================
HF Energy: -1693.0511218971887502
=======================================================


Topology 18 time: 30.630618 s, performance: SP: 0 FLOP/s, DP: 34.41 TFLOP/s
JSON file written to: json_logs/lustre_orion_chm213_scratch_ryan_dhdft_inputs_exess_exess_inputs_B97M-V_def2-TZVP_isomers_29820-29839_topology_18.json
************************************************************
**************** Running topology 20 of 20 *****************
************************************************************

************************************************************
************ Beginning RI-MGGA_XC_B97M_V energy ************
************************************************************

=======================================================
             MGGA_XC_B97M_V Energy Results             
=======================================================
E MGGA_XC_B97M_V      : -1693.07003503
Nuclear Repulsion Energy: 4371.66228216
Electronic Energy:        -5814.80439623
XC Energy:                -249.927921
Converged:                1
# of SCF iterations:      16
SCF Time:                 30.57s

=======================================================
            Individual Calculation Summary             
=======================================================
HF Energy: -1693.0700350311071816
=======================================================


Topology 19 time: 30.752150 s, performance: SP: 0 FLOP/s, DP: 34.3 TFLOP/s
JSON file written to: json_logs/lustre_orion_chm213_scratch_ryan_dhdft_inputs_exess_exess_inputs_B97M-V_def2-TZVP_isomers_29820-29839_topology_19.json
Total flops: SP: 0 FLOPS, DP: 21.100328 PFLOPS
Performance: SP: 0 FLOP/s, DP: 33.91 TFLOP/s

Now, a word from our sponsors... 
 If my grandmother had wheels, she would have been a bike. (Gino)

[31mTotal processing time 622.470193 seconds[0m
[CRAYBLAS_WARNING] Application linked against multiple cray-libsci libraries
7161e-10   |    1.4665     |    0.2623
Density calculation took 0.619226s
Tau required
   16     | -1693.0807734262 |   2.2117e-11   |    1.4665     |    0.2638
Created 627410 / 2985984 significant shell pairs
Created 485605 / 2274064 significant shell pairs
Total number of grid points: 392688 (5774 per atom)
One electron integrals and orthogonalizer took 0.047296s
Created 485605 / 2274064 significant shell pairs
3C integrals and B formation took 2.001710s
Iteration |      Energy      |  DIIS Metric   | Fock Time (s) | DIIS Time (s)
----------+------------------+----------------+---------------+--------------
Density calculation took 0.658477s
Tau required
    1     | -1703.9146217193 |   1.0577e+03   |    1.6932     |    0.2960
Density calculation took 0.641256s
Tau required
    2     | -1692.3879401751 |   2.3448e+00   |    1.5307     |    0.2568
Density calculation took 0.620000s
Tau required
    3     | -1692.2319914747 |   3.0935e+00   |    1.4801     |    0.2722
Density calculation took 0.619926s
Tau required
    4     | -1693.0567619229 |   8.7432e-02   |    1.4815     |    0.2605
Density calculation took 0.619328s
Tau required
    5     | -1693.0739791914 |   2.2715e-02   |    1.4808     |    0.2706
Density calculation took 0.619498s
Tau required
    6     | -1693.0792883135 |   3.0805e-03   |    1.4815     |    0.2623
Density calculation took 0.619777s
Tau required
    7     | -1693.0800184513 |   5.3042e-04   |    1.4818     |    0.2724
Density calculation took 0.619822s
Tau required
    8     | -1693.0801452041 |   8.8524e-05   |    1.4794     |    0.2628
Density calculation took 0.619195s
Tau required
    9     | -1693.0801687637 |   8.8638e-06   |    1.4795     |    0.2649
Density calculation took 0.620416s
Tau required
   10     | -1693.0801708596 |   2.3325e-06   |    1.4810     |    0.2631
Density calculation took 0.619535s
Tau required
   11     | -1693.0801714387 |   4.2017e-07   |    1.4803     |    0.2658
Density calculation took 0.620340s
Tau required
   12     | -1693.0801715460 |   9.3201e-08   |    1.4822     |    0.2629
Density calculation took 0.619414s
Tau required
   13     | -1693.0801715726 |   9.8643e-09   |    1.4813     |    0.2641
Density calculation took 0.620578s
Tau required
   14     | -1693.0801715754 |   9.1998e-10   |    1.4811     |    0.2636
Density calculation took 0.619880s
Tau required
   15     | -1693.0801715756 |   3.0792e-10   |    1.4815     |    0.2631
Density calculation took 0.620291s
Tau required
   16     | -1693.0801715757 |   2.3278e-11   |    1.4808     |    0.2628
Created 678364 / 2985984 significant shell pairs
Created 526281 / 2274064 significant shell pairs
Total number of grid points: 392154 (5766 per atom)
One electron integrals and orthogonalizer took 0.052084s
Created 526281 / 2274064 significant shell pairs
3C integrals and B formation took 2.077937s
Iteration |      Energy      |  DIIS Metric   | Fock Time (s) | DIIS Time (s)
----------+------------------+----------------+---------------+--------------
Density calculation took 0.643843s
Tau required
    1     | -1703.9063646100 |   1.0615e+03   |    1.7249     |    0.2979
Density calculation took 0.638540s
Tau required
    2     | -1692.3609350583 |   2.3135e+00   |    1.5418     |    0.2600
Density calculation took 0.617570s
Tau required
    3     | -1692.2078327605 |   3.0614e+00   |    1.4753     |    0.2698
Density calculation took 0.617595s
Tau required
    4     | -1693.0228086331 |   8.6129e-02   |    1.4781     |    0.2613
Density calculation took 0.617288s
Tau required
    5     | -1693.0386571427 |   2.5310e-02   |    1.4740     |    0.2717
Density calculation took 0.617461s
Tau required
    6     | -1693.0448158566 |   4.6939e-03   |    1.4767     |    0.2627
Density calculation took 0.617302s
Tau required
    7     | -1693.0460723962 |   5.6462e-04   |    1.4729     |    0.2740
Density calculation took 0.618033s
Tau required
    8     | -1693.0461996044 |   1.4227e-04   |    1.4779     |    0.2626
Density calculation took 0.617217s
Tau required
    9     | -1693.0462377988 |   5.4214e-06   |    1.4739     |    0.2664
Density calculation took 0.618176s
Tau required
   10     | -1693.0462387745 |   1.9166e-06   |    1.4768     |    0.2628
Density calculation took 0.617358s
Tau required
   11     | -1693.0462392767 |   1.5901e-07   |    1.4729     |    0.2622
Density calculation took 0.617944s
Tau required
   12     | -1693.0462392999 |   7.7576e-08   |    1.4784     |    0.2636
Density calculation took 0.617547s
Tau required
   13     | -1693.0462393198 |   9.9888e-09   |    1.4722     |    0.2625
Density calculation took 0.618260s
Tau required
   14     | -1693.0462393228 |   1.0112e-09   |    1.4808     |    0.2638
Density calculation took 0.617952s
Tau required
   15     | -1693.0462393230 |   3.1835e-10   |    1.4745     |    0.2640
Density calculation took 0.618342s
Tau required
   16     | -1693.0462393231 |   3.6001e-11   |    1.4763     |    0.2672
Created 656817 / 2985984 significant shell pairs
Created 509440 / 2274064 significant shell pairs
Total number of grid points: 392367 (5770 per atom)
One electron integrals and orthogonalizer took 0.052070s
Created 509440 / 2274064 significant shell pairs
3C integrals and B formation took 2.071512s
Iteration |      Energy      |  DIIS Metric   | Fock Time (s) | DIIS Time (s)
----------+------------------+----------------+---------------+--------------
Density calculation took 0.648882s
Tau required
    1     | -1703.9161285694 |   1.0609e+03   |    1.7053     |    0.2971
Density calculation took 0.641931s
Tau required
    2     | -1692.3746675590 |   2.3318e+00   |    1.5099     |    0.2585
Density calculation took 0.618888s
Tau required
    3     | -1692.2158746697 |   3.0971e+00   |    1.4651     |    0.2695
Density calculation took 0.619626s
Tau required
    4     | -1693.0412008308 |   8.3718e-02   |    1.4657     |    0.2600
Density calculation took 0.619910s
Tau required
    5     | -1693.0565029543 |   2.6016e-02   |    1.4672     |    0.2693
Density calculation took 0.619158s
Tau required
    6     | -1693.0627334671 |   3.9520e-03   |    1.4658     |    0.2610
Density calculation took 0.619899s
Tau required
    7     | -1693.0637293175 |   6.7020e-04   |    1.4658     |    0.2736
Density calculation took 0.619268s
Tau required
    8     | -1693.0639011737 |   1.1352e-04   |    1.4660     |    0.2626
Density calculation took 0.619880s
Tau required
    9     | -1693.0639313327 |   1.0520e-05   |    1.4660     |    0.2635
Density calculation took 0.619927s
Tau required
   10     | -1693.0639334439 |   3.8251e-06   |    1.4657     |    0.2622
Density calculation took 0.620002s
Tau required
   11     | -1693.0639345438 |   4.8467e-07   |    1.4670     |    0.2621
Density calculation took 0.620017s
Tau required
   12     | -1693.0639346633 |   1.0242e-07   |    1.4659     |    0.2634
Density calculation took 0.619716s
Tau required
   13     | -1693.0639346883 |   2.0006e-08   |    1.4650     |    0.2632
Density calculation took 0.619700s
Tau required
   14     | -1693.0639346939 |   1.4278e-09   |    1.4658     |    0.2628
Density calculation took 0.619883s
Tau required
   15     | -1693.0639346942 |   6.0867e-10   |    1.4653     |    0.2633
Density calculation took 0.619712s
Tau required
   16     | -1693.0639346943 |   6.3245e-11   |    1.4669     |    0.2637
Created 621349 / 2985984 significant shell pairs
Created 480962 / 2274064 significant shell pairs
Total number of grid points: 393038 (5779 per atom)
One electron integrals and orthogonalizer took 0.047735s
Created 480962 / 2274064 significant shell pairs
3C integrals and B formation took 2.017272s
Iteration |      Energy      |  DIIS Metric   | Fock Time (s) | DIIS Time (s)
----------+------------------+----------------+---------------+--------------
Density calculation took 0.665236s
Tau required
    1     | -1703.9095916604 |   1.0571e+03   |    1.7140     |    0.2953
Density calculation took 0.641861s
Tau required
    2     | -1692.3862108656 |   2.3391e+00   |    1.5197     |    0.2589
Density calculation took 0.617404s
Tau required
    3     | -1692.2308917008 |   3.0858e+00   |    1.4790     |    0.2690
Density calculation took 0.617232s
Tau required
    4     | -1693.0531386327 |   9.0034e-02   |    1.4773     |    0.2622
Density calculation took 0.618218s
Tau required
    5     | -1693.0714976070 |   2.0653e-02   |    1.4765     |    0.2720
Density calculation took 0.618196s
Tau required
    6     | -1693.0762277251 |   2.9100e-03   |    1.4772     |    0.2628
Density calculation took 0.618272s
Tau required
    7     | -1693.0768780304 |   6.7482e-04   |    1.4773     |    0.2731
Density calculation took 0.617683s
Tau required
    8     | -1693.0770521521 |   1.0754e-04   |    1.4792     |    0.2633
Density calculation took 0.618484s
Tau required
    9     | -1693.0770812287 |   5.5907e-06   |    1.4774     |    0.2635
Density calculation took 0.617823s
Tau required
   10     | -1693.0770822786 |   1.8955e-06   |    1.4795     |    0.2645
Density calculation took 0.618379s
Tau required
   11     | -1693.0770827161 |   4.2053e-07   |    1.4783     |    0.2631
Density calculation took 0.617612s
Tau required
   12     | -1693.0770828251 |   8.3793e-08   |    1.4793     |    0.2652
Density calculation took 0.618244s
Tau required
   13     | -1693.0770828484 |   9.1932e-09   |    1.4767     |    0.2636
Density calculation took 0.617774s
Tau required
   14     | -1693.0770828510 |   1.0063e-09   |    1.4790     |    0.2638
Density calculation took 0.618361s
Tau required
   15     | -1693.0770828512 |   2.6341e-10   |    1.4776     |    0.2625
Density calculation took 0.617902s
Tau required
   16     | -1693.0770828513 |   2.1950e-11   |    1.4789     |    0.2640
Created 631126 / 2985984 significant shell pairs
Created 488530 / 2274064 significant shell pairs
Total number of grid points: 392279 (5768 per atom)
One electron integrals and orthogonalizer took 0.047655s
Created 488530 / 2274064 significant shell pairs
3C integrals and B formation took 2.024512s
Iteration |      Energy      |  DIIS Metric   | Fock Time (s) | DIIS Time (s)
----------+------------------+----------------+---------------+--------------
Density calculation took 0.696298s
Tau required
    1     | -1703.9075053769 |   1.0588e+03   |    1.7170     |    0.2972
Density calculation took 0.641449s
Tau required
    2     | -1692.3771650069 |   2.3255e+00   |    1.5272     |    0.2609
Density calculation took 0.618567s
Tau required
    3     | -1692.2237322409 |   3.0615e+00   |    1.4766     |    0.2682
Density calculation took 0.618144s
Tau required
    4     | -1693.0416448433 |   9.2999e-02   |    1.4819     |    0.2608
Density calculation took 0.618702s
Tau required
    5     | -1693.0603125376 |   2.2620e-02   |    1.4758     |    0.2721
Density calculation took 0.618813s
Tau required
    6     | -1693.0654512920 |   3.4483e-03   |    1.4834     |    0.2623
Density calculation took 0.618767s
Tau required
    7     | -1693.0662526881 |   5.8936e-04   |    1.4757     |    0.2731
Density calculation took 0.618752s
Tau required
    8     | -1693.0663874705 |   1.2082e-04   |    1.4846     |    0.2636
Density calculation took 0.618948s
Tau required
    9     | -1693.0664183254 |   1.1787e-05   |    1.4762     |    0.2652
Density calculation took 0.618389s
Tau required
   10     | -1693.0664209967 |   3.4146e-06   |    1.4822     |    0.2641
Density calculation took 0.618497s
Tau required
   11     | -1693.0664219707 |   4.6524e-07   |    1.4771     |    0.2638
Density calculation took 0.618514s
Tau required
   12     | -1693.0664220906 |   7.3218e-08   |    1.4846     |    0.2643
Density calculation took 0.618625s
Tau required
   13     | -1693.0664221084 |   1.2084e-08   |    1.4761     |    0.2639
Density calculation took 0.618585s
Tau required
   14     | -1693.0664221116 |   1.1296e-09   |    1.4838     |    0.2639
Density calculation took 0.618266s
Tau required
   15     | -1693.0664221119 |   3.4355e-10   |    1.4768     |    0.2634
Density calculation took 0.618661s
Tau required
   16     | -1693.0664221119 |   3.2713e-11   |    1.4819     |    0.2644
Created 688037 / 2985984 significant shell pairs
Created 534374 / 2274064 significant shell pairs
Total number of grid points: 392616 (5773 per atom)
One electron integrals and orthogonalizer took 0.051398s
Created 534374 / 2274064 significant shell pairs
3C integrals and B formation took 2.095139s
Iteration |      Energy      |  DIIS Metric   | Fock Time (s) | DIIS Time (s)
----------+------------------+----------------+---------------+--------------
Density calculation took 0.643954s
Tau required
    1     | -1703.9135842840 |   1.0624e+03   |    1.6703     |    0.2961
Density calculation took 0.635131s
Tau required
    2     | -1692.3644969772 |   2.3178e+00   |    1.5068     |    0.2623
Density calculation took 0.614398s
Tau required
    3     | -1692.2101611144 |   3.0652e+00   |    1.4679     |    0.2691
Density calculation took 0.613745s
Tau required
    4     | -1693.0261654416 |   8.9181e-02   |    1.4658     |    0.2612
Density calculation took 0.614007s
Tau required
    5     | -1693.0411500103 |   3.2833e-02   |    1.4674     |    0.2718
Density calculation took 0.614595s
Tau required
    6     | -1693.0498332819 |   4.4547e-03   |    1.4640     |    0.2620
Density calculation took 0.614430s
Tau required
    7     | -1693.0509954266 |   4.5097e-04   |    1.4701     |    0.2736
Density calculation took 0.613900s
Tau required
    8     | -1693.0510810502 |   1.4236e-04   |    1.4633     |    0.2650
Density calculation took 0.614634s
Tau required
    9     | -1693.0511203325 |   5.3646e-06   |    1.4680     |    0.2659
Density calculation took 0.614539s
Tau required
   10     | -1693.0511214294 |   1.6907e-06   |    1.4646     |    0.2638
Density calculation took 0.614793s
Tau required
   11     | -1693.0511218555 |   1.3747e-07   |    1.4697     |    0.2650
Density calculation took 0.614657s
Tau required
   12     | -1693.0511218676 |   9.9181e-08   |    1.4635     |    0.2671
Density calculation took 0.614808s
Tau required
   13     | -1693.0511218954 |   6.2286e-09   |    1.4677     |    0.2645
Density calculation took 0.614496s
Tau required
   14     | -1693.0511218970 |   7.9646e-10   |    1.4628     |    0.2636
Density calculation took 0.614755s
Tau required
   15     | -1693.0511218971 |   3.1149e-10   |    1.4667     |    0.2649
Density calculation took 0.614640s
Tau required
   16     | -1693.0511218972 |   2.0463e-11   |    1.4624     |    0.2639
Created 648246 / 2985984 significant shell pairs
Created 502825 / 2274064 significant shell pairs
Total number of grid points: 393250 (5783 per atom)
One electron integrals and orthogonalizer took 0.052783s
Created 502825 / 2274064 significant shell pairs
3C integrals and B formation took 2.058552s
Iteration |      Energy      |  DIIS Metric   | Fock Time (s) | DIIS Time (s)
----------+------------------+----------------+---------------+--------------
Density calculation took 0.655886s
Tau required
    1     | -1703.9119115854 |   1.0593e+03   |    1.7278     |    0.2955
Density calculation took 0.641065s
Tau required
    2     | -1692.3798913881 |   2.3291e+00   |    1.5154     |    0.2615
Density calculation took 0.619848s
Tau required
    3     | -1692.2240997902 |   3.0674e+00   |    1.4741     |    0.2700
Density calculation took 0.620387s
Tau required
    4     | -1693.0429110025 |   9.7826e-02   |    1.4731     |    0.2608
Density calculation took 0.620559s
Tau required
    5     | -1693.0615073534 |   2.9584e-02   |    1.4744     |    0.2705
Density calculation took 0.620322s
Tau required
    6     | -1693.0687901817 |   4.2883e-03   |    1.4751     |    0.2625
Density calculation took 0.620578s
Tau required
    7     | -1693.0698616097 |   5.8931e-04   |    1.4743     |    0.2732
Density calculation took 0.620235s
Tau required
    8     | -1693.0699859970 |   1.6492e-04   |    1.4728     |    0.2644
Density calculation took 0.620590s
Tau required
    9     | -1693.0700319562 |   9.6215e-06   |    1.4757     |    0.2628
Density calculation took 0.620475s
Tau required
   10     | -1693.0700339295 |   3.3663e-06   |    1.4734     |    0.2655
Density calculation took 0.620684s
Tau required
   11     | -1693.0700348105 |   6.9793e-07   |    1.4744     |    0.2655
Density calculation took 0.620831s
Tau required
   12     | -1693.0700350092 |   7.5505e-08   |    1.4748     |    0.2646
Density calculation took 0.620932s
Tau required
   13     | -1693.0700350267 |   1.5441e-08   |    1.4753     |    0.2658
Density calculation took 0.620470s
Tau required
   14     | -1693.0700350307 |   1.5516e-09   |    1.4758     |    0.2646
Density calculation took 0.620717s
Tau required
   15     | -1693.0700350310 |   5.4877e-10   |    1.4735     |    0.2644
Density calculation took 0.620533s
Tau required
   16     | -1693.0700350311 |   4.2746e-11   |    1.4742     |    0.2651
Please cite the following papers for the methods used in this calculation:
 - J.L. Galvez Vallejo et. al., Toward an extreme-scale electronic structure system, J. Chem. Phys., 2023. DOI: 10.1063/5.0156399

 - R. Stocks, E. Palethorpe, and G.M.J. Barca, Multi-GPU RI-HF Energies and Analytic Gradients ─ Toward High-Throughput Ab Initio Molecular Dynamics, J. Chem. Theory Comput., 2024. DOI: 10.1021/acs.jctc.4c00877
   For:
     * RI-HF energy

 - S. Lehtola, C. Steigemann, M.J.T. Oliveira, and M.A.L. Marques, Recent developments in Libxc: A comprehensive library of functionals for density functional theory, SoftwareX, 2018. DOI: 10.1016/j.softx.2017.11.002
   For:
     * LibXC version 6.2.0

 - D.B. Williams-Young, W.A. de Jong, H.J.J. van Dam, and C. Yang, On the Efficient Evaluation of the Exchange Correlation Potential on Graphics Processing Unit Clusters, Frontiers in Chemistry, 2020. DOI: 10.3389/fchem.2020.581058
   For:
     * ExchCXX GPU implementation of exchange-correlation functionals

 - R. Stocks and G.M.J. Barca, Efficient Algorithms for GPU Accelerated Evaluation of the DFT Exchange-Correlation Functional, J. Chem. Theory Comput., 2025. DOI: 10.1021/acs.jctc.5c01229
   For:
     * GPU accelerated DFT exchange-correlation evaluation

 - N. Mardirossian and M. Head-Gordon.,  J. Chem. Phys. 142, 074111 (2015) DOI: 10.1063/1.4907719
   For:
     * MGGA_XC_B97M_V XC Functional

[CRAYBLAS_WARNING] Application linked against multiple cray-libsci libraries
