Total number of grid points: 392806 (5776 per atom)
Density calculation took 0.651910s
Tau required
Density calculation took 0.626043s
Tau required
Density calculation took 0.606026s
Tau required
Density calculation took 0.606499s
Tau required
Density calculation took 0.605610s
Tau required
Density calculation took 0.607452s
Tau required
Density calculation took 0.605677s
Tau required
Density calculation took 0.607564s
Tau required
Density calculation took 0.606533s
Tau required
Density calculation took 0.608145s
Tau required
Density calculation took 0.606778s
Tau required
Density calculation took 0.608427s
Tau required
Density calculation took 0.606350s
Tau required
Density calculation took 0.608703s
Tau required
Density calculation took 0.607390s
Tau required
Density calculation took 0.608694s
Tau required
Density calculation took 0.607790s
Tau required
Total number of grid points: 392469 (5771 per atom)
Density calculation took 0.657297s
Tau required
Density calculation took 0.638893s
Tau required
Density calculation took 0.615539s
Tau required
Density calculation took 0.615896s
Tau required
Density calculation took 0.614293s
Tau required
Density calculation took 0.615790s
Tau required
Density calculation took 0.616249s
Tau required
Density calculation took 0.615241s
Tau required
Density calculation took 0.616345s
Tau required
Density calculation took 0.616384s
Tau required
Density calculation took 0.616436s
Tau required
Density calculation took 0.614912s
Tau required
Density calculation took 0.616642s
Tau required
Density calculation took 0.615836s
Tau required
Density calculation took 0.615799s
Tau required
Density calculation took 0.616769s
Tau required
Density calculation took 0.616713s
Tau required
Total number of grid points: 392342 (5769 per atom)
Density calculation took 0.659915s
Tau required
Density calculation took 0.630538s
Tau required
Density calculation took 0.607204s
Tau required
Density calculation took 0.607572s
Tau required
Density calculation took 0.608310s
Tau required
Density calculation took 0.609282s
Tau required
Density calculation took 0.609113s
Tau required
Density calculation took 0.608821s
Tau required
Density calculation took 0.609453s
Tau required
Density calculation took 0.609314s
Tau required
Density calculation took 0.609657s
Tau required
Density calculation took 0.608643s
Tau required
Density calculation took 0.609692s
Tau required
Density calculation took 0.609495s
Tau required
Density calculation took 0.609799s
Tau required
Density calculation took 0.609287s
Tau required
Density calculation took 0.610047s
Tau required
Density calculation took 0.610064s
Tau required
Total number of grid points: 392780 (5776 per atom)
Density calculation took 0.657566s
Tau required
Density calculation took 0.636332s
Tau required
Density calculation took 0.615466s
Tau required
Density calculation took 0.614936s
Tau required
Density calculation took 0.615239s
Tau required
Density calculation took 0.615391s
Tau required
Density calculation took 0.615214s
Tau required
Density calculation took 0.614579s
Tau required
Density calculation took 0.615782s
Tau required
Density calculation took 0.615909s
Tau required
Density calculation took 0.615715s
Tau required
Density calculation took 0.616012s
Tau required
Density calculation took 0.615602s
Tau required
Density calculation took 0.615910s
Tau required
Density calculation took 0.615491s
Tau required
Density calculation took 0.615467s
Tau required
Density calculation took 0.615964s
Tau required
Total number of grid points: 392269 (5768 per atom)
Density calculation took 0.656998s
Tau required
Density calculation took 0.635486s
Tau required
Density calculation took 0.613964s
Tau required
Density calculation took 0.614453s
Tau required
Density calculation took 0.614838s
Tau required
Density calculation took 0.613654s
Tau required
Density calculation took 0.615286s
Tau required
Density calculation took 0.615051s
Tau required
Density calculation took 0.615127s
Tau required
Density calculation took 0.614688s
Tau required
Density calculation took 0.615153s
Tau required
Density calculation took 0.615064s
Tau required
Density calculation took 0.615218s
Tau required
Density calculation took 0.615241s
Tau required
Density calculation took 0.615004s
Tau required
Density calculation took 0.615053s
Tau required
Density calculation took 0.615260s
Tau required
Total number of grid points: 392893 (5777 per atom)
Density calculation took 0.657084s
Tau required
Density calculation took 0.635160s
Tau required
Density calculation took 0.614780s
Tau required
Density calculation took 0.615283s
Tau required
Density calculation took 0.615462s
Tau required
Density calculation took 0.615197s
Tau required
Density calculation took 0.615644s
Tau required
Density calculation took 0.615582s
Tau required
Density calculation took 0.614941s
Tau required
Density calculation took 0.615839s
Tau required
Density calculation took 0.614750s
Tau required
Density calculation took 0.615653s
Tau required
Density calculation took 0.615722s
Tau required
Density calculation took 0.614880s
Tau required
Density calculation took 0.615473s
Tau required
Density calculation took 0.615434s
Tau required
Density calculation took 0.615494s
Tau required
Total number of grid points: 392072 (5765 per atom)
Density calculation took 0.667484s
Tau required
Density calculation took 0.645962s
Tau required
Density calculation took 0.624645s
Tau required
Density calculation took 0.625064s
Tau required
Density calculation took 0.625288s
Tau required
Density calculation took 0.625270s
Tau required
Density calculation took 0.625273s
Tau required
Density calculation took 0.624657s
Tau required
Density calculation took 0.625272s
Tau required
Density calculation took 0.625428s
Tau required
Density calculation took 0.625138s
Tau required
Density calculation took 0.625598s
Tau required
Density calculation took 0.624848s
Tau required
Density calculation took 0.625463s
Tau required
Density calculation took 0.624936s
Tau required
Density calculation took 0.624856s
Tau required
Density calculation took 0.625607s
Tau required
Total number of grid points: 392736 (5775 per atom)
Density calculation took 0.652995s
Tau required
Density calculation took 0.636287s
Tau required
Density calculation took 0.614041s
Tau required
Density calculation took 0.615389s
Tau required
Density calculation took 0.614559s
Tau required
Density calculation took 0.614922s
Tau required
Density calculation took 0.615554s
Tau required
Density calculation took 0.615006s
Tau required
Density calculation took 0.614986s
Tau required
Density calculation took 0.615393s
Tau required
Density calculation took 0.615514s
Tau required
Density calculation took 0.615591s
Tau required
Density calculation took 0.615072s
Tau required
Density calculation took 0.615157s
Tau required
Density calculation took 0.615452s
Tau required
Density calculation took 0.615338s
Tau required
Density calculation took 0.615588s
Tau required
Total number of grid points: 393168 (5781 per atom)
Density calculation took 0.681650s
Tau required
Density calculation took 0.634104s
Tau required
Density calculation took 0.614041s
Tau required
Density calculation took 0.612292s
Tau required
Density calculation took 0.613320s
Tau required
Density calculation took 0.613484s
Tau required
Density calculation took 0.614328s
Tau required
Density calculation took 0.613764s
Tau required
Density calculation took 0.614471s
Tau required
Density calculation took 0.613340s
Tau required
Density calculation took 0.614317s
Tau required
Density calculation took 0.613500s
Tau required
Density calculation took 0.613889s
Tau required
Density calculation took 0.613895s
Tau required
Density calculation took 0.614521s
Tau required
Density calculation took 0.613313s
Tau required
Density calculation took 0.614395s
Tau required
Total number of grid points: 392293 (5769 per atom)
Density calculation took 0.695810s
Tau required
Density calculation took 0.638978s
Tau required
Density calculation took 0.616598s
Tau required
Density calculation took 0.616852s
Tau required
Density calculation took 0.617020s
Tau required
Density calculation took 0.616408s
Tau required
Density calculation took 0.615966s
Tau required
Density calculation took 0.616458s
Tau required
Density calculation took 0.616542s
Tau required
Density calculation took 0.616779s
Tau required
Density calculation took 0.617116s
Tau required
Density calculation took 0.617265s
Tau required
Density calculation took 0.617588s
Tau required
Density calculation took 0.617420s
Tau required
Density calculation took 0.617256s
Tau required
Density calculation took 0.616849s
Tau required
Density calculation took 0.616724s
Tau required
Total number of grid points: 393008 (5779 per atom)
Density calculation took 0.682175s
Tau required
Density calculation took 0.635135s
Tau required
Density calculation took 0.613697s
Tau required
Density calculation took 0.614268s
Tau required
Density calculation took 0.613844s
Tau required
Density calculation took 0.614576s
Tau required
Density calculation took 0.613348s
Tau required
Density calculation took 0.613960s
Tau required
Density calculation took 0.613953s
Tau required
Density calculation took 0.614864s
Tau required
Density calculation took 0.614342s
Tau required
Density calculation took 0.614361s
Tau required
Density calculation took 0.614226s
Tau required
Density calculation took 0.614781s
Tau required
Density calculation took 0.613736s
Tau required
Density calculation took 0.614591s
Tau required
Density calculation took 0.614387s
Tau required
Total number of grid points: 391578 (5758 per atom)
Density calculation took 0.686714s
Tau required
Density calculation took 0.636009s
Tau required
Density calculation took 0.615229s
Tau required
Density calculation took 0.614496s
Tau required
Density calculation took 0.614333s
Tau required
Density calculation took 0.614925s
Tau required
Density calculation took 0.614935s
Tau required
Density calculation took 0.615395s
Tau required
Density calculation took 0.615741s
Tau required
Density calculation took 0.615014s
Tau required
Density calculation took 0.615428s
Tau required
Density calculation took 0.614762s
Tau required
Density calculation took 0.615542s
Tau required
Density calculation took 0.615440s
Tau required
Density calculation took 0.614924s
Tau required
Density calculation took 0.614838s
Tau required
Density calculation took 0.615058s
Tau required
Total number of grid points: 392622 (5773 per atom)
Density calculation took 0.685451s
Tau required
Density calculation took 0.634977s
Tau required
Density calculation took 0.613594s
Tau required
Density calculation took 0.614666s
Tau required
Density calculation took 0.613880s
Tau required
Density calculation took 0.614346s
Tau required
Density calculation took 0.613572s
Tau required
Density calculation took 0.614768s
Tau required
Density calculation took 0.614319s
Tau required
Density calculation took 0.614836s
Tau required
Density calculation took 0.614298s
Tau required
Density calculation took 0.614731s
Tau required
Density calculation took 0.613742s
Tau required
Density calculation took 0.614973s
Tau required
Density calculation took 0.613952s
Tau required
Density calculation took 0.614030s
Tau required
Density calculation took 0.614120s
Tau required
Total number of grid points: 392457 (5771 per atom)
Density calculation took 0.701268s
Tau required
Density calculation took 0.644554s
Tau required
Density calculation took 0.624806s
Tau required
Density calculation took 0.624301s
Tau required
Density calculation took 0.624872s
Tau required
Density calculation took 0.625177s
Tau required
Density calculation took 0.624921s
Tau required
Density calculation took 0.625038s
Tau required
Density calculation took 0.625306s
Tau required
Density calculation took 0.625025s
Tau required
Density calculation took 0.624865s
Tau required
Density calculation took 0.625378s
Tau required
Density calculation took 0.624807s
Tau required
Density calculation took 0.624749s
Tau required
Density calculation took 0.625214s
Tau required
Density calculation took 0.624522s
Tau required
Total number of grid points: 393265 (5783 per atom)
Density calculation took 0.685006s
Tau required
Density calculation took 0.635984s
Tau required
Density calculation took 0.614407s
Tau required
Density calculation took 0.613072s
Tau required
Density calculation took 0.614735s
Tau required
Density calculation took 0.612944s
Tau required
Density calculation took 0.614371s
Tau required
Density calculation took 0.612995s
Tau required
Density calculation took 0.614679s
Tau required
Density calculation took 0.614453s
Tau required
Density calculation took 0.613553s
Tau required
Density calculation took 0.613633s
Tau required
Density calculation took 0.614722s
Tau required
Density calculation took 0.614936s
Tau required
Density calculation took 0.615235s
Tau required
Density calculation took 0.615075s
Tau required
Density calculation took 0.614963s
Tau required
Total number of grid points: 392501 (5772 per atom)
Density calculation took 0.690460s
Tau required
Density calculation took 0.632546s
Tau required
Density calculation took 0.609478s
Tau required
Density calculation took 0.610223s
Tau required
Density calculation took 0.609784s
Tau required
Density calculation took 0.609464s
Tau required
Density calculation took 0.610832s
Tau required
Density calculation took 0.610228s
Tau required
Density calculation took 0.610776s
Tau required
Density calculation took 0.610474s
Tau required
Density calculation took 0.610997s
Tau required
Density calculation took 0.610581s
Tau required
Density calculation took 0.611079s
Tau required
Density calculation took 0.610164s
Tau required
Density calculation took 0.611190s
Tau required
Density calculation took 0.610631s
Tau required
Density calculation took 0.610819s
Tau required
Total number of grid points: 392101 (5766 per atom)
Density calculation took 0.701172s
Tau required
Density calculation took 0.643294s
Tau required
Density calculation took 0.621886s
Tau required
Density calculation took 0.621912s
Tau required
Density calculation took 0.622383s
Tau required
Density calculation took 0.622731s
Tau required
Density calculation took 0.622253s
Tau required
Density calculation took 0.622845s
Tau required
Density calculation took 0.622469s
Tau required
Density calculation took 0.623074s
Tau required
Density calculation took 0.622607s
Tau required
Density calculation took 0.622131s
Tau required
Density calculation took 0.622476s
Tau required
Density calculation took 0.622936s
Tau required
Density calculation took 0.622464s
Tau required
Density calculation took 0.622674s
Tau required
Total number of grid points: 392973 (5779 per atom)
Density calculation took 0.671145s
Tau required
Density calculation took 0.639488s
Tau required
Density calculation took 0.618804s
Tau required
Density calculation took 0.619310s
Tau required
Density calculation took 0.618811s
Tau required
Density calculation took 0.618705s
Tau required
Density calculation took 0.619737s
Tau required
Density calculation took 0.618481s
Tau required
Density calculation took 0.619244s
Tau required
Density calculation took 0.619042s
Tau required
Density calculation took 0.618799s
Tau required
Density calculation took 0.618949s
Tau required
Density calculation took 0.619533s
Tau required
Density calculation took 0.619516s
Tau required
Density calculation took 0.619275s
Tau required
Density calculation took 0.619484s
Tau required
Density calculation took 0.619277s
Tau required
Total number of grid points: 392932 (5778 per atom)
Density calculation took 0.655553s
Tau required
Density calculation took 0.637919s
Tau required
Density calculation took 0.617078s
Tau required
Density calculation took 0.616761s
Tau required
Density calculation took 0.616970s
Tau required
Density calculation took 0.616242s
Tau required
Density calculation took 0.617365s
Tau required
Density calculation took 0.616844s
Tau required
Density calculation took 0.617210s
Tau required
Density calculation took 0.616982s
Tau required
Density calculation took 0.617332s
Tau required
Density calculation took 0.616954s
Tau required
Density calculation took 0.617128s
Tau required
Density calculation took 0.617243s
Tau required
Density calculation took 0.617258s
Tau required
Density calculation took 0.616954s
Tau required
Density calculation took 0.617238s
Tau required
Total number of grid points: 391957 (5764 per atom)
Density calculation took 0.660701s
Tau required
Density calculation took 0.632965s
Tau required
Density calculation took 0.611937s
Tau required
Density calculation took 0.611315s
Tau required
Density calculation took 0.612041s
Tau required
Density calculation took 0.611517s
Tau required
Density calculation took 0.612432s
Tau required
Density calculation took 0.612046s
Tau required
Density calculation took 0.612174s
Tau required
Density calculation took 0.612490s
Tau required
Density calculation took 0.612514s
Tau required
Density calculation took 0.612257s
Tau required
Density calculation took 0.612386s
Tau required
Density calculation took 0.612725s
Tau required
Density calculation took 0.611796s
Tau required
Density calculation took 0.612506s
Tau required
Density calculation took 0.612306s
Tau required
[CRAYBLAS_WARNING] Application linked against multiple cray-libsci libraries
    : -1693.02814266
Nuclear Repulsion Energy: 4791.3465728
Electronic Energy:        -6234.42452285
XC Energy:                -249.950193
Converged:                1
# of SCF iterations:      17
SCF Time:                 32.245s

=======================================================
            Individual Calculation Summary             
=======================================================
HF Energy: -1693.0281426607036792
=======================================================


Topology 9 time: 32.452834 s, performance: SP: 0 FLOP/s, DP: 34.23 TFLOP/s
JSON file written to: json_logs/lustre_orion_chm213_scratch_ryan_dhdft_inputs_exess_exess_inputs_B97M-V_def2-TZVP_isomers_31080-31099_topology_9.json
************************************************************
**************** Running topology 11 of 20 *****************
************************************************************

************************************************************
************ Beginning RI-MGGA_XC_B97M_V energy ************
************************************************************

=======================================================
             MGGA_XC_B97M_V Energy Results             
=======================================================
E MGGA_XC_B97M_V      : -1693.03914331
Nuclear Repulsion Energy: 4761.52600801
Electronic Energy:        -6204.61925453
XC Energy:                -249.945897
Converged:                1
# of SCF iterations:      17
SCF Time:                 32.329s

=======================================================
            Individual Calculation Summary             
=======================================================
HF Energy: -1693.0391433074289580
=======================================================


Topology 10 time: 32.534774 s, performance: SP: 0 FLOP/s, DP: 34.2 TFLOP/s
JSON file written to: json_logs/lustre_orion_chm213_scratch_ryan_dhdft_inputs_exess_exess_inputs_B97M-V_def2-TZVP_isomers_31080-31099_topology_10.json
************************************************************
**************** Running topology 12 of 20 *****************
************************************************************

************************************************************
************ Beginning RI-MGGA_XC_B97M_V energy ************
************************************************************

=======================================================
             MGGA_XC_B97M_V Energy Results             
=======================================================
E MGGA_XC_B97M_V      : -1693.02262749
Nuclear Repulsion Energy: 4761.90400393
Electronic Energy:        -6204.98067288
XC Energy:                -249.945959
Converged:                1
# of SCF iterations:      17
SCF Time:                 32.092s

=======================================================
            Individual Calculation Summary             
=======================================================
HF Energy: -1693.0226274878000368
=======================================================


Topology 11 time: 32.299310 s, performance: SP: 0 FLOP/s, DP: 34.4 TFLOP/s
JSON file written to: json_logs/lustre_orion_chm213_scratch_ryan_dhdft_inputs_exess_exess_inputs_B97M-V_def2-TZVP_isomers_31080-31099_topology_11.json
************************************************************
**************** Running topology 13 of 20 *****************
************************************************************

************************************************************
************ Beginning RI-MGGA_XC_B97M_V energy ************
************************************************************

=======================================================
             MGGA_XC_B97M_V Energy Results             
=======================================================
E MGGA_XC_B97M_V      : -1693.01570604
Nuclear Repulsion Energy: 4773.47817639
Electronic Energy:        -6216.54242014
XC Energy:                -249.951462
Converged:                1
# of SCF iterations:      17
SCF Time:                 32.101s

=======================================================
            Individual Calculation Summary             
=======================================================
HF Energy: -1693.0157060382164218
=======================================================


Topology 12 time: 32.308211 s, performance: SP: 0 FLOP/s, DP: 34.38 TFLOP/s
JSON file written to: json_logs/lustre_orion_chm213_scratch_ryan_dhdft_inputs_exess_exess_inputs_B97M-V_def2-TZVP_isomers_31080-31099_topology_12.json
************************************************************
**************** Running topology 14 of 20 *****************
************************************************************

************************************************************
************ Beginning RI-MGGA_XC_B97M_V energy ************
************************************************************

=======================================================
             MGGA_XC_B97M_V Energy Results             
=======================================================
E MGGA_XC_B97M_V      : -1693.02844142
Nuclear Repulsion Energy: 4765.99166242
Electronic Energy:        -6209.06844478
XC Energy:                -249.951659
Converged:                1
# of SCF iterations:      16
SCF Time:                 30.725s

=======================================================
            Individual Calculation Summary             
=======================================================
HF Energy: -1693.0284414190127791
=======================================================


Topology 13 time: 30.931200 s, performance: SP: 0 FLOP/s, DP: 33.96 TFLOP/s
JSON file written to: json_logs/lustre_orion_chm213_scratch_ryan_dhdft_inputs_exess_exess_inputs_B97M-V_def2-TZVP_isomers_31080-31099_topology_13.json
************************************************************
**************** Running topology 15 of 20 *****************
************************************************************

************************************************************
************ Beginning RI-MGGA_XC_B97M_V energy ************
************************************************************

=======================================================
             MGGA_XC_B97M_V Energy Results             
=======================================================
E MGGA_XC_B97M_V      : -1693.0331808
Nuclear Repulsion Energy: 4767.90259432
Electronic Energy:        -6210.98666905
XC Energy:                -249.949106
Converged:                1
# of SCF iterations:      17
SCF Time:                 32.171s

=======================================================
            Individual Calculation Summary             
=======================================================
HF Energy: -1693.0331808001128593
=======================================================


Topology 14 time: 32.378982 s, performance: SP: 0 FLOP/s, DP: 34.32 TFLOP/s
JSON file written to: json_logs/lustre_orion_chm213_scratch_ryan_dhdft_inputs_exess_exess_inputs_B97M-V_def2-TZVP_isomers_31080-31099_topology_14.json
************************************************************
**************** Running topology 16 of 20 *****************
************************************************************

************************************************************
************ Beginning RI-MGGA_XC_B97M_V energy ************
************************************************************

=======================================================
             MGGA_XC_B97M_V Energy Results             
=======================================================
E MGGA_XC_B97M_V      : -1693.02126193
Nuclear Repulsion Energy: 4745.99340768
Electronic Energy:        -6189.07023555
XC Energy:                -249.944434
Converged:                1
# of SCF iterations:      17
SCF Time:                 32.056s

=======================================================
            Individual Calculation Summary             
=======================================================
HF Energy: -1693.0212619306025772
=======================================================


Topology 15 time: 32.261973 s, performance: SP: 0 FLOP/s, DP: 34.45 TFLOP/s
JSON file written to: json_logs/lustre_orion_chm213_scratch_ryan_dhdft_inputs_exess_exess_inputs_B97M-V_def2-TZVP_isomers_31080-31099_topology_15.json
************************************************************
**************** Running topology 17 of 20 *****************
************************************************************

************************************************************
************ Beginning RI-MGGA_XC_B97M_V energy ************
************************************************************

=======================================================
             MGGA_XC_B97M_V Energy Results             
=======================================================
E MGGA_XC_B97M_V      : -1693.02250768
Nuclear Repulsion Energy: 4740.11092835
Electronic Energy:        -6183.18782625
XC Energy:                -249.945610
Converged:                1
# of SCF iterations:      16
SCF Time:                 30.586s

=======================================================
            Individual Calculation Summary             
=======================================================
HF Energy: -1693.0225076778335733
=======================================================


Topology 16 time: 30.792359 s, performance: SP: 0 FLOP/s, DP: 34.11 TFLOP/s
JSON file written to: json_logs/lustre_orion_chm213_scratch_ryan_dhdft_inputs_exess_exess_inputs_B97M-V_def2-TZVP_isomers_31080-31099_topology_16.json
************************************************************
**************** Running topology 18 of 20 *****************
************************************************************

************************************************************
************ Beginning RI-MGGA_XC_B97M_V energy ************
************************************************************

=======================================================
             MGGA_XC_B97M_V Energy Results             
=======================================================
E MGGA_XC_B97M_V      : -1693.0364036
Nuclear Repulsion Energy: 4858.34760379
Electronic Energy:        -6301.43281431
XC Energy:                -249.951193
Converged:                1
# of SCF iterations:      17
SCF Time:                 32.193s

=======================================================
            Individual Calculation Summary             
=======================================================
HF Energy: -1693.0364036033870434
=======================================================


Topology 17 time: 32.405875 s, performance: SP: 0 FLOP/s, DP: 34.28 TFLOP/s
JSON file written to: json_logs/lustre_orion_chm213_scratch_ryan_dhdft_inputs_exess_exess_inputs_B97M-V_def2-TZVP_isomers_31080-31099_topology_17.json
************************************************************
**************** Running topology 19 of 20 *****************
************************************************************

************************************************************
************ Beginning RI-MGGA_XC_B97M_V energy ************
************************************************************

=======================================================
             MGGA_XC_B97M_V Energy Results             
=======================================================
E MGGA_XC_B97M_V      : -1693.02614672
Nuclear Repulsion Energy: 4967.96819358
Electronic Energy:        -6411.03192726
XC Energy:                -249.962413
Converged:                1
# of SCF iterations:      17
SCF Time:                 32.326s

=======================================================
            Individual Calculation Summary             
=======================================================
HF Energy: -1693.0261467203722532
=======================================================


Topology 18 time: 32.549468 s, performance: SP: 0 FLOP/s, DP: 34.01 TFLOP/s
JSON file written to: json_logs/lustre_orion_chm213_scratch_ryan_dhdft_inputs_exess_exess_inputs_B97M-V_def2-TZVP_isomers_31080-31099_topology_18.json
************************************************************
**************** Running topology 20 of 20 *****************
************************************************************

************************************************************
************ Beginning RI-MGGA_XC_B97M_V energy ************
************************************************************

=======================================================
             MGGA_XC_B97M_V Energy Results             
=======================================================
E MGGA_XC_B97M_V      : -1693.03121444
Nuclear Repulsion Energy: 4956.91848331
Electronic Energy:        -6399.98924093
XC Energy:                -249.960457
Converged:                1
# of SCF iterations:      17
SCF Time:                 32.247s

=======================================================
            Individual Calculation Summary             
=======================================================
HF Energy: -1693.0312144393687959
=======================================================


Topology 19 time: 32.469409 s, performance: SP: 0 FLOP/s, DP: 34.12 TFLOP/s
JSON file written to: json_logs/lustre_orion_chm213_scratch_ryan_dhdft_inputs_exess_exess_inputs_B97M-V_def2-TZVP_isomers_31080-31099_topology_19.json
Total flops: SP: 0 FLOPS, DP: 22.139095 PFLOPS
Performance: SP: 0 FLOP/s, DP: 33.66 TFLOP/s

Now, a word from our sponsors... 
 Deep dish pizza IS pizza.

[31mTotal processing time 658.056768 seconds[0m
[CRAYBLAS_WARNING] Application linked against multiple cray-libsci libraries
     | -1692.3264068168 |   2.3494e+00   |    1.4938     |    0.2602
Density calculation took 0.615787s
Tau required
    3     | -1692.1351022451 |   3.2532e+00   |    1.4546     |    0.2705
Density calculation took 0.616463s
Tau required
    4     | -1692.9868038297 |   1.0448e-01   |    1.4554     |    0.2611
Density calculation took 0.616401s
Tau required
    5     | -1693.0044068748 |   4.0322e-02   |    1.4531     |    0.2720
Density calculation took 0.614149s
Tau required
    6     | -1693.0145182001 |   4.2022e-03   |    1.4494     |    0.2634
Density calculation took 0.616768s
Tau required
    7     | -1693.0154151477 |   1.0148e-03   |    1.4572     |    0.2723
Density calculation took 0.614960s
Tau required
    8     | -1693.0156473325 |   2.0427e-04   |    1.4543     |    0.2653
Density calculation took 0.614411s
Tau required
    9     | -1693.0157028564 |   1.1497e-05   |    1.4527     |    0.2653
Density calculation took 0.616609s
Tau required
   10     | -1693.0157054259 |   2.2698e-06   |    1.4556     |    0.2637
Density calculation took 0.614521s
Tau required
   11     | -1693.0157059420 |   3.3291e-07   |    1.4524     |    0.2648
Density calculation took 0.616639s
Tau required
   12     | -1693.0157060008 |   1.2649e-07   |    1.4541     |    0.2654
Density calculation took 0.614585s
Tau required
   13     | -1693.0157060350 |   1.1113e-08   |    1.4521     |    0.2643
Density calculation took 0.616871s
Tau required
   14     | -1693.0157060378 |   1.5831e-09   |    1.4537     |    0.2635
Density calculation took 0.614469s
Tau required
   15     | -1693.0157060380 |   6.4285e-10   |    1.4505     |    0.2630
Density calculation took 0.616705s
Tau required
   16     | -1693.0157060382 |   1.0220e-10   |    1.4552     |    0.2640
Density calculation took 0.614511s
Tau required
   17     | -1693.0157060382 |   1.3071e-11   |    1.4515     |    0.2625
Created 773967 / 2985984 significant shell pairs
Created 601584 / 2274064 significant shell pairs
Total number of grid points: 392275 (5768 per atom)
One electron integrals and orthogonalizer took 0.056711s
Created 601584 / 2274064 significant shell pairs
3C integrals and B formation took 2.205691s
Iteration |      Energy      |  DIIS Metric   | Fock Time (s) | DIIS Time (s)
----------+------------------+----------------+---------------+--------------
Density calculation took 0.685541s
Tau required
    1     | -1703.9512656089 |   1.0767e+03   |    1.7037     |    0.2960
Density calculation took 0.635171s
Tau required
    2     | -1692.3402547362 |   2.3425e+00   |    1.5333     |    0.2608
Density calculation took 0.612588s
Tau required
    3     | -1692.1559677973 |   3.2212e+00   |    1.4719     |    0.2690
Density calculation took 0.612488s
Tau required
    4     | -1692.9997278417 |   1.0512e-01   |    1.4748     |    0.2619
Density calculation took 0.612699s
Tau required
    5     | -1693.0191364330 |   3.3239e-02   |    1.4712     |    0.2712
Density calculation took 0.613119s
Tau required
    6     | -1693.0276298458 |   2.7229e-03   |    1.4742     |    0.2649
Density calculation took 0.612729s
Tau required
    7     | -1693.0280321114 |   1.3677e-03   |    1.4702     |    0.2754
Density calculation took 0.612698s
Tau required
    8     | -1693.0283722665 |   2.2050e-04   |    1.4750     |    0.2657
Density calculation took 0.612820s
Tau required
    9     | -1693.0284370472 |   1.4818e-05   |    1.4715     |    0.2649
Density calculation took 0.612747s
Tau required
   10     | -1693.0284403152 |   3.8261e-06   |    1.4756     |    0.2645
Density calculation took 0.612678s
Tau required
   11     | -1693.0284411988 |   7.8717e-07   |    1.4701     |    0.2661
Density calculation took 0.613012s
Tau required
   12     | -1693.0284413879 |   1.1166e-07   |    1.4738     |    0.2670
Density calculation took 0.612934s
Tau required
   13     | -1693.0284414143 |   1.6304e-08   |    1.4698     |    0.2672
Density calculation took 0.613047s
Tau required
   14     | -1693.0284414185 |   1.7106e-09   |    1.4732     |    0.2656
Density calculation took 0.613120s
Tau required
   15     | -1693.0284414187 |   1.0718e-09   |    1.4690     |    0.2643
Density calculation took 0.613039s
Tau required
   16     | -1693.0284414190 |   3.5055e-11   |    1.4760     |    0.2661
Created 775911 / 2985984 significant shell pairs
Created 602480 / 2274064 significant shell pairs
Total number of grid points: 392072 (5765 per atom)
One electron integrals and orthogonalizer took 0.056782s
Created 602480 / 2274064 significant shell pairs
3C integrals and B formation took 2.207181s
Iteration |      Energy      |  DIIS Metric   | Fock Time (s) | DIIS Time (s)
----------+------------------+----------------+---------------+--------------
Density calculation took 0.651805s
Tau required
    1     | -1703.9568630727 |   1.0778e+03   |    1.6874     |    0.2958
Density calculation took 0.635441s
Tau required
    2     | -1692.3406445660 |   2.3570e+00   |    1.4984     |    0.2606
Density calculation took 0.612989s
Tau required
    3     | -1692.1082433998 |   3.4003e+00   |    1.4582     |    0.2768
Density calculation took 0.613212s
Tau required
    4     | -1692.9783769542 |   1.9650e-01   |    1.4554     |    0.2604
Density calculation took 0.613481s
Tau required
    5     | -1693.0194038182 |   5.0829e-02   |    1.4573     |    0.2708
Density calculation took 0.615389s
Tau required
    6     | -1693.0312196763 |   7.1250e-03   |    1.4559     |    0.2638
Density calculation took 0.613611s
Tau required
    7     | -1693.0328273257 |   1.2082e-03   |    1.4573     |    0.2729
Density calculation took 0.613995s
Tau required
    8     | -1693.0331075076 |   2.5961e-04   |    1.4558     |    0.2638
Density calculation took 0.615573s
Tau required
    9     | -1693.0331759714 |   1.6648e-05   |    1.4606     |    0.2655
Density calculation took 0.613873s
Tau required
   10     | -1693.0331794871 |   4.2573e-06   |    1.4557     |    0.2654
Density calculation took 0.615467s
Tau required
   11     | -1693.0331803830 |   1.3204e-06   |    1.4553     |    0.2633
Density calculation took 0.613908s
Tau required
   12     | -1693.0331807625 |   1.1885e-07   |    1.4548     |    0.2655
Density calculation took 0.615608s
Tau required
   13     | -1693.0331807931 |   2.3075e-08   |    1.4585     |    0.2643
Density calculation took 0.613988s
Tau required
   14     | -1693.0331807991 |   3.4192e-09   |    1.4588     |    0.2655
Density calculation took 0.615798s
Tau required
   15     | -1693.0331807997 |   1.6778e-09   |    1.4588     |    0.2660
Density calculation took 0.613932s
Tau required
   16     | -1693.0331808001 |   2.2494e-10   |    1.4576     |    0.2635
Density calculation took 0.616288s
Tau required
   17     | -1693.0331808001 |   2.7629e-11   |    1.4598     |    0.2654
Created 769296 / 2985984 significant shell pairs
Created 597679 / 2274064 significant shell pairs
Total number of grid points: 392314 (5769 per atom)
One electron integrals and orthogonalizer took 0.057441s
Created 597679 / 2274064 significant shell pairs
3C integrals and B formation took 2.195164s
Iteration |      Energy      |  DIIS Metric   | Fock Time (s) | DIIS Time (s)
----------+------------------+----------------+---------------+--------------
Density calculation took 0.638686s
Tau required
    1     | -1703.9414972414 |   1.0760e+03   |    1.7012     |    0.2971
Density calculation took 0.633268s
Tau required
    2     | -1692.3340797696 |   2.3302e+00   |    1.4875     |    0.2588
Density calculation took 0.610156s
Tau required
    3     | -1692.1366647837 |   3.2253e+00   |    1.4512     |    0.2714
Density calculation took 0.609854s
Tau required
    4     | -1692.9760319391 |   1.5668e-01   |    1.4473     |    0.2613
Density calculation took 0.610831s
Tau required
    5     | -1693.0087767886 |   4.3145e-02   |    1.4523     |    0.2702
Density calculation took 0.611149s
Tau required
    6     | -1693.0193233308 |   6.5069e-03   |    1.4450     |    0.2626
Density calculation took 0.610672s
Tau required
    7     | -1693.0207346848 |   1.6777e-03   |    1.4564     |    0.2735
Density calculation took 0.611332s
Tau required
    8     | -1693.0211570359 |   3.7508e-04   |    1.4464     |    0.2654
Density calculation took 0.610752s
Tau required
    9     | -1693.0212551582 |   2.2530e-05   |    1.4540     |    0.2648
Density calculation took 0.611605s
Tau required
   10     | -1693.0212611191 |   2.8205e-06   |    1.4457     |    0.2652
Density calculation took 0.611026s
Tau required
   11     | -1693.0212617806 |   5.3576e-07   |    1.4539     |    0.2654
Density calculation took 0.611367s
Tau required
   12     | -1693.0212618999 |   1.0542e-07   |    1.4472     |    0.2643
Density calculation took 0.610797s
Tau required
   13     | -1693.0212619238 |   2.4039e-08   |    1.4526     |    0.2650
Density calculation took 0.611704s
Tau required
   14     | -1693.0212619295 |   3.9497e-09   |    1.4483     |    0.2675
Density calculation took 0.610934s
Tau required
   15     | -1693.0212619303 |   1.0754e-09   |    1.4540     |    0.2642
Density calculation took 0.611606s
Tau required
   16     | -1693.0212619306 |   1.9662e-10   |    1.4479     |    0.2649
Density calculation took 0.610843s
Tau required
   17     | -1693.0212619306 |   2.9598e-11   |    1.4531     |    0.2648
Created 766298 / 2985984 significant shell pairs
Created 595500 / 2274064 significant shell pairs
Total number of grid points: 392893 (5777 per atom)
One electron integrals and orthogonalizer took 0.057087s
Created 595500 / 2274064 significant shell pairs
3C integrals and B formation took 2.209257s
Iteration |      Energy      |  DIIS Metric   | Fock Time (s) | DIIS Time (s)
----------+------------------+----------------+---------------+--------------
Density calculation took 0.649037s
Tau required
    1     | -1703.9438847329 |   1.0763e+03   |    1.7081     |    0.2958
Density calculation took 0.627853s
Tau required
    2     | -1692.3358283341 |   2.3284e+00   |    1.4993     |    0.2594
Density calculation took 0.606385s
Tau required
    3     | -1692.1501975167 |   3.1896e+00   |    1.4644     |    0.2691
Density calculation took 0.607159s
Tau required
    4     | -1692.9868913969 |   1.2755e-01   |    1.4671     |    0.2605
Density calculation took 0.607120s
Tau required
    5     | -1693.0125648689 |   3.5351e-02   |    1.4663     |    0.2709
Density calculation took 0.606718s
Tau required
    6     | -1693.0213726188 |   4.0355e-03   |    1.4680     |    0.2644
Density calculation took 0.606958s
Tau required
    7     | -1693.0222040396 |   1.0461e-03   |    1.4649     |    0.2721
Density calculation took 0.607308s
Tau required
    8     | -1693.0224418037 |   2.3187e-04   |    1.4704     |    0.2654
Density calculation took 0.607459s
Tau required
    9     | -1693.0225030312 |   1.5692e-05   |    1.4674     |    0.2635
Density calculation took 0.607321s
Tau required
   10     | -1693.0225061889 |   4.7387e-06   |    1.4678     |    0.2630
Density calculation took 0.607302s
Tau required
   11     | -1693.0225073959 |   9.2783e-07   |    1.4662     |    0.2637
Density calculation took 0.607334s
Tau required
   12     | -1693.0225076483 |   1.0106e-07   |    1.4654     |    0.2663
Density calculation took 0.607420s
Tau required
   13     | -1693.0225076733 |   1.6049e-08   |    1.4660     |    0.2641
Density calculation took 0.607400s
Tau required
   14     | -1693.0225076772 |   2.3025e-09   |    1.4655     |    0.2648
Density calculation took 0.607247s
Tau required
   15     | -1693.0225076776 |   9.9831e-10   |    1.4649     |    0.2643
Density calculation took 0.607360s
Tau required
   16     | -1693.0225076778 |   9.3200e-11   |    1.4680     |    0.2644
Created 806810 / 2985984 significant shell pairs
Created 627270 / 2274064 significant shell pairs
Total number of grid points: 393060 (5780 per atom)
One electron integrals and orthogonalizer took 0.057995s
Created 627270 / 2274064 significant shell pairs
3C integrals and B formation took 2.242058s
Iteration |      Energy      |  DIIS Metric   | Fock Time (s) | DIIS Time (s)
----------+------------------+----------------+---------------+--------------
Density calculation took 0.652334s
Tau required
    1     | -1703.9588703644 |   1.0784e+03   |    1.6652     |    0.2967
Density calculation took 0.634350s
Tau required
    2     | -1692.3436214300 |   2.3562e+00   |    1.4992     |    0.2591
Density calculation took 0.613610s
Tau required
    3     | -1692.1011443207 |   3.4049e+00   |    1.4598     |    0.2707
Density calculation took 0.614857s
Tau required
    4     | -1692.9611416225 |   2.5097e-01   |    1.4571     |    0.2626
Density calculation took 0.614374s
Tau required
    5     | -1693.0149639455 |   7.3376e-02   |    1.4588     |    0.2704
Density calculation took 0.613926s
Tau required
    6     | -1693.0330445190 |   1.1423e-02   |    1.4559     |    0.2647
Density calculation took 0.614750s
Tau required
    7     | -1693.0359307504 |   1.5918e-03   |    1.4594     |    0.2745
Density calculation took 0.614138s
Tau required
    8     | -1693.0362780696 |   4.4159e-04   |    1.4552     |    0.2656
Density calculation took 0.614702s
Tau required
    9     | -1693.0363924525 |   3.8525e-05   |    1.4585     |    0.2651
Density calculation took 0.614830s
Tau required
   10     | -1693.0364026068 |   3.4932e-06   |    1.4551     |    0.2633
Density calculation took 0.615205s
Tau required
   11     | -1693.0364033118 |   1.0071e-06   |    1.4578     |    0.2639
Density calculation took 0.615316s
Tau required
   12     | -1693.0364035665 |   1.2488e-07   |    1.4553     |    0.2644
Density calculation took 0.615147s
Tau required
   13     | -1693.0364035949 |   2.9510e-08   |    1.4584     |    0.2658
Density calculation took 0.615295s
Tau required
   14     | -1693.0364036016 |   6.2317e-09   |    1.4555     |    0.2649
Density calculation took 0.615039s
Tau required
   15     | -1693.0364036027 |   2.2656e-09   |    1.4564     |    0.2649
Density calculation took 0.614917s
Tau required
   16     | -1693.0364036033 |   4.5194e-10   |    1.4557     |    0.2688
Density calculation took 0.615060s
Tau required
   17     | -1693.0364036034 |   3.1025e-11   |    1.4568     |    0.2642
Created 845580 / 2985984 significant shell pairs
Created 654813 / 2274064 significant shell pairs
Total number of grid points: 392209 (5767 per atom)
One electron integrals and orthogonalizer took 0.057101s
Created 654813 / 2274064 significant shell pairs
3C integrals and B formation took 2.274270s
Iteration |      Energy      |  DIIS Metric   | Fock Time (s) | DIIS Time (s)
----------+------------------+----------------+---------------+--------------
Density calculation took 0.648859s
Tau required
    1     | -1703.9879717668 |   1.0907e+03   |    1.6604     |    0.2973
Density calculation took 0.634787s
Tau required
    2     | -1692.3238828842 |   2.4145e+00   |    1.4983     |    0.2618
Density calculation took 0.612520s
Tau required
    3     | -1691.9590469473 |   3.9690e+00   |    1.4651     |    0.2709
Density calculation took 0.614071s
Tau required
    4     | -1692.8873678872 |   5.0508e-01   |    1.4614     |    0.2600
Density calculation took 0.613149s
Tau required
    5     | -1693.0058634840 |   7.6101e-02   |    1.4652     |    0.2727
Density calculation took 0.613281s
Tau required
    6     | -1693.0231736380 |   1.0808e-02   |    1.4635     |    0.2648
Density calculation took 0.613319s
Tau required
    7     | -1693.0253720623 |   2.5534e-03   |    1.4654     |    0.2737
Density calculation took 0.614619s
Tau required
    8     | -1693.0259119785 |   7.8083e-04   |    1.4619     |    0.2659
Density calculation took 0.614516s
Tau required
    9     | -1693.0261278615 |   6.5319e-05   |    1.4657     |    0.2674
Density calculation took 0.614495s
Tau required
   10     | -1693.0261457686 |   3.3869e-06   |    1.4623     |    0.2643
Density calculation took 0.614600s
Tau required
   11     | -1693.0261463414 |   1.3165e-06   |    1.4679     |    0.2657
Density calculation took 0.614665s
Tau required
   12     | -1693.0261466544 |   2.1484e-07   |    1.4620     |    0.2647
Density calculation took 0.614819s
Tau required
   13     | -1693.0261467069 |   4.3806e-08   |    1.4650     |    0.2651
Density calculation took 0.614645s
Tau required
   14     | -1693.0261467176 |   1.0075e-08   |    1.4629     |    0.2642
Density calculation took 0.614596s
Tau required
   15     | -1693.0261467194 |   3.7766e-09   |    1.4645     |    0.2655
Density calculation took 0.614753s
Tau required
   16     | -1693.0261467202 |   8.4134e-10   |    1.4626     |    0.2652
Density calculation took 0.614499s
Tau required
   17     | -1693.0261467204 |   4.1156e-11   |    1.4644     |    0.2692
Created 841815 / 2985984 significant shell pairs
Created 652575 / 2274064 significant shell pairs
Total number of grid points: 392874 (5777 per atom)
One electron integrals and orthogonalizer took 0.057013s
Created 652575 / 2274064 significant shell pairs
3C integrals and B formation took 2.273160s
Iteration |      Energy      |  DIIS Metric   | Fock Time (s) | DIIS Time (s)
----------+------------------+----------------+---------------+--------------
Density calculation took 0.651969s
Tau required
    1     | -1703.9877666730 |   1.0883e+03   |    1.6678     |    0.2970
Density calculation took 0.634694s
Tau required
    2     | -1692.3296509574 |   2.4074e+00   |    1.4938     |    0.2610
Density calculation took 0.614696s
Tau required
    3     | -1691.9783938175 |   3.9029e+00   |    1.4602     |    0.2710
Density calculation took 0.615197s
Tau required
    4     | -1692.9087255697 |   4.4364e-01   |    1.4599     |    0.2623
Density calculation took 0.614358s
Tau required
    5     | -1693.0081895549 |   8.5909e-02   |    1.4569     |    0.2722
Density calculation took 0.614593s
Tau required
    6     | -1693.0270102633 |   1.4819e-02   |    1.4572     |    0.2640
Density calculation took 0.615008s
Tau required
    7     | -1693.0305810854 |   2.0787e-03   |    1.4568     |    0.2728
Density calculation took 0.614893s
Tau required
    8     | -1693.0310402162 |   6.0467e-04   |    1.4574     |    0.2675
Density calculation took 0.614883s
Tau required
    9     | -1693.0311973117 |   5.6418e-05   |    1.4560     |    0.2654
Density calculation took 0.615268s
Tau required
   10     | -1693.0312124330 |   6.5198e-06   |    1.4582     |    0.2642
Density calculation took 0.615150s
Tau required
   11     | -1693.0312138408 |   2.0712e-06   |    1.4587     |    0.2657
Density calculation took 0.615278s
Tau required
   12     | -1693.0312143786 |   2.0990e-07   |    1.4590     |    0.2654
Density calculation took 0.615049s
Tau required
   13     | -1693.0312144269 |   4.2635e-08   |    1.4563     |    0.2646
Density calculation took 0.615290s
Tau required
   14     | -1693.0312144372 |   7.7756e-09   |    1.4607     |    0.2649
Density calculation took 0.614884s
Tau required
   15     | -1693.0312144385 |   3.2018e-09   |    1.4593     |    0.2655
Density calculation took 0.615290s
Tau required
   16     | -1693.0312144391 |   1.0256e-09   |    1.4605     |    0.2654
Density calculation took 0.614796s
Tau required
   17     | -1693.0312144394 |   3.6446e-11   |    1.4595     |    0.2652
Please cite the following papers for the methods used in this calculation:
 - J.L. Galvez Vallejo et. al., Toward an extreme-scale electronic structure system, J. Chem. Phys., 2023. DOI: 10.1063/5.0156399

 - R. Stocks, E. Palethorpe, and G.M.J. Barca, Multi-GPU RI-HF Energies and Analytic Gradients ─ Toward High-Throughput Ab Initio Molecular Dynamics, J. Chem. Theory Comput., 2024. DOI: 10.1021/acs.jctc.4c00877
   For:
     * RI-HF energy

 - S. Lehtola, C. Steigemann, M.J.T. Oliveira, and M.A.L. Marques, Recent developments in Libxc: A comprehensive library of functionals for density functional theory, SoftwareX, 2018. DOI: 10.1016/j.softx.2017.11.002
   For:
     * LibXC version 6.2.0

 - D.B. Williams-Young, W.A. de Jong, H.J.J. van Dam, and C. Yang, On the Efficient Evaluation of the Exchange Correlation Potential on Graphics Processing Unit Clusters, Frontiers in Chemistry, 2020. DOI: 10.3389/fchem.2020.581058
   For:
     * ExchCXX GPU implementation of exchange-correlation functionals

 - R. Stocks and G.M.J. Barca, Efficient Algorithms for GPU Accelerated Evaluation of the DFT Exchange-Correlation Functional, J. Chem. Theory Comput., 2025. DOI: 10.1021/acs.jctc.5c01229
   For:
     * GPU accelerated DFT exchange-correlation evaluation

 - N. Mardirossian and M. Head-Gordon.,  J. Chem. Phys. 142, 074111 (2015) DOI: 10.1063/1.4907719
   For:
     * MGGA_XC_B97M_V XC Functional

[CRAYBLAS_WARNING] Application linked against multiple cray-libsci libraries
