Total number of grid points: 392696 (5774 per atom)
Density calculation took 0.662983s
Tau required
Density calculation took 0.646556s
Tau required
Density calculation took 0.622255s
Tau required
Density calculation took 0.623282s
Tau required
Density calculation took 0.623378s
Tau required
Density calculation took 0.623565s
Tau required
Density calculation took 0.623830s
Tau required
Density calculation took 0.623780s
Tau required
Density calculation took 0.624209s
Tau required
Density calculation took 0.623928s
Tau required
Density calculation took 0.623765s
Tau required
Density calculation took 0.623841s
Tau required
Density calculation took 0.623665s
Tau required
Density calculation took 0.624069s
Tau required
Density calculation took 0.623825s
Tau required
Density calculation took 0.624334s
Tau required
Total number of grid points: 392206 (5767 per atom)
Density calculation took 0.665668s
Tau required
Density calculation took 0.645517s
Tau required
Density calculation took 0.624065s
Tau required
Density calculation took 0.624612s
Tau required
Density calculation took 0.624602s
Tau required
Density calculation took 0.624391s
Tau required
Density calculation took 0.623940s
Tau required
Density calculation took 0.624556s
Tau required
Density calculation took 0.624592s
Tau required
Density calculation took 0.624986s
Tau required
Density calculation took 0.625098s
Tau required
Density calculation took 0.624952s
Tau required
Density calculation took 0.624477s
Tau required
Density calculation took 0.624728s
Tau required
Density calculation took 0.624684s
Tau required
Density calculation took 0.624509s
Tau required
Total number of grid points: 392393 (5770 per atom)
Density calculation took 0.690864s
Tau required
Density calculation took 0.642484s
Tau required
Density calculation took 0.621965s
Tau required
Density calculation took 0.622238s
Tau required
Density calculation took 0.622274s
Tau required
Density calculation took 0.621911s
Tau required
Density calculation took 0.622270s
Tau required
Density calculation took 0.622069s
Tau required
Density calculation took 0.622500s
Tau required
Density calculation took 0.622381s
Tau required
Density calculation took 0.622286s
Tau required
Density calculation took 0.622231s
Tau required
Density calculation took 0.622117s
Tau required
Density calculation took 0.622365s
Tau required
Density calculation took 0.622587s
Tau required
Density calculation took 0.622475s
Tau required
Total number of grid points: 392779 (5776 per atom)
Density calculation took 0.670199s
Tau required
Density calculation took 0.653163s
Tau required
Density calculation took 0.624649s
Tau required
Density calculation took 0.624954s
Tau required
Density calculation took 0.624582s
Tau required
Density calculation took 0.625077s
Tau required
Density calculation took 0.624819s
Tau required
Density calculation took 0.624945s
Tau required
Density calculation took 0.625091s
Tau required
Density calculation took 0.625050s
Tau required
Density calculation took 0.625194s
Tau required
Density calculation took 0.625354s
Tau required
Density calculation took 0.625093s
Tau required
Density calculation took 0.624870s
Tau required
Density calculation took 0.625130s
Tau required
Density calculation took 0.625116s
Tau required
Total number of grid points: 392673 (5774 per atom)
Density calculation took 0.687026s
Tau required
Density calculation took 0.650485s
Tau required
Density calculation took 0.628174s
Tau required
Density calculation took 0.627840s
Tau required
Density calculation took 0.628186s
Tau required
Density calculation took 0.628326s
Tau required
Density calculation took 0.628356s
Tau required
Density calculation took 0.628487s
Tau required
Density calculation took 0.628443s
Tau required
Density calculation took 0.628466s
Tau required
Density calculation took 0.628692s
Tau required
Density calculation took 0.628469s
Tau required
Density calculation took 0.628848s
Tau required
Density calculation took 0.628378s
Tau required
Density calculation took 0.628563s
Tau required
Density calculation took 0.628514s
Tau required
Total number of grid points: 392790 (5776 per atom)
Density calculation took 0.697657s
Tau required
Density calculation took 0.654863s
Tau required
Density calculation took 0.633107s
Tau required
Density calculation took 0.633062s
Tau required
Density calculation took 0.632863s
Tau required
Density calculation took 0.632978s
Tau required
Density calculation took 0.633175s
Tau required
Density calculation took 0.633269s
Tau required
Density calculation took 0.632876s
Tau required
Density calculation took 0.633192s
Tau required
Density calculation took 0.633030s
Tau required
Density calculation took 0.633240s
Tau required
Density calculation took 0.633306s
Tau required
Density calculation took 0.633181s
Tau required
Density calculation took 0.633177s
Tau required
Density calculation took 0.633300s
Tau required
Total number of grid points: 392306 (5769 per atom)
Density calculation took 0.695681s
Tau required
Density calculation took 0.645737s
Tau required
Density calculation took 0.624607s
Tau required
Density calculation took 0.625305s
Tau required
Density calculation took 0.625195s
Tau required
Density calculation took 0.625448s
Tau required
Density calculation took 0.625374s
Tau required
Density calculation took 0.625666s
Tau required
Density calculation took 0.625336s
Tau required
Density calculation took 0.625423s
Tau required
Density calculation took 0.624981s
Tau required
Density calculation took 0.625403s
Tau required
Density calculation took 0.625195s
Tau required
Density calculation took 0.625390s
Tau required
Density calculation took 0.625369s
Tau required
Density calculation took 0.625764s
Tau required
Total number of grid points: 392189 (5767 per atom)
Density calculation took 0.666783s
Tau required
Density calculation took 0.646732s
Tau required
Density calculation took 0.626648s
Tau required
Density calculation took 0.625957s
Tau required
Density calculation took 0.627105s
Tau required
Density calculation took 0.625955s
Tau required
Density calculation took 0.627037s
Tau required
Density calculation took 0.625957s
Tau required
Density calculation took 0.626983s
Tau required
Density calculation took 0.626038s
Tau required
Density calculation took 0.626666s
Tau required
Density calculation took 0.625612s
Tau required
Density calculation took 0.626876s
Tau required
Density calculation took 0.625722s
Tau required
Density calculation took 0.627065s
Tau required
Density calculation took 0.625781s
Tau required
Total number of grid points: 391953 (5764 per atom)
Density calculation took 0.698325s
Tau required
Density calculation took 0.643709s
Tau required
Density calculation took 0.622738s
Tau required
Density calculation took 0.622692s
Tau required
Density calculation took 0.622543s
Tau required
Density calculation took 0.622343s
Tau required
Density calculation took 0.622852s
Tau required
Density calculation took 0.622739s
Tau required
Density calculation took 0.622943s
Tau required
Density calculation took 0.622680s
Tau required
Density calculation took 0.622459s
Tau required
Density calculation took 0.622770s
Tau required
Density calculation took 0.622393s
Tau required
Density calculation took 0.622822s
Tau required
Density calculation took 0.622636s
Tau required
Density calculation took 0.622936s
Tau required
Total number of grid points: 393052 (5780 per atom)
Density calculation took 0.687295s
Tau required
Density calculation took 0.650121s
Tau required
Density calculation took 0.627574s
Tau required
Density calculation took 0.628718s
Tau required
Density calculation took 0.627821s
Tau required
Density calculation took 0.629136s
Tau required
Density calculation took 0.627710s
Tau required
Density calculation took 0.629283s
Tau required
Density calculation took 0.627661s
Tau required
Density calculation took 0.629122s
Tau required
Density calculation took 0.627741s
Tau required
Density calculation took 0.629072s
Tau required
Density calculation took 0.628196s
Tau required
Density calculation took 0.628959s
Tau required
Density calculation took 0.627846s
Tau required
Density calculation took 0.629449s
Tau required
Total number of grid points: 392469 (5771 per atom)
Density calculation took 0.687161s
Tau required
Density calculation took 0.649023s
Tau required
Density calculation took 0.626531s
Tau required
Density calculation took 0.626637s
Tau required
Density calculation took 0.627061s
Tau required
Density calculation took 0.626368s
Tau required
Density calculation took 0.626474s
Tau required
Density calculation took 0.626379s
Tau required
Density calculation took 0.626533s
Tau required
Density calculation took 0.626442s
Tau required
Density calculation took 0.626628s
Tau required
Density calculation took 0.626449s
Tau required
Density calculation took 0.626627s
Tau required
Density calculation took 0.627008s
Tau required
Density calculation took 0.626371s
Tau required
Density calculation took 0.626370s
Tau required
Total number of grid points: 391698 (5760 per atom)
Density calculation took 0.674658s
Tau required
Density calculation took 0.653564s
Tau required
Density calculation took 0.631768s
Tau required
Density calculation took 0.632115s
Tau required
Density calculation took 0.632327s
Tau required
Density calculation took 0.632046s
Tau required
Density calculation took 0.632324s
Tau required
Density calculation took 0.631989s
Tau required
Density calculation took 0.632130s
Tau required
Density calculation took 0.632154s
Tau required
Density calculation took 0.632371s
Tau required
Density calculation took 0.632022s
Tau required
Density calculation took 0.632632s
Tau required
Density calculation took 0.631947s
Tau required
Density calculation took 0.632227s
Tau required
Density calculation took 0.631919s
Tau required
Total number of grid points: 392640 (5774 per atom)
Density calculation took 0.660795s
Tau required
Density calculation took 0.642442s
Tau required
Density calculation took 0.620373s
Tau required
Density calculation took 0.620048s
Tau required
Density calculation took 0.620277s
Tau required
Density calculation took 0.620340s
Tau required
Density calculation took 0.620619s
Tau required
Density calculation took 0.620330s
Tau required
Density calculation took 0.620612s
Tau required
Density calculation took 0.620355s
Tau required
Density calculation took 0.621232s
Tau required
Density calculation took 0.620369s
Tau required
Density calculation took 0.620599s
Tau required
Density calculation took 0.620468s
Tau required
Density calculation took 0.620820s
Tau required
Density calculation took 0.620524s
Tau required
Total number of grid points: 392886 (5777 per atom)
Density calculation took 0.701057s
Tau required
Density calculation took 0.647669s
Tau required
Density calculation took 0.627235s
Tau required
Density calculation took 0.626938s
Tau required
Density calculation took 0.627153s
Tau required
Density calculation took 0.626860s
Tau required
Density calculation took 0.627452s
Tau required
Density calculation took 0.627421s
Tau required
Density calculation took 0.627107s
Tau required
Density calculation took 0.626981s
Tau required
Density calculation took 0.627503s
Tau required
Density calculation took 0.627082s
Tau required
Density calculation took 0.627209s
Tau required
Density calculation took 0.627186s
Tau required
Density calculation took 0.627336s
Tau required
Density calculation took 0.627101s
Tau required
Total number of grid points: 392404 (5770 per atom)
Density calculation took 0.692183s
Tau required
Density calculation took 0.650322s
Tau required
Density calculation took 0.624232s
Tau required
Density calculation took 0.624295s
Tau required
Density calculation took 0.624118s
Tau required
Density calculation took 0.624282s
Tau required
Density calculation took 0.624466s
Tau required
Density calculation took 0.624139s
Tau required
Density calculation took 0.624923s
Tau required
Density calculation took 0.624581s
Tau required
Density calculation took 0.623936s
Tau required
Density calculation took 0.624859s
Tau required
Density calculation took 0.624646s
Tau required
Density calculation took 0.624431s
Tau required
Density calculation took 0.624326s
Tau required
Density calculation took 0.624131s
Tau required
Total number of grid points: 392460 (5771 per atom)
Density calculation took 0.659413s
Tau required
Density calculation took 0.644129s
Tau required
Density calculation took 0.622531s
Tau required
Density calculation took 0.622688s
Tau required
Density calculation took 0.622287s
Tau required
Density calculation took 0.622432s
Tau required
Density calculation took 0.622533s
Tau required
Density calculation took 0.622725s
Tau required
Density calculation took 0.622264s
Tau required
Density calculation took 0.622689s
Tau required
Density calculation took 0.622736s
Tau required
Density calculation took 0.622678s
Tau required
Density calculation took 0.622472s
Tau required
Density calculation took 0.622463s
Tau required
Density calculation took 0.622971s
Tau required
Density calculation took 0.622439s
Tau required
Total number of grid points: 391675 (5759 per atom)
Density calculation took 0.691368s
Tau required
Density calculation took 0.647475s
Tau required
Density calculation took 0.625627s
Tau required
Density calculation took 0.625826s
Tau required
Density calculation took 0.625704s
Tau required
Density calculation took 0.625821s
Tau required
Density calculation took 0.626077s
Tau required
Density calculation took 0.625654s
Tau required
Density calculation took 0.625906s
Tau required
Density calculation took 0.626340s
Tau required
Density calculation took 0.625953s
Tau required
Density calculation took 0.626150s
Tau required
Density calculation took 0.626066s
Tau required
Density calculation took 0.626001s
Tau required
Density calculation took 0.625764s
Tau required
Density calculation took 0.625755s
Tau required
Total number of grid points: 392314 (5769 per atom)
Density calculation took 0.692801s
Tau required
Density calculation took 0.649324s
Tau required
Density calculation took 0.627482s
Tau required
Density calculation took 0.628658s
Tau required
Density calculation took 0.628739s
Tau required
Density calculation took 0.629067s
Tau required
Density calculation took 0.628752s
Tau required
Density calculation took 0.628885s
Tau required
Density calculation took 0.628707s
Tau required
Density calculation took 0.628701s
Tau required
Density calculation took 0.628817s
Tau required
Density calculation took 0.628752s
Tau required
Density calculation took 0.629162s
Tau required
Density calculation took 0.628967s
Tau required
Density calculation took 0.628927s
Tau required
Density calculation took 0.628787s
Tau required
Total number of grid points: 391879 (5762 per atom)
Density calculation took 0.702927s
Tau required
Density calculation took 0.650235s
Tau required
Density calculation took 0.627559s
Tau required
Density calculation took 0.627519s
Tau required
Density calculation took 0.627158s
Tau required
Density calculation took 0.627547s
Tau required
Density calculation took 0.627556s
Tau required
Density calculation took 0.627386s
Tau required
Density calculation took 0.627802s
Tau required
Density calculation took 0.627570s
Tau required
Density calculation took 0.627637s
Tau required
Density calculation took 0.627490s
Tau required
Density calculation took 0.627369s
Tau required
Density calculation took 0.627420s
Tau required
Density calculation took 0.627673s
Tau required
Density calculation took 0.627650s
Tau required
Total number of grid points: 392157 (5767 per atom)
Density calculation took 0.703185s
Tau required
Density calculation took 0.647609s
Tau required
Density calculation took 0.626328s
Tau required
Density calculation took 0.626600s
Tau required
Density calculation took 0.626576s
Tau required
Density calculation took 0.626344s
Tau required
Density calculation took 0.626684s
Tau required
Density calculation took 0.626796s
Tau required
Density calculation took 0.626654s
Tau required
Density calculation took 0.626890s
Tau required
Density calculation took 0.626870s
Tau required
Density calculation took 0.626697s
Tau required
Density calculation took 0.626909s
Tau required
Density calculation took 0.627049s
Tau required
Density calculation took 0.626747s
Tau required
Density calculation took 0.626761s
Tau required
[CRAYBLAS_WARNING] Application linked against multiple cray-libsci libraries
=======================================
HF Energy: -1693.0835806865329687
=======================================================


Topology 8 time: 30.795568 s, performance: SP: 0 FLOP/s, DP: 34.24 TFLOP/s
JSON file written to: json_logs/lustre_orion_chm213_scratch_ryan_dhdft_inputs_exess_exess_inputs_B97M-V_def2-TZVP_isomers_22600-22619_topology_8.json
************************************************************
**************** Running topology 10 of 20 *****************
************************************************************

************************************************************
************ Beginning RI-MGGA_XC_B97M_V energy ************
************************************************************

=======================================================
             MGGA_XC_B97M_V Energy Results             
=======================================================
E MGGA_XC_B97M_V      : -1693.06101354
Nuclear Repulsion Energy: 4533.61845953
Electronic Energy:        -5976.74122651
XC Energy:                -249.938247
Converged:                1
# of SCF iterations:      16
SCF Time:                 30.562s

=======================================================
            Individual Calculation Summary             
=======================================================
HF Energy: -1693.0610135416304729
=======================================================


Topology 9 time: 30.756356 s, performance: SP: 0 FLOP/s, DP: 34.28 TFLOP/s
JSON file written to: json_logs/lustre_orion_chm213_scratch_ryan_dhdft_inputs_exess_exess_inputs_B97M-V_def2-TZVP_isomers_22600-22619_topology_9.json
************************************************************
**************** Running topology 11 of 20 *****************
************************************************************

************************************************************
************ Beginning RI-MGGA_XC_B97M_V energy ************
************************************************************

=======================================================
             MGGA_XC_B97M_V Energy Results             
=======================================================
E MGGA_XC_B97M_V      : -1693.06262974
Nuclear Repulsion Energy: 4553.55270219
Electronic Energy:        -5996.67372993
XC Energy:                -249.941602
Converged:                1
# of SCF iterations:      16
SCF Time:                 30.632s

=======================================================
            Individual Calculation Summary             
=======================================================
HF Energy: -1693.0626297391938806
=======================================================


Topology 10 time: 30.826589 s, performance: SP: 0 FLOP/s, DP: 34.2 TFLOP/s
JSON file written to: json_logs/lustre_orion_chm213_scratch_ryan_dhdft_inputs_exess_exess_inputs_B97M-V_def2-TZVP_isomers_22600-22619_topology_10.json
************************************************************
**************** Running topology 12 of 20 *****************
************************************************************

************************************************************
************ Beginning RI-MGGA_XC_B97M_V energy ************
************************************************************

=======================================================
             MGGA_XC_B97M_V Energy Results             
=======================================================
E MGGA_XC_B97M_V      : -1693.04060705
Nuclear Repulsion Energy: 4663.15584614
Electronic Energy:        -6106.24892945
XC Energy:                -249.947524
Converged:                1
# of SCF iterations:      16
SCF Time:                 30.908s

=======================================================
            Individual Calculation Summary             
=======================================================
HF Energy: -1693.0406070502281182
=======================================================


Topology 11 time: 31.111267 s, performance: SP: 0 FLOP/s, DP: 33.86 TFLOP/s
JSON file written to: json_logs/lustre_orion_chm213_scratch_ryan_dhdft_inputs_exess_exess_inputs_B97M-V_def2-TZVP_isomers_22600-22619_topology_11.json
************************************************************
**************** Running topology 13 of 20 *****************
************************************************************

************************************************************
************ Beginning RI-MGGA_XC_B97M_V energy ************
************************************************************

=======================================================
             MGGA_XC_B97M_V Energy Results             
=======================================================
E MGGA_XC_B97M_V      : -1693.03531459
Nuclear Repulsion Energy: 4626.50394734
Electronic Energy:        -6069.59882973
XC Energy:                -249.940432
Converged:                1
# of SCF iterations:      16
SCF Time:                 30.59s

=======================================================
            Individual Calculation Summary             
=======================================================
HF Energy: -1693.0353145862891324
=======================================================


Topology 12 time: 30.792739 s, performance: SP: 0 FLOP/s, DP: 34.18 TFLOP/s
JSON file written to: json_logs/lustre_orion_chm213_scratch_ryan_dhdft_inputs_exess_exess_inputs_B97M-V_def2-TZVP_isomers_22600-22619_topology_12.json
************************************************************
**************** Running topology 14 of 20 *****************
************************************************************

************************************************************
************ Beginning RI-MGGA_XC_B97M_V energy ************
************************************************************

=======================================================
             MGGA_XC_B97M_V Energy Results             
=======================================================
E MGGA_XC_B97M_V      : -1693.04116496
Nuclear Repulsion Energy: 4622.30700197
Electronic Energy:        -6065.40523864
XC Energy:                -249.942928
Converged:                1
# of SCF iterations:      16
SCF Time:                 30.568s

=======================================================
            Individual Calculation Summary             
=======================================================
HF Energy: -1693.0411649617137755
=======================================================


Topology 13 time: 30.767717 s, performance: SP: 0 FLOP/s, DP: 34.23 TFLOP/s
JSON file written to: json_logs/lustre_orion_chm213_scratch_ryan_dhdft_inputs_exess_exess_inputs_B97M-V_def2-TZVP_isomers_22600-22619_topology_13.json
************************************************************
**************** Running topology 15 of 20 *****************
************************************************************

************************************************************
************ Beginning RI-MGGA_XC_B97M_V energy ************
************************************************************

=======================================================
             MGGA_XC_B97M_V Energy Results             
=======================================================
E MGGA_XC_B97M_V      : -1693.04360903
Nuclear Repulsion Energy: 4633.43531081
Electronic Energy:        -6076.53619523
XC Energy:                -249.942725
Converged:                1
# of SCF iterations:      16
SCF Time:                 30.546s

=======================================================
            Individual Calculation Summary             
=======================================================
HF Energy: -1693.0436090261471236
=======================================================


Topology 14 time: 30.747587 s, performance: SP: 0 FLOP/s, DP: 34.25 TFLOP/s
JSON file written to: json_logs/lustre_orion_chm213_scratch_ryan_dhdft_inputs_exess_exess_inputs_B97M-V_def2-TZVP_isomers_22600-22619_topology_14.json
************************************************************
**************** Running topology 16 of 20 *****************
************************************************************

************************************************************
************ Beginning RI-MGGA_XC_B97M_V energy ************
************************************************************

=======================================================
             MGGA_XC_B97M_V Energy Results             
=======================================================
E MGGA_XC_B97M_V      : -1693.04332334
Nuclear Repulsion Energy: 4649.21770827
Electronic Energy:        -6092.31719734
XC Energy:                -249.943834
Converged:                1
# of SCF iterations:      16
SCF Time:                 30.538s

=======================================================
            Individual Calculation Summary             
=======================================================
HF Energy: -1693.0433233396545347
=======================================================


Topology 15 time: 30.739996 s, performance: SP: 0 FLOP/s, DP: 34.26 TFLOP/s
JSON file written to: json_logs/lustre_orion_chm213_scratch_ryan_dhdft_inputs_exess_exess_inputs_B97M-V_def2-TZVP_isomers_22600-22619_topology_15.json
************************************************************
**************** Running topology 17 of 20 *****************
************************************************************

************************************************************
************ Beginning RI-MGGA_XC_B97M_V energy ************
************************************************************

=======================================================
             MGGA_XC_B97M_V Energy Results             
=======================================================
E MGGA_XC_B97M_V      : -1693.05976587
Nuclear Repulsion Energy: 4613.22540826
Electronic Energy:        -6056.33849525
XC Energy:                -249.946679
Converged:                1
# of SCF iterations:      16
SCF Time:                 30.668s

=======================================================
            Individual Calculation Summary             
=======================================================
HF Energy: -1693.0597658716737897
=======================================================


Topology 16 time: 30.869365 s, performance: SP: 0 FLOP/s, DP: 34.15 TFLOP/s
JSON file written to: json_logs/lustre_orion_chm213_scratch_ryan_dhdft_inputs_exess_exess_inputs_B97M-V_def2-TZVP_isomers_22600-22619_topology_16.json
************************************************************
**************** Running topology 18 of 20 *****************
************************************************************

************************************************************
************ Beginning RI-MGGA_XC_B97M_V energy ************
************************************************************

=======================================================
             MGGA_XC_B97M_V Energy Results             
=======================================================
E MGGA_XC_B97M_V      : -1693.05643169
Nuclear Repulsion Energy: 4538.28606282
Electronic Energy:        -5981.39942845
XC Energy:                -249.943066
Converged:                1
# of SCF iterations:      16
SCF Time:                 30.715s

=======================================================
            Individual Calculation Summary             
=======================================================
HF Energy: -1693.0564316897730350
=======================================================


Topology 17 time: 30.908826 s, performance: SP: 0 FLOP/s, DP: 34.12 TFLOP/s
JSON file written to: json_logs/lustre_orion_chm213_scratch_ryan_dhdft_inputs_exess_exess_inputs_B97M-V_def2-TZVP_isomers_22600-22619_topology_17.json
************************************************************
**************** Running topology 19 of 20 *****************
************************************************************

************************************************************
************ Beginning RI-MGGA_XC_B97M_V energy ************
************************************************************

=======================================================
             MGGA_XC_B97M_V Energy Results             
=======================================================
E MGGA_XC_B97M_V      : -1693.05654782
Nuclear Repulsion Energy: 4597.81356527
Electronic Energy:        -6040.92586818
XC Energy:                -249.944245
Converged:                1
# of SCF iterations:      16
SCF Time:                 30.72s

=======================================================
            Individual Calculation Summary             
=======================================================
HF Energy: -1693.0565478182627430
=======================================================


Topology 18 time: 30.919918 s, performance: SP: 0 FLOP/s, DP: 34.08 TFLOP/s
JSON file written to: json_logs/lustre_orion_chm213_scratch_ryan_dhdft_inputs_exess_exess_inputs_B97M-V_def2-TZVP_isomers_22600-22619_topology_18.json
************************************************************
**************** Running topology 20 of 20 *****************
************************************************************

************************************************************
************ Beginning RI-MGGA_XC_B97M_V energy ************
************************************************************

=======================================================
             MGGA_XC_B97M_V Energy Results             
=======================================================
E MGGA_XC_B97M_V      : -1693.06105349
Nuclear Repulsion Energy: 4552.48381677
Electronic Energy:        -5995.59983757
XC Energy:                -249.945033
Converged:                1
# of SCF iterations:      16
SCF Time:                 30.685s

=======================================================
            Individual Calculation Summary             
=======================================================
HF Energy: -1693.0610534857773928
=======================================================


Topology 19 time: 30.881873 s, performance: SP: 0 FLOP/s, DP: 34.15 TFLOP/s
JSON file written to: json_logs/lustre_orion_chm213_scratch_ryan_dhdft_inputs_exess_exess_inputs_B97M-V_def2-TZVP_isomers_22600-22619_topology_19.json
Total flops: SP: 0 FLOPS, DP: 21.083714 PFLOPS
Performance: SP: 0 FLOP/s, DP: 33.59 TFLOP/s

Now, a word from our sponsors... 
 You can drug me - Giuseppe 2024

[31mTotal processing time 627.987624 seconds[0m
[CRAYBLAS_WARNING] Application linked against multiple cray-libsci libraries
-1693.0353145861 |   5.8315e-10   |    1.4730     |    0.2638
Density calculation took 0.624859s
Tau required
   16     | -1693.0353145863 |   3.6350e-11   |    1.4704     |    0.2656
Created 724390 / 2985984 significant shell pairs
Created 563202 / 2274064 significant shell pairs
Total number of grid points: 393033 (5779 per atom)
One electron integrals and orthogonalizer took 0.052305s
Created 563202 / 2274064 significant shell pairs
3C integrals and B formation took 2.148283s
Iteration |      Energy      |  DIIS Metric   | Fock Time (s) | DIIS Time (s)
----------+------------------+----------------+---------------+--------------
Density calculation took 0.651523s
Tau required
    1     | -1703.9361643211 |   1.0697e+03   |    1.7154     |    0.2956
Density calculation took 0.641877s
Tau required
    2     | -1692.3521745264 |   2.3402e+00   |    1.5068     |    0.2606
Density calculation took 0.617307s
Tau required
    3     | -1692.1707233649 |   3.2092e+00   |    1.4651     |    0.2711
Density calculation took 0.617821s
Tau required
    4     | -1693.0075740269 |   1.2172e-01   |    1.4713     |    0.2600
Density calculation took 0.618173s
Tau required
    5     | -1693.0270482078 |   4.7832e-02   |    1.4629     |    0.2710
Density calculation took 0.617861s
Tau required
    6     | -1693.0396944720 |   5.3637e-03   |    1.4730     |    0.2633
Density calculation took 0.617779s
Tau required
    7     | -1693.0409938042 |   6.0950e-04   |    1.4642     |    0.2722
Density calculation took 0.618002s
Tau required
    8     | -1693.0411031880 |   2.0842e-04   |    1.4703     |    0.2636
Density calculation took 0.618122s
Tau required
    9     | -1693.0411615760 |   1.1604e-05   |    1.4643     |    0.2668
Density calculation took 0.618270s
Tau required
   10     | -1693.0411639344 |   3.5212e-06   |    1.4724     |    0.2645
Density calculation took 0.618005s
Tau required
   11     | -1693.0411648272 |   4.6997e-07   |    1.4685     |    0.2657
Density calculation took 0.618178s
Tau required
   12     | -1693.0411649376 |   8.4056e-08   |    1.4707     |    0.2657
Density calculation took 0.618684s
Tau required
   13     | -1693.0411649582 |   1.1640e-08   |    1.4650     |    0.2664
Density calculation took 0.618298s
Tau required
   14     | -1693.0411649612 |   1.7959e-09   |    1.4706     |    0.2663
Density calculation took 0.618163s
Tau required
   15     | -1693.0411649614 |   1.1621e-09   |    1.4682     |    0.2647
Density calculation took 0.618612s
Tau required
   16     | -1693.0411649617 |   7.8153e-11   |    1.4722     |    0.2645
Created 729009 / 2985984 significant shell pairs
Created 566858 / 2274064 significant shell pairs
Total number of grid points: 392400 (5770 per atom)
One electron integrals and orthogonalizer took 0.052438s
Created 566858 / 2274064 significant shell pairs
3C integrals and B formation took 2.153276s
Iteration |      Energy      |  DIIS Metric   | Fock Time (s) | DIIS Time (s)
----------+------------------+----------------+---------------+--------------
Density calculation took 0.650223s
Tau required
    1     | -1703.9357626336 |   1.0695e+03   |    1.7168     |    0.2967
Density calculation took 0.639590s
Tau required
    2     | -1692.3551073181 |   2.3370e+00   |    1.5082     |    0.2607
Density calculation took 0.617735s
Tau required
    3     | -1692.1740262532 |   3.2071e+00   |    1.4663     |    0.2712
Density calculation took 0.618521s
Tau required
    4     | -1693.0101599716 |   1.2251e-01   |    1.4663     |    0.2620
Density calculation took 0.620286s
Tau required
    5     | -1693.0302160965 |   4.5676e-02   |    1.4651     |    0.2719
Density calculation took 0.618684s
Tau required
    6     | -1693.0420691624 |   5.6707e-03   |    1.4671     |    0.2643
Density calculation took 0.618944s
Tau required
    7     | -1693.0434618831 |   5.2679e-04   |    1.4662     |    0.2747
Density calculation took 0.620612s
Tau required
    8     | -1693.0435454721 |   2.1094e-04   |    1.4663     |    0.2654
Density calculation took 0.618940s
Tau required
    9     | -1693.0436059117 |   1.0721e-05   |    1.4660     |    0.2657
Density calculation took 0.618920s
Tau required
   10     | -1693.0436080783 |   3.2865e-06   |    1.4667     |    0.2647
Density calculation took 0.619143s
Tau required
   11     | -1693.0436089077 |   4.1312e-07   |    1.4661     |    0.2660
Density calculation took 0.619266s
Tau required
   12     | -1693.0436089962 |   1.0414e-07   |    1.4656     |    0.2644
Density calculation took 0.619065s
Tau required
   13     | -1693.0436090219 |   1.4229e-08   |    1.4636     |    0.2651
Density calculation took 0.619016s
Tau required
   14     | -1693.0436090257 |   1.7323e-09   |    1.4661     |    0.2639
Density calculation took 0.619182s
Tau required
   15     | -1693.0436090258 |   1.1833e-09   |    1.4655     |    0.2651
Density calculation took 0.618864s
Tau required
   16     | -1693.0436090261 |   9.2756e-11   |    1.4660     |    0.2645
Created 734739 / 2985984 significant shell pairs
Created 571423 / 2274064 significant shell pairs
Total number of grid points: 392607 (5773 per atom)
One electron integrals and orthogonalizer took 0.052622s
Created 571423 / 2274064 significant shell pairs
3C integrals and B formation took 2.144422s
Iteration |      Energy      |  DIIS Metric   | Fock Time (s) | DIIS Time (s)
----------+------------------+----------------+---------------+--------------
Density calculation took 0.702007s
Tau required
    1     | -1703.9376182013 |   1.0699e+03   |    1.6688     |    0.2964
Density calculation took 0.641635s
Tau required
    2     | -1692.3549709725 |   2.3380e+00   |    1.5026     |    0.2598
Density calculation took 0.619944s
Tau required
    3     | -1692.1732849925 |   3.2080e+00   |    1.4731     |    0.2712
Density calculation took 0.620440s
Tau required
    4     | -1693.0106296534 |   1.1986e-01   |    1.4716     |    0.2639
Density calculation took 0.620858s
Tau required
    5     | -1693.0301693455 |   4.4939e-02   |    1.4692     |    0.2710
Density calculation took 0.620843s
Tau required
    6     | -1693.0416527723 |   6.0381e-03   |    1.4674     |    0.2655
Density calculation took 0.619833s
Tau required
    7     | -1693.0431688996 |   5.5705e-04   |    1.4703     |    0.2752
Density calculation took 0.620220s
Tau required
    8     | -1693.0432790853 |   1.5482e-04   |    1.4691     |    0.2638
Density calculation took 0.620833s
Tau required
    9     | -1693.0433214475 |   6.2525e-06   |    1.4677     |    0.2649
Density calculation took 0.620885s
Tau required
   10     | -1693.0433225612 |   2.5668e-06   |    1.4664     |    0.2650
Density calculation took 0.621066s
Tau required
   11     | -1693.0433232420 |   3.4453e-07   |    1.4708     |    0.2661
Density calculation took 0.620928s
Tau required
   12     | -1693.0433233145 |   9.1674e-08   |    1.4675     |    0.2701
Density calculation took 0.620943s
Tau required
   13     | -1693.0433233369 |   9.3335e-09   |    1.4684     |    0.2655
Density calculation took 0.620925s
Tau required
   14     | -1693.0433233393 |   1.3761e-09   |    1.4691     |    0.2657
Density calculation took 0.620948s
Tau required
   15     | -1693.0433233394 |   8.1713e-10   |    1.4673     |    0.2659
Density calculation took 0.620900s
Tau required
   16     | -1693.0433233397 |   6.1817e-11   |    1.4676     |    0.2659
Created 720360 / 2985984 significant shell pairs
Created 560503 / 2274064 significant shell pairs
Total number of grid points: 392282 (5768 per atom)
One electron integrals and orthogonalizer took 0.052674s
Created 560503 / 2274064 significant shell pairs
3C integrals and B formation took 2.128059s
Iteration |      Energy      |  DIIS Metric   | Fock Time (s) | DIIS Time (s)
----------+------------------+----------------+---------------+--------------
Density calculation took 0.696442s
Tau required
    1     | -1703.9430895484 |   1.0685e+03   |    1.7070     |    0.2963
Density calculation took 0.649658s
Tau required
    2     | -1692.3680847928 |   2.3541e+00   |    1.5113     |    0.2617
Density calculation took 0.618987s
Tau required
    3     | -1692.1851489381 |   3.2221e+00   |    1.4768     |    0.2711
Density calculation took 0.619264s
Tau required
    4     | -1693.0303046927 |   1.0662e-01   |    1.4761     |    0.2591
Density calculation took 0.620762s
Tau required
    5     | -1693.0484353573 |   3.9175e-02   |    1.4753     |    0.2725
Density calculation took 0.619896s
Tau required
    6     | -1693.0584943300 |   4.5222e-03   |    1.4777     |    0.2614
Density calculation took 0.619914s
Tau required
    7     | -1693.0595445206 |   7.5358e-04   |    1.4790     |    0.2740
Density calculation took 0.621148s
Tau required
    8     | -1693.0596811180 |   2.8522e-04   |    1.4754     |    0.2649
Density calculation took 0.620063s
Tau required
    9     | -1693.0597619052 |   1.3508e-05   |    1.4786     |    0.2637
Density calculation took 0.620324s
Tau required
   10     | -1693.0597650280 |   2.9989e-06   |    1.4779     |    0.2649
Density calculation took 0.619915s
Tau required
   11     | -1693.0597658036 |   2.3686e-07   |    1.4773     |    0.2670
Density calculation took 0.619576s
Tau required
   12     | -1693.0597658437 |   9.5574e-08   |    1.4760     |    0.2653
Density calculation took 0.620047s
Tau required
   13     | -1693.0597658688 |   1.0144e-08   |    1.4758     |    0.2660
Density calculation took 0.619871s
Tau required
   14     | -1693.0597658713 |   1.4203e-09   |    1.4781     |    0.2655
Density calculation took 0.620050s
Tau required
   15     | -1693.0597658715 |   7.0402e-10   |    1.4770     |    0.2646
Density calculation took 0.619835s
Tau required
   16     | -1693.0597658717 |   6.0031e-11   |    1.4747     |    0.2658
Created 698474 / 2985984 significant shell pairs
Created 542903 / 2274064 significant shell pairs
Total number of grid points: 393296 (5783 per atom)
One electron integrals and orthogonalizer took 0.051569s
Created 542903 / 2274064 significant shell pairs
3C integrals and B formation took 2.108517s
Iteration |      Energy      |  DIIS Metric   | Fock Time (s) | DIIS Time (s)
----------+------------------+----------------+---------------+--------------
Density calculation took 0.655193s
Tau required
    1     | -1703.9358592548 |   1.0664e+03   |    1.7174     |    0.2966
Density calculation took 0.639904s
Tau required
    2     | -1692.3678762430 |   2.3405e+00   |    1.5181     |    0.2613
Density calculation took 0.619370s
Tau required
    3     | -1692.2005765314 |   3.1620e+00   |    1.4825     |    0.2702
Density calculation took 0.619778s
Tau required
    4     | -1693.0347787306 |   8.1906e-02   |    1.4793     |    0.2634
Density calculation took 0.620252s
Tau required
    5     | -1693.0482858934 |   2.7885e-02   |    1.4813     |    0.2727
Density calculation took 0.620100s
Tau required
    6     | -1693.0551582260 |   4.3321e-03   |    1.4792     |    0.2637
Density calculation took 0.619725s
Tau required
    7     | -1693.0562592358 |   6.0304e-04   |    1.4810     |    0.2728
Density calculation took 0.619911s
Tau required
    8     | -1693.0563941701 |   1.2387e-04   |    1.4795     |    0.2671
Density calculation took 0.620222s
Tau required
    9     | -1693.0564297263 |   6.6090e-06   |    1.4795     |    0.2663
Density calculation took 0.620387s
Tau required
   10     | -1693.0564310188 |   2.3214e-06   |    1.4784     |    0.2671
Density calculation took 0.620151s
Tau required
   11     | -1693.0564316474 |   1.5318e-07   |    1.4782     |    0.2670
Density calculation took 0.620583s
Tau required
   12     | -1693.0564316714 |   6.6708e-08   |    1.4781     |    0.2676
Density calculation took 0.620496s
Tau required
   13     | -1693.0564316884 |   4.8291e-09   |    1.4786     |    0.2681
Density calculation took 0.620271s
Tau required
   14     | -1693.0564316896 |   7.0005e-10   |    1.4802     |    0.2671
Density calculation took 0.620646s
Tau required
   15     | -1693.0564316897 |   3.6405e-10   |    1.4790     |    0.2660
Density calculation took 0.620663s
Tau required
   16     | -1693.0564316898 |   1.5590e-11   |    1.4799     |    0.2654
Created 717490 / 2985984 significant shell pairs
Created 558141 / 2274064 significant shell pairs
Total number of grid points: 392325 (5769 per atom)
One electron integrals and orthogonalizer took 0.052415s
Created 558141 / 2274064 significant shell pairs
3C integrals and B formation took 2.150412s
Iteration |      Energy      |  DIIS Metric   | Fock Time (s) | DIIS Time (s)
----------+------------------+----------------+---------------+--------------
Density calculation took 0.655464s
Tau required
    1     | -1703.9416215505 |   1.0673e+03   |    1.7286     |    0.2981
Density calculation took 0.635467s
Tau required
    2     | -1692.3679369388 |   2.3385e+00   |    1.5129     |    0.2607
Density calculation took 0.612004s
Tau required
    3     | -1692.1969844812 |   3.1669e+00   |    1.4791     |    0.2687
Density calculation took 0.611932s
Tau required
    4     | -1693.0353463068 |   8.0792e-02   |    1.4742     |    0.2631
Density calculation took 0.613442s
Tau required
    5     | -1693.0502627287 |   2.2790e-02   |    1.4751     |    0.2725
Density calculation took 0.612551s
Tau required
    6     | -1693.0556981591 |   3.0282e-03   |    1.4754     |    0.2660
Density calculation took 0.612571s
Tau required
    7     | -1693.0563355195 |   7.5184e-04   |    1.4785     |    0.2745
Density calculation took 0.613466s
Tau required
    8     | -1693.0565064252 |   1.3502e-04   |    1.4750     |    0.2648
Density calculation took 0.612832s
Tau required
    9     | -1693.0565453025 |   8.5060e-06   |    1.4794     |    0.2665
Density calculation took 0.612717s
Tau required
   10     | -1693.0565470833 |   2.5909e-06   |    1.4755     |    0.2650
Density calculation took 0.612491s
Tau required
   11     | -1693.0565477578 |   2.1089e-07   |    1.4781     |    0.2642
Density calculation took 0.613210s
Tau required
   12     | -1693.0565477968 |   7.3155e-08   |    1.4808     |    0.2659
Density calculation took 0.612881s
Tau required
   13     | -1693.0565478165 |   6.2729e-09   |    1.4775     |    0.2646
Density calculation took 0.612617s
Tau required
   14     | -1693.0565478180 |   1.0821e-09   |    1.4746     |    0.2654
Density calculation took 0.612898s
Tau required
   15     | -1693.0565478181 |   4.1311e-10   |    1.4775     |    0.2647
Density calculation took 0.612954s
Tau required
   16     | -1693.0565478183 |   1.8974e-11   |    1.4759     |    0.2669
Created 699879 / 2985984 significant shell pairs
Created 544324 / 2274064 significant shell pairs
Total number of grid points: 392733 (5775 per atom)
One electron integrals and orthogonalizer took 0.052387s
Created 544324 / 2274064 significant shell pairs
3C integrals and B formation took 2.124956s
Iteration |      Energy      |  DIIS Metric   | Fock Time (s) | DIIS Time (s)
----------+------------------+----------------+---------------+--------------
Density calculation took 0.692412s
Tau required
    1     | -1703.9419712829 |   1.0671e+03   |    1.7297     |    0.2977
Density calculation took 0.639284s
Tau required
    2     | -1692.3709884453 |   2.3440e+00   |    1.5097     |    0.2624
Density calculation took 0.617664s
Tau required
    3     | -1692.2023556172 |   3.1638e+00   |    1.4761     |    0.2713
Density calculation took 0.618065s
Tau required
    4     | -1693.0395740031 |   8.0174e-02   |    1.4797     |    0.2613
Density calculation took 0.617911s
Tau required
    5     | -1693.0525575850 |   2.9435e-02   |    1.4770     |    0.2736
Density calculation took 0.617909s
Tau required
    6     | -1693.0598672850 |   4.0556e-03   |    1.4758     |    0.2622
Density calculation took 0.618260s
Tau required
    7     | -1693.0608473053 |   7.1874e-04   |    1.4758     |    0.2729
Density calculation took 0.618714s
Tau required
    8     | -1693.0610145310 |   1.3346e-04   |    1.4779     |    0.2659
Density calculation took 0.618184s
Tau required
    9     | -1693.0610506866 |   9.6735e-06   |    1.4790     |    0.2643
Density calculation took 0.618710s
Tau required
   10     | -1693.0610527673 |   2.5252e-06   |    1.4773     |    0.2650
Density calculation took 0.618624s
Tau required
   11     | -1693.0610534049 |   2.8725e-07   |    1.4762     |    0.2642
Density calculation took 0.618255s
Tau required
   12     | -1693.0610534613 |   8.3381e-08   |    1.4772     |    0.2647
Density calculation took 0.618976s
Tau required
   13     | -1693.0610534829 |   9.5726e-09   |    1.4774     |    0.2641
Density calculation took 0.618632s
Tau required
   14     | -1693.0610534854 |   1.3695e-09   |    1.4765     |    0.2669
Density calculation took 0.618376s
Tau required
   15     | -1693.0610534856 |   5.8125e-10   |    1.4754     |    0.2659
Density calculation took 0.618461s
Tau required
   16     | -1693.0610534858 |   3.9255e-11   |    1.4755     |    0.2648
Please cite the following papers for the methods used in this calculation:
 - J.L. Galvez Vallejo et. al., Toward an extreme-scale electronic structure system, J. Chem. Phys., 2023. DOI: 10.1063/5.0156399

 - R. Stocks, E. Palethorpe, and G.M.J. Barca, Multi-GPU RI-HF Energies and Analytic Gradients ─ Toward High-Throughput Ab Initio Molecular Dynamics, J. Chem. Theory Comput., 2024. DOI: 10.1021/acs.jctc.4c00877
   For:
     * RI-HF energy

 - S. Lehtola, C. Steigemann, M.J.T. Oliveira, and M.A.L. Marques, Recent developments in Libxc: A comprehensive library of functionals for density functional theory, SoftwareX, 2018. DOI: 10.1016/j.softx.2017.11.002
   For:
     * LibXC version 6.2.0

 - D.B. Williams-Young, W.A. de Jong, H.J.J. van Dam, and C. Yang, On the Efficient Evaluation of the Exchange Correlation Potential on Graphics Processing Unit Clusters, Frontiers in Chemistry, 2020. DOI: 10.3389/fchem.2020.581058
   For:
     * ExchCXX GPU implementation of exchange-correlation functionals

 - R. Stocks and G.M.J. Barca, Efficient Algorithms for GPU Accelerated Evaluation of the DFT Exchange-Correlation Functional, J. Chem. Theory Comput., 2025. DOI: 10.1021/acs.jctc.5c01229
   For:
     * GPU accelerated DFT exchange-correlation evaluation

 - N. Mardirossian and M. Head-Gordon.,  J. Chem. Phys. 142, 074111 (2015) DOI: 10.1063/1.4907719
   For:
     * MGGA_XC_B97M_V XC Functional

[CRAYBLAS_WARNING] Application linked against multiple cray-libsci libraries
