Total number of grid points: 392124 (5766 per atom)
Density calculation took 0.657082s
Tau required
Density calculation took 0.642897s
Tau required
Density calculation took 0.620518s
Tau required
Density calculation took 0.620030s
Tau required
Density calculation took 0.621041s
Tau required
Density calculation took 0.620010s
Tau required
Density calculation took 0.621218s
Tau required
Density calculation took 0.620581s
Tau required
Density calculation took 0.621332s
Tau required
Density calculation took 0.620697s
Tau required
Density calculation took 0.621299s
Tau required
Density calculation took 0.620997s
Tau required
Density calculation took 0.622144s
Tau required
Density calculation took 0.620982s
Tau required
Density calculation took 0.621678s
Tau required
Density calculation took 0.620513s
Tau required
Density calculation took 0.621723s
Tau required
Total number of grid points: 392562 (5772 per atom)
Density calculation took 0.660880s
Tau required
Density calculation took 0.641678s
Tau required
Density calculation took 0.620195s
Tau required
Density calculation took 0.619843s
Tau required
Density calculation took 0.619969s
Tau required
Density calculation took 0.619883s
Tau required
Density calculation took 0.620044s
Tau required
Density calculation took 0.620155s
Tau required
Density calculation took 0.620246s
Tau required
Density calculation took 0.620144s
Tau required
Density calculation took 0.620292s
Tau required
Density calculation took 0.620277s
Tau required
Density calculation took 0.620443s
Tau required
Density calculation took 0.620536s
Tau required
Density calculation took 0.620526s
Tau required
Density calculation took 0.620377s
Tau required
Density calculation took 0.620489s
Tau required
Total number of grid points: 391641 (5759 per atom)
Density calculation took 0.655087s
Tau required
Density calculation took 0.642081s
Tau required
Density calculation took 0.620150s
Tau required
Density calculation took 0.619865s
Tau required
Density calculation took 0.620663s
Tau required
Density calculation took 0.620074s
Tau required
Density calculation took 0.620087s
Tau required
Density calculation took 0.620296s
Tau required
Density calculation took 0.620790s
Tau required
Density calculation took 0.620552s
Tau required
Density calculation took 0.620650s
Tau required
Density calculation took 0.620526s
Tau required
Density calculation took 0.620471s
Tau required
Density calculation took 0.620397s
Tau required
Density calculation took 0.620517s
Tau required
Density calculation took 0.620708s
Tau required
Density calculation took 0.620715s
Tau required
Total number of grid points: 391974 (5764 per atom)
Density calculation took 0.652058s
Tau required
Density calculation took 0.646129s
Tau required
Density calculation took 0.624916s
Tau required
Density calculation took 0.624998s
Tau required
Density calculation took 0.624948s
Tau required
Density calculation took 0.625050s
Tau required
Density calculation took 0.625042s
Tau required
Density calculation took 0.624529s
Tau required
Density calculation took 0.625165s
Tau required
Density calculation took 0.625622s
Tau required
Density calculation took 0.625362s
Tau required
Density calculation took 0.625080s
Tau required
Density calculation took 0.625559s
Tau required
Density calculation took 0.625309s
Tau required
Density calculation took 0.625263s
Tau required
Density calculation took 0.625656s
Tau required
Density calculation took 0.625455s
Tau required
Total number of grid points: 392005 (5764 per atom)
Density calculation took 0.682197s
Tau required
Density calculation took 0.644231s
Tau required
Density calculation took 0.620236s
Tau required
Density calculation took 0.619966s
Tau required
Density calculation took 0.620193s
Tau required
Density calculation took 0.620227s
Tau required
Density calculation took 0.619880s
Tau required
Density calculation took 0.620442s
Tau required
Density calculation took 0.620181s
Tau required
Density calculation took 0.620532s
Tau required
Density calculation took 0.620274s
Tau required
Density calculation took 0.620247s
Tau required
Density calculation took 0.620327s
Tau required
Density calculation took 0.620577s
Tau required
Density calculation took 0.620191s
Tau required
Density calculation took 0.620043s
Tau required
Density calculation took 0.620340s
Tau required
Total number of grid points: 391965 (5764 per atom)
Density calculation took 0.654265s
Tau required
Density calculation took 0.636276s
Tau required
Density calculation took 0.614976s
Tau required
Density calculation took 0.615334s
Tau required
Density calculation took 0.615255s
Tau required
Density calculation took 0.615286s
Tau required
Density calculation took 0.615454s
Tau required
Density calculation took 0.615603s
Tau required
Density calculation took 0.615513s
Tau required
Density calculation took 0.615488s
Tau required
Density calculation took 0.615363s
Tau required
Density calculation took 0.615806s
Tau required
Density calculation took 0.615259s
Tau required
Density calculation took 0.615324s
Tau required
Density calculation took 0.615170s
Tau required
Density calculation took 0.615123s
Tau required
Density calculation took 0.615218s
Tau required
Total number of grid points: 392645 (5774 per atom)
Density calculation took 0.695659s
Tau required
Density calculation took 0.640652s
Tau required
Density calculation took 0.618900s
Tau required
Density calculation took 0.618818s
Tau required
Density calculation took 0.618838s
Tau required
Density calculation took 0.619524s
Tau required
Density calculation took 0.619370s
Tau required
Density calculation took 0.619394s
Tau required
Density calculation took 0.619717s
Tau required
Density calculation took 0.619514s
Tau required
Density calculation took 0.619144s
Tau required
Density calculation took 0.619675s
Tau required
Density calculation took 0.619787s
Tau required
Density calculation took 0.619449s
Tau required
Density calculation took 0.619737s
Tau required
Density calculation took 0.619944s
Tau required
Density calculation took 0.619575s
Tau required
Total number of grid points: 391815 (5761 per atom)
Density calculation took 0.651766s
Tau required
Density calculation took 0.642617s
Tau required
Density calculation took 0.620836s
Tau required
Density calculation took 0.620627s
Tau required
Density calculation took 0.621092s
Tau required
Density calculation took 0.620899s
Tau required
Density calculation took 0.621129s
Tau required
Density calculation took 0.620267s
Tau required
Density calculation took 0.621233s
Tau required
Density calculation took 0.620955s
Tau required
Density calculation took 0.621392s
Tau required
Density calculation took 0.620708s
Tau required
Density calculation took 0.621015s
Tau required
Density calculation took 0.620951s
Tau required
Density calculation took 0.621130s
Tau required
Density calculation took 0.620737s
Tau required
Density calculation took 0.621244s
Tau required
Total number of grid points: 392146 (5766 per atom)
Density calculation took 0.687144s
Tau required
Density calculation took 0.645675s
Tau required
Density calculation took 0.624296s
Tau required
Density calculation took 0.624709s
Tau required
Density calculation took 0.624658s
Tau required
Density calculation took 0.624768s
Tau required
Density calculation took 0.624874s
Tau required
Density calculation took 0.624952s
Tau required
Density calculation took 0.624873s
Tau required
Density calculation took 0.624784s
Tau required
Density calculation took 0.624790s
Tau required
Density calculation took 0.624794s
Tau required
Density calculation took 0.624992s
Tau required
Density calculation took 0.624772s
Tau required
Density calculation took 0.625277s
Tau required
Density calculation took 0.624778s
Tau required
Density calculation took 0.624961s
Tau required
Total number of grid points: 392863 (5777 per atom)
Density calculation took 0.651896s
Tau required
Density calculation took 0.642488s
Tau required
Density calculation took 0.621666s
Tau required
Density calculation took 0.621594s
Tau required
Density calculation took 0.621515s
Tau required
Density calculation took 0.621915s
Tau required
Density calculation took 0.621734s
Tau required
Density calculation took 0.621974s
Tau required
Density calculation took 0.621703s
Tau required
Density calculation took 0.622056s
Tau required
Density calculation took 0.621796s
Tau required
Density calculation took 0.621909s
Tau required
Density calculation took 0.621997s
Tau required
Density calculation took 0.622049s
Tau required
Density calculation took 0.621958s
Tau required
Density calculation took 0.622056s
Tau required
Density calculation took 0.622051s
Tau required
Density calculation took 0.621974s
Tau required
Total number of grid points: 392672 (5774 per atom)
Density calculation took 0.677701s
Tau required
Density calculation took 0.642918s
Tau required
Density calculation took 0.621164s
Tau required
Density calculation took 0.623415s
Tau required
Density calculation took 0.621565s
Tau required
Density calculation took 0.623402s
Tau required
Density calculation took 0.621702s
Tau required
Density calculation took 0.623423s
Tau required
Density calculation took 0.621589s
Tau required
Density calculation took 0.623917s
Tau required
Density calculation took 0.621474s
Tau required
Density calculation took 0.623689s
Tau required
Density calculation took 0.621775s
Tau required
Density calculation took 0.623684s
Tau required
Density calculation took 0.621561s
Tau required
Density calculation took 0.623577s
Tau required
Density calculation took 0.621955s
Tau required
Total number of grid points: 392164 (5767 per atom)
Density calculation took 0.692187s
Tau required
Density calculation took 0.646846s
Tau required
Density calculation took 0.623978s
Tau required
Density calculation took 0.624335s
Tau required
Density calculation took 0.623967s
Tau required
Density calculation took 0.624380s
Tau required
Density calculation took 0.624176s
Tau required
Density calculation took 0.624634s
Tau required
Density calculation took 0.624122s
Tau required
Density calculation took 0.624724s
Tau required
Density calculation took 0.624047s
Tau required
Density calculation took 0.624257s
Tau required
Density calculation took 0.624237s
Tau required
Density calculation took 0.624766s
Tau required
Density calculation took 0.624379s
Tau required
Density calculation took 0.624572s
Tau required
Density calculation took 0.624074s
Tau required
Total number of grid points: 393200 (5782 per atom)
Density calculation took 0.657820s
Tau required
Density calculation took 0.640693s
Tau required
Density calculation took 0.619157s
Tau required
Density calculation took 0.619556s
Tau required
Density calculation took 0.619502s
Tau required
Density calculation took 0.619583s
Tau required
Density calculation took 0.619745s
Tau required
Density calculation took 0.619462s
Tau required
Density calculation took 0.619908s
Tau required
Density calculation took 0.619589s
Tau required
Density calculation took 0.619817s
Tau required
Density calculation took 0.619847s
Tau required
Density calculation took 0.619462s
Tau required
Density calculation took 0.619812s
Tau required
Density calculation took 0.619826s
Tau required
Density calculation took 0.619792s
Tau required
Density calculation took 0.619785s
Tau required
Total number of grid points: 392076 (5765 per atom)
Density calculation took 0.652627s
Tau required
Density calculation took 0.644817s
Tau required
Density calculation took 0.622524s
Tau required
Density calculation took 0.622416s
Tau required
Density calculation took 0.622476s
Tau required
Density calculation took 0.622323s
Tau required
Density calculation took 0.622361s
Tau required
Density calculation took 0.622563s
Tau required
Density calculation took 0.622537s
Tau required
Density calculation took 0.622506s
Tau required
Density calculation took 0.622271s
Tau required
Density calculation took 0.622158s
Tau required
Density calculation took 0.622106s
Tau required
Density calculation took 0.622250s
Tau required
Density calculation took 0.622431s
Tau required
Density calculation took 0.622070s
Tau required
Density calculation took 0.622498s
Tau required
Total number of grid points: 393095 (5780 per atom)
Density calculation took 0.681905s
Tau required
Density calculation took 0.644202s
Tau required
Density calculation took 0.623875s
Tau required
Density calculation took 0.624062s
Tau required
Density calculation took 0.623984s
Tau required
Density calculation took 0.623992s
Tau required
Density calculation took 0.623826s
Tau required
Density calculation took 0.624066s
Tau required
Density calculation took 0.624194s
Tau required
Density calculation took 0.624029s
Tau required
Density calculation took 0.624062s
Tau required
Density calculation took 0.624179s
Tau required
Density calculation took 0.624394s
Tau required
Density calculation took 0.624086s
Tau required
Density calculation took 0.624122s
Tau required
Density calculation took 0.623828s
Tau required
Density calculation took 0.624629s
Tau required
Total number of grid points: 392614 (5773 per atom)
Density calculation took 0.679824s
Tau required
Density calculation took 0.643619s
Tau required
Density calculation took 0.621889s
Tau required
Density calculation took 0.622373s
Tau required
Density calculation took 0.621207s
Tau required
Density calculation took 0.622745s
Tau required
Density calculation took 0.622032s
Tau required
Density calculation took 0.622557s
Tau required
Density calculation took 0.622017s
Tau required
Density calculation took 0.622890s
Tau required
Density calculation took 0.621793s
Tau required
Density calculation took 0.622871s
Tau required
Density calculation took 0.621995s
Tau required
Density calculation took 0.622567s
Tau required
Density calculation took 0.621909s
Tau required
Density calculation took 0.622853s
Tau required
Density calculation took 0.621932s
Tau required
Total number of grid points: 391723 (5760 per atom)
Density calculation took 0.685008s
Tau required
Density calculation took 0.641228s
Tau required
Density calculation took 0.618958s
Tau required
Density calculation took 0.619556s
Tau required
Density calculation took 0.619804s
Tau required
Density calculation took 0.619538s
Tau required
Density calculation took 0.619877s
Tau required
Density calculation took 0.620106s
Tau required
Density calculation took 0.619725s
Tau required
Density calculation took 0.619876s
Tau required
Density calculation took 0.619514s
Tau required
Density calculation took 0.619642s
Tau required
Density calculation took 0.620206s
Tau required
Density calculation took 0.620166s
Tau required
Density calculation took 0.619813s
Tau required
Density calculation took 0.620263s
Tau required
Density calculation took 0.620292s
Tau required
Total number of grid points: 392906 (5778 per atom)
Density calculation took 0.695588s
Tau required
Density calculation took 0.645061s
Tau required
Density calculation took 0.622198s
Tau required
Density calculation took 0.622859s
Tau required
Density calculation took 0.622286s
Tau required
Density calculation took 0.623063s
Tau required
Density calculation took 0.622278s
Tau required
Density calculation took 0.622949s
Tau required
Density calculation took 0.622487s
Tau required
Density calculation took 0.622955s
Tau required
Density calculation took 0.622079s
Tau required
Density calculation took 0.623132s
Tau required
Density calculation took 0.622500s
Tau required
Density calculation took 0.622902s
Tau required
Density calculation took 0.622316s
Tau required
Density calculation took 0.623759s
Tau required
Density calculation took 0.622530s
Tau required
Total number of grid points: 392198 (5767 per atom)
Density calculation took 0.688003s
Tau required
Density calculation took 0.641994s
Tau required
Density calculation took 0.617559s
Tau required
Density calculation took 0.619580s
Tau required
Density calculation took 0.617921s
Tau required
Density calculation took 0.619137s
Tau required
Density calculation took 0.618644s
Tau required
Density calculation took 0.620114s
Tau required
Density calculation took 0.618579s
Tau required
Density calculation took 0.619995s
Tau required
Density calculation took 0.617661s
Tau required
Density calculation took 0.620213s
Tau required
Density calculation took 0.617615s
Tau required
Density calculation took 0.620053s
Tau required
Density calculation took 0.618759s
Tau required
Density calculation took 0.620111s
Tau required
Density calculation took 0.618613s
Tau required
Total number of grid points: 393223 (5782 per atom)
Density calculation took 0.652883s
Tau required
Density calculation took 0.642805s
Tau required
Density calculation took 0.619662s
Tau required
Density calculation took 0.619272s
Tau required
Density calculation took 0.619656s
Tau required
Density calculation took 0.619672s
Tau required
Density calculation took 0.620210s
Tau required
Density calculation took 0.619666s
Tau required
Density calculation took 0.620325s
Tau required
Density calculation took 0.619804s
Tau required
Density calculation took 0.620072s
Tau required
Density calculation took 0.619959s
Tau required
Density calculation took 0.620603s
Tau required
Density calculation took 0.620187s
Tau required
Density calculation took 0.620692s
Tau required
Density calculation took 0.620350s
Tau required
Density calculation took 0.620469s
Tau required
[CRAYBLAS_WARNING] Application linked against multiple cray-libsci libraries
7
XC Energy:                -249.969904
Converged:                1
# of SCF iterations:      18
SCF Time:                 34.187s

=======================================================
            Individual Calculation Summary             
=======================================================
HF Energy: -1693.0317453974594173
=======================================================


Topology 9 time: 34.423637 s, performance: SP: 0 FLOP/s, DP: 33.85 TFLOP/s
JSON file written to: json_logs/lustre_orion_chm213_scratch_ryan_dhdft_inputs_exess_exess_inputs_B97M-V_def2-TZVP_isomers_18880-18899_topology_9.json
************************************************************
**************** Running topology 11 of 20 *****************
************************************************************

************************************************************
************ Beginning RI-MGGA_XC_B97M_V energy ************
************************************************************

=======================================================
             MGGA_XC_B97M_V Energy Results             
=======================================================
E MGGA_XC_B97M_V      : -1693.04641816
Nuclear Repulsion Energy: 5025.13523097
Electronic Energy:        -6468.21240113
XC Energy:                -249.969248
Converged:                1
# of SCF iterations:      17
SCF Time:                 32.455s

=======================================================
            Individual Calculation Summary             
=======================================================
HF Energy: -1693.0464181609077059
=======================================================


Topology 10 time: 32.684696 s, performance: SP: 0 FLOP/s, DP: 33.81 TFLOP/s
JSON file written to: json_logs/lustre_orion_chm213_scratch_ryan_dhdft_inputs_exess_exess_inputs_B97M-V_def2-TZVP_isomers_18880-18899_topology_10.json
************************************************************
**************** Running topology 12 of 20 *****************
************************************************************

************************************************************
************ Beginning RI-MGGA_XC_B97M_V energy ************
************************************************************

=======================================================
             MGGA_XC_B97M_V Energy Results             
=======================================================
E MGGA_XC_B97M_V      : -1693.04924163
Nuclear Repulsion Energy: 4904.77244066
Electronic Energy:        -6347.86306399
XC Energy:                -249.958618
Converged:                1
# of SCF iterations:      17
SCF Time:                 32.538s

=======================================================
            Individual Calculation Summary             
=======================================================
HF Energy: -1693.0492416349457017
=======================================================


Topology 11 time: 32.760461 s, performance: SP: 0 FLOP/s, DP: 33.81 TFLOP/s
JSON file written to: json_logs/lustre_orion_chm213_scratch_ryan_dhdft_inputs_exess_exess_inputs_B97M-V_def2-TZVP_isomers_18880-18899_topology_11.json
************************************************************
**************** Running topology 13 of 20 *****************
************************************************************

************************************************************
************ Beginning RI-MGGA_XC_B97M_V energy ************
************************************************************

=======================================================
             MGGA_XC_B97M_V Energy Results             
=======================================================
E MGGA_XC_B97M_V      : -1693.01079095
Nuclear Repulsion Energy: 4948.11338232
Electronic Energy:        -6391.1717182
XC Energy:                -249.952455
Converged:                1
# of SCF iterations:      17
SCF Time:                 32.017s

=======================================================
            Individual Calculation Summary             
=======================================================
HF Energy: -1693.0107909475309498
=======================================================


Topology 12 time: 32.241661 s, performance: SP: 0 FLOP/s, DP: 34.33 TFLOP/s
JSON file written to: json_logs/lustre_orion_chm213_scratch_ryan_dhdft_inputs_exess_exess_inputs_B97M-V_def2-TZVP_isomers_18880-18899_topology_12.json
************************************************************
**************** Running topology 14 of 20 *****************
************************************************************

************************************************************
************ Beginning RI-MGGA_XC_B97M_V energy ************
************************************************************

=======================================================
             MGGA_XC_B97M_V Energy Results             
=======================================================
E MGGA_XC_B97M_V      : -1693.02988272
Nuclear Repulsion Energy: 5072.6729854
Electronic Energy:        -6515.73685661
XC Energy:                -249.966012
Converged:                1
# of SCF iterations:      17
SCF Time:                 32.469s

=======================================================
            Individual Calculation Summary             
=======================================================
HF Energy: -1693.0298827198064373
=======================================================


Topology 13 time: 32.703932 s, performance: SP: 0 FLOP/s, DP: 33.79 TFLOP/s
JSON file written to: json_logs/lustre_orion_chm213_scratch_ryan_dhdft_inputs_exess_exess_inputs_B97M-V_def2-TZVP_isomers_18880-18899_topology_13.json
************************************************************
**************** Running topology 15 of 20 *****************
************************************************************

************************************************************
************ Beginning RI-MGGA_XC_B97M_V energy ************
************************************************************

=======================================================
             MGGA_XC_B97M_V Energy Results             
=======================================================
E MGGA_XC_B97M_V      : -1693.04463402
Nuclear Repulsion Energy: 5007.94951476
Electronic Energy:        -6451.02671681
XC Energy:                -249.967432
Converged:                1
# of SCF iterations:      17
SCF Time:                 32.462s

=======================================================
            Individual Calculation Summary             
=======================================================
HF Energy: -1693.0446340188805152
=======================================================


Topology 14 time: 32.691294 s, performance: SP: 0 FLOP/s, DP: 33.81 TFLOP/s
JSON file written to: json_logs/lustre_orion_chm213_scratch_ryan_dhdft_inputs_exess_exess_inputs_B97M-V_def2-TZVP_isomers_18880-18899_topology_14.json
************************************************************
**************** Running topology 16 of 20 *****************
************************************************************

************************************************************
************ Beginning RI-MGGA_XC_B97M_V energy ************
************************************************************

=======================================================
             MGGA_XC_B97M_V Energy Results             
=======================================================
E MGGA_XC_B97M_V      : -1693.04835837
Nuclear Repulsion Energy: 4872.01417159
Electronic Energy:        -6315.10616648
XC Energy:                -249.956363
Converged:                1
# of SCF iterations:      17
SCF Time:                 32.36s

=======================================================
            Individual Calculation Summary             
=======================================================
HF Energy: -1693.0483583697555332
=======================================================


Topology 15 time: 32.578077 s, performance: SP: 0 FLOP/s, DP: 34.01 TFLOP/s
JSON file written to: json_logs/lustre_orion_chm213_scratch_ryan_dhdft_inputs_exess_exess_inputs_B97M-V_def2-TZVP_isomers_18880-18899_topology_15.json
************************************************************
**************** Running topology 17 of 20 *****************
************************************************************

************************************************************
************ Beginning RI-MGGA_XC_B97M_V energy ************
************************************************************

=======================================================
             MGGA_XC_B97M_V Energy Results             
=======================================================
E MGGA_XC_B97M_V      : -1693.03116137
Nuclear Repulsion Energy: 4847.81188839
Electronic Energy:        -6290.89512516
XC Energy:                -249.947925
Converged:                1
# of SCF iterations:      17
SCF Time:                 31.937s

=======================================================
            Individual Calculation Summary             
=======================================================
HF Energy: -1693.0311613659775958
=======================================================


Topology 16 time: 32.154588 s, performance: SP: 0 FLOP/s, DP: 34.47 TFLOP/s
JSON file written to: json_logs/lustre_orion_chm213_scratch_ryan_dhdft_inputs_exess_exess_inputs_B97M-V_def2-TZVP_isomers_18880-18899_topology_16.json
************************************************************
**************** Running topology 18 of 20 *****************
************************************************************

************************************************************
************ Beginning RI-MGGA_XC_B97M_V energy ************
************************************************************

=======================================================
             MGGA_XC_B97M_V Energy Results             
=======================================================
E MGGA_XC_B97M_V      : -1693.03581748
Nuclear Repulsion Energy: 4846.20665738
Electronic Energy:        -6289.293095
XC Energy:                -249.949380
Converged:                1
# of SCF iterations:      17
SCF Time:                 32.388s

=======================================================
            Individual Calculation Summary             
=======================================================
HF Energy: -1693.0358174786206291
=======================================================


Topology 17 time: 32.604147 s, performance: SP: 0 FLOP/s, DP: 33.99 TFLOP/s
JSON file written to: json_logs/lustre_orion_chm213_scratch_ryan_dhdft_inputs_exess_exess_inputs_B97M-V_def2-TZVP_isomers_18880-18899_topology_17.json
************************************************************
**************** Running topology 19 of 20 *****************
************************************************************

************************************************************
************ Beginning RI-MGGA_XC_B97M_V energy ************
************************************************************

=======================================================
             MGGA_XC_B97M_V Energy Results             
=======================================================
E MGGA_XC_B97M_V      : -1693.02019856
Nuclear Repulsion Energy: 4926.28880862
Electronic Energy:        -6369.36022265
XC Energy:                -249.948785
Converged:                1
# of SCF iterations:      17
SCF Time:                 32.297s

=======================================================
            Individual Calculation Summary             
=======================================================
HF Energy: -1693.0201985600233456
=======================================================


Topology 18 time: 32.520550 s, performance: SP: 0 FLOP/s, DP: 34.04 TFLOP/s
JSON file written to: json_logs/lustre_orion_chm213_scratch_ryan_dhdft_inputs_exess_exess_inputs_B97M-V_def2-TZVP_isomers_18880-18899_topology_18.json
************************************************************
**************** Running topology 20 of 20 *****************
************************************************************

************************************************************
************ Beginning RI-MGGA_XC_B97M_V energy ************
************************************************************

=======================================================
             MGGA_XC_B97M_V Energy Results             
=======================================================
E MGGA_XC_B97M_V      : -1693.01825254
Nuclear Repulsion Energy: 5083.97429442
Electronic Energy:        -6527.02975828
XC Energy:                -249.962789
Converged:                1
# of SCF iterations:      17
SCF Time:                 32.25s

=======================================================
            Individual Calculation Summary             
=======================================================
HF Energy: -1693.0182525405480192
=======================================================


Topology 19 time: 32.486199 s, performance: SP: 0 FLOP/s, DP: 34 TFLOP/s
JSON file written to: json_logs/lustre_orion_chm213_scratch_ryan_dhdft_inputs_exess_exess_inputs_B97M-V_def2-TZVP_isomers_18880-18899_topology_19.json
Total flops: SP: 0 FLOPS, DP: 22.19913 PFLOPS
Performance: SP: 0 FLOP/s, DP: 33.45 TFLOP/s

Now, a word from our sponsors... 
 Canberra might be the most powerful civilization in Human Space, but it was too far away to interest him. (From: A Deepness in the Sky, by Vernor Vinge)

[31mTotal processing time 663.911820 seconds[0m
[CRAYBLAS_WARNING] Application linked against multiple cray-libsci libraries
   3     | -1691.9897473906 |   3.7586e+00   |    1.4499     |    0.2718
Density calculation took 0.612885s
Tau required
    4     | -1692.8865240789 |   4.2648e-01   |    1.4439     |    0.2620
Density calculation took 0.613106s
Tau required
    5     | -1692.9891377346 |   7.6940e-02   |    1.4491     |    0.2722
Density calculation took 0.614126s
Tau required
    6     | -1693.0064408403 |   1.5206e-02   |    1.4447     |    0.2639
Density calculation took 0.612881s
Tau required
    7     | -1693.0100606390 |   2.4552e-03   |    1.4477     |    0.2736
Density calculation took 0.614332s
Tau required
    8     | -1693.0106318326 |   5.6903e-04   |    1.4444     |    0.2650
Density calculation took 0.614343s
Tau required
    9     | -1693.0107819390 |   3.2397e-05   |    1.4484     |    0.2651
Density calculation took 0.613313s
Tau required
   10     | -1693.0107899832 |   3.4144e-06   |    1.4460     |    0.2638
Density calculation took 0.614108s
Tau required
   11     | -1693.0107907263 |   7.5461e-07   |    1.4481     |    0.2653
Density calculation took 0.613084s
Tau required
   12     | -1693.0107908953 |   1.7316e-07   |    1.4470     |    0.2659
Density calculation took 0.614168s
Tau required
   13     | -1693.0107909364 |   3.6325e-08   |    1.4493     |    0.2646
Density calculation took 0.613287s
Tau required
   14     | -1693.0107909450 |   8.5124e-09   |    1.4430     |    0.2653
Density calculation took 0.614652s
Tau required
   15     | -1693.0107909468 |   2.6382e-09   |    1.4483     |    0.2652
Density calculation took 0.613315s
Tau required
   16     | -1693.0107909472 |   1.0250e-09   |    1.4456     |    0.2650
Density calculation took 0.614551s
Tau required
   17     | -1693.0107909475 |   2.2070e-11   |    1.4485     |    0.2652
Created 882152 / 2985984 significant shell pairs
Created 683140 / 2274064 significant shell pairs
Total number of grid points: 392483 (5771 per atom)
One electron integrals and orthogonalizer took 0.057984s
Created 683140 / 2274064 significant shell pairs
3C integrals and B formation took 2.273809s
Iteration |      Energy      |  DIIS Metric   | Fock Time (s) | DIIS Time (s)
----------+------------------+----------------+---------------+--------------
Density calculation took 0.638250s
Tau required
    1     | -1703.9997135073 |   1.0940e+03   |    1.6649     |    0.2975
Density calculation took 0.625102s
Tau required
    2     | -1692.3254068572 |   2.4262e+00   |    1.5081     |    0.2600
Density calculation took 0.605206s
Tau required
    3     | -1691.9082244989 |   4.1543e+00   |    1.4733     |    0.2717
Density calculation took 0.605422s
Tau required
    4     | -1692.8440343392 |   6.6304e-01   |    1.4736     |    0.2613
Density calculation took 0.605439s
Tau required
    5     | -1693.0070101130 |   8.4650e-02   |    1.4730     |    0.2724
Density calculation took 0.605647s
Tau required
    6     | -1693.0249990109 |   1.7344e-02   |    1.4716     |    0.2631
Density calculation took 0.605290s
Tau required
    7     | -1693.0287915833 |   3.5721e-03   |    1.4728     |    0.2745
Density calculation took 0.605628s
Tau required
    8     | -1693.0296457550 |   8.0148e-04   |    1.4720     |    0.2661
Density calculation took 0.606113s
Tau required
    9     | -1693.0298678346 |   5.3190e-05   |    1.4735     |    0.2641
Density calculation took 0.605897s
Tau required
   10     | -1693.0298811513 |   5.3355e-06   |    1.4719     |    0.2656
Density calculation took 0.606006s
Tau required
   11     | -1693.0298821922 |   1.8117e-06   |    1.4728     |    0.2636
Density calculation took 0.605458s
Tau required
   12     | -1693.0298826064 |   3.9199e-07   |    1.4724     |    0.2648
Density calculation took 0.605707s
Tau required
   13     | -1693.0298827034 |   5.7206e-08   |    1.4729     |    0.2653
Density calculation took 0.605711s
Tau required
   14     | -1693.0298827151 |   1.6948e-08   |    1.4712     |    0.2645
Density calculation took 0.606047s
Tau required
   15     | -1693.0298827184 |   5.2869e-09   |    1.4732     |    0.2665
Density calculation took 0.605525s
Tau required
   16     | -1693.0298827192 |   2.0154e-09   |    1.4702     |    0.2670
Density calculation took 0.606120s
Tau required
   17     | -1693.0298827198 |   6.5032e-11   |    1.4728     |    0.2644
Created 862339 / 2985984 significant shell pairs
Created 668277 / 2274064 significant shell pairs
Total number of grid points: 392602 (5773 per atom)
One electron integrals and orthogonalizer took 0.058692s
Created 668277 / 2274064 significant shell pairs
3C integrals and B formation took 2.263713s
Iteration |      Energy      |  DIIS Metric   | Fock Time (s) | DIIS Time (s)
----------+------------------+----------------+---------------+--------------
Density calculation took 0.648640s
Tau required
    1     | -1703.9956452105 |   1.0873e+03   |    1.6826     |    0.2974
Density calculation took 0.636396s
Tau required
    2     | -1692.3408117228 |   2.4247e+00   |    1.5106     |    0.2615
Density calculation took 0.610693s
Tau required
    3     | -1691.9785805342 |   3.9390e+00   |    1.4722     |    0.2706
Density calculation took 0.611081s
Tau required
    4     | -1692.8976934302 |   5.1309e-01   |    1.4715     |    0.2628
Density calculation took 0.610871s
Tau required
    5     | -1693.0266173218 |   6.5774e-02   |    1.4717     |    0.2740
Density calculation took 0.612594s
Tau required
    6     | -1693.0414445447 |   1.1283e-02   |    1.4720     |    0.2637
Density calculation took 0.611017s
Tau required
    7     | -1693.0438846200 |   2.5318e-03   |    1.4698     |    0.2739
Density calculation took 0.613320s
Tau required
    8     | -1693.0444825850 |   5.4381e-04   |    1.4737     |    0.2643
Density calculation took 0.612855s
Tau required
    9     | -1693.0446206530 |   4.7057e-05   |    1.4713     |    0.2662
Density calculation took 0.610995s
Tau required
   10     | -1693.0446325164 |   5.0723e-06   |    1.4714     |    0.2668
Density calculation took 0.612449s
Tau required
   11     | -1693.0446336486 |   1.3103e-06   |    1.4721     |    0.2646
Density calculation took 0.611275s
Tau required
   12     | -1693.0446339693 |   1.7527e-07   |    1.4717     |    0.2652
Density calculation took 0.612846s
Tau required
   13     | -1693.0446340086 |   3.5288e-08   |    1.4695     |    0.2642
Density calculation took 0.611196s
Tau required
   14     | -1693.0446340160 |   1.0193e-08   |    1.4717     |    0.2650
Density calculation took 0.612894s
Tau required
   15     | -1693.0446340180 |   3.1502e-09   |    1.4721     |    0.2641
Density calculation took 0.611255s
Tau required
   16     | -1693.0446340187 |   7.6938e-10   |    1.4719     |    0.2651
Density calculation took 0.613290s
Tau required
   17     | -1693.0446340189 |   4.7871e-11   |    1.4711     |    0.2674
Created 812837 / 2985984 significant shell pairs
Created 631016 / 2274064 significant shell pairs
Total number of grid points: 392651 (5774 per atom)
One electron integrals and orthogonalizer took 0.059843s
Created 631016 / 2274064 significant shell pairs
3C integrals and B formation took 2.228383s
Iteration |      Energy      |  DIIS Metric   | Fock Time (s) | DIIS Time (s)
----------+------------------+----------------+---------------+--------------
Density calculation took 0.657791s
Tau required
    1     | -1703.9719962580 |   1.0803e+03   |    1.6877     |    0.2982
Density calculation took 0.642642s
Tau required
    2     | -1692.3483238678 |   2.3939e+00   |    1.4980     |    0.2614
Density calculation took 0.618858s
Tau required
    3     | -1692.0508836411 |   3.6464e+00   |    1.4682     |    0.2719
Density calculation took 0.618884s
Tau required
    4     | -1692.9321839338 |   3.9461e-01   |    1.4683     |    0.2626
Density calculation took 0.618726s
Tau required
    5     | -1693.0304693495 |   6.3819e-02   |    1.4693     |    0.2727
Density calculation took 0.618736s
Tau required
    6     | -1693.0456908558 |   9.4980e-03   |    1.4710     |    0.2646
Density calculation took 0.618685s
Tau required
    7     | -1693.0476856160 |   2.2773e-03   |    1.4631     |    0.2738
Density calculation took 0.618934s
Tau required
    8     | -1693.0482212125 |   4.8375e-04   |    1.4667     |    0.2656
Density calculation took 0.619015s
Tau required
    9     | -1693.0483506410 |   2.7722e-05   |    1.4678     |    0.2645
Density calculation took 0.619363s
Tau required
   10     | -1693.0483572221 |   3.8042e-06   |    1.4670     |    0.2644
Density calculation took 0.619242s
Tau required
   11     | -1693.0483580118 |   1.2292e-06   |    1.4690     |    0.2666
Density calculation took 0.619367s
Tau required
   12     | -1693.0483583283 |   1.4529e-07   |    1.4669     |    0.2650
Density calculation took 0.618547s
Tau required
   13     | -1693.0483583635 |   2.1793e-08   |    1.4705     |    0.2657
Density calculation took 0.619657s
Tau required
   14     | -1693.0483583674 |   8.4197e-09   |    1.4677     |    0.2658
Density calculation took 0.619095s
Tau required
   15     | -1693.0483583692 |   2.0909e-09   |    1.4683     |    0.2649
Density calculation took 0.619626s
Tau required
   16     | -1693.0483583696 |   5.6553e-10   |    1.4666     |    0.2659
Density calculation took 0.619344s
Tau required
   17     | -1693.0483583698 |   2.7958e-11   |    1.4687     |    0.2631
Created 807047 / 2985984 significant shell pairs
Created 626005 / 2274064 significant shell pairs
Total number of grid points: 392929 (5778 per atom)
One electron integrals and orthogonalizer took 0.057308s
Created 626005 / 2274064 significant shell pairs
3C integrals and B formation took 2.237737s
Iteration |      Energy      |  DIIS Metric   | Fock Time (s) | DIIS Time (s)
----------+------------------+----------------+---------------+--------------
Density calculation took 0.653141s
Tau required
    1     | -1703.9564467141 |   1.0795e+03   |    1.6742     |    0.2965
Density calculation took 0.637867s
Tau required
    2     | -1692.3349917422 |   2.3743e+00   |    1.4814     |    0.2604
Density calculation took 0.615248s
Tau required
    3     | -1692.0378016361 |   3.6407e+00   |    1.4410     |    0.2684
Density calculation took 0.615565s
Tau required
    4     | -1692.9157265899 |   3.9369e-01   |    1.4421     |    0.2610
Density calculation took 0.616119s
Tau required
    5     | -1693.0124402912 |   6.6446e-02   |    1.4415     |    0.2697
Density calculation took 0.615430s
Tau required
    6     | -1693.0279078768 |   1.1580e-02   |    1.4410     |    0.2639
Density calculation took 0.615962s
Tau required
    7     | -1693.0305544704 |   2.0210e-03   |    1.4422     |    0.2749
Density calculation took 0.615734s
Tau required
    8     | -1693.0310208663 |   4.8563e-04   |    1.4419     |    0.2661
Density calculation took 0.616384s
Tau required
    9     | -1693.0311494886 |   4.1054e-05   |    1.4407     |    0.2654
Density calculation took 0.616520s
Tau required
   10     | -1693.0311601428 |   4.1401e-06   |    1.4415     |    0.2648
Density calculation took 0.616445s
Tau required
   11     | -1693.0311609351 |   1.4458e-06   |    1.4416     |    0.2647
Density calculation took 0.616057s
Tau required
   12     | -1693.0311613063 |   2.0340e-07   |    1.4408     |    0.2650
Density calculation took 0.616199s
Tau required
   13     | -1693.0311613571 |   2.9905e-08   |    1.4426     |    0.2668
Density calculation took 0.616368s
Tau required
   14     | -1693.0311613630 |   1.0158e-08   |    1.4425     |    0.2641
Density calculation took 0.616550s
Tau required
   15     | -1693.0311613652 |   2.7925e-09   |    1.4419     |    0.2644
Density calculation took 0.616647s
Tau required
   16     | -1693.0311613658 |   8.0085e-10   |    1.4433     |    0.2656
Density calculation took 0.616378s
Tau required
   17     | -1693.0311613660 |   3.3657e-11   |    1.4430     |    0.2663
Created 805988 / 2985984 significant shell pairs
Created 625192 / 2274064 significant shell pairs
Total number of grid points: 392253 (5768 per atom)
One electron integrals and orthogonalizer took 0.056788s
Created 625192 / 2274064 significant shell pairs
3C integrals and B formation took 2.225120s
Iteration |      Energy      |  DIIS Metric   | Fock Time (s) | DIIS Time (s)
----------+------------------+----------------+---------------+--------------
Density calculation took 0.650839s
Tau required
    1     | -1703.9617123718 |   1.0795e+03   |    1.6884     |    0.2976
Density calculation took 0.634538s
Tau required
    2     | -1692.3391838731 |   2.3726e+00   |    1.5057     |    0.2614
Density calculation took 0.614330s
Tau required
    3     | -1692.0446769355 |   3.6188e+00   |    1.4688     |    0.2701
Density calculation took 0.615095s
Tau required
    4     | -1692.9231621483 |   3.8406e-01   |    1.4720     |    0.2618
Density calculation took 0.615200s
Tau required
    5     | -1693.0170738424 |   6.6908e-02   |    1.4684     |    0.2712
Density calculation took 0.614845s
Tau required
    6     | -1693.0326496866 |   1.1311e-02   |    1.4720     |    0.2629
Density calculation took 0.615321s
Tau required
    7     | -1693.0352367065 |   1.9601e-03   |    1.4687     |    0.2731
Density calculation took 0.614737s
Tau required
    8     | -1693.0356866174 |   4.6368e-04   |    1.4729     |    0.2655
Density calculation took 0.615517s
Tau required
    9     | -1693.0358060422 |   3.9423e-05   |    1.4693     |    0.2649
Density calculation took 0.615496s
Tau required
   10     | -1693.0358161223 |   4.5266e-06   |    1.4745     |    0.2649
Density calculation took 0.615360s
Tau required
   11     | -1693.0358170545 |   1.4576e-06   |    1.4688     |    0.2655
Density calculation took 0.615547s
Tau required
   12     | -1693.0358174320 |   1.6307e-07   |    1.4700     |    0.2645
Density calculation took 0.615787s
Tau required
   13     | -1693.0358174711 |   2.5768e-08   |    1.4678     |    0.2653
Density calculation took 0.615603s
Tau required
   14     | -1693.0358174763 |   8.0683e-09   |    1.4726     |    0.2646
Density calculation took 0.615538s
Tau required
   15     | -1693.0358174779 |   2.6618e-09   |    1.4681     |    0.2649
Density calculation took 0.615523s
Tau required
   16     | -1693.0358174785 |   6.2247e-10   |    1.4735     |    0.2658
Density calculation took 0.615622s
Tau required
   17     | -1693.0358174786 |   2.6892e-11   |    1.4680     |    0.2653
Created 833048 / 2985984 significant shell pairs
Created 646649 / 2274064 significant shell pairs
Total number of grid points: 392837 (5777 per atom)
One electron integrals and orthogonalizer took 0.057280s
Created 646649 / 2274064 significant shell pairs
3C integrals and B formation took 2.231161s
Iteration |      Energy      |  DIIS Metric   | Fock Time (s) | DIIS Time (s)
----------+------------------+----------------+---------------+--------------
Density calculation took 0.648712s
Tau required
    1     | -1703.9593376319 |   1.0828e+03   |    1.6884     |    0.2971
Density calculation took 0.637875s
Tau required
    2     | -1692.3237058849 |   2.3724e+00   |    1.5110     |    0.2616
Density calculation took 0.615948s
Tau required
    3     | -1692.0298134742 |   3.6200e+00   |    1.4608     |    0.2691
Density calculation took 0.614254s
Tau required
    4     | -1692.9147257271 |   3.5644e-01   |    1.4639     |    0.2594
Density calculation took 0.614351s
Tau required
    5     | -1692.9994748385 |   7.1740e-02   |    1.4625     |    0.2707
Density calculation took 0.616719s
Tau required
    6     | -1693.0166914560 |   1.2211e-02   |    1.4625     |    0.2622
Density calculation took 0.614817s
Tau required
    7     | -1693.0196154298 |   1.9470e-03   |    1.4605     |    0.2729
Density calculation took 0.616516s
Tau required
    8     | -1693.0200692746 |   4.5408e-04   |    1.4654     |    0.2644
Density calculation took 0.614917s
Tau required
    9     | -1693.0201903159 |   2.9324e-05   |    1.4639     |    0.2649
Density calculation took 0.614912s
Tau required
   10     | -1693.0201973910 |   4.1304e-06   |    1.4644     |    0.2640
Density calculation took 0.614911s
Tau required
   11     | -1693.0201982519 |   1.0717e-06   |    1.4646     |    0.2644
Density calculation took 0.614971s
Tau required
   12     | -1693.0201984987 |   2.0609e-07   |    1.4651     |    0.2625
Density calculation took 0.614579s
Tau required
   13     | -1693.0201985482 |   4.1343e-08   |    1.4637     |    0.2647
Density calculation took 0.614896s
Tau required
   14     | -1693.0201985568 |   1.1184e-08   |    1.4657     |    0.2635
Density calculation took 0.615321s
Tau required
   15     | -1693.0201985592 |   2.8038e-09   |    1.4657     |    0.2649
Density calculation took 0.614809s
Tau required
   16     | -1693.0201985598 |   8.1688e-10   |    1.4642     |    0.2638
Density calculation took 0.614777s
Tau required
   17     | -1693.0201985600 |   4.3575e-11   |    1.4648     |    0.2644
Created 887111 / 2985984 significant shell pairs
Created 687054 / 2274064 significant shell pairs
Total number of grid points: 392737 (5775 per atom)
One electron integrals and orthogonalizer took 0.057966s
Created 687054 / 2274064 significant shell pairs
3C integrals and B formation took 2.277883s
Iteration |      Energy      |  DIIS Metric   | Fock Time (s) | DIIS Time (s)
----------+------------------+----------------+---------------+--------------
Density calculation took 0.631805s
Tau required
    1     | -1703.9951919173 |   1.0947e+03   |    1.6585     |    0.3009
Density calculation took 0.627518s
Tau required
    2     | -1692.3155430505 |   2.4126e+00   |    1.5003     |    0.2603
Density calculation took 0.607009s
Tau required
    3     | -1691.8981974373 |   4.1417e+00   |    1.4597     |    0.2702
Density calculation took 0.607924s
Tau required
    4     | -1692.8281297838 |   6.7353e-01   |    1.4579     |    0.2626
Density calculation took 0.607934s
Tau required
    5     | -1692.9950708786 |   8.4295e-02   |    1.4593     |    0.2720
Density calculation took 0.607288s
Tau required
    6     | -1693.0138800999 |   1.5820e-02   |    1.4574     |    0.2631
Density calculation took 0.607675s
Tau required
    7     | -1693.0172382502 |   3.3795e-03   |    1.4605     |    0.2718
Density calculation took 0.607524s
Tau required
    8     | -1693.0179731281 |   9.3351e-04   |    1.4584     |    0.2656
Density calculation took 0.607625s
Tau required
    9     | -1693.0182311676 |   7.3312e-05   |    1.4613     |    0.2638
Density calculation took 0.607637s
Tau required
   10     | -1693.0182504162 |   7.0562e-06   |    1.4579     |    0.2649
Density calculation took 0.607607s
Tau required
   11     | -1693.0182520370 |   1.7370e-06   |    1.4615     |    0.2642
Density calculation took 0.607312s
Tau required
   12     | -1693.0182524590 |   2.7731e-07   |    1.4577     |    0.2656
Density calculation took 0.607680s
Tau required
   13     | -1693.0182525302 |   3.5010e-08   |    1.4584     |    0.2641
Density calculation took 0.607496s
Tau required
   14     | -1693.0182525364 |   1.4966e-08   |    1.4588     |    0.2655
Density calculation took 0.607380s
Tau required
   15     | -1693.0182525391 |   5.1676e-09   |    1.4599     |    0.2654
Density calculation took 0.607222s
Tau required
   16     | -1693.0182525402 |   1.2885e-09   |    1.4587     |    0.2647
Density calculation took 0.607732s
Tau required
   17     | -1693.0182525405 |   4.2006e-11   |    1.4595     |    0.2654
Please cite the following papers for the methods used in this calculation:
 - J.L. Galvez Vallejo et. al., Toward an extreme-scale electronic structure system, J. Chem. Phys., 2023. DOI: 10.1063/5.0156399

 - R. Stocks, E. Palethorpe, and G.M.J. Barca, Multi-GPU RI-HF Energies and Analytic Gradients ─ Toward High-Throughput Ab Initio Molecular Dynamics, J. Chem. Theory Comput., 2024. DOI: 10.1021/acs.jctc.4c00877
   For:
     * RI-HF energy

 - S. Lehtola, C. Steigemann, M.J.T. Oliveira, and M.A.L. Marques, Recent developments in Libxc: A comprehensive library of functionals for density functional theory, SoftwareX, 2018. DOI: 10.1016/j.softx.2017.11.002
   For:
     * LibXC version 6.2.0

 - D.B. Williams-Young, W.A. de Jong, H.J.J. van Dam, and C. Yang, On the Efficient Evaluation of the Exchange Correlation Potential on Graphics Processing Unit Clusters, Frontiers in Chemistry, 2020. DOI: 10.3389/fchem.2020.581058
   For:
     * ExchCXX GPU implementation of exchange-correlation functionals

 - R. Stocks and G.M.J. Barca, Efficient Algorithms for GPU Accelerated Evaluation of the DFT Exchange-Correlation Functional, J. Chem. Theory Comput., 2025. DOI: 10.1021/acs.jctc.5c01229
   For:
     * GPU accelerated DFT exchange-correlation evaluation

 - N. Mardirossian and M. Head-Gordon.,  J. Chem. Phys. 142, 074111 (2015) DOI: 10.1063/1.4907719
   For:
     * MGGA_XC_B97M_V XC Functional

[CRAYBLAS_WARNING] Application linked against multiple cray-libsci libraries
