Total number of grid points: 392123 (5766 per atom)
Density calculation took 0.658707s
Tau required
Density calculation took 0.637214s
Tau required
Density calculation took 0.614144s
Tau required
Density calculation took 0.614904s
Tau required
Density calculation took 0.614234s
Tau required
Density calculation took 0.616174s
Tau required
Density calculation took 0.616720s
Tau required
Density calculation took 0.614986s
Tau required
Density calculation took 0.615423s
Tau required
Density calculation took 0.615274s
Tau required
Density calculation took 0.616817s
Tau required
Density calculation took 0.616772s
Tau required
Density calculation took 0.616692s
Tau required
Density calculation took 0.615800s
Tau required
Density calculation took 0.616608s
Tau required
Density calculation took 0.615405s
Tau required
Density calculation took 0.616795s
Tau required
Total number of grid points: 391902 (5763 per atom)
Density calculation took 0.662437s
Tau required
Density calculation took 0.642359s
Tau required
Density calculation took 0.616921s
Tau required
Density calculation took 0.616820s
Tau required
Density calculation took 0.617292s
Tau required
Density calculation took 0.617266s
Tau required
Density calculation took 0.617456s
Tau required
Density calculation took 0.617345s
Tau required
Density calculation took 0.618032s
Tau required
Density calculation took 0.617222s
Tau required
Density calculation took 0.618427s
Tau required
Density calculation took 0.617389s
Tau required
Density calculation took 0.617703s
Tau required
Density calculation took 0.618738s
Tau required
Density calculation took 0.617899s
Tau required
Density calculation took 0.618076s
Tau required
Total number of grid points: 392745 (5775 per atom)
Density calculation took 0.658649s
Tau required
Density calculation took 0.646051s
Tau required
Density calculation took 0.619124s
Tau required
Density calculation took 0.620046s
Tau required
Density calculation took 0.619777s
Tau required
Density calculation took 0.619519s
Tau required
Density calculation took 0.619771s
Tau required
Density calculation took 0.620755s
Tau required
Density calculation took 0.619339s
Tau required
Density calculation took 0.620080s
Tau required
Density calculation took 0.619936s
Tau required
Density calculation took 0.619510s
Tau required
Density calculation took 0.619691s
Tau required
Density calculation took 0.620503s
Tau required
Density calculation took 0.619735s
Tau required
Density calculation took 0.619856s
Tau required
Density calculation took 0.620203s
Tau required
Total number of grid points: 392971 (5778 per atom)
Density calculation took 0.662015s
Tau required
Density calculation took 0.644040s
Tau required
Density calculation took 0.621296s
Tau required
Density calculation took 0.619953s
Tau required
Density calculation took 0.622128s
Tau required
Density calculation took 0.620052s
Tau required
Density calculation took 0.621842s
Tau required
Density calculation took 0.619508s
Tau required
Density calculation took 0.622129s
Tau required
Density calculation took 0.620755s
Tau required
Density calculation took 0.621852s
Tau required
Density calculation took 0.621359s
Tau required
Density calculation took 0.622059s
Tau required
Density calculation took 0.620637s
Tau required
Density calculation took 0.622108s
Tau required
Density calculation took 0.620739s
Tau required
Total number of grid points: 392537 (5772 per atom)
Density calculation took 0.667183s
Tau required
Density calculation took 0.641762s
Tau required
Density calculation took 0.618836s
Tau required
Density calculation took 0.620977s
Tau required
Density calculation took 0.619554s
Tau required
Density calculation took 0.620576s
Tau required
Density calculation took 0.619196s
Tau required
Density calculation took 0.620866s
Tau required
Density calculation took 0.619483s
Tau required
Density calculation took 0.621179s
Tau required
Density calculation took 0.619502s
Tau required
Density calculation took 0.621068s
Tau required
Density calculation took 0.619296s
Tau required
Density calculation took 0.621375s
Tau required
Density calculation took 0.620033s
Tau required
Density calculation took 0.621508s
Tau required
Total number of grid points: 393268 (5783 per atom)
Density calculation took 0.656857s
Tau required
Density calculation took 0.643168s
Tau required
Density calculation took 0.620542s
Tau required
Density calculation took 0.621193s
Tau required
Density calculation took 0.620490s
Tau required
Density calculation took 0.621185s
Tau required
Density calculation took 0.619300s
Tau required
Density calculation took 0.621186s
Tau required
Density calculation took 0.620830s
Tau required
Density calculation took 0.621133s
Tau required
Density calculation took 0.619386s
Tau required
Density calculation took 0.620348s
Tau required
Density calculation took 0.620711s
Tau required
Density calculation took 0.620434s
Tau required
Density calculation took 0.619918s
Tau required
Density calculation took 0.620327s
Tau required
Density calculation took 0.619661s
Tau required
Total number of grid points: 393490 (5786 per atom)
Density calculation took 0.696841s
Tau required
Density calculation took 0.641414s
Tau required
Density calculation took 0.620199s
Tau required
Density calculation took 0.620596s
Tau required
Density calculation took 0.621549s
Tau required
Density calculation took 0.621284s
Tau required
Density calculation took 0.621132s
Tau required
Density calculation took 0.621021s
Tau required
Density calculation took 0.619766s
Tau required
Density calculation took 0.621160s
Tau required
Density calculation took 0.621224s
Tau required
Density calculation took 0.620106s
Tau required
Density calculation took 0.619813s
Tau required
Density calculation took 0.620318s
Tau required
Density calculation took 0.620439s
Tau required
Density calculation took 0.621469s
Tau required
Total number of grid points: 392558 (5772 per atom)
Density calculation took 0.698241s
Tau required
Density calculation took 0.640622s
Tau required
Density calculation took 0.618782s
Tau required
Density calculation took 0.618842s
Tau required
Density calculation took 0.619312s
Tau required
Density calculation took 0.618668s
Tau required
Density calculation took 0.618757s
Tau required
Density calculation took 0.618966s
Tau required
Density calculation took 0.618933s
Tau required
Density calculation took 0.619398s
Tau required
Density calculation took 0.618856s
Tau required
Density calculation took 0.619186s
Tau required
Density calculation took 0.618801s
Tau required
Density calculation took 0.619230s
Tau required
Density calculation took 0.618461s
Tau required
Density calculation took 0.618983s
Tau required
Total number of grid points: 392452 (5771 per atom)
Density calculation took 0.663471s
Tau required
Density calculation took 0.645077s
Tau required
Density calculation took 0.619278s
Tau required
Density calculation took 0.619365s
Tau required
Density calculation took 0.619796s
Tau required
Density calculation took 0.619899s
Tau required
Density calculation took 0.619832s
Tau required
Density calculation took 0.620207s
Tau required
Density calculation took 0.619783s
Tau required
Density calculation took 0.620668s
Tau required
Density calculation took 0.619941s
Tau required
Density calculation took 0.620656s
Tau required
Density calculation took 0.619451s
Tau required
Density calculation took 0.620360s
Tau required
Density calculation took 0.620530s
Tau required
Density calculation took 0.619952s
Tau required
Total number of grid points: 392834 (5776 per atom)
Density calculation took 0.697959s
Tau required
Density calculation took 0.651132s
Tau required
Density calculation took 0.621161s
Tau required
Density calculation took 0.623307s
Tau required
Density calculation took 0.622851s
Tau required
Density calculation took 0.622975s
Tau required
Density calculation took 0.621480s
Tau required
Density calculation took 0.623682s
Tau required
Density calculation took 0.621476s
Tau required
Density calculation took 0.623459s
Tau required
Density calculation took 0.622246s
Tau required
Density calculation took 0.624232s
Tau required
Density calculation took 0.621581s
Tau required
Density calculation took 0.623261s
Tau required
Density calculation took 0.621742s
Tau required
Density calculation took 0.624478s
Tau required
Total number of grid points: 392944 (5778 per atom)
Density calculation took 0.697183s
Tau required
Density calculation took 0.647038s
Tau required
Density calculation took 0.618232s
Tau required
Density calculation took 0.619826s
Tau required
Density calculation took 0.619004s
Tau required
Density calculation took 0.620779s
Tau required
Density calculation took 0.618851s
Tau required
Density calculation took 0.620505s
Tau required
Density calculation took 0.618436s
Tau required
Density calculation took 0.621012s
Tau required
Density calculation took 0.618905s
Tau required
Density calculation took 0.620580s
Tau required
Density calculation took 0.619155s
Tau required
Density calculation took 0.620740s
Tau required
Density calculation took 0.618734s
Tau required
Density calculation took 0.620442s
Tau required
Total number of grid points: 392192 (5767 per atom)
Density calculation took 0.663331s
Tau required
Density calculation took 0.647281s
Tau required
Density calculation took 0.620716s
Tau required
Density calculation took 0.622672s
Tau required
Density calculation took 0.621651s
Tau required
Density calculation took 0.622858s
Tau required
Density calculation took 0.621298s
Tau required
Density calculation took 0.623162s
Tau required
Density calculation took 0.621791s
Tau required
Density calculation took 0.623509s
Tau required
Density calculation took 0.622153s
Tau required
Density calculation took 0.623106s
Tau required
Density calculation took 0.621536s
Tau required
Density calculation took 0.622497s
Tau required
Density calculation took 0.621472s
Tau required
Density calculation took 0.623619s
Tau required
Total number of grid points: 392239 (5768 per atom)
Density calculation took 0.694011s
Tau required
Density calculation took 0.641077s
Tau required
Density calculation took 0.615711s
Tau required
Density calculation took 0.614715s
Tau required
Density calculation took 0.616265s
Tau required
Density calculation took 0.615552s
Tau required
Density calculation took 0.615631s
Tau required
Density calculation took 0.615451s
Tau required
Density calculation took 0.615388s
Tau required
Density calculation took 0.615734s
Tau required
Density calculation took 0.616323s
Tau required
Density calculation took 0.615287s
Tau required
Density calculation took 0.616177s
Tau required
Density calculation took 0.615847s
Tau required
Density calculation took 0.616292s
Tau required
Density calculation took 0.615464s
Tau required
Total number of grid points: 392945 (5778 per atom)
Density calculation took 0.697821s
Tau required
Density calculation took 0.648300s
Tau required
Density calculation took 0.620736s
Tau required
Density calculation took 0.622051s
Tau required
Density calculation took 0.621610s
Tau required
Density calculation took 0.621916s
Tau required
Density calculation took 0.622654s
Tau required
Density calculation took 0.622083s
Tau required
Density calculation took 0.621502s
Tau required
Density calculation took 0.622714s
Tau required
Density calculation took 0.621522s
Tau required
Density calculation took 0.622852s
Tau required
Density calculation took 0.621298s
Tau required
Density calculation took 0.621617s
Tau required
Density calculation took 0.623094s
Tau required
Density calculation took 0.622250s
Tau required
Total number of grid points: 392821 (5776 per atom)
Density calculation took 0.700514s
Tau required
Density calculation took 0.648367s
Tau required
Density calculation took 0.620555s
Tau required
Density calculation took 0.622011s
Tau required
Density calculation took 0.620612s
Tau required
Density calculation took 0.622416s
Tau required
Density calculation took 0.620803s
Tau required
Density calculation took 0.622195s
Tau required
Density calculation took 0.620188s
Tau required
Density calculation took 0.622466s
Tau required
Density calculation took 0.620716s
Tau required
Density calculation took 0.622855s
Tau required
Density calculation took 0.621607s
Tau required
Density calculation took 0.622133s
Tau required
Density calculation took 0.621562s
Tau required
Density calculation took 0.622946s
Tau required
Total number of grid points: 392666 (5774 per atom)
Density calculation took 0.686557s
Tau required
Density calculation took 0.641819s
Tau required
Density calculation took 0.619741s
Tau required
Density calculation took 0.617985s
Tau required
Density calculation took 0.620103s
Tau required
Density calculation took 0.618614s
Tau required
Density calculation took 0.619975s
Tau required
Density calculation took 0.618947s
Tau required
Density calculation took 0.620063s
Tau required
Density calculation took 0.618526s
Tau required
Density calculation took 0.620395s
Tau required
Density calculation took 0.619094s
Tau required
Density calculation took 0.621212s
Tau required
Density calculation took 0.618938s
Tau required
Density calculation took 0.620083s
Tau required
Density calculation took 0.619236s
Tau required
Total number of grid points: 392054 (5765 per atom)
Density calculation took 0.697660s
Tau required
Density calculation took 0.646524s
Tau required
Density calculation took 0.623411s
Tau required
Density calculation took 0.623480s
Tau required
Density calculation took 0.623572s
Tau required
Density calculation took 0.623924s
Tau required
Density calculation took 0.623530s
Tau required
Density calculation took 0.623827s
Tau required
Density calculation took 0.623863s
Tau required
Density calculation took 0.623761s
Tau required
Density calculation took 0.623873s
Tau required
Density calculation took 0.624571s
Tau required
Density calculation took 0.623425s
Tau required
Density calculation took 0.624290s
Tau required
Density calculation took 0.623887s
Tau required
Density calculation took 0.623791s
Tau required
Total number of grid points: 392718 (5775 per atom)
Density calculation took 0.694245s
Tau required
Density calculation took 0.646754s
Tau required
Density calculation took 0.620981s
Tau required
Density calculation took 0.621652s
Tau required
Density calculation took 0.621248s
Tau required
Density calculation took 0.621304s
Tau required
Density calculation took 0.622154s
Tau required
Density calculation took 0.621155s
Tau required
Density calculation took 0.622058s
Tau required
Density calculation took 0.622615s
Tau required
Density calculation took 0.621397s
Tau required
Density calculation took 0.621790s
Tau required
Density calculation took 0.621636s
Tau required
Density calculation took 0.621980s
Tau required
Density calculation took 0.622335s
Tau required
Density calculation took 0.622607s
Tau required
Total number of grid points: 392148 (5766 per atom)
Density calculation took 0.698216s
Tau required
Density calculation took 0.640780s
Tau required
Density calculation took 0.616279s
Tau required
Density calculation took 0.616931s
Tau required
Density calculation took 0.617610s
Tau required
Density calculation took 0.617446s
Tau required
Density calculation took 0.617478s
Tau required
Density calculation took 0.616250s
Tau required
Density calculation took 0.617435s
Tau required
Density calculation took 0.617673s
Tau required
Density calculation took 0.617766s
Tau required
Density calculation took 0.617114s
Tau required
Density calculation took 0.617981s
Tau required
Density calculation took 0.617099s
Tau required
Density calculation took 0.617279s
Tau required
Density calculation took 0.616907s
Tau required
Total number of grid points: 393246 (5783 per atom)
Density calculation took 0.680049s
Tau required
Density calculation took 0.645278s
Tau required
Density calculation took 0.620230s
Tau required
Density calculation took 0.620640s
Tau required
Density calculation took 0.620975s
Tau required
Density calculation took 0.620511s
Tau required
Density calculation took 0.621053s
Tau required
Density calculation took 0.620943s
Tau required
Density calculation took 0.621228s
Tau required
Density calculation took 0.620695s
Tau required
Density calculation took 0.621201s
Tau required
Density calculation took 0.620605s
Tau required
Density calculation took 0.620414s
Tau required
Density calculation took 0.621156s
Tau required
Density calculation took 0.620978s
Tau required
Density calculation took 0.620732s
Tau required
Density calculation took 0.620945s
Tau required
[CRAYBLAS_WARNING] Application linked against multiple cray-libsci libraries
4.16 TFLOP/s
JSON file written to: json_logs/lustre_orion_chm213_scratch_ryan_dhdft_inputs_exess_exess_inputs_B97M-V_def2-TZVP_isomers_28620-28639_topology_8.json
************************************************************
**************** Running topology 10 of 20 *****************
************************************************************

************************************************************
************ Beginning RI-MGGA_XC_B97M_V energy ************
************************************************************

=======================================================
             MGGA_XC_B97M_V Energy Results             
=======================================================
E MGGA_XC_B97M_V      : -1693.05636368
Nuclear Repulsion Energy: 4487.06352617
Electronic Energy:        -5930.19481768
XC Energy:                -249.925072
Converged:                1
# of SCF iterations:      16
SCF Time:                 30.602s

=======================================================
            Individual Calculation Summary             
=======================================================
HF Energy: -1693.0563636846648023
=======================================================


Topology 9 time: 30.808249 s, performance: SP: 0 FLOP/s, DP: 34.27 TFLOP/s
JSON file written to: json_logs/lustre_orion_chm213_scratch_ryan_dhdft_inputs_exess_exess_inputs_B97M-V_def2-TZVP_isomers_28620-28639_topology_9.json
************************************************************
**************** Running topology 11 of 20 *****************
************************************************************

************************************************************
************ Beginning RI-MGGA_XC_B97M_V energy ************
************************************************************

=======================================================
             MGGA_XC_B97M_V Energy Results             
=======================================================
E MGGA_XC_B97M_V      : -1693.05307335
Nuclear Repulsion Energy: 4562.95349043
Electronic Energy:        -6006.07007314
XC Energy:                -249.936491
Converged:                1
# of SCF iterations:      16
SCF Time:                 30.674s

=======================================================
            Individual Calculation Summary             
=======================================================
HF Energy: -1693.0530733454695564
=======================================================


Topology 10 time: 30.886478 s, performance: SP: 0 FLOP/s, DP: 34.16 TFLOP/s
JSON file written to: json_logs/lustre_orion_chm213_scratch_ryan_dhdft_inputs_exess_exess_inputs_B97M-V_def2-TZVP_isomers_28620-28639_topology_10.json
************************************************************
**************** Running topology 12 of 20 *****************
************************************************************

************************************************************
************ Beginning RI-MGGA_XC_B97M_V energy ************
************************************************************

=======================================================
             MGGA_XC_B97M_V Energy Results             
=======================================================
E MGGA_XC_B97M_V      : -1693.066716
Nuclear Repulsion Energy: 4435.71666933
Electronic Energy:        -5878.84847568
XC Energy:                -249.934910
Converged:                1
# of SCF iterations:      16
SCF Time:                 30.646s

=======================================================
            Individual Calculation Summary             
=======================================================
HF Energy: -1693.0667160037105532
=======================================================


Topology 11 time: 30.848036 s, performance: SP: 0 FLOP/s, DP: 34.22 TFLOP/s
JSON file written to: json_logs/lustre_orion_chm213_scratch_ryan_dhdft_inputs_exess_exess_inputs_B97M-V_def2-TZVP_isomers_28620-28639_topology_11.json
************************************************************
**************** Running topology 13 of 20 *****************
************************************************************

************************************************************
************ Beginning RI-MGGA_XC_B97M_V energy ************
************************************************************

=======================================================
             MGGA_XC_B97M_V Energy Results             
=======================================================
E MGGA_XC_B97M_V      : -1693.0673295
Nuclear Repulsion Energy: 4430.95547686
Electronic Energy:        -5874.0879651
XC Energy:                -249.934841
Converged:                1
# of SCF iterations:      16
SCF Time:                 30.43s

=======================================================
            Individual Calculation Summary             
=======================================================
HF Energy: -1693.0673294967705260
=======================================================


Topology 12 time: 30.631359 s, performance: SP: 0 FLOP/s, DP: 34.46 TFLOP/s
JSON file written to: json_logs/lustre_orion_chm213_scratch_ryan_dhdft_inputs_exess_exess_inputs_B97M-V_def2-TZVP_isomers_28620-28639_topology_12.json
************************************************************
**************** Running topology 14 of 20 *****************
************************************************************

************************************************************
************ Beginning RI-MGGA_XC_B97M_V energy ************
************************************************************

=======================================================
             MGGA_XC_B97M_V Energy Results             
=======================================================
E MGGA_XC_B97M_V      : -1693.06583618
Nuclear Repulsion Energy: 4465.5260057
Electronic Energy:        -5908.65776594
XC Energy:                -249.934076
Converged:                1
# of SCF iterations:      16
SCF Time:                 30.627s

=======================================================
            Individual Calculation Summary             
=======================================================
HF Energy: -1693.0658361825676366
=======================================================


Topology 13 time: 30.832556 s, performance: SP: 0 FLOP/s, DP: 34.24 TFLOP/s
JSON file written to: json_logs/lustre_orion_chm213_scratch_ryan_dhdft_inputs_exess_exess_inputs_B97M-V_def2-TZVP_isomers_28620-28639_topology_13.json
************************************************************
**************** Running topology 15 of 20 *****************
************************************************************

************************************************************
************ Beginning RI-MGGA_XC_B97M_V energy ************
************************************************************

=======================================================
             MGGA_XC_B97M_V Energy Results             
=======================================================
E MGGA_XC_B97M_V      : -1693.06592086
Nuclear Repulsion Energy: 4479.49297225
Electronic Energy:        -5922.62450913
XC Energy:                -249.934384
Converged:                1
# of SCF iterations:      16
SCF Time:                 30.506s

=======================================================
            Individual Calculation Summary             
=======================================================
HF Energy: -1693.0659208641952773
=======================================================


Topology 14 time: 30.711294 s, performance: SP: 0 FLOP/s, DP: 34.38 TFLOP/s
JSON file written to: json_logs/lustre_orion_chm213_scratch_ryan_dhdft_inputs_exess_exess_inputs_B97M-V_def2-TZVP_isomers_28620-28639_topology_14.json
************************************************************
**************** Running topology 16 of 20 *****************
************************************************************

************************************************************
************ Beginning RI-MGGA_XC_B97M_V energy ************
************************************************************

=======================================================
             MGGA_XC_B97M_V Energy Results             
=======================================================
E MGGA_XC_B97M_V      : -1693.05407147
Nuclear Repulsion Energy: 4577.66623773
Electronic Energy:        -6020.78109812
XC Energy:                -249.939211
Converged:                1
# of SCF iterations:      16
SCF Time:                 30.675s

=======================================================
            Individual Calculation Summary             
=======================================================
HF Energy: -1693.0540714709038639
=======================================================


Topology 15 time: 30.889327 s, performance: SP: 0 FLOP/s, DP: 34.14 TFLOP/s
JSON file written to: json_logs/lustre_orion_chm213_scratch_ryan_dhdft_inputs_exess_exess_inputs_B97M-V_def2-TZVP_isomers_28620-28639_topology_15.json
************************************************************
**************** Running topology 17 of 20 *****************
************************************************************

************************************************************
************ Beginning RI-MGGA_XC_B97M_V energy ************
************************************************************

=======================================================
             MGGA_XC_B97M_V Energy Results             
=======================================================
E MGGA_XC_B97M_V      : -1693.06250033
Nuclear Repulsion Energy: 4435.28505931
Electronic Energy:        -5878.41573759
XC Energy:                -249.931822
Converged:                1
# of SCF iterations:      16
SCF Time:                 30.534s

=======================================================
            Individual Calculation Summary             
=======================================================
HF Energy: -1693.0625003336535883
=======================================================


Topology 16 time: 30.735791 s, performance: SP: 0 FLOP/s, DP: 34.36 TFLOP/s
JSON file written to: json_logs/lustre_orion_chm213_scratch_ryan_dhdft_inputs_exess_exess_inputs_B97M-V_def2-TZVP_isomers_28620-28639_topology_16.json
************************************************************
**************** Running topology 18 of 20 *****************
************************************************************

************************************************************
************ Beginning RI-MGGA_XC_B97M_V energy ************
************************************************************

=======================================================
             MGGA_XC_B97M_V Energy Results             
=======================================================
E MGGA_XC_B97M_V      : -1693.05385902
Nuclear Repulsion Energy: 4481.15971898
Electronic Energy:        -5924.28390414
XC Energy:                -249.929674
Converged:                1
# of SCF iterations:      16
SCF Time:                 30.553s

=======================================================
            Individual Calculation Summary             
=======================================================
HF Energy: -1693.0538590207863763
=======================================================


Topology 17 time: 30.757651 s, performance: SP: 0 FLOP/s, DP: 34.32 TFLOP/s
JSON file written to: json_logs/lustre_orion_chm213_scratch_ryan_dhdft_inputs_exess_exess_inputs_B97M-V_def2-TZVP_isomers_28620-28639_topology_17.json
************************************************************
**************** Running topology 19 of 20 *****************
************************************************************

************************************************************
************ Beginning RI-MGGA_XC_B97M_V energy ************
************************************************************

=======================================================
             MGGA_XC_B97M_V Energy Results             
=======================================================
E MGGA_XC_B97M_V      : -1693.03533756
Nuclear Repulsion Energy: 4599.89814429
Electronic Energy:        -6042.99828039
XC Energy:                -249.935201
Converged:                1
# of SCF iterations:      16
SCF Time:                 30.4s

=======================================================
            Individual Calculation Summary             
=======================================================
HF Energy: -1693.0353375574388792
=======================================================


Topology 18 time: 30.614688 s, performance: SP: 0 FLOP/s, DP: 34.4 TFLOP/s
JSON file written to: json_logs/lustre_orion_chm213_scratch_ryan_dhdft_inputs_exess_exess_inputs_B97M-V_def2-TZVP_isomers_28620-28639_topology_18.json
************************************************************
**************** Running topology 20 of 20 *****************
************************************************************

************************************************************
************ Beginning RI-MGGA_XC_B97M_V energy ************
************************************************************

=======================================================
             MGGA_XC_B97M_V Energy Results             
=======================================================
E MGGA_XC_B97M_V      : -1693.03837635
Nuclear Repulsion Energy: 4613.81177593
Electronic Energy:        -6056.91440391
XC Energy:                -249.935748
Converged:                1
# of SCF iterations:      17
SCF Time:                 32.447s

=======================================================
            Individual Calculation Summary             
=======================================================
HF Energy: -1693.0383763510624249
=======================================================


Topology 19 time: 32.662780 s, performance: SP: 0 FLOP/s, DP: 34.13 TFLOP/s
JSON file written to: json_logs/lustre_orion_chm213_scratch_ryan_dhdft_inputs_exess_exess_inputs_B97M-V_def2-TZVP_isomers_28620-28639_topology_19.json
Total flops: SP: 0 FLOPS, DP: 21.345848 PFLOPS
Performance: SP: 0 FLOP/s, DP: 33.71 TFLOP/s

Now, a word from our sponsors... 
 The code is linking on AMD, quick, go watch an entire cricket match! 

[31mTotal processing time 633.399666 seconds[0m
[CRAYBLAS_WARNING] Application linked against multiple cray-libsci libraries
8   |    1.4695     |    0.2641
Density calculation took 0.620845s
Tau required
   13     | -1693.0673294938 |   1.0010e-08   |    1.4659     |    0.2637
Density calculation took 0.622159s
Tau required
   14     | -1693.0673294965 |   9.1445e-10   |    1.4672     |    0.2644
Density calculation took 0.620851s
Tau required
   15     | -1693.0673294967 |   3.9993e-10   |    1.4647     |    0.2650
Density calculation took 0.621685s
Tau required
   16     | -1693.0673294968 |   2.0675e-11   |    1.4722     |    0.2635
Created 673366 / 2985984 significant shell pairs
Created 523474 / 2274064 significant shell pairs
Total number of grid points: 393602 (5788 per atom)
One electron integrals and orthogonalizer took 0.052426s
Created 523474 / 2274064 significant shell pairs
3C integrals and B formation took 2.089761s
Iteration |      Energy      |  DIIS Metric   | Fock Time (s) | DIIS Time (s)
----------+------------------+----------------+---------------+--------------
Density calculation took 0.648992s
Tau required
    1     | -1703.9229988337 |   1.0619e+03   |    1.7008     |    0.2960
Density calculation took 0.644342s
Tau required
    2     | -1692.3754751453 |   2.3353e+00   |    1.5149     |    0.2614
Density calculation took 0.623892s
Tau required
    3     | -1692.2119471256 |   3.1250e+00   |    1.4855     |    0.2704
Density calculation took 0.624157s
Tau required
    4     | -1693.0433515025 |   8.6080e-02   |    1.4842     |    0.2636
Density calculation took 0.621104s
Tau required
    5     | -1693.0597295659 |   2.1976e-02   |    1.4751     |    0.2721
Density calculation took 0.621709s
Tau required
    6     | -1693.0645015445 |   4.5660e-03   |    1.4776     |    0.2623
Density calculation took 0.621941s
Tau required
    7     | -1693.0655996441 |   8.1248e-04   |    1.4801     |    0.2728
Density calculation took 0.622616s
Tau required
    8     | -1693.0657776314 |   1.9523e-04   |    1.4825     |    0.2658
Density calculation took 0.621489s
Tau required
    9     | -1693.0658332854 |   9.2707e-06   |    1.4762     |    0.2653
Density calculation took 0.623369s
Tau required
   10     | -1693.0658354276 |   2.5614e-06   |    1.4839     |    0.2642
Density calculation took 0.621785s
Tau required
   11     | -1693.0658361189 |   2.2727e-07   |    1.4774     |    0.2635
Density calculation took 0.623599s
Tau required
   12     | -1693.0658361622 |   7.0437e-08   |    1.4843     |    0.2645
Density calculation took 0.622152s
Tau required
   13     | -1693.0658361804 |   7.2890e-09   |    1.4771     |    0.2650
Density calculation took 0.623576s
Tau required
   14     | -1693.0658361823 |   8.8170e-10   |    1.4831     |    0.2648
Density calculation took 0.622078s
Tau required
   15     | -1693.0658361825 |   4.2685e-10   |    1.4767     |    0.2638
Density calculation took 0.623481s
Tau required
   16     | -1693.0658361826 |   1.4866e-11   |    1.4840     |    0.2647
Created 680250 / 2985984 significant shell pairs
Created 528965 / 2274064 significant shell pairs
Total number of grid points: 392370 (5770 per atom)
One electron integrals and orthogonalizer took 0.052328s
Created 528965 / 2274064 significant shell pairs
3C integrals and B formation took 2.090024s
Iteration |      Energy      |  DIIS Metric   | Fock Time (s) | DIIS Time (s)
----------+------------------+----------------+---------------+--------------
Density calculation took 0.656803s
Tau required
    1     | -1703.9238097440 |   1.0621e+03   |    1.7025     |    0.2958
Density calculation took 0.637383s
Tau required
    2     | -1692.3761212183 |   2.3323e+00   |    1.5161     |    0.2610
Density calculation took 0.611513s
Tau required
    3     | -1692.2130112441 |   3.1177e+00   |    1.4754     |    0.2701
Density calculation took 0.611752s
Tau required
    4     | -1693.0418856833 |   9.0397e-02   |    1.4707     |    0.2628
Density calculation took 0.611266s
Tau required
    5     | -1693.0584566532 |   2.5959e-02   |    1.4722     |    0.2725
Density calculation took 0.611198s
Tau required
    6     | -1693.0644006307 |   5.1260e-03   |    1.4743     |    0.2640
Density calculation took 0.611398s
Tau required
    7     | -1693.0657128379 |   7.1149e-04   |    1.4708     |    0.2728
Density calculation took 0.611448s
Tau required
    8     | -1693.0658579235 |   2.0906e-04   |    1.4719     |    0.2651
Density calculation took 0.611449s
Tau required
    9     | -1693.0659166278 |   1.3917e-05   |    1.4718     |    0.2657
Density calculation took 0.611699s
Tau required
   10     | -1693.0659200660 |   2.7970e-06   |    1.4705     |    0.2646
Density calculation took 0.611288s
Tau required
   11     | -1693.0659207718 |   3.2422e-07   |    1.4700     |    0.2650
Density calculation took 0.611863s
Tau required
   12     | -1693.0659208362 |   9.6749e-08   |    1.4708     |    0.2647
Density calculation took 0.611356s
Tau required
   13     | -1693.0659208599 |   1.4872e-08   |    1.4726     |    0.2643
Density calculation took 0.611771s
Tau required
   14     | -1693.0659208639 |   9.3537e-10   |    1.4696     |    0.2648
Density calculation took 0.611354s
Tau required
   15     | -1693.0659208640 |   5.7912e-10   |    1.4720     |    0.2642
Density calculation took 0.611725s
Tau required
   16     | -1693.0659208642 |   3.0153e-11   |    1.4727     |    0.2641
Created 713866 / 2985984 significant shell pairs
Created 554880 / 2274064 significant shell pairs
Total number of grid points: 392103 (5766 per atom)
One electron integrals and orthogonalizer took 0.052028s
Created 554880 / 2274064 significant shell pairs
3C integrals and B formation took 2.146712s
Iteration |      Energy      |  DIIS Metric   | Fock Time (s) | DIIS Time (s)
----------+------------------+----------------+---------------+--------------
Density calculation took 0.662200s
Tau required
    1     | -1703.9306660861 |   1.0665e+03   |    1.6956     |    0.2969
Density calculation took 0.647239s
Tau required
    2     | -1692.3614134168 |   2.3494e+00   |    1.5138     |    0.2643
Density calculation took 0.625357s
Tau required
    3     | -1692.1748920710 |   3.2304e+00   |    1.4791     |    0.2693
Density calculation took 0.625751s
Tau required
    4     | -1693.0249528226 |   1.0578e-01   |    1.4793     |    0.2619
Density calculation took 0.626072s
Tau required
    5     | -1693.0445375239 |   3.2880e-02   |    1.4786     |    0.2719
Density calculation took 0.625486s
Tau required
    6     | -1693.0529939249 |   3.8294e-03   |    1.4814     |    0.2645
Density calculation took 0.626066s
Tau required
    7     | -1693.0538623719 |   7.2141e-04   |    1.4810     |    0.2740
Density calculation took 0.625294s
Tau required
    8     | -1693.0540172610 |   1.8496e-04   |    1.4784     |    0.2642
Density calculation took 0.626282s
Tau required
    9     | -1693.0540672631 |   1.4415e-05   |    1.4773     |    0.2657
Density calculation took 0.626148s
Tau required
   10     | -1693.0540706979 |   2.7320e-06   |    1.4796     |    0.2638
Density calculation took 0.626232s
Tau required
   11     | -1693.0540713895 |   2.7281e-07   |    1.4785     |    0.2654
Density calculation took 0.626258s
Tau required
   12     | -1693.0540714392 |   1.0560e-07   |    1.4789     |    0.2660
Density calculation took 0.625805s
Tau required
   13     | -1693.0540714663 |   1.5348e-08   |    1.4785     |    0.2650
Density calculation took 0.626046s
Tau required
   14     | -1693.0540714705 |   1.6070e-09   |    1.4806     |    0.2647
Density calculation took 0.626285s
Tau required
   15     | -1693.0540714707 |   8.1456e-10   |    1.4794     |    0.2651
Density calculation took 0.626006s
Tau required
   16     | -1693.0540714709 |   5.7831e-11   |    1.4801     |    0.2638
Created 667643 / 2985984 significant shell pairs
Created 518677 / 2274064 significant shell pairs
Total number of grid points: 392781 (5776 per atom)
One electron integrals and orthogonalizer took 0.051999s
Created 518677 / 2274064 significant shell pairs
3C integrals and B formation took 2.071676s
Iteration |      Energy      |  DIIS Metric   | Fock Time (s) | DIIS Time (s)
----------+------------------+----------------+---------------+--------------
Density calculation took 0.662226s
Tau required
    1     | -1703.9188612178 |   1.0615e+03   |    1.6782     |    0.2971
Density calculation took 0.643841s
Tau required
    2     | -1692.3734300792 |   2.3303e+00   |    1.5132     |    0.2609
Density calculation took 0.623476s
Tau required
    3     | -1692.2078506551 |   3.1297e+00   |    1.4799     |    0.2690
Density calculation took 0.623884s
Tau required
    4     | -1693.0377465281 |   9.3935e-02   |    1.4752     |    0.2619
Density calculation took 0.623882s
Tau required
    5     | -1693.0560259536 |   2.2634e-02   |    1.4771     |    0.2713
Density calculation took 0.623393s
Tau required
    6     | -1693.0613337933 |   3.9757e-03   |    1.4814     |    0.2632
Density calculation took 0.623964s
Tau required
    7     | -1693.0623128413 |   6.5137e-04   |    1.4790     |    0.2726
Density calculation took 0.623501s
Tau required
    8     | -1693.0624402695 |   2.0162e-04   |    1.4777     |    0.2641
Density calculation took 0.624297s
Tau required
    9     | -1693.0624963524 |   1.3367e-05   |    1.4777     |    0.2652
Density calculation took 0.623872s
Tau required
   10     | -1693.0624994018 |   3.1709e-06   |    1.4750     |    0.2646
Density calculation took 0.624301s
Tau required
   11     | -1693.0625002468 |   2.9703e-07   |    1.4772     |    0.2634
Density calculation took 0.623666s
Tau required
   12     | -1693.0625003113 |   7.9267e-08   |    1.4746     |    0.2639
Density calculation took 0.623923s
Tau required
   13     | -1693.0625003316 |   6.9786e-09   |    1.4761     |    0.2688
Density calculation took 0.624140s
Tau required
   14     | -1693.0625003334 |   8.2597e-10   |    1.4762     |    0.2643
Density calculation took 0.623923s
Tau required
   15     | -1693.0625003335 |   4.0009e-10   |    1.4752     |    0.2639
Density calculation took 0.623952s
Tau required
   16     | -1693.0625003337 |   1.2004e-11   |    1.4745     |    0.2648
Created 680192 / 2985984 significant shell pairs
Created 528625 / 2274064 significant shell pairs
Total number of grid points: 392167 (5767 per atom)
One electron integrals and orthogonalizer took 0.051720s
Created 528625 / 2274064 significant shell pairs
3C integrals and B formation took 2.083149s
Iteration |      Energy      |  DIIS Metric   | Fock Time (s) | DIIS Time (s)
----------+------------------+----------------+---------------+--------------
Density calculation took 0.693538s
Tau required
    1     | -1703.9144346441 |   1.0625e+03   |    1.7101     |    0.2965
Density calculation took 0.644479s
Tau required
    2     | -1692.3663045640 |   2.3194e+00   |    1.5114     |    0.2589
Density calculation took 0.621697s
Tau required
    3     | -1692.2044329119 |   3.1040e+00   |    1.4769     |    0.2708
Density calculation took 0.622257s
Tau required
    4     | -1693.0286435521 |   9.5663e-02   |    1.4741     |    0.2617
Density calculation took 0.622261s
Tau required
    5     | -1693.0463573610 |   2.5935e-02   |    1.4760     |    0.2736
Density calculation took 0.621905s
Tau required
    6     | -1693.0519903659 |   6.2432e-03   |    1.4771     |    0.2638
Density calculation took 0.622305s
Tau required
    7     | -1693.0536235283 |   7.9544e-04   |    1.4770     |    0.2733
Density calculation took 0.622232s
Tau required
    8     | -1693.0538005952 |   2.0506e-04   |    1.4740     |    0.2643
Density calculation took 0.622041s
Tau required
    9     | -1693.0538567216 |   7.9671e-06   |    1.4738     |    0.2656
Density calculation took 0.622317s
Tau required
   10     | -1693.0538581094 |   3.0725e-06   |    1.4744     |    0.2636
Density calculation took 0.621977s
Tau required
   11     | -1693.0538589221 |   3.2719e-07   |    1.4724     |    0.2654
Density calculation took 0.622377s
Tau required
   12     | -1693.0538589942 |   9.0988e-08   |    1.4736     |    0.2643
Density calculation took 0.622129s
Tau required
   13     | -1693.0538590181 |   9.1246e-09   |    1.4723     |    0.2690
Density calculation took 0.622369s
Tau required
   14     | -1693.0538590204 |   1.2032e-09   |    1.4732     |    0.2651
Density calculation took 0.622012s
Tau required
   15     | -1693.0538590206 |   5.8660e-10   |    1.4737     |    0.2683
Density calculation took 0.622061s
Tau required
   16     | -1693.0538590208 |   3.7209e-11   |    1.4739     |    0.2638
Created 717781 / 2985984 significant shell pairs
Created 557869 / 2274064 significant shell pairs
Total number of grid points: 392782 (5776 per atom)
One electron integrals and orthogonalizer took 0.052359s
Created 557869 / 2274064 significant shell pairs
3C integrals and B formation took 2.158108s
Iteration |      Energy      |  DIIS Metric   | Fock Time (s) | DIIS Time (s)
----------+------------------+----------------+---------------+--------------
Density calculation took 0.657961s
Tau required
    1     | -1703.9238179967 |   1.0677e+03   |    1.6976     |    0.2971
Density calculation took 0.636758s
Tau required
    2     | -1692.3469676024 |   2.3305e+00   |    1.4952     |    0.2607
Density calculation took 0.615876s
Tau required
    3     | -1692.1598951986 |   3.2186e+00   |    1.4631     |    0.2708
Density calculation took 0.615438s
Tau required
    4     | -1692.9947083419 |   1.4470e-01   |    1.4600     |    0.2600
Density calculation took 0.615508s
Tau required
    5     | -1693.0190541593 |   5.3316e-02   |    1.4625     |    0.2712
Density calculation took 0.616095s
Tau required
    6     | -1693.0337235780 |   5.8598e-03   |    1.4612     |    0.2662
Density calculation took 0.615882s
Tau required
    7     | -1693.0351577151 |   6.4968e-04   |    1.4587     |    0.2728
Density calculation took 0.615496s
Tau required
    8     | -1693.0352593838 |   2.6377e-04   |    1.4593     |    0.2646
Density calculation took 0.615757s
Tau required
    9     | -1693.0353320155 |   1.8545e-05   |    1.4607     |    0.2640
Density calculation took 0.615739s
Tau required
   10     | -1693.0353364326 |   3.8068e-06   |    1.4616     |    0.2647
Density calculation took 0.615897s
Tau required
   11     | -1693.0353374422 |   4.0488e-07   |    1.4621     |    0.2638
Density calculation took 0.615776s
Tau required
   12     | -1693.0353375320 |   8.8624e-08   |    1.4554     |    0.2650
Density calculation took 0.615864s
Tau required
   13     | -1693.0353375546 |   9.4558e-09   |    1.4616     |    0.2663
Density calculation took 0.615926s
Tau required
   14     | -1693.0353375568 |   2.1612e-09   |    1.4598     |    0.2650
Density calculation took 0.615603s
Tau required
   15     | -1693.0353375571 |   1.2016e-09   |    1.4599     |    0.2642
Density calculation took 0.615630s
Tau required
   16     | -1693.0353375574 |   7.7252e-11   |    1.4596     |    0.2644
Created 723381 / 2985984 significant shell pairs
Created 562264 / 2274064 significant shell pairs
Total number of grid points: 391960 (5764 per atom)
One electron integrals and orthogonalizer took 0.052556s
Created 562264 / 2274064 significant shell pairs
3C integrals and B formation took 2.164403s
Iteration |      Energy      |  DIIS Metric   | Fock Time (s) | DIIS Time (s)
----------+------------------+----------------+---------------+--------------
Density calculation took 0.651992s
Tau required
    1     | -1703.9244238512 |   1.0676e+03   |    1.6877     |    0.2961
Density calculation took 0.641051s
Tau required
    2     | -1692.3503518672 |   2.3284e+00   |    1.5115     |    0.2610
Density calculation took 0.619874s
Tau required
    3     | -1692.1645298488 |   3.2144e+00   |    1.4784     |    0.2701
Density calculation took 0.619515s
Tau required
    4     | -1692.9998187799 |   1.3985e-01   |    1.4806     |    0.2628
Density calculation took 0.619703s
Tau required
    5     | -1693.0233703580 |   4.9909e-02   |    1.4788     |    0.2730
Density calculation took 0.619665s
Tau required
    6     | -1693.0365983045 |   6.4674e-03   |    1.4795     |    0.2650
Density calculation took 0.619557s
Tau required
    7     | -1693.0382226862 |   5.5900e-04   |    1.4813     |    0.2731
Density calculation took 0.619925s
Tau required
    8     | -1693.0383109851 |   2.2142e-04   |    1.4803     |    0.2655
Density calculation took 0.620063s
Tau required
    9     | -1693.0383717622 |   1.5361e-05   |    1.4803     |    0.2662
Density calculation took 0.619791s
Tau required
   10     | -1693.0383750732 |   4.3233e-06   |    1.4802     |    0.2656
Density calculation took 0.620015s
Tau required
   11     | -1693.0383762338 |   4.1495e-07   |    1.4812     |    0.2682
Density calculation took 0.619626s
Tau required
   12     | -1693.0383763262 |   8.8576e-08   |    1.4777     |    0.2661
Density calculation took 0.619857s
Tau required
   13     | -1693.0383763477 |   1.1399e-08   |    1.4807     |    0.2647
Density calculation took 0.619728s
Tau required
   14     | -1693.0383763504 |   2.3117e-09   |    1.4807     |    0.2639
Density calculation took 0.619743s
Tau required
   15     | -1693.0383763507 |   1.2281e-09   |    1.4810     |    0.2653
Density calculation took 0.619770s
Tau required
   16     | -1693.0383763510 |   1.0279e-10   |    1.4794     |    0.2661
Density calculation took 0.619509s
Tau required
   17     | -1693.0383763511 |   1.8229e-11   |    1.4802     |    0.2694
Please cite the following papers for the methods used in this calculation:
 - J.L. Galvez Vallejo et. al., Toward an extreme-scale electronic structure system, J. Chem. Phys., 2023. DOI: 10.1063/5.0156399

 - R. Stocks, E. Palethorpe, and G.M.J. Barca, Multi-GPU RI-HF Energies and Analytic Gradients ─ Toward High-Throughput Ab Initio Molecular Dynamics, J. Chem. Theory Comput., 2024. DOI: 10.1021/acs.jctc.4c00877
   For:
     * RI-HF energy

 - S. Lehtola, C. Steigemann, M.J.T. Oliveira, and M.A.L. Marques, Recent developments in Libxc: A comprehensive library of functionals for density functional theory, SoftwareX, 2018. DOI: 10.1016/j.softx.2017.11.002
   For:
     * LibXC version 6.2.0

 - D.B. Williams-Young, W.A. de Jong, H.J.J. van Dam, and C. Yang, On the Efficient Evaluation of the Exchange Correlation Potential on Graphics Processing Unit Clusters, Frontiers in Chemistry, 2020. DOI: 10.3389/fchem.2020.581058
   For:
     * ExchCXX GPU implementation of exchange-correlation functionals

 - R. Stocks and G.M.J. Barca, Efficient Algorithms for GPU Accelerated Evaluation of the DFT Exchange-Correlation Functional, J. Chem. Theory Comput., 2025. DOI: 10.1021/acs.jctc.5c01229
   For:
     * GPU accelerated DFT exchange-correlation evaluation

 - N. Mardirossian and M. Head-Gordon.,  J. Chem. Phys. 142, 074111 (2015) DOI: 10.1063/1.4907719
   For:
     * MGGA_XC_B97M_V XC Functional

[CRAYBLAS_WARNING] Application linked against multiple cray-libsci libraries
