Total number of grid points: 313134 (5050 per atom)
Total number of grid points: 316132 (5098 per atom)
Total number of grid points: 313472 (5056 per atom)
Total number of grid points: 313284 (5052 per atom)
Total number of grid points: 308592 (4977 per atom)
Total number of grid points: 312385 (5038 per atom)
Total number of grid points: 311771 (5028 per atom)
Total number of grid points: 315238 (5084 per atom)
Total number of grid points: 315301 (5085 per atom)
Total number of grid points: 318024 (5129 per atom)
Total number of grid points: 314251 (5068 per atom)
Total number of grid points: 305320 (4924 per atom)
Total number of grid points: 309861 (4997 per atom)
Total number of grid points: 314130 (5066 per atom)
Total number of grid points: 312047 (5033 per atom)
Total number of grid points: 309364 (4989 per atom)
Total number of grid points: 312273 (5036 per atom)
Total number of grid points: 314445 (5071 per atom)
Total number of grid points: 317325 (5118 per atom)
Total number of grid points: 311972 (5031 per atom)
[CRAYBLAS_WARNING] Application linked against multiple cray-libsci libraries
4337
   10     | -1536.8338591520 |   5.5448e-06   |    0.8941     |    0.2409
   11     | -1536.8338605537 |   5.5499e-07   |    1.0289     |    0.4436
   12     | -1536.8338606669 |   1.7194e-07   |    0.9475     |    0.2866
   13     | -1536.8338607102 |   2.4959e-08   |    1.3520     |    0.3685
   14     | -1536.8338607166 |   3.8879e-09   |    1.0305     |    0.4067
   15     | -1536.8338607177 |   1.9577e-10   |    1.2417     |    0.3354
   16     | -1536.8338607177 |   4.6485e-10   |    1.2714     |    0.3341
   17     | -1536.8338607178 |   5.5253e-11   |    1.2723     |    0.3539
Created 575617 / 2471184 significant shell pairs
Created 445391 / 1882384 significant shell pairs
Total number of grid points: 304870 (4917 per atom)
One electron integrals and orthogonalizer took 0.125608s
Created 445391 / 1882384 significant shell pairs
3C integrals and B formation took 2.048242s
Iteration |      Energy      |  DIIS Metric   | Fock Time (s) | DIIS Time (s)
----------+------------------+----------------+---------------+--------------
    1     | -1546.1346146601 |   9.3242e+02   |    1.5561     |    0.4976
    2     | -1535.9693207239 |   3.1121e+00   |    1.4457     |    0.4592
    3     | -1535.6181334187 |   4.4863e+00   |    1.5904     |    0.4444
    4     | -1536.7980915434 |   1.3545e-01   |    1.3275     |    0.4983
    5     | -1536.8207657116 |   5.3928e-02   |    1.3274     |    0.4985
    6     | -1536.8343033105 |   6.3164e-03   |    1.5292     |    0.4988
    7     | -1536.8358574797 |   9.1535e-04   |    1.5292     |    0.4590
    8     | -1536.8360061920 |   4.2390e-04   |    1.5698     |    0.2548
    9     | -1536.8361291927 |   3.5118e-05   |    1.3680     |    0.2954
   10     | -1536.8361381677 |   6.6516e-06   |    1.3257     |    0.2964
   11     | -1536.8361399773 |   7.1188e-07   |    1.5300     |    0.2955
   12     | -1536.8361401424 |   1.5489e-07   |    1.5299     |    0.2951
   13     | -1536.8361401794 |   2.9871e-08   |    1.5294     |    0.2954
   14     | -1536.8361401869 |   3.3336e-09   |    1.3279     |    0.2548
   15     | -1536.8361401877 |   2.3851e-10   |    1.3668     |    0.2957
   16     | -1536.8361401876 |   8.2125e-10   |    1.5472     |    0.3340
   17     | -1536.8361401878 |   6.7664e-11   |    1.4359     |    0.2958
Created 594633 / 2471184 significant shell pairs
Created 460844 / 1882384 significant shell pairs
Total number of grid points: 311108 (5017 per atom)
One electron integrals and orthogonalizer took 0.195129s
Created 460844 / 1882384 significant shell pairs
3C integrals and B formation took 2.132352s
Iteration |      Energy      |  DIIS Metric   | Fock Time (s) | DIIS Time (s)
----------+------------------+----------------+---------------+--------------
    1     | -1546.1432757018 |   9.3470e+02   |    1.5990     |    0.5324
    2     | -1535.9655726436 |   3.1216e+00   |    1.4699     |    0.3382
    3     | -1535.6096488850 |   4.5423e+00   |    1.4620     |    0.3374
    4     | -1536.8051118902 |   1.0596e-01   |    1.2302     |    0.2952
    5     | -1536.8249230252 |   3.1958e-02   |    1.3267     |    0.2955
    6     | -1536.8323928770 |   3.8138e-03   |    1.5648     |    0.4635
    7     | -1536.8332614009 |   8.1842e-04   |    1.5549     |    0.3381
    8     | -1536.8334598714 |   1.2664e-04   |    1.4586     |    0.3331
    9     | -1536.8334915031 |   1.9424e-05   |    1.2338     |    0.2952
   10     | -1536.8334961917 |   4.6690e-06   |    1.3277     |    0.2552
   11     | -1536.8334974790 |   2.9030e-07   |    1.6041     |    0.3339
   12     | -1536.8334975222 |   1.4544e-07   |    1.4707     |    0.3338
   13     | -1536.8334975620 |   1.2608e-08   |    1.4689     |    0.3338
   14     | -1536.8334975649 |   2.7097e-09   |    1.2332     |    0.2962
   15     | -1536.8334975655 |   1.9745e-10   |    1.3262     |    0.2952
   16     | -1536.8334975654 |   4.9143e-10   |    1.5664     |    0.4627
   17     | -1536.8334975656 |   7.9128e-11   |    1.5573     |    0.3338
Created 596349 / 2471184 significant shell pairs
Created 462164 / 1882384 significant shell pairs
Total number of grid points: 320672 (5172 per atom)
One electron integrals and orthogonalizer took 0.176968s
Created 462164 / 1882384 significant shell pairs
3C integrals and B formation took 2.134606s
Iteration |      Energy      |  DIIS Metric   | Fock Time (s) | DIIS Time (s)
----------+------------------+----------------+---------------+--------------
    1     | -1546.1449108266 |   9.3498e+02   |    1.6200     |    0.5097
    2     | -1535.9660123679 |   3.1208e+00   |    1.5183     |    0.4181
    3     | -1535.6014435036 |   4.5699e+00   |    1.5703     |    0.5551
    4     | -1536.7957989166 |   1.3855e-01   |    1.2291     |    0.4987
    5     | -1536.8146207619 |   6.6521e-02   |    1.3267     |    0.4993
    6     | -1536.8315849154 |   7.6162e-03   |    1.6105     |    0.5147
    7     | -1536.8334868281 |   1.1374e-03   |    1.5122     |    0.4186
    8     | -1536.8336692658 |   5.2574e-04   |    1.5709     |    0.2551
    9     | -1536.8338268129 |   2.7341e-05   |    1.3475     |    0.3337
   10     | -1536.8338330098 |   6.8689e-06   |    1.2540     |    0.3335
   11     | -1536.8338347858 |   6.1054e-07   |    1.5184     |    0.3312
   12     | -1536.8338349075 |   2.0278e-07   |    1.4503     |    0.3339
   13     | -1536.8338349588 |   3.1355e-08   |    1.4717     |    0.3333
   14     | -1536.8338349670 |   3.6933e-09   |    1.2340     |    0.2956
   15     | -1536.8338349680 |   2.0578e-10   |    1.3473     |    0.3341
   16     | -1536.8338349679 |   4.8672e-10   |    1.5184     |    0.3312
   17     | -1536.8338349681 |   4.8243e-11   |    1.6377     |    0.2742
Created 588167 / 2471184 significant shell pairs
Created 456085 / 1882384 significant shell pairs
Total number of grid points: 309175 (4986 per atom)
One electron integrals and orthogonalizer took 0.167846s
Created 456085 / 1882384 significant shell pairs
3C integrals and B formation took 2.131547s
Iteration |      Energy      |  DIIS Metric   | Fock Time (s) | DIIS Time (s)
----------+------------------+----------------+---------------+--------------
    1     | -1546.1324387890 |   9.3229e+02   |    1.5496     |    0.5002
    2     | -1535.9688080362 |   3.1044e+00   |    1.4684     |    0.3321
    3     | -1535.6219634001 |   4.4517e+00   |    1.4617     |    0.3341
    4     | -1536.7966618515 |   1.3108e-01   |    1.2329     |    0.2955
    5     | -1536.8189522068 |   5.2973e-02   |    1.3272     |    0.3810
    6     | -1536.8326531156 |   5.2310e-03   |    1.4705     |    0.3336
    7     | -1536.8339089976 |   8.1070e-04   |    1.4633     |    0.3380
    8     | -1536.8340737317 |   2.6803e-04   |    1.4604     |    0.3339
    9     | -1536.8341468529 |   2.4451e-05   |    1.2335     |    0.2959
   10     | -1536.8341514346 |   9.6555e-06   |    1.3267     |    0.2952
   11     | -1536.8341542766 |   7.9008e-07   |    1.5581     |    0.4705
   12     | -1536.8341544778 |   1.5402e-07   |    1.5519     |    0.3340
   13     | -1536.8341545164 |   2.7290e-08   |    1.4602     |    0.3338
   14     | -1536.8341545228 |   4.6236e-09   |    1.2333     |    0.2954
   15     | -1536.8341545241 |   3.2519e-10   |    1.3273     |    0.2550
   16     | -1536.8341545240 |   7.2342e-10   |    1.5970     |    0.3344
   17     | -1536.8341545242 |   8.3105e-11   |    1.4639     |    0.3339
Created 641614 / 2471184 significant shell pairs
Created 497624 / 1882384 significant shell pairs
Total number of grid points: 315864 (5094 per atom)
One electron integrals and orthogonalizer took 0.168489s
Created 497624 / 1882384 significant shell pairs
3C integrals and B formation took 2.247919s
Iteration |      Energy      |  DIIS Metric   | Fock Time (s) | DIIS Time (s)
----------+------------------+----------------+---------------+--------------
    1     | -1546.1411475620 |   9.4017e+02   |    1.6353     |    0.3936
    2     | -1535.9387996429 |   3.1144e+00   |    1.7156     |    0.3297
    3     | -1535.5549119619 |   4.6576e+00   |    1.6662     |    0.4496
    4     | -1536.7655401765 |   1.4740e-01   |    1.3492     |    0.2737
    5     | -1536.7894722384 |   5.5297e-02   |    1.3524     |    0.3380
    6     | -1536.8036732949 |   5.8624e-03   |    1.6349     |    0.2954
    7     | -1536.8050692062 |   8.4240e-04   |    1.7324     |    0.3845
    8     | -1536.8052102965 |   3.4084e-04   |    1.6719     |    0.3341
    9     | -1536.8053019036 |   3.0063e-05   |    1.2626     |    0.3341
   10     | -1536.8053078710 |   1.0774e-05   |    1.2546     |    0.2746
   11     | -1536.8053108315 |   7.7388e-07   |    1.7331     |    0.2948
   12     | -1536.8053109923 |   2.1065e-07   |    1.8123     |    0.3319
   13     | -1536.8053110461 |   2.6617e-08   |    1.6640     |    0.4513
   14     | -1536.8053110535 |   1.7840e-09   |    1.3516     |    0.2715
   15     | -1536.8053110539 |   2.6353e-10   |    1.3551     |    0.3339
   16     | -1536.8053110539 |   2.3679e-10   |    1.6391     |    0.2958
   17     | -1536.8053110540 |   4.1792e-11   |    1.7321     |    0.2965
Created 622374 / 2471184 significant shell pairs
Created 481982 / 1882384 significant shell pairs
Total number of grid points: 311862 (5030 per atom)
One electron integrals and orthogonalizer took 0.208108s
Created 481982 / 1882384 significant shell pairs
3C integrals and B formation took 2.177835s
Iteration |      Energy      |  DIIS Metric   | Fock Time (s) | DIIS Time (s)
----------+------------------+----------------+---------------+--------------
    1     | -1546.1315485369 |   9.3807e+02   |    1.6501     |    0.3597
    2     | -1535.9414073072 |   3.1000e+00   |    1.6566     |    0.2537
    3     | -1535.5735008928 |   4.5539e+00   |    1.5725     |    0.4559
    4     | -1536.7620986241 |   1.5753e-01   |    1.3262     |    0.2957
    5     | -1536.7873418530 |   6.4316e-02   |    1.3463     |    0.3387
    6     | -1536.8037959152 |   8.0163e-03   |    1.6350     |    0.2957
    7     | -1536.8057472602 |   8.8933e-04   |    1.5716     |    0.4571
    8     | -1536.8058778019 |   4.4043e-04   |    1.7605     |    0.3343
    9     | -1536.8060060358 |   2.6201e-05   |    1.2545     |    0.3345
   10     | -1536.8060117910 |   7.9370e-06   |    1.2330     |    0.2963
   11     | -1536.8060139143 |   6.1773e-07   |    1.5731     |    0.4553
   12     | -1536.8060140405 |   1.6420e-07   |    1.7590     |    0.3340
   13     | -1536.8060140800 |   3.0972e-08   |    1.6398     |    0.2959
   14     | -1536.8060140881 |   4.0264e-09   |    1.3463     |    0.3342
   15     | -1536.8060140892 |   3.2199e-10   |    1.2564     |    0.3349
   16     | -1536.8060140890 |   7.9311e-10   |    1.6666     |    0.3348
   17     | -1536.8060140892 |   5.7361e-11   |    1.6396     |    0.2960
Created 627106 / 2471184 significant shell pairs
Created 485951 / 1882384 significant shell pairs
Total number of grid points: 321281 (5181 per atom)
One electron integrals and orthogonalizer took 0.127422s
Created 485951 / 1882384 significant shell pairs
3C integrals and B formation took 2.209261s
Iteration |      Energy      |  DIIS Metric   | Fock Time (s) | DIIS Time (s)
----------+------------------+----------------+---------------+--------------
    1     | -1546.1319497003 |   9.3792e+02   |    1.6357     |    0.3938
    2     | -1535.9444294602 |   3.0947e+00   |    1.7157     |    0.3312
    3     | -1535.5785393313 |   4.5422e+00   |    1.6633     |    0.4506
    4     | -1536.7615004419 |   1.6702e-01   |    1.3519     |    0.2710
    5     | -1536.7876527281 |   6.8327e-02   |    1.3497     |    0.3383
    6     | -1536.8049443574 |   9.8978e-03   |    1.6352     |    0.2949
    7     | -1536.8074951626 |   8.2116e-04   |    1.7330     |    0.3833
    8     | -1536.8075895437 |   4.9800e-04   |    1.7261     |    0.3365
    9     | -1536.8077349622 |   2.7620e-05   |    1.4246     |    0.3341
   10     | -1536.8077411712 |   7.4299e-06   |    1.2630     |    0.3338
   11     | -1536.8077430517 |   7.1750e-07   |    1.7187     |    0.3320
   12     | -1536.8077431930 |   2.3271e-07   |    1.6433     |    0.2683
   13     | -1536.8077432558 |   3.4334e-08   |    1.5790     |    0.4527
   14     | -1536.8077432647 |   3.2529e-09   |    1.3514     |    0.2708
   15     | -1536.8077432655 |   2.8475e-10   |    1.3531     |    0.3339
   16     | -1536.8077432653 |   8.6091e-10   |    1.6398     |    0.2956
   17     | -1536.8077432655 |   4.7539e-11   |    1.7320     |    0.2968
Created 635299 / 2471184 significant shell pairs
Created 492515 / 1882384 significant shell pairs
Total number of grid points: 314307 (5069 per atom)
One electron integrals and orthogonalizer took 0.085475s
Created 492515 / 1882384 significant shell pairs
3C integrals and B formation took 2.178746s
Iteration |      Energy      |  DIIS Metric   | Fock Time (s) | DIIS Time (s)
----------+------------------+----------------+---------------+--------------
    1     | -1546.1329952478 |   9.3815e+02   |    1.7007     |    0.4187
    2     | -1535.9448840530 |   3.0948e+00   |    1.6495     |    0.2968
    3     | -1535.5819578301 |   4.5285e+00   |    1.7633     |    0.3381
    4     | -1536.7675654505 |   1.4958e-01   |    1.4329     |    0.2555
    5     | -1536.7945468551 |   4.9028e-02   |    1.3925     |    0.3384
    6     | -1536.8055560170 |   8.8135e-03   |    1.6715     |    0.3337
    7     | -1536.8078146684 |   1.2034e-03   |    1.6395     |    0.2967
    8     | -1536.8080921046 |   3.5952e-04   |    1.7321     |    0.2963
    9     | -1536.8081879597 |   2.4824e-05   |    1.3498     |    0.2724
   10     | -1536.8081929079 |   8.4575e-06   |    1.3543     |    0.3339
   11     | -1536.8081952958 |   4.0847e-07   |    1.6391     |    0.2956
   12     | -1536.8081953815 |   1.0573e-07   |    1.7322     |    0.2961
   13     | -1536.8081954058 |   1.6936e-08   |    1.7620     |    0.3338
   14     | -1536.8081954098 |   3.5009e-09   |    1.2568     |    0.3340
   15     | -1536.8081954107 |   2.7653e-10   |    1.2569     |    0.2725
   16     | -1536.8081954105 |   7.1271e-10   |    1.7324     |    0.2964
   17     | -1536.8081954107 |   1.0056e-10   |    1.7639     |    0.3339
   18     | -1536.8081954108 |   1.2674e-11   |    1.6392     |    0.2962
Created 627330 / 2471184 significant shell pairs
Created 487019 / 1882384 significant shell pairs
Total number of grid points: 317392 (5119 per atom)
One electron integrals and orthogonalizer took 0.175660s
Created 487019 / 1882384 significant shell pairs
3C integrals and B formation took 2.254187s
Iteration |      Energy      |  DIIS Metric   | Fock Time (s) | DIIS Time (s)
----------+------------------+----------------+---------------+--------------
    1     | -1546.1431470715 |   9.3785e+02   |    1.7027     |    0.5020
    2     | -1535.9557820655 |   3.1139e+00   |    1.4818     |    0.2595
    3     | -1535.5680678501 |   4.6367e+00   |    1.5681     |    0.4601
    4     | -1536.7644950349 |   2.0698e-01   |    1.3265     |    0.2949
    5     | -1536.7985293171 |   8.2749e-02   |    1.3508     |    0.3382
    6     | -1536.8209292775 |   6.3872e-03   |    1.6360     |    0.2955
    7     | -1536.8224902825 |   7.2557e-04   |    1.5711     |    0.4591
    8     | -1536.8225503870 |   4.9079e-04   |    1.7511     |    0.3340
    9     | -1536.8226904244 |   4.7858e-05   |    1.2529     |    0.3341
   10     | -1536.8227024553 |   1.0601e-05   |    1.2343     |    0.2955
   11     | -1536.8227053031 |   5.6708e-07   |    1.5735     |    0.4546
   12     | -1536.8227054115 |   1.6722e-07   |    1.7497     |    0.3353
   13     | -1536.8227054505 |   3.3483e-08   |    1.6174     |    0.3178
=======================================================
              GGA_XC_B97_D Energy Results              
=======================================================
E GGA_XC_B97_D        : -1536.82270546
Nuclear Repulsion Energy: 3952.41398921
Electronic Energy:        -5264.40431478
XC EnergCreated 611442 / 2471184 significant shell pairs
Created 474294 / 1882384 significant shell pairs
Total number of grid points: 309808 (4996 per atom)
One electron integrals and orthogonalizer took 0.176990s
Created 474294 / 1882384 significant shell pairs
3C integrals and B formation took 2.250760s
Iteration |      Energy      |  DIIS Metric   | Fock Time (s) | DIIS Time (s)
----------+------------------+----------------+---------------+--------------
    1     | -1546.1383057007 |   9.3587e+02   |    1.5063     |    0.5094
    2     | -1535.9576100582 |   3.0968e+00   |    1.4674     |    0.3320
    3     | -1535.5932288586 |   4.5467e+00   |    1.4686     |    0.3381
    4     | -1536.7728840149 |   1.7683e-01   |    1.2297     |    0.2955
    5     | -1536.7962577148 |   8.2599e-02   |    1.3272     |    0.2952
    6     | -1536.8173550562 |   1.1754e-02   |    1.5606     |    0.4678
    7     | -1536.8206079363 |   1.0562e-03   |    1.5559     |    0.33=======================================================
              GGA_XC_B97_D Energy Results              
=======================================================
E GGA_XC_B97_D        : -1536.82093268
Nuclear Repulsion Energy: 3899.5495105
Electronic Energy:        -5211.54029807
XC Energy:                -224.830145
Converged:                1
# of SCF iterations:      16
SCF Time:                 31.597s

=======================================================
            Individual Calculation Summary             
=======================================================
HF Energy: -1536.8209326795947618
==================================================Created 606938 / 2471184 significant shell pairs
Created 470502 / 1882384 significant shell pairs
Total number of grid points: 313923 (5063 per atom)
One electron integrals and orthogonalizer took 0.176076s
Created 470502 / 1882384 significant shell pairs
3C integrals and B formation took 2.247206s
Iteration |      Energy      |  DIIS Metric   | Fock Time (s) | DIIS Time (s)
----------+------------------+----------------+---------------+--------------
    1     | -1546.1434484009 |   9.3644e+02   |    1.5075     |    0.5098
    2     | -1535.9592805455 |   3.1052e+00   |    1.5498     |    0.3=======================================================
              GGA_XC_B97_D Energy Results              
=======================================================
E GGA_XC_B97_D        : -1536.82467553
Nuclear Repulsion Energy: 3880.36654846
Electronic Energy:        -5192.35885065
XC Energy:                -224.832373
Converged:                1
# of SCF iterations:      17
SCF Time:                 34.005s

=======================================================
            Individual Calculation Summary             
=======================================================
HF Energy: -1536.8246755344912344
=======================================================


Topology 11 time: 34.207382 s, performance: SP: 0 FLOP/s, DP: 346.8 GFLOP/s
JSON file written to: json_logs/lustre_orion_chm213_scratch_ryan_dhdft_inputs_exess_exess_inputs_B97-D_def2-TZVP_isomers_8580-8599_topology_11.json
************************************************************
**************** Running topology 13 of 20 *****************
************************************************************

****************************Created 572507 / 2471184 significant shell pairs
Created 442896 / 1882384 significant shell pairs
Total number of grid points: 312570 (5041 per atom)
One el=======================================================
              GGA_XC_B97_D Energy Results              
=======================================================
E GGA_XC_B97_D        : -1536.83674821
Nuclear Repulsion Energy: 3754.16983726
Electronic Energy:        -5066.17914257
XC Energy:                -224.827443
Converged:                1
# of SCF iterations:      17
SCF Time:                 32.902s

=======================================================
            Individual Calculation Summary             
=======================================================
HF Energy: -1536.8367482053081403
=======================================================


Topology 12 time: 33.095183 s, performance: SP: 0 FLOP/s, DP: 339.5 GFLOP/s
JSON file written to: json_logs/lustre_orion_chm213_scratch_ryan_dhdft_inputs_exess_exess_inputs_B97-D_def2-TZVP_isomers_8580-8599_topology_12.json
************************************************************
**************** Running topology 14 of 20 *****************
************************************************************

************************************************************
************* Beginning RI-GGA_XC_B97_D energy *************
************************************************************

=======================================================
              GGA_XC_B97_D Energy Results              
=======================================================
E GGA_XC_B97_D        : -1536.8449262
Nuclear Repulsion Energy: 3775.30447148
Electronic Energy:        -5087.31430842
XC Energy:                -224.835089
Converged:                1
# of SCF iterations:      17
SCF Time:                 32.815s

=======================================================
            Individual Calculation Summary             
=======================================================
HF Energy: -1536.8449262010658458
=======================================================


Topology 13 time: 33.014868 s, performance: SP: 0 FLOP/s, DP: 343.8 GFLOP/s
JSON file written to: json_logs/lustre_orion_chm213_scratch_ryan_dhdft_inputs_exess_exess_inputs_B97-D_def2-TZVP_isomers_8580-8599_topology_13.json
************************************************************
**************** Running topology 15 of 20 *****************
************************************************************

************************************************************
************* Beginning RI-GGA_XC_B97_D energy *************
************************************************************

=======================================================
              GGA_XC_B97_D Energy Results              
=======================================================
E GGA_XC_B97_D        : -1536.84523915
Nuclear Repulsion Energy: 3805.97667946
Electronic Energy:        -5117.98717517
XC Energy:                -224.834743
Converged:                1
# of SCF iterations:      15
SCF Time:                 29.525s

=======================================================
            Individual Calculation Summary             
=======================================================
HF Energy: -1536.8452391452483425
=======================================================


Topology 14 time: 29.724966 s, performance: SP: 0 FLOP/s, DP: 382.6 GFLOP/s
JSON file written to: json_logs/lustre_orion_chm213_scratch_ryan_dhdft_inputs_exess_exess_inputs_B97-D_def2-TZVP_isomers_8580-8599_topology_14.json
************************************************************
**************** Running topology 16 of 20 *****************
************************************************************

************************************************************
************* Beginning RI-GGA_XC_B97_D energy *************
************************************************************

=======================================================
              GGA_XC_B97_D Energy Results              
=======================================================
E GGA_XC_B97_D        : -1536.83824965
Nuclear Repulsion Energy: 3751.90474527
Electronic Energy:        -5063.91444031
XC Energy:                -224.828555
Converged:                1
# of SCF iterations:      17
SCF Time:                 33.318s

=======================================================
            Individual Calculation Summary             
=======================================================
HF Energy: -1536.8382496466110751
=======================================================


Topology 15 time: 33.512257 s, performance: SP: 0 FLOP/s, DP: 335.1 GFLOP/s
JSON file written to: json_logs/lustre_orion_chm213_scratch_ryan_dhdft_inputs_exess_exess_inputs_B97-D_def2-TZVP_isomers_8580-8599_topology_15.json
************************************************************
**************** Running topology 17 of 20 *****************
************************************************************

************************************************************
************* Beginning RI-GGA_XC_B97_D energy *************
************************************************************

=======================================================
              GGA_XC_B97_D Energy Results              
=======================================================
E GGA_XC_B97_D        : -1536.81889219
Nuclear Repulsion Energy: 3839.42729718
Electronic Energy:        -5151.41688889
XC Energy:                -224.829300
Converged:                1
# of SCF iterations:      17
SCF Time:                 33.3s

=======================================================
            Individual Calculation Summary             
=======================================================
HF Energy: -1536.8188921871840193
=======================================================


Topology 16 time: 33.504193 s, performance: SP: 0 FLOP/s, DP: 348.6 GFLOP/s
JSON file written to: json_logs/lustre_orion_chm213_scratch_ryan_dhdft_inputs_exess_exess_inputs_B97-D_def2-TZVP_isomers_8580-8599_topology_16.json
************************************************************
**************** Running topology 18 of 20 *****************
************************************************************

************************************************************
************* Beginning RI-GGA_XC_B97_D energy *************
************************************************************

=======================================================
              GGA_XC_B97_D Energy Results              
=======================================================
E GGA_XC_B97_D        : -1536.83551459
Nuclear Repulsion Energy: 3840.1709389
Electronic Energy:        -5152.17310659
XC Energy:                -224.833347
Converged:                1
# of SCF iterations:      17
SCF Time:                 33.298s

=======================================================
            Individual Calculation Summary             
=======================================================
HF Energy: -1536.8355145909283692
=======================================================


Topology 17 time: 33.506688 s, performance: SP: 0 FLOP/s, DP: 347.7 GFLOP/s
JSON file written to: json_logs/lustre_orion_chm213_scratch_ryan_dhdft_inputs_exess_exess_inputs_B97-D_def2-TZVP_isomers_8580-8599_topology_17.json
************************************************************
**************** Running topology 19 of 20 *****************
************************************************************

************************************************************
************* Beginning RI-GGA_XC_B97_D energy *************
************************************************************

=======================================================
              GGA_XC_B97_D Energy Results              
=======================================================
E GGA_XC_B97_D        : -1536.8377261
Nuclear Repulsion Energy: 3774.72775391
Electronic Energy:        -5086.73710561
XC Energy:                -224.828374
Converged:                1
# of SCF iterations:      17
SCF Time:                 33.294s

=======================================================
            Individual Calculation Summary             
=======================================================
HF Energy: -1536.8377261038413053
=======================================================


Topology 18 time: 33.497781 s, performance: SP: 0 FLOP/s, DP: 337.8 GFLOP/s
JSON file written to: json_logs/lustre_orion_chm213_scratch_ryan_dhdft_inputs_exess_exess_inputs_B97-D_def2-TZVP_isomers_8580-8599_topology_18.json
************************************************************
**************** Running topology 20 of 20 *****************
************************************************************

************************************************************
************* Beginning RI-GGA_XC_B97_D energy *************
************************************************************

=======================================================
              GGA_XC_B97_D Energy Results              
=======================================================
E GGA_XC_B97_D        : -1536.81840295
Nuclear Repulsion Energy: 3861.26606432
Electronic Energy:        -5173.25518626
XC Energy:                -224.829281
Converged:                1
# of SCF iterations:      17
SCF Time:                 33.298s

=======================================================
            Individual Calculation Summary             
=======================================================
HF Energy: -1536.8184029535898389
=======================================================


Topology 19 time: 33.510764 s, performance: SP: 0 FLOP/s, DP: 350.7 GFLOP/s
JSON file written to: json_logs/lustre_orion_chm213_scratch_ryan_dhdft_inputs_exess_exess_inputs_B97-D_def2-TZVP_isomers_8580-8599_topology_19.json
Total flops: SP: 0 FLOPS, DP: 234.58321 TFLOPS
Performance: SP: 0 FLOP/s, DP: 345.1 GFLOP/s

Now, a word from our sponsors... 
 If you put a print statement in the kernel, it somehow, magically, works. 

[31mTotal processing time 679.978116 seconds[0m
[CRAYBLAS_WARNING] Application linked against multiple cray-libsci libraries
9 per atom)
One electron integrals and orthogonalizer took 0.167168s
Created 446453 / 1882384 significant shell pairs
3C integrals and B formation took 2.130275s
Iteration |      Energy      |  DIIS Metric   | Fock Time (s) | DIIS Time (s)
----------+------------------+----------------+---------------+--------------
    1     | -1546.1360466071 |   9.3263e+02   |    1.5474     |    0.4999
    2     | -1535.9707778541 |   3.1118e+00   |    1.5454     |    0.3340
    3     | -1535.6183693789 |   4.4890e+00   |    1.4521     |    0.3342
    4     | -1536.8002896568 |   1.3481e-01   |    1.1473     |    0.3221
    5     | -1536.8238584862 |   5.0227e-02   |    1.3248     |    0.3825
    6     | -1536.8361755015 |   5.3640e-03   |    1.4664     |    0.3336
    7     | -1536.8373976396 |   1.0432e-03   |    1.4584     |    0.3385
    8     | -1536.8375812494 |   4.5579e-04   |    1.4536     |    0.3343
    9     | -1536.8377181942 |   2.6483e-05   |    1.2336     |    0.2965
   10     | -1536.8377244931 |   5.6330e-06   |    1.3035     |    0.3180
   11     | -1536.8377259903 |   4.0623e-07   |    1.5519     |    0.4761
   12     | -1536.8377260719 |   1.1512e-07   |    1.5476     |    0.3342
   13     | -1536.8377260990 |   1.7041e-08   |    1.4521     |    0.3340
   14     | -1536.8377261031 |   2.7862e-09   |    1.1484     |    0.3222
   15     | -1536.8377261038 |   1.5093e-10   |    1.3247     |    0.2570
   16     | -1536.8377261037 |   5.2030e-10   |    1.5909     |    0.3346
   17     | -1536.8377261038 |   6.6668e-11   |    1.4586     |    0.3338
Created 600923 / 2471184 significant shell pairs
Created 465646 / 1882384 significant shell pairs
Total number of grid points: 311382 (5022 per atom)
One electron integrals and orthogonalizer took 0.168447s
Created 465646 / 1882384 significant shell pairs
3C integrals and B formation took 2.242554s
Iteration |      Energy      |  DIIS Metric   | Fock Time (s) | DIIS Time (s)
----------+------------------+----------------+---------------+--------------
    1     | -1546.1335067904 |   9.3513e+02   |    1.5158     |    0.3240
    2     | -1535.9543664083 |   3.1017e+00   |    1.5545     |    0.3322
    3     | -1535.6073415477 |   4.4852e+00   |    1.4633     |    0.3386
    4     | -1536.7894264888 |   1.0852e-01   |    1.2293     |    0.2957
    5     | -1536.8099338315 |   3.1290e-02   |    1.3437     |    0.3391
    6     | -1536.8170235730 |   4.7004e-03   |    1.5446     |    0.3225
    7     | -1536.8181644924 |   8.1170e-04   |    1.5589     |    0.2664
    8     | -1536.8183568444 |   1.5531e-04   |    1.5610     |    0.2648
    9     | -1536.8183967706 |   1.9783e-05   |    1.3419     |    0.3340
   10     | -1536.8184013908 |   5.3032e-06   |    1.2336     |    0.2957
   11     | -1536.8184028528 |   3.3976e-07   |    1.5620     |    0.3339
   12     | -1536.8184029084 |   1.5312e-07   |    1.4618     |    0.3337
   13     | -1536.8184029494 |   1.4484e-08   |    1.4641     |    0.3342
   14     | -1536.8184029528 |   2.7563e-09   |    1.2336     |    0.2954
   15     | -1536.8184029536 |   1.9889e-10   |    1.3431     |    0.3341
   16     | -1536.8184029535 |   4.7783e-10   |    1.4677     |    0.3342
   17     | -1536.8184029536 |   7.9670e-11   |    1.4677     |    0.3342
Please cite the following papers for the methods used in this calculation:
 - J.L. Galvez Vallejo et. al., Toward an extreme-scale electronic structure system, J. Chem. Phys., 2023. DOI: 10.1063/5.0156399

 - R. Stocks, E. Palethorpe, and G.M.J. Barca, Multi-GPU RI-HF Energies and Analytic Gradients ─ Toward High-Throughput Ab Initio Molecular Dynamics, J. Chem. Theory Comput., 2024. DOI: 10.1021/acs.jctc.4c00877
   For:
     * RI-HF energy

 - D.B. Williams-Young, W.A. de Jong, H.J.J. van Dam, and C. Yang, On the Efficient Evaluation of the Exchange Correlation Potential on Graphics Processing Unit Clusters, Frontiers in Chemistry, 2020. DOI: 10.3389/fchem.2020.581058
   For:
     * GauXC implementation of exchange-correlation integration

 - R. Stocks and G.M.J. Barca, Efficient Algorithms for GPU Accelerated Evaluation of the DFT Exchange-Correlation Functional, J. Chem. Theory Comput., 2025. DOI: 10.1021/acs.jctc.5c01229
   For:
     * GPU accelerated DFT exchange-correlation evaluation

 - S. Grimme.,  J. Comput. Chem. 27, 1787 (2006) DOI: 10.1002/jcc.20495
   For:
     * GGA_XC_B97_D XC Functional

[CRAYBLAS_WARNING] Application linked against multiple cray-libsci libraries
