Total number of grid points: 327720 (5120 per atom)
Total number of grid points: 320856 (5013 per atom)
Total number of grid points: 322322 (5036 per atom)
Total number of grid points: 316959 (4952 per atom)
Total number of grid points: 318583 (4977 per atom)
Total number of grid points: 326243 (5097 per atom)
Total number of grid points: 320269 (5004 per atom)
Total number of grid points: 325848 (5091 per atom)
Total number of grid points: 326081 (5095 per atom)
Total number of grid points: 324101 (5064 per atom)
Total number of grid points: 321933 (5030 per atom)
Total number of grid points: 324133 (5064 per atom)
Total number of grid points: 317028 (4953 per atom)
Total number of grid points: 329697 (5151 per atom)
Total number of grid points: 319233 (4988 per atom)
Total number of grid points: 325512 (5086 per atom)
Total number of grid points: 326086 (5095 per atom)
Total number of grid points: 324240 (5066 per atom)
Total number of grid points: 319485 (4991 per atom)
Total number of grid points: 325170 (5080 per atom)
[CRAYBLAS_WARNING] Application linked against multiple cray-libsci libraries
5404
   10     | -1613.0245613583 |   7.6882e-06   |    0.9953     |    0.3728
   11     | -1613.0245636013 |   6.4870e-07   |    1.3501     |    0.5105
   12     | -1613.0245637382 |   1.9692e-07   |    1.3426     |    0.3023
   13     | -1613.0245637884 |   2.4346e-08   |    1.3916     |    0.2662
   14     | -1613.0245637936 |   6.3518e-09   |    1.1018     |    0.2685
   15     | -1613.0245637953 |   2.7624e-10   |    1.0292     |    0.3762
   16     | -1613.0245637951 |   8.2606e-10   |    1.2071     |    0.2988
   17     | -1613.0245637954 |   7.4136e-11   |    1.2098     |    0.3329
Created 645183 / 2702736 significant shell pairs
Created 499286 / 2056356 significant shell pairs
Total number of grid points: 326537 (5102 per atom)
One electron integrals and orthogonalizer took 0.045602s
Created 499286 / 2056356 significant shell pairs
3C integrals and B formation took 2.292772s
Iteration |      Energy      |  DIIS Metric   | Fock Time (s) | DIIS Time (s)
----------+------------------+----------------+---------------+--------------
    1     | -1622.9377483428 |   9.8999e+02   |    1.3771     |    0.4201
    2     | -1612.1361860830 |   3.1843e+00   |    1.1903     |    0.5420
    3     | -1611.7857790860 |   4.5700e+00   |    1.4098     |    0.5394
    4     | -1612.9807510771 |   1.5013e-01   |    1.0576     |    0.4057
    5     | -1613.0021487341 |   7.0806e-02   |    1.0844     |    0.4305
    6     | -1613.0213312071 |   5.7860e-03   |    1.2733     |    0.5004
    7     | -1613.0227224697 |   9.8872e-04   |    1.2868     |    0.4580
    8     | -1613.0229274914 |   2.8095e-04   |    1.2068     |    0.3595
    9     | -1613.0230052726 |   2.1917e-05   |    1.0854     |    0.2669
   10     | -1613.0230094392 |   8.0192e-06   |    1.0848     |    0.2670
   11     | -1613.0230116566 |   7.7639e-07   |    1.2633     |    0.3089
   12     | -1613.0230118340 |   1.8685e-07   |    1.2334     |    0.2992
   13     | -1613.0230118806 |   2.9825e-08   |    1.3250     |    0.2960
   14     | -1613.0230118871 |   7.0714e-09   |    1.0822     |    0.3406
   15     | -1613.0230118890 |   3.6866e-10   |    1.0831     |    0.2957
   16     | -1613.0230118887 |   1.4136e-09   |    1.2383     |    0.2836
   17     | -1613.0230118891 |   8.0568e-11   |    1.2769     |    0.3242
Created 652295 / 2702736 significant shell pairs
Created 505278 / 2056356 significant shell pairs
Total number of grid points: 322102 (5032 per atom)
One electron integrals and orthogonalizer took 0.088110s
Created 505278 / 2056356 significant shell pairs
3C integrals and B formation took 2.290868s
Iteration |      Energy      |  DIIS Metric   | Fock Time (s) | DIIS Time (s)
----------+------------------+----------------+---------------+--------------
    1     | -1622.9373531217 |   9.9001e+02   |    1.3084     |    0.3615
    2     | -1612.1359610964 |   3.1833e+00   |    1.1812     |    0.3607
    3     | -1611.7869658131 |   4.5646e+00   |    1.2631     |    0.3091
    4     | -1612.9826730568 |   1.4377e-01   |    1.1651     |    0.3275
    5     | -1613.0055732346 |   5.9973e-02   |    1.1218     |    0.2987
    6     | -1613.0214561933 |   4.1653e-03   |    1.3253     |    0.2957
    7     | -1613.0223255425 |   1.2016e-03   |    1.2872     |    0.3362
    8     | -1613.0225925693 |   3.3022e-04   |    1.2474     |    0.3601
    9     | -1613.0226841383 |   2.0720e-05   |    1.0032     |    0.3647
   10     | -1613.0226874908 |   8.5508e-06   |    1.0306     |    0.3652
   11     | -1613.0226900580 |   8.7515e-07   |    1.2878     |    0.4308
   12     | -1613.0226902677 |   2.2244e-07   |    1.2340     |    0.2992
   13     | -1613.0226903227 |   3.2041e-08   |    1.2425     |    0.2996
   14     | -1613.0226903298 |   7.1547e-09   |    1.1212     |    0.2998
   15     | -1613.0226903318 |   3.9504e-10   |    1.1205     |    0.2998
   16     | -1613.0226903315 |   1.2697e-09   |    1.2519     |    0.3130
   17     | -1613.0226903319 |   9.6772e-11   |    1.2314     |    0.3431
Created 639432 / 2702736 significant shell pairs
Created 494681 / 2056356 significant shell pairs
Total number of grid points: 321287 (5020 per atom)
One electron integrals and orthogonalizer took 0.168412s
Created 494681 / 2056356 significant shell pairs
3C integrals and B formation took 2.053817s
Iteration |      Energy      |  DIIS Metric   | Fock Time (s) | DIIS Time (s)
----------+------------------+----------------+---------------+--------------
    1     | -1622.9480120212 |   9.8960e+02   |    1.2618     |    0.5003
    2     | -1612.1419770715 |   3.2237e+00   |    1.2205     |    0.4768
    3     | -1611.7968902037 |   4.6276e+00   |    1.2924     |    0.4215
    4     | -1613.0108037803 |   8.2140e-02   |    1.0328     |    0.5099
    5     | -1613.0240797972 |   3.3510e-02   |    1.0311     |    0.4193
    6     | -1613.0326734580 |   2.8645e-03   |    1.2320     |    0.4171
    7     | -1613.0332617814 |   8.7628e-04   |    1.3293     |    0.5121
    8     | -1613.0334806789 |   1.1870e-04   |    1.1868     |    0.3649
    9     | -1613.0335109849 |   1.6050e-05   |    1.0229     |    0.3646
   10     | -1613.0335150382 |   2.5214e-06   |    1.0246     |    0.3653
   11     | -1613.0335157107 |   2.1964e-07   |    1.2877     |    0.3501
   12     | -1613.0335157439 |   1.0620e-07   |    1.2620     |    0.2662
   13     | -1613.0335157716 |   6.1319e-09   |    1.1832     |    0.2993
   14     | -1613.0335157726 |   2.5177e-09   |    1.0338     |    0.3007
   15     | -1613.0335157733 |   1.5580e-10   |    0.9912     |    0.3381
   16     | -1613.0335157732 |   3.3905e-10   |    1.2328     |    0.2997
   17     | -1613.0335157733 |   6.6813e-11   |    1.1453     |    0.2677
Created 627689 / 2702736 significant shell pairs
Created 485106 / 2056356 significant shell pairs
Total number of grid points: 323791 (5059 per atom)
One electron integrals and orthogonalizer took 0.169308s
Created 485106 / 2056356 significant shell pairs
3C integrals and B formation took 2.204849s
Iteration |      Energy      |  DIIS Metric   | Fock Time (s) | DIIS Time (s)
----------+------------------+----------------+---------------+--------------
    1     | -1622.9346040460 |   9.8746e+02   |    1.2373     |    0.3091
    2     | -1612.1410358837 |   3.2023e+00   |    1.3113     |    0.3403
    3     | -1611.8048063845 |   4.5483e+00   |    1.2048     |    0.3360
    4     | -1613.0018123728 |   1.0046e-01   |    0.9826     |    0.2836
    5     | -1613.0169164336 |   4.5593e-02   |    1.0607     |    0.3262
    6     | -1613.0287279330 |   3.6958e-03   |    1.2029     |    0.3102
    7     | -1613.0295072407 |   1.1180e-03   |    1.2951     |    0.3641
    8     | -1613.0297643354 |   2.4718e-04   |    1.2638     |    0.2792
    9     | -1613.0298328487 |   3.7609e-05   |    0.9630     |    0.3498
   10     | -1613.0298429385 |   8.9375e-06   |    0.9436     |    0.3650
   11     | -1613.0298455095 |   6.7137e-07   |    1.2857     |    0.3524
   12     | -1613.0298456403 |   2.1927e-07   |    1.2534     |    0.2660
   13     | -1613.0298456955 |   2.9151e-08   |    1.1835     |    0.2991
   14     | -1613.0298457016 |   6.2088e-09   |    1.0247     |    0.3104
   15     | -1613.0298457032 |   3.8353e-10   |    0.9827     |    0.3376
   16     | -1613.0298457030 |   1.0741e-09   |    1.2323     |    0.2998
   17     | -1613.0298457033 |   1.5747e-10   |    1.1226     |    0.3595
   18     | -1613.0298457034 |   3.2723e-11   |    1.2386     |    0.2785
Created 627404 / 2702736 significant shell pairs
Created 484999 / 2056356 significant shell pairs
Total number of grid points: 320650 (5010 per atom)
One electron integrals and orthogonalizer took 0.098239s
Created 484999 / 2056356 significant shell pairs
3C integrals and B formation took 2.113499s
Iteration |      Energy      |  DIIS Metric   | Fock Time (s) | DIIS Time (s)
----------+------------------+----------------+---------------+--------------
    1     | -1622.9388920685 |   9.8796e+02   |    1.2011     |    0.3096
    2     | -1612.1441059380 |   3.2064e+00   |    1.2642     |    0.2974
    3     | -1611.8061488963 |   4.5576e+00   |    1.2230     |    0.2833
    4     | -1613.0057005607 |   1.0122e-01   |    1.0586     |    0.3259
    5     | -1613.0203857695 |   4.8155e-02   |    1.0570     |    0.3255
    6     | -1613.0328716782 |   3.6388e-03   |    1.1553     |    0.2841
    7     | -1613.0336390261 |   1.1122e-03   |    1.2041     |    0.3785
    8     | -1613.0338969354 |   2.5442e-04   |    1.2283     |    0.2772
    9     | -1613.0339698112 |   3.0884e-05   |    0.9699     |    0.3601
   10     | -1613.0339782084 |   6.7854e-06   |    0.9800     |    0.4170
   11     | -1613.0339799976 |   7.1905e-07   |    1.1980     |    0.2770
   12     | -1613.0339801367 |   2.2459e-07   |    1.2070     |    0.3380
   13     | -1613.0339801950 |   1.8459e-08   |    1.1862     |    0.2668
   14     | -1613.0339801986 |   4.9904e-09   |    0.9717     |    0.3380
   15     | -1613.0339801999 |   3.5360e-10   |    0.9899     |    0.4311
   16     | -1613.0339801997 |   9.9913e-10   |    1.1849     |    0.2670
   17     | -1613.0339802000 |   1.3037e-10   |    1.1825     |    0.3002
   18     | -1613.0339802000 |   2.6504e-11   |    1.1208     |    0.3599
Created 660185 / 2702736 significant shell pairs
Created 511190 / 2056356 significant shell pairs
Total number of grid points: 322717 (5042 per atom)
One electron integrals and orthogonalizer took 0.169843s
Created 511190 / 2056356 significant shell pairs
3C integrals and B formation took 2.210385s
Iteration |      Energy      |  DIIS Metric   | Fock Time (s) | DIIS Time (s)
----------+------------------+----------------+---------------+--------------
    1     | -1622.9431655801 |   9.9097e+02   |    1.2761     |    0.4137
    2     | -1612.1345179090 |   3.1981e+00   |    1.2856     |    0.3087
    3     | -1611.7982593654 |   4.5553e+00   |    1.2908     |    0.3242
    4     | -1612.9954775758 |   9.4413e-02   |    1.0691     |    0.3653
    5     | -1613.0069488809 |   5.1518e-02   |    1.0347     |    0.3655
    6     | -1613.0207213576 |   4.5542e-03   |    1.2879     |    0.3498
    7     | -1613.0217957150 |   8.8571e-04   |    1.3153     |    0.3601
    8     | -1613.0219844928 |   2.0236e-04   |    1.2929     |    0.3064
    9     | -1613.0220392641 |   1.6705e-05   |    1.1817     |    0.3221
   10     | -1613.0220432355 |   3.8658e-06   |    1.1223     |    0.2996
   11     | -1613.0220442938 |   2.3620e-07   |    1.3413     |    0.2789
   12     | -1613.0220443168 |   1.5338e-07   |    1.2877     |    0.3364
   13     | -1613.0220443575 |   8.9364e-09   |    1.2474     |    0.3601
   14     | -1613.0220443592 |   3.0297e-09   |    1.0109     |    0.3652
   15     | -1613.0220443600 |   1.9526e-10   |    1.0355     |    0.3652
   16     | -1613.0220443599 |   4.5383e-10   |    1.2882     |    0.4311
   17     | -1613.0220443600 |   7.2323e-11   |    1.2335     |    0.3600
Created 659133 / 2702736 significant shell pairs
Created 510720 / 2056356 significant shell pairs
Total number of grid points: 318282 (4973 per atom)
One electron integrals and orthogonalizer took 0.173646s
Created 510720 / 2056356 significant shell pairs
3C integrals and B formation took 2.233318s
Iteration |      Energy      |  DIIS Metric   | Fock Time (s) | DIIS Time (s)
----------+------------------+----------------+---------------+--------------
    1     | -1622.9377970564 |   9.9017e+02   |    1.2548     |    0.3798
    2     | -1612.1367163210 |   3.1798e+00   |    1.2726     |    0.3086
    3     | -1611.7898675733 |   4.5504e+00   |    1.2734     |    0.3760
    4     | -1612.9816636989 |   1.4634e-01   |    1.0645     |    0.3654
    5     | -1613.0039922738 |   6.4052e-02   |    1.0318     |    0.3652
    6     | -1613.0213314044 |   4.8034e-03   |    1.2881     |    0.3501
    7     | -1613.0224370904 |   1.0761e-03   |    1.3143     |    0.3601
    8     | -1613.0226749076 |   2.7063e-04   |    1.2845     |    0.3148
    9     | -1613.0227504483 |   1.8232e-05   |    1.1578     |    0.2672
   10     | -1613.0227534189 |   8.1785e-06   |    1.1830     |    0.3013
   11     | -1613.0227557623 |   6.6386e-07   |    1.3228     |    0.2955
   12     | -1613.0227559021 |   2.0653e-07   |    1.2874     |    0.3091
   13     | -1613.0227559579 |   2.8729e-08   |    1.3556     |    0.3594
   14     | -1613.0227559644 |   5.4212e-09   |    1.0077     |    0.3651
   15     | -1613.0227559658 |   3.1889e-10   |    1.0309     |    0.3651
   16     | -1613.0227559656 |   1.0536e-09   |    1.2880     |    0.4311
   17     | -1613.0227559659 |   6.9649e-11   |    1.2334     |    0.2993
Created 645418 / 2702736 significant shell pairs
Created 499761 / 2056356 significant shell pairs
Total number of grid points: 322870 (5044 per atom)
One electron integrals and orthogonalizer took 0.169242s
Created 499761 / 2056356 significant shell pairs
3C integrals and B formation took 2.205829s
Iteration |      Energy      |  DIIS Metric   | Fock Time (s) | DIIS Time (s)
----------+------------------+----------------+---------------+--------------
    1     | -1622.9382122373 |   9.9005e+02   |    1.2353     |    0.3095
    2     | -1612.1361290519 |   3.1846e+00   |    1.3130     |    0.3394
    3     | -1611.7850450932 |   4.5725e+00   |    1.2858     |    0.3364
    4     | -1612.9805091469 |   1.5082e-01   |    1.0036     |    0.3089
    5     | -1613.0020986491 |   7.0943e-02   |    1.1112     |    0.3360
    6     | -1613.0213377911 |   5.7270e-03   |    1.2469     |    0.3357
    7     | -1613.0227046695 |   9.9815e-04   |    1.2882     |    0.4311
    8     | -1613.0229130231 |   2.8374e-04   |    1.2333     |    0.3594
    9     | -1613.0229925574 |   1.9793e-05   |    1.0821     |    0.2673
   10     | -1613.0229961006 |   7.6933e-06   |    1.0801     |    0.2663
   11     | -1613.0229982084 |   7.4469e-07   |    1.2640     |    0.3098
   12     | -1613.0229983810 |   1.7782e-07   |    1.2324     |    0.2990
   13     | -1613.0229984247 |   3.2403e-08   |    1.3254     |    0.2959
   14     | -1613.0229984321 |   6.9112e-09   |    1.0362     |    0.2974
   15     | -1613.0229984340 |   3.3160e-10   |    1.0909     |    0.2971
   16     | -1613.0229984337 |   1.2879e-09   |    1.2740     |    0.3364
   17     | -1613.0229984341 |   6.9768e-11   |    1.2278     |    0.3237
Created 632477 / 2702736 significant shell pairs
Created 489487 / 2056356 significant shell pairs
Total number of grid points: 322727 (5042 per atom)
One electron integrals and orthogonalizer took 0.088098s
Created 489487 / 2056356 significant shell pairs
3C integrals and B formation took 2.291222s
Iteration |      Energy      |  DIIS Metric   | Fock Time (s) | DIIS Time (s)
----------+------------------+----------------+---------------+--------------
    1     | -1622.9310675951 |   9.8799e+02   |    1.3080     |    0.3614
    2     | -1612.1407577937 |   3.1750e+00   |    1.1808     |    0.3001
    3     | -1611.8014899555 |   4.4923e+00   |    1.1460     |    0.2667
    4     | -1612.9808659301 |   1.6168e-01   |    1.0798     |    0.2670
    5     | -1613.0076647506 |   6.6387e-02   |    1.0830     |    0.3269
    6     | -1613.0252052446 |   5.1850e-03   |    1.2294     |    0.3098
    7     | -1613.0264109279 |   1.0828e-03   |    1.2277     |    0.2871
    8     | -1613.0266452278 |   3.2424e-04   |    1.3143     |    0.3385
    9     | -1613.0267351077 |   2.1158e-05   |    1.0301     |    0.2977
   10     | -1613.0267392110 |   7.9154e-06   |    1.0891     |    0.2973
   11     | -1613.0267413977 |   9.1330e-07   |    1.2734     |    0.3362
   12     | -1613.0267416163 |   1.7363e-07   |    1.2231     |    0.3240
   13     | -1613.0=======================================================
              GGA_XC_B97_D Energy Results              
=======================================================
E GGA_XC_B97_D        : -1613.02674167
Nuclear Repulsion Energy: 4121.45112467
Electronic Energy:        -5498.79868457
XC Energy:                -235.679182
Converged:               Created 620113 / 2702736 significant shell pairs
Created 480034 / 2056356 significant shell pairs
Total number of grid points: 320140 (5002 per atom)
One electron integrals and orthogonalizer took 0.168830s
Created 480034 / 2056356 significant shell pairs
3C integrals and B formation took 2.206066s
Iteration |      Energy      |  DIIS Metric   | Fock Time (s) | DIIS Time (s)
----------+------------------+----------------+---------------+--------------
    1     | -1622.9248371690 |   9.8495e+02   |    1.2353     |    0.3093
    2     | -1612.1445647600 |   3.1799e+00   |    1.1442     |    0.2746
    3     | -1611.7996925825 |   4.5219e+00   |    1.1457     |    0.2741
    4     | -1612.9824253020 |   1.7682e-01   |    1.0872     |    0.2626
    5     | -1613.0137125825 |   6.2110e-02   |    1.1569     |    0.3251
    6     | -1613.0297772357 |   6.4379e-03   |    1.1554     |    0.2737
    7     | -1613.0=======================================================
              GGA_XC_B97_D Energy Results              
=======================================================
E GGA_XC_B97_D        : -1613.0317028
Nuclear Repulsion Energy: 4082.45852014
Electronic Energy:        -5459.81523189
XC Energy:                -235.674991
Converged:                1
# of SCF iterations:      17
SCF Time:                 28.098s

=======================================================
            Individual Calculation Summary             
=======================================================
HF Energy: -1613.0317027954665718
=======================================================


Topology 10 time: 28.306688 s, performance: SP: 0 FLOP/s, DP: 468.1 GFLOP/s
JSON file written to: json_logs/lustre_oriCreated 631262 / 2702736 significant shell pairs
Created 488835 / 2056356 significant shell pairs
Total number of grid points: 324017 (5062 per atom)
One electron integrals and orthogonalizer took 0.128668s
Created 488835 / 2056356 significant shell pairs
3C integrals and B formation took 2.176078s
Iteration |      Energy      |  DIIS Metric   | Fock Time (s) | DIIS Time (s)
----------+------------------+----------------+---------------+--------------
    1     | -1622.93=======================================================
              GGA_XC_B97_D Energy Results              
=======================================================
E GGA_XC_B97_D        : -1613.03623912
Nuclear Repulsion Energy: 4124.89212931
Electronic Energy:        -5502.24644641
XC Energy:                -235.681922
Converged:                1
# of SCF iterations:      17
SCF Time:                 28.975s

=======================================================
            Individual Calculation Summary             
=======================================================
HF Energy: -1613.0362391248936547
=======================================================


Topology 11 time: 29.190412 s, performance: SP: 0 FLOP/s, DP: 461.4 GFLOP/s
JSON file written to: json_logs/lustre_orion_chm213_scratch_ryan_dhdft_inputs_exess_exess_inputs_B97-D_def2-TZVP_isomers_16280-16299_topology_11.json
************************************************************
**************** Running topology 13 of 20 *****************
************************************************************

************************************************************
************* Beginning RI-GGA_XC_B97_D energy *************
****************************Created 634705 / 2702736 significa=======================================================
              GGA_XC_B97_D Energy Results              
=======================================================
E GGA_XC_B97_D        : -1613.03444725
Nuclear Repulsion Energy: 4143.43072718
Electronic Energy:        -5520.77923014
XC Energy:                -235.685944
Converged:                1
# of SCF iterations:      17
SCF Time:                 29.747s

=======================================================
            Individual Calculation Summary             
=======================================================
HF Energy: -1613.0344472548742942
=======================================================


Topology 12 time: 29.964673 s, performance: SP: 0 FLOP/s, DP: 451.8 GFLOP/s
JSON file written to: json_logs/lustre_orion_chm213_scratch_ryan_dhdft_inputs_exess_exess_inputs_B97-D_def2-TZVP_isomers_16280-16299_topology_12.json
************************************************************
**************** Running topology 14 of 20 *****************
************************************************************

************************************************************
************* Beginning RI-GGA_XC_B97_D energy *************
************************************************************

=======================================================
              GGA_XC_B97_D Energy Results              
=======================================================
E GGA_XC_B97_D        : -1613.03085361
Nuclear Repulsion Energy: 4083.89014311
Electronic Energy:        -5461.24274845
XC Energy:                -235.678248
Converged:                1
# of SCF iterations:      17
SCF Time:                 27.842s

=======================================================
            Individual Calculation Summary             
=======================================================
HF Energy: -1613.0308536088080018
=======================================================


Topology 13 time: 28.055334 s, performance: SP: 0 FLOP/s, DP: 474.4 GFLOP/s
JSON file written to: json_logs/lustre_orion_chm213_scratch_ryan_dhdft_inputs_exess_exess_inputs_B97-D_def2-TZVP_isomers_16280-16299_topology_13.json
************************************************************
**************** Running topology 15 of 20 *****************
************************************************************

************************************************************
************* Beginning RI-GGA_XC_B97_D energy *************
************************************************************

=======================================================
              GGA_XC_B97_D Energy Results              
=======================================================
E GGA_XC_B97_D        : -1613.03489425
Nuclear Repulsion Energy: 4090.17453207
Electronic Energy:        -5467.52971399
XC Energy:                -235.679712
Converged:                1
# of SCF iterations:      17
SCF Time:                 28.919s

=======================================================
            Individual Calculation Summary             
=======================================================
HF Energy: -1613.0348942496400468
=======================================================


Topology 14 time: 29.136504 s, performance: SP: 0 FLOP/s, DP: 457.1 GFLOP/s
JSON file written to: json_logs/lustre_orion_chm213_scratch_ryan_dhdft_inputs_exess_exess_inputs_B97-D_def2-TZVP_isomers_16280-16299_topology_14.json
************************************************************
**************** Running topology 16 of 20 *****************
************************************************************

************************************************************
************* Beginning RI-GGA_XC_B97_D energy *************
************************************************************

=======================================================
              GGA_XC_B97_D Energy Results              
=======================================================
E GGA_XC_B97_D        : -1613.02319136
Nuclear Repulsion Energy: 4207.12620571
Electronic Energy:        -5584.46565727
XC Energy:                -235.683740
Converged:                1
# of SCF iterations:      17
SCF Time:                 29.618s

=======================================================
            Individual Calculation Summary             
=======================================================
HF Energy: -1613.0231913580989840
=======================================================


Topology 15 time: 29.844729 s, performance: SP: 0 FLOP/s, DP: 467.9 GFLOP/s
JSON file written to: json_logs/lustre_orion_chm213_scratch_ryan_dhdft_inputs_exess_exess_inputs_B97-D_def2-TZVP_isomers_16280-16299_topology_15.json
************************************************************
**************** Running topology 17 of 20 *****************
************************************************************

************************************************************
************* Beginning RI-GGA_XC_B97_D energy *************
************************************************************

=======================================================
              GGA_XC_B97_D Energy Results              
=======================================================
E GGA_XC_B97_D        : -1613.02078431
Nuclear Repulsion Energy: 4197.24784482
Electronic Energy:        -5574.59130099
XC Energy:                -235.677328
Converged:                1
# of SCF iterations:      17
SCF Time:                 29.643s

=======================================================
            Individual Calculation Summary             
=======================================================
HF Energy: -1613.0207843148539268
=======================================================


Topology 16 time: 29.873000 s, performance: SP: 0 FLOP/s, DP: 465.1 GFLOP/s
JSON file written to: json_logs/lustre_orion_chm213_scratch_ryan_dhdft_inputs_exess_exess_inputs_B97-D_def2-TZVP_isomers_16280-16299_topology_16.json
************************************************************
**************** Running topology 18 of 20 *****************
************************************************************

************************************************************
************* Beginning RI-GGA_XC_B97_D energy *************
************************************************************

=======================================================
              GGA_XC_B97_D Energy Results              
=======================================================
E GGA_XC_B97_D        : -1613.00906922
Nuclear Repulsion Energy: 4261.42118446
Electronic Energy:        -5638.74977558
XC Energy:                -235.680478
Converged:                1
# of SCF iterations:      17
SCF Time:                 30.158s

=======================================================
            Individual Calculation Summary             
=======================================================
HF Energy: -1613.0090692180440328
=======================================================


Topology 17 time: 30.395136 s, performance: SP: 0 FLOP/s, DP: 470.1 GFLOP/s
JSON file written to: json_logs/lustre_orion_chm213_scratch_ryan_dhdft_inputs_exess_exess_inputs_B97-D_def2-TZVP_isomers_16280-16299_topology_17.json
************************************************************
**************** Running topology 19 of 20 *****************
************************************************************

************************************************************
************* Beginning RI-GGA_XC_B97_D energy *************
************************************************************

=======================================================
              GGA_XC_B97_D Energy Results              
=======================================================
E GGA_XC_B97_D        : -1613.01384589
Nuclear Repulsion Energy: 4243.84058583
Electronic Energy:        -5621.17815151
XC Energy:                -235.676280
Converged:                1
# of SCF iterations:      18
SCF Time:                 31.412s

=======================================================
            Individual Calculation Summary             
=======================================================
HF Energy: -1613.0138458912003898
=======================================================


Topology 18 time: 31.649945 s, performance: SP: 0 FLOP/s, DP: 450 GFLOP/s
JSON file written to: json_logs/lustre_orion_chm213_scratch_ryan_dhdft_inputs_exess_exess_inputs_B97-D_def2-TZVP_isomers_16280-16299_topology_18.json
************************************************************
**************** Running topology 20 of 20 *****************
************************************************************

************************************************************
************* Beginning RI-GGA_XC_B97_D energy *************
************************************************************

=======================================================
              GGA_XC_B97_D Energy Results              
=======================================================
E GGA_XC_B97_D        : -1613.02570222
Nuclear Repulsion Energy: 4169.31741723
Electronic Energy:        -5546.66379814
XC Energy:                -235.679321
Converged:                1
# of SCF iterations:      18
SCF Time:                 30.891s

=======================================================
            Individual Calculation Summary             
=======================================================
HF Energy: -1613.0257022225732726
=======================================================


Topology 19 time: 31.119158 s, performance: SP: 0 FLOP/s, DP: 443 GFLOP/s
JSON file written to: json_logs/lustre_orion_chm213_scratch_ryan_dhdft_inputs_exess_exess_inputs_B97-D_def2-TZVP_isomers_16280-16299_topology_19.json
Total flops: SP: 0 FLOPS, DP: 273.98877 TFLOPS
Performance: SP: 0 FLOP/s, DP: 453.6 GFLOP/s

Now, a word from our sponsors... 
 You can drug me - Giuseppe 2024

[31mTotal processing time 604.317934 seconds[0m
[CRAYBLAS_WARNING] Application linked against multiple cray-libsci libraries
   0.3652
   16     | -1613.0090692180 |   3.8087e-10   |    1.3063     |    0.3378
   17     | -1613.0090692180 |   9.6207e-11   |    1.2538     |    0.2670
Created 666587 / 2702736 significant shell pairs
Created 516984 / 2056356 significant shell pairs
Total number of grid points: 325865 (5091 per atom)
One electron integrals and orthogonalizer took 0.133017s
Created 516984 / 2056356 significant shell pairs
3C integrals and B formation took 2.274577s
Iteration |      Energy      |  DIIS Metric   | Fock Time (s) | DIIS Time (s)
----------+------------------+----------------+---------------+--------------
    1     | -1622.9248678097 |   9.8928e+02   |    1.4386     |    0.4327
    2     | -1612.1323760895 |   3.1481e+00   |    1.2510     |    0.3084
    3     | -1611.7988248260 |   4.4412e+00   |    1.2933     |    0.3653
    4     | -1612.9705424882 |   1.5586e-01   |    1.0838     |    0.3359
    5     | -1612.9998342479 |   5.0851e-02   |    1.0840     |    0.3359
    6     | -1613.0127738509 |   3.7265e-03   |    1.2277     |    0.2672
    7     | -1613.0135566122 |   9.4937e-04   |    1.2936     |    0.3062
    8     | -1613.0137444638 |   3.4014e-04   |    1.2637     |    0.2974
    9     | -1613.0138418102 |   1.4430e-05   |    1.1799     |    0.2977
   10     | -1613.0138439651 |   6.4794e-06   |    1.1024     |    0.2971
   11     | -1613.0138456931 |   6.1853e-07   |    1.2897     |    0.2838
   12     | -1613.0138458273 |   2.0802e-07   |    1.3693     |    0.3604
   13     | -1613.0138458831 |   2.8555e-08   |    1.2917     |    0.3386
   14     | -1613.0138458900 |   4.1745e-09   |    1.0232     |    0.3378
   15     | -1613.0138458911 |   3.9328e-10   |    1.0220     |    0.3381
   16     | -1613.0138458910 |   8.4596e-10   |    1.2503     |    0.2672
   17     | -1613.0138458912 |   1.2310e-10   |    1.2944     |    0.3051
   18     | -1613.0138458912 |   2.4268e-11   |    1.2638     |    0.2971
Created 643727 / 2702736 significant shell pairs
Created 498591 / 2056356 significant shell pairs
Total number of grid points: 322799 (5043 per atom)
One electron integrals and orthogonalizer took 0.087592s
Created 498591 / 2056356 significant shell pairs
3C integrals and B formation took 2.113093s
Iteration |      Energy      |  DIIS Metric   | Fock Time (s) | DIIS Time (s)
----------+------------------+----------------+---------------+--------------
    1     | -1622.9310487360 |   9.8845e+02   |    1.2801     |    0.4317
    2     | -1612.1404154910 |   3.1699e+00   |    1.2324     |    0.3376
    3     | -1611.8026062516 |   4.4790e+00   |    1.2868     |    0.4313
    4     | -1612.9814792588 |   1.5835e-01   |    1.0156     |    0.3378
    5     | -1613.0099086226 |   5.7628e-02   |    1.0177     |    0.3647
    6     | -1613.0246514434 |   3.6267e-03   |    1.2087     |    0.2997
    7     | -1613.0253841290 |   1.0439e-03   |    1.2424     |    0.3304
    8     | -1613.0256099704 |   3.1926e-04   |    1.2437     |    0.2670
    9     | -1613.0256978372 |   1.5967e-05   |    1.1826     |    0.2993
   10     | -1613.0257004987 |   6.0338e-06   |    1.1220     |    0.2982
   11     | -1613.0257020988 |   3.9196e-07   |    1.3264     |    0.2957
   12     | -1613.0257021664 |   1.8046e-07   |    1.2874     |    0.3362
   13     | -1613.0257022149 |   2.5924e-08   |    1.2476     |    0.3603
   14     | -1613.0257022206 |   6.3469e-09   |    1.0072     |    0.3653
   15     | -1613.0257022224 |   4.8517e-10   |    1.0302     |    0.3650
   16     | -1613.0257022223 |   1.0085e-09   |    1.2885     |    0.4307
   17     | -1613.0257022225 |   1.7359e-10   |    1.2341     |    0.3596
   18     | -1613.0257022226 |   3.4734e-11   |    1.2821     |    0.3168
Please cite the following papers for the methods used in this calculation:
 - J.L. Galvez Vallejo et. al., Toward an extreme-scale electronic structure system, J. Chem. Phys., 2023. DOI: 10.1063/5.0156399

 - R. Stocks, E. Palethorpe, and G.M.J. Barca, Multi-GPU RI-HF Energies and Analytic Gradients ─ Toward High-Throughput Ab Initio Molecular Dynamics, J. Chem. Theory Comput., 2024. DOI: 10.1021/acs.jctc.4c00877
   For:
     * RI-HF energy

 - D.B. Williams-Young, W.A. de Jong, H.J.J. van Dam, and C. Yang, On the Efficient Evaluation of the Exchange Correlation Potential on Graphics Processing Unit Clusters, Frontiers in Chemistry, 2020. DOI: 10.3389/fchem.2020.581058
   For:
     * GauXC implementation of exchange-correlation integration

 - R. Stocks and G.M.J. Barca, Efficient Algorithms for GPU Accelerated Evaluation of the DFT Exchange-Correlation Functional, J. Chem. Theory Comput., 2025. DOI: 10.1021/acs.jctc.5c01229
   For:
     * GPU accelerated DFT exchange-correlation evaluation

 - S. Grimme.,  J. Comput. Chem. 27, 1787 (2006) DOI: 10.1002/jcc.20495
   For:
     * GGA_XC_B97_D XC Functional

[CRAYBLAS_WARNING] Application linked against multiple cray-libsci libraries
