Total number of grid points: 309366 (4989 per atom)
Total number of grid points: 318854 (5142 per atom)
Total number of grid points: 313335 (5053 per atom)
Total number of grid points: 310356 (5005 per atom)
Total number of grid points: 305293 (4924 per atom)
Total number of grid points: 307041 (4952 per atom)
Total number of grid points: 310342 (5005 per atom)
Total number of grid points: 314739 (5076 per atom)
Total number of grid points: 312722 (5043 per atom)
Total number of grid points: 310288 (5004 per atom)
Total number of grid points: 311635 (5026 per atom)
Total number of grid points: 313653 (5058 per atom)
Total number of grid points: 315546 (5089 per atom)
Total number of grid points: 317236 (5116 per atom)
Total number of grid points: 313091 (5049 per atom)
Total number of grid points: 315816 (5093 per atom)
Total number of grid points: 313530 (5056 per atom)
Total number of grid points: 318010 (5129 per atom)
Total number of grid points: 314410 (5071 per atom)
Total number of grid points: 313318 (5053 per atom)
[CRAYBLAS_WARNING] Application linked against multiple cray-libsci libraries
3922
   10     | -1536.8118127188 |   6.5048e-06   |    1.0671     |    0.3054
   11     | -1536.8118144622 |   6.3894e-07   |    1.1911     |    0.4439
   12     | -1536.8118145963 |   1.8891e-07   |    1.2047     |    0.2872
   13     | -1536.8118146422 |   2.9855e-08   |    1.4363     |    0.3079
   14     | -1536.8118146486 |   6.2378e-09   |    1.3677     |    0.2539
   15     | -1536.8118146503 |   3.0230e-10   |    1.5311     |    0.3360
   16     | -1536.8118146502 |   7.7616e-10   |    1.3244     |    0.3626
   17     | -1536.8118146504 |   4.6818e-11   |    1.4445     |    0.3343
Created 693829 / 2471184 significant shell pairs
Created 537267 / 1882384 significant shell pairs
Total number of grid points: 315247 (5084 per atom)
One electron integrals and orthogonalizer took 0.131935s
Created 537267 / 1882384 significant shell pairs
3C integrals and B formation took 3.018610s
Iteration |      Energy      |  DIIS Metric   | Fock Time (s) | DIIS Time (s)
----------+------------------+----------------+---------------+--------------
    1     | -1546.1567853331 |   9.4709e+02   |    1.8456     |    0.7846
    2     | -1535.9280948292 |   3.1350e+00   |    1.8768     |    0.5777
    3     | -1535.4579832949 |   4.9620e+00   |    1.9513     |    0.6827
    4     | -1536.6895475597 |   3.7198e-01   |    1.8474     |    0.6887
    5     | -1536.7572337077 |   1.4525e-01   |    1.8420     |    0.6876
    6     | -1536.7953181346 |   1.2940e-02   |    1.7350     |    0.7880
    7     | -1536.7982571979 |   2.2114e-03   |    1.8786     |    0.6833
    8     | -1536.7986978874 |   7.2090e-04   |    1.8466     |    0.3163
    9     | -1536.7988817758 |   5.1274e-05   |    1.8464     |    0.3161
   10     | -1536.7988933986 |   1.1339e-05   |    1.8478     |    0.3162
   11     | -1536.7988962541 |   1.9518e-06   |    1.7402     |    0.4534
   12     | -1536.7988967588 |   1.7161e-07   |    1.8463     |    0.3158
   13     | -1536.7988967916 |   5.4271e-08   |    1.8483     |    0.3162
   14     | -1536.7988968051 |   9.6482e-09   |    1.8475     |    0.3162
   15     | -1536.7988968070 |   3.3210e-09   |    1.8478     |    0.3168
   16     | -1536.7988968076 |   9.3490e-10   |    1.7399     |    0.4526
   17     | -1536.7988968078 |   1.7710e-10   |    1.8468     |    0.3165
   18     | -1536.7988968079 |   6.0652e-11   |    1.8460     |    0.3212
Created 640254 / 2471184 significant shell pairs
Created 495776 / 1882384 significant shell pairs
Total number of grid points: 306087 (4936 per atom)
One electron integrals and orthogonalizer took 0.176721s
Created 495776 / 1882384 significant shell pairs
3C integrals and B formation took 2.560541s
Iteration |      Energy      |  DIIS Metric   | Fock Time (s) | DIIS Time (s)
----------+------------------+----------------+---------------+--------------
    1     | -1546.1389721903 |   9.4145e+02   |    1.8456     |    0.4549
    2     | -1535.9329969858 |   3.0945e+00   |    1.8199     |    0.3728
    3     | -1535.5725856037 |   4.5015e+00   |    1.8206     |    0.3714
    4     | -1536.7528263588 |   1.4828e-01   |    1.8224     |    0.3715
    5     | -1536.7702531878 |   8.6246e-02   |    1.8215     |    0.3715
    6     | -1536.7936355963 |   8.1918e-03   |    1.5738     |    0.4798
    7     | -1536.7957480574 |   9.1697e-04   |    1.8216     |    0.3729
    8     | -1536.7959262344 |   3.3594e-04   |    1.8215     |    0.3717
    9     | -1536.7960153424 |   2.6245e-05   |    1.8221     |    0.3729
   10     | -1536.7960211952 |   6.7119e-06   |    1.8210     |    0.3716
   11     | -1536.7960228955 |   8.2675e-07   |    1.5741     |    0.4800
   12     | -1536.7960230783 |   1.8216e-07   |    1.8216     |    0.3722
   13     | -1536.7960231234 |   2.6921e-08   |    1.8212     |    0.3721
   14     | -1536.7960231291 |   6.0033e-09   |    1.8217     |    0.3775
   15     | -1536.7960231308 |   2.9750e-10   |    1.8164     |    0.3710
   16     | -1536.7960231306 |   7.0735e-10   |    1.5737     |    0.4802
   17     | -1536.7960231308 |   5.0010e-11   |    1.8218     |    0.3725
Created 718640 / 2471184 significant shell pairs
Created 557024 / 1882384 significant shell pairs
Total number of grid points: 315620 (5090 per atom)
One electron integrals and orthogonalizer took 0.254131s
Created 557024 / 1882384 significant shell pairs
3C integrals and B formation took 2.934735s
Iteration |      Energy      |  DIIS Metric   | Fock Time (s) | DIIS Time (s)
----------+------------------+----------------+---------------+--------------
    1     | -1546.1733866144 |   9.5061e+02   |    1.8425     |    0.7881
    2     | -1535.9325654953 |   3.1605e+00   |    1.8787     |    0.5777
    3     | -1535.4156350158 |   5.1421e+00   |    1.9533     |    0.6825
    4     | -1536.6557067381 |   5.1247e-01   |    1.8483     |    0.6828
    5     | -1536.7658205992 |   1.4645e-01   |    1.8503     |    0.6824
    6     | -1536.8033685302 |   1.5090e-02   |    1.7409     |    0.7883
    7     | -1536.8066872982 |   3.2960e-03   |    1.8797     |    0.6820
    8     | -1536.8073944030 |   8.6256e-04   |    1.8502     |    0.3160
    9     | -1536.8076012589 |   9.1485e-05   |    1.8484     |    0.3158
   10     | -1536.8076247683 |   1.3526e-05   |    1.8505     |    0.3159
   11     | -1536.8076281780 |   2.4588e-06   |    1.7401     |    0.4525
   12     | -1536.8076288114 |   2.1579e-07   |    1.8498     |    0.3161
   13     | -1536.8076288542 |   7.4011e-08   |    1.8491     |    0.3160
   14     | -1536.8076288742 |   5.5321e-09   |    1.8490     |    0.3158
   15     | -1536.8076288738 |   6.8649e-09   |    1.8492     |    0.3161
   16     | -1536.8076288755 |   7.4509e-10   |    1.7404     |    0.4519
   17     | -1536.8076288757 |   2.8265e-10   |    1.8498     |    0.3160
   18     | -1536.8076288757 |   5.1683e-11   |    1.8496     |    0.3159
Created 760687 / 2471184 significant shell pairs
Created 587591 / 1882384 significant shell pairs
Total number of grid points: 315705 (5092 per atom)
One electron integrals and orthogonalizer took 0.254313s
Created 587591 / 1882384 significant shell pairs
3C integrals and B formation took 2.942219s
Iteration |      Energy      |  DIIS Metric   | Fock Time (s) | DIIS Time (s)
----------+------------------+----------------+---------------+--------------
    1     | -1546.1921804741 |   9.6087e+02   |    1.8392     |    0.7882
    2     | -1535.9116689717 |   3.2006e+00   |    1.9345     |    0.2905
    3     | -1535.2431748504 |   5.7995e+00   |    1.9018     |    0.5516
    4     | -1536.5536486439 |   8.5625e-01   |    1.9855     |    0.3117
    5     | -1536.7494912625 |   1.6199e-01   |    1.9028     |    0.5512
    6     | -1536.7868417822 |   2.4928e-02   |    1.8669     |    0.3986
    7     | -1536.7923207714 |   5.0705e-03   |    1.9030     |    0.5524
    8     | -1536.7934405576 |   1.2577e-03   |    2.0087     |    0.2958
    9     | -1536.7937629898 |   9.7501e-05   |    1.8964     |    0.2909
   10     | -1536.7937868458 |   1.2861e-05   |    1.9039     |    0.2970
   11     | -1536.7937894645 |   3.8938e-06   |    1.7534     |    0.3987
   12     | -1536.7937905465 |   2.6720e-07   |    1.9030     |    0.2906
   13     | -1536.7937905963 |   1.1525e-07   |    1.9028     |    0.2962
   14     | -1536.7937906277 |   7.7031e-09   |    1.8970     |    0.2963
   15     | -1536.7937906267 |   1.1164e-08   |    1.8985     |    0.2954
   16     | -1536.7937906297 |   3.9747e-10   |    1.7571     |    0.3992
   17     | -1536.7937906297 |   2.5161e-10   |    1.9037     |    0.2959
   18     | -1536.7937906298 |   5.0290e-11   |    1.8963     |    0.2974
Created 769855 / 2471184 significant shell pairs
Created 594744 / 1882384 significant shell pairs
Total number of grid points: 314035 (5065 per atom)
One electron integrals and orthogonalizer took 0.175543s
Created 594744 / 1882384 significant shell pairs
3C integrals and B formation took 2.933566s
Iteration |      Energy      |  DIIS Metric   | Fock Time (s) | DIIS Time (s)
----------+------------------+----------------+---------------+--------------
    1     | -1546.2015760564 |   9.6338e+02   |    2.0016     |    0.6578
    2     | -1535.9100324860 |   3.2124e+00   |    1.8788     |    0.3133
    3     | -1535.2264285678 |   5.8782e+00   |    1.8802     |    0.3121
    4     | -1536.5533356747 |   8.5686e-01   |    1.8809     |    0.3121
    5     | -1536.7476031017 |   1.6837e-01   |    1.9010     |    0.3791
    6     | -1536.7858413633 |   2.4909e-02   |    2.1247     |    0.6514
    7     | -1536.7915192246 |   4.4512e-03   |    1.9122     |    0.3125
    8     | -1536.7924488481 |   1.3192e-03   |    1.9009     |    0.2968
    9     | -1536.7927900776 |   8.1798e-05   |    1.8751     |    0.3125
   10     | -1536.7928079681 |   1.5477e-05   |    1.8806     |    0.3118
   11     | -1536.7928112086 |   4.4676e-06   |    1.8451     |    0.6514
   12     | -1536.7928124865 |   2.5488e-07   |    1.9328     |    0.2977
   13     | -1536.7928125296 |   1.0872e-07   |    1.8959     |    0.2910
   14     | -1536.7928125578 |   9.0916e-09   |    1.8812     |    0.3116
   15     | -1536.7928125568 |   1.2455e-08   |    1.9007     |    0.2919
   16     | -1536.7928125601 |   4.7322e-10   |    1.8461     |    0.6518
   17     | -1536.7928125601 |   3.5765e-10   |    1.9110     |    0.3123
   18     | -1536.7928125602 |   4.4655e-11   |    1.8584     |    0.3160
Created 764688 / 2471184 significant shell pairs
Created 590981 / 1882384 significant shell pairs
Total number of grid points: 313656 (5058 per atom)
One electron integrals and orthogonalizer took 0.176817s
Created 590981 / 1882384 significant shell pairs
3C integrals and B formation took 2.934357s
Iteration |      Energy      |  DIIS Metric   | Fock Time (s) | DIIS Time (s)
----------+------------------+----------------+---------------+--------------
    1     | -1546.1958764232 |   9.6105e+02   |    1.8583     |    0.7334
    2     | -1535.9118749408 |   3.1992e+00   |    1.9326     |    0.2921
    3     | -1535.2781979068 |   5.6588e+00   |    1.9004     |    0.3789
    4     | -1536.5787911367 |   7.4840e-01   |    2.1369     |    0.3160
    5     | -1536.7420257129 |   1.8714e-01   |    1.8588     |    0.3160
    6     | -1536.7880408413 |   1.6997e-02   |    1.7580     |    0.3985
    7     | -1536.7915667870 |   4.0030e-03   |    1.8808     |    0.3122
    8     | -1536.7922662415 |   1.6520e-03   |    1.8804     |    0.3128
    9     | -1536.7927417192 |   8.9406e-05   |    1.9008     |    0.2969
   10     | -1536.7927634546 |   1.2802e-05   |    1.8973     |    0.2909
   11     | -1536.7927662493 |   3.0575e-06   |    1.8463     |    0.6522
   12     | -1536.7927670912 |   1.6561e-07   |    1.9110     |    0.3119
   13     | -1536.7927671180 |   7.3914e-08   |    1.8806     |    0.3121
   14     | -1536.7927671358 |   8.4157e-09   |    1.8586     |    0.3167
   15     | -1536.7927671350 |   1.0952e-08   |    1.9007     |    0.2915
   16     | -1536.7927671380 |   4.5230e-10   |    1.7563     |    0.3985
   17     | -1536.7927671381 |   3.0233e-10   |    1.8586     |    0.3161
   18     | -1536.7927671382 |   6.5915e-11   |    1.9027     |    0.2963
Created 627933 / 2471184 significant shell pairs
Created 487186 / 1882384 significant shell pairs
Total number of grid points: 309412 (4990 per atom)
One electron integrals and orthogonalizer took 0.248933s
Created 487186 / 1882384 significant shell pairs
3C integrals and B formation took 2.571276s
Iteration |      Energy      |  DIIS Metric   | Fock Time (s) | DIIS Time (s)
----------+------------------+----------------+---------------+--------------
    1     | -1546.1415853465 |   9.3936e+02   |    1.8446     |    0.7874
    2     | -1535.9515648007 |   3.1099e+00   |    1.8533     |    0.3729
    3     | -1535.5904243127 |   4.5031e+00   |    1.8208     |    0.3764
    4     | -1536.7698024088 |   1.5432e-01   |    1.8169     |    0.3723
    5     | -1536.7886174169 |   9.4448e-02   |    1.8216     |    0.3714
    6     | -1536.8157410398 |   6.0000e-03   |    1.7407     |    0.4528
    7     | -1536.8170845649 |   1.0891e-03   |    1.8219     |    0.3717
    8     | -1536.8173017000 |   3.7745e-04   |    1.8223     |    0.3718
    9     | -1536.8174013422 |   2.3402e-05   |    1.8216     |    0.3721
   10     | -1536.8174062564 |   6.4929e-06   |    1.8218     |    0.3722
   11     | -1536.8174079308 |   5.8179e-07   |    1.7404     |    0.4533
   12     | -1536.8174080547 |   1.4357e-07   |    1.8218     |    0.3719
   13     | -1536.8174080932 |   1.4037e-08   |    1.8215     |    0.3726
   14     | -1536.8174080955 |   5.9003e-09   |    1.8210     |    0.3720
   15     | -1536.8174080972 |   3.3975e-10   |    1.8217     |    0.3728
   16     | -1536.8174080971 |   5.7938e-10   |    1.7400     |    0.4529
   17     | -1536.8174080973 |   5.7825e-11   |    1.8216     |    0.3722
Created 612289 / 2471184 significant shell pairs
Created 474311 / 1882384 significant shell pairs
Total number of grid points: 308768 (4980 per atom)
One electron integrals and orthogonalizer took 0.249930s
Created 474311 / 1882384 significant shell pairs
3C integrals and B formation took 2.570787s
Iteration |      Energy      |  DIIS Metric   | Fock Time (s) | DIIS Time (s)
----------+------------------+----------------+---------------+--------------
    1     | -1546.1395480774 |   9.3712e+02   |    1.8449     |    0.7882
    2     | -1535.9582204471 |   3.1133e+00   |    1.8525     |    0.3727
    3     | -1535.5940293334 |   4.5205e+00   |    1.8208     |    0.3716
    4     | -1536.7760222898 |   1.6426e-01   |    1.8221     |    0.3716
    5     | -1536.7989378481 |   8.7355e-02   |    1.8217     |    0.3723
    6     | -1536.8229126933 |   7.6708e-03   |    1.5650     |    0.4793
    7     | -1536.8247899775 |   8.9745e-04   |    1.8223     |    0.3721
    8     | -1536.8249590960 |   3.4477e-04   |    1.8214     |    0.3772
    9     | -1536.8250539210 |   1.7246e-05   |    1.8168     |    0.3717
   10     | -1536.8250574099 |   5.5151e-06   |    1.8221     |    0.3719
   11     | -1536.8250588745 |   3.3764e-07   |    1.5633     |    0.4801
   12     | -1536.8250589270 |   1.3804e-07   |    1.8216     |    0.3711
   13     | -1536.8250589616 |   1.8486e-08   |    1.8222     |    0.3710
   14     | -1536.8250589654 |   5.7769e-09   |    1.8223     |    0.3716
   15     | -1536.8250589671 |   2.4099e-10   |    1.8219     |    0.3720
 =======================================================
              GGA_XC_B97_D Energy Results              
===================================Created 614022 / 2471184 significant shell pairs
Created 475542 / 1882384 significant shell pairs
Total number of grid points: 313823 (5061 per atom)
One electron integrals and orthogonalizer took 0.248781s
Created 475542 / 1882384 significant shell pairs
3C integrals and B formation took 2.571038s
Iteration |      Energy      |  DIIS Metric   | Fock Time (s) | DIIS Time (s)
----------+------------------+----------------+---------------+--------------
    1     | -1546.1491808754 |   9.3870e+02   |    1.8462     |    0.7881
    2     | -1535.9609106058 |   3.1245e+00   |    1.8522     |    0.3786
    3     | -1535.6023563775 |   4.5215e+00   |    1.8158     |    0.3762
    4     | -1536.7851840056 |   1.4349e-01   |    1.8169     |    0.3718
    5     | -1536.8017792537 |   8.9323e-02   |    1.8219     |    0.3715
    6     | -1536.8264660435 |   6.4268e-03   |    1.5696     |    0.4804
    7     | -1536.8279886440 |   9.7892e-04   |    1.8213     |    0.3718
    8     | -1536.8281974724 |   2.7888e-04   |    1.8220     |    0.3713
    9     | -1536.8282717627 |   1.9447e-05   |    1.8216     |    0.3773=======================================================
              GGA_XC_B97_D Energy Results              
=======================================================
E GGA_XC_B97_D        : -1536.82827758
Nuclear Repulsion Energy: 3903.62042551
Electronic Energy:        -5215.61039668
XC Energy:                -224.838306
Converged:                1
# of SCF iterations:      17
SCF Time:                 41.51s

=======================================================
            Individual Calculation Summary             
=======================================================
HF EnergCreated 639683 / 2471184 significant shell pairs
Created 495635 / 1882384 significant shell pairs
Total number of grid points: 315294 (5085 per atom)
One electron integrals and orthogonalizer took 0.249996s
Created 495635 / 1882384 significant shell pairs
3C integrals and B formation took 2.572444s
Iteration |      Energy      |  DIIS Metric   | Fock Time (s) | DIIS Time (s)
----------+------------------+----------------+---------------+--------------
    1     | -1546.1531164505 |   9.4208e+02   |    1.8428     |    0.7874
    2     | -1535.9461547010 |   3.1208e+00   |    1.8527     |    0.3726
    3     | -1535.5802384333 |   4.5660e+00   |    1.8211     |    0.3=======================================================
              GGA_XC_B97_D Energy Results              
=======================================================
E GGA_XC_B97_D        : -1536.81287564
Nuclear Repulsion Energy: 3985.75901851
Electronic Energy:        -5297.73082776
XC Energy:                -224.841066
Converged:                1
# of SCF iterations:      17
SCF Time:                 41.5s

=======================================================
            Individual Calculation Summary             
=======================================================
HF Energy: -1536.8128756381722724
=======================================================


Topology 10 time: 41.713468 s, performance: SP: 0 FLOP/s, DP: 298.1 GFLOP/s
JSON file written to: json_logs/lustre_orion_chm213_scratch_ryan_dhdft_inputs_exess_exess_inputs_B97-D_def2-TZVP_isomers_5900-5919_topology_10.json
************************************************************
**************** Running topology 12 of 20 *****************
******************Created 650864 / 2471184 significant shell pairs
Created 504989 / 1882384 significant shell pairs
Total number of grid points: 309580 (4993 per atom)
One electron integrals and orthogonalizer took 0.254046s
Created 504989 / 1882=======================================================
              GGA_XC_B97_D Energy Results              
=======================================================
E GGA_XC_B97_D        : -1536.81351744
Nuclear Repulsion Energy: 4021.99536178
Electronic Energy:        -5333.96818325
XC Energy:                -224.840696
Converged:                1
# of SCF iterations:      17
SCF Time:                 41.866s

=======================================================
            Individual Calculation Summary             
=======================================================
HF Energy: -1536.8135174391718465
=======================================================


Topology 11 time: 42.083269 s, performance: SP: 0 FLOP/s, DP: 300.5 GFLOP/s
JSON file written to: json_logs/lustre_orion_chm213_scratch_ryan_dhdft_inputs_exess_exess_inputs_B97-D_def2-TZVP_isomers_5900-5919_topology_11.json
************************************************************
**************** Running topology 13 of 20 *****************
************************************************************

************************************************************
************* Beginning RI-GGA_XC_B97_D energy *************
************************************************************

=======================================================
              GGA_XC_B97_D Energy Results              
=======================================================
E GGA_XC_B97_D        : -1536.81095179
Nuclear Repulsion Energy: 4010.40369592
Electronic Energy:        -5322.37405572
XC Energy:                -224.840592
Converged:                1
# of SCF iterations:      17
SCF Time:                 41.496s

=======================================================
            Individual Calculation Summary             
=======================================================
HF Energy: -1536.8109517900593346
=======================================================


Topology 12 time: 41.712703 s, performance: SP: 0 FLOP/s, DP: 301.6 GFLOP/s
JSON file written to: json_logs/lustre_orion_chm213_scratch_ryan_dhdft_inputs_exess_exess_inputs_B97-D_def2-TZVP_isomers_5900-5919_topology_12.json
************************************************************
**************** Running topology 14 of 20 *****************
************************************************************

************************************************************
************* Beginning RI-GGA_XC_B97_D energy *************
************************************************************

=======================================================
              GGA_XC_B97_D Energy Results              
=======================================================
E GGA_XC_B97_D        : -1536.81031025
Nuclear Repulsion Energy: 3967.4599392
Electronic Energy:        -5279.43521014
XC Energy:                -224.835039
Converged:                1
# of SCF iterations:      17
SCF Time:                 41.504s

=======================================================
            Individual Calculation Summary             
=======================================================
HF Energy: -1536.8103102523989492
=======================================================


Topology 13 time: 41.721260 s, performance: SP: 0 FLOP/s, DP: 296.2 GFLOP/s
JSON file written to: json_logs/lustre_orion_chm213_scratch_ryan_dhdft_inputs_exess_exess_inputs_B97-D_def2-TZVP_isomers_5900-5919_topology_13.json
************************************************************
**************** Running topology 15 of 20 *****************
************************************************************

************************************************************
************* Beginning RI-GGA_XC_B97_D energy *************
************************************************************

=======================================================
              GGA_XC_B97_D Energy Results              
=======================================================
E GGA_XC_B97_D        : -1536.79856539
Nuclear Repulsion Energy: 4131.43090929
Electronic Energy:        -5443.3866711
XC Energy:                -224.842804
Converged:                1
# of SCF iterations:      18
SCF Time:                 44.026s

=======================================================
            Individual Calculation Summary             
=======================================================
HF Energy: -1536.7985653932232708
=======================================================


Topology 14 time: 44.255906 s, performance: SP: 0 FLOP/s, DP: 302.2 GFLOP/s
JSON file written to: json_logs/lustre_orion_chm213_scratch_ryan_dhdft_inputs_exess_exess_inputs_B97-D_def2-TZVP_isomers_5900-5919_topology_14.json
************************************************************
**************** Running topology 16 of 20 *****************
************************************************************

************************************************************
************* Beginning RI-GGA_XC_B97_D energy *************
************************************************************

=======================================================
              GGA_XC_B97_D Energy Results              
=======================================================
E GGA_XC_B97_D        : -1536.81052728
Nuclear Repulsion Energy: 4004.60639689
Electronic Energy:        -5316.58148256
XC Energy:                -224.835442
Converged:                1
# of SCF iterations:      17
SCF Time:                 41.488s

=======================================================
            Individual Calculation Summary             
=======================================================
HF Energy: -1536.8105272840725775
=======================================================


Topology 15 time: 41.710772 s, performance: SP: 0 FLOP/s, DP: 301.4 GFLOP/s
JSON file written to: json_logs/lustre_orion_chm213_scratch_ryan_dhdft_inputs_exess_exess_inputs_B97-D_def2-TZVP_isomers_5900-5919_topology_15.json
************************************************************
**************** Running topology 17 of 20 *****************
************************************************************

************************************************************
************* Beginning RI-GGA_XC_B97_D energy *************
************************************************************

=======================================================
              GGA_XC_B97_D Energy Results              
=======================================================
E GGA_XC_B97_D        : -1536.80819988
Nuclear Repulsion Energy: 3985.21722002
Electronic Energy:        -5297.18942419
XC Energy:                -224.835996
Converged:                1
# of SCF iterations:      17
SCF Time:                 41.49s

=======================================================
            Individual Calculation Summary             
=======================================================
HF Energy: -1536.8081998778370689
=======================================================


Topology 16 time: 41.710984 s, performance: SP: 0 FLOP/s, DP: 298.5 GFLOP/s
JSON file written to: json_logs/lustre_orion_chm213_scratch_ryan_dhdft_inputs_exess_exess_inputs_B97-D_def2-TZVP_isomers_5900-5919_topology_16.json
************************************************************
**************** Running topology 18 of 20 *****************
************************************************************

************************************************************
************* Beginning RI-GGA_XC_B97_D energy *************
************************************************************

=======================================================
              GGA_XC_B97_D Energy Results              
=======================================================
E GGA_XC_B97_D        : -1536.80715957
Nuclear Repulsion Energy: 3941.31542512
Electronic Energy:        -5253.29247078
XC Energy:                -224.830114
Converged:                1
# of SCF iterations:      17
SCF Time:                 41.495s

=======================================================
            Individual Calculation Summary             
=======================================================
HF Energy: -1536.8071595725948555
=======================================================


Topology 17 time: 41.713147 s, performance: SP: 0 FLOP/s, DP: 293 GFLOP/s
JSON file written to: json_logs/lustre_orion_chm213_scratch_ryan_dhdft_inputs_exess_exess_inputs_B97-D_def2-TZVP_isomers_5900-5919_topology_17.json
************************************************************
**************** Running topology 19 of 20 *****************
************************************************************

************************************************************
************* Beginning RI-GGA_XC_B97_D energy *************
************************************************************

=======================================================
              GGA_XC_B97_D Energy Results              
=======================================================
E GGA_XC_B97_D        : -1536.82273344
Nuclear Repulsion Energy: 3902.63334697
Electronic Energy:        -5214.62401621
XC Energy:                -224.832064
Converged:                1
# of SCF iterations:      17
SCF Time:                 41.541s

=======================================================
            Individual Calculation Summary             
=======================================================
HF Energy: -1536.8227334397697632
=======================================================


Topology 18 time: 41.758894 s, performance: SP: 0 FLOP/s, DP: 287.4 GFLOP/s
JSON file written to: json_logs/lustre_orion_chm213_scratch_ryan_dhdft_inputs_exess_exess_inputs_B97-D_def2-TZVP_isomers_5900-5919_topology_18.json
************************************************************
**************** Running topology 20 of 20 *****************
************************************************************

************************************************************
************* Beginning RI-GGA_XC_B97_D energy *************
************************************************************

=======================================================
              GGA_XC_B97_D Energy Results              
=======================================================
E GGA_XC_B97_D        : -1536.8232892
Nuclear Repulsion Energy: 3931.58088124
Electronic Energy:        -5243.56607603
XC Energy:                -224.838094
Converged:                1
# of SCF iterations:      17
SCF Time:                 41.452s

=======================================================
            Individual Calculation Summary             
=======================================================
HF Energy: -1536.8232892013222681
=======================================================


Topology 19 time: 41.670720 s, performance: SP: 0 FLOP/s, DP: 291.2 GFLOP/s
JSON file written to: json_logs/lustre_orion_chm213_scratch_ryan_dhdft_inputs_exess_exess_inputs_B97-D_def2-TZVP_isomers_5900-5919_topology_19.json
Total flops: SP: 0 FLOPS, DP: 257.08096 TFLOPS
Performance: SP: 0 FLOP/s, DP: 300.9 GFLOP/s

Now, a word from our sponsors... 
 Muchos años después, frente al pelotón de fusilamiento, el coronel Aureliano Buendía 
 había de recordar aquella lejana tarde en la que su padre lo llevó a conocer el hielo.
 (Gabriel García Márquez)

[31mTotal processing time 854.725156 seconds[0m
[CRAYBLAS_WARNING] Application linked against multiple cray-libsci libraries
|    1.8214     |    0.3711
   14     | -1536.8071595707 |   6.7481e-09   |    1.8218     |    0.3718
   15     | -1536.8071595725 |   3.0270e-10   |    1.8226     |    0.3765
   16     | -1536.8071595723 |   1.0274e-09   |    1.5637     |    0.4798
   17     | -1536.8071595726 |   7.0818e-11   |    1.8217     |    0.3723
Created 614978 / 2471184 significant shell pairs
Created 476617 / 1882384 significant shell pairs
Total number of grid points: 315408 (5087 per atom)
One electron integrals and orthogonalizer took 0.249464s
Created 476617 / 1882384 significant shell pairs
3C integrals and B formation took 2.569529s
Iteration |      Energy      |  DIIS Metric   | Fock Time (s) | DIIS Time (s)
----------+------------------+----------------+---------------+--------------
    1     | -1546.1395410461 |   9.3719e+02   |    1.8436     |    0.7871
    2     | -1535.9562004145 |   3.1125e+00   |    1.8534     |    0.3733
    3     | -1535.5955359298 |   4.5277e+00   |    1.8203     |    0.3771
    4     | -1536.7824753957 |   1.4241e-01   |    1.8165     |    0.3720
    5     | -1536.8024584169 |   6.8813e-02   |    1.8216     |    0.3773
    6     | -1536.8201261333 |   8.7335e-03   |    1.5574     |    0.4861
    7     | -1536.8224929293 |   7.9427e-04   |    1.8158     |    0.3724
    8     | -1536.8226658603 |   2.4413e-04   |    1.8217     |    0.3717
    9     | -1536.8227283280 |   1.7275e-05   |    1.8213     |    0.3723
   10     | -1536.8227310095 |   8.1413e-06   |    1.8209     |    0.3771
   11     | -1536.8227333081 |   4.6744e-07   |    1.5602     |    0.4796
   12     | -1536.8227333994 |   1.4240e-07   |    1.8222     |    0.3722
   13     | -1536.8227334330 |   2.3189e-08   |    1.8216     |    0.3776
   14     | -1536.8227334378 |   6.4879e-09   |    1.8159     |    0.3720
   15     | -1536.8227334397 |   2.2284e-10   |    1.8213     |    0.3709
   16     | -1536.8227334396 |   7.2067e-10   |    1.5642     |    0.4806
   17     | -1536.8227334398 |   3.6404e-11   |    1.8212     |    0.3771
Created 622706 / 2471184 significant shell pairs
Created 482479 / 1882384 significant shell pairs
Total number of grid points: 309192 (4986 per atom)
One electron integrals and orthogonalizer took 0.175376s
Created 482479 / 1882384 significant shell pairs
3C integrals and B formation took 2.569885s
Iteration |      Energy      |  DIIS Metric   | Fock Time (s) | DIIS Time (s)
----------+------------------+----------------+---------------+--------------
    1     | -1546.1486068693 |   9.3913e+02   |    1.8435     |    0.7877
    2     | -1535.9549309514 |   3.1283e+00   |    1.8527     |    0.3727
    3     | -1535.5915583358 |   4.5689e+00   |    1.8209     |    0.3715
    4     | -1536.7885956657 |   1.2056e-01   |    1.8216     |    0.3725
    5     | -1536.8023011605 |   7.2334e-02   |    1.8213     |    0.3713
    6     | -1536.8216195812 |   5.8519e-03   |    1.5679     |    0.4799
    7     | -1536.8230241916 |   9.0131e-04   |    1.8218     |    0.3724
    8     | -1536.8232189768 |   2.4321e-04   |    1.8211     |    0.3775
    9     | -1536.8232822757 |   2.3356e-05   |    1.8164     |    0.3717
   10     | -1536.8232875263 |   5.8649e-06   |    1.8215     |    0.3717
   11     | -1536.8232891018 |   3.7086e-07   |    1.5654     |    0.4850
   12     | -1536.8232891665 |   1.2696e-07   |    1.8170     |    0.3764
   13     | -1536.8232891974 |   1.3805e-08   |    1.8164     |    0.3715
   14     | -1536.8232891993 |   6.7652e-09   |    1.8216     |    0.3773
   15     | -1536.8232892013 |   1.9949e-10   |    1.8162     |    0.3772
   16     | -1536.8232892012 |   5.1549e-10   |    1.5581     |    0.4803
   17     | -1536.8232892013 |   4.7772e-11   |    1.8216     |    0.3714
Please cite the following papers for the methods used in this calculation:
 - J.L. Galvez Vallejo et. al., Toward an extreme-scale electronic structure system, J. Chem. Phys., 2023. DOI: 10.1063/5.0156399

 - R. Stocks, E. Palethorpe, and G.M.J. Barca, Multi-GPU RI-HF Energies and Analytic Gradients ─ Toward High-Throughput Ab Initio Molecular Dynamics, J. Chem. Theory Comput., 2024. DOI: 10.1021/acs.jctc.4c00877
   For:
     * RI-HF energy

 - D.B. Williams-Young, W.A. de Jong, H.J.J. van Dam, and C. Yang, On the Efficient Evaluation of the Exchange Correlation Potential on Graphics Processing Unit Clusters, Frontiers in Chemistry, 2020. DOI: 10.3389/fchem.2020.581058
   For:
     * GauXC implementation of exchange-correlation integration

 - R. Stocks and G.M.J. Barca, Efficient Algorithms for GPU Accelerated Evaluation of the DFT Exchange-Correlation Functional, J. Chem. Theory Comput., 2025. DOI: 10.1021/acs.jctc.5c01229
   For:
     * GPU accelerated DFT exchange-correlation evaluation

 - S. Grimme.,  J. Comput. Chem. 27, 1787 (2006) DOI: 10.1002/jcc.20495
   For:
     * GGA_XC_B97_D XC Functional

[CRAYBLAS_WARNING] Application linked against multiple cray-libsci libraries
