Total number of grid points: 318213 (4972 per atom)
Total number of grid points: 325543 (5086 per atom)
Total number of grid points: 321539 (5024 per atom)
Total number of grid points: 326648 (5103 per atom)
Total number of grid points: 317856 (4966 per atom)
Total number of grid points: 328551 (5133 per atom)
Total number of grid points: 320425 (5006 per atom)
Total number of grid points: 326753 (5105 per atom)
Total number of grid points: 327121 (5111 per atom)
Total number of grid points: 322344 (5036 per atom)
Total number of grid points: 325312 (5083 per atom)
Total number of grid points: 324706 (5073 per atom)
Total number of grid points: 325419 (5084 per atom)
Total number of grid points: 326850 (5107 per atom)
Total number of grid points: 326183 (5096 per atom)
Total number of grid points: 319927 (4998 per atom)
Total number of grid points: 328794 (5137 per atom)
Total number of grid points: 326335 (5098 per atom)
Total number of grid points: 327994 (5124 per atom)
Total number of grid points: 316445 (4944 per atom)
[CRAYBLAS_WARNING] Application linked against multiple cray-libsci libraries
4841
   10     | -1613.0201324577 |   7.0892e-06   |    1.4629     |    0.3293
   11     | -1613.0201343264 |   5.6827e-07   |    1.3328     |    0.5415
   12     | -1613.0201344395 |   1.8606e-07   |    1.3762     |    0.2918
   13     | -1613.0201344905 |   2.5474e-08   |    1.3480     |    0.4078
   14     | -1613.0201344967 |   4.2904e-09   |    1.4256     |    0.3269
   15     | -1613.0201344979 |   2.0549e-10   |    1.1937     |    0.4880
   16     | -1613.0201344979 |   1.2989e-10   |    1.5106     |    0.4151
   17     | -1613.0201344979 |   4.8864e-11   |    1.5821     |    0.2787
Created 666981 / 2702736 significant shell pairs
Created 517767 / 2056356 significant shell pairs
Total number of grid points: 318494 (4976 per atom)
One electron integrals and orthogonalizer took 0.049943s
Created 517767 / 2056356 significant shell pairs
3C integrals and B formation took 2.370728s
Iteration |      Energy      |  DIIS Metric   | Fock Time (s) | DIIS Time (s)
----------+------------------+----------------+---------------+--------------
    1     | -1622.9479576104 |   9.9131e+02   |    1.3851     |    0.4969
    2     | -1612.1442166192 |   3.1840e+00   |    1.5613     |    0.5424
    3     | -1611.7992098757 |   4.5377e+00   |    1.3392     |    0.5420
    4     | -1612.9880774155 |   1.5219e-01   |    1.1919     |    0.4808
    5     | -1613.0089560796 |   7.7757e-02   |    1.1622     |    0.4519
    6     | -1613.0297415996 |   5.3623e-03   |    1.4035     |    0.5489
    7     | -1613.0309395140 |   1.0293e-03   |    1.3988     |    0.4835
    8     | -1613.0311233803 |   3.6999e-04   |    1.3183     |    0.3309
    9     | -1613.0312268036 |   2.4055e-05   |    1.2476     |    0.3768
   10     | -1613.0312317786 |   7.6002e-06   |    1.2512     |    0.3308
   11     | -1613.0312338679 |   4.9550e-07   |    1.4023     |    0.4326
   12     | -1613.0312339681 |   1.3983e-07   |    1.3677     |    0.3310
   13     | -1613.0312340038 |   1.4913e-08   |    1.4020     |    0.4322
   14     | -1613.0312340069 |   3.9730e-09   |    1.2084     |    0.3397
   15     | -1613.0312340079 |   1.7304e-10   |    1.2092     |    0.3395
   16     | -1613.0312340078 |   5.6011e-10   |    1.3295     |    0.4112
   17     | -1613.0312340080 |   2.2845e-11   |    1.3985     |    0.4326
Created 706049 / 2702736 significant shell pairs
Created 548192 / 2056356 significant shell pairs
Total number of grid points: 318036 (4969 per atom)
One electron integrals and orthogonalizer took 0.091110s
Created 548192 / 2056356 significant shell pairs
3C integrals and B formation took 2.535234s
Iteration |      Energy      |  DIIS Metric   | Fock Time (s) | DIIS Time (s)
----------+------------------+----------------+---------------+--------------
    1     | -1622.9498188876 |   9.9501e+02   |    1.4208     |    0.4567
    2     | -1612.1277992669 |   3.1998e+00   |    1.4300     |    0.3394
    3     | -1611.7504931989 |   4.6986e+00   |    1.3863     |    0.3301
    4     | -1612.9654892101 |   1.8169e-01   |    1.2772     |    0.3310
    5     | -1612.9939733398 |   8.0425e-02   |    1.2748     |    0.3315
    6     | -1613.0159587891 |   4.3845e-03   |    1.4310     |    0.4492
    7     | -1613.0168496168 |   1.1008e-03   |    1.4377     |    0.3678
    8     | -1613.0170940215 |   2.5239e-04   |    1.3573     |    0.3304
    9     | -1613.0171584759 |   2.8207e-05   |    1.2761     |    0.3307
   10     | -1613.0171647797 |   6.8207e-06   |    1.2743     |    0.3317
   11     | -1613.0171665572 |   6.5254e-07   |    1.4313     |    0.3395
   12     | -1613.0171666773 |   2.6008e-07   |    1.3870     |    0.3313
   13     | -1613.0171667472 |   2.7671e-08   |    1.4320     |    0.3398
   14     | -1613.0171667538 |   3.4977e-09   |    1.3449     |    0.3204
   15     | -1613.0171667547 |   3.6232e-10   |    1.3034     |    0.3203
   16     | -1613.0171667548 |   2.0833e-10   |    1.4749     |    0.4328
   17     | -1613.0171667548 |   4.2238e-11   |    1.3859     |    0.3297
Created 685682 / 2702736 significant shell pairs
Created 532061 / 2056356 significant shell pairs
Total number of grid points: 326355 (5099 per atom)
One electron integrals and orthogonalizer took 0.133031s
Created 532061 / 2056356 significant shell pairs
3C integrals and B formation took 2.371044s
Iteration |      Energy      |  DIIS Metric   | Fock Time (s) | DIIS Time (s)
----------+------------------+----------------+---------------+--------------
    1     | -1622.9363580635 |   9.9183e+02   |    1.4192     |    0.4566
    2     | -1612.1285518172 |   3.1619e+00   |    1.4240     |    0.4527
    3     | -1611.7802299964 |   4.5414e+00   |    1.4294     |    0.4533
    4     | -1612.9682067355 |   1.5694e-01   |    1.2685     |    0.5420
    5     | -1612.9936951214 |   6.1644e-02   |    1.3416     |    0.4812
    6     | -1613.0088988490 |   7.0659e-03   |    1.4804     |    0.4720
    7     | -1613.0106551448 |   9.2758e-04   |    1.5034     |    0.5424
    8     | -1613.0108117861 |   3.7073e-04   |    1.3805     |    0.3301
    9     | -1613.0109163270 |   3.8769e-05   |    1.2697     |    0.3306
   10     | -1613.0109260806 |   8.8525e-06   |    1.2692     |    0.3306
   11     | -1613.0109284346 |   1.0565e-06   |    1.4298     |    0.3395
   12     | -1613.0109286779 |   2.3548e-07   |    1.3825     |    0.3304
   13     | -1613.0109287346 |   4.3095e-08   |    1.4285     |    0.3394
   14     | -1613.0109287459 |   4.7760e-09   |    1.3411     |    0.3222
   15     | -1613.0109287473 |   4.0991e-10   |    1.3004     |    0.3224
   16     | -1613.0109287470 |   1.4120e-09   |    1.3413     |    0.3345
   17     | -1613.0109287474 |   5.4600e-11   |    1.4248     |    0.3399
Created 638848 / 2702736 significant shell pairs
Created 494460 / 2056356 significant shell pairs
Total number of grid points: 320751 (5011 per atom)
One electron integrals and orthogonalizer took 0.128191s
Created 494460 / 2056356 significant shell pairs
3C integrals and B formation took 2.284074s
Iteration |      Energy      |  DIIS Metric   | Fock Time (s) | DIIS Time (s)
----------+------------------+----------------+---------------+--------------
    1     | -1622.9282627557 |   9.8904e+02   |    1.4375     |    0.4274
    2     | -1612.1357931776 |   3.1629e+00   |    1.3734     |    0.2751
    3     | -1611.8074772070 |   4.4250e+00   |    1.3921     |    0.3394
    4     | -1612.9809426490 |   1.3790e-01   |    1.1917     |    0.3107
    5     | -1613.0046775495 |   5.7368e-02   |    1.1819     |    0.3299
    6     | -1613.0193934925 |   3.9378e-03   |    1.3562     |    0.2793
    7     | -1613.0202199046 |   8.0053e-04   |    1.3924     |    0.3686
    8     | -1613.0203532050 |   3.1560e-04   |    1.3290     |    0.3787
    9     | -1613.0204405088 |   1.6816e-05   |    1.0786     |    0.4323
   10     | -1613.0204435688 |   6.6489e-06   |    1.1917     |    0.4322
   11     | -1613.0204454143 |   3.4238e-07   |    1.3132     |    0.4194
   12     | -1613.0204454738 |   1.4352e-07   |    1.3561     |    0.2790
   13     | -1613.0204455127 |   1.2375e-08   |    1.3943     |    0.3395
   14     | -1613.0204455151 |   3.8635e-09   |    1.1914     |    0.4323
   15     | -1613.0204455162 |   3.1518e-10   |    1.1917     |    0.4323
   16     | -1613.0204455161 |   4.4821e-10   |    1.3130     |    0.4201
   17     | -1613.0204455162 |   1.1217e-10   |    1.3549     |    0.2790
   18     | -1613.0204455163 |   2.4697e-11   |    1.3903     |    0.3397
Created 623538 / 2702736 significant shell pairs
Created 482386 / 2056356 significant shell pairs
Total number of grid points: 327587 (5118 per atom)
One electron integrals and orthogonalizer took 0.128638s
Created 482386 / 2056356 significant shell pairs
3C integrals and B formation took 2.399275s
Iteration |      Energy      |  DIIS Metric   | Fock Time (s) | DIIS Time (s)
----------+------------------+----------------+---------------+--------------
    1     | -1622.9275922686 |   9.8706e+02   |    1.3236     |    0.4277
    2     | -1612.1448799274 |   3.1656e+00   |    1.3962     |    0.3118
    3     | -1611.8131875840 |   4.4367e+00   |    1.4339     |    0.3389
    4     | -1612.9893779707 |   1.4847e-01   |    1.2859     |    0.3385
    5     | -1613.0172851315 |   5.0679e-02   |    1.1635     |    0.4320
    6     | -1613.0299213293 |   4.1359e-03   |    1.3123     |    0.4198
    7     | -1613.0308628013 |   6.8788e-04   |    1.3533     |    0.3265
    8     | -1613.0310072635 |   1.9276e-04   |    1.3464     |    0.3397
    9     | -1613.0310580449 |   1.4473e-05   |    1.0598     |    0.3300
   10     | -1613.0310608363 |   4.5143e-06   |    1.0789     |    0.4326
   11     | -1613.0310620029 |   3.5773e-07   |    1.3125     |    0.4206
   12     | -1613.0310620665 |   1.4612e-07   |    1.2502     |    0.3793
   13     | -1613.0310621068 |   1.2906e-08   |    1.3522     |    0.2792
   14     | -1613.0310621097 |   3.0688e-09   |    1.2280     |    0.3320
   15     | -1613.0310621106 |   2.4897e-10   |    1.0767     |    0.4325
   16     | -1613.0310621105 |   4.4573e-10   |    1.3121     |    0.4202
   17     | -1613.0310621106 |   8.5871e-11   |    1.3531     |    0.2787
Created 627038 / 2702736 significant shell pairs
Created 484824 / 2056356 significant shell pairs
Total number of grid points: 320958 (5014 per atom)
One electron integrals and orthogonalizer took 0.169243s
Created 484824 / 2056356 significant shell pairs
3C integrals and B formation took 2.330368s
Iteration |      Energy      |  DIIS Metric   | Fock Time (s) | DIIS Time (s)
----------+------------------+----------------+---------------+--------------
    1     | -1622.9337315786 |   9.8819e+02   |    1.3354     |    0.3402
    2     | -1612.1458346381 |   3.1759e+00   |    1.3463     |    0.2796
    3     | -1611.8168908608 |   4.4479e+00   |    1.3727     |    0.4323
    4     | -1612.9935384907 |   1.3549e-01   |    1.1915     |    0.3103
    5     | -1613.0168029443 |   5.5685e-02   |    1.1724     |    0.3314
    6     | -1613.0311660937 |   3.6811e-03   |    1.3465     |    0.2785
    7     | -1613.0319747732 |   7.2283e-04   |    1.3739     |    0.4319
    8     | -1613.0321330889 |   1.8618e-04   |    1.3355     |    0.3209
    9     | -1613.0321837941 |   1.3118e-05   |    1.1573     |    0.4322
   10     | -1613.0321865604 |   3.6549e-06   |    1.1918     |    0.4324
   11     | -1613.0321875274 |   2.0476e-07   |    1.3123     |    0.4201
   12     | -1613.0321875485 |   1.2490e-07   |    1.2471     |    0.3787
   13     | -1613.0321875830 |   1.0285e-08   |    1.3432     |    0.2794
   14     | -1613.0321875852 |   2.9911e-09   |    1.2206     |    0.3725
   15     | -1613.0321875860 |   1.5006e-10   |    1.0778     |    0.4326
   16     | -1613.0321875860 |   3.3235e-10   |    1.3135     |    0.3391
   17     | -1613.0321875861 |   5.9979e-11   |    1.3287     |    0.3797
Created 652272 / 2702736 significant shell pairs
Created 505344 / 2056356 significant shell pairs
Total number of grid points: 324692 (5073 per atom)
One electron integrals and orthogonalizer took 0.128593s
Created 505344 / 2056356 significant shell pairs
3C integrals and B formation took 2.285417s
Iteration |      Energy      |  DIIS Metric   | Fock Time (s) | DIIS Time (s)
----------+------------------+----------------+---------------+--------------
    1     | -1622.9446881006 |   9.9037e+02   |    1.3498     |    0.3412
    2     | -1612.1435378025 |   3.1888e+00   |    1.4092     |    0.3397
    3     | -1611.8067685806 |   4.5166e+00   |    1.3702     |    0.3307
    4     | -1612.9973955696 |   1.1746e-01   |    1.2506     |    0.3325
    5     | -1613.0148570789 |   5.6819e-02   |    1.2472     |    0.3738
    6     | -1613.0299759778 |   2.9659e-03   |    1.4026     |    0.3103
    7     | -1613.0305757303 |   7.8720e-04   |    1.4923     |    0.3309
    8     | -1613.0307482933 |   1.8172e-04   |    1.4031     |    0.4327
    9     | -1613.0307962398 |   1.7111e-05   |    1.3295     |    0.3230
   10     | -1613.0307998194 |   5.1029e-06   |    1.3019     |    0.3216
   11     | -1613.0308012924 |   3.7700e-07   |    1.3407     |    0.3347
   12     | -1613.0308013588 |   1.6402e-07   |    1.3987     |    0.4326
   13     | -1613.0308014024 |   1.2367e-08   |    1.3704     |    0.3311
   14     | -1613.0308014049 |   3.3303e-09   |    1.2527     |    0.3310
   15     | -1613.0308014058 |   2.0741e-10   |    1.2494     |    0.3730
   16     | -1613.0308014057 |   4.9094e-10   |    1.4020     |    0.4326
   17     | -1613.0308014058 |   5.4699e-11   |    1.3707     |    0.3320
Created 681319 / 2702736 significant shell pairs
Created 528039 / 2056356 significant shell pairs
Total number of grid points: 321471 (5022 per atom)
One electron integrals and orthogonalizer took 0.134098s
Created 528039 / 2056356 significant shell pairs
3C integrals and B formation took 2.373113s
Iteration |      Energy      |  DIIS Metric   | Fock Time (s) | DIIS Time (s)
----------+------------------+----------------+---------------+--------------
    1     | -1622.9415207314 |   9.9292e+02   |    1.5078     |    0.4277
    2     | -1612.1317143495 |   3.1900e+00   |    1.4252     |    0.3396
    3     | -1611.7743849308 |   4.5805e+00   |    1.3815     |    0.3306
    4     | -1612.9725448698 |   1.6457e-01   |    1.2697     |    0.3309
    5     | -1612.9972443034 |   8.0891e-02   |    1.3215     |    0.3301
    6     | -1613.0190697490 |   5.3925e-03   |    1.5201     |    0.4027
    7     | -1613.0202128347 |   1.2128e-03   |    1.4238     |    0.3681
    8     | -1613.0204567324 |   4.0021e-04   |    1.3536     |    0.3307
    9     | -1613.0205640009 |   2.5973e-05   |    1.2672     |    0.3307
   10     | -1613.0205698623 |   5.7709e-06   |    1.2651     |    0.3301
   11     | -1613.0205712977 |   6.0563e-07   |    1.4269     |    0.3392
   12     | -1613.0205714114 |   2.2744e-07   |    1.3808     |    0.3300
   13     | -1613.0205714758 |   1.6739e-08   |    1.4305     |    0.3390
   14     | -1613.0205714791 |   4.3249e-09   |    1.3410     |    0.3246
   15     | -1613.0205714803 |   2.8827e-10   |    1.2962     |    0.3232
   16     | -1613.0205714802 |   3.9334e-10   |    1.3400     |    0.3347
   17     | -1613.0205714803 |   5.2103e-11   |    1.4234     |    0.3390
Created 652814 / 2702736 significant shell pairs
Created 505212 / 2056356 significant shell pairs
Total number of grid points: 322421 (5037 per atom)
One electron integrals and orthogonalizer took 0.169074s
Created 505212 / 2056356 significant shell pairs
3C integrals and B formation took 2.333692s
Iteration |      Energy      |  DIIS Metric   | Fock Time (s) | DIIS Time (s)
----------+------------------+----------------+---------------+--------------
    1     | -1622.9255749326 |   9.8898e+02   |    1.3306     |    0.3407
    2     | -1612.1330661111 |   3.1578e+00   |    1.3932     |    0.3109
    3     | -1611.8024365486 |   4.4432e+00   |    1.4845     |    0.3737
    4     | -1612.9789592290 |   1.3455e-01   |    1.2451     |    0.3770
    5     | -1613.0042848259 |   4.4467e-02   |    1.2452     |    0.3778
    6     | -1613.0149487639 |   4.5578e-03   |    1.4021     |    0.3104
    7     | -1613.0159695279 |   9.8681e-04   |    1.4838     |    0.3726
    8     | -1613.0161947144 |   2.4217e-04   |    1.4038     |    0.4325
    9     | -1613.0162559769 |   2.7199e-05   |    1.1921     |    0.4323
   10     | -1613.0162621130 |   7.7079e-06   |    1.1916     |    0.4322
   11     | -1613.0162643420 |   6.3503e-07   |    1.3128     |    0.4196
   12     | -1613.0162644748 |   2.0561e-07   |    1.4063     |    0.3108
   13     | -1613.0162645287 |   3.0878e-08   |    1.4847     |    0.3725
   14     | -1613.=======================================================
              GGA_XC_B97_D Energy Results              
=======================================================
E GGA_XC_B97_D        : -1613.01626454
Nuclear Repulsion Energy: 4180.59619893
Electronic Energy:        -5557.93500715
XC Energy:                -235.677456
Converged:                Created 657902 / 2702736 significant shell pairs
Created 510110 / 2056356 significant shell pairs
Total number of grid points: 324059 (5063 per atom)
One electron integrals and orthogonalizer took 0.174204s
Created 510110 / 2056356 significant shell pairs
3C integrals and B formation took 2.410636s
Iteration |      Energy      |  DIIS Metric   | Fock Time (s) | DIIS Time (s)
----------+------------------+----------------+---------------+--------------
    1     | -1622.9468147533 |   9.9106e+02   |    1.3906     |    0.5411
    2     | -1612.1436497679 |   3.1871e+00   |    1.4072     |    0.3103
    3     | -1611.7989341183 |   4.5451e+00   |    1.4867     |    0.3304
    4     | -1612.9899957982 |   1.4707e-01   |    1.2481     |    0.3761
    5     | -1613.0098909855 |   7.4717e-02   |    1.2503     |    0.3313
    6     | -1613.0294662561 |   6.0236e-03   |    1.4026     |    0.3103
    7     | -1613.=======================================================
              GGA_XC_B97_D Energy Results              
=======================================================
E GGA_XC_B97_D        : -1613.03117114
Nuclear Repulsion Energy: 4212.69278091
Electronic Energy:        -5590.03581671
XC Energy:                -235.688135
Converged:                1
# of SCF iterations:      17
SCF Time:                 32.746s

=======================================================
            Individual Calculation Summary             
=======================================================
HF Energy: -1613.0311711367187399
=======================================================


Topology 10 time: 32.953053 s, performance: SP: 0 FLOP/s, DP: 424.7 GFLOP/s
JSON file written to: json_logs/lustre_oriCreated 677457 / 2702736 significant shell pairs
Created 525410 / 2056356 significant shell pairs
Total number of grid points: 318967 (4983 per atom)
One electron integrals and orthogonalizer took 0.133058s
Created 525410 / 2056356 significant shell pairs
3C integrals and B formation took 2.379828s
Iteration |      Energy      |  DIIS Metric   | Fock Time (s) | DIIS Time (s)
----------+------------------+----------------+---------------+--------------
    1     | -1622.92=======================================================
              GGA_XC_B97_D Energy Results              
=======================================================
E GGA_XC_B97_D        : -1613.01152415
Nuclear Repulsion Energy: 4268.4090953
Electronic Energy:        -5645.74121905
XC Energy:                -235.679400
Converged:                1
# of SCF iterations:      17
SCF Time:                 32.614s

=======================================================
            Individual Calculation Summary             
=======================================================
HF Energy: -1613.0115241496043836
=======================================================


Topology 11 time: 32.828509 s, performance: SP: 0 FLOP/s, DP: 437.9 GFLOP/s
JSON file written to: json_logs/lustre_orion_chm213_scratch_ryan_dhdft_inputs_exess_exess_inputs_B97-D_def2-TZVP_isomers_14440-14459_topology_11.json
************************************************************
**************** Running topology 13 of 20 *****************
************************************************************

************************************************************
************* Beginning RI-GGA_XC_B97_D energy *************
*****************************Created 640458 / 2702736 signific=======================================================
              GGA_XC_B97_D Energy Results              
=======================================================
E GGA_XC_B97_D        : -1613.01909298
Nuclear Repulsion Energy: 4159.84858539
Electronic Energy:        -5537.19048205
XC Energy:                -235.677196
Converged:                1
# of SCF iterations:      18
SCF Time:                 33.49s

=======================================================
            Individual Calculation Summary             
=======================================================
HF Energy: -1613.0190929830887399
=======================================================


Topology 12 time: 33.696803 s, performance: SP: 0 FLOP/s, DP: 407.4 GFLOP/s
JSON file written to: json_logs/lustre_orion_chm213_scratch_ryan_dhdft_inputs_exess_exess_inputs_B97-D_def2-TZVP_isomers_14440-14459_topology_12.json
************************************************************
**************** Running topology 14 of 20 *****************
************************************************************

************************************************************
************* Beginning RI-GGA_XC_B97_D energy *************
************************************************************

=======================================================
              GGA_XC_B97_D Energy Results              
=======================================================
E GGA_XC_B97_D        : -1613.02129774
Nuclear Repulsion Energy: 4127.42879273
Electronic Energy:        -5504.77186129
XC Energy:                -235.678229
Converged:                1
# of SCF iterations:      17
SCF Time:                 32.125s

=======================================================
            Individual Calculation Summary             
=======================================================
HF Energy: -1613.0212977443957243
=======================================================


Topology 13 time: 32.331707 s, performance: SP: 0 FLOP/s, DP: 418.9 GFLOP/s
JSON file written to: json_logs/lustre_orion_chm213_scratch_ryan_dhdft_inputs_exess_exess_inputs_B97-D_def2-TZVP_isomers_14440-14459_topology_13.json
************************************************************
**************** Running topology 15 of 20 *****************
************************************************************

************************************************************
************* Beginning RI-GGA_XC_B97_D energy *************
************************************************************

=======================================================
              GGA_XC_B97_D Energy Results              
=======================================================
E GGA_XC_B97_D        : -1613.02209371
Nuclear Repulsion Energy: 4119.90620053
Electronic Energy:        -5497.25416189
XC Energy:                -235.674132
Converged:                1
# of SCF iterations:      18
SCF Time:                 33.277s

=======================================================
            Individual Calculation Summary             
=======================================================
HF Energy: -1613.0220937135691202
=======================================================


Topology 14 time: 33.485901 s, performance: SP: 0 FLOP/s, DP: 405 GFLOP/s
JSON file written to: json_logs/lustre_orion_chm213_scratch_ryan_dhdft_inputs_exess_exess_inputs_B97-D_def2-TZVP_isomers_14440-14459_topology_14.json
************************************************************
**************** Running topology 16 of 20 *****************
************************************************************

************************************************************
************* Beginning RI-GGA_XC_B97_D energy *************
************************************************************

=======================================================
              GGA_XC_B97_D Energy Results              
=======================================================
E GGA_XC_B97_D        : -1613.00728398
Nuclear Repulsion Energy: 4167.4757085
Electronic Energy:        -5544.81281144
XC Energy:                -235.670181
Converged:                1
# of SCF iterations:      18
SCF Time:                 34.424s

=======================================================
            Individual Calculation Summary             
=======================================================
HF Energy: -1613.0072839825227220
=======================================================


Topology 15 time: 34.638800 s, performance: SP: 0 FLOP/s, DP: 399.9 GFLOP/s
JSON file written to: json_logs/lustre_orion_chm213_scratch_ryan_dhdft_inputs_exess_exess_inputs_B97-D_def2-TZVP_isomers_14440-14459_topology_15.json
************************************************************
**************** Running topology 17 of 20 *****************
************************************************************

************************************************************
************* Beginning RI-GGA_XC_B97_D energy *************
************************************************************

=======================================================
              GGA_XC_B97_D Energy Results              
=======================================================
E GGA_XC_B97_D        : -1613.02318127
Nuclear Repulsion Energy: 4192.45840802
Electronic Energy:        -5569.80080961
XC Energy:                -235.680780
Converged:                1
# of SCF iterations:      17
SCF Time:                 32.407s

=======================================================
            Individual Calculation Summary             
=======================================================
HF Energy: -1613.0231812660697415
=======================================================


Topology 16 time: 32.623916 s, performance: SP: 0 FLOP/s, DP: 424.3 GFLOP/s
JSON file written to: json_logs/lustre_orion_chm213_scratch_ryan_dhdft_inputs_exess_exess_inputs_B97-D_def2-TZVP_isomers_14440-14459_topology_16.json
************************************************************
**************** Running topology 18 of 20 *****************
************************************************************

************************************************************
************* Beginning RI-GGA_XC_B97_D energy *************
************************************************************

=======================================================
              GGA_XC_B97_D Energy Results              
=======================================================
E GGA_XC_B97_D        : -1613.02836514
Nuclear Repulsion Energy: 4081.68013181
Electronic Energy:        -5459.03192531
XC Energy:                -235.676572
Converged:                1
# of SCF iterations:      18
SCF Time:                 33.351s

=======================================================
            Individual Calculation Summary             
=======================================================
HF Energy: -1613.0283651364288744
=======================================================


Topology 17 time: 33.560523 s, performance: SP: 0 FLOP/s, DP: 398 GFLOP/s
JSON file written to: json_logs/lustre_orion_chm213_scratch_ryan_dhdft_inputs_exess_exess_inputs_B97-D_def2-TZVP_isomers_14440-14459_topology_17.json
************************************************************
**************** Running topology 19 of 20 *****************
************************************************************

************************************************************
************* Beginning RI-GGA_XC_B97_D energy *************
************************************************************

=======================================================
              GGA_XC_B97_D Energy Results              
=======================================================
E GGA_XC_B97_D        : -1613.02833944
Nuclear Repulsion Energy: 4105.70920656
Electronic Energy:        -5483.06100297
XC Energy:                -235.676543
Converged:                1
# of SCF iterations:      18
SCF Time:                 33.22s

=======================================================
            Individual Calculation Summary             
=======================================================
HF Energy: -1613.0283394390557987
=======================================================


Topology 18 time: 33.434580 s, performance: SP: 0 FLOP/s, DP: 401.7 GFLOP/s
JSON file written to: json_logs/lustre_orion_chm213_scratch_ryan_dhdft_inputs_exess_exess_inputs_B97-D_def2-TZVP_isomers_14440-14459_topology_18.json
************************************************************
**************** Running topology 20 of 20 *****************
************************************************************

************************************************************
************* Beginning RI-GGA_XC_B97_D energy *************
************************************************************

=======================================================
              GGA_XC_B97_D Energy Results              
=======================================================
E GGA_XC_B97_D        : -1613.01957178
Nuclear Repulsion Energy: 4348.3572302
Electronic Energy:        -5725.68757774
XC Energy:                -235.689224
Converged:                1
# of SCF iterations:      17
SCF Time:                 33.11s

=======================================================
            Individual Calculation Summary             
=======================================================
HF Energy: -1613.0195717848739605
=======================================================


Topology 19 time: 33.340782 s, performance: SP: 0 FLOP/s, DP: 446.1 GFLOP/s
JSON file written to: json_logs/lustre_orion_chm213_scratch_ryan_dhdft_inputs_exess_exess_inputs_B97-D_def2-TZVP_isomers_14440-14459_topology_19.json
Total flops: SP: 0 FLOPS, DP: 279.11314 TFLOPS
Performance: SP: 0 FLOP/s, DP: 414.7 GFLOP/s

Now, a word from our sponsors... 
 Finding slavery free anything is surprisingly difficult. (Calum to Jorge, talking about chocoalte)

[31mTotal processing time 673.259864 seconds[0m
[CRAYBLAS_WARNING] Application linked against multiple cray-libsci libraries
1.4346     |    0.3392
   14     | -1613.0283651350 |   4.7027e-09   |    1.1640     |    0.4324
   15     | -1613.0283651363 |   3.3918e-10   |    1.1416     |    0.3263
   16     | -1613.0283651362 |   7.0669e-10   |    1.3496     |    0.3395
   17     | -1613.0283651364 |   1.1611e-10   |    1.3600     |    0.3776
   18     | -1613.0283651364 |   2.2680e-11   |    1.3771     |    0.3231
Created 625613 / 2702736 significant shell pairs
Created 484331 / 2056356 significant shell pairs
Total number of grid points: 322379 (5037 per atom)
One electron integrals and orthogonalizer took 0.088341s
Created 484331 / 2056356 significant shell pairs
3C integrals and B formation took 2.410519s
Iteration |      Energy      |  DIIS Metric   | Fock Time (s) | DIIS Time (s)
----------+------------------+----------------+---------------+--------------
    1     | -1622.9242896138 |   9.8660e+02   |    1.3359     |    0.3857
    2     | -1612.1421856923 |   3.1662e+00   |    1.3492     |    0.2801
    3     | -1611.8123654075 |   4.4315e+00   |    1.3869     |    0.3676
    4     | -1612.9862205895 |   1.4730e-01   |    1.1637     |    0.3100
    5     | -1613.0117986798 |   5.8488e-02   |    1.3139     |    0.4317
    6     | -1613.0268417145 |   5.2319e-03   |    1.3135     |    0.3388
    7     | -1613.0280754978 |   8.5539e-04   |    1.3279     |    0.3819
    8     | -1613.0282380024 |   3.4023e-04   |    1.3476     |    0.2783
    9     | -1613.0283343279 |   1.7535e-05   |    1.2224     |    0.3308
   10     | -1613.0283371533 |   7.7164e-06   |    1.0778     |    0.4326
   11     | -1613.0283392159 |   7.6984e-07   |    1.3123     |    0.4202
   12     | -1613.0283393929 |   1.6180e-07   |    1.3504     |    0.2787
   13     | -1613.0283394320 |   2.4705e-08   |    1.3736     |    0.4320
   14     | -1613.0283394376 |   4.9781e-09   |    1.1919     |    0.4320
   15     | -1613.0283394390 |   3.5866e-10   |    1.1920     |    0.4324
   16     | -1613.0283394388 |   7.7781e-10   |    1.3123     |    0.3394
   17     | -1613.0283394390 |   1.1555e-10   |    1.3297     |    0.3789
   18     | -1613.0283394391 |   2.1373e-11   |    1.3469     |    0.2789
Created 703092 / 2702736 significant shell pairs
Created 545494 / 2056356 significant shell pairs
Total number of grid points: 319552 (4993 per atom)
One electron integrals and orthogonalizer took 0.091861s
Created 545494 / 2056356 significant shell pairs
3C integrals and B formation took 2.517179s
Iteration |      Energy      |  DIIS Metric   | Fock Time (s) | DIIS Time (s)
----------+------------------+----------------+---------------+--------------
    1     | -1622.9441328829 |   9.9376e+02   |    1.4027     |    0.3922
    2     | -1612.1313009817 |   3.1888e+00   |    1.5560     |    0.3027
    3     | -1611.7652724752 |   4.6027e+00   |    1.4281     |    0.3683
    4     | -1612.9601549158 |   1.9849e-01   |    1.3135     |    0.3214
    5     | -1612.9912272951 |   9.7383e-02   |    1.3032     |    0.3307
    6     | -1613.0180332708 |   5.7042e-03   |    1.4863     |    0.3392
    7     | -1613.0191611771 |   1.4054e-03   |    1.3848     |    0.3332
    8     | -1613.0194447155 |   4.4840e-04   |    1.4266     |    0.3392
    9     | -1613.0195643480 |   2.5890e-05   |    1.3427     |    0.3231
   10     | -1613.0195700175 |   6.2575e-06   |    1.3000     |    0.3234
   11     | -1613.0195715969 |   6.4967e-07   |    1.4745     |    0.4326
   12     | -1613.0195717283 |   1.8847e-07   |    1.3855     |    0.3309
   13     | -1613.0195717769 |   2.8441e-08   |    1.4291     |    0.3395
   14     | -1613.0195717833 |   5.6701e-09   |    1.3413     |    0.3218
   15     | -1613.0195717848 |   4.8388e-10   |    1.3010     |    0.3219
   16     | -1613.0195717848 |   2.9927e-10   |    1.3434     |    0.3350
   17     | -1613.0195717849 |   7.3620e-11   |    1.4276     |    0.3394
Please cite the following papers for the methods used in this calculation:
 - J.L. Galvez Vallejo et. al., Toward an extreme-scale electronic structure system, J. Chem. Phys., 2023. DOI: 10.1063/5.0156399

 - R. Stocks, E. Palethorpe, and G.M.J. Barca, Multi-GPU RI-HF Energies and Analytic Gradients ─ Toward High-Throughput Ab Initio Molecular Dynamics, J. Chem. Theory Comput., 2024. DOI: 10.1021/acs.jctc.4c00877
   For:
     * RI-HF energy

 - D.B. Williams-Young, W.A. de Jong, H.J.J. van Dam, and C. Yang, On the Efficient Evaluation of the Exchange Correlation Potential on Graphics Processing Unit Clusters, Frontiers in Chemistry, 2020. DOI: 10.3389/fchem.2020.581058
   For:
     * GauXC implementation of exchange-correlation integration

 - R. Stocks and G.M.J. Barca, Efficient Algorithms for GPU Accelerated Evaluation of the DFT Exchange-Correlation Functional, J. Chem. Theory Comput., 2025. DOI: 10.1021/acs.jctc.5c01229
   For:
     * GPU accelerated DFT exchange-correlation evaluation

 - S. Grimme.,  J. Comput. Chem. 27, 1787 (2006) DOI: 10.1002/jcc.20495
   For:
     * GGA_XC_B97_D XC Functional

[CRAYBLAS_WARNING] Application linked against multiple cray-libsci libraries
