Total number of grid points: 342174 (5031 per atom)
Total number of grid points: 349670 (5142 per atom)
Total number of grid points: 342960 (5043 per atom)
Total number of grid points: 345628 (5082 per atom)
Total number of grid points: 344838 (5071 per atom)
Total number of grid points: 346084 (5089 per atom)
Total number of grid points: 344813 (5070 per atom)
Total number of grid points: 346182 (5090 per atom)
Total number of grid points: 346251 (5091 per atom)
Total number of grid points: 341633 (5024 per atom)
Total number of grid points: 340449 (5006 per atom)
Total number of grid points: 347405 (5108 per atom)
Total number of grid points: 342056 (5030 per atom)
Total number of grid points: 342387 (5035 per atom)
Total number of grid points: 342429 (5035 per atom)
Total number of grid points: 340727 (5010 per atom)
Total number of grid points: 341443 (5021 per atom)
Total number of grid points: 342714 (5039 per atom)
Total number of grid points: 344106 (5060 per atom)
Total number of grid points: 344385 (5064 per atom)
[CRAYBLAS_WARNING] Application linked against multiple cray-libsci libraries
6052
   10     | -1690.3767671406 |   1.0290e-05   |    1.3011     |    0.3258
   11     | -1690.3767700136 |   7.5460e-07   |    1.5726     |    0.5946
   12     | -1690.3767701571 |   2.7626e-07   |    1.5362     |    0.3192
   13     | -1690.3767702265 |   3.8033e-08   |    1.6911     |    0.4646
   14     | -1690.3767702353 |   8.1963e-09   |    1.3946     |    0.4737
   15     | -1690.3767702376 |   4.4726e-10   |    1.3381     |    0.4641
   16     | -1690.3767702376 |   5.2062e-10   |    1.5782     |    0.3430
   17     | -1690.3767702377 |   5.7290e-11   |    1.8796     |    0.3921
Created 703379 / 2985984 significant shell pairs
Created 546812 / 2274064 significant shell pairs
Total number of grid points: 341221 (5017 per atom)
One electron integrals and orthogonalizer took 0.134300s
Created 546812 / 2274064 significant shell pairs
3C integrals and B formation took 2.677536s
Iteration |      Energy      |  DIIS Metric   | Fock Time (s) | DIIS Time (s)
----------+------------------+----------------+---------------+--------------
    1     | -1700.6413620193 |   1.0293e+03   |    1.6129     |    0.4252
    2     | -1689.4261958472 |   3.3934e+00   |    1.5957     |    0.6756
    3     | -1689.0257892839 |   4.9437e+00   |    1.5622     |    0.6700
    4     | -1690.3074917934 |   2.2184e-01   |    1.3977     |    0.5912
    5     | -1690.3380236945 |   1.1287e-01   |    1.4744     |    0.5113
    6     | -1690.3701571395 |   1.1115e-02   |    1.6044     |    0.5859
    7     | -1690.3730116052 |   1.1398e-03   |    1.6006     |    0.7161
    8     | -1690.3731820355 |   6.1173e-04   |    1.5978     |    0.4732
    9     | -1690.3733519678 |   3.1072e-05   |    1.3619     |    0.4242
   10     | -1690.3733574065 |   1.2721e-05   |    1.4759     |    0.4331
   11     | -1690.3733610099 |   1.1911e-06   |    1.6768     |    0.4339
   12     | -1690.3733613070 |   2.4355e-07   |    1.6842     |    0.4261
   13     | -1690.3733613659 |   5.3092e-08   |    1.5557     |    0.4731
   14     | -1690.3733613774 |   1.1595e-08   |    1.3622     |    0.4245
   15     | -1690.3733613808 |   7.1369e-10   |    1.4749     |    0.4333
   16     | -1690.3733613806 |   1.1710e-09   |    1.6767     |    0.4344
   17     | -1690.3733613810 |   1.0089e-10   |    1.6833     |    0.4258
   18     | -1690.3733613810 |   5.4195e-11   |    1.5564     |    0.4731
Created 706360 / 2985984 significant shell pairs
Created 549544 / 2274064 significant shell pairs
Total number of grid points: 344774 (5070 per atom)
One electron integrals and orthogonalizer took 0.094944s
Created 549544 / 2274064 significant shell pairs
3C integrals and B formation took 2.659563s
Iteration |      Energy      |  DIIS Metric   | Fock Time (s) | DIIS Time (s)
----------+------------------+----------------+---------------+--------------
    1     | -1700.6455047853 |   1.0297e+03   |    1.8651     |    0.4340
    2     | -1689.4281267345 |   3.4034e+00   |    1.6911     |    0.3869
    3     | -1689.0266057154 |   4.9573e+00   |    1.5749     |    0.3830
    4     | -1690.3186337104 |   1.9911e-01   |    1.3689     |    0.4244
    5     | -1690.3457099338 |   1.0434e-01   |    1.4754     |    0.4330
    6     | -1690.3753369427 |   9.0761e-03   |    1.6972     |    0.4130
    7     | -1690.3775814806 |   1.0725e-03   |    1.6919     |    0.3843
    8     | -1690.3777474182 |   5.2749e-04   |    1.5563     |    0.4733
    9     | -1690.3778906968 |   3.3541e-05   |    1.3689     |    0.4246
   10     | -1690.3778976873 |   9.9927e-06   |    1.4759     |    0.4333
   11     | -1690.3779004424 |   1.0265e-06   |    1.6762     |    0.4346
   12     | -1690.3779006982 |   1.7906e-07   |    1.6926     |    0.3890
   13     | -1690.3779007377 |   4.4775e-08   |    1.5737     |    0.3828
   14     | -1690.3779007473 |   1.0173e-08   |    1.3692     |    0.4245
   15     | -1690.3779007503 |   5.5404e-10   |    1.4752     |    0.4332
   16     | -1690.3779007501 |   9.6767e-10   |    1.6978     |    0.4136
   17     | -1690.3779007504 |   7.5091e-11   |    1.6928     |    0.3856
Created 696550 / 2985984 significant shell pairs
Created 541242 / 2274064 significant shell pairs
Total number of grid points: 343249 (5047 per atom)
One electron integrals and orthogonalizer took 0.135408s
Created 541242 / 2274064 significant shell pairs
3C integrals and B formation took 2.554002s
Iteration |      Energy      |  DIIS Metric   | Fock Time (s) | DIIS Time (s)
----------+------------------+----------------+---------------+--------------
    1     | -1700.6456554575 |   1.0297e+03   |    1.6458     |    0.4332
    2     | -1689.4280358555 |   3.4042e+00   |    1.6844     |    0.5459
    3     | -1689.0286461561 |   4.9533e+00   |    1.5968     |    0.7169
    4     | -1690.3220017148 |   1.9060e-01   |    1.3940     |    0.5957
    5     | -1690.3480005680 |   9.8027e-02   |    1.2125     |    0.5458
    6     | -1690.3751961220 |   9.3523e-03   |    1.5965     |    0.7096
    7     | -1690.3775596916 |   1.1664e-03   |    1.6030     |    0.5947
    8     | -1690.3777626412 |   5.1772e-04   |    1.7985     |    0.3921
    9     | -1690.3779022105 |   3.3927e-05   |    1.3134     |    0.3958
   10     | -1690.3779094276 |   1.0446e-05   |    1.3210     |    0.4243
   11     | -1690.3779123075 |   9.4771e-07   |    1.5972     |    0.5151
   12     | -1690.3779125263 |   2.0509e-07   |    1.5969     |    0.3934
   13     | -1690.3779125734 |   5.1567e-08   |    1.6064     |    0.3851
   14     | -1690.3779125848 |   1.0924e-08   |    1.3521     |    0.4739
   15     | -1690.3779125880 |   4.7732e-10   |    1.3132     |    0.5143
   16     | -1690.3779125878 |   1.0298e-09   |    1.5559     |    0.4340
   17     | -1690.3779125881 |   7.4027e-11   |    1.6781     |    0.3928
Created 708891 / 2985984 significant shell pairs
Created 551900 / 2274064 significant shell pairs
Total number of grid points: 345527 (5081 per atom)
One electron integrals and orthogonalizer took 0.134985s
Created 551900 / 2274064 significant shell pairs
3C integrals and B formation took 2.804929s
Iteration |      Energy      |  DIIS Metric   | Fock Time (s) | DIIS Time (s)
----------+------------------+----------------+---------------+--------------
    1     | -1700.6436822751 |   1.0294e+03   |    1.6374     |    0.5897
    2     | -1689.4277007812 |   3.4049e+00   |    1.6765     |    0.3108
    3     | -1689.0314103485 |   4.9387e+00   |    1.9008     |    0.3709
    4     | -1690.3220887570 |   1.8476e-01   |    1.6790     |    0.4318
    5     | -1690.3471115132 |   9.9312e-02   |    1.3937     |    0.4736
    6     | -1690.3755453362 |   7.8760e-03   |    1.5717     |    0.4245
    7     | -1690.3774222559 |   1.0352e-03   |    1.6215     |    0.4876
    8     | -1690.3775653843 |   5.4282e-04   |    1.6222     |    0.3437
    9     | -1690.3777178260 |   2.9348e-05   |    1.5570     |    0.4332
   10     | -1690.3777241177 |   7.9343e-06   |    1.3942     |    0.4742
   11     | -1690.3777261938 |   8.9302e-07   |    1.5723     |    0.4246
   12     | -1690.3777264069 |   1.9663e-07   |    1.6210     |    0.3451
   13     | -1690.3777264539 |   3.6021e-08   |    1.7632     |    0.3437
   14     | -1690.3777264624 |   6.5773e-09   |    1.5555     |    0.4305
   15     | -1690.3777264643 |   5.1123e-10   |    1.3965     |    0.4707
   16     | -1690.3777264642 |   6.6857e-10   |    1.5748     |    0.4217
   17     | -1690.3777264644 |   5.3289e-11   |    1.6214     |    0.3471
Created 697714 / 2985984 significant shell pairs
Created 542021 / 2274064 significant shell pairs
Total number of grid points: 346344 (5093 per atom)
One electron integrals and orthogonalizer took 0.171426s
Created 542021 / 2274064 significant shell pairs
3C integrals and B formation took 2.844131s
Iteration |      Energy      |  DIIS Metric   | Fock Time (s) | DIIS Time (s)
----------+------------------+----------------+---------------+--------------
    1     | -1700.6435848553 |   1.0294e+03   |    1.6051     |    0.5134
    2     | -1689.4275911655 |   3.4059e+00   |    1.4748     |    0.5138
    3     | -1689.0339298368 |   4.9339e+00   |    1.5961     |    0.3915
    4     | -1690.3260623423 |   1.7459e-01   |    1.5962     |    0.3916
    5     | -1690.3498783696 |   9.1515e-02   |    1.3285     |    0.4245
    6     | -1690.3754365860 |   8.0856e-03   |    1.4470     |    0.4244
    7     | -1690.3774101791 |   1.1322e-03   |    1.5972     |    0.3692
    8     | -1690.3775948539 |   5.2378e-04   |    1.7406     |    0.3932
    9     | -1690.3777403270 |   3.0521e-05   |    1.5557     |    0.4329
   10     | -1690.3777468676 |   8.9802e-06   |    1.3948     |    0.4739
   11     | -1690.3777492502 |   8.2218e-07   |    1.5677     |    0.4245
   12     | -1690.3777494292 |   1.9395e-07   |    1.5971     |    0.3593
   13     | -1690.3777494737 |   3.8268e-08   |    1.6523     |    0.3675
   14     | -1690.3777494828 |   7.6061e-09   |    1.3139     |    0.3938
   15     | -1690.3777494850 |   5.4329e-10   |    1.3219     |    0.4243
   16     | -1690.3777494847 |   1.2403e-09   |    1.5976     |    0.5144
   17     | -1690.3777494851 |   7.0764e-11   |    1.5970     |    0.3932
Created 723169 / 2985984 significant shell pairs
Created 562715 / 2274064 significant shell pairs
Total number of grid points: 342372 (5034 per atom)
One electron integrals and orthogonalizer took 0.054246s
Created 562715 / 2274064 significant shell pairs
3C integrals and B formation took 2.826360s
Iteration |      Energy      |  DIIS Metric   | Fock Time (s) | DIIS Time (s)
----------+------------------+----------------+---------------+--------------
    1     | -1700.6530699131 |   1.0316e+03   |    1.6246     |    0.6638
    2     | -1689.4229626565 |   3.4157e+00   |    1.5573     |    0.4223
    3     | -1689.0091073763 |   5.0532e+00   |    1.6189     |    0.3412
    4     | -1690.3155847826 |   2.0095e-01   |    1.5589     |    0.4288
    5     | -1690.3413549641 |   1.0594e-01   |    1.3969     |    0.4704
    6     | -1690.3713100519 |   8.4983e-03   |    1.5710     |    0.4221
    7     | -1690.3734038709 |   1.0262e-03   |    1.6185     |    0.3460
    8     | -1690.3735885361 |   4.1447e-04   |    1.7444     |    0.3928
    9     | -1690.3737068389 |   2.1764e-05   |    1.5563     |    0.4327
   10     | -1690.3737109910 |   7.6527e-06   |    1.3950     |    0.4743
   11     | -1690.3737130078 |   5.8132e-07   |    1.5684     |    0.4247
   12     | -1690.3737131019 |   2.6292e-07   |    1.6176     |    0.3479
   13     | -1690.3737131714 |   3.0177e-08   |    1.7410     |    0.3931
   14     | -1690.3737131786 |   3.7490e-09   |    1.5569     |    0.4329
   15     | -1690.3737131796 |   4.6807e-10   |    1.3949     |    0.4741
   16     | -1690.3737131796 |   2.9465e-10   |    1.5680     |    0.4246
   17     | -1690.3737131797 |   4.4933e-11   |    1.6162     |    0.3518
Created 712164 / 2985984 significant shell pairs
Created 553912 / 2274064 significant shell pairs
Total number of grid points: 341993 (5029 per atom)
One electron integrals and orthogonalizer took 0.094934s
Created 553912 / 2274064 significant shell pairs
3C integrals and B formation took 2.661768s
Iteration |      Energy      |  DIIS Metric   | Fock Time (s) | DIIS Time (s)
----------+------------------+----------------+---------------+--------------
    1     | -1700.6435872231 |   1.0296e+03   |    1.6994     |    0.4747
    2     | -1689.4258757162 |   3.4000e+00   |    1.5645     |    0.4250
    3     | -1689.0234216409 |   4.9695e+00   |    1.5963     |    0.3695
    4     | -1690.3147097575 |   2.0449e-01   |    1.5211     |    0.4250
    5     | -1690.3424571298 |   1.0392e-01   |    1.6780     |    0.4325
    6     | -1690.3718182803 |   1.0234e-02   |    1.5979     |    0.5149
    7     | -1690.3743876143 |   1.2857e-03   |    1.5953     |    0.3916
    8     | -1690.3746036322 |   6.1816e-04   |    1.5228     |    0.4246
    9     | -1690.3747758917 |   3.8226e-05   |    1.3771     |    0.4248
   10     | -1690.3747838833 |   1.1647e-05   |    1.3135     |    0.3942
   11     | -1690.3747870161 |   1.0261e-06   |    1.5948     |    0.3932
   12     | -1690.3747872341 |   2.7629e-07   |    1.5241     |    0.4246
   13     | -1690.3747872996 |   3.9209e-08   |    1.5969     |    0.3935
   14     | -1690.3747873081 |   8.1293e-09   |    1.5562     |    0.4331
   15     | -1690.3747873104 |   7.2462e-10   |    1.3944     |    0.4743
   16     | -1690.3747873103 |   9.7237e-10   |    1.5647     |    0.4247
   17     | -1690.3747873106 |   8.2104e-11   |    1.5975     |    0.3598
Created 704578 / 2985984 significant shell pairs
Created 547411 / 2274064 significant shell pairs
Total number of grid points: 346196 (5091 per atom)
One electron integrals and orthogonalizer took 0.094604s
Created 547411 / 2274064 significant shell pairs
3C integrals and B formation took 2.843072s
Iteration |      Energy      |  DIIS Metric   | Fock Time (s) | DIIS Time (s)
----------+------------------+----------------+---------------+--------------
    1     | -1700.6395189581 |   1.0289e+03   |    1.6258     |    0.5055
    2     | -1689.4257927168 |   3.3963e+00   |    1.5672     |    0.4249
    3     | -1689.0307356955 |   4.9292e+00   |    1.6158     |    0.3502
    4     | -1690.3129815158 |   2.0463e-01   |    1.5277     |    0.4248
    5     | -1690.3421560161 |   1.0231e-01   |    1.6791     |    0.4317
    6     | -1690.3705027264 |   1.0084e-02   |    1.5970     |    0.5155
    7     | -1690.3730285220 |   1.2211e-03   |    1.5958     |    0.3910
    8     | -1690.3732324844 |   5.9699e-04   |    1.5281     |    0.4243
    9     | -1690.3734004507 |   2.7089e-05   |    1.3863     |    0.4247
   10     | -1690.3734053675 |   1.0774e-05   |    1.6790     |    0.4331
   11     | -1690.3734082611 |   1.1113e-06   |    1.5973     |    0.5163
   12     | -1690.3734085154 |   2.4554e-07   |    1.5942     |    0.3931
   13     | -1690.3734085755 |   4.7796e-08   |    1.5271     |    0.4247
   14     | -1690.3734085876 |   9.0377e-09   |    1.3865     |    0.4249
   15     | -1690.3734085902 |   5.8942e-10   |    1.6787     |    0.4331
   16     | -1690.3734085901 |   7.3049e-10   |    1.5976     |    0.5157
   17     | -1690.3734085903 |   8.1632e-11   |    1.5956     |    0.3929
Created 773492 / 2985984 significant shell pairs
Created 601812 / 2274064 significant shell pairs
Total number of grid points: 338154 (4972 per atom)
One electron integrals and orthogonalizer took 0.141388s
Created 601812 / 2274064 significant shell pairs
3C integrals and B formation took 2.822613s
Iteration |      Energy      |  DIIS Metric   | Fock Time (s) | DIIS Time (s)
----------+------------------+----------------+---------------+--------------
    1     | -1700.6539442678 |   1.0336e+03   |    1.7792     |    0.4334
    2     | -1689.4200083245 |   3.4095e+00   |    1.7017     |    0.3439
    3     | -1688.9830129044 |   5.0679e+00   |    1.7182     |    0.4734
    4     | -1690.2502729064 |   3.7167e-01   |    1.3929     |    0.5142
    5     | -1690.3208553870 |   1.5685e-01   |    1.4750     |    0.4333
    6     | -1690.3668667989 |   8.3337e-03   |    1.9070     |    0.4072
    7     | -1690.3683017768 |   2.6708e-03   |    1.7574     |    0.4325
    8     | -1690.3688228102 |   9.8345e-04   |    1.6991     |    0.3435
    9     | -1690.3690909786 |   5.3923e-05   |    1.5142     |    0.3933
   10     | -1690.3691028836 |   1.2076e-05   |    1.4157     |    0.3857
   11     | -1690.3691061624 |   1.5148e-06   |    1.6841     |    0.3446
   12     | -1690.3691065570 |   1.9046e-07   |    1.7580     |    0.4343
   13     | -1690.3691066018 |   3.0650e-08   |    1.6995     |    0.3436
   14     | -1690.369=======================================================
              GGA_XC_B97_D Energy Results              
=======================================================
E GGA_XC_B97_D        : -1690.36910661
Nuclear Repulsion Energy: 4750.85207452
Electronic Energy:        -6193.97633985
XC Energy:                -247.244841
Converged:             Created 731375 / 2985984 significant shell pairs
Created 568802 / 2274064 significant shell pairs
Total number of grid points: 337886 (4968 per atom)
One electron integrals and orthogonalizer took 0.054190s
Created 568802 / 2274064 significant shell pairs
3C integrals and B formation took 2.666133s
Iteration |      Energy      |  DIIS Metric   | Fock Time (s) | DIIS Time (s)
----------+------------------+----------------+---------------+--------------
    1     | -1700.6450550687 |   1.0299e+03   |    1.8104     |    0.4337
    2     | -1689.4252323996 |   3.4103e+00   |    1.6951     |    0.3863
    3     | -1689.0125288286 |   4.9929e+00   |    1.5746     |    0.3834
    4     | -1690.2978980421 |   2.5047e-01   |    1.3692     |    0.4251
    5     | -1690.3327217154 |   1.4068e-01   |    1.4751     |    0.4322
    6     | -1690.3741365256 |   8.2208e-03   |    1.7027     |    0.4083
    7     | -1690.375=======================================================
              GGA_XC_B97_D Energy Results              
=======================================================
E GGA_XC_B97_D        : -1690.37638666
Nuclear Repulsion Energy: 4625.78632528
Electronic Energy:        -6068.92298342
XC Energy:                -247.239729
Converged:                1
# of SCF iterations:      18
SCF Time:                 39.936s

=======================================================
            Individual Calculation Summary             
=======================================================
HF Energy: -1690.3763866635088107
=======================================================


Topology 10 time: 40.180208 s, performance: SP: 0 FLOP/s, DP: 429.4 GFLOP/s
JSON file written to: json_logs/lustre_orion_chm213_scratch_ryan_dhdft_inputs_exess_exess_inputs_B97-D_def2-TZVP_Created 750789 / 2985984 significant shell pairs
Created 584998 / 2274064 significant shell pairs
Total number of grid points: 343962 (5058 per atom)
One electron integrals and orthogonalizer took 0.098767s
Created 584998 / 2274064 significant shell pairs
3C integrals and B formation took 2.840026s
Iteration |      Energy      |  DIIS Metric   | Fock Time (s) | DIIS Time (s)
----------+----------------=======================================================
              GGA_XC_B97_D Energy Results              
=======================================================
E GGA_XC_B97_D        : -1690.37295543
Nuclear Repulsion Energy: 4695.7491865
Electronic Energy:        -6138.87828829
XC Energy:                -247.243854
Converged:                1
# of SCF iterations:      18
SCF Time:                 40.176s

=======================================================
            Individual Calculation Summary             
=======================================================
HF Energy: -1690.3729554284291225
=======================================================


Topology 11 time: 40.428530 s, performance: SP: 0 FLOP/s, DP: 437.7 GFLOP/s
JSON file written to: json_logs/lustre_orion_chm213_scratch_ryan_dhdft_inputs_exess_exess_inputs_B97-D_def2-TZVP_isomers_34580-34599_topology_11.json
************************************************************
**************** Running topology 13 of 20 *****************
************************************************************

************************************************************
************* Beginning RI-GGA_XC_B97_D energy *************
************************************************************

=======================================================
              GGA_XC_B97_D Energy Results              
=======================================================
E GGA_XC_B97_D        : -1690.37350559
Nuclear Repulsion Energy: 4659.11948013
Electronic Energy:        -6102.25362701
XC Energy:                -247.239359
Converged:                1
# of SCF iterations:      18
SCF Time:                 39.93s

=======================================================
            Individual Calculation Summary             
=======================================================
HF Energy: -1690.3735055871993609
=======================================================


Topology 12 time: 40.182388 s, performance: SP: 0 FLOP/s, DP: 435.7 GFLOP/s
JSON file written to: json_logs/lustre_orion_chm213_scratch_ryan_dhdft_inputs_exess_exess_inputs_B97-D_def2-TZVP_isomers_34580-34599_topology_12.json
************************************************************
**************** Running topology 14 of 20 *****************
************************************************************

************************************************************
************* Beginning RI-GGA_XC_B97_D energy *************
************************************************************

=======================================================
              GGA_XC_B97_D Energy Results              
=======================================================
E GGA_XC_B97_D        : -1690.36843426
Nuclear Repulsion Energy: 4563.10460588
Electronic Energy:        -6006.2322767
XC Energy:                -247.240763
Converged:                1
# of SCF iterations:      18
SCF Time:                 40.063s

=======================================================
            Individual Calculation Summary             
=======================================================
HF Energy: -1690.3684342606945847
=======================================================


Topology 13 time: 40.307111 s, performance: SP: 0 FLOP/s, DP: 417.1 GFLOP/s
JSON file written to: json_logs/lustre_orion_chm213_scratch_ryan_dhdft_inputs_exess_exess_inputs_B97-D_def2-TZVP_isomers_34580-34599_topology_13.json
************************************************************
**************** Running topology 15 of 20 *****************
************************************************************

************************************************************
************* Beginning RI-GGA_XC_B97_D energy *************
************************************************************

=======================================================
              GGA_XC_B97_D Energy Results              
=======================================================
E GGA_XC_B97_D        : -1690.35664435
Nuclear Repulsion Energy: 4631.64385038
Electronic Energy:        -6074.76012058
XC Energy:                -247.240374
Converged:                1
# of SCF iterations:      18
SCF Time:                 40.052s

=======================================================
            Individual Calculation Summary             
=======================================================
HF Energy: -1690.3566443471154344
=======================================================


Topology 14 time: 40.302411 s, performance: SP: 0 FLOP/s, DP: 429.2 GFLOP/s
JSON file written to: json_logs/lustre_orion_chm213_scratch_ryan_dhdft_inputs_exess_exess_inputs_B97-D_def2-TZVP_isomers_34580-34599_topology_14.json
************************************************************
**************** Running topology 16 of 20 *****************
************************************************************

************************************************************
************* Beginning RI-GGA_XC_B97_D energy *************
************************************************************

=======================================================
              GGA_XC_B97_D Energy Results              
=======================================================
E GGA_XC_B97_D        : -1690.34906694
Nuclear Repulsion Energy: 4617.74969912
Electronic Energy:        -6060.85919301
XC Energy:                -247.239573
Converged:                1
# of SCF iterations:      18
SCF Time:                 40.056s

=======================================================
            Individual Calculation Summary             
=======================================================
HF Energy: -1690.3490669445770891
=======================================================


Topology 15 time: 40.307694 s, performance: SP: 0 FLOP/s, DP: 426.4 GFLOP/s
JSON file written to: json_logs/lustre_orion_chm213_scratch_ryan_dhdft_inputs_exess_exess_inputs_B97-D_def2-TZVP_isomers_34580-34599_topology_15.json
************************************************************
**************** Running topology 17 of 20 *****************
************************************************************

************************************************************
************* Beginning RI-GGA_XC_B97_D energy *************
************************************************************

=======================================================
              GGA_XC_B97_D Energy Results              
=======================================================
E GGA_XC_B97_D        : -1690.34491097
Nuclear Repulsion Energy: 5007.56410148
Electronic Energy:        -6450.64934382
XC Energy:                -247.259669
Converged:                1
# of SCF iterations:      18
SCF Time:                 43.73s

=======================================================
            Individual Calculation Summary             
=======================================================
HF Energy: -1690.3449109687105647
=======================================================


Topology 16 time: 44.015927 s, performance: SP: 0 FLOP/s, DP: 453.4 GFLOP/s
JSON file written to: json_logs/lustre_orion_chm213_scratch_ryan_dhdft_inputs_exess_exess_inputs_B97-D_def2-TZVP_isomers_34580-34599_topology_16.json
************************************************************
**************** Running topology 18 of 20 *****************
************************************************************

************************************************************
************* Beginning RI-GGA_XC_B97_D energy *************
************************************************************

=======================================================
              GGA_XC_B97_D Energy Results              
=======================================================
E GGA_XC_B97_D        : -1690.35971155
Nuclear Repulsion Energy: 4859.39261162
Electronic Energy:        -6302.49783665
XC Energy:                -247.254487
Converged:                1
# of SCF iterations:      18
SCF Time:                 42.355s

=======================================================
            Individual Calculation Summary             
=======================================================
HF Energy: -1690.3597115469215169
=======================================================


Topology 17 time: 42.634299 s, performance: SP: 0 FLOP/s, DP: 444.9 GFLOP/s
JSON file written to: json_logs/lustre_orion_chm213_scratch_ryan_dhdft_inputs_exess_exess_inputs_B97-D_def2-TZVP_isomers_34580-34599_topology_17.json
************************************************************
**************** Running topology 19 of 20 *****************
************************************************************

************************************************************
************* Beginning RI-GGA_XC_B97_D energy *************
************************************************************

=======================================================
              GGA_XC_B97_D Energy Results              
=======================================================
E GGA_XC_B97_D        : -1690.36477892
Nuclear Repulsion Energy: 4703.65822996
Electronic Energy:        -6146.77424003
XC Energy:                -247.248769
Converged:                1
# of SCF iterations:      17
SCF Time:                 38.043s

=======================================================
            Individual Calculation Summary             
=======================================================
HF Energy: -1690.3647789156107137
=======================================================


Topology 18 time: 38.307976 s, performance: SP: 0 FLOP/s, DP: 461.3 GFLOP/s
JSON file written to: json_logs/lustre_orion_chm213_scratch_ryan_dhdft_inputs_exess_exess_inputs_B97-D_def2-TZVP_isomers_34580-34599_topology_18.json
************************************************************
**************** Running topology 20 of 20 *****************
************************************************************

************************************************************
************* Beginning RI-GGA_XC_B97_D energy *************
************************************************************

=======================================================
              GGA_XC_B97_D Energy Results              
=======================================================
E GGA_XC_B97_D        : -1690.36738363
Nuclear Repulsion Energy: 4654.51618609
Electronic Energy:        -6097.6369035
XC Energy:                -247.246666
Converged:                1
# of SCF iterations:      17
SCF Time:                 37.007s

=======================================================
            Individual Calculation Summary             
=======================================================
HF Energy: -1690.3673836263374142
=======================================================


Topology 19 time: 37.268269 s, performance: SP: 0 FLOP/s, DP: 464.7 GFLOP/s
JSON file written to: json_logs/lustre_orion_chm213_scratch_ryan_dhdft_inputs_exess_exess_inputs_B97-D_def2-TZVP_isomers_34580-34599_topology_19.json
Total flops: SP: 0 FLOPS, DP: 345.69828 TFLOPS
Performance: SP: 0 FLOP/s, DP: 432.8 GFLOP/s

Now, a word from our sponsors... 
 Para todo mal, mezcal; y para todo bien, también

[31mTotal processing time 799.009657 seconds[0m
[CRAYBLAS_WARNING] Application linked against multiple cray-libsci libraries
| -1690.3596977925 |   4.8754e-05   |    1.5966     |    0.3932
   10     | -1690.3597077583 |   1.3120e-05   |    1.4762     |    0.3605
   11     | -1690.3597110156 |   1.7747e-06   |    1.7511     |    0.3934
   12     | -1690.3597114563 |   2.9796e-07   |    1.7993     |    0.3924
   13     | -1690.3597115320 |   5.1680e-08   |    1.8818     |    0.4334
   14     | -1690.3597115445 |   7.7647e-09   |    1.4758     |    0.3923
   15     | -1690.3597115463 |   2.1586e-09   |    1.3952     |    0.5151
   16     | -1690.3597115468 |   5.5455e-10   |    1.8466     |    0.4664
   17     | -1690.3597115469 |   1.4008e-10   |    1.7996     |    0.3929
   18     | -1690.3597115469 |   3.6966e-11   |    1.9216     |    0.3929
Created 755025 / 2985984 significant shell pairs
Created 587204 / 2274064 significant shell pairs
Total number of grid points: 340470 (5006 per atom)
One electron integrals and orthogonalizer took 0.095770s
Created 587204 / 2274064 significant shell pairs
3C integrals and B formation took 3.007236s
Iteration |      Energy      |  DIIS Metric   | Fock Time (s) | DIIS Time (s)
----------+------------------+----------------+---------------+--------------
    1     | -1700.6612032304 |   1.0357e+03   |    1.7152     |    0.5139
    2     | -1689.4181335980 |   3.4047e+00   |    1.5061     |    0.4250
    3     | -1689.0161248834 |   4.9698e+00   |    1.7213     |    0.4312
    4     | -1690.3042803775 |   1.9628e-01   |    1.4661     |    0.3427
    5     | -1690.3234708494 |   1.3264e-01   |    1.3438     |    0.4249
    6     | -1690.3625688420 |   7.8794e-03   |    1.5954     |    0.5075
    7     | -1690.3643447504 |   1.4421e-03   |    1.5475     |    0.4245
    8     | -1690.3646347008 |   4.8854e-04   |    1.6785     |    0.4344
    9     | -1690.3647708132 |   2.7653e-05   |    1.6950     |    0.3432
   10     | -1690.3647763147 |   9.4524e-06   |    1.3458     |    0.4246
   11     | -1690.3647787284 |   6.4074e-07   |    1.5967     |    0.5077
   12     | -1690.3647788561 |   1.9501e-07   |    1.5471     |    0.4250
   13     | -1690.3647789083 |   2.3728e-08   |    1.6777     |    0.4336
   14     | -1690.3647789125 |   9.4341e-09   |    1.6970     |    0.3428
   15     | -1690.3647789155 |   6.0803e-10   |    1.3442     |    0.4246
   16     | -1690.3647789155 |   4.7646e-10   |    1.5959     |    0.5079
   17     | -1690.3647789156 |   7.7102e-11   |    1.5503     |    0.4245
Created 738513 / 2985984 significant shell pairs
Created 574338 / 2274064 significant shell pairs
Total number of grid points: 338837 (4982 per atom)
One electron integrals and orthogonalizer took 0.095754s
Created 574338 / 2274064 significant shell pairs
3C integrals and B formation took 2.849402s
Iteration |      Energy      |  DIIS Metric   | Fock Time (s) | DIIS Time (s)
----------+------------------+----------------+---------------+--------------
    1     | -1700.6582086098 |   1.0344e+03   |    1.7194     |    0.5173
    2     | -1689.4195488312 |   3.4061e+00   |    1.5916     |    0.3903
    3     | -1689.0150145982 |   4.9861e+00   |    1.5246     |    0.4224
    4     | -1690.3066696342 |   1.9874e-01   |    1.3783     |    0.4184
    5     | -1690.3289821061 |   1.2376e-01   |    1.3373     |    0.3380
    6     | -1690.3652266169 |   7.7173e-03   |    1.6016     |    0.3885
    7     | -1690.3669176168 |   1.5388e-03   |    1.5281     |    0.4218
    8     | -1690.3672292698 |   5.3222e-04   |    1.5996     |    0.3865
    9     | -1690.3673752838 |   2.8808e-05   |    1.5627     |    0.4271
   10     | -1690.3673811354 |   8.8356e-06   |    1.4008     |    0.4721
   11     | -1690.3673834880 |   4.7731e-07   |    1.5659     |    0.4178
   12     | -1690.3673835711 |   1.8895e-07   |    1.6049     |    0.3523
   13     | -1690.3673836193 |   2.4424e-08   |    1.6609     |    0.3644
   14     | -1690.3673836238 |   7.4902e-09   |    1.3324     |    0.3411
   15     | -1690.3673836262 |   5.5626e-10   |    1.3264     |    0.4180
   16     | -1690.3673836262 |   5.0410e-10   |    1.6047     |    0.5122
   17     | -1690.3673836263 |   7.0130e-11   |    1.6177     |    0.3419
Please cite the following papers for the methods used in this calculation:
 - J.L. Galvez Vallejo et. al., Toward an extreme-scale electronic structure system, J. Chem. Phys., 2023. DOI: 10.1063/5.0156399

 - R. Stocks, E. Palethorpe, and G.M.J. Barca, Multi-GPU RI-HF Energies and Analytic Gradients ─ Toward High-Throughput Ab Initio Molecular Dynamics, J. Chem. Theory Comput., 2024. DOI: 10.1021/acs.jctc.4c00877
   For:
     * RI-HF energy

 - D.B. Williams-Young, W.A. de Jong, H.J.J. van Dam, and C. Yang, On the Efficient Evaluation of the Exchange Correlation Potential on Graphics Processing Unit Clusters, Frontiers in Chemistry, 2020. DOI: 10.3389/fchem.2020.581058
   For:
     * GauXC implementation of exchange-correlation integration

 - R. Stocks and G.M.J. Barca, Efficient Algorithms for GPU Accelerated Evaluation of the DFT Exchange-Correlation Functional, J. Chem. Theory Comput., 2025. DOI: 10.1021/acs.jctc.5c01229
   For:
     * GPU accelerated DFT exchange-correlation evaluation

 - S. Grimme.,  J. Comput. Chem. 27, 1787 (2006) DOI: 10.1002/jcc.20495
   For:
     * GGA_XC_B97_D XC Functional

[CRAYBLAS_WARNING] Application linked against multiple cray-libsci libraries
