Total number of grid points: 310620 (5010 per atom)
Total number of grid points: 321117 (5179 per atom)
Total number of grid points: 310257 (5004 per atom)
Total number of grid points: 321939 (5192 per atom)
Total number of grid points: 316741 (5108 per atom)
Total number of grid points: 314699 (5075 per atom)
Total number of grid points: 318639 (5139 per atom)
Total number of grid points: 314627 (5074 per atom)
Total number of grid points: 309171 (4986 per atom)
Total number of grid points: 317960 (5128 per atom)
Total number of grid points: 309432 (4990 per atom)
Total number of grid points: 313252 (5052 per atom)
Total number of grid points: 311800 (5029 per atom)
Total number of grid points: 312060 (5033 per atom)
Total number of grid points: 312461 (5039 per atom)
Total number of grid points: 312065 (5033 per atom)
Total number of grid points: 313517 (5056 per atom)
Total number of grid points: 318170 (5131 per atom)
Total number of grid points: 310171 (5002 per atom)
Total number of grid points: 313415 (5055 per atom)
[CRAYBLAS_WARNING] Application linked against multiple cray-libsci libraries
5801
   10     | -1537.4808490309 |   8.0113e-06   |    1.3667     |    0.4254
   11     | -1537.4808510261 |   4.9012e-07   |    1.4744     |    0.6070
   12     | -1537.4808511155 |   1.5876e-07   |    1.6334     |    0.2872
   13     | -1537.4808511502 |   3.5350e-08   |    1.2818     |    0.2828
   14     | -1537.4808511587 |   3.9875e-09   |    1.0699     |    0.2558
   15     | -1537.4808511595 |   9.9795e-10   |    1.0461     |    0.3376
   16     | -1537.4808511595 |   1.0729e-09   |    1.2220     |    0.2660
   17     | -1537.4808511598 |   1.0823e-10   |    1.1839     |    0.2563
   18     | -1537.4808511598 |   3.9310e-11   |    1.1796     |    0.2567
Created 632065 / 2471184 significant shell pairs
Created 490059 / 1882384 significant shell pairs
Total number of grid points: 308287 (4972 per atom)
One electron integrals and orthogonalizer took 0.085626s
Created 490059 / 1882384 significant shell pairs
3C integrals and B formation took 2.295158s
Iteration |      Energy      |  DIIS Metric   | Fock Time (s) | DIIS Time (s)
----------+------------------+----------------+---------------+--------------
    1     | -1546.6952192152 |   9.4955e+02   |    1.3998     |    0.6216
    2     | -1536.4541274765 |   3.6999e+00   |    1.1236     |    0.5222
    3     | -1535.7967121649 |   6.2176e+00   |    1.2234     |    0.4177
    4     | -1537.4230640277 |   1.9984e-01   |    1.0113     |    0.5775
    5     | -1537.4432188274 |   1.3274e-01   |    0.9344     |    0.4795
    6     | -1537.4789070839 |   1.0416e-02   |    1.2439     |    0.5312
    7     | -1537.4810598000 |   2.9163e-03   |    1.1191     |    0.5214
    8     | -1537.4817444600 |   8.2337e-04   |    1.2229     |    0.3837
    9     | -1537.4819853052 |   3.2905e-05   |    0.9163     |    0.3889
   10     | -1537.4819920947 |   9.7491e-06   |    1.1124     |    0.2563
   11     | -1537.4819944604 |   9.3641e-07   |    1.3176     |    0.2582
   12     | -1537.4819946686 |   1.7991e-07   |    1.3399     |    0.2551
   13     | -1537.4819947043 |   4.9850e-08   |    1.3408     |    0.2552
   14     | -1537.4819947160 |   5.4883e-09   |    1.1845     |    0.3372
   15     | -1537.4819947171 |   1.7894e-09   |    1.2218     |    0.3374
   16     | -1537.4819947175 |   5.8584e-10   |    1.3840     |    0.2548
   17     | -1537.4819947176 |   1.3981e-10   |    1.3446     |    0.2547
   18     | -1537.4819947176 |   4.4491e-11   |    1.3413     |    0.2553
Created 615551 / 2471184 significant shell pairs
Created 477886 / 1882384 significant shell pairs
Total number of grid points: 312117 (5034 per atom)
One electron integrals and orthogonalizer took 0.045657s
Created 477886 / 1882384 significant shell pairs
3C integrals and B formation took 2.010999s
Iteration |      Energy      |  DIIS Metric   | Fock Time (s) | DIIS Time (s)
----------+------------------+----------------+---------------+--------------
    1     | -1546.6971289515 |   9.4659e+02   |    1.2784     |    0.2437
    2     | -1536.4668054318 |   3.6962e+00   |    1.2842     |    0.2992
    3     | -1535.8356565889 |   6.1489e+00   |    1.2831     |    0.2987
    4     | -1537.4540613524 |   1.4017e-01   |    1.2864     |    0.2962
    5     | -1537.4757919630 |   5.9370e-02   |    1.1820     |    0.2547
    6     | -1537.4909878503 |   5.6634e-03   |    1.1906     |    0.3788
    7     | -1537.4922007306 |   1.3657e-03   |    1.2465     |    0.3793
    8     | -1537.4924876582 |   3.8848e-04   |    1.2464     |    0.3002
    9     | -1537.4925973903 |   2.1572e-05   |    0.9203     |    0.4107
   10     | -1537.4926011852 |   7.9811e-06   |    1.0904     |    0.3887
   11     | -1537.4926033798 |   4.8736e-07   |    1.3144     |    0.3137
   12     | -1537.4926034674 |   2.0506e-07   |    1.3102     |    0.4536
   13     | -1537.4926035148 |   4.3557e-08   |    1.2338     |    0.3623
   14     | -1537.4926035257 |   2.1991e-09   |    1.0852     |    0.3893
   15     | -1537.4926035261 |   8.5449e-10   |    1.0911     |    0.2562
   16     | -1537.4926035262 |   6.7018e-10   |    1.3348     |    0.2546
   17     | -1537.4926035263 |   6.6470e-11   |    1.3388     |    0.2552
Created 606220 / 2471184 significant shell pairs
Created 470125 / 1882384 significant shell pairs
Total number of grid points: 308353 (4973 per atom)
One electron integrals and orthogonalizer took 0.045582s
Created 470125 / 1882384 significant shell pairs
3C integrals and B formation took 1.998376s
Iteration |      Energy      |  DIIS Metric   | Fock Time (s) | DIIS Time (s)
----------+------------------+----------------+---------------+--------------
    1     | -1546.6969229177 |   9.4634e+02   |    1.2548     |    0.3114
    2     | -1536.4659503505 |   3.7019e+00   |    1.2770     |    0.4826
    3     | -1535.8296623504 |   6.1813e+00   |    1.1689     |    0.4446
    4     | -1537.4494487205 |   1.5262e-01   |    1.2062     |    0.4405
    5     | -1537.4657139699 |   8.6329e-02   |    1.1836     |    0.4411
    6     | -1537.4894902331 |   9.7279e-03   |    1.2101     |    0.4056
    7     | -1537.4920657644 |   1.0907e-03   |    1.1540     |    0.4046
    8     | -1537.4922719702 |   3.7930e-04   |    1.1963     |    0.3350
    9     | -1537.4923721784 |   3.0073e-05   |    1.1124     |    0.2960
   10     | -1537.4923778362 |   1.1223e-05   |    1.1650     |    0.2163
   11     | -1537.4923809996 |   5.0955e-07   |    1.2047     |    0.3784
   12     | -1537.4923811086 |   1.3205e-07   |    1.2468     |    0.2155
   13     | -1537.4923811387 |   2.4529e-08   |    1.2238     |    0.3372
   14     | -1537.4923811447 |   2.2377e-09   |    0.9073     |    0.3892
   15     | -1537.4923811450 |   1.2839e-09   |    1.0590     |    0.2553
   16     | -1537.4923811451 |   1.0627e-09   |    1.2736     |    0.3372
   17     | -1537.4923811454 |   5.1943e-11   |    1.2645     |    0.3338
Created 600276 / 2471184 significant shell pairs
Created 465168 / 1882384 significant shell pairs
Total number of grid points: 316035 (5097 per atom)
One electron integrals and orthogonalizer took 0.096594s
Created 465168 / 1882384 significant shell pairs
3C integrals and B formation took 2.039378s
Iteration |      Energy      |  DIIS Metric   | Fock Time (s) | DIIS Time (s)
----------+------------------+----------------+---------------+--------------
    1     | -1546.6976952617 |   9.4638e+02   |    1.2650     |    0.3463
    2     | -1536.4667454217 |   3.7038e+00   |    1.2707     |    0.2705
    3     | -1535.8307650397 |   6.1761e+00   |    1.3255     |    0.2959
    4     | -1537.4584532835 |   1.3020e-01   |    1.1651     |    0.2153
    5     | -1537.4767927526 |   6.1481e-02   |    1.0767     |    0.3442
    6     | -1537.4925721355 |   6.2518e-03   |    1.0555     |    0.5268
    7     | -1537.4939872060 |   1.3058e-03   |    1.0701     |    0.3622
    8     | -1537.4942642627 |   3.3501e-04   |    1.2151     |    0.4084
    9     | -1537.4943559184 |   1.7964e-05   |    0.9929     |    0.4070
   10     | -1537.4943595034 |   5.6190e-06   |    1.0635     |    0.2557
   11     | -1537.4943610227 |   3.9234e-07   |    1.1871     |    0.3347
   12     | -1537.4943610962 |   1.4808e-07   |    1.2267     |    0.3346
   13     | -1537.4943611314 |   2.4206e-08   |    1.2251     |    0.3346
   14     | -1537.4943611374 |   2.1799e-09   |    1.1948     |    0.2552
   15     | -1537.4943611378 |   7.4870e-10   |    1.1652     |    0.3367
   16     | -1537.4943611378 |   6.2847e-10   |    1.2060     |    0.2162
   17     | -1537.4943611380 |   6.4391e-11   |    1.2720     |    0.2688
Created 627779 / 2471184 significant shell pairs
Created 487084 / 1882384 significant shell pairs
Total number of grid points: 313540 (5057 per atom)
One electron integrals and orthogonalizer took 0.167730s
Created 487084 / 1882384 significant shell pairs
3C integrals and B formation took 2.282129s
Iteration |      Energy      |  DIIS Metric   | Fock Time (s) | DIIS Time (s)
----------+------------------+----------------+---------------+--------------
    1     | -1546.7046159961 |   9.4981e+02   |    1.1923     |    0.3793
    2     | -1536.4570514760 |   3.7004e+00   |    1.2045     |    0.3001
    3     | -1535.8108566690 |   6.2436e+00   |    1.1577     |    0.3416
    4     | -1537.4487011268 |   1.2916e-01   |    1.0051     |    0.4314
    5     | -1537.4658397756 |   5.9349e-02   |    1.0903     |    0.3885
    6     | -1537.4814934101 |   6.8617e-03   |    1.3169     |    0.5905
    7     | -1537.4832005917 |   1.0460e-03   |    1.1554     |    0.5089
    8     | -1537.4834300375 |   1.7577e-04   |    1.1158     |    0.3367
    9     | -1537.4834724013 |   2.4075e-05   |    1.0853     |    0.3888
   10     | -1537.4834773931 |   5.5096e-06   |    1.1123     |    0.2561
   11     | -1537.4834788279 |   3.9472e-07   |    1.3153     |    0.2588
   12     | -1537.4834789145 |   1.0997e-07   |    1.3373     |    0.2554
   13     | -1537.4834789400 |   1.7858e-08   |    1.3424     |    0.2551
   14     | -1537.4834789445 |   1.9099e-09   |    1.1837     |    0.3346
   15     | -1537.4834789448 |   9.6224e-10   |    1.2248     |    0.3346
   16     | -1537.4834789449 |   5.8844e-10   |    1.3861     |    0.2558
   17     | -1537.4834789450 |   3.9507e-11   |    1.3434     |    0.2554
Created 624924 / 2471184 significant shell pairs
Created 484798 / 1882384 significant shell pairs
Total number of grid points: 308453 (4975 per atom)
One electron integrals and orthogonalizer took 0.045729s
Created 484798 / 1882384 significant shell pairs
3C integrals and B formation took 2.024855s
Iteration |      Energy      |  DIIS Metric   | Fock Time (s) | DIIS Time (s)
----------+------------------+----------------+---------------+--------------
    1     | -1546.7034960512 |   9.4977e+02   |    1.2643     |    0.2862
    2     | -1536.4571508639 |   3.6989e+00   |    1.2795     |    0.2597
    3     | -1535.8086153063 |   6.2456e+00   |    1.3267     |    0.2961
    4     | -1537.4468555954 |   1.3533e-01   |    1.1843     |    0.2513
    5     | -1537.4628439518 |   7.0110e-02   |    1.1909     |    0.3787
    6     | -1537.4816407576 |   6.7480e-03   |    1.2477     |    0.3769
    7     | -1537.4832598629 |   1.2645e-03   |    1.2457     |    0.3794
    8     | -1537.4835135343 |   3.5729e-04   |    1.2471     |    0.2991
    9     | -1537.4836116247 |   2.5024e-05   |    0.9231     |    0.4082
   10     | -1537.4836161936 |   9.6159e-06   |    1.0892     |    0.3892
   11     | -1537.4836188696 |   4.0024e-07   |    1.3139     |    0.3140
   12     | -1537.4836189429 |   1.3484e-07   |    1.3126     |    0.4587
   13     | -1537.4836189722 |   3.0731e-08   |    1.2372     |    0.3627
   14     | -1537.4836189796 |   2.7493e-09   |    1.0849     |    0.3893
   15     | -1537.4836189801 |   7.6164e-10   |    1.0674     |    0.2561
   16     | -1537.4836189802 |   5.1521e-10   |    1.3360     |    0.2564
   17     | -1537.4836189804 |   4.6931e-11   |    1.3378     |    0.2566
Created 597446 / 2471184 significant shell pairs
Created 462867 / 1882384 significant shell pairs
Total number of grid points: 308235 (4971 per atom)
One electron integrals and orthogonalizer took 0.045901s
Created 462867 / 1882384 significant shell pairs
3C integrals and B formation took 2.000116s
Iteration |      Energy      |  DIIS Metric   | Fock Time (s) | DIIS Time (s)
----------+------------------+----------------+---------------+--------------
    1     | -1546.6969430163 |   9.4618e+02   |    1.2469     |    0.3662
    2     | -1536.4654313018 |   3.7070e+00   |    1.2687     |    0.2703
    3     | -1535.8318074145 |   6.1734e+00   |    1.3265     |    0.2957
    4     | -1537.4594326780 |   1.2222e-01   |    1.1656     |    0.2162
    5     | -1537.4764036620 |   5.8372e-02   |    1.0727     |    0.3451
    6     | -1537.4912809251 |   6.5656e-03   |    1.0540     |    0.5267
    7     | -1537.4928446094 |   1.1332e-03   |    1.0691     |    0.3627
    8     | -1537.4931034461 |   1.9375e-04   |    1.2120     |    0.4060
    9     | -1537.4931536468 |   1.8916e-05   |    0.9938     |    0.4151
   10     | -1537.4931578634 |   4.4856e-06   |    1.0521     |    0.2554
   11     | -1537.4931591130 |   2.8486e-07   |    1.1863     |    0.3370
   12     | -1537.4931591582 |   1.3678e-07   |    1.2218     |    0.3381
   13     | -1537.4931591925 |   2.0409e-08   |    1.2212     |    0.3379
   14     | -1537.4931591973 |   2.1762e-09   |    1.1910     |    0.2555
   15     | -1537.4931591976 |   7.0134e-10   |    1.0841     |    0.2593
   16     | -1537.4931591977 |   5.1034e-10   |    1.2431     |    0.2962
   17     | -1537.4931591978 |   4.5732e-11   |    1.3271     |    0.2966
Created 622163 / 2471184 significant shell pairs
Created 482835 / 1882384 significant shell pairs
Total number of grid points: 308690 (4978 per atom)
One electron integrals and orthogonalizer took 0.197124s
Created 482835 / 1882384 significant shell pairs
3C integrals and B formation took 2.271381s
Iteration |      Energy      |  DIIS Metric   | Fock Time (s) | DIIS Time (s)
----------+------------------+----------------+---------------+--------------
    1     | -1546.7053272446 |   9.4840e+02   |    1.3287     |    0.2995
    2     | -1536.4631932475 |   3.7132e+00   |    1.3244     |    0.2718
    3     | -1535.8276120975 |   6.2182e+00   |    1.3515     |    0.2963
    4     | -1537.4649498236 |   9.6661e-02   |    1.1828     |    0.2527
    5     | -1537.4826647814 |   3.0521e-02   |    1.0692     |    0.3370
    6     | -1537.4902495675 |   3.0635e-03   |    1.2338     |    0.3367
    7     | -1537.4907951464 |   1.1907e-03   |    1.1112     |    0.5057
    8     | -1537.4911100800 |   6.8778e-05   |    1.0720     |    0.3575
    9     | -1537.4911219404 |   2.7090e-05   |    1.0886     |    0.3900
   10     | -1537.4911290852 |   2.9010e-06   |    1.0679     |    0.2569
   11     | -1537.4911298666 |   1.9909e-07   |    1.3367     |    0.2557
   12     | -1537.4911299054 |   6.7494e-08   |    1.3380     |    0.2566
   13     | -1537.4911299209 |   1.0021e-08   |    1.3343     |    0.2586
   14     | -1537.4911299233 |   2.0140e-09   |    1.1765     |    0.3346
   15     | -1537.4911299237 |   3.8578e-10   |    1.2209     |    0.3347
   16     | -1537.4911299238 |   2.7986e-10   |    1.3823     |    0.2550
   17     | -1537.4911299238 |   3.0512e-11   |    1.3386     |    0.2549
Created 580135 / 2471184 significant shell pairs
Created 448613 / 1882384 significant shell pairs
Total number of grid points: 312139 (5034 per atom)
One electron integrals and orthogonalizer took 0.045741s
Created 448613 / 1882384 significant shell pairs
3C integrals and B formation took 1.982600s
Iteration |      Energy      |  DIIS Metric   | Fock Time (s) | DIIS Time (s)
----------+------------------+----------------+---------------+--------------
    1     | -1546.6876350479 |   9.4432e+02   |    1.2424     |    0.3000
    2     | -1536.4693652239 |   3.6895e+00   |    1.3218     |    0.2739
    3     | -1535.8467800538 |   6.0721e+00   |    1.2435     |    0.2982
    4     | -1537.4539861557 |   1.4775e-01   |    1.1901     |    0.2159
    5     | -1537.4757617870 |   7.0528e-02   |    1.0676     |    0.3441
    6     | -1537.4932226690 |   7.7820e-03   |    1.0438     |    0.5263
    7     | -1537.4949422339 |   1.9645e-03   |    1.0641     |    0.3623
    8     | -1537.4953826308 |   6.0448e-04   |    1.2070     |    0.4178
    9     | -1537.4955588117 |   2.8144e-05   |    0.9852     |    0.4153
   10     | -1537.4955648610 |   8.9512e-06   |    1.0432     |    0.2965
   11     | -1537.4955673015 |   6.3644e-07   |    1.1729     |    0.3376
   12     | -1537.4955674478 |   1.1002e-07   |    1.3637 =======================================================
                  BLYP Energy Results                  
=======================================================
E BLYP                : -1537.49556748
Nuclear Repulsion Energy: 3775.98985738
Electronic Energy:        -5087.89921328
XC Energy:                -225.586212
Converged:                1
# of SCF iterations:      17
SCFCreated 567101 / 2471184 significant shell pairs
Created 438230 / 1882384 significant shell pairs
Total number of grid points: 311693 (5027 per atom)
One electron integrals and orthogonalizer took 0.177802s
Created 438230 / 1882384 significant shell pairs
3C integrals and B formation took 2.196102s
Iteration |      Energy      |  DIIS Metric   | Fock Time (s) | DIIS Time (s)
----------+------------------+----------------+---------------+--------------
    1     | -1546.6911064907 |   9.4277e+02   |    1.1488     |    0.5015
    2     | -1536.4782198774 |   3.7084e+00   |    1.1173     |    0.2425
    3     | -1535.8539383978 |   6.1146e+00   |    1.1072     |    0.4095
    4     | -1537.4660307780 |   1.4608e-01   |    0.8172     |    0.4073
    5     | -1537.4896539284 |   6.2616e-02   |    1.0407     |    0.3038
    6     | -1537.5052633103 |   3.9427e-03   |    1.15=======================================================
                  BLYP Energy Results                  
=======================================================
E BLYP                : -1537.50632439
Nuclear Repulsion Energy: 3722.62432084
Electronic Energy:        -5034.54282063
XC Energy:                -225.587825
Converged:                1
# of SCF iterations:      17
SCF Time:                 27.418s

=======================================================
            Individual Calculation Summary             
=======================================================
HF Energy: -1537.5063243910938127
=======================================================


Topology 10 time: 27.611240 s, performance: SP: 0 FLOP/s, DP: 403.1 GFLOP/s
JSON file written to: json_logs/lustre_orion_chm213_scratch_ryan_dhdft_inputs_eCreated 590845 / 2471184 significant shell pairs
Created 457170 / 1882384 significant shell pairs
Total number of grid points: 312317 (5037 per atom)
One electron integrals and orthogonalizer took 0.168004s
Created 457170 / 1882384 significant shell pairs
3C integrals and B formation took 2.206440s
Iteration |      Energy      |  DIIS Metric   | Fock Time (s) | DIIS Time (s)
----------+------------------+----------------+-----------=======================================================
                  BLYP Energy Results                  
=======================================================
E BLYP                : -1537.4938561
Nuclear Repulsion Energy: 3817.92928471
Electronic Energy:        -5129.83120827
XC Energy:                -225.591933
Converged:                1
# of SCF iterations:      17
SCF Time:                 28.49s

=======================================================
            Individual Calculation Summary             
=======================================================
HF Energy: -1537.4938561008134457
=======================================================


Topology 11 time: 28.691549 s, performance: SP: 0 FLOP/s, DP: 402.9 GFLOP/s
JSON file written to: json_logs/lustre_orion_chm213_scratch_ryan_dhdft_inputs_exess_exess_inputs_BLYP_def2-TZVP_isomers_9240-9259_topology_11.json
************************************************************
**************** Running topology 13 of 20 *****************
************************************************************

************************************************************
***************** Beginning RI-BLYP energy *****************
************************************************************

=======================================================
                  BLYP Energy Results                  
=======================================================
E BLYP                : -1537.47810098
Nuclear Repulsion Energy: 3873.53424913
Electronic Energy:        -5185.4238011
XC Energy:                -225.588549
Converged:                1
# of SCF iterations:      17
SCF Time:                 30.249s

=======================================================
            Individual Calculation Summary             
=======================================================
HF Energy: -1537.4781009839234684
=======================================================


Topology 12 time: 30.459820 s, performance: SP: 0 FLOP/s, DP: 389.2 GFLOP/s
JSON file written to: json_logs/lustre_orion_chm213_scratch_ryan_dhdft_inputs_exess_exess_inputs_BLYP_def2-TZVP_isomers_9240-9259_topology_12.json
************************************************************
**************** Running topology 14 of 20 *****************
************************************************************

************************************************************
***************** Beginning RI-BLYP energy *****************
************************************************************

=======================================================
                  BLYP Energy Results                  
=======================================================
E BLYP                : -1537.48567384
Nuclear Repulsion Energy: 3861.18831709
Electronic Energy:        -5173.08368036
XC Energy:                -225.590311
Converged:                1
# of SCF iterations:      17
SCF Time:                 28.717s

=======================================================
            Individual Calculation Summary             
=======================================================
HF Energy: -1537.4856738351841159
=======================================================


Topology 13 time: 28.924637 s, performance: SP: 0 FLOP/s, DP: 407 GFLOP/s
JSON file written to: json_logs/lustre_orion_chm213_scratch_ryan_dhdft_inputs_exess_exess_inputs_BLYP_def2-TZVP_isomers_9240-9259_topology_13.json
************************************************************
**************** Running topology 15 of 20 *****************
************************************************************

************************************************************
***************** Beginning RI-BLYP energy *****************
************************************************************

=======================================================
                  BLYP Energy Results                  
=======================================================
E BLYP                : -1537.49608247
Nuclear Repulsion Energy: 3765.71051508
Electronic Energy:        -5077.62030707
XC Energy:                -225.586290
Converged:                1
# of SCF iterations:      17
SCF Time:                 28.356s

=======================================================
            Individual Calculation Summary             
=======================================================
HF Energy: -1537.4960824713064085
=======================================================


Topology 14 time: 28.557528 s, performance: SP: 0 FLOP/s, DP: 395.5 GFLOP/s
JSON file written to: json_logs/lustre_orion_chm213_scratch_ryan_dhdft_inputs_exess_exess_inputs_BLYP_def2-TZVP_isomers_9240-9259_topology_14.json
************************************************************
**************** Running topology 16 of 20 *****************
************************************************************

************************************************************
***************** Beginning RI-BLYP energy *****************
************************************************************

=======================================================
                  BLYP Energy Results                  
=======================================================
E BLYP                : -1537.4932279
Nuclear Repulsion Energy: 3824.83919006
Electronic Energy:        -5136.74075609
XC Energy:                -225.591662
Converged:                1
# of SCF iterations:      18
SCF Time:                 30.136s

=======================================================
            Individual Calculation Summary             
=======================================================
HF Energy: -1537.4932278957530798
=======================================================


Topology 15 time: 30.344409 s, performance: SP: 0 FLOP/s, DP: 384.8 GFLOP/s
JSON file written to: json_logs/lustre_orion_chm213_scratch_ryan_dhdft_inputs_exess_exess_inputs_BLYP_def2-TZVP_isomers_9240-9259_topology_15.json
************************************************************
**************** Running topology 17 of 20 *****************
************************************************************

************************************************************
***************** Beginning RI-BLYP energy *****************
************************************************************

=======================================================
                  BLYP Energy Results                  
=======================================================
E BLYP                : -1537.50389887
Nuclear Repulsion Energy: 3834.08365389
Electronic Energy:        -5145.99331171
XC Energy:                -225.594241
Converged:                1
# of SCF iterations:      17
SCF Time:                 29.064s

=======================================================
            Individual Calculation Summary             
=======================================================
HF Energy: -1537.5038988713679373
=======================================================


Topology 16 time: 29.274119 s, performance: SP: 0 FLOP/s, DP: 397.3 GFLOP/s
JSON file written to: json_logs/lustre_orion_chm213_scratch_ryan_dhdft_inputs_exess_exess_inputs_BLYP_def2-TZVP_isomers_9240-9259_topology_16.json
************************************************************
**************** Running topology 18 of 20 *****************
************************************************************

************************************************************
***************** Beginning RI-BLYP energy *****************
************************************************************

=======================================================
                  BLYP Energy Results                  
=======================================================
E BLYP                : -1537.48567309
Nuclear Repulsion Energy: 3807.91476112
Electronic Energy:        -5119.81599983
XC Energy:                -225.584434
Converged:                1
# of SCF iterations:      17
SCF Time:                 29.051s

=======================================================
            Individual Calculation Summary             
=======================================================
HF Energy: -1537.4856730885662728
=======================================================


Topology 17 time: 29.256704 s, performance: SP: 0 FLOP/s, DP: 391.7 GFLOP/s
JSON file written to: json_logs/lustre_orion_chm213_scratch_ryan_dhdft_inputs_exess_exess_inputs_BLYP_def2-TZVP_isomers_9240-9259_topology_17.json
************************************************************
**************** Running topology 19 of 20 *****************
************************************************************

************************************************************
***************** Beginning RI-BLYP energy *****************
************************************************************

=======================================================
                  BLYP Energy Results                  
=======================================================
E BLYP                : -1537.48253954
Nuclear Repulsion Energy: 3862.94955063
Electronic Energy:        -5174.84199651
XC Energy:                -225.590094
Converged:                1
# of SCF iterations:      17
SCF Time:                 29.066s

=======================================================
            Individual Calculation Summary             
=======================================================
HF Energy: -1537.4825395431355446
=======================================================


Topology 18 time: 29.281638 s, performance: SP: 0 FLOP/s, DP: 402.1 GFLOP/s
JSON file written to: json_logs/lustre_orion_chm213_scratch_ryan_dhdft_inputs_exess_exess_inputs_BLYP_def2-TZVP_isomers_9240-9259_topology_18.json
************************************************************
**************** Running topology 20 of 20 *****************
************************************************************

************************************************************
***************** Beginning RI-BLYP energy *****************
************************************************************

=======================================================
                  BLYP Energy Results                  
=======================================================
E BLYP                : -1537.48613047
Nuclear Repulsion Energy: 3873.60238143
Electronic Energy:        -5185.50146511
XC Energy:                -225.587047
Converged:                1
# of SCF iterations:      17
SCF Time:                 30.675s

=======================================================
            Individual Calculation Summary             
=======================================================
HF Energy: -1537.4861304712703713
=======================================================


Topology 19 time: 30.894049 s, performance: SP: 0 FLOP/s, DP: 382.4 GFLOP/s
JSON file written to: json_logs/lustre_orion_chm213_scratch_ryan_dhdft_inputs_exess_exess_inputs_BLYP_def2-TZVP_isomers_9240-9259_topology_19.json
Total flops: SP: 0 FLOPS, DP: 235.49081 TFLOPS
Performance: SP: 0 FLOP/s, DP: 391.1 GFLOP/s

Now, a word from our sponsors... 
 Hey Jorge, EXESS broke again (Min Htoo on setonix, 2023)

[31mTotal processing time 602.370786 seconds[0m
[CRAYBLAS_WARNING] Application linked against multiple cray-libsci libraries
56730879 |   2.4568e-09   |    1.1750     |    0.3383
   15     | -1537.4856730884 |   7.7098e-10   |    1.2054     |    0.3375
   16     | -1537.4856730885 |   4.1517e-10   |    1.3779     |    0.2565
   17     | -1537.4856730886 |   6.7369e-11   |    1.3200     |    0.2995
Created 602733 / 2471184 significant shell pairs
Created 466576 / 1882384 significant shell pairs
Total number of grid points: 314428 (5071 per atom)
One electron integrals and orthogonalizer took 0.045588s
Created 466576 / 1882384 significant shell pairs
3C integrals and B formation took 2.125852s
Iteration |      Energy      |  DIIS Metric   | Fock Time (s) | DIIS Time (s)
----------+------------------+----------------+---------------+--------------
    1     | -1546.6928784950 |   9.4772e+02   |    1.1738     |    0.2869
    2     | -1536.4571858904 |   3.6845e+00   |    1.2725     |    0.2654
    3     | -1535.8285747576 |   6.1137e+00   |    1.3271     |    0.2960
    4     | -1537.4478776448 |   1.2500e-01   |    1.1649     |    0.2173
    5     | -1537.4670667310 |   5.6349e-02   |    1.2046     |    0.3791
    6     | -1537.4814512611 |   3.7964e-03   |    1.2050     |    0.3783
    7     | -1537.4821963735 |   1.1884e-03   |    1.2467     |    0.3794
    8     | -1537.4824821381 |   2.0203e-04   |    1.2466     |    0.2999
    9     | -1537.4825327837 |   2.2771e-05   |    0.9129     |    0.4218
   10     | -1537.4825368432 |   8.5296e-06   |    0.9989     |    0.4154
   11     | -1537.4825393581 |   6.3891e-07   |    1.2670     |    0.3375
   12     | -1537.4825394968 |   1.6530e-07   |    1.2625     |    0.3349
   13     | -1537.4825395314 |   4.3259e-08   |    1.2680     |    0.3347
   14     | -1537.4825395423 |   3.0712e-09   |    1.0615     |    0.2552
   15     | -1537.4825395429 |   8.6167e-10   |    1.1852     |    0.3388
   16     | -1537.4825395430 |   5.6921e-10   |    1.3836     |    0.2588
   17     | -1537.4825395431 |   5.8047e-11   |    1.3412     |    0.2583
Created 604953 / 2471184 significant shell pairs
Created 468409 / 1882384 significant shell pairs
Total number of grid points: 309415 (4990 per atom)
One electron integrals and orthogonalizer took 0.168535s
Created 468409 / 1882384 significant shell pairs
3C integrals and B formation took 2.191759s
Iteration |      Energy      |  DIIS Metric   | Fock Time (s) | DIIS Time (s)
----------+------------------+----------------+---------------+--------------
    1     | -1546.6876650789 |   9.4709e+02   |    1.3816     |    0.2839
    2     | -1536.4589933955 |   3.6895e+00   |    1.2686     |    0.2569
    3     | -1535.8210585681 |   6.1083e+00   |    1.3379     |    0.2630
    4     | -1537.4324160593 |   1.8347e-01   |    1.1741     |    0.3379
    5     | -1537.4556144792 |   1.0623e-01   |    1.2221     |    0.3391
    6     | -1537.4836953866 |   8.7489e-03   |    1.3758     |    0.2573
    7     | -1537.4855031166 |   2.0141e-03   |    1.3349     |    0.2646
    8     | -1537.4858711472 |   8.1624e-04   |    1.3286     |    0.2573
    9     | -1537.4861198305 |   3.5148e-05   |    1.1801     |    0.3376
   10     | -1537.4861272427 |   1.1305e-05   |    1.2216     |    0.3381
   11     | -1537.4861302190 |   9.2066e-07   |    1.3777     |    0.2589
   12     | -1537.4861304432 |   9.9791e-08   |    1.3342     |    0.2599
   13     | -1537.4861304566 |   5.1274e-08   |    1.3332     |    0.2589
   14     | -1537.4861304703 |   3.2740e-09   |    1.1791     |    0.3389
   15     | -1537.4861304710 |   1.1986e-09   |    1.2210     |    0.3386
   16     | -1537.4861304712 |   3.3783e-10   |    1.3765     |    0.2571
   17     | -1537.4861304713 |   9.2607e-11   |    1.3353     |    0.2588
Please cite the following papers for the methods used in this calculation:
 - J.L. Galvez Vallejo et. al., Toward an extreme-scale electronic structure system, J. Chem. Phys., 2023. DOI: 10.1063/5.0156399

 - R. Stocks, E. Palethorpe, and G.M.J. Barca, Multi-GPU RI-HF Energies and Analytic Gradients ─ Toward High-Throughput Ab Initio Molecular Dynamics, J. Chem. Theory Comput., 2024. DOI: 10.1021/acs.jctc.4c00877
   For:
     * RI-HF energy

 - D.B. Williams-Young, W.A. de Jong, H.J.J. van Dam, and C. Yang, On the Efficient Evaluation of the Exchange Correlation Potential on Graphics Processing Unit Clusters, Frontiers in Chemistry, 2020. DOI: 10.3389/fchem.2020.581058
   For:
     * GauXC implementation of exchange-correlation integration

 - R. Stocks and G.M.J. Barca, Efficient Algorithms for GPU Accelerated Evaluation of the DFT Exchange-Correlation Functional, J. Chem. Theory Comput., 2025. DOI: 10.1021/acs.jctc.5c01229
   For:
     * GPU accelerated DFT exchange-correlation evaluation

[CRAYBLAS_WARNING] Application linked against multiple cray-libsci libraries
