Total number of grid points: 340987 (5014 per atom)
Total number of grid points: 344270 (5062 per atom)
Total number of grid points: 351658 (5171 per atom)
Total number of grid points: 346554 (5096 per atom)
Total number of grid points: 347137 (5104 per atom)
Total number of grid points: 340065 (5000 per atom)
Total number of grid points: 349968 (5146 per atom)
Total number of grid points: 343417 (5050 per atom)
Total number of grid points: 341088 (5016 per atom)
Total number of grid points: 346343 (5093 per atom)
Total number of grid points: 347586 (5111 per atom)
Total number of grid points: 341286 (5018 per atom)
Total number of grid points: 348023 (5117 per atom)
Total number of grid points: 348592 (5126 per atom)
Total number of grid points: 350930 (5160 per atom)
Total number of grid points: 342755 (5040 per atom)
Total number of grid points: 352807 (5188 per atom)
Total number of grid points: 342880 (5042 per atom)
Total number of grid points: 343387 (5049 per atom)
Total number of grid points: 340945 (5013 per atom)
[CRAYBLAS_WARNING] Application linked against multiple cray-libsci libraries
5672
   10     | -1691.1012639996 |   1.0745e-05   |    1.1073     |    0.4225
   11     | -1691.1012671815 |   6.9481e-07   |    1.3119     |    0.5533
   12     | -1691.1012673404 |   1.6146e-07   |    1.3939     |    0.3133
   13     | -1691.1012673727 |   5.0224e-08   |    1.3868     |    0.3546
   14     | -1691.1012673848 |   5.0058e-09   |    1.3790     |    0.3819
   15     | -1691.1012673860 |   1.3027e-09   |    1.3550     |    0.4719
   16     | -1691.1012673860 |   1.0300e-09   |    1.4762     |    0.5132
   17     | -1691.1012673863 |   1.4435e-10   |    1.4352     |    0.4311
   18     | -1691.1012673863 |   4.0961e-11   |    1.4361     |    0.4721
Created 737089 / 2985984 significant shell pairs
Created 573755 / 2274064 significant shell pairs
Total number of grid points: 342766 (5040 per atom)
One electron integrals and orthogonalizer took 0.215062s
Created 573755 / 2274064 significant shell pairs
3C integrals and B formation took 2.691813s
Iteration |      Energy      |  DIIS Metric   | Fock Time (s) | DIIS Time (s)
----------+------------------+----------------+---------------+--------------
    1     | -1701.2623375874 |   1.0437e+03   |    1.7630     |    0.5493
    2     | -1689.9755708010 |   4.0287e+00   |    1.5136     |    0.4654
    3     | -1689.2761571836 |   6.7188e+00   |    1.5142     |    0.5134
    4     | -1691.0413165612 |   1.9115e-01   |    1.2361     |    0.6302
    5     | -1691.0671645034 |   9.5141e-02   |    1.2740     |    0.6348
    6     | -1691.0908575870 |   1.4898e-02   |    1.4367     |    0.5537
    7     | -1691.0946052531 |   2.3207e-03   |    1.5165     |    0.5131
    8     | -1691.0950970743 |   8.8237e-04   |    1.5174     |    0.3512
    9     | -1691.0953553730 |   3.7409e-05   |    1.2728     |    0.3516
   10     | -1691.0953624981 |   1.2725e-05   |    1.2740     |    0.3509
   11     | -1691.0953656294 |   1.3566e-06   |    1.5163     |    0.4320
   12     | -1691.0953659579 |   2.2792e-07   |    1.5155     |    0.4316
   13     | -1691.0953660025 |   8.4074e-08   |    1.5170     |    0.4328
   14     | -1691.0953660229 |   5.8080e-09   |    1.2721     |    0.3516
   15     | -1691.0953660240 |   2.3427e-09   |    1.2733     |    0.3513
   16     | -1691.0953660240 |   2.0200e-09   |    1.5162     |    0.4324
   17     | -1691.0953660246 |   1.4483e-10   |    1.5158     |    0.4318
   18     | -1691.0953660246 |   8.2819e-11   |    1.5166     |    0.4321
Created 722620 / 2985984 significant shell pairs
Created 562837 / 2274064 significant shell pairs
Total number of grid points: 342377 (5034 per atom)
One electron integrals and orthogonalizer took 0.135600s
Created 562837 / 2274064 significant shell pairs
3C integrals and B formation took 2.584416s
Iteration |      Energy      |  DIIS Metric   | Fock Time (s) | DIIS Time (s)
----------+------------------+----------------+---------------+--------------
    1     | -1701.2686443696 |   1.0418e+03   |    1.4428     |    0.3921
    2     | -1689.9964745720 |   4.0360e+00   |    1.5183     |    0.3521
    3     | -1689.3419003302 |   6.5464e+00   |    1.5163     |    0.4306
    4     | -1691.0778361439 |   1.3836e-01   |    1.2737     |    0.3505
    5     | -1691.0982074053 |   6.8260e-02   |    1.2705     |    0.3532
    6     | -1691.1161874167 |   6.8977e-03   |    1.5162     |    0.4243
    7     | -1691.1176531499 |   1.6523e-03   |    1.4310     |    0.4163
    8     | -1691.1180349098 |   3.9677e-04   |    1.3896     |    0.3351
    9     | -1691.1181453799 |   2.6784e-05   |    1.2392     |    0.3923
   10     | -1691.1181516129 |   6.1742e-06   |    1.2365     |    0.3886
   11     | -1691.1181532524 |   3.9210e-07   |    1.5176     |    0.3514
   12     | -1691.1181533134 |   1.8037e-07   |    1.5156     |    0.4321
   13     | -1691.1181533565 |   3.1053e-08   |    1.5164     |    0.4320
   14     | -1691.1181533648 |   2.9251e-09   |    1.2722     |    0.3509
   15     | -1691.1181533654 |   6.4597e-10   |    1.2719     |    0.3519
   16     | -1691.1181533655 |   3.5493e-10   |    1.5160     |    0.4317
   17     | -1691.1181533656 |   4.8349e-11   |    1.5160     |    0.4318
Created 686151 / 2985984 significant shell pairs
Created 533262 / 2274064 significant shell pairs
Total number of grid points: 344405 (5064 per atom)
One electron integrals and orthogonalizer took 0.136007s
Created 533262 / 2274064 significant shell pairs
3C integrals and B formation took 2.480710s
Iteration |      Energy      |  DIIS Metric   | Fock Time (s) | DIIS Time (s)
----------+------------------+----------------+---------------+--------------
    1     | -1701.2650531396 |   1.0407e+03   |    1.4526     |    0.3829
    2     | -1689.9955732349 |   4.0440e+00   |    1.3957     |    0.5549
    3     | -1689.3313291260 |   6.6023e+00   |    1.3931     |    0.5544
    4     | -1691.0847245178 |   1.2516e-01   |    1.1908     |    0.5128
    5     | -1691.1069850671 |   4.6257e-02   |    1.1928     |    0.6350
    6     | -1691.1184288989 |   4.0467e-03   |    1.3654     |    0.5853
    7     | -1691.1191784361 |   1.4240e-03   |    1.3945     |    0.5540
    8     | -1691.1195625649 |   1.5344e-04   |    1.3967     |    0.5131
    9     | -1691.1195989669 |   2.6904e-05   |    1.1122     |    0.5132
   10     | -1691.1196048256 |   6.4532e-06   |    1.1111     |    0.5132
   11     | -1691.1196066525 |   3.0675e-07   |    1.3682     |    0.3416
   12     | -1691.1196066999 |   1.4513e-07   |    1.4355     |    0.4319
   13     | -1691.1196067347 |   2.2586e-08   |    1.3950     |    0.5132
   14     | -1691.1196067404 |   3.4283e-09   |    1.1123     |    0.5131
   15     | -1691.1196067412 |   6.5783e-10   |    1.1116     |    0.5132
   16     | -1691.1196067412 |   4.9703e-10   |    1.3676     |    0.3420
   17     | -1691.1196067413 |   6.6761e-11   |    1.4355     |    0.4320
Created 702437 / 2985984 significant shell pairs
Created 546282 / 2274064 significant shell pairs
Total number of grid points: 344459 (5065 per atom)
One electron integrals and orthogonalizer took 0.134793s
Created 546282 / 2274064 significant shell pairs
3C integrals and B formation took 2.581337s
Iteration |      Energy      |  DIIS Metric   | Fock Time (s) | DIIS Time (s)
----------+------------------+----------------+---------------+--------------
    1     | -1701.2722225878 |   1.0430e+03   |    1.4096     |    0.4316
    2     | -1689.9911999429 |   4.0502e+00   |    1.4349     |    0.3916
    3     | -1689.3055477624 |   6.7222e+00   |    1.3709     |    0.3422
    4     | -1691.0753822813 |   1.4597e-01   |    1.2217     |    0.3209
    5     | -1691.0957466020 |   6.9947e-02   |    1.1906     |    0.4324
    6     | -1691.1139735908 |   6.4083e-03   |    1.4136     |    0.4230
    7     | -1691.1153587309 |   1.5725e-03   |    1.3725     |    0.3420
    8     | -1691.1157312991 |   2.7992e-04   |    1.4358     |    0.4323
    9     | -1691.1158031199 |   2.7359e-05   |    1.1906     |    0.4321
   10     | -1691.1158089505 |   6.9411e-06   |    1.1905     |    0.4355
   11     | -1691.1158107722 |   3.3385e-07   |    1.4150     |    0.4232
   12     | -1691.1158108139 |   1.7399e-07   |    1.3732     |    0.3420
   13     | -1691.1158108567 |   3.2505e-08   |    1.4360     |    0.4320
   14     | -1691.1158108657 |   3.1523e-09   |    1.1904     |    0.4324
   15     | -1691.1158108663 |   7.5756e-10   |    1.1910     |    0.4323
   16     | -1691.1158108663 |   9.6309e-10   |    1.4134     |    0.4229
   17     | -1691.1158108665 |   5.6723e-11   |    1.3716     |    0.3419
Created 713342 / 2985984 significant shell pairs
Created 554574 / 2274064 significant shell pairs
Total number of grid points: 345989 (5088 per atom)
One electron integrals and orthogonalizer took 0.094644s
Created 554574 / 2274064 significant shell pairs
3C integrals and B formation took 2.597696s
Iteration |      Energy      |  DIIS Metric   | Fock Time (s) | DIIS Time (s)
----------+------------------+----------------+---------------+--------------
    1     | -1701.2663892334 |   1.0440e+03   |    1.3939     |    0.5451
    2     | -1689.9814894947 |   4.0272e+00   |    1.3865     |    0.3426
    3     | -1689.3046746084 |   6.6585e+00   |    1.4676     |    0.3827
    4     | -1691.0622559847 |   1.4514e-01   |    1.2195     |    0.3827
    5     | -1691.0859894810 |   5.6558e-02   |    1.2220     |    0.3827
    6     | -1691.1001952779 |   5.4431e-03   |    1.4277     |    0.4229
    7     | -1691.1013446580 |   1.4050e-03   |    1.3875     |    0.3419
    8     | -1691.1017038324 |   1.5720e-04   |    1.4671     |    0.3830
    9     | -1691.1017422715 |   2.6063e-05   |    1.2192     |    0.3828
   10     | -1691.1017477544 |   6.7486e-06   |    1.2230     |    0.3828
   11     | -1691.1017496494 |   5.4438e-07   |    1.4255     |    0.4230
   12     | -1691.1017497654 |   1.7042e-07   |    1.3884     |    0.3422
   13     | -1691.1017498027 |   4.0086e-08   |    1.4687     |    0.3826
   14     | -1691.1017498128 |   3.1985e-09   |    1.2204     |    0.3829
   15     | -1691.1017498135 |   7.7202e-10   |    1.2222     |    0.3821
   16     | -1691.1017498135 |   7.9922e-10   |    1.4296     |    0.4228
   17     | -1691.1017498137 |   5.5814e-11   |    1.3837     |    0.3421
Created 702413 / 2985984 significant shell pairs
Created 546768 / 2274064 significant shell pairs
Total number of grid points: 345487 (5080 per atom)
One electron integrals and orthogonalizer took 0.095308s
Created 546768 / 2274064 significant shell pairs
3C integrals and B formation took 2.591381s
Iteration |      Energy      |  DIIS Metric   | Fock Time (s) | DIIS Time (s)
----------+------------------+----------------+---------------+--------------
    1     | -1701.2592449923 |   1.0421e+03   |    1.3843     |    0.5449
    2     | -1689.9867739298 |   4.0177e+00   |    1.3764     |    0.3420
    3     | -1689.3152212493 |   6.6036e+00   |    1.4362     |    0.4308
    4     | -1691.0649385340 |   1.5556e-01   |    1.2135     |    0.3833
    5     | -1691.0918722737 |   5.5787e-02   |    1.2121     |    0.3820
    6     | -1691.1058827723 |   5.6776e-03   |    1.4188     |    0.4229
    7     | -1691.1070259872 |   1.5327e-03   |    1.3733     |    0.3419
    8     | -1691.1073678448 |   3.0469e-04   |    1.4359     |    0.4324
    9     | -1691.1074488148 |   2.6382e-05   |    1.2119     |    0.3823
   10     | -1691.1074546863 |   6.7574e-06   |    1.2115     |    0.3827
   11     | -1691.1074565697 |   2.4601e-07   |    1.4185     |    0.4230
   12     | -1691.1074566051 |   1.1924e-07   |    1.3775     |    0.3421
   13     | -1691.1074566317 |   2.2777e-08   |    1.4547     |    0.3829
   14     | -1691.1074566374 |   2.3927e-09   |    1.2108     |    0.3825
   15     | -1691.1074566379 |   6.0757e-10   |    1.2116     |    0.3830
   16     | -1691.1074566380 |   4.7020e-10   |    1.4177     |    0.4229
   17     | -1691.1074566381 |   5.7033e-11   |    1.3756     |    0.3419
Created 708994 / 2985984 significant shell pairs
Created 551754 / 2274064 significant shell pairs
Total number of grid points: 350025 (5147 per atom)
One electron integrals and orthogonalizer took 0.094551s
Created 551754 / 2274064 significant shell pairs
3C integrals and B formation took 2.597532s
Iteration |      Energy      |  DIIS Metric   | Fock Time (s) | DIIS Time (s)
----------+------------------+----------------+---------------+--------------
    1     | -1701.2563537399 |   1.0421e+03   |    1.4445     |    0.5532
    2     | -1689.9825505379 |   4.0133e+00   |    1.4301     |    0.4231
    3     | -1689.3091450843 |   6.6062e+00   |    1.3874     |    0.3418
    4     | -1691.0582954622 |   1.5838e-01   |    1.2292     |    0.3144
    5     | -1691.0832895135 |   6.2985e-02   |    1.2262     |    0.3828
    6     | -1691.0987087424 |   1.0202e-02   |    1.4287     |    0.4228
    7     | -1691.1012725666 |   2.1135e-03   |    1.3885     |    0.3416
    8     | -1691.1017263361 |   7.2937e-04   |    1.4678     |    0.3825
    9     | -1691.1019298682 |   3.4766e-05   |    1.2239     |    0.3822
   10     | -1691.1019364492 |   1.2329e-05   |    1.2228     |    0.3826
   11     | -1691.1019396828 |   9.4252e-07   |    1.4266     |    0.4230
   12     | -1691.1019399082 |   1.6968e-07   |    1.3854     |    0.3417
   13     | -1691.1019399403 |   6.2110e-08   |    1.4707     |    0.3822
   14     | -1691.1019399569 |   4.9687e-09   |    1.2230     |    0.3823
   15     | -1691.1019399578 |   1.7928e-09   |    1.2234     |    0.3823
   16     | -1691.1019399577 |   1.9017e-09   |    1.4288     |    0.4232
   17     | -1691.1019399583 |   2.6101e-10   |    1.3878     |    0.3420
   18     | -1691.1019399583 |   6.2242e-11   |    1.4689     |    0.3822
Created 688624 / 2985984 significant shell pairs
Created 535325 / 2274064 significant shell pairs
Total number of grid points: 345211 (5076 per atom)
One electron integrals and orthogonalizer took 0.135279s
Created 535325 / 2274064 significant shell pairs
3C integrals and B formation took 2.485366s
Iteration |      Energy      |  DIIS Metric   | Fock Time (s) | DIIS Time (s)
----------+------------------+----------------+---------------+--------------
    1     | -1701.2611166657 |   1.0405e+03   |    1.5089     |    0.4310
    2     | -1689.9937260131 |   4.0364e+00   |    1.4354     |    0.3918
    3     | -1689.3258399219 |   6.6089e+00   |    1.3662     |    0.3422
    4     | -1691.0754714515 |   1.4463e-01   |    1.2159     |    0.3274
    5     | -1691.1004845727 |   5.5127e-02   |    1.1913     |    0.4310
    6     | -1691.1137872505 |   6.4825e-03   |    1.3953     |    0.5125
    7     | -1691.1150735495 |   1.9753e-03   |    1.3671     |    0.3419
    8     | -1691.1155786105 |   3.4473e-04   |    1.4357     |    0.4320
    9     | -1691.1156741070 |   2.5381e-05   |    1.1907     |    0.4317
   10     | -1691.1156800432 |   6.4712e-06   |    1.1922     |    0.4326
   11     | -1691.1156818503 |   4.1290e-07   |    1.3940     |    0.5133
   12     | -1691.1156819215 |   1.6176e-07   |    1.3647     |    0.3420
   13     | -1691.1156819580 |   3.4133e-08   |    1.4359     |    0.4323
   14     | -1691.1156819667 |   3.0955e-09   |    1.1913     |    0.4326
   15     | -1691.1156819674 |   7.6566e-10   |    1.1905     |    0.4322
   16     | -1691.1156819674 |   6.9549e-10   |    1.3943     |    0.5129
   17     | -1691.1156819676 |   9.7777e-11   |    1.3656     |    0.3418
Created 692111 / 2985984 significant shell pairs
Created 537962 / 2274064 significant shell pairs
Total number of grid points: 348716 (5128 per atom)
One electron integrals and orthogonalizer took 0.094878s
Created 537962 / 2274064 significant shell pairs
3C integrals and B formation took 2.595904s
Iteration |      Energy      |  DIIS Metric   | Fock Time (s) | DIIS Time (s)
----------+------------------+----------------+---------------+--------------
    1     | -1701.2576544887 |   1.0418e+03   |    1.3989     |    0.5450
    2     | -1689.9861462733 |   4.0183e+00   |    1.3779     |    0.3421
    3     | -1689.3189918349 |   6.5685e+00   |    1.4576     |    0.3824
    4     | -1691.0619082746 |   1.5702e-01   |    1.1908     |    0.4328
    5     | -1691.0864058711 |   7.0190e-02   |    1.1909     |    0.4315
    6     | -1691.1051661264 |   6.0075e-03   |    1.4122     |    0.4232
    7     | -1691.1064925184 |   1.2601e-03   |    1.3731     |    0.3421
    8     | -1691.1067987011 |   2.2279e-04   |    1.4586     |    0.3825
    9     | -1691.1068553874 |   2.1915e-05   |    1.1919     |    0.4325
   10     | -1691.1068596268 |   6.6782e-06   |    1.1903     |    0.4328
   11     | -1691.1068614827 |   4.9577e-07   |    1.4151     |    0.4231
   12 =======================================================
                  BLYP Energy Results                  
=======================================================
E BLYP                : -1691.10686163
Nuclear Repulsion Energy: 4516.04252704
Electronic Energy:        -5959.0748247
XC Energy:                -248.074564
Converged:                1
# of SCF iterations:      17
SCF Time:                 33.267s

=====================Created 711906 / 2985984 significant shell pairs
Created 554228 / 2274064 significant shell pairs
Total number of grid points: 334616 (4920 per atom)
One electron integrals and orthogonalizer took 0.094876s
Created 554228 / 2274064 significant shell pairs
3C integrals and B formation took 2.596730s
Iteration |      Energy      |  DIIS Metric   | Fock Time (s) | DIIS Time (s)
----------+------------------+----------------+---------------+--------------
    1     | -1701.2612579824 |   1.0423e+03   |    1.3936     |    0.5451
    2     | -1689.9856713827 |   4.0189e+00   |    1.3733     |    0.3422
    3     | -1689.3218915095 |   6.5577e+00   |    1.4553     |    0.3828
    4     | -1691.0628813485 |   1.4963e-01   |    1.2131     |    0.3830
    5     | -1691.0866062914 |   6.6485e-02   |    1.2101     |    0.3828
    =======================================================
                  BLYP Energy Results                  
=======================================================
E BLYP                : -1691.10565539
Nuclear Repulsion Energy: 4586.14385881
Electronic Energy:        -6029.17275006
XC Energy:                -248.076764
Converged:                1
# of SCF iterations:      17
SCF Time:                 33.262s

=======================================================
            Individual Calculation Summary             
=======================================================
HF Energy: -1691.1056553936919045
=======================================================


Topology 10 time: 33.499162 s, performance: SP: 0 FLOP/s, DP: 500.5 GFLOP/s
JSON file written to: json_logs/lustre_orion_chm213_scratch_ryan_dhdft_inputs_exess_exess_inputs_BLYP_def2-TZVP_isomers_36840-3685Created 738344 / 2985984 significant shell pairs
Created 575781 / 2274064 significant shell pairs
Total number of grid points: 345596 (5082 per atom)
One electron integrals and orthogonalizer took 0.095125s
Created 575781 / 2274064 significant shell pairs
3C integrals and B formation took 2.607820s
Iteration |      Energy      |  DIIS Metric   | Fock Time (s) | DIIS Time (s)
---------=======================================================
                  BLYP Energy Results                  
=======================================================
E BLYP                : -1691.11346677
Nuclear Repulsion Energy: 4663.11768065
Electronic Energy:        -6106.14879089
XC Energy:                -248.082357
Converged:                1
# of SCF iterations:      17
SCF Time:                 34.465s

=======================================================
            Individual Calculation Summary             
=======================================================
HF Energy: -1691.1134667729168086
=======================================================


Topology 11 time: 34.711641 s, performance: SP: 0 FLOP/s, DP: 500.1 GFLOP/s
JSON file written to: json_logs/lustre_orion_chm213_scratch_ryan_dhdft_inputs_exess_exess_inputs_BLYP_def2-TZVP_isomers_36840-36859_topology_11.json
************************************************************
**************** Running topology 13 of 20 *****************
************************************************************

************************************************************
***************** Beginning RI-BLYP energy *****************
************************************************************

=======================================================
                  BLYP Energy Results                  
=======================================================
E BLYP                : -1691.11364818
Nuclear Repulsion Energy: 4717.59015411
Electronic Energy:        -6160.61633885
XC Energy:                -248.087463
Converged:                1
# of SCF iterations:      17
SCF Time:                 34.541s

=======================================================
            Individual Calculation Summary             
=======================================================
HF Energy: -1691.1136481766282031
=======================================================


Topology 12 time: 34.792149 s, performance: SP: 0 FLOP/s, DP: 511.9 GFLOP/s
JSON file written to: json_logs/lustre_orion_chm213_scratch_ryan_dhdft_inputs_exess_exess_inputs_BLYP_def2-TZVP_isomers_36840-36859_topology_12.json
************************************************************
**************** Running topology 14 of 20 *****************
************************************************************

************************************************************
***************** Beginning RI-BLYP energy *****************
************************************************************

=======================================================
                  BLYP Energy Results                  
=======================================================
E BLYP                : -1691.12026526
Nuclear Repulsion Energy: 4551.86013904
Electronic Energy:        -5994.90206517
XC Energy:                -248.078339
Converged:                1
# of SCF iterations:      17
SCF Time:                 33.329s

=======================================================
            Individual Calculation Summary             
=======================================================
HF Energy: -1691.1202652636748098
=======================================================


Topology 13 time: 33.572978 s, performance: SP: 0 FLOP/s, DP: 492.5 GFLOP/s
JSON file written to: json_logs/lustre_orion_chm213_scratch_ryan_dhdft_inputs_exess_exess_inputs_BLYP_def2-TZVP_isomers_36840-36859_topology_13.json
************************************************************
**************** Running topology 15 of 20 *****************
************************************************************

************************************************************
***************** Beginning RI-BLYP energy *****************
************************************************************

=======================================================
                  BLYP Energy Results                  
=======================================================
E BLYP                : -1691.11544133
Nuclear Repulsion Energy: 4595.32463486
Electronic Energy:        -6038.35703678
XC Energy:                -248.083039
Converged:                1
# of SCF iterations:      17
SCF Time:                 33.248s

=======================================================
            Individual Calculation Summary             
=======================================================
HF Energy: -1691.1154413279634809
=======================================================


Topology 14 time: 33.497009 s, performance: SP: 0 FLOP/s, DP: 502.7 GFLOP/s
JSON file written to: json_logs/lustre_orion_chm213_scratch_ryan_dhdft_inputs_exess_exess_inputs_BLYP_def2-TZVP_isomers_36840-36859_topology_14.json
************************************************************
**************** Running topology 16 of 20 *****************
************************************************************

************************************************************
***************** Beginning RI-BLYP energy *****************
************************************************************

=======================================================
                  BLYP Energy Results                  
=======================================================
E BLYP                : -1691.10099188
Nuclear Repulsion Energy: 4640.28194612
Electronic Energy:        -6083.30205299
XC Energy:                -248.080885
Converged:                1
# of SCF iterations:      17
SCF Time:                 33.239s

=======================================================
            Individual Calculation Summary             
=======================================================
HF Energy: -1691.1009918846743858
=======================================================


Topology 15 time: 33.487520 s, performance: SP: 0 FLOP/s, DP: 512.6 GFLOP/s
JSON file written to: json_logs/lustre_orion_chm213_scratch_ryan_dhdft_inputs_exess_exess_inputs_BLYP_def2-TZVP_isomers_36840-36859_topology_15.json
************************************************************
**************** Running topology 17 of 20 *****************
************************************************************

************************************************************
***************** Beginning RI-BLYP energy *****************
************************************************************

=======================================================
                  BLYP Energy Results                  
=======================================================
E BLYP                : -1691.10753046
Nuclear Repulsion Energy: 4595.96508822
Electronic Energy:        -6038.99749963
XC Energy:                -248.075119
Converged:                1
# of SCF iterations:      17
SCF Time:                 33.246s

=======================================================
            Individual Calculation Summary             
=======================================================
HF Energy: -1691.1075304580399461
=======================================================


Topology 16 time: 33.498559 s, performance: SP: 0 FLOP/s, DP: 501.5 GFLOP/s
JSON file written to: json_logs/lustre_orion_chm213_scratch_ryan_dhdft_inputs_exess_exess_inputs_BLYP_def2-TZVP_isomers_36840-36859_topology_16.json
************************************************************
**************** Running topology 18 of 20 *****************
************************************************************

************************************************************
***************** Beginning RI-BLYP energy *****************
************************************************************

=======================================================
                  BLYP Energy Results                  
=======================================================
E BLYP                : -1691.10044292
Nuclear Repulsion Energy: 4612.42741715
Electronic Energy:        -6055.4537313
XC Energy:                -248.074129
Converged:                1
# of SCF iterations:      18
SCF Time:                 36.401s

=======================================================
            Individual Calculation Summary             
=======================================================
HF Energy: -1691.1004429219881331
=======================================================


Topology 17 time: 36.655165 s, performance: SP: 0 FLOP/s, DP: 465.2 GFLOP/s
JSON file written to: json_logs/lustre_orion_chm213_scratch_ryan_dhdft_inputs_exess_exess_inputs_BLYP_def2-TZVP_isomers_36840-36859_topology_17.json
************************************************************
**************** Running topology 19 of 20 *****************
************************************************************

************************************************************
***************** Beginning RI-BLYP energy *****************
************************************************************

=======================================================
                  BLYP Energy Results                  
=======================================================
E BLYP                : -1691.09983461
Nuclear Repulsion Energy: 4604.88905341
Electronic Energy:        -6047.91504989
XC Energy:                -248.073838
Converged:                1
# of SCF iterations:      18
SCF Time:                 35.181s

=======================================================
            Individual Calculation Summary             
=======================================================
HF Energy: -1691.0998346087931168
=======================================================


Topology 18 time: 35.438318 s, performance: SP: 0 FLOP/s, DP: 480.4 GFLOP/s
JSON file written to: json_logs/lustre_orion_chm213_scratch_ryan_dhdft_inputs_exess_exess_inputs_BLYP_def2-TZVP_isomers_36840-36859_topology_18.json
************************************************************
**************** Running topology 20 of 20 *****************
************************************************************

************************************************************
***************** Beginning RI-BLYP energy *****************
************************************************************

=======================================================
                  BLYP Energy Results                  
=======================================================
E BLYP                : -1691.10341921
Nuclear Repulsion Energy: 4605.62260686
Electronic Energy:        -6048.64939903
XC Energy:                -248.076627
Converged:                1
# of SCF iterations:      17
SCF Time:                 33.307s

=======================================================
            Individual Calculation Summary             
=======================================================
HF Energy: -1691.1034192145382349
=======================================================


Topology 19 time: 33.561690 s, performance: SP: 0 FLOP/s, DP: 505.4 GFLOP/s
JSON file written to: json_logs/lustre_orion_chm213_scratch_ryan_dhdft_inputs_exess_exess_inputs_BLYP_def2-TZVP_isomers_36840-36859_topology_19.json
Total flops: SP: 0 FLOPS, DP: 336.63168 TFLOPS
Performance: SP: 0 FLOP/s, DP: 484 GFLOP/s

Now, a word from our sponsors... 
 May the bridges we burn light the way.

[31mTotal processing time 695.750295 seconds[0m
[CRAYBLAS_WARNING] Application linked against multiple cray-libsci libraries
   1.2729     |    0.3515
   15     | -1691.1004429216 |   1.3526e-09   |    1.2730     |    0.3516
   16     | -1691.1004429214 |   1.7931e-09   |    1.5152     |    0.4319
   17     | -1691.1004429219 |   1.8633e-10   |    1.5156     |    0.4329
   18     | -1691.1004429220 |   6.1086e-11   |    1.5154     |    0.4322
Created 719613 / 2985984 significant shell pairs
Created 560532 / 2274064 significant shell pairs
Total number of grid points: 341950 (5028 per atom)
One electron integrals and orthogonalizer took 0.135918s
Created 560532 / 2274064 significant shell pairs
3C integrals and B formation took 2.650434s
Iteration |      Energy      |  DIIS Metric   | Fock Time (s) | DIIS Time (s)
----------+------------------+----------------+---------------+--------------
    1     | -1701.2566525488 |   1.0422e+03   |    1.4438     |    0.5569
    2     | -1689.9807352533 |   4.0130e+00   |    1.4223     |    0.4232
    3     | -1689.3041185051 |   6.6134e+00   |    1.3828     |    0.3423
    4     | -1691.0568904645 |   1.5644e-01   |    1.2202     |    0.3231
    5     | -1691.0850268361 |   5.3450e-02   |    1.2175     |    0.3864
    6     | -1691.0982169159 |   5.6195e-03   |    1.4213     |    0.4230
    7     | -1691.0992871278 |   1.8032e-03   |    1.3824     |    0.3419
    8     | -1691.0997313322 |   3.5341e-04   |    1.4633     |    0.3830
    9     | -1691.0998269130 |   2.6714e-05   |    1.2187     |    0.3826
   10     | -1691.0998324755 |   7.4475e-06   |    1.2172     |    0.3828
   11     | -1691.0998344605 |   5.0581e-07   |    1.4227     |    0.4231
   12     | -1691.0998345463 |   2.0235e-07   |    1.3821     |    0.3421
   13     | -1691.0998345949 |   4.5040e-08   |    1.4635     |    0.3822
   14     | -1691.0998346075 |   4.4289e-09   |    1.2192     |    0.3831
   15     | -1691.0998346086 |   8.7814e-10   |    1.2193     |    0.3831
   16     | -1691.0998346085 |   8.4375e-10   |    1.4226     |    0.4229
   17     | -1691.0998346088 |   1.0508e-10   |    1.3833     |    0.3422
   18     | -1691.0998346088 |   3.8897e-11   |    1.4619     |    0.3832
Created 720907 / 2985984 significant shell pairs
Created 561384 / 2274064 significant shell pairs
Total number of grid points: 338315 (4975 per atom)
One electron integrals and orthogonalizer took 0.135690s
Created 561384 / 2274064 significant shell pairs
3C integrals and B formation took 2.650274s
Iteration |      Energy      |  DIIS Metric   | Fock Time (s) | DIIS Time (s)
----------+------------------+----------------+---------------+--------------
    1     | -1701.2610367561 |   1.0424e+03   |    1.4446     |    0.5528
    2     | -1689.9846080650 |   4.0151e+00   |    1.4241     |    0.4234
    3     | -1689.3120962991 |   6.6034e+00   |    1.3842     |    0.3422
    4     | -1691.0551217338 |   1.7132e-01   |    1.2260     |    0.3174
    5     | -1691.0814187630 |   7.5180e-02   |    1.2224     |    0.3820
    6     | -1691.1016032855 |   6.7594e-03   |    1.4245     |    0.4234
    7     | -1691.1030701399 |   1.2698e-03   |    1.3812     |    0.3422
    8     | -1691.1033039846 |   3.7608e-04   |    1.4661     |    0.3826
    9     | -1691.1034107884 |   2.7465e-05   |    1.2224     |    0.3833
   10     | -1691.1034170591 |   7.5769e-06   |    1.2211     |    0.3831
   11     | -1691.1034191245 |   3.2274e-07   |    1.4266     |    0.4232
   12     | -1691.1034191752 |   1.4066e-07   |    1.3832     |    0.3420
   13     | -1691.1034192077 |   2.5438e-08   |    1.4663     |    0.3831
   14     | -1691.1034192138 |   2.5776e-09   |    1.2227     |    0.3830
   15     | -1691.1034192142 |   1.0108e-09   |    1.2233     |    0.3831
   16     | -1691.1034192144 |   6.8168e-10   |    1.4255     |    0.4234
   17     | -1691.1034192145 |   5.6331e-11   |    1.3825     |    0.3424
Please cite the following papers for the methods used in this calculation:
 - J.L. Galvez Vallejo et. al., Toward an extreme-scale electronic structure system, J. Chem. Phys., 2023. DOI: 10.1063/5.0156399

 - R. Stocks, E. Palethorpe, and G.M.J. Barca, Multi-GPU RI-HF Energies and Analytic Gradients ─ Toward High-Throughput Ab Initio Molecular Dynamics, J. Chem. Theory Comput., 2024. DOI: 10.1021/acs.jctc.4c00877
   For:
     * RI-HF energy

 - D.B. Williams-Young, W.A. de Jong, H.J.J. van Dam, and C. Yang, On the Efficient Evaluation of the Exchange Correlation Potential on Graphics Processing Unit Clusters, Frontiers in Chemistry, 2020. DOI: 10.3389/fchem.2020.581058
   For:
     * GauXC implementation of exchange-correlation integration

 - R. Stocks and G.M.J. Barca, Efficient Algorithms for GPU Accelerated Evaluation of the DFT Exchange-Correlation Functional, J. Chem. Theory Comput., 2025. DOI: 10.1021/acs.jctc.5c01229
   For:
     * GPU accelerated DFT exchange-correlation evaluation

[CRAYBLAS_WARNING] Application linked against multiple cray-libsci libraries
