Total number of grid points: 325062 (5079 per atom)
Total number of grid points: 321759 (5027 per atom)
Total number of grid points: 324409 (5068 per atom)
Total number of grid points: 320072 (5001 per atom)
Total number of grid points: 331445 (5178 per atom)
Total number of grid points: 325703 (5089 per atom)
Total number of grid points: 317725 (4964 per atom)
Total number of grid points: 320704 (5011 per atom)
Total number of grid points: 323792 (5059 per atom)
Total number of grid points: 319055 (4985 per atom)
Total number of grid points: 326859 (5107 per atom)
Total number of grid points: 329839 (5153 per atom)
Total number of grid points: 318545 (4977 per atom)
Total number of grid points: 322108 (5032 per atom)
Total number of grid points: 327977 (5124 per atom)
Total number of grid points: 326712 (5104 per atom)
Total number of grid points: 327736 (5120 per atom)
Total number of grid points: 320995 (5015 per atom)
Total number of grid points: 321973 (5030 per atom)
Total number of grid points: 324110 (5064 per atom)
[CRAYBLAS_WARNING] Application linked against multiple cray-libsci libraries
5418
   10     | -1613.7034881542 |   1.3968e-05   |    0.9953     |    0.3721
   11     | -1613.7034919401 |   1.6931e-06   |    1.3542     |    0.5132
   12     | -1613.7034924162 |   1.7550e-07   |    1.2993     |    0.3038
   13     | -1613.7034924442 |   7.4425e-08   |    1.3544     |    0.3215
   14     | -1613.7034924627 |   8.1745e-09   |    1.0984     |    0.4609
   15     | -1613.7034924644 |   2.8884e-09   |    0.9555     |    0.3314
   16     | -1613.7034924649 |   1.2544e-09   |    1.2314     |    0.2770
   17     | -1613.7034924652 |   1.2746e-10   |    1.2353     |    0.3785
   18     | -1613.7034924653 |   6.5759e-11   |    1.2331     |    0.3167
Created 617451 / 2702736 significant shell pairs
Created 477347 / 2056356 significant shell pairs
Total number of grid points: 324341 (5067 per atom)
One electron integrals and orthogonalizer took 0.045159s
Created 477347 / 2056356 significant shell pairs
3C integrals and B formation took 2.309069s
Iteration |      Energy      |  DIIS Metric   | Fock Time (s) | DIIS Time (s)
----------+------------------+----------------+---------------+--------------
    1     | -1623.5061342144 |   9.9848e+02   |    1.3384     |    0.4697
    2     | -1612.6769320722 |   3.7489e+00   |    1.1484     |    0.5418
    3     | -1612.0791655294 |   5.9911e+00   |    1.3994     |    0.5350
    4     | -1613.6753155583 |   1.7383e-01   |    1.0780     |    0.3910
    5     | -1613.7048960805 |   7.2509e-02   |    1.1104     |    0.4600
    6     | -1613.7233032201 |   5.4659e-03   |    1.2037     |    0.4719
    7     | -1613.7242842376 |   2.0726e-03   |    1.1906     |    0.5002
    8     | -1613.7247911824 |   5.1800e-04   |    1.1395     |    0.3060
    9     | -1613.7249502156 |   2.9112e-05   |    0.9245     |    0.4086
   10     | -1613.7249567888 |   8.3945e-06   |    0.8788     |    0.4198
   11     | -1613.7249588985 |   9.6382e-07   |    1.1012     |    0.4082
   12     | -1613.7249591362 |   1.7765e-07   |    1.1239     |    0.3622
   13     | -1613.7249591672 |   8.1682e-08   |    1.2598     |    0.3528
   14     | -1613.7249591887 |   5.0154e-09   |    0.8844     |    0.3105
   15     | -1613.7249591898 |   1.1871e-09   |    0.9253     |    0.4076
   16     | -1613.7249591899 |   8.6353e-10   |    1.1245     |    0.4271
   17     | -1613.7249591901 |   1.2679e-10   |    1.1954     |    0.4320
   18     | -1613.7249591901 |   3.9413e-11   |    1.1606     |    0.3115
Created 618668 / 2702736 significant shell pairs
Created 477885 / 2056356 significant shell pairs
Total number of grid points: 322567 (5040 per atom)
One electron integrals and orthogonalizer took 0.128553s
Created 477885 / 2056356 significant shell pairs
3C integrals and B formation took 2.250157s
Iteration |      Energy      |  DIIS Metric   | Fock Time (s) | DIIS Time (s)
----------+------------------+----------------+---------------+--------------
    1     | -1623.5036323754 |   9.9816e+02   |    1.1896     |    0.3921
    2     | -1612.6748823572 |   3.7464e+00   |    1.1456     |    0.3261
    3     | -1612.0807264396 |   5.9783e+00   |    1.1803     |    0.3005
    4     | -1613.6726234163 |   1.7363e-01   |    1.0651     |    0.3319
    5     | -1613.7017214163 |   7.3512e-02   |    1.0639     |    0.3297
    6     | -1613.7203309469 |   5.9347e-03   |    1.1494     |    0.2795
    7     | -1613.7214555666 |   2.0769e-03   |    1.1483     |    0.3530
    8     | -1613.7219641349 |   5.2600e-04   |    1.2319     |    0.3393
    9     | -1613.7221247349 |   2.8935e-05   |    1.0014     |    0.3513
   10     | -1613.7221309340 |   8.9363e-06   |    1.0441     |    0.2935
   11     | -1613.7221331688 |   1.1247e-06   |    1.2075     |    0.2949
   12     | -1613.7221334594 |   1.9540e-07   |    1.1873     |    0.3127
   13     | -1613.7221334953 |   8.4727e-08   |    1.1462     |    0.3268
   14     | -1613.7221335176 |   5.2283e-09   |    1.0257     |    0.3248
   15     | -1613.7221335188 |   1.4060e-09   |    0.9890     |    0.3507
   16     | -1613.7221335189 |   1.0481e-09   |    1.1850     |    0.3159
   17     | -1613.7221335191 |   1.4876e-10   |    1.1658     |    0.3221
   18     | -1613.7221335192 |   3.9170e-11   |    1.2046     |    0.4202
Created 629844 / 2702736 significant shell pairs
Created 486876 / 2056356 significant shell pairs
Total number of grid points: 327619 (5119 per atom)
One electron integrals and orthogonalizer took 0.086706s
Created 486876 / 2056356 significant shell pairs
3C integrals and B formation took 2.328203s
Iteration |      Energy      |  DIIS Metric   | Fock Time (s) | DIIS Time (s)
----------+------------------+----------------+---------------+--------------
    1     | -1623.5162913691 |   1.0004e+03   |    1.2130     |    0.3932
    2     | -1612.6759506735 |   3.7654e+00   |    1.1791     |    0.5138
    3     | -1612.0713143780 |   6.0642e+00   |    1.1617     |    0.4206
    4     | -1613.6813797844 |   1.5532e-01   |    1.0760     |    0.4948
    5     | -1613.7055917726 |   7.2418e-02   |    1.0009     |    0.4323
    6     | -1613.7243668432 |   4.1009e-03   |    1.1907     |    0.5127
    7     | -1613.7249423441 |   1.9871e-03   |    1.0916     |    0.4724
    8     | -1613.7254365723 |   4.1104e-04   |    1.1648     |    0.2791
    9     | -1613.7255619477 |   2.5843e-05   |    0.9681     |    0.3622
   10     | -1613.7255677006 |   7.3220e-06   |    0.9309     |    0.4081
   11     | -1613.7255696533 |   5.3636e-07   |    1.1472     |    0.3755
   12     | -1613.7255697645 |   1.5816e-07   |    1.1954     |    0.4327
   13     | -1613.7255698009 |   3.7032e-08   |    1.1670     |    0.2697
   14     | -1613.7255698101 |   3.4081e-09   |    0.9711     |    0.3394
   15     | -1613.7255698109 |   7.7269e-10   |    0.8902     |    0.2789
   16     | -1613.7255698109 |   5.8496e-10   |    1.2925     |    0.3381
   17     | -1613.7255698111 |   7.4507e-11   |    1.2056     |    0.3621
Created 652866 / 2702736 significant shell pairs
Created 505300 / 2056356 significant shell pairs
Total number of grid points: 323585 (5056 per atom)
One electron integrals and orthogonalizer took 0.169533s
Created 505300 / 2056356 significant shell pairs
3C integrals and B formation took 2.202651s
Iteration |      Energy      |  DIIS Metric   | Fock Time (s) | DIIS Time (s)
----------+------------------+----------------+---------------+--------------
    1     | -1623.5156613142 |   1.0028e+03   |    1.1791     |    0.3352
    2     | -1612.6673161966 |   3.7378e+00   |    1.1727     |    0.2984
    3     | -1612.0499712707 |   6.0604e+00   |    1.2520     |    0.3294
    4     | -1613.6553055249 |   2.0506e-01   |    1.0947     |    0.3221
    5     | -1613.6896787080 |   8.5146e-02   |    1.0986     |    0.3251
    6     | -1613.7112777832 |   7.1256e-03   |    1.2099     |    0.3273
    7     | -1613.7126741484 |   2.4563e-03   |    1.2045     |    0.4599
    8     | -1613.7132599113 |   5.6789e-04   |    1.1460     |    0.3106
    9     | -1613.7134241564 |   3.8066e-05   |    0.9323     |    0.4081
   10     | -1613.7134323618 |   1.2286e-05   |    0.9040     |    0.3674
   11     | -1613.7134356525 |   1.6607e-06   |    1.1087     |    0.4081
   12     | -1613.7134360883 |   1.8720e-07   |    1.1468     |    0.3103
   13     | -1613.7134361156 |   9.3795e-08   |    1.1684     |    0.2796
   14     | -1613.7134361412 |   5.3510e-09   |    0.9679     |    0.3635
   15     | -1613.7134361421 |   2.0012e-09   |    0.9523     |    0.4032
   16     | -1613.7134361423 |   1.4961e-09   |    1.1401     |    0.3756
   17     | -1613.7134361427 |   1.4694e-10   |    1.2127     |    0.3397
   18     | -1613.7134361427 |   5.5213e-11   |    1.1718     |    0.2694
Created 632952 / 2702736 significant shell pairs
Created 489640 / 2056356 significant shell pairs
Total number of grid points: 320629 (5009 per atom)
One electron integrals and orthogonalizer took 0.127992s
Created 489640 / 2056356 significant shell pairs
3C integrals and B formation took 2.261692s
Iteration |      Energy      |  DIIS Metric   | Fock Time (s) | DIIS Time (s)
----------+------------------+----------------+---------------+--------------
    1     | -1623.5155645870 |   1.0002e+03   |    1.2612     |    0.3638
    2     | -1612.6755521147 |   3.7668e+00   |    1.1953     |    0.2877
    3     | -1612.0720089041 |   6.0651e+00   |    1.1561     |    0.3511
    4     | -1613.6801135792 |   1.5613e-01   |    1.0686     |    0.2710
    5     | -1613.7037304768 |   7.4824e-02   |    1.0636     |    0.3300
    6     | -1613.7233682565 |   4.5390e-03   |    1.1551     |    0.2742
    7     | -1613.7241779605 |   1.7157e-03   |    1.1548     |    0.3456
    8     | -1613.7246172312 |   2.9773e-04   |    1.2326     |    0.3394
    9     | -1613.7247025930 |   2.1252e-05   |    1.0011     |    0.3510
   10     | -1613.7247069215 |   6.9564e-06   |    1.0444     |    0.3634
   11     | -1613.7247087809 |   4.6582e-07   |    1.1965     |    0.3175
   12     | -1613.7247088628 |   1.7418e-07   |    1.1910     |    0.3794
   13     | -1613.7247089043 |   4.0486e-08   |    1.1483     |    0.3673
   14     | -1613.7247089145 |   4.6252e-09   |    0.8595     |    0.3260
   15     | -1613.7247089157 |   7.5708e-10   |    1.0282     |    0.3231
   16     | -1613.7247089157 |   6.7825e-10   |    1.1918     |    0.3796
   17     | -1613.7247089159 |   6.3120e-11   |    1.1478     |    0.3670
Created 618367 / 2702736 significant shell pairs
Created 477614 / 2056356 significant shell pairs
Total number of grid points: 323637 (5056 per atom)
One electron integrals and orthogonalizer took 0.087209s
Created 477614 / 2056356 significant shell pairs
3C integrals and B formation took 2.324415s
Iteration |      Energy      |  DIIS Metric   | Fock Time (s) | DIIS Time (s)
----------+------------------+----------------+---------------+--------------
    1     | -1623.5034390818 |   9.9807e+02   |    1.1893     |    0.4857
    2     | -1612.6749344373 |   3.7470e+00   |    1.1796     |    0.3022
    3     | -1612.0807551352 |   5.9792e+00   |    1.1180     |    0.3619
    4     | -1613.6734190935 |   1.7076e-01   |    0.9999     |    0.2691
    5     | -1613.7018082849 |   7.3152e-02   |    0.9570     |    0.3678
    6     | -1613.7202881623 |   6.4019e-03   |    1.1542     |    0.2691
    7     | -1613.7215174544 |   2.2294e-03   |    1.1817     |    0.3619
    8     | -1613.7220585655 |   5.9757e-04   |    1.1802     |    0.3104
    9     | -1613.7222407006 |   3.0869e-05   |    0.9887     |    0.3620
   10     | -1613.7222477116 |   7.7441e-06   |    0.9996     |    0.2702
   11     | -1613.7222496900 |   7.2606e-07   |    1.1806     |    0.3629
   12     | -1613.7222498672 |   1.1596e-07   |    1.1798     |    0.3109
   13     | -1613.7222498865 |   4.5423e-08   |    1.1913     |    0.3109
   14     | -1613.7222498974 |   6.0123e-09   |    1.1093     |    0.3110
   15     | -1613.7222498989 |   1.1304e-09   |    1.1098     |    0.3106
   16     | -1613.7222498989 |   1.0355e-09   |    1.1482     |    0.2995
   17     | -1613.7222498992 |   1.4962e-10   |    1.1574     |    0.2705
   18     | -1613.7222498992 |   3.9143e-11   |    1.1808     |    0.3010
Created 618261 / 2702736 significant shell pairs
Created 477529 / 2056356 significant shell pairs
Total number of grid points: 323311 (5051 per atom)
One electron integrals and orthogonalizer took 0.047246s
Created 477529 / 2056356 significant shell pairs
3C integrals and B formation took 2.175433s
Iteration |      Energy      |  DIIS Metric   | Fock Time (s) | DIIS Time (s)
----------+------------------+----------------+---------------+--------------
    1     | -1623.5059517479 |   9.9838e+02   |    1.2917     |    0.4203
    2     | -1612.6769018061 |   3.7496e+00   |    1.2025     |    0.3100
    3     | -1612.0807525311 |   5.9878e+00   |    1.1906     |    0.4602
    4     | -1613.6755553316 |   1.7248e-01   |    0.8801     |    0.3103
    5     | -1613.7041421148 |   7.4507e-02   |    0.9585     |    0.3265
    6     | -1613.7230524350 |   6.1660e-03   |    1.1521     |    0.3271
    7     | -1613.7242319164 |   2.1286e-03   |    1.1454     |    0.3729
    8     | -1613.7247370808 |   5.7320e-04   |    1.0756     |    0.4605
    9     | -1613.7249119279 |   2.7673e-05   |    0.8795     |    0.4199
   10     | -1613.7249182646 |   6.7187e-06   |    0.8541     |    0.3263
   11     | -1613.7249199357 |   7.4776e-07   |    1.1551     |    0.3271
   12     | -1613.7249201264 |   1.3254e-07   |    1.1465     |    0.3673
   13     | -1613.7249201519 |   4.8435e-08   |    1.0819     |    0.4607
   14     | -1613.7249201639 |   5.4365e-09   |    0.8801     |    0.4201
   15     | -1613.7249201652 |   1.0517e-09   |    0.8525     |    0.3267
   16     | -1613.7249201653 |   9.8422e-10   |    1.1549     |    0.3270
   17     | -1613.7249201655 |   1.3150e-10   |    1.1471     |    0.3674
   18     | -1613.7249201656 |   3.5522e-11   |    1.0818     |    0.4607
Created 646025 / 2702736 significant shell pairs
Created 499673 / 2056356 significant shell pairs
Total number of grid points: 323666 (5057 per atom)
One electron integrals and orthogonalizer took 0.088618s
Created 499673 / 2056356 significant shell pairs
3C integrals and B formation took 2.307290s
Iteration |      Energy      |  DIIS Metric   | Fock Time (s) | DIIS Time (s)
----------+------------------+----------------+---------------+--------------
    1     | -1623.5148133589 |   1.0022e+03   |    1.2935     |    0.3637
    2     | -1612.6672118776 |   3.7471e+00   |    1.1786     |    0.3045
    3     | -1612.0665806848 |   6.0169e+00   |    1.1160     |    0.3623
    4     | -1613.6665077949 |   1.6589e-01   |    1.0559     |    0.3042
    5     | -1613.6916281477 |   8.0380e-02   |    0.9961     |    0.3383
    6     | -1613.7126192689 |   5.6408e-03   |    1.2057     |    0.3037
    7     | -1613.7136897494 |   1.8104e-03   |    1.1167     |    0.3622
    8     | -1613.7141142734 |   4.1945e-04   |    1.2086     |    0.3262
    9     | -1613.7142370501 |   2.8007e-05   |    1.1239     |    0.3104
   10     | -1613.7142429044 |   9.0224e-06   |    1.1323     |    0.3157
   11     | -1613.7142451901 |   9.3200e-07   |    1.2054     |    0.3013
   12     | -1613.7142454246 |   1.4377e-07   |    1.1676     |    0.3444
   13     | -1613.7142454560 |   3.8963e-08   |    1.2527     |    0.3233
   14     | -1613.7142454659 |   3.1556e-09   |    1.0151     |    0.2986
   =======================================================
                  BLYP Energy Results                  
=======================================================
E BLYP                : -1613.71424547
Nuclear RepuCreated 670507 / 2702736 significant shell pairs
Created 519016 / 2056356 significant shell pairs
Total number of grid points: 329729 (5152 per atom)
One electron integrals and orthogonalizer took 0.092459s
Created 519016 / 2056356 significant shell pairs
3C integrals and B formation took 2.489659s
Iteration |      Energy      |  DIIS Metric   | Fock Time (s) | DIIS Time (s)
----------+------------------+----------------+---------------+--------------
    1     | -1623.5086799937 |   1.0048e+03   |    1.2469     |    0.4164
    2     | -1612.6530241997 |   3.7364e+00   |    1.2363     |    0.3039
    3     | -1612.0264099317 |   6.0891e+00   |    1.2359     |    0.3530
    4     | -1613.6257740187 |   2.5087e-01   |    1.0876     |    0.2987
    5     | -1613.6667301286 |   1.0904e-01   |    1.0868     |    0.3678
    6     | -1613.6958581482 |   9.0660e-03   |    1.2376     |    0.3271
    7     | -1613.6978731758 |   2.1640e-03   |    1.2398     |    0.4139
    8     | -1613.6983253073 |   7.4506e-04   |    1.1981     |    0.3512
  =======================================================
                  BLYP Energy Results                  
=======================================================
E BLYP                : -1613.69855559
Nuclear Repulsion Energy: 4241.7803677
Electronic Energy:        -5618.99858659
XC Energy:                -236.480337
Converged:                1
# of SCF iterations:      18
SCF Time:                 30.723s

=======================================================
            Individual Calculation Summary             
=======================================================
HF Energy: -1613.6985555937189929
=======================================================


Topology 9 time: 30.943214 s, performance: SP: 0 FLOP/s, DP: Created 659772 / 2702736 significant shell pairs
Created 510542 / 2056356 significant shell pairs
Total number of grid points: 321449 (5022 per atom)
One electron integrals and orthogonalizer took 0.087764s
Created 510542 / 2056356 significant shell pairs
3C integrals and B formation took 2.242860s
Iteration |      Energy      |  DIIS Metric   | Fock Time (s) | DIIS Time (s)
----------+------------------+----------------+---------------+--------------
    1     | -1623.5159098083 |   1.0035e+03   |    1.2194     |    0.5294
=======================================================
                  BLYP Energy Results                  
=======================================================
E BLYP                : -1613.71514249
Nuclear Repulsion Energy: 4212.18745171
Electronic Energy:        -5589.41844056
XC Energy:                -236.484154
Converged:                1
# of SCF iterations:      17
SCF Time:                 28.298s

=======================================================
            Individual Calculation Summary             
=======================================================
HF Energy: -1613.7151424921926264
=======================================================


Topology 10 time: 28.519645 s, performance: SP: 0 FLOP/s, DP: 491.1 GFLOP/s
JSON file written to: json_logs/lustre_orion_chm213_scratch_ryan_dhdft_inputs_exess_exess_inputs_BLYP_def2-TZVP_isomers_17160-17179_topology_10.json
************************************************************
**************** Running topology 12 of 20 *****************
************************************************************

************************************************************
***************** Beginning RI-BLYP Created 614572 / 2702736 significant shell pairs
Created 474549 / 2056356 significant s=======================================================
                  BLYP Energy Results                  
=======================================================
E BLYP                : -1613.7264652
Nuclear Repulsion Energy: 4050.49954138
Electronic Energy:        -5427.74813077
XC Energy:                -236.477876
Converged:                1
# of SCF iterations:      17
SCF Time:                 27.383s

=======================================================
            Individual Calculation Summary             
=======================================================
HF Energy: -1613.7264652023013696
=======================================================


Topology 11 time: 27.593069 s, performance: SP: 0 FLOP/s, DP: 475.3 GFLOP/s
JSON file written to: json_logs/lustre_orion_chm213_scratch_ryan_dhdft_inputs_exess_exess_inputs_BLYP_def2-TZVP_isomers_17160-17179_topology_11.json
************************************************************
**************** Running topology 13 of 20 *****************
************************************************************

************************************************************
***************** Beginning RI-BLYP energy *****************
************************************************************

=======================================================
                  BLYP Energy Results                  
=======================================================
E BLYP                : -1613.73735917
Nuclear Repulsion Energy: 3994.3167807
Electronic Energy:        -5371.5745132
XC Energy:                -236.479627
Converged:                1
# of SCF iterations:      17
SCF Time:                 26.544s

=======================================================
            Individual Calculation Summary             
=======================================================
HF Energy: -1613.7373591695079540
=======================================================


Topology 12 time: 26.752500 s, performance: SP: 0 FLOP/s, DP: 481.9 GFLOP/s
JSON file written to: json_logs/lustre_orion_chm213_scratch_ryan_dhdft_inputs_exess_exess_inputs_BLYP_def2-TZVP_isomers_17160-17179_topology_12.json
************************************************************
**************** Running topology 14 of 20 *****************
************************************************************

************************************************************
***************** Beginning RI-BLYP energy *****************
************************************************************

=======================================================
                  BLYP Energy Results                  
=======================================================
E BLYP                : -1613.72642938
Nuclear Repulsion Energy: 4079.32226363
Electronic Energy:        -5456.5652651
XC Energy:                -236.483428
Converged:                1
# of SCF iterations:      17
SCF Time:                 27.714s

=======================================================
            Individual Calculation Summary             
=======================================================
HF Energy: -1613.7264293793368779
=======================================================


Topology 13 time: 27.930238 s, performance: SP: 0 FLOP/s, DP: 476 GFLOP/s
JSON file written to: json_logs/lustre_orion_chm213_scratch_ryan_dhdft_inputs_exess_exess_inputs_BLYP_def2-TZVP_isomers_17160-17179_topology_13.json
************************************************************
**************** Running topology 15 of 20 *****************
************************************************************

************************************************************
***************** Beginning RI-BLYP energy *****************
************************************************************

=======================================================
                  BLYP Energy Results                  
=======================================================
E BLYP                : -1613.70371733
Nuclear Repulsion Energy: 4329.15519774
Electronic Energy:        -5706.37579846
XC Energy:                -236.483117
Converged:                1
# of SCF iterations:      18
SCF Time:                 31.387s

=======================================================
            Individual Calculation Summary             
=======================================================
HF Energy: -1613.7037173346975578
=======================================================


Topology 14 time: 31.621401 s, performance: SP: 0 FLOP/s, DP: 467.3 GFLOP/s
JSON file written to: json_logs/lustre_orion_chm213_scratch_ryan_dhdft_inputs_exess_exess_inputs_BLYP_def2-TZVP_isomers_17160-17179_topology_14.json
************************************************************
**************** Running topology 16 of 20 *****************
************************************************************

************************************************************
***************** Beginning RI-BLYP energy *****************
************************************************************

=======================================================
                  BLYP Energy Results                  
=======================================================
E BLYP                : -1613.7122517
Nuclear Repulsion Energy: 4352.10376976
Electronic Energy:        -5729.33473616
XC Energy:                -236.481285
Converged:                1
# of SCF iterations:      18
SCF Time:                 31.385s

=======================================================
            Individual Calculation Summary             
=======================================================
HF Energy: -1613.7122516984147751
=======================================================


Topology 15 time: 31.628996 s, performance: SP: 0 FLOP/s, DP: 473.5 GFLOP/s
JSON file written to: json_logs/lustre_orion_chm213_scratch_ryan_dhdft_inputs_exess_exess_inputs_BLYP_def2-TZVP_isomers_17160-17179_topology_15.json
************************************************************
**************** Running topology 17 of 20 *****************
************************************************************

************************************************************
***************** Beginning RI-BLYP energy *****************
************************************************************

=======================================================
                  BLYP Energy Results                  
=======================================================
E BLYP                : -1613.70019668
Nuclear Repulsion Energy: 4486.29629113
Electronic Energy:        -5863.5047967
XC Energy:                -236.491691
Converged:                1
# of SCF iterations:      18
SCF Time:                 31.991s

=======================================================
            Individual Calculation Summary             
=======================================================
HF Energy: -1613.7001966844916296
=======================================================


Topology 16 time: 32.244061 s, performance: SP: 0 FLOP/s, DP: 492.4 GFLOP/s
JSON file written to: json_logs/lustre_orion_chm213_scratch_ryan_dhdft_inputs_exess_exess_inputs_BLYP_def2-TZVP_isomers_17160-17179_topology_16.json
************************************************************
**************** Running topology 18 of 20 *****************
************************************************************

************************************************************
***************** Beginning RI-BLYP energy *****************
************************************************************

=======================================================
                  BLYP Energy Results                  
=======================================================
E BLYP                : -1613.70868491
Nuclear Repulsion Energy: 4321.32718424
Electronic Energy:        -5698.55322804
XC Energy:                -236.482641
Converged:                1
# of SCF iterations:      18
SCF Time:                 31.558s

=======================================================
            Individual Calculation Summary             
=======================================================
HF Energy: -1613.7086849103816348
=======================================================


Topology 17 time: 31.801812 s, performance: SP: 0 FLOP/s, DP: 463.9 GFLOP/s
JSON file written to: json_logs/lustre_orion_chm213_scratch_ryan_dhdft_inputs_exess_exess_inputs_BLYP_def2-TZVP_isomers_17160-17179_topology_17.json
************************************************************
**************** Running topology 19 of 20 *****************
************************************************************

************************************************************
***************** Beginning RI-BLYP energy *****************
************************************************************

=======================================================
                  BLYP Energy Results                  
=======================================================
E BLYP                : -1613.72384677
Nuclear Repulsion Energy: 4225.09712748
Electronic Energy:        -5602.3411053
XC Energy:                -236.479869
Converged:                1
# of SCF iterations:      17
SCF Time:                 28.947s

=======================================================
            Individual Calculation Summary             
=======================================================
HF Energy: -1613.7238467654215128
=======================================================


Topology 18 time: 29.181422 s, performance: SP: 0 FLOP/s, DP: 480.9 GFLOP/s
JSON file written to: json_logs/lustre_orion_chm213_scratch_ryan_dhdft_inputs_exess_exess_inputs_BLYP_def2-TZVP_isomers_17160-17179_topology_18.json
************************************************************
**************** Running topology 20 of 20 *****************
************************************************************

************************************************************
***************** Beginning RI-BLYP energy *****************
************************************************************

=======================================================
                  BLYP Energy Results                  
=======================================================
E BLYP                : -1613.71347119
Nuclear Repulsion Energy: 4237.84927161
Electronic Energy:        -5615.08066117
XC Energy:                -236.482082
Converged:                1
# of SCF iterations:      18
SCF Time:                 30.973s

=======================================================
            Individual Calculation Summary             
=======================================================
HF Energy: -1613.7134711869755392
=======================================================


Topology 19 time: 31.212951 s, performance: SP: 0 FLOP/s, DP: 454.8 GFLOP/s
JSON file written to: json_logs/lustre_orion_chm213_scratch_ryan_dhdft_inputs_exess_exess_inputs_BLYP_def2-TZVP_isomers_17160-17179_topology_19.json
Total flops: SP: 0 FLOPS, DP: 277.98612 TFLOPS
Performance: SP: 0 FLOP/s, DP: 460.2 GFLOP/s

Now, a word from our sponsors... 
 A common practice in our household is to double the garlic content

[31mTotal processing time 604.374702 seconds[0m
[CRAYBLAS_WARNING] Application linked against multiple cray-libsci libraries
 0.4599
    8     | -1613.7084874101 |   6.6600e-04   |    1.2047     |    0.3506
    9     | -1613.7086725949 |   3.9151e-05   |    1.0145     |    0.3103
   10     | -1613.7086814290 |   1.0523e-05   |    1.0569     |    0.3390
   11     | -1613.7086843961 |   1.6469e-06   |    1.2865     |    0.4316
   12     | -1613.7086848588 |   1.7967e-07   |    1.2519     |    0.2696
   13     | -1613.7086848830 |   9.4905e-08   |    1.2936     |    0.3054
   14     | -1613.7086849086 |   6.3046e-09   |    1.1593     |    0.2691
   15     | -1613.7086849099 |   1.6581e-09   |    1.2033     |    0.2828
   16     | -1613.7086849102 |   7.0154e-10   |    1.3359     |    0.3253
   17     | -1613.7086849104 |   1.5189e-10   |    1.3123     |    0.3675
   18     | -1613.7086849104 |   6.4802e-11   |    1.1882     |    0.3680
Created 658956 / 2702736 significant shell pairs
Created 511558 / 2056356 significant shell pairs
Total number of grid points: 328436 (5131 per atom)
One electron integrals and orthogonalizer took 0.092137s
Created 511558 / 2056356 significant shell pairs
3C integrals and B formation took 2.375148s
Iteration |      Energy      |  DIIS Metric   | Fock Time (s) | DIIS Time (s)
----------+------------------+----------------+---------------+--------------
    1     | -1623.5113808267 |   9.9948e+02   |    1.2941     |    0.3924
    2     | -1612.6755448084 |   3.7488e+00   |    1.2296     |    0.3052
    3     | -1612.0637993052 |   6.0549e+00   |    1.1901     |    0.2992
    4     | -1613.6692254976 |   1.9256e-01   |    1.1513     |    0.3383
    5     | -1613.7031862654 |   7.3129e-02   |    1.1011     |    0.3675
    6     | -1613.7223633399 |   5.1577e-03   |    1.2316     |    0.3271
    7     | -1613.7233354453 |   1.6625e-03   |    1.2329     |    0.4081
    8     | -1613.7237024486 |   4.4766e-04   |    1.2018     |    0.3446
    9     | -1613.7238367225 |   3.2826e-05   |    0.9707     |    0.3635
   10     | -1613.7238440429 |   9.6462e-06   |    0.9530     |    0.4082
   11     | -1613.7238465799 |   6.7255e-07   |    1.2042     |    0.3516
   12     | -1613.7238467309 |   1.2446e-07   |    1.3111     |    0.3395
   13     | -1613.7238467558 |   3.5345e-08   |    1.2207     |    0.2694
   14     | -1613.7238467647 |   2.6832e-09   |    1.0776     |    0.2694
   15     | -1613.7238467652 |   9.1634e-10   |    1.0744     |    0.2694
   16     | -1613.7238467653 |   6.3185e-10   |    1.2614     |    0.3108
   17     | -1613.7238467654 |   6.3421e-11   |    1.2311     |    0.3026
Created 664514 / 2702736 significant shell pairs
Created 515188 / 2056356 significant shell pairs
Total number of grid points: 328184 (5127 per atom)
One electron integrals and orthogonalizer took 0.132375s
Created 515188 / 2056356 significant shell pairs
3C integrals and B formation took 2.330516s
Iteration |      Energy      |  DIIS Metric   | Fock Time (s) | DIIS Time (s)
----------+------------------+----------------+---------------+--------------
    1     | -1623.5129359987 |   1.0021e+03   |    1.2802     |    0.5083
    2     | -1612.6681535844 |   3.7385e+00   |    1.3164     |    0.3389
    3     | -1612.0684644872 |   6.0024e+00   |    1.2382     |    0.3288
    4     | -1613.6640859157 |   1.7218e-01   |    1.0353     |    0.2695
    5     | -1613.6926990341 |   7.3719e-02   |    1.0800     |    0.2703
    6     | -1613.7117742801 |   5.7272e-03   |    1.2805     |    0.3175
    7     | -1613.7127711760 |   2.1697e-03   |    1.2364     |    0.3589
    8     | -1613.7132899631 |   5.7473e-04   |    1.2794     |    0.3727
    9     | -1613.7134626915 |   2.8496e-05   |    1.0494     |    0.3727
   10     | -1613.7134682827 |   1.0093e-05   |    1.0494     |    0.3727
   11     | -1613.7134709526 |   8.1527e-07   |    1.2360     |    0.3672
   12     | -1613.7134711404 |   1.5715e-07   |    1.1641     |    0.4197
   13     | -1613.7134711715 |   5.1611e-08   |    1.1933     |    0.2792
   14     | -1613.7134711852 |   6.1476e-09   |    1.0496     |    0.3518
   15     | -1613.7134711867 |   1.0889e-09   |    0.9880     |    0.3620
   16     | -1613.7134711867 |   1.0295e-09   |    1.2784     |    0.3390
   17     | -1613.7134711869 |   1.5306e-10   |    1.2339     |    0.3616
   18     | -1613.7134711870 |   3.8261e-11   |    1.2805     |    0.3185
Please cite the following papers for the methods used in this calculation:
 - J.L. Galvez Vallejo et. al., Toward an extreme-scale electronic structure system, J. Chem. Phys., 2023. DOI: 10.1063/5.0156399

 - R. Stocks, E. Palethorpe, and G.M.J. Barca, Multi-GPU RI-HF Energies and Analytic Gradients ─ Toward High-Throughput Ab Initio Molecular Dynamics, J. Chem. Theory Comput., 2024. DOI: 10.1021/acs.jctc.4c00877
   For:
     * RI-HF energy

 - D.B. Williams-Young, W.A. de Jong, H.J.J. van Dam, and C. Yang, On the Efficient Evaluation of the Exchange Correlation Potential on Graphics Processing Unit Clusters, Frontiers in Chemistry, 2020. DOI: 10.3389/fchem.2020.581058
   For:
     * GauXC implementation of exchange-correlation integration

 - R. Stocks and G.M.J. Barca, Efficient Algorithms for GPU Accelerated Evaluation of the DFT Exchange-Correlation Functional, J. Chem. Theory Comput., 2025. DOI: 10.1021/acs.jctc.5c01229
   For:
     * GPU accelerated DFT exchange-correlation evaluation

[CRAYBLAS_WARNING] Application linked against multiple cray-libsci libraries
