Total number of grid points: 369701 (5776 per atom)
Density calculation took 0.555927s
Tau required
Density calculation took 0.579080s
Tau required
Density calculation took 0.557998s
Tau required
Density calculation took 0.558007s
Tau required
Density calculation took 0.558078s
Tau required
Density calculation took 0.558215s
Tau required
Density calculation took 0.558188s
Tau required
Density calculation took 0.558536s
Tau required
Density calculation took 0.558488s
Tau required
Density calculation took 0.558315s
Tau required
Density calculation took 0.558190s
Tau required
Density calculation took 0.558628s
Tau required
Density calculation took 0.558419s
Tau required
Density calculation took 0.558805s
Tau required
Density calculation took 0.558526s
Tau required
Density calculation took 0.558627s
Tau required
Total number of grid points: 370444 (5788 per atom)
Density calculation took 0.554475s
Tau required
Density calculation took 0.577769s
Tau required
Density calculation took 0.557680s
Tau required
Density calculation took 0.557349s
Tau required
Density calculation took 0.558368s
Tau required
Density calculation took 0.558367s
Tau required
Density calculation took 0.558155s
Tau required
Density calculation took 0.559050s
Tau required
Density calculation took 0.557652s
Tau required
Density calculation took 0.558673s
Tau required
Density calculation took 0.558544s
Tau required
Density calculation took 0.559519s
Tau required
Density calculation took 0.558547s
Tau required
Density calculation took 0.558542s
Tau required
Density calculation took 0.558837s
Tau required
Density calculation took 0.559362s
Tau required
Density calculation took 0.556643s
Tau required
Total number of grid points: 368624 (5759 per atom)
Density calculation took 0.555777s
Tau required
Density calculation took 0.583899s
Tau required
Density calculation took 0.561410s
Tau required
Density calculation took 0.561534s
Tau required
Density calculation took 0.560747s
Tau required
Density calculation took 0.561884s
Tau required
Density calculation took 0.561656s
Tau required
Density calculation took 0.561718s
Tau required
Density calculation took 0.561831s
Tau required
Density calculation took 0.561171s
Tau required
Density calculation took 0.561414s
Tau required
Density calculation took 0.561702s
Tau required
Density calculation took 0.561075s
Tau required
Density calculation took 0.560988s
Tau required
Density calculation took 0.561888s
Tau required
Density calculation took 0.561923s
Tau required
Density calculation took 0.561867s
Tau required
Total number of grid points: 369511 (5773 per atom)
Density calculation took 0.598560s
Tau required
Density calculation took 0.588754s
Tau required
Density calculation took 0.565316s
Tau required
Density calculation took 0.565635s
Tau required
Density calculation took 0.565774s
Tau required
Density calculation took 0.566311s
Tau required
Density calculation took 0.564973s
Tau required
Density calculation took 0.565196s
Tau required
Density calculation took 0.564808s
Tau required
Density calculation took 0.566385s
Tau required
Density calculation took 0.565778s
Tau required
Density calculation took 0.565370s
Tau required
Density calculation took 0.565988s
Tau required
Density calculation took 0.565424s
Tau required
Density calculation took 0.564422s
Tau required
Density calculation took 0.566627s
Tau required
Total number of grid points: 369239 (5769 per atom)
Density calculation took 0.594666s
Tau required
Density calculation took 0.577549s
Tau required
Density calculation took 0.555789s
Tau required
Density calculation took 0.556854s
Tau required
Density calculation took 0.556850s
Tau required
Density calculation took 0.556645s
Tau required
Density calculation took 0.556638s
Tau required
Density calculation took 0.556419s
Tau required
Density calculation took 0.556199s
Tau required
Density calculation took 0.557039s
Tau required
Density calculation took 0.556794s
Tau required
Density calculation took 0.556932s
Tau required
Density calculation took 0.556330s
Tau required
Density calculation took 0.557253s
Tau required
Density calculation took 0.556593s
Tau required
Density calculation took 0.557040s
Tau required
Total number of grid points: 370065 (5782 per atom)
Density calculation took 0.553297s
Tau required
Density calculation took 0.583017s
Tau required
Density calculation took 0.562616s
Tau required
Density calculation took 0.562346s
Tau required
Density calculation took 0.563094s
Tau required
Density calculation took 0.562873s
Tau required
Density calculation took 0.562665s
Tau required
Density calculation took 0.562744s
Tau required
Density calculation took 0.562469s
Tau required
Density calculation took 0.563429s
Tau required
Density calculation took 0.562933s
Tau required
Density calculation took 0.562709s
Tau required
Density calculation took 0.563583s
Tau required
Density calculation took 0.563268s
Tau required
Density calculation took 0.563471s
Tau required
Density calculation took 0.562368s
Tau required
Total number of grid points: 369226 (5769 per atom)
Density calculation took 0.553230s
Tau required
Density calculation took 0.585331s
Tau required
Density calculation took 0.562771s
Tau required
Density calculation took 0.563922s
Tau required
Density calculation took 0.562732s
Tau required
Density calculation took 0.564364s
Tau required
Density calculation took 0.563116s
Tau required
Density calculation took 0.564465s
Tau required
Density calculation took 0.562948s
Tau required
Density calculation took 0.564498s
Tau required
Density calculation took 0.563082s
Tau required
Density calculation took 0.564354s
Tau required
Density calculation took 0.562970s
Tau required
Density calculation took 0.564342s
Tau required
Density calculation took 0.563290s
Tau required
Density calculation took 0.564442s
Tau required
Total number of grid points: 369366 (5771 per atom)
Density calculation took 0.555269s
Tau required
Density calculation took 0.582987s
Tau required
Density calculation took 0.562491s
Tau required
Density calculation took 0.561325s
Tau required
Density calculation took 0.562162s
Tau required
Density calculation took 0.560728s
Tau required
Density calculation took 0.562346s
Tau required
Density calculation took 0.561319s
Tau required
Density calculation took 0.563168s
Tau required
Density calculation took 0.561370s
Tau required
Density calculation took 0.562886s
Tau required
Density calculation took 0.561918s
Tau required
Density calculation took 0.562813s
Tau required
Density calculation took 0.561456s
Tau required
Density calculation took 0.562939s
Tau required
Density calculation took 0.561573s
Tau required
Density calculation took 0.562114s
Tau required
Total number of grid points: 369257 (5769 per atom)
Density calculation took 0.554308s
Tau required
Density calculation took 0.586126s
Tau required
Density calculation took 0.563628s
Tau required
Density calculation took 0.564813s
Tau required
Density calculation took 0.564185s
Tau required
Density calculation took 0.564976s
Tau required
Density calculation took 0.564188s
Tau required
Density calculation took 0.564920s
Tau required
Density calculation took 0.564732s
Tau required
Density calculation took 0.565340s
Tau required
Density calculation took 0.564705s
Tau required
Density calculation took 0.565099s
Tau required
Density calculation took 0.563724s
Tau required
Density calculation took 0.565084s
Tau required
Density calculation took 0.563540s
Tau required
Density calculation took 0.564912s
Tau required
Total number of grid points: 368944 (5764 per atom)
Density calculation took 0.552829s
Tau required
Density calculation took 0.585121s
Tau required
Density calculation took 0.563313s
Tau required
Density calculation took 0.564281s
Tau required
Density calculation took 0.564212s
Tau required
Density calculation took 0.564145s
Tau required
Density calculation took 0.564275s
Tau required
Density calculation took 0.564457s
Tau required
Density calculation took 0.563692s
Tau required
Density calculation took 0.564231s
Tau required
Density calculation took 0.564283s
Tau required
Density calculation took 0.564425s
Tau required
Density calculation took 0.564363s
Tau required
Density calculation took 0.564627s
Tau required
Density calculation took 0.564326s
Tau required
Density calculation took 0.564499s
Tau required
Total number of grid points: 369507 (5773 per atom)
Density calculation took 0.551509s
Tau required
Density calculation took 0.583914s
Tau required
Density calculation took 0.563069s
Tau required
Density calculation took 0.562861s
Tau required
Density calculation took 0.563332s
Tau required
Density calculation took 0.563565s
Tau required
Density calculation took 0.563462s
Tau required
Density calculation took 0.563162s
Tau required
Density calculation took 0.563489s
Tau required
Density calculation took 0.563553s
Tau required
Density calculation took 0.563561s
Tau required
Density calculation took 0.563323s
Tau required
Density calculation took 0.563250s
Tau required
Density calculation took 0.563263s
Tau required
Density calculation took 0.563515s
Tau required
Density calculation took 0.563592s
Tau required
Density calculation took 0.563905s
Tau required
Total number of grid points: 369044 (5766 per atom)
Density calculation took 0.554979s
Tau required
Density calculation took 0.583353s
Tau required
Density calculation took 0.561884s
Tau required
Density calculation took 0.561910s
Tau required
Density calculation took 0.562044s
Tau required
Density calculation took 0.562111s
Tau required
Density calculation took 0.561822s
Tau required
Density calculation took 0.561619s
Tau required
Density calculation took 0.562108s
Tau required
Density calculation took 0.561422s
Tau required
Density calculation took 0.561871s
Tau required
Density calculation took 0.561680s
Tau required
Density calculation took 0.562078s
Tau required
Density calculation took 0.562041s
Tau required
Density calculation took 0.561387s
Tau required
Density calculation took 0.561559s
Tau required
Density calculation took 0.561383s
Tau required
Total number of grid points: 368986 (5765 per atom)
Density calculation took 0.552160s
Tau required
Density calculation took 0.584624s
Tau required
Density calculation took 0.562039s
Tau required
Density calculation took 0.560910s
Tau required
Density calculation took 0.562389s
Tau required
Density calculation took 0.561966s
Tau required
Density calculation took 0.561305s
Tau required
Density calculation took 0.562238s
Tau required
Density calculation took 0.562058s
Tau required
Density calculation took 0.561841s
Tau required
Density calculation took 0.561830s
Tau required
Density calculation took 0.561731s
Tau required
Density calculation took 0.562528s
Tau required
Density calculation took 0.562203s
Tau required
Density calculation took 0.562333s
Tau required
Density calculation took 0.561774s
Tau required
Density calculation took 0.562548s
Tau required
Total number of grid points: 368311 (5754 per atom)
Density calculation took 0.553324s
Tau required
Density calculation took 0.583172s
Tau required
Density calculation took 0.561345s
Tau required
Density calculation took 0.562302s
Tau required
Density calculation took 0.561440s
Tau required
Density calculation took 0.562155s
Tau required
Density calculation took 0.562024s
Tau required
Density calculation took 0.562797s
Tau required
Density calculation took 0.562267s
Tau required
Density calculation took 0.562863s
Tau required
Density calculation took 0.561843s
Tau required
Density calculation took 0.562591s
Tau required
Density calculation took 0.561541s
Tau required
Density calculation took 0.562949s
Tau required
Density calculation took 0.562069s
Tau required
Density calculation took 0.562737s
Tau required
Total number of grid points: 369083 (5766 per atom)
Density calculation took 0.549835s
Tau required
Density calculation took 0.581625s
Tau required
Density calculation took 0.560411s
Tau required
Density calculation took 0.561591s
Tau required
Density calculation took 0.560683s
Tau required
Density calculation took 0.562360s
Tau required
Density calculation took 0.561048s
Tau required
Density calculation took 0.561396s
Tau required
Density calculation took 0.560931s
Tau required
Density calculation took 0.561927s
Tau required
Density calculation took 0.560603s
Tau required
Density calculation took 0.562499s
Tau required
Density calculation took 0.560572s
Tau required
Density calculation took 0.562474s
Tau required
Density calculation took 0.561200s
Tau required
Density calculation took 0.562105s
Tau required
Total number of grid points: 369348 (5771 per atom)
Density calculation took 0.556126s
Tau required
Density calculation took 0.589016s
Tau required
Density calculation took 0.566391s
Tau required
Density calculation took 0.566517s
Tau required
Density calculation took 0.567144s
Tau required
Density calculation took 0.566407s
Tau required
Density calculation took 0.566723s
Tau required
Density calculation took 0.566815s
Tau required
Density calculation took 0.567198s
Tau required
Density calculation took 0.566889s
Tau required
Density calculation took 0.566802s
Tau required
Density calculation took 0.566415s
Tau required
Density calculation took 0.567495s
Tau required
Density calculation took 0.567167s
Tau required
Density calculation took 0.567188s
Tau required
Density calculation took 0.567131s
Tau required
Total number of grid points: 369652 (5775 per atom)
Density calculation took 0.552096s
Tau required
Density calculation took 0.586323s
Tau required
Density calculation took 0.564110s
Tau required
Density calculation took 0.563222s
Tau required
Density calculation took 0.563959s
Tau required
Density calculation took 0.563217s
Tau required
Density calculation took 0.564198s
Tau required
Density calculation took 0.562834s
Tau required
Density calculation took 0.564097s
Tau required
Density calculation took 0.563136s
Tau required
Density calculation took 0.564521s
Tau required
Density calculation took 0.563440s
Tau required
Density calculation took 0.564856s
Tau required
Density calculation took 0.563632s
Tau required
Density calculation took 0.564371s
Tau required
Density calculation took 0.563379s
Tau required
Total number of grid points: 370082 (5782 per atom)
Density calculation took 0.549037s
Tau required
Density calculation took 0.582132s
Tau required
Density calculation took 0.561195s
Tau required
Density calculation took 0.561893s
Tau required
Density calculation took 0.561645s
Tau required
Density calculation took 0.562044s
Tau required
Density calculation took 0.562196s
Tau required
Density calculation took 0.562141s
Tau required
Density calculation took 0.562300s
Tau required
Density calculation took 0.561488s
Tau required
Density calculation took 0.561939s
Tau required
Density calculation took 0.561939s
Tau required
Density calculation took 0.562480s
Tau required
Density calculation took 0.561934s
Tau required
Density calculation took 0.562483s
Tau required
Density calculation took 0.561951s
Tau required
Total number of grid points: 369788 (5777 per atom)
Density calculation took 0.554857s
Tau required
Density calculation took 0.577574s
Tau required
Density calculation took 0.555774s
Tau required
Density calculation took 0.556524s
Tau required
Density calculation took 0.556078s
Tau required
Density calculation took 0.556656s
Tau required
Density calculation took 0.556376s
Tau required
Density calculation took 0.556919s
Tau required
Density calculation took 0.555814s
Tau required
Density calculation took 0.556954s
Tau required
Density calculation took 0.556180s
Tau required
Density calculation took 0.556523s
Tau required
Density calculation took 0.555937s
Tau required
Density calculation took 0.557144s
Tau required
Density calculation took 0.556350s
Tau required
Density calculation took 0.557061s
Tau required
Density calculation took 0.556190s
Tau required
Total number of grid points: 369981 (5780 per atom)
Density calculation took 0.593446s
Tau required
Density calculation took 0.585567s
Tau required
Density calculation took 0.563821s
Tau required
Density calculation took 0.563846s
Tau required
Density calculation took 0.564071s
Tau required
Density calculation took 0.564064s
Tau required
Density calculation took 0.564378s
Tau required
Density calculation took 0.564096s
Tau required
Density calculation took 0.563937s
Tau required
Density calculation took 0.564049s
Tau required
Density calculation took 0.564386s
Tau required
Density calculation took 0.564303s
Tau required
Density calculation took 0.564630s
Tau required
Density calculation took 0.564159s
Tau required
Density calculation took 0.564168s
Tau required
Density calculation took 0.564118s
Tau required
Density calculation took 0.564391s
Tau required
[CRAYBLAS_WARNING] Application linked against multiple cray-libsci libraries
VP_isomers_16780-16799_topology_8.json
************************************************************
**************** Running topology 10 of 20 *****************
************************************************************

************************************************************
***** Beginning RI-MGGA_X_MN15_L+MGGA_C_MN15_L energy ******
************************************************************

=======================================================
      MGGA_X_MN15_L+MGGA_C_MN15_L Energy Results       
=======================================================
E MGGA_X_MN15_L+MGGA_C_MN15_L: -1613.12515194
Nuclear Repulsion Energy: 4287.47020695
Electronic Energy:        -5665.20839329
XC Energy:                -235.386966
Converged:                1
# of SCF iterations:      16
SCF Time:                 27.449s

=======================================================
            Individual Calculation Summary             
=======================================================
HF Energy: -1613.1251519366303455
=======================================================


Topology 9 time: 27.633528 s, performance: SP: 0 FLOP/s, DP: 32.46 TFLOP/s
JSON file written to: json_logs/lustre_orion_chm213_scratch_ryan_dhdft_inputs_exess_exess_inputs_MN15L_def2-TZVP_isomers_16780-16799_topology_9.json
************************************************************
**************** Running topology 11 of 20 *****************
************************************************************

************************************************************
***** Beginning RI-MGGA_X_MN15_L+MGGA_C_MN15_L energy ******
************************************************************

=======================================================
      MGGA_X_MN15_L+MGGA_C_MN15_L Energy Results       
=======================================================
E MGGA_X_MN15_L+MGGA_C_MN15_L: -1613.11988032
Nuclear Repulsion Energy: 4254.71951195
Electronic Energy:        -5632.46358134
XC Energy:                -235.375811
Converged:                1
# of SCF iterations:      17
SCF Time:                 28.957s

=======================================================
            Individual Calculation Summary             
=======================================================
HF Energy: -1613.1198803223671803
=======================================================


Topology 10 time: 29.138679 s, performance: SP: 0 FLOP/s, DP: 32.6 TFLOP/s
JSON file written to: json_logs/lustre_orion_chm213_scratch_ryan_dhdft_inputs_exess_exess_inputs_MN15L_def2-TZVP_isomers_16780-16799_topology_10.json
************************************************************
**************** Running topology 12 of 20 *****************
************************************************************

************************************************************
***** Beginning RI-MGGA_X_MN15_L+MGGA_C_MN15_L energy ******
************************************************************

=======================================================
      MGGA_X_MN15_L+MGGA_C_MN15_L Energy Results       
=======================================================
E MGGA_X_MN15_L+MGGA_C_MN15_L: -1613.11838315
Nuclear Repulsion Energy: 4198.52224664
Electronic Energy:        -5576.26448815
XC Energy:                -235.376142
Converged:                1
# of SCF iterations:      17
SCF Time:                 28.813s

=======================================================
            Individual Calculation Summary             
=======================================================
HF Energy: -1613.1183831488281157
=======================================================


Topology 11 time: 28.994001 s, performance: SP: 0 FLOP/s, DP: 32.78 TFLOP/s
JSON file written to: json_logs/lustre_orion_chm213_scratch_ryan_dhdft_inputs_exess_exess_inputs_MN15L_def2-TZVP_isomers_16780-16799_topology_11.json
************************************************************
**************** Running topology 13 of 20 *****************
************************************************************

************************************************************
***** Beginning RI-MGGA_X_MN15_L+MGGA_C_MN15_L energy ******
************************************************************

=======================================================
      MGGA_X_MN15_L+MGGA_C_MN15_L Energy Results       
=======================================================
E MGGA_X_MN15_L+MGGA_C_MN15_L: -1613.12034675
Nuclear Repulsion Energy: 4234.27294201
Electronic Energy:        -5612.01649603
XC Energy:                -235.376793
Converged:                1
# of SCF iterations:      17
SCF Time:                 28.833s

=======================================================
            Individual Calculation Summary             
=======================================================
HF Energy: -1613.1203467457323768
=======================================================


Topology 12 time: 29.014249 s, performance: SP: 0 FLOP/s, DP: 32.76 TFLOP/s
JSON file written to: json_logs/lustre_orion_chm213_scratch_ryan_dhdft_inputs_exess_exess_inputs_MN15L_def2-TZVP_isomers_16780-16799_topology_12.json
************************************************************
**************** Running topology 14 of 20 *****************
************************************************************

************************************************************
***** Beginning RI-MGGA_X_MN15_L+MGGA_C_MN15_L energy ******
************************************************************

=======================================================
      MGGA_X_MN15_L+MGGA_C_MN15_L Energy Results       
=======================================================
E MGGA_X_MN15_L+MGGA_C_MN15_L: -1613.12426774
Nuclear Repulsion Energy: 4268.49413672
Electronic Energy:        -5646.23763795
XC Energy:                -235.380767
Converged:                1
# of SCF iterations:      16
SCF Time:                 27.294s

=======================================================
            Individual Calculation Summary             
=======================================================
HF Energy: -1613.1242677354962325
=======================================================


Topology 13 time: 27.477639 s, performance: SP: 0 FLOP/s, DP: 32.65 TFLOP/s
JSON file written to: json_logs/lustre_orion_chm213_scratch_ryan_dhdft_inputs_exess_exess_inputs_MN15L_def2-TZVP_isomers_16780-16799_topology_13.json
************************************************************
**************** Running topology 15 of 20 *****************
************************************************************

************************************************************
***** Beginning RI-MGGA_X_MN15_L+MGGA_C_MN15_L energy ******
************************************************************

=======================================================
      MGGA_X_MN15_L+MGGA_C_MN15_L Energy Results       
=======================================================
E MGGA_X_MN15_L+MGGA_C_MN15_L: -1613.12233339
Nuclear Repulsion Energy: 4120.86658559
Electronic Energy:        -5498.61825555
XC Energy:                -235.370663
Converged:                1
# of SCF iterations:      16
SCF Time:                 27.157s

=======================================================
            Individual Calculation Summary             
=======================================================
HF Energy: -1613.1223333907760207
=======================================================


Topology 14 time: 27.331375 s, performance: SP: 0 FLOP/s, DP: 32.85 TFLOP/s
JSON file written to: json_logs/lustre_orion_chm213_scratch_ryan_dhdft_inputs_exess_exess_inputs_MN15L_def2-TZVP_isomers_16780-16799_topology_14.json
************************************************************
**************** Running topology 16 of 20 *****************
************************************************************

************************************************************
***** Beginning RI-MGGA_X_MN15_L+MGGA_C_MN15_L energy ******
************************************************************

=======================================================
      MGGA_X_MN15_L+MGGA_C_MN15_L Energy Results       
=======================================================
E MGGA_X_MN15_L+MGGA_C_MN15_L: -1613.12378628
Nuclear Repulsion Energy: 4069.68249765
Electronic Energy:        -5447.44326159
XC Energy:                -235.363022
Converged:                1
# of SCF iterations:      16
SCF Time:                 27.366s

=======================================================
            Individual Calculation Summary             
=======================================================
HF Energy: -1613.1237862776563361
=======================================================


Topology 15 time: 27.538589 s, performance: SP: 0 FLOP/s, DP: 32.63 TFLOP/s
JSON file written to: json_logs/lustre_orion_chm213_scratch_ryan_dhdft_inputs_exess_exess_inputs_MN15L_def2-TZVP_isomers_16780-16799_topology_15.json
************************************************************
**************** Running topology 17 of 20 *****************
************************************************************

************************************************************
***** Beginning RI-MGGA_X_MN15_L+MGGA_C_MN15_L energy ******
************************************************************

=======================================================
      MGGA_X_MN15_L+MGGA_C_MN15_L Energy Results       
=======================================================
E MGGA_X_MN15_L+MGGA_C_MN15_L: -1613.13222658
Nuclear Repulsion Energy: 4089.60865039
Electronic Energy:        -5467.36754074
XC Energy:                -235.373336
Converged:                1
# of SCF iterations:      16
SCF Time:                 27.252s

=======================================================
            Individual Calculation Summary             
=======================================================
HF Energy: -1613.1322265791111477
=======================================================


Topology 16 time: 27.424178 s, performance: SP: 0 FLOP/s, DP: 32.76 TFLOP/s
JSON file written to: json_logs/lustre_orion_chm213_scratch_ryan_dhdft_inputs_exess_exess_inputs_MN15L_def2-TZVP_isomers_16780-16799_topology_16.json
************************************************************
**************** Running topology 18 of 20 *****************
************************************************************

************************************************************
***** Beginning RI-MGGA_X_MN15_L+MGGA_C_MN15_L energy ******
************************************************************

=======================================================
      MGGA_X_MN15_L+MGGA_C_MN15_L Energy Results       
=======================================================
E MGGA_X_MN15_L+MGGA_C_MN15_L: -1613.12246074
Nuclear Repulsion Energy: 4237.32557733
Electronic Energy:        -5615.06977328
XC Energy:                -235.378265
Converged:                1
# of SCF iterations:      16
SCF Time:                 27.247s

=======================================================
            Individual Calculation Summary             
=======================================================
HF Energy: -1613.1224607430140168
=======================================================


Topology 17 time: 27.431570 s, performance: SP: 0 FLOP/s, DP: 32.72 TFLOP/s
JSON file written to: json_logs/lustre_orion_chm213_scratch_ryan_dhdft_inputs_exess_exess_inputs_MN15L_def2-TZVP_isomers_16780-16799_topology_17.json
************************************************************
**************** Running topology 19 of 20 *****************
************************************************************

************************************************************
***** Beginning RI-MGGA_X_MN15_L+MGGA_C_MN15_L energy ******
************************************************************

=======================================================
      MGGA_X_MN15_L+MGGA_C_MN15_L Energy Results       
=======================================================
E MGGA_X_MN15_L+MGGA_C_MN15_L: -1613.11715678
Nuclear Repulsion Energy: 4165.48238041
Electronic Energy:        -5543.2324631
XC Energy:                -235.367074
Converged:                1
# of SCF iterations:      17
SCF Time:                 28.645s

=======================================================
            Individual Calculation Summary             
=======================================================
HF Energy: -1613.1171567848914492
=======================================================


Topology 18 time: 28.825296 s, performance: SP: 0 FLOP/s, DP: 32.98 TFLOP/s
JSON file written to: json_logs/lustre_orion_chm213_scratch_ryan_dhdft_inputs_exess_exess_inputs_MN15L_def2-TZVP_isomers_16780-16799_topology_18.json
************************************************************
**************** Running topology 20 of 20 *****************
************************************************************

************************************************************
***** Beginning RI-MGGA_X_MN15_L+MGGA_C_MN15_L energy ******
************************************************************

=======================================================
      MGGA_X_MN15_L+MGGA_C_MN15_L Energy Results       
=======================================================
E MGGA_X_MN15_L+MGGA_C_MN15_L: -1613.11964341
Nuclear Repulsion Energy: 4189.88458672
Electronic Energy:        -5567.63421605
XC Energy:                -235.370014
Converged:                1
# of SCF iterations:      17
SCF Time:                 28.882s

=======================================================
            Individual Calculation Summary             
=======================================================
HF Energy: -1613.1196434055329973
=======================================================


Topology 19 time: 29.064058 s, performance: SP: 0 FLOP/s, DP: 32.7 TFLOP/s
JSON file written to: json_logs/lustre_orion_chm213_scratch_ryan_dhdft_inputs_exess_exess_inputs_MN15L_def2-TZVP_isomers_16780-16799_topology_19.json
Total flops: SP: 0 FLOPS, DP: 18.371884 PFLOPS
Performance: SP: 0 FLOP/s, DP: 32.06 TFLOP/s

Now, a word from our sponsors... 
 It's a miracle that this code even works. 

[31mTotal processing time 573.283843 seconds[0m
[CRAYBLAS_WARNING] Application linked against multiple cray-libsci libraries
3.3759e-07   |    1.3265     |    0.2254
Density calculation took 0.553185s
Tau required
   12     | -1613.1203466981 |   1.5915e-07   |    1.3238     |    0.2266
Density calculation took 0.553151s
Tau required
   13     | -1613.1203467386 |   2.4142e-08   |    1.3284     |    0.2261
Density calculation took 0.553095s
Tau required
   14     | -1613.1203467452 |   1.8698e-09   |    1.3234     |    0.2261
Density calculation took 0.552548s
Tau required
   15     | -1613.1203467457 |   2.1612e-10   |    1.3219     |    0.2257
Density calculation took 0.553169s
Tau required
   16     | -1613.1203467457 |   1.6923e-10   |    1.3242     |    0.2251
Density calculation took 0.552828s
Tau required
   17     | -1613.1203467457 |   3.1922e-11   |    1.3230     |    0.2278
Created 673569 / 2702736 significant shell pairs
Created 522942 / 2056356 significant shell pairs
Total number of grid points: 369617 (5775 per atom)
One electron integrals and orthogonalizer took 0.050939s
Created 522942 / 2056356 significant shell pairs
3C integrals and B formation took 1.935182s
Iteration |      Energy      |  DIIS Metric   | Fock Time (s) | DIIS Time (s)
----------+------------------+----------------+---------------+--------------
Density calculation took 0.542293s
Tau required
    1     | -1623.9785489238 |   1.0342e+03   |    1.4640     |    0.2569
Density calculation took 0.569088s
Tau required
    2     | -1612.6594992434 |   1.5916e+00   |    1.3485     |    0.2236
Density calculation took 0.547844s
Tau required
    3     | -1612.6840565990 |   1.5948e+00   |    1.3234     |    0.2312
Density calculation took 0.547907s
Tau required
    4     | -1613.1084220837 |   5.6843e-02   |    1.3259     |    0.2236
Density calculation took 0.547981s
Tau required
    5     | -1613.1184410282 |   2.0279e-02   |    1.3231     |    0.2368
Density calculation took 0.547821s
Tau required
    6     | -1613.1235449231 |   2.4041e-03   |    1.3257     |    0.2254
Density calculation took 0.548368s
Tau required
    7     | -1613.1240785893 |   6.2541e-04   |    1.3243     |    0.2356
Density calculation took 0.548341s
Tau required
    8     | -1613.1242443853 |   8.3215e-05   |    1.3257     |    0.2259
Density calculation took 0.548402s
Tau required
    9     | -1613.1242660996 |   5.9355e-06   |    1.3232     |    0.2277
Density calculation took 0.548316s
Tau required
   10     | -1613.1242673594 |   1.2931e-06   |    1.3275     |    0.2258
Density calculation took 0.548536s
Tau required
   11     | -1613.1242676822 |   1.7631e-07   |    1.3233     |    0.2289
Density calculation took 0.548432s
Tau required
   12     | -1613.1242677017 |   1.1211e-07   |    1.3264     |    0.2259
Density calculation took 0.548414s
Tau required
   13     | -1613.1242677334 |   7.0156e-09   |    1.3227     |    0.2273
Density calculation took 0.548388s
Tau required
   14     | -1613.1242677352 |   1.0796e-09   |    1.3263     |    0.2272
Density calculation took 0.548462s
Tau required
   15     | -1613.1242677354 |   2.6443e-10   |    1.3229     |    0.2270
Density calculation took 0.548652s
Tau required
   16     | -1613.1242677355 |   8.1066e-11   |    1.3255     |    0.2263
Created 634633 / 2702736 significant shell pairs
Created 490799 / 2056356 significant shell pairs
Total number of grid points: 369649 (5775 per atom)
One electron integrals and orthogonalizer took 0.046062s
Created 490799 / 2056356 significant shell pairs
3C integrals and B formation took 1.884052s
Iteration |      Energy      |  DIIS Metric   | Fock Time (s) | DIIS Time (s)
----------+------------------+----------------+---------------+--------------
Density calculation took 0.545310s
Tau required
    1     | -1623.9626756647 |   1.0315e+03   |    1.4674     |    0.2565
Density calculation took 0.573233s
Tau required
    2     | -1612.6583183505 |   1.5832e+00   |    1.3399     |    0.2227
Density calculation took 0.551701s
Tau required
    3     | -1612.6861248590 |   1.5686e+00   |    1.3212     |    0.2322
Density calculation took 0.552164s
Tau required
    4     | -1613.1040851395 |   6.5931e-02   |    1.3175     |    0.2248
Density calculation took 0.552114s
Tau required
    5     | -1613.1171704803 |   1.8596e-02   |    1.3206     |    0.2333
Density calculation took 0.552350s
Tau required
    6     | -1613.1218157936 |   1.8143e-03   |    1.3191     |    0.2259
Density calculation took 0.552196s
Tau required
    7     | -1613.1221926835 |   4.8375e-04   |    1.3209     |    0.2342
Density calculation took 0.552472s
Tau required
    8     | -1613.1223078473 |   8.3353e-05   |    1.3197     |    0.2335
Density calculation took 0.552434s
Tau required
    9     | -1613.1223303766 |   9.1005e-06   |    1.3183     |    0.2263
Density calculation took 0.552463s
Tau required
   10     | -1613.1223328551 |   1.6405e-06   |    1.3192     |    0.2267
Density calculation took 0.552423s
Tau required
   11     | -1613.1223333081 |   2.6285e-07   |    1.3207     |    0.2265
Density calculation took 0.552904s
Tau required
   12     | -1613.1223333568 |   1.1104e-07   |    1.3204     |    0.2274
Density calculation took 0.552443s
Tau required
   13     | -1613.1223333869 |   1.3031e-08   |    1.3207     |    0.2262
Density calculation took 0.552813s
Tau required
   14     | -1613.1223333904 |   1.5299e-09   |    1.3198     |    0.2269
Density calculation took 0.552414s
Tau required
   15     | -1613.1223333908 |   1.2168e-10   |    1.3224     |    0.2312
Density calculation took 0.552626s
Tau required
   16     | -1613.1223333908 |   9.8770e-11   |    1.3184     |    0.2281
Created 621975 / 2702736 significant shell pairs
Created 481061 / 2056356 significant shell pairs
Total number of grid points: 368593 (5759 per atom)
One electron integrals and orthogonalizer took 0.045807s
Created 481061 / 2056356 significant shell pairs
3C integrals and B formation took 1.868770s
Iteration |      Energy      |  DIIS Metric   | Fock Time (s) | DIIS Time (s)
----------+------------------+----------------+---------------+--------------
Density calculation took 0.542316s
Tau required
    1     | -1623.9515023536 |   1.0283e+03   |    1.4791     |    0.2571
Density calculation took 0.570407s
Tau required
    2     | -1612.6595919071 |   1.5817e+00   |    1.3568     |    0.2238
Density calculation took 0.549015s
Tau required
    3     | -1612.6866460660 |   1.5708e+00   |    1.3352     |    0.2319
Density calculation took 0.549350s
Tau required
    4     | -1613.1053538721 |   6.8417e-02   |    1.3338     |    0.2247
Density calculation took 0.549490s
Tau required
    5     | -1613.1196265277 |   1.5363e-02   |    1.3352     |    0.2329
Density calculation took 0.549694s
Tau required
    6     | -1613.1231727474 |   2.0285e-03   |    1.3352     |    0.2305
Density calculation took 0.549795s
Tau required
    7     | -1613.1235482919 |   7.0635e-04   |    1.3347     |    0.2341
Density calculation took 0.549569s
Tau required
    8     | -1613.1237403038 |   1.4102e-04   |    1.3365     |    0.2263
Density calculation took 0.549609s
Tau required
    9     | -1613.1237827130 |   1.1539e-05   |    1.3341     |    0.2261
Density calculation took 0.549771s
Tau required
   10     | -1613.1237857786 |   1.6891e-06   |    1.3354     |    0.2270
Density calculation took 0.549452s
Tau required
   11     | -1613.1237861907 |   2.8134e-07   |    1.3335     |    0.2273
Density calculation took 0.549336s
Tau required
   12     | -1613.1237862415 |   1.1672e-07   |    1.3338     |    0.2276
Density calculation took 0.549557s
Tau required
   13     | -1613.1237862749 |   9.8409e-09   |    1.3355     |    0.2268
Density calculation took 0.549449s
Tau required
   14     | -1613.1237862773 |   1.4917e-09   |    1.3356     |    0.2269
Density calculation took 0.549902s
Tau required
   15     | -1613.1237862776 |   1.8376e-10   |    1.3356     |    0.2266
Density calculation took 0.549763s
Tau required
   16     | -1613.1237862777 |   8.9090e-11   |    1.3340     |    0.2268
Created 626514 / 2702736 significant shell pairs
Created 484460 / 2056356 significant shell pairs
Total number of grid points: 370104 (5782 per atom)
One electron integrals and orthogonalizer took 0.045638s
Created 484460 / 2056356 significant shell pairs
3C integrals and B formation took 1.863872s
Iteration |      Energy      |  DIIS Metric   | Fock Time (s) | DIIS Time (s)
----------+------------------+----------------+---------------+--------------
Density calculation took 0.549903s
Tau required
    1     | -1623.9654415621 |   1.0303e+03   |    1.4689     |    0.2591
Density calculation took 0.577580s
Tau required
    2     | -1612.6667340428 |   1.5929e+00   |    1.3494     |    0.2235
Density calculation took 0.556119s
Tau required
    3     | -1612.6934553891 |   1.5819e+00   |    1.3266     |    0.2327
Density calculation took 0.555760s
Tau required
    4     | -1613.1152467620 |   6.2327e-02   |    1.3277     |    0.2264
Density calculation took 0.556425s
Tau required
    5     | -1613.1279637097 |   1.5944e-02   |    1.3288     |    0.2360
Density calculation took 0.555651s
Tau required
    6     | -1613.1318506431 |   1.3489e-03   |    1.3272     |    0.2259
Density calculation took 0.556585s
Tau required
    7     | -1613.1320786362 |   5.0437e-04   |    1.3269     |    0.2346
Density calculation took 0.555949s
Tau required
    8     | -1613.1322037822 |   7.5637e-05   |    1.3281     |    0.2276
Density calculation took 0.556415s
Tau required
    9     | -1613.1322252998 |   4.1316e-06   |    1.3264     |    0.2301
Density calculation took 0.555756s
Tau required
   10     | -1613.1322261322 |   1.4818e-06   |    1.3276     |    0.2271
Density calculation took 0.556490s
Tau required
   11     | -1613.1322265038 |   2.3534e-07   |    1.3271     |    0.2274
Density calculation took 0.555954s
Tau required
   12     | -1613.1322265328 |   1.4411e-07   |    1.3270     |    0.2276
Density calculation took 0.556403s
Tau required
   13     | -1613.1322265738 |   1.7388e-08   |    1.3292     |    0.2263
Density calculation took 0.556087s
Tau required
   14     | -1613.1322265788 |   1.2293e-09   |    1.3255     |    0.2290
Density calculation took 0.556505s
Tau required
   15     | -1613.1322265791 |   1.1958e-10   |    1.3290     |    0.2265
Density calculation took 0.556326s
Tau required
   16     | -1613.1322265791 |   6.5843e-11   |    1.3293     |    0.2266
Created 666777 / 2702736 significant shell pairs
Created 516975 / 2056356 significant shell pairs
Total number of grid points: 369664 (5776 per atom)
One electron integrals and orthogonalizer took 0.050390s
Created 516975 / 2056356 significant shell pairs
3C integrals and B formation took 1.941903s
Iteration |      Energy      |  DIIS Metric   | Fock Time (s) | DIIS Time (s)
----------+------------------+----------------+---------------+--------------
Density calculation took 0.549864s
Tau required
    1     | -1623.9743596057 |   1.0340e+03   |    1.4636     |    0.2576
Density calculation took 0.575376s
Tau required
    2     | -1612.6579807097 |   1.5879e+00   |    1.3418     |    0.2234
Density calculation took 0.552969s
Tau required
    3     | -1612.6859102091 |   1.5780e+00   |    1.3219     |    0.2321
Density calculation took 0.553171s
Tau required
    4     | -1613.1086668165 |   5.0136e-02   |    1.3229     |    0.2247
Density calculation took 0.553470s
Tau required
    5     | -1613.1174358033 |   1.8091e-02   |    1.3212     |    0.2318
Density calculation took 0.553917s
Tau required
    6     | -1613.1218087609 |   2.2066e-03   |    1.3219     |    0.2246
Density calculation took 0.553579s
Tau required
    7     | -1613.1222951140 |   5.3364e-04   |    1.3201     |    0.2329
Density calculation took 0.553822s
Tau required
    8     | -1613.1224320107 |   9.6017e-05   |    1.3236     |    0.2262
Density calculation took 0.553710s
Tau required
    9     | -1613.1224590768 |   5.6385e-06   |    1.3211     |    0.2255
Density calculation took 0.553737s
Tau required
   10     | -1613.1224602485 |   1.6614e-06   |    1.3230     |    0.2254
Density calculation took 0.553790s
Tau required
   11     | -1613.1224606879 |   1.7843e-07   |    1.3221     |    0.2282
Density calculation took 0.553520s
Tau required
   12     | -1613.1224607043 |   1.2405e-07   |    1.3238     |    0.2277
Density calculation took 0.553790s
Tau required
   13     | -1613.1224607398 |   1.0511e-08   |    1.3223     |    0.2275
Density calculation took 0.553920s
Tau required
   14     | -1613.1224607427 |   1.1961e-09   |    1.3219     |    0.2271
Density calculation took 0.553660s
Tau required
   15     | -1613.1224607430 |   1.9593e-10   |    1.3203     |    0.2274
Density calculation took 0.553950s
Tau required
   16     | -1613.1224607430 |   5.4040e-11   |    1.3251     |    0.2267
Created 645317 / 2702736 significant shell pairs
Created 499637 / 2056356 significant shell pairs
Total number of grid points: 369264 (5769 per atom)
One electron integrals and orthogonalizer took 0.045299s
Created 499637 / 2056356 significant shell pairs
3C integrals and B formation took 1.879799s
Iteration |      Energy      |  DIIS Metric   | Fock Time (s) | DIIS Time (s)
----------+------------------+----------------+---------------+--------------
Density calculation took 0.549625s
Tau required
    1     | -1623.9595686630 |   1.0316e+03   |    1.4630     |    0.2564
Density calculation took 0.571642s
Tau required
    2     | -1612.6545429621 |   1.5751e+00   |    1.3388     |    0.2238
Density calculation took 0.549851s
Tau required
    3     | -1612.6793869093 |   1.5720e+00   |    1.3166     |    0.2329
Density calculation took 0.550511s
Tau required
    4     | -1613.0979837011 |   6.9972e-02   |    1.3148     |    0.2245
Density calculation took 0.550375s
Tau required
    5     | -1613.1115665105 |   2.0050e-02   |    1.3170     |    0.2337
Density calculation took 0.550460s
Tau required
    6     | -1613.1162416647 |   3.1184e-03   |    1.3148     |    0.2253
Density calculation took 0.550803s
Tau required
    7     | -1613.1169574122 |   6.2764e-04   |    1.3153     |    0.2350
Density calculation took 0.550461s
Tau required
    8     | -1613.1170985680 |   1.6766e-04   |    1.3175     |    0.2283
Density calculation took 0.550458s
Tau required
    9     | -1613.1171525720 |   1.2989e-05   |    1.3164     |    0.2280
Density calculation took 0.550786s
Tau required
   10     | -1613.1171561350 |   2.1115e-06   |    1.3165     |    0.2274
Density calculation took 0.550692s
Tau required
   11     | -1613.1171566183 |   5.3491e-07   |    1.3158     |    0.2264
Density calculation took 0.550847s
Tau required
   12     | -1613.1171567404 |   1.4581e-07   |    1.3180     |    0.2270
Density calculation took 0.550724s
Tau required
   13     | -1613.1171567790 |   1.9951e-08   |    1.3173     |    0.2320
Density calculation took 0.550715s
Tau required
   14     | -1613.1171567842 |   2.3190e-09   |    1.3170     |    0.2269
Density calculation took 0.550759s
Tau required
   15     | -1613.1171567848 |   2.1466e-10   |    1.3170     |    0.2277
Density calculation took 0.550640s
Tau required
   16     | -1613.1171567848 |   2.3391e-10   |    1.3166     |    0.2277
Density calculation took 0.550764s
Tau required
   17     | -1613.1171567849 |   3.5094e-11   |    1.3163     |    0.2277
Created 651703 / 2702736 significant shell pairs
Created 504965 / 2056356 significant shell pairs
Total number of grid points: 369277 (5769 per atom)
One electron integrals and orthogonalizer took 0.045922s
Created 504965 / 2056356 significant shell pairs
3C integrals and B formation took 1.895921s
Iteration |      Energy      |  DIIS Metric   | Fock Time (s) | DIIS Time (s)
----------+------------------+----------------+---------------+--------------
Density calculation took 0.542490s
Tau required
    1     | -1623.9628320690 |   1.0318e+03   |    1.5023     |    0.2588
Density calculation took 0.569249s
Tau required
    2     | -1612.6561074193 |   1.5811e+00   |    1.3503     |    0.2225
Density calculation took 0.548669s
Tau required
    3     | -1612.6818880744 |   1.5777e+00   |    1.3280     |    0.2321
Density calculation took 0.548643s
Tau required
    4     | -1613.1015518118 |   6.5572e-02   |    1.3275     |    0.2246
Density calculation took 0.549136s
Tau required
    5     | -1613.1143816569 |   1.8064e-02   |    1.3290     |    0.2370
Density calculation took 0.549121s
Tau required
    6     | -1613.1188547962 |   2.4472e-03   |    1.3273     |    0.2249
Density calculation took 0.549306s
Tau required
    7     | -1613.1194260248 |   6.7419e-04   |    1.3293     |    0.2346
Density calculation took 0.549402s
Tau required
    8     | -1613.1196053810 |   1.2591e-04   |    1.3281     |    0.2262
Density calculation took 0.549027s
Tau required
    9     | -1613.1196405742 |   9.3020e-06   |    1.3299     |    0.2265
Density calculation took 0.549103s
Tau required
   10     | -1613.1196428230 |   1.9274e-06   |    1.3268     |    0.2264
Density calculation took 0.549265s
Tau required
   11     | -1613.1196432557 |   4.6442e-07   |    1.3287     |    0.2275
Density calculation took 0.549229s
Tau required
   12     | -1613.1196433611 |   1.4129e-07   |    1.3289     |    0.2257
Density calculation took 0.549321s
Tau required
   13     | -1613.1196434011 |   1.5219e-08   |    1.3293     |    0.2266
Density calculation took 0.549460s
Tau required
   14     | -1613.1196434049 |   2.0719e-09   |    1.3291     |    0.2251
Density calculation took 0.549303s
Tau required
   15     | -1613.1196434055 |   2.4315e-10   |    1.3277     |    0.2261
Density calculation took 0.549357s
Tau required
   16     | -1613.1196434055 |   2.0500e-10   |    1.3308     |    0.2266
Density calculation took 0.549587s
Tau required
   17     | -1613.1196434055 |   5.6455e-11   |    1.3285     |    0.2255
Please cite the following papers for the methods used in this calculation:
 - J.L. Galvez Vallejo et. al., Toward an extreme-scale electronic structure system, J. Chem. Phys., 2023. DOI: 10.1063/5.0156399

 - R. Stocks, E. Palethorpe, and G.M.J. Barca, Multi-GPU RI-HF Energies and Analytic Gradients ─ Toward High-Throughput Ab Initio Molecular Dynamics, J. Chem. Theory Comput., 2024. DOI: 10.1021/acs.jctc.4c00877
   For:
     * RI-HF energy

 - S. Lehtola, C. Steigemann, M.J.T. Oliveira, and M.A.L. Marques, Recent developments in Libxc: A comprehensive library of functionals for density functional theory, SoftwareX, 2018. DOI: 10.1016/j.softx.2017.11.002
   For:
     * LibXC version 6.2.0

 - D.B. Williams-Young, W.A. de Jong, H.J.J. van Dam, and C. Yang, On the Efficient Evaluation of the Exchange Correlation Potential on Graphics Processing Unit Clusters, Frontiers in Chemistry, 2020. DOI: 10.3389/fchem.2020.581058
   For:
     * ExchCXX GPU implementation of exchange-correlation functionals

 - R. Stocks and G.M.J. Barca, Efficient Algorithms for GPU Accelerated Evaluation of the DFT Exchange-Correlation Functional, J. Chem. Theory Comput., 2025. DOI: 10.1021/acs.jctc.5c01229
   For:
     * GPU accelerated DFT exchange-correlation evaluation

 - H. S. Yu, X. He, and D. G. Truhlar.,  J. Chem. Theory Comput. 12, 1280-1293 (2016) DOI: 10.1021/acs.jctc.5b01082
   For:
     * MGGA_X_MN15_L XC Functional
     * MGGA_C_MN15_L XC Functional

[CRAYBLAS_WARNING] Application linked against multiple cray-libsci libraries
