Total number of grid points: 392885 (5777 per atom)
Density calculation took 0.663961s
Tau required
Density calculation took 0.637200s
Tau required
Density calculation took 0.621592s
Tau required
Density calculation took 0.621711s
Tau required
Density calculation took 0.622132s
Tau required
Density calculation took 0.621855s
Tau required
Density calculation took 0.621969s
Tau required
Density calculation took 0.622002s
Tau required
Density calculation took 0.622259s
Tau required
Density calculation took 0.622154s
Tau required
Density calculation took 0.622314s
Tau required
Density calculation took 0.621604s
Tau required
Density calculation took 0.622119s
Tau required
Density calculation took 0.622106s
Tau required
Density calculation took 0.622638s
Tau required
Total number of grid points: 392237 (5768 per atom)
Density calculation took 0.664837s
Tau required
Density calculation took 0.641738s
Tau required
Density calculation took 0.620652s
Tau required
Density calculation took 0.620767s
Tau required
Density calculation took 0.621223s
Tau required
Density calculation took 0.620936s
Tau required
Density calculation took 0.620787s
Tau required
Density calculation took 0.621045s
Tau required
Density calculation took 0.621267s
Tau required
Density calculation took 0.621229s
Tau required
Density calculation took 0.621113s
Tau required
Density calculation took 0.621256s
Tau required
Density calculation took 0.621151s
Tau required
Density calculation took 0.621266s
Tau required
Density calculation took 0.621306s
Tau required
Total number of grid points: 392840 (5777 per atom)
Density calculation took 0.659911s
Tau required
Density calculation took 0.638552s
Tau required
Density calculation took 0.616696s
Tau required
Density calculation took 0.615989s
Tau required
Density calculation took 0.616713s
Tau required
Density calculation took 0.617064s
Tau required
Density calculation took 0.617056s
Tau required
Density calculation took 0.616416s
Tau required
Density calculation took 0.617228s
Tau required
Density calculation took 0.616198s
Tau required
Density calculation took 0.617087s
Tau required
Density calculation took 0.617444s
Tau required
Density calculation took 0.617294s
Tau required
Density calculation took 0.617367s
Tau required
Density calculation took 0.617411s
Tau required
Density calculation took 0.617348s
Tau required
Total number of grid points: 392600 (5773 per atom)
Density calculation took 0.698603s
Tau required
Density calculation took 0.645573s
Tau required
Density calculation took 0.621056s
Tau required
Density calculation took 0.622139s
Tau required
Density calculation took 0.621632s
Tau required
Density calculation took 0.622004s
Tau required
Density calculation took 0.621708s
Tau required
Density calculation took 0.621171s
Tau required
Density calculation took 0.622206s
Tau required
Density calculation took 0.622329s
Tau required
Density calculation took 0.621451s
Tau required
Density calculation took 0.621994s
Tau required
Density calculation took 0.622107s
Tau required
Density calculation took 0.622061s
Tau required
Density calculation took 0.622765s
Tau required
Density calculation took 0.622058s
Tau required
Density calculation took 0.622276s
Tau required
Total number of grid points: 392438 (5771 per atom)
Density calculation took 0.665389s
Tau required
Density calculation took 0.643429s
Tau required
Density calculation took 0.620134s
Tau required
Density calculation took 0.619183s
Tau required
Density calculation took 0.619111s
Tau required
Density calculation took 0.619373s
Tau required
Density calculation took 0.619359s
Tau required
Density calculation took 0.619594s
Tau required
Density calculation took 0.619497s
Tau required
Density calculation took 0.619928s
Tau required
Density calculation took 0.619383s
Tau required
Density calculation took 0.619466s
Tau required
Density calculation took 0.619778s
Tau required
Density calculation took 0.619899s
Tau required
Density calculation took 0.619183s
Tau required
Density calculation took 0.619510s
Tau required
Total number of grid points: 391905 (5763 per atom)
Density calculation took 0.697104s
Tau required
Density calculation took 0.646768s
Tau required
Density calculation took 0.624660s
Tau required
Density calculation took 0.624789s
Tau required
Density calculation took 0.624983s
Tau required
Density calculation took 0.624831s
Tau required
Density calculation took 0.625120s
Tau required
Density calculation took 0.624702s
Tau required
Density calculation took 0.624922s
Tau required
Density calculation took 0.625194s
Tau required
Density calculation took 0.624744s
Tau required
Density calculation took 0.624919s
Tau required
Density calculation took 0.625063s
Tau required
Density calculation took 0.625107s
Tau required
Density calculation took 0.624930s
Tau required
Density calculation took 0.624997s
Tau required
Density calculation took 0.624923s
Tau required
Total number of grid points: 392375 (5770 per atom)
Density calculation took 0.693560s
Tau required
Density calculation took 0.643213s
Tau required
Density calculation took 0.618159s
Tau required
Density calculation took 0.618723s
Tau required
Density calculation took 0.619010s
Tau required
Density calculation took 0.618861s
Tau required
Density calculation took 0.618703s
Tau required
Density calculation took 0.618913s
Tau required
Density calculation took 0.618704s
Tau required
Density calculation took 0.619039s
Tau required
Density calculation took 0.618757s
Tau required
Density calculation took 0.618685s
Tau required
Density calculation took 0.619041s
Tau required
Density calculation took 0.619057s
Tau required
Density calculation took 0.618873s
Tau required
Density calculation took 0.619219s
Tau required
Total number of grid points: 392437 (5771 per atom)
Density calculation took 0.661085s
Tau required
Density calculation took 0.644465s
Tau required
Density calculation took 0.620172s
Tau required
Density calculation took 0.620952s
Tau required
Density calculation took 0.619734s
Tau required
Density calculation took 0.620919s
Tau required
Density calculation took 0.620535s
Tau required
Density calculation took 0.620553s
Tau required
Density calculation took 0.620344s
Tau required
Density calculation took 0.621070s
Tau required
Density calculation took 0.620115s
Tau required
Density calculation took 0.620838s
Tau required
Density calculation took 0.620602s
Tau required
Density calculation took 0.620745s
Tau required
Density calculation took 0.620638s
Tau required
Density calculation took 0.621264s
Tau required
Total number of grid points: 392082 (5765 per atom)
Density calculation took 0.667812s
Tau required
Density calculation took 0.642826s
Tau required
Density calculation took 0.619180s
Tau required
Density calculation took 0.619115s
Tau required
Density calculation took 0.618963s
Tau required
Density calculation took 0.619397s
Tau required
Density calculation took 0.619591s
Tau required
Density calculation took 0.619266s
Tau required
Density calculation took 0.619409s
Tau required
Density calculation took 0.619440s
Tau required
Density calculation took 0.619564s
Tau required
Density calculation took 0.619760s
Tau required
Density calculation took 0.619144s
Tau required
Density calculation took 0.619597s
Tau required
Density calculation took 0.619527s
Tau required
Density calculation took 0.619914s
Tau required
Total number of grid points: 392513 (5772 per atom)
Density calculation took 0.698858s
Tau required
Density calculation took 0.648026s
Tau required
Density calculation took 0.621485s
Tau required
Density calculation took 0.623743s
Tau required
Density calculation took 0.621681s
Tau required
Density calculation took 0.623812s
Tau required
Density calculation took 0.622267s
Tau required
Density calculation took 0.623848s
Tau required
Density calculation took 0.622349s
Tau required
Density calculation took 0.623964s
Tau required
Density calculation took 0.621784s
Tau required
Density calculation took 0.623384s
Tau required
Density calculation took 0.622442s
Tau required
Density calculation took 0.624266s
Tau required
Density calculation took 0.622581s
Tau required
Density calculation took 0.624212s
Tau required
Total number of grid points: 392567 (5773 per atom)
Density calculation took 0.697413s
Tau required
Density calculation took 0.644057s
Tau required
Density calculation took 0.623069s
Tau required
Density calculation took 0.622108s
Tau required
Density calculation took 0.621976s
Tau required
Density calculation took 0.620400s
Tau required
Density calculation took 0.622408s
Tau required
Density calculation took 0.620720s
Tau required
Density calculation took 0.622435s
Tau required
Density calculation took 0.622480s
Tau required
Density calculation took 0.622296s
Tau required
Density calculation took 0.621796s
Tau required
Density calculation took 0.622280s
Tau required
Density calculation took 0.621335s
Tau required
Density calculation took 0.622639s
Tau required
Density calculation took 0.622421s
Tau required
Total number of grid points: 391320 (5754 per atom)
Density calculation took 0.698014s
Tau required
Density calculation took 0.640252s
Tau required
Density calculation took 0.618547s
Tau required
Density calculation took 0.618565s
Tau required
Density calculation took 0.618880s
Tau required
Density calculation took 0.618782s
Tau required
Density calculation took 0.618828s
Tau required
Density calculation took 0.618879s
Tau required
Density calculation took 0.618826s
Tau required
Density calculation took 0.618680s
Tau required
Density calculation took 0.618848s
Tau required
Density calculation took 0.619021s
Tau required
Density calculation took 0.619013s
Tau required
Density calculation took 0.619046s
Tau required
Density calculation took 0.619216s
Tau required
Density calculation took 0.619001s
Tau required
Total number of grid points: 392473 (5771 per atom)
Density calculation took 0.696270s
Tau required
Density calculation took 0.644684s
Tau required
Density calculation took 0.622245s
Tau required
Density calculation took 0.620830s
Tau required
Density calculation took 0.620802s
Tau required
Density calculation took 0.620780s
Tau required
Density calculation took 0.620847s
Tau required
Density calculation took 0.620950s
Tau required
Density calculation took 0.620879s
Tau required
Density calculation took 0.621336s
Tau required
Density calculation took 0.621068s
Tau required
Density calculation took 0.621045s
Tau required
Density calculation took 0.621073s
Tau required
Density calculation took 0.621088s
Tau required
Density calculation took 0.621032s
Tau required
Density calculation took 0.621337s
Tau required
Density calculation took 0.621195s
Tau required
Total number of grid points: 393008 (5779 per atom)
Density calculation took 0.699356s
Tau required
Density calculation took 0.644559s
Tau required
Density calculation took 0.621413s
Tau required
Density calculation took 0.621770s
Tau required
Density calculation took 0.621581s
Tau required
Density calculation took 0.621639s
Tau required
Density calculation took 0.622016s
Tau required
Density calculation took 0.621910s
Tau required
Density calculation took 0.621905s
Tau required
Density calculation took 0.621596s
Tau required
Density calculation took 0.621725s
Tau required
Density calculation took 0.622127s
Tau required
Density calculation took 0.621915s
Tau required
Density calculation took 0.621489s
Tau required
Density calculation took 0.621819s
Tau required
Density calculation took 0.621587s
Tau required
Density calculation took 0.621992s
Tau required
Total number of grid points: 391880 (5762 per atom)
Density calculation took 0.664073s
Tau required
Density calculation took 0.643915s
Tau required
Density calculation took 0.619014s
Tau required
Density calculation took 0.619110s
Tau required
Density calculation took 0.619817s
Tau required
Density calculation took 0.620014s
Tau required
Density calculation took 0.619342s
Tau required
Density calculation took 0.619850s
Tau required
Density calculation took 0.619241s
Tau required
Density calculation took 0.619576s
Tau required
Density calculation took 0.620191s
Tau required
Density calculation took 0.620018s
Tau required
Density calculation took 0.620219s
Tau required
Density calculation took 0.620887s
Tau required
Density calculation took 0.620073s
Tau required
Density calculation took 0.620552s
Tau required
Density calculation took 0.621102s
Tau required
Density calculation took 0.619949s
Tau required
Total number of grid points: 392430 (5771 per atom)
Density calculation took 0.704702s
Tau required
Density calculation took 0.641688s
Tau required
Density calculation took 0.618600s
Tau required
Density calculation took 0.620020s
Tau required
Density calculation took 0.619977s
Tau required
Density calculation took 0.619971s
Tau required
Density calculation took 0.620743s
Tau required
Density calculation took 0.620274s
Tau required
Density calculation took 0.620488s
Tau required
Density calculation took 0.620035s
Tau required
Density calculation took 0.620085s
Tau required
Density calculation took 0.620395s
Tau required
Density calculation took 0.620067s
Tau required
Density calculation took 0.620290s
Tau required
Density calculation took 0.620172s
Tau required
Density calculation took 0.619951s
Tau required
Density calculation took 0.620128s
Tau required
Total number of grid points: 392322 (5769 per atom)
Density calculation took 0.694729s
Tau required
Density calculation took 0.644527s
Tau required
Density calculation took 0.621928s
Tau required
Density calculation took 0.622308s
Tau required
Density calculation took 0.621741s
Tau required
Density calculation took 0.622132s
Tau required
Density calculation took 0.621645s
Tau required
Density calculation took 0.622029s
Tau required
Density calculation took 0.621702s
Tau required
Density calculation took 0.622248s
Tau required
Density calculation took 0.621793s
Tau required
Density calculation took 0.621930s
Tau required
Density calculation took 0.621682s
Tau required
Density calculation took 0.622239s
Tau required
Density calculation took 0.621777s
Tau required
Density calculation took 0.622321s
Tau required
Density calculation took 0.621568s
Tau required
Total number of grid points: 392893 (5777 per atom)
Density calculation took 0.665814s
Tau required
Density calculation took 0.642932s
Tau required
Density calculation took 0.619951s
Tau required
Density calculation took 0.619603s
Tau required
Density calculation took 0.620146s
Tau required
Density calculation took 0.619512s
Tau required
Density calculation took 0.620333s
Tau required
Density calculation took 0.620126s
Tau required
Density calculation took 0.620154s
Tau required
Density calculation took 0.620084s
Tau required
Density calculation took 0.620325s
Tau required
Density calculation took 0.620085s
Tau required
Density calculation took 0.620009s
Tau required
Density calculation took 0.620238s
Tau required
Density calculation took 0.620243s
Tau required
Density calculation took 0.620266s
Tau required
Total number of grid points: 393120 (5781 per atom)
Density calculation took 0.704852s
Tau required
Density calculation took 0.646023s
Tau required
Density calculation took 0.622491s
Tau required
Density calculation took 0.622746s
Tau required
Density calculation took 0.622750s
Tau required
Density calculation took 0.622622s
Tau required
Density calculation took 0.623202s
Tau required
Density calculation took 0.622800s
Tau required
Density calculation took 0.622680s
Tau required
Density calculation took 0.622923s
Tau required
Density calculation took 0.622695s
Tau required
Density calculation took 0.623129s
Tau required
Density calculation took 0.623257s
Tau required
Density calculation took 0.623141s
Tau required
Density calculation took 0.623236s
Tau required
Density calculation took 0.623036s
Tau required
Total number of grid points: 393159 (5781 per atom)
Density calculation took 0.690230s
Tau required
Density calculation took 0.642680s
Tau required
Density calculation took 0.620540s
Tau required
Density calculation took 0.620637s
Tau required
Density calculation took 0.620707s
Tau required
Density calculation took 0.620445s
Tau required
Density calculation took 0.620456s
Tau required
Density calculation took 0.620816s
Tau required
Density calculation took 0.620908s
Tau required
Density calculation took 0.620721s
Tau required
Density calculation took 0.621069s
Tau required
Density calculation took 0.620806s
Tau required
Density calculation took 0.620957s
Tau required
Density calculation took 0.620991s
Tau required
Density calculation took 0.621226s
Tau required
Density calculation took 0.620695s
Tau required
Density calculation took 0.620873s
Tau required
[CRAYBLAS_WARNING] Application linked against multiple cray-libsci libraries
_dhdft_inputs_exess_exess_inputs_MN15L_def2-TZVP_isomers_37960-37979_topology_8.json
************************************************************
**************** Running topology 10 of 20 *****************
************************************************************

************************************************************
***** Beginning RI-MGGA_X_MN15_L+MGGA_C_MN15_L energy ******
************************************************************

=======================================================
      MGGA_X_MN15_L+MGGA_C_MN15_L Energy Results       
=======================================================
E MGGA_X_MN15_L+MGGA_C_MN15_L: -1690.48348122
Nuclear Repulsion Energy: 4528.13495035
Electronic Energy:        -5971.71075966
XC Energy:                -246.907672
Converged:                1
# of SCF iterations:      16
SCF Time:                 31.633s

=======================================================
            Individual Calculation Summary             
=======================================================
HF Energy: -1690.4834812205031085
=======================================================


Topology 9 time: 31.826281 s, performance: SP: 0 FLOP/s, DP: 33.14 TFLOP/s
JSON file written to: json_logs/lustre_orion_chm213_scratch_ryan_dhdft_inputs_exess_exess_inputs_MN15L_def2-TZVP_isomers_37960-37979_topology_9.json
************************************************************
**************** Running topology 11 of 20 *****************
************************************************************

************************************************************
***** Beginning RI-MGGA_X_MN15_L+MGGA_C_MN15_L energy ******
************************************************************

=======================================================
      MGGA_X_MN15_L+MGGA_C_MN15_L Energy Results       
=======================================================
E MGGA_X_MN15_L+MGGA_C_MN15_L: -1690.48969467
Nuclear Repulsion Energy: 4485.64355598
Electronic Energy:        -5929.22662053
XC Energy:                -246.906630
Converged:                1
# of SCF iterations:      16
SCF Time:                 31.695s

=======================================================
            Individual Calculation Summary             
=======================================================
HF Energy: -1690.4896946719750304
=======================================================


Topology 10 time: 31.883913 s, performance: SP: 0 FLOP/s, DP: 33.11 TFLOP/s
JSON file written to: json_logs/lustre_orion_chm213_scratch_ryan_dhdft_inputs_exess_exess_inputs_MN15L_def2-TZVP_isomers_37960-37979_topology_10.json
************************************************************
**************** Running topology 12 of 20 *****************
************************************************************

************************************************************
***** Beginning RI-MGGA_X_MN15_L+MGGA_C_MN15_L energy ******
************************************************************

=======================================================
      MGGA_X_MN15_L+MGGA_C_MN15_L Energy Results       
=======================================================
E MGGA_X_MN15_L+MGGA_C_MN15_L: -1690.47717886
Nuclear Repulsion Energy: 4530.77247076
Electronic Energy:        -5974.34516602
XC Energy:                -246.904484
Converged:                1
# of SCF iterations:      16
SCF Time:                 31.562s

=======================================================
            Individual Calculation Summary             
=======================================================
HF Energy: -1690.4771788581074361
=======================================================


Topology 11 time: 31.754891 s, performance: SP: 0 FLOP/s, DP: 33.21 TFLOP/s
JSON file written to: json_logs/lustre_orion_chm213_scratch_ryan_dhdft_inputs_exess_exess_inputs_MN15L_def2-TZVP_isomers_37960-37979_topology_11.json
************************************************************
**************** Running topology 13 of 20 *****************
************************************************************

************************************************************
***** Beginning RI-MGGA_X_MN15_L+MGGA_C_MN15_L energy ******
************************************************************

=======================================================
      MGGA_X_MN15_L+MGGA_C_MN15_L Energy Results       
=======================================================
E MGGA_X_MN15_L+MGGA_C_MN15_L: -1690.47845183
Nuclear Repulsion Energy: 4552.16702832
Electronic Energy:        -5995.74427934
XC Energy:                -246.901201
Converged:                1
# of SCF iterations:      17
SCF Time:                 33.308s

=======================================================
            Individual Calculation Summary             
=======================================================
HF Energy: -1690.4784518280293923
=======================================================


Topology 12 time: 33.502578 s, performance: SP: 0 FLOP/s, DP: 33.33 TFLOP/s
JSON file written to: json_logs/lustre_orion_chm213_scratch_ryan_dhdft_inputs_exess_exess_inputs_MN15L_def2-TZVP_isomers_37960-37979_topology_12.json
************************************************************
**************** Running topology 14 of 20 *****************
************************************************************

************************************************************
***** Beginning RI-MGGA_X_MN15_L+MGGA_C_MN15_L energy ******
************************************************************

=======================================================
      MGGA_X_MN15_L+MGGA_C_MN15_L Energy Results       
=======================================================
E MGGA_X_MN15_L+MGGA_C_MN15_L: -1690.48266869
Nuclear Repulsion Energy: 4506.22498267
Electronic Energy:        -5949.8031961
XC Energy:                -246.904455
Converged:                1
# of SCF iterations:      17
SCF Time:                 33.494s

=======================================================
            Individual Calculation Summary             
=======================================================
HF Energy: -1690.4826686930966844
=======================================================


Topology 13 time: 33.685863 s, performance: SP: 0 FLOP/s, DP: 33.13 TFLOP/s
JSON file written to: json_logs/lustre_orion_chm213_scratch_ryan_dhdft_inputs_exess_exess_inputs_MN15L_def2-TZVP_isomers_37960-37979_topology_13.json
************************************************************
**************** Running topology 15 of 20 *****************
************************************************************

************************************************************
***** Beginning RI-MGGA_X_MN15_L+MGGA_C_MN15_L energy ******
************************************************************

=======================================================
      MGGA_X_MN15_L+MGGA_C_MN15_L Energy Results       
=======================================================
E MGGA_X_MN15_L+MGGA_C_MN15_L: -1690.47780808
Nuclear Repulsion Energy: 4571.49242749
Electronic Energy:        -6015.06993011
XC Energy:                -246.900305
Converged:                1
# of SCF iterations:      18
SCF Time:                 35.409s

=======================================================
            Individual Calculation Summary             
=======================================================
HF Energy: -1690.4778080833461900
=======================================================


Topology 14 time: 35.606302 s, performance: SP: 0 FLOP/s, DP: 33.08 TFLOP/s
JSON file written to: json_logs/lustre_orion_chm213_scratch_ryan_dhdft_inputs_exess_exess_inputs_MN15L_def2-TZVP_isomers_37960-37979_topology_14.json
************************************************************
**************** Running topology 16 of 20 *****************
************************************************************

************************************************************
***** Beginning RI-MGGA_X_MN15_L+MGGA_C_MN15_L energy ******
************************************************************

=======================================================
      MGGA_X_MN15_L+MGGA_C_MN15_L Energy Results       
=======================================================
E MGGA_X_MN15_L+MGGA_C_MN15_L: -1690.47757585
Nuclear Repulsion Energy: 4523.91517377
Electronic Energy:        -5967.49231128
XC Energy:                -246.900438
Converged:                1
# of SCF iterations:      17
SCF Time:                 33.403s

=======================================================
            Individual Calculation Summary             
=======================================================
HF Energy: -1690.4775758482387573
=======================================================


Topology 15 time: 33.596538 s, performance: SP: 0 FLOP/s, DP: 33.2 TFLOP/s
JSON file written to: json_logs/lustre_orion_chm213_scratch_ryan_dhdft_inputs_exess_exess_inputs_MN15L_def2-TZVP_isomers_37960-37979_topology_15.json
************************************************************
**************** Running topology 17 of 20 *****************
************************************************************

************************************************************
***** Beginning RI-MGGA_X_MN15_L+MGGA_C_MN15_L energy ******
************************************************************

=======================================================
      MGGA_X_MN15_L+MGGA_C_MN15_L Energy Results       
=======================================================
E MGGA_X_MN15_L+MGGA_C_MN15_L: -1690.48923661
Nuclear Repulsion Energy: 4501.77317396
Electronic Energy:        -5945.35714179
XC Energy:                -246.905269
Converged:                1
# of SCF iterations:      17
SCF Time:                 33.256s

=======================================================
            Individual Calculation Summary             
=======================================================
HF Energy: -1690.4892366140136346
=======================================================


Topology 16 time: 33.446971 s, performance: SP: 0 FLOP/s, DP: 33.38 TFLOP/s
JSON file written to: json_logs/lustre_orion_chm213_scratch_ryan_dhdft_inputs_exess_exess_inputs_MN15L_def2-TZVP_isomers_37960-37979_topology_16.json
************************************************************
**************** Running topology 18 of 20 *****************
************************************************************

************************************************************
***** Beginning RI-MGGA_X_MN15_L+MGGA_C_MN15_L energy ******
************************************************************

=======================================================
      MGGA_X_MN15_L+MGGA_C_MN15_L Energy Results       
=======================================================
E MGGA_X_MN15_L+MGGA_C_MN15_L: -1690.48180972
Nuclear Repulsion Energy: 4588.09154662
Electronic Energy:        -6031.66941142
XC Energy:                -246.903945
Converged:                1
# of SCF iterations:      16
SCF Time:                 31.591s

=======================================================
            Individual Calculation Summary             
=======================================================
HF Energy: -1690.4818097170109468
=======================================================


Topology 17 time: 31.789318 s, performance: SP: 0 FLOP/s, DP: 33.15 TFLOP/s
JSON file written to: json_logs/lustre_orion_chm213_scratch_ryan_dhdft_inputs_exess_exess_inputs_MN15L_def2-TZVP_isomers_37960-37979_topology_17.json
************************************************************
**************** Running topology 19 of 20 *****************
************************************************************

************************************************************
***** Beginning RI-MGGA_X_MN15_L+MGGA_C_MN15_L energy ******
************************************************************

=======================================================
      MGGA_X_MN15_L+MGGA_C_MN15_L Energy Results       
=======================================================
E MGGA_X_MN15_L+MGGA_C_MN15_L: -1690.49126196
Nuclear Repulsion Energy: 4473.7832252
Electronic Energy:        -5917.36708483
XC Energy:                -246.907402
Converged:                1
# of SCF iterations:      16
SCF Time:                 31.553s

=======================================================
            Individual Calculation Summary             
=======================================================
HF Energy: -1690.4912619620770329
=======================================================


Topology 18 time: 31.742977 s, performance: SP: 0 FLOP/s, DP: 33.23 TFLOP/s
JSON file written to: json_logs/lustre_orion_chm213_scratch_ryan_dhdft_inputs_exess_exess_inputs_MN15L_def2-TZVP_isomers_37960-37979_topology_18.json
************************************************************
**************** Running topology 20 of 20 *****************
************************************************************

************************************************************
***** Beginning RI-MGGA_X_MN15_L+MGGA_C_MN15_L energy ******
************************************************************

=======================================================
      MGGA_X_MN15_L+MGGA_C_MN15_L Energy Results       
=======================================================
E MGGA_X_MN15_L+MGGA_C_MN15_L: -1690.49107504
Nuclear Repulsion Energy: 4477.62530618
Electronic Energy:        -5921.21031312
XC Energy:                -246.906068
Converged:                1
# of SCF iterations:      17
SCF Time:                 33.166s

=======================================================
            Individual Calculation Summary             
=======================================================
HF Energy: -1690.4910750399035351
=======================================================


Topology 19 time: 33.355840 s, performance: SP: 0 FLOP/s, DP: 33.49 TFLOP/s
JSON file written to: json_logs/lustre_orion_chm213_scratch_ryan_dhdft_inputs_exess_exess_inputs_MN15L_def2-TZVP_isomers_37960-37979_topology_19.json
Total flops: SP: 0 FLOPS, DP: 21.52613 PFLOPS
Performance: SP: 0 FLOP/s, DP: 32.71 TFLOP/s

Now, a word from our sponsors... 
 It has smoked a lighthouse (Mexican saying)

[31mTotal processing time 658.347796 seconds[0m
[CRAYBLAS_WARNING] Application linked against multiple cray-libsci libraries
  1.4423e-10   |    1.5286     |    0.2631
Density calculation took 0.623467s
Tau required
   17     | -1690.4784518280 |   2.9386e-11   |    1.5293     |    0.2640
Created 689989 / 2985984 significant shell pairs
Created 536377 / 2274064 significant shell pairs
Total number of grid points: 392038 (5765 per atom)
One electron integrals and orthogonalizer took 0.052653s
Created 536377 / 2274064 significant shell pairs
3C integrals and B formation took 2.112205s
Iteration |      Energy      |  DIIS Metric   | Fock Time (s) | DIIS Time (s)
----------+------------------+----------------+---------------+--------------
Density calculation took 0.660472s
Tau required
    1     | -1701.7265502064 |   1.0760e+03   |    1.7703     |    0.2955
Density calculation took 0.649694s
Tau required
    2     | -1689.9871578913 |   1.6889e+00   |    1.5748     |    0.2633
Density calculation took 0.627905s
Tau required
    3     | -1690.0105012134 |   1.7079e+00   |    1.5394     |    0.2693
Density calculation took 0.629130s
Tau required
    4     | -1690.4662955630 |   6.0978e-02   |    1.5437     |    0.2613
Density calculation took 0.629159s
Tau required
    5     | -1690.4782087171 |   1.5662e-02   |    1.5433     |    0.2690
Density calculation took 0.627973s
Tau required
    6     | -1690.4819388411 |   2.4790e-03   |    1.5393     |    0.2614
Density calculation took 0.628368s
Tau required
    7     | -1690.4825139362 |   5.2135e-04   |    1.5404     |    0.2726
Density calculation took 0.628857s
Tau required
    8     | -1690.4826440965 |   8.3467e-05   |    1.5467     |    0.2632
Density calculation took 0.629471s
Tau required
    9     | -1690.4826672491 |   4.8274e-06   |    1.5474     |    0.2623
Density calculation took 0.629292s
Tau required
   10     | -1690.4826682055 |   1.5410e-06   |    1.5439     |    0.2629
Density calculation took 0.629675s
Tau required
   11     | -1690.4826686111 |   2.7541e-07   |    1.5462     |    0.2640
Density calculation took 0.629397s
Tau required
   12     | -1690.4826686525 |   1.4356e-07   |    1.5444     |    0.2631
Density calculation took 0.629543s
Tau required
   13     | -1690.4826686907 |   8.5283e-09   |    1.5446     |    0.2624
Density calculation took 0.629546s
Tau required
   14     | -1690.4826686928 |   1.0751e-09   |    1.5459     |    0.2641
Density calculation took 0.629214s
Tau required
   15     | -1690.4826686931 |   1.4458e-10   |    1.5444     |    0.2628
Density calculation took 0.629429s
Tau required
   16     | -1690.4826686931 |   1.0058e-10   |    1.5441     |    0.2634
Density calculation took 0.629427s
Tau required
   17     | -1690.4826686931 |   3.1628e-11   |    1.5449     |    0.2624
Created 710425 / 2985984 significant shell pairs
Created 552944 / 2274064 significant shell pairs
Total number of grid points: 392470 (5771 per atom)
One electron integrals and orthogonalizer took 0.052452s
Created 552944 / 2274064 significant shell pairs
3C integrals and B formation took 2.163073s
Iteration |      Energy      |  DIIS Metric   | Fock Time (s) | DIIS Time (s)
----------+------------------+----------------+---------------+--------------
Density calculation took 0.659914s
Tau required
    1     | -1701.7219063705 |   1.0756e+03   |    1.7421     |    0.2969
Density calculation took 0.651094s
Tau required
    2     | -1689.9838050367 |   1.6819e+00   |    1.5798     |    0.2597
Density calculation took 0.629072s
Tau required
    3     | -1690.0024795190 |   1.7195e+00   |    1.5467     |    0.2690
Density calculation took 0.629768s
Tau required
    4     | -1690.4593594421 |   6.9236e-02   |    1.5486     |    0.2579
Density calculation took 0.629295s
Tau required
    5     | -1690.4730135173 |   1.6843e-02   |    1.5506     |    0.2696
Density calculation took 0.629127s
Tau required
    6     | -1690.4769110624 |   3.0459e-03   |    1.5502     |    0.2615
Density calculation took 0.629337s
Tau required
    7     | -1690.4776443423 |   5.3679e-04   |    1.5491     |    0.2726
Density calculation took 0.629804s
Tau required
    8     | -1690.4777620396 |   1.6337e-04   |    1.5479     |    0.2630
Density calculation took 0.629429s
Tau required
    9     | -1690.4778051635 |   9.1766e-06   |    1.5498     |    0.2627
Density calculation took 0.629778s
Tau required
   10     | -1690.4778072224 |   2.7312e-06   |    1.5480     |    0.2632
Density calculation took 0.629487s
Tau required
   11     | -1690.4778079129 |   5.3751e-07   |    1.5515     |    0.2611
Density calculation took 0.629875s
Tau required
   12     | -1690.4778079894 |   2.8476e-07   |    1.5496     |    0.2635
Density calculation took 0.629564s
Tau required
   13     | -1690.4778080733 |   3.1400e-08   |    1.5516     |    0.2673
Density calculation took 0.629862s
Tau required
   14     | -1690.4778080828 |   1.9077e-09   |    1.5479     |    0.2644
Density calculation took 0.629916s
Tau required
   15     | -1690.4778080832 |   4.5093e-10   |    1.5510     |    0.2625
Density calculation took 0.629859s
Tau required
   16     | -1690.4778080833 |   2.0298e-10   |    1.5470     |    0.2630
Density calculation took 0.629990s
Tau required
   17     | -1690.4778080833 |   1.1134e-10   |    1.5502     |    0.2630
Density calculation took 0.629756s
Tau required
   18     | -1690.4778080833 |   9.9066e-12   |    1.5486     |    0.2621
Created 697322 / 2985984 significant shell pairs
Created 542184 / 2274064 significant shell pairs
Total number of grid points: 392261 (5768 per atom)
One electron integrals and orthogonalizer took 0.052616s
Created 542184 / 2274064 significant shell pairs
3C integrals and B formation took 2.156457s
Iteration |      Energy      |  DIIS Metric   | Fock Time (s) | DIIS Time (s)
----------+------------------+----------------+---------------+--------------
Density calculation took 0.695844s
Tau required
    1     | -1701.7236075991 |   1.0758e+03   |    1.7890     |    0.2991
Density calculation took 0.647087s
Tau required
    2     | -1689.9827119478 |   1.6863e+00   |    1.5653     |    0.2590
Density calculation took 0.626751s
Tau required
    3     | -1690.0038184122 |   1.7140e+00   |    1.5384     |    0.2696
Density calculation took 0.624685s
Tau required
    4     | -1690.4604451592 |   6.3541e-02   |    1.5318     |    0.2581
Density calculation took 0.626749s
Tau required
    5     | -1690.4726122503 |   1.6995e-02   |    1.5327     |    0.2702
Density calculation took 0.627046s
Tau required
    6     | -1690.4764925499 |   3.4135e-03   |    1.5393     |    0.2611
Density calculation took 0.627253s
Tau required
    7     | -1690.4773345343 |   7.4175e-04   |    1.5365     |    0.2698
Density calculation took 0.627468s
Tau required
    8     | -1690.4775192077 |   1.9201e-04   |    1.5348     |    0.2630
Density calculation took 0.625013s
Tau required
    9     | -1690.4775723127 |   1.1615e-05   |    1.5352     |    0.2627
Density calculation took 0.624974s
Tau required
   10     | -1690.4775752958 |   1.8572e-06   |    1.5331     |    0.2626
Density calculation took 0.624952s
Tau required
   11     | -1690.4775757734 |   2.6582e-07   |    1.5331     |    0.2629
Density calculation took 0.624738s
Tau required
   12     | -1690.4775757998 |   1.6815e-07   |    1.5334     |    0.2627
Density calculation took 0.625106s
Tau required
   13     | -1690.4775758402 |   2.6405e-08   |    1.5347     |    0.2628
Density calculation took 0.625056s
Tau required
   14     | -1690.4775758477 |   1.7194e-09   |    1.5337     |    0.2628
Density calculation took 0.625202s
Tau required
   15     | -1690.4775758482 |   3.2853e-10   |    1.5348     |    0.2636
Density calculation took 0.625041s
Tau required
   16     | -1690.4775758482 |   2.1125e-10   |    1.5326     |    0.2621
Density calculation took 0.625056s
Tau required
   17     | -1690.4775758482 |   8.1763e-11   |    1.5344     |    0.2631
Created 686174 / 2985984 significant shell pairs
Created 533595 / 2274064 significant shell pairs
Total number of grid points: 392327 (5769 per atom)
One electron integrals and orthogonalizer took 0.051898s
Created 533595 / 2274064 significant shell pairs
3C integrals and B formation took 2.098803s
Iteration |      Energy      |  DIIS Metric   | Fock Time (s) | DIIS Time (s)
----------+------------------+----------------+---------------+--------------
Density calculation took 0.666415s
Tau required
    1     | -1701.7282711662 |   1.0749e+03   |    1.7729     |    0.2930
Density calculation took 0.646255s
Tau required
    2     | -1689.9926225973 |   1.6968e+00   |    1.5630     |    0.2593
Density calculation took 0.623843s
Tau required
    3     | -1690.0138984517 |   1.7232e+00   |    1.5267     |    0.2700
Density calculation took 0.624139s
Tau required
    4     | -1690.4734853879 |   5.9700e-02   |    1.5279     |    0.2624
Density calculation took 0.624102s
Tau required
    5     | -1690.4854738460 |   1.3424e-02   |    1.5274     |    0.2723
Density calculation took 0.625131s
Tau required
    6     | -1690.4885282599 |   2.2738e-03   |    1.5280     |    0.2636
Density calculation took 0.624204s
Tau required
    7     | -1690.4890319710 |   6.3851e-04   |    1.5278     |    0.2737
Density calculation took 0.625235s
Tau required
    8     | -1690.4892020665 |   1.1635e-04   |    1.5309     |    0.2659
Density calculation took 0.625110s
Tau required
    9     | -1690.4892351011 |   5.1350e-06   |    1.5278     |    0.2641
Density calculation took 0.624315s
Tau required
   10     | -1690.4892360322 |   2.0111e-06   |    1.5295     |    0.2647
Density calculation took 0.625325s
Tau required
   11     | -1690.4892365370 |   2.4929e-07   |    1.5268     |    0.2648
Density calculation took 0.624253s
Tau required
   12     | -1690.4892365661 |   1.5092e-07   |    1.5283     |    0.2665
Density calculation took 0.624951s
Tau required
   13     | -1690.4892366095 |   1.4777e-08   |    1.5267     |    0.2667
Density calculation took 0.624251s
Tau required
   14     | -1690.4892366137 |   1.0341e-09   |    1.5281     |    0.2648
Density calculation took 0.625149s
Tau required
   15     | -1690.4892366140 |   2.5293e-10   |    1.5274     |    0.2664
Density calculation took 0.624378s
Tau required
   16     | -1690.4892366140 |   1.1408e-10   |    1.5268     |    0.2657
Density calculation took 0.625232s
Tau required
   17     | -1690.4892366140 |   3.6480e-11   |    1.5277     |    0.2651
Created 717663 / 2985984 significant shell pairs
Created 558135 / 2274064 significant shell pairs
Total number of grid points: 392838 (5777 per atom)
One electron integrals and orthogonalizer took 0.052627s
Created 558135 / 2274064 significant shell pairs
3C integrals and B formation took 2.165613s
Iteration |      Energy      |  DIIS Metric   | Fock Time (s) | DIIS Time (s)
----------+------------------+----------------+---------------+--------------
Density calculation took 0.659914s
Tau required
    1     | -1701.7287168400 |   1.0773e+03   |    1.7273     |    0.2968
Density calculation took 0.649366s
Tau required
    2     | -1689.9833901961 |   1.7011e+00   |    1.5677     |    0.2596
Density calculation took 0.626581s
Tau required
    3     | -1689.9932454472 |   1.7597e+00   |    1.5350     |    0.2709
Density calculation took 0.626797s
Tau required
    4     | -1690.4537355495 |   9.4191e-02   |    1.5354     |    0.2617
Density calculation took 0.627136s
Tau required
    5     | -1690.4682955873 |   4.2174e-02   |    1.5329     |    0.2731
Density calculation took 0.627381s
Tau required
    6     | -1690.4803724671 |   4.7458e-03   |    1.5354     |    0.2624
Density calculation took 0.627032s
Tau required
    7     | -1690.4816295871 |   5.9989e-04   |    1.5382     |    0.2752
Density calculation took 0.626904s
Tau required
    8     | -1690.4817544613 |   1.9087e-04   |    1.5363     |    0.2650
Density calculation took 0.627507s
Tau required
    9     | -1690.4818061565 |   1.2052e-05   |    1.5332     |    0.2644
Density calculation took 0.627422s
Tau required
   10     | -1690.4818090143 |   2.4424e-06   |    1.5365     |    0.2659
Density calculation took 0.627626s
Tau required
   11     | -1690.4818095718 |   4.6709e-07   |    1.5327     |    0.2656
Density calculation took 0.627377s
Tau required
   12     | -1690.4818096609 |   1.7613e-07   |    1.5367     |    0.2644
Density calculation took 0.627259s
Tau required
   13     | -1690.4818097085 |   2.8627e-08   |    1.5360     |    0.2622
Density calculation took 0.627032s
Tau required
   14     | -1690.4818097165 |   1.7917e-09   |    1.5376     |    0.2632
Density calculation took 0.627354s
Tau required
   15     | -1690.4818097169 |   5.5212e-10   |    1.5354     |    0.2633
Density calculation took 0.627180s
Tau required
   16     | -1690.4818097170 |   6.2633e-11   |    1.5359     |    0.2636
Created 683552 / 2985984 significant shell pairs
Created 531374 / 2274064 significant shell pairs
Total number of grid points: 392564 (5773 per atom)
One electron integrals and orthogonalizer took 0.052611s
Created 531374 / 2274064 significant shell pairs
3C integrals and B formation took 2.114998s
Iteration |      Energy      |  DIIS Metric   | Fock Time (s) | DIIS Time (s)
----------+------------------+----------------+---------------+--------------
Density calculation took 0.692091s
Tau required
    1     | -1701.7321708189 |   1.0750e+03   |    1.7719     |    0.2955
Density calculation took 0.647393s
Tau required
    2     | -1689.9938890063 |   1.7011e+00   |    1.5732     |    0.2591
Density calculation took 0.624172s
Tau required
    3     | -1690.0134258263 |   1.7318e+00   |    1.5332     |    0.2671
Density calculation took 0.624639s
Tau required
    4     | -1690.4734756643 |   6.4092e-02   |    1.5377     |    0.2612
Density calculation took 0.625847s
Tau required
    5     | -1690.4848083108 |   2.1403e-02   |    1.5336     |    0.2698
Density calculation took 0.625554s
Tau required
    6     | -1690.4903644896 |   3.0282e-03   |    1.5348     |    0.2605
Density calculation took 0.625593s
Tau required
    7     | -1690.4911342668 |   4.5172e-04   |    1.5325     |    0.2713
Density calculation took 0.624769s
Tau required
    8     | -1690.4912272638 |   1.1495e-04   |    1.5362     |    0.2622
Density calculation took 0.625502s
Tau required
    9     | -1690.4912592423 |   9.2056e-06   |    1.5357     |    0.2626
Density calculation took 0.625040s
Tau required
   10     | -1690.4912615961 |   1.2524e-06   |    1.5367     |    0.2625
Density calculation took 0.625648s
Tau required
   11     | -1690.4912618850 |   2.5780e-07   |    1.5336     |    0.2637
Density calculation took 0.625363s
Tau required
   12     | -1690.4912619222 |   1.3713e-07   |    1.5376     |    0.2627
Density calculation took 0.626010s
Tau required
   13     | -1690.4912619598 |   7.9782e-09   |    1.5326     |    0.2614
Density calculation took 0.625297s
Tau required
   14     | -1690.4912619618 |   1.0586e-09   |    1.5356     |    0.2632
Density calculation took 0.625262s
Tau required
   15     | -1690.4912619621 |   1.4423e-10   |    1.5344     |    0.2631
Density calculation took 0.625393s
Tau required
   16     | -1690.4912619621 |   8.5864e-11   |    1.5364     |    0.2632
Created 684515 / 2985984 significant shell pairs
Created 531999 / 2274064 significant shell pairs
Total number of grid points: 392439 (5771 per atom)
One electron integrals and orthogonalizer took 0.052786s
Created 531999 / 2274064 significant shell pairs
3C integrals and B formation took 2.114901s
Iteration |      Energy      |  DIIS Metric   | Fock Time (s) | DIIS Time (s)
----------+------------------+----------------+---------------+--------------
Density calculation took 0.704798s
Tau required
    1     | -1701.7289251288 |   1.0747e+03   |    1.7598     |    0.2935
Density calculation took 0.646419s
Tau required
    2     | -1689.9937247206 |   1.7000e+00   |    1.5596     |    0.2593
Density calculation took 0.624695s
Tau required
    3     | -1690.0136452188 |   1.7284e+00   |    1.5239     |    0.2718
Density calculation took 0.625296s
Tau required
    4     | -1690.4736136083 |   6.3590e-02   |    1.5229     |    0.2602
Density calculation took 0.625542s
Tau required
    5     | -1690.4847117435 |   2.1365e-02   |    1.5239     |    0.2697
Density calculation took 0.625249s
Tau required
    6     | -1690.4897701999 |   4.2373e-03   |    1.5234     |    0.2608
Density calculation took 0.625489s
Tau required
    7     | -1690.4909018256 |   5.4257e-04   |    1.5224     |    0.2715
Density calculation took 0.625592s
Tau required
    8     | -1690.4910255029 |   1.5680e-04   |    1.5252     |    0.2624
Density calculation took 0.625566s
Tau required
    9     | -1690.4910732105 |   6.2603e-06   |    1.5253     |    0.2616
Density calculation took 0.625039s
Tau required
   10     | -1690.4910747019 |   1.1821e-06   |    1.5235     |    0.2618
Density calculation took 0.625498s
Tau required
   11     | -1690.4910749580 |   2.7244e-07   |    1.5246     |    0.2613
Density calculation took 0.625301s
Tau required
   12     | -1690.4910749878 |   1.7464e-07   |    1.5243     |    0.2631
Density calculation took 0.625638s
Tau required
   13     | -1690.4910750340 |   1.9888e-08   |    1.5231     |    0.2622
Density calculation took 0.625324s
Tau required
   14     | -1690.4910750396 |   1.1809e-09   |    1.5238     |    0.2617
Density calculation took 0.625808s
Tau required
   15     | -1690.4910750399 |   1.6956e-10   |    1.5272     |    0.2628
Density calculation took 0.625442s
Tau required
   16     | -1690.4910750399 |   1.4114e-10   |    1.5223     |    0.2644
Density calculation took 0.625366s
Tau required
   17     | -1690.4910750399 |   3.8385e-11   |    1.5246     |    0.2625
Please cite the following papers for the methods used in this calculation:
 - J.L. Galvez Vallejo et. al., Toward an extreme-scale electronic structure system, J. Chem. Phys., 2023. DOI: 10.1063/5.0156399

 - R. Stocks, E. Palethorpe, and G.M.J. Barca, Multi-GPU RI-HF Energies and Analytic Gradients ─ Toward High-Throughput Ab Initio Molecular Dynamics, J. Chem. Theory Comput., 2024. DOI: 10.1021/acs.jctc.4c00877
   For:
     * RI-HF energy

 - S. Lehtola, C. Steigemann, M.J.T. Oliveira, and M.A.L. Marques, Recent developments in Libxc: A comprehensive library of functionals for density functional theory, SoftwareX, 2018. DOI: 10.1016/j.softx.2017.11.002
   For:
     * LibXC version 6.2.0

 - D.B. Williams-Young, W.A. de Jong, H.J.J. van Dam, and C. Yang, On the Efficient Evaluation of the Exchange Correlation Potential on Graphics Processing Unit Clusters, Frontiers in Chemistry, 2020. DOI: 10.3389/fchem.2020.581058
   For:
     * ExchCXX GPU implementation of exchange-correlation functionals

 - R. Stocks and G.M.J. Barca, Efficient Algorithms for GPU Accelerated Evaluation of the DFT Exchange-Correlation Functional, J. Chem. Theory Comput., 2025. DOI: 10.1021/acs.jctc.5c01229
   For:
     * GPU accelerated DFT exchange-correlation evaluation

 - H. S. Yu, X. He, and D. G. Truhlar.,  J. Chem. Theory Comput. 12, 1280-1293 (2016) DOI: 10.1021/acs.jctc.5b01082
   For:
     * MGGA_X_MN15_L XC Functional
     * MGGA_C_MN15_L XC Functional

[CRAYBLAS_WARNING] Application linked against multiple cray-libsci libraries
