Total number of grid points: 392739 (5775 per atom)
Density calculation took 0.663815s
Tau required
Density calculation took 0.641461s
Tau required
Density calculation took 0.616146s
Tau required
Density calculation took 0.616253s
Tau required
Density calculation took 0.616821s
Tau required
Density calculation took 0.616488s
Tau required
Density calculation took 0.616526s
Tau required
Density calculation took 0.616538s
Tau required
Density calculation took 0.616602s
Tau required
Density calculation took 0.616910s
Tau required
Density calculation took 0.616827s
Tau required
Density calculation took 0.616819s
Tau required
Density calculation took 0.616960s
Tau required
Density calculation took 0.616944s
Tau required
Density calculation took 0.616947s
Tau required
Density calculation took 0.616995s
Tau required
Total number of grid points: 391578 (5758 per atom)
Density calculation took 0.662169s
Tau required
Density calculation took 0.646421s
Tau required
Density calculation took 0.620595s
Tau required
Density calculation took 0.620283s
Tau required
Density calculation took 0.620215s
Tau required
Density calculation took 0.620135s
Tau required
Density calculation took 0.620444s
Tau required
Density calculation took 0.620519s
Tau required
Density calculation took 0.620613s
Tau required
Density calculation took 0.620424s
Tau required
Density calculation took 0.621083s
Tau required
Density calculation took 0.620701s
Tau required
Density calculation took 0.620823s
Tau required
Density calculation took 0.620709s
Tau required
Density calculation took 0.620937s
Tau required
Density calculation took 0.620847s
Tau required
Density calculation took 0.620564s
Tau required
Total number of grid points: 392470 (5771 per atom)
Density calculation took 0.654664s
Tau required
Density calculation took 0.643042s
Tau required
Density calculation took 0.619741s
Tau required
Density calculation took 0.619478s
Tau required
Density calculation took 0.619758s
Tau required
Density calculation took 0.619933s
Tau required
Density calculation took 0.619825s
Tau required
Density calculation took 0.619719s
Tau required
Density calculation took 0.619952s
Tau required
Density calculation took 0.619886s
Tau required
Density calculation took 0.620103s
Tau required
Density calculation took 0.620224s
Tau required
Density calculation took 0.619811s
Tau required
Density calculation took 0.620106s
Tau required
Density calculation took 0.619988s
Tau required
Density calculation took 0.620057s
Tau required
Total number of grid points: 392788 (5776 per atom)
Density calculation took 0.659071s
Tau required
Density calculation took 0.643145s
Tau required
Density calculation took 0.617960s
Tau required
Density calculation took 0.618797s
Tau required
Density calculation took 0.618282s
Tau required
Density calculation took 0.618795s
Tau required
Density calculation took 0.618415s
Tau required
Density calculation took 0.618780s
Tau required
Density calculation took 0.618292s
Tau required
Density calculation took 0.619070s
Tau required
Density calculation took 0.618773s
Tau required
Density calculation took 0.619077s
Tau required
Density calculation took 0.618691s
Tau required
Density calculation took 0.618993s
Tau required
Density calculation took 0.619214s
Tau required
Density calculation took 0.619274s
Tau required
Total number of grid points: 391618 (5759 per atom)
Density calculation took 0.666064s
Tau required
Density calculation took 0.643482s
Tau required
Density calculation took 0.618720s
Tau required
Density calculation took 0.618908s
Tau required
Density calculation took 0.619394s
Tau required
Density calculation took 0.619310s
Tau required
Density calculation took 0.619083s
Tau required
Density calculation took 0.619572s
Tau required
Density calculation took 0.619211s
Tau required
Density calculation took 0.618843s
Tau required
Density calculation took 0.619192s
Tau required
Density calculation took 0.619298s
Tau required
Density calculation took 0.619523s
Tau required
Density calculation took 0.619250s
Tau required
Density calculation took 0.619293s
Tau required
Density calculation took 0.619236s
Tau required
Density calculation took 0.619488s
Tau required
Total number of grid points: 392553 (5772 per atom)
Density calculation took 0.691107s
Tau required
Density calculation took 0.647502s
Tau required
Density calculation took 0.624667s
Tau required
Density calculation took 0.624949s
Tau required
Density calculation took 0.625785s
Tau required
Density calculation took 0.625507s
Tau required
Density calculation took 0.625432s
Tau required
Density calculation took 0.625290s
Tau required
Density calculation took 0.625538s
Tau required
Density calculation took 0.625303s
Tau required
Density calculation took 0.625449s
Tau required
Density calculation took 0.625151s
Tau required
Density calculation took 0.625453s
Tau required
Density calculation took 0.625800s
Tau required
Density calculation took 0.624891s
Tau required
Density calculation took 0.625479s
Tau required
Density calculation took 0.625584s
Tau required
Total number of grid points: 392127 (5766 per atom)
Density calculation took 0.680541s
Tau required
Density calculation took 0.635376s
Tau required
Density calculation took 0.612966s
Tau required
Density calculation took 0.613265s
Tau required
Density calculation took 0.613587s
Tau required
Density calculation took 0.613108s
Tau required
Density calculation took 0.613925s
Tau required
Density calculation took 0.613193s
Tau required
Density calculation took 0.613151s
Tau required
Density calculation took 0.613607s
Tau required
Density calculation took 0.613979s
Tau required
Density calculation took 0.614285s
Tau required
Density calculation took 0.613529s
Tau required
Density calculation took 0.613825s
Tau required
Density calculation took 0.613825s
Tau required
Density calculation took 0.613664s
Tau required
Density calculation took 0.614225s
Tau required
Total number of grid points: 391826 (5762 per atom)
Density calculation took 0.694537s
Tau required
Density calculation took 0.642501s
Tau required
Density calculation took 0.621842s
Tau required
Density calculation took 0.621194s
Tau required
Density calculation took 0.621688s
Tau required
Density calculation took 0.620983s
Tau required
Density calculation took 0.621534s
Tau required
Density calculation took 0.621421s
Tau required
Density calculation took 0.621838s
Tau required
Density calculation took 0.621237s
Tau required
Density calculation took 0.621937s
Tau required
Density calculation took 0.621388s
Tau required
Density calculation took 0.622134s
Tau required
Density calculation took 0.621252s
Tau required
Density calculation took 0.621840s
Tau required
Density calculation took 0.621193s
Tau required
Density calculation took 0.621842s
Tau required
Total number of grid points: 392561 (5772 per atom)
Density calculation took 0.662514s
Tau required
Density calculation took 0.644492s
Tau required
Density calculation took 0.624162s
Tau required
Density calculation took 0.623008s
Tau required
Density calculation took 0.624710s
Tau required
Density calculation took 0.622822s
Tau required
Density calculation took 0.624941s
Tau required
Density calculation took 0.622534s
Tau required
Density calculation took 0.624608s
Tau required
Density calculation took 0.622428s
Tau required
Density calculation took 0.625084s
Tau required
Density calculation took 0.622631s
Tau required
Density calculation took 0.625048s
Tau required
Density calculation took 0.623025s
Tau required
Density calculation took 0.625051s
Tau required
Density calculation took 0.623200s
Tau required
Density calculation took 0.624630s
Tau required
Total number of grid points: 393146 (5781 per atom)
Density calculation took 0.660665s
Tau required
Density calculation took 0.647793s
Tau required
Density calculation took 0.620613s
Tau required
Density calculation took 0.620737s
Tau required
Density calculation took 0.620724s
Tau required
Density calculation took 0.620838s
Tau required
Density calculation took 0.621004s
Tau required
Density calculation took 0.620955s
Tau required
Density calculation took 0.621182s
Tau required
Density calculation took 0.621141s
Tau required
Density calculation took 0.621470s
Tau required
Density calculation took 0.621532s
Tau required
Density calculation took 0.620682s
Tau required
Density calculation took 0.620629s
Tau required
Density calculation took 0.620954s
Tau required
Density calculation took 0.620738s
Tau required
Density calculation took 0.621124s
Tau required
Total number of grid points: 393022 (5779 per atom)
Density calculation took 0.660146s
Tau required
Density calculation took 0.645827s
Tau required
Density calculation took 0.624371s
Tau required
Density calculation took 0.623932s
Tau required
Density calculation took 0.624635s
Tau required
Density calculation took 0.624015s
Tau required
Density calculation took 0.624630s
Tau required
Density calculation took 0.623647s
Tau required
Density calculation took 0.624545s
Tau required
Density calculation took 0.624115s
Tau required
Density calculation took 0.625099s
Tau required
Density calculation took 0.623608s
Tau required
Density calculation took 0.624282s
Tau required
Density calculation took 0.623169s
Tau required
Density calculation took 0.624834s
Tau required
Density calculation took 0.624235s
Tau required
Density calculation took 0.625091s
Tau required
Total number of grid points: 393132 (5781 per atom)
Density calculation took 0.691410s
Tau required
Density calculation took 0.645236s
Tau required
Density calculation took 0.620648s
Tau required
Density calculation took 0.620860s
Tau required
Density calculation took 0.622025s
Tau required
Density calculation took 0.620689s
Tau required
Density calculation took 0.621762s
Tau required
Density calculation took 0.619446s
Tau required
Density calculation took 0.621884s
Tau required
Density calculation took 0.619568s
Tau required
Density calculation took 0.621969s
Tau required
Density calculation took 0.619202s
Tau required
Density calculation took 0.622048s
Tau required
Density calculation took 0.620761s
Tau required
Density calculation took 0.622010s
Tau required
Density calculation took 0.620776s
Tau required
Density calculation took 0.621728s
Tau required
Total number of grid points: 392675 (5774 per atom)
Density calculation took 0.693419s
Tau required
Density calculation took 0.644972s
Tau required
Density calculation took 0.622698s
Tau required
Density calculation took 0.623367s
Tau required
Density calculation took 0.622568s
Tau required
Density calculation took 0.623449s
Tau required
Density calculation took 0.622248s
Tau required
Density calculation took 0.623782s
Tau required
Density calculation took 0.622659s
Tau required
Density calculation took 0.623574s
Tau required
Density calculation took 0.622317s
Tau required
Density calculation took 0.623655s
Tau required
Density calculation took 0.622753s
Tau required
Density calculation took 0.623458s
Tau required
Density calculation took 0.623102s
Tau required
Density calculation took 0.623802s
Tau required
Density calculation took 0.622611s
Tau required
Total number of grid points: 392513 (5772 per atom)
Density calculation took 0.672074s
Tau required
Density calculation took 0.654371s
Tau required
Density calculation took 0.623635s
Tau required
Density calculation took 0.623564s
Tau required
Density calculation took 0.623295s
Tau required
Density calculation took 0.623244s
Tau required
Density calculation took 0.623956s
Tau required
Density calculation took 0.623500s
Tau required
Density calculation took 0.623730s
Tau required
Density calculation took 0.624036s
Tau required
Density calculation took 0.623904s
Tau required
Density calculation took 0.623384s
Tau required
Density calculation took 0.623726s
Tau required
Density calculation took 0.623440s
Tau required
Density calculation took 0.623632s
Tau required
Density calculation took 0.623316s
Tau required
Density calculation took 0.623399s
Tau required
Total number of grid points: 392217 (5767 per atom)
Density calculation took 0.688725s
Tau required
Density calculation took 0.643453s
Tau required
Density calculation took 0.621607s
Tau required
Density calculation took 0.622126s
Tau required
Density calculation took 0.621626s
Tau required
Density calculation took 0.621763s
Tau required
Density calculation took 0.622109s
Tau required
Density calculation took 0.621906s
Tau required
Density calculation took 0.622176s
Tau required
Density calculation took 0.622346s
Tau required
Density calculation took 0.622084s
Tau required
Density calculation took 0.622145s
Tau required
Density calculation took 0.621943s
Tau required
Density calculation took 0.622174s
Tau required
Density calculation took 0.622035s
Tau required
Density calculation took 0.622026s
Tau required
Density calculation took 0.622355s
Tau required
Total number of grid points: 392425 (5770 per atom)
Density calculation took 0.681471s
Tau required
Density calculation took 0.644248s
Tau required
Density calculation took 0.620454s
Tau required
Density calculation took 0.622706s
Tau required
Density calculation took 0.620981s
Tau required
Density calculation took 0.622528s
Tau required
Density calculation took 0.620841s
Tau required
Density calculation took 0.622659s
Tau required
Density calculation took 0.620653s
Tau required
Density calculation took 0.622585s
Tau required
Density calculation took 0.621131s
Tau required
Density calculation took 0.623056s
Tau required
Density calculation took 0.620961s
Tau required
Density calculation took 0.622894s
Tau required
Density calculation took 0.620985s
Tau required
Density calculation took 0.622743s
Tau required
Density calculation took 0.620999s
Tau required
Total number of grid points: 392253 (5768 per atom)
Density calculation took 0.687806s
Tau required
Density calculation took 0.642323s
Tau required
Density calculation took 0.620168s
Tau required
Density calculation took 0.620142s
Tau required
Density calculation took 0.620307s
Tau required
Density calculation took 0.620674s
Tau required
Density calculation took 0.619989s
Tau required
Density calculation took 0.620387s
Tau required
Density calculation took 0.619995s
Tau required
Density calculation took 0.619972s
Tau required
Density calculation took 0.620134s
Tau required
Density calculation took 0.619934s
Tau required
Density calculation took 0.620713s
Tau required
Density calculation took 0.620115s
Tau required
Density calculation took 0.620361s
Tau required
Density calculation took 0.620212s
Tau required
Density calculation took 0.620533s
Tau required
Total number of grid points: 392292 (5769 per atom)
Density calculation took 0.676940s
Tau required
Density calculation took 0.647102s
Tau required
Density calculation took 0.620789s
Tau required
Density calculation took 0.622973s
Tau required
Density calculation took 0.620988s
Tau required
Density calculation took 0.622742s
Tau required
Density calculation took 0.620873s
Tau required
Density calculation took 0.622705s
Tau required
Density calculation took 0.621056s
Tau required
Density calculation took 0.622433s
Tau required
Density calculation took 0.621076s
Tau required
Density calculation took 0.622793s
Tau required
Density calculation took 0.621035s
Tau required
Density calculation took 0.622247s
Tau required
Density calculation took 0.621357s
Tau required
Density calculation took 0.622678s
Tau required
Total number of grid points: 392308 (5769 per atom)
Density calculation took 0.689364s
Tau required
Density calculation took 0.647513s
Tau required
Density calculation took 0.621599s
Tau required
Density calculation took 0.621328s
Tau required
Density calculation took 0.621904s
Tau required
Density calculation took 0.621307s
Tau required
Density calculation took 0.621691s
Tau required
Density calculation took 0.621745s
Tau required
Density calculation took 0.622207s
Tau required
Density calculation took 0.621217s
Tau required
Density calculation took 0.622132s
Tau required
Density calculation took 0.621336s
Tau required
Density calculation took 0.621891s
Tau required
Density calculation took 0.621542s
Tau required
Density calculation took 0.621932s
Tau required
Density calculation took 0.621000s
Tau required
Density calculation took 0.622303s
Tau required
Total number of grid points: 392231 (5768 per atom)
Density calculation took 0.705133s
Tau required
Density calculation took 0.646252s
Tau required
Density calculation took 0.623065s
Tau required
Density calculation took 0.622930s
Tau required
Density calculation took 0.623431s
Tau required
Density calculation took 0.622613s
Tau required
Density calculation took 0.623439s
Tau required
Density calculation took 0.623231s
Tau required
Density calculation took 0.622979s
Tau required
Density calculation took 0.623263s
Tau required
Density calculation took 0.622935s
Tau required
Density calculation took 0.623049s
Tau required
Density calculation took 0.623264s
Tau required
Density calculation took 0.623172s
Tau required
Density calculation took 0.623443s
Tau required
Density calculation took 0.623282s
Tau required
Density calculation took 0.623250s
Tau required
[CRAYBLAS_WARNING] Application linked against multiple cray-libsci libraries
******************

=======================================================
      MGGA_X_MN15_L+MGGA_C_MN15_L Energy Results       
=======================================================
E MGGA_X_MN15_L+MGGA_C_MN15_L: -1690.47380315
Nuclear Repulsion Energy: 4519.64775128
Electronic Energy:        -5963.21384815
XC Energy:                -246.907706
Converged:                1
# of SCF iterations:      17
SCF Time:                 33.343s

=======================================================
            Individual Calculation Summary             
=======================================================
HF Energy: -1690.4738031497192878
=======================================================


Topology 9 time: 33.533909 s, performance: SP: 0 FLOP/s, DP: 33.24 TFLOP/s
JSON file written to: json_logs/lustre_orion_chm213_scratch_ryan_dhdft_inputs_exess_exess_inputs_MN15L_def2-TZVP_isomers_35740-35759_topology_9.json
************************************************************
**************** Running topology 11 of 20 *****************
************************************************************

************************************************************
***** Beginning RI-MGGA_X_MN15_L+MGGA_C_MN15_L energy ******
************************************************************

=======================================================
      MGGA_X_MN15_L+MGGA_C_MN15_L Energy Results       
=======================================================
E MGGA_X_MN15_L+MGGA_C_MN15_L: -1690.47714208
Nuclear Repulsion Energy: 4442.29714624
Electronic Energy:        -5885.87222979
XC Energy:                -246.902059
Converged:                1
# of SCF iterations:      17
SCF Time:                 33.358s

=======================================================
            Individual Calculation Summary             
=======================================================
HF Energy: -1690.4771420843321721
=======================================================


Topology 10 time: 33.544786 s, performance: SP: 0 FLOP/s, DP: 33.23 TFLOP/s
JSON file written to: json_logs/lustre_orion_chm213_scratch_ryan_dhdft_inputs_exess_exess_inputs_MN15L_def2-TZVP_isomers_35740-35759_topology_10.json
************************************************************
**************** Running topology 12 of 20 *****************
************************************************************

************************************************************
***** Beginning RI-MGGA_X_MN15_L+MGGA_C_MN15_L energy ******
************************************************************

=======================================================
      MGGA_X_MN15_L+MGGA_C_MN15_L Energy Results       
=======================================================
E MGGA_X_MN15_L+MGGA_C_MN15_L: -1690.47702093
Nuclear Repulsion Energy: 4511.80741493
Electronic Energy:        -5955.38283451
XC Energy:                -246.901601
Converged:                1
# of SCF iterations:      17
SCF Time:                 33.564s

=======================================================
            Individual Calculation Summary             
=======================================================
HF Energy: -1690.4770209302191688
=======================================================


Topology 11 time: 33.755415 s, performance: SP: 0 FLOP/s, DP: 33.01 TFLOP/s
JSON file written to: json_logs/lustre_orion_chm213_scratch_ryan_dhdft_inputs_exess_exess_inputs_MN15L_def2-TZVP_isomers_35740-35759_topology_11.json
************************************************************
**************** Running topology 13 of 20 *****************
************************************************************

************************************************************
***** Beginning RI-MGGA_X_MN15_L+MGGA_C_MN15_L energy ******
************************************************************

=======================================================
      MGGA_X_MN15_L+MGGA_C_MN15_L Energy Results       
=======================================================
E MGGA_X_MN15_L+MGGA_C_MN15_L: -1690.47606848
Nuclear Repulsion Energy: 4560.19336205
Electronic Energy:        -6003.76735678
XC Energy:                -246.902074
Converged:                1
# of SCF iterations:      17
SCF Time:                 33.44s

=======================================================
            Individual Calculation Summary             
=======================================================
HF Energy: -1690.4760684757518447
=======================================================


Topology 12 time: 33.634201 s, performance: SP: 0 FLOP/s, DP: 33.14 TFLOP/s
JSON file written to: json_logs/lustre_orion_chm213_scratch_ryan_dhdft_inputs_exess_exess_inputs_MN15L_def2-TZVP_isomers_35740-35759_topology_12.json
************************************************************
**************** Running topology 14 of 20 *****************
************************************************************

************************************************************
***** Beginning RI-MGGA_X_MN15_L+MGGA_C_MN15_L energy ******
************************************************************

=======================================================
      MGGA_X_MN15_L+MGGA_C_MN15_L Energy Results       
=======================================================
E MGGA_X_MN15_L+MGGA_C_MN15_L: -1690.47259751
Nuclear Repulsion Energy: 4463.23984813
Electronic Energy:        -5906.81201125
XC Energy:                -246.900434
Converged:                1
# of SCF iterations:      17
SCF Time:                 33.417s

=======================================================
            Individual Calculation Summary             
=======================================================
HF Energy: -1690.4725975091580494
=======================================================


Topology 13 time: 33.603363 s, performance: SP: 0 FLOP/s, DP: 33.18 TFLOP/s
JSON file written to: json_logs/lustre_orion_chm213_scratch_ryan_dhdft_inputs_exess_exess_inputs_MN15L_def2-TZVP_isomers_35740-35759_topology_13.json
************************************************************
**************** Running topology 15 of 20 *****************
************************************************************

************************************************************
***** Beginning RI-MGGA_X_MN15_L+MGGA_C_MN15_L energy ******
************************************************************

=======================================================
      MGGA_X_MN15_L+MGGA_C_MN15_L Energy Results       
=======================================================
E MGGA_X_MN15_L+MGGA_C_MN15_L: -1690.46136094
Nuclear Repulsion Energy: 4473.33278784
Electronic Energy:        -5916.89727719
XC Energy:                -246.896872
Converged:                1
# of SCF iterations:      17
SCF Time:                 33.285s

=======================================================
            Individual Calculation Summary             
=======================================================
HF Energy: -1690.4613609435016315
=======================================================


Topology 14 time: 33.476774 s, performance: SP: 0 FLOP/s, DP: 33.3 TFLOP/s
JSON file written to: json_logs/lustre_orion_chm213_scratch_ryan_dhdft_inputs_exess_exess_inputs_MN15L_def2-TZVP_isomers_35740-35759_topology_14.json
************************************************************
**************** Running topology 16 of 20 *****************
************************************************************

************************************************************
***** Beginning RI-MGGA_X_MN15_L+MGGA_C_MN15_L energy ******
************************************************************

=======================================================
      MGGA_X_MN15_L+MGGA_C_MN15_L Energy Results       
=======================================================
E MGGA_X_MN15_L+MGGA_C_MN15_L: -1690.46148411
Nuclear Repulsion Energy: 4502.348569
Electronic Energy:        -5945.91421164
XC Energy:                -246.895841
Converged:                1
# of SCF iterations:      17
SCF Time:                 33.573s

=======================================================
            Individual Calculation Summary             
=======================================================
HF Energy: -1690.4614841103293656
=======================================================


Topology 15 time: 33.762688 s, performance: SP: 0 FLOP/s, DP: 33 TFLOP/s
JSON file written to: json_logs/lustre_orion_chm213_scratch_ryan_dhdft_inputs_exess_exess_inputs_MN15L_def2-TZVP_isomers_35740-35759_topology_15.json
************************************************************
**************** Running topology 17 of 20 *****************
************************************************************

************************************************************
***** Beginning RI-MGGA_X_MN15_L+MGGA_C_MN15_L energy ******
************************************************************

=======================================================
      MGGA_X_MN15_L+MGGA_C_MN15_L Energy Results       
=======================================================
E MGGA_X_MN15_L+MGGA_C_MN15_L: -1690.4734616
Nuclear Repulsion Energy: 4530.78252097
Electronic Energy:        -5974.35550362
XC Energy:                -246.900479
Converged:                1
# of SCF iterations:      17
SCF Time:                 33.34s

=======================================================
            Individual Calculation Summary             
=======================================================
HF Energy: -1690.4734616013884079
=======================================================


Topology 16 time: 33.532528 s, performance: SP: 0 FLOP/s, DP: 33.23 TFLOP/s
JSON file written to: json_logs/lustre_orion_chm213_scratch_ryan_dhdft_inputs_exess_exess_inputs_MN15L_def2-TZVP_isomers_35740-35759_topology_16.json
************************************************************
**************** Running topology 18 of 20 *****************
************************************************************

************************************************************
***** Beginning RI-MGGA_X_MN15_L+MGGA_C_MN15_L energy ******
************************************************************

=======================================================
      MGGA_X_MN15_L+MGGA_C_MN15_L Energy Results       
=======================================================
E MGGA_X_MN15_L+MGGA_C_MN15_L: -1690.46697919
Nuclear Repulsion Energy: 4653.02307351
Electronic Energy:        -6096.58335323
XC Energy:                -246.906699
Converged:                1
# of SCF iterations:      16
SCF Time:                 31.645s

=======================================================
            Individual Calculation Summary             
=======================================================
HF Energy: -1690.4669791946430450
=======================================================


Topology 17 time: 31.847989 s, performance: SP: 0 FLOP/s, DP: 33.04 TFLOP/s
JSON file written to: json_logs/lustre_orion_chm213_scratch_ryan_dhdft_inputs_exess_exess_inputs_MN15L_def2-TZVP_isomers_35740-35759_topology_17.json
************************************************************
**************** Running topology 19 of 20 *****************
************************************************************

************************************************************
***** Beginning RI-MGGA_X_MN15_L+MGGA_C_MN15_L energy ******
************************************************************

=======================================================
      MGGA_X_MN15_L+MGGA_C_MN15_L Energy Results       
=======================================================
E MGGA_X_MN15_L+MGGA_C_MN15_L: -1690.47468114
Nuclear Repulsion Energy: 4553.04004637
Electronic Energy:        -5996.60649742
XC Energy:                -246.908230
Converged:                1
# of SCF iterations:      17
SCF Time:                 33.279s

=======================================================
            Individual Calculation Summary             
=======================================================
HF Energy: -1690.4746811355346381
=======================================================


Topology 18 time: 33.472262 s, performance: SP: 0 FLOP/s, DP: 33.29 TFLOP/s
JSON file written to: json_logs/lustre_orion_chm213_scratch_ryan_dhdft_inputs_exess_exess_inputs_MN15L_def2-TZVP_isomers_35740-35759_topology_18.json
************************************************************
**************** Running topology 20 of 20 *****************
************************************************************

************************************************************
***** Beginning RI-MGGA_X_MN15_L+MGGA_C_MN15_L energy ******
************************************************************

=======================================================
      MGGA_X_MN15_L+MGGA_C_MN15_L Energy Results       
=======================================================
E MGGA_X_MN15_L+MGGA_C_MN15_L: -1690.47804336
Nuclear Repulsion Energy: 4468.78225094
Electronic Energy:        -5912.35738893
XC Energy:                -246.902905
Converged:                1
# of SCF iterations:      17
SCF Time:                 33.646s

=======================================================
            Individual Calculation Summary             
=======================================================
HF Energy: -1690.4780433579403507
=======================================================


Topology 19 time: 33.835191 s, performance: SP: 0 FLOP/s, DP: 32.94 TFLOP/s
JSON file written to: json_logs/lustre_orion_chm213_scratch_ryan_dhdft_inputs_exess_exess_inputs_MN15L_def2-TZVP_isomers_35740-35759_topology_19.json
Total flops: SP: 0 FLOPS, DP: 22.028598 PFLOPS
Performance: SP: 0 FLOP/s, DP: 32.62 TFLOP/s

Now, a word from our sponsors... 
 Smart people fall down. Dumb people fall up

[31mTotal processing time 675.587682 seconds[0m
[CRAYBLAS_WARNING] Application linked against multiple cray-libsci libraries
617 |   5.6783e-04   |    1.5400     |    0.2730
Density calculation took 0.628931s
Tau required
    8     | -1690.4760308288 |   1.2856e-04   |    1.5434     |    0.2637
Density calculation took 0.628953s
Tau required
    9     | -1690.4760658477 |   9.0369e-06   |    1.5394     |    0.2645
Density calculation took 0.628658s
Tau required
   10     | -1690.4760679115 |   1.9228e-06   |    1.5440     |    0.2632
Density calculation took 0.629151s
Tau required
   11     | -1690.4760683375 |   4.7550e-07   |    1.5384     |    0.2637
Density calculation took 0.629829s
Tau required
   12     | -1690.4760684292 |   1.5748e-07   |    1.5438     |    0.2658
Density calculation took 0.628944s
Tau required
   13     | -1690.4760684720 |   1.2918e-08   |    1.5389     |    0.2629
Density calculation took 0.629104s
Tau required
   14     | -1690.4760684754 |   1.3530e-09   |    1.5416     |    0.2637
Density calculation took 0.628995s
Tau required
   15     | -1690.4760684757 |   1.9079e-10   |    1.5387     |    0.2637
Density calculation took 0.629453s
Tau required
   16     | -1690.4760684757 |   1.4760e-10   |    1.5446     |    0.2642
Density calculation took 0.629457s
Tau required
   17     | -1690.4760684758 |   5.5663e-11   |    1.5398     |    0.2640
Created 680906 / 2985984 significant shell pairs
Created 528735 / 2274064 significant shell pairs
Total number of grid points: 392568 (5773 per atom)
One electron integrals and orthogonalizer took 0.052250s
Created 528735 / 2274064 significant shell pairs
3C integrals and B formation took 2.079849s
Iteration |      Energy      |  DIIS Metric   | Fock Time (s) | DIIS Time (s)
----------+------------------+----------------+---------------+--------------
Density calculation took 0.655012s
Tau required
    1     | -1701.7193400405 |   1.0753e+03   |    1.7488     |    0.2962
Density calculation took 0.652053s
Tau required
    2     | -1689.9780580214 |   1.6845e+00   |    1.5788     |    0.2596
Density calculation took 0.629029s
Tau required
    3     | -1690.0010536870 |   1.6973e+00   |    1.5462     |    0.2689
Density calculation took 0.629404s
Tau required
    4     | -1690.4538822536 |   6.7491e-02   |    1.5419     |    0.2615
Density calculation took 0.629461s
Tau required
    5     | -1690.4663913118 |   2.1048e-02   |    1.5438     |    0.2713
Density calculation took 0.629490s
Tau required
    6     | -1690.4715182041 |   3.4812e-03   |    1.5398     |    0.2620
Density calculation took 0.629392s
Tau required
    7     | -1690.4724460048 |   4.7134e-04   |    1.5426     |    0.2727
Density calculation took 0.629387s
Tau required
    8     | -1690.4725492899 |   1.5044e-04   |    1.5405     |    0.2636
Density calculation took 0.629589s
Tau required
    9     | -1690.4725937215 |   1.2063e-05   |    1.5453     |    0.2639
Density calculation took 0.629053s
Tau required
   10     | -1690.4725967927 |   2.3308e-06   |    1.5399     |    0.2636
Density calculation took 0.629642s
Tau required
   11     | -1690.4725973805 |   4.3316e-07   |    1.5442     |    0.2641
Density calculation took 0.629651s
Tau required
   12     | -1690.4725974679 |   1.3896e-07   |    1.5401     |    0.2635
Density calculation took 0.629641s
Tau required
   13     | -1690.4725975037 |   1.9149e-08   |    1.5443     |    0.2656
Density calculation took 0.629440s
Tau required
   14     | -1690.4725975085 |   2.4089e-09   |    1.5410     |    0.2632
Density calculation took 0.629610s
Tau required
   15     | -1690.4725975091 |   2.4813e-10   |    1.5457     |    0.2644
Density calculation took 0.629800s
Tau required
   16     | -1690.4725975091 |   1.9717e-10   |    1.5404     |    0.2648
Density calculation took 0.629630s
Tau required
   17     | -1690.4725975092 |   5.4616e-11   |    1.5446     |    0.2631
Created 685149 / 2985984 significant shell pairs
Created 531773 / 2274064 significant shell pairs
Total number of grid points: 392230 (5768 per atom)
One electron integrals and orthogonalizer took 0.056975s
Created 531773 / 2274064 significant shell pairs
3C integrals and B formation took 2.092417s
Iteration |      Energy      |  DIIS Metric   | Fock Time (s) | DIIS Time (s)
----------+------------------+----------------+---------------+--------------
Density calculation took 0.661391s
Tau required
    1     | -1701.7152118170 |   1.0763e+03   |    1.7446     |    0.2954
Density calculation took 0.646451s
Tau required
    2     | -1689.9681595937 |   1.6750e+00   |    1.5673     |    0.2576
Density calculation took 0.625212s
Tau required
    3     | -1689.9923095395 |   1.6849e+00   |    1.5355     |    0.2690
Density calculation took 0.625232s
Tau required
    4     | -1690.4424262216 |   6.8565e-02   |    1.5329     |    0.2598
Density calculation took 0.625066s
Tau required
    5     | -1690.4557266794 |   1.9728e-02   |    1.5325     |    0.2721
Density calculation took 0.624511s
Tau required
    6     | -1690.4606557306 |   2.4457e-03   |    1.5342     |    0.2621
Density calculation took 0.624623s
Tau required
    7     | -1690.4612453840 |   3.7982e-04   |    1.5319     |    0.2721
Density calculation took 0.625445s
Tau required
    8     | -1690.4613245935 |   1.2021e-04   |    1.5339     |    0.2634
Density calculation took 0.625280s
Tau required
    9     | -1690.4613586153 |   7.7729e-06   |    1.5351     |    0.2623
Density calculation took 0.625141s
Tau required
   10     | -1690.4613602607 |   2.2479e-06   |    1.5351     |    0.2633
Density calculation took 0.625082s
Tau required
   11     | -1690.4613608256 |   3.6681e-07   |    1.5339     |    0.2632
Density calculation took 0.625481s
Tau required
   12     | -1690.4613608793 |   1.9664e-07   |    1.5337     |    0.2640
Density calculation took 0.624987s
Tau required
   13     | -1690.4613609363 |   2.3809e-08   |    1.5361     |    0.2640
Density calculation took 0.625266s
Tau required
   14     | -1690.4613609429 |   2.2959e-09   |    1.5354     |    0.2631
Density calculation took 0.625338s
Tau required
   15     | -1690.4613609434 |   3.2070e-10   |    1.5332     |    0.2629
Density calculation took 0.625500s
Tau required
   16     | -1690.4613609435 |   1.6438e-10   |    1.5357     |    0.2635
Density calculation took 0.624879s
Tau required
   17     | -1690.4613609435 |   4.6766e-11   |    1.5350     |    0.2634
Created 693477 / 2985984 significant shell pairs
Created 538376 / 2274064 significant shell pairs
Total number of grid points: 392609 (5773 per atom)
One electron integrals and orthogonalizer took 0.052459s
Created 538376 / 2274064 significant shell pairs
3C integrals and B formation took 2.112951s
Iteration |      Energy      |  DIIS Metric   | Fock Time (s) | DIIS Time (s)
----------+------------------+----------------+---------------+--------------
Density calculation took 0.666381s
Tau required
    1     | -1701.7137043884 |   1.0760e+03   |    1.7322     |    0.2952
Density calculation took 0.660389s
Tau required
    2     | -1689.9683478088 |   1.6758e+00   |    1.5839     |    0.2598
Density calculation took 0.637646s
Tau required
    3     | -1689.9923598881 |   1.6875e+00   |    1.5543     |    0.2700
Density calculation took 0.635785s
Tau required
    4     | -1690.4430705382 |   6.6834e-02   |    1.5482     |    0.2610
Density calculation took 0.637721s
Tau required
    5     | -1690.4557801936 |   1.9675e-02   |    1.5531     |    0.2712
Density calculation took 0.637694s
Tau required
    6     | -1690.4606625466 |   2.7195e-03   |    1.5530     |    0.2616
Density calculation took 0.637864s
Tau required
    7     | -1690.4613099378 |   5.3961e-04   |    1.5607     |    0.2723
Density calculation took 0.637738s
Tau required
    8     | -1690.4614163830 |   2.0743e-04   |    1.5527     |    0.2630
Density calculation took 0.636265s
Tau required
    9     | -1690.4614801877 |   1.2677e-05   |    1.5495     |    0.2644
Density calculation took 0.636584s
Tau required
   10     | -1690.4614835157 |   1.9743e-06   |    1.5514     |    0.2653
Density calculation took 0.635837s
Tau required
   11     | -1690.4614839931 |   4.0641e-07   |    1.5491     |    0.2634
Density calculation took 0.636106s
Tau required
   12     | -1690.4614840533 |   1.9368e-07   |    1.5508     |    0.2632
Density calculation took 0.636335s
Tau required
   13     | -1690.4614841035 |   2.3486e-08   |    1.5508     |    0.2631
Density calculation took 0.635972s
Tau required
   14     | -1690.4614841097 |   2.1191e-09   |    1.5511     |    0.2628
Density calculation took 0.636346s
Tau required
   15     | -1690.4614841103 |   2.0485e-10   |    1.5512     |    0.2632
Density calculation took 0.636351s
Tau required
   16     | -1690.4614841103 |   1.7176e-10   |    1.5497     |    0.2646
Density calculation took 0.636073s
Tau required
   17     | -1690.4614841103 |   4.8987e-11   |    1.5499     |    0.2639
Created 698945 / 2985984 significant shell pairs
Created 543387 / 2274064 significant shell pairs
Total number of grid points: 392857 (5777 per atom)
One electron integrals and orthogonalizer took 0.052332s
Created 543387 / 2274064 significant shell pairs
3C integrals and B formation took 2.122721s
Iteration |      Energy      |  DIIS Metric   | Fock Time (s) | DIIS Time (s)
----------+------------------+----------------+---------------+--------------
Density calculation took 0.691909s
Tau required
    1     | -1701.7219231081 |   1.0757e+03   |    1.7421     |    0.2964
Density calculation took 0.649389s
Tau required
    2     | -1689.9793593027 |   1.6817e+00   |    1.5747     |    0.2599
Density calculation took 0.626885s
Tau required
    3     | -1690.0036488663 |   1.6884e+00   |    1.5380     |    0.2702
Density calculation took 0.626476s
Tau required
    4     | -1690.4553888224 |   6.5321e-02   |    1.5357     |    0.2612
Density calculation took 0.626315s
Tau required
    5     | -1690.4678974077 |   1.9401e-02   |    1.5348     |    0.2709
Density calculation took 0.627427s
Tau required
    6     | -1690.4725400045 |   3.0588e-03   |    1.5352     |    0.2619
Density calculation took 0.626656s
Tau required
    7     | -1690.4733154784 |   4.7182e-04   |    1.5336     |    0.2730
Density calculation took 0.626911s
Tau required
    8     | -1690.4734326814 |   9.7036e-05   |    1.5358     |    0.2635
Density calculation took 0.627032s
Tau required
    9     | -1690.4734599391 |   5.5720e-06   |    1.5344     |    0.2627
Density calculation took 0.626972s
Tau required
   10     | -1690.4734611458 |   1.5099e-06   |    1.5352     |    0.2635
Density calculation took 0.626729s
Tau required
   11     | -1690.4734614818 |   3.8517e-07   |    1.5365     |    0.2635
Density calculation took 0.626825s
Tau required
   12     | -1690.4734615345 |   2.1256e-07   |    1.5350     |    0.2637
Density calculation took 0.627156s
Tau required
   13     | -1690.4734615933 |   2.6326e-08   |    1.5350     |    0.2639
Density calculation took 0.626911s
Tau required
   14     | -1690.4734616008 |   2.0103e-09   |    1.5325     |    0.2641
Density calculation took 0.627035s
Tau required
   15     | -1690.4734616013 |   2.7174e-10   |    1.5364     |    0.2643
Density calculation took 0.626930s
Tau required
   16     | -1690.4734616014 |   1.3555e-10   |    1.5344     |    0.2621
Density calculation took 0.626843s
Tau required
   17     | -1690.4734616014 |   4.0613e-11   |    1.5366     |    0.2651
Created 740187 / 2985984 significant shell pairs
Created 575285 / 2274064 significant shell pairs
Total number of grid points: 393145 (5781 per atom)
One electron integrals and orthogonalizer took 0.053013s
Created 575285 / 2274064 significant shell pairs
3C integrals and B formation took 2.166696s
Iteration |      Energy      |  DIIS Metric   | Fock Time (s) | DIIS Time (s)
----------+------------------+----------------+---------------+--------------
Density calculation took 0.667656s
Tau required
    1     | -1701.7345252686 |   1.0809e+03   |    1.7373     |    0.3011
Density calculation took 0.650425s
Tau required
    2     | -1689.9691512198 |   1.6992e+00   |    1.5640     |    0.2610
Density calculation took 0.631286s
Tau required
    3     | -1689.9736709052 |   1.7821e+00   |    1.5435     |    0.2702
Density calculation took 0.631202s
Tau required
    4     | -1690.4394992774 |   9.4539e-02   |    1.5420     |    0.2619
Density calculation took 0.631245s
Tau required
    5     | -1690.4557954749 |   3.7577e-02   |    1.5407     |    0.2718
Density calculation took 0.628872s
Tau required
    6     | -1690.4659322142 |   3.5836e-03   |    1.5370     |    0.2632
Density calculation took 0.631080s
Tau required
    7     | -1690.4667046967 |   9.0073e-04   |    1.5428     |    0.2729
Density calculation took 0.631291s
Tau required
    8     | -1690.4669136200 |   2.1862e-04   |    1.5364     |    0.2656
Density calculation took 0.628337s
Tau required
    9     | -1690.4669760765 |   1.0478e-05   |    1.5373     |    0.2631
Density calculation took 0.631075s
Tau required
   10     | -1690.4669784229 |   2.5009e-06   |    1.5421     |    0.2635
Density calculation took 0.628753s
Tau required
   11     | -1690.4669790253 |   5.7353e-07   |    1.5363     |    0.2634
Density calculation took 0.631242s
Tau required
   12     | -1690.4669791405 |   1.8828e-07   |    1.5409     |    0.2636
Density calculation took 0.628948s
Tau required
   13     | -1690.4669791881 |   2.1772e-08   |    1.5378     |    0.2643
Density calculation took 0.630998s
Tau required
   14     | -1690.4669791939 |   2.5351e-09   |    1.5392     |    0.2642
Density calculation took 0.628943s
Tau required
   15     | -1690.4669791945 |   5.3709e-10   |    1.5384     |    0.2642
Density calculation took 0.631309s
Tau required
   16     | -1690.4669791946 |   9.0652e-11   |    1.5436     |    0.2632
Created 704455 / 2985984 significant shell pairs
Created 547618 / 2274064 significant shell pairs
Total number of grid points: 393095 (5780 per atom)
One electron integrals and orthogonalizer took 0.052668s
Created 547618 / 2274064 significant shell pairs
3C integrals and B formation took 2.139812s
Iteration |      Energy      |  DIIS Metric   | Fock Time (s) | DIIS Time (s)
----------+------------------+----------------+---------------+--------------
Density calculation took 0.668447s
Tau required
    1     | -1701.7337904755 |   1.0780e+03   |    1.7274     |    0.2953
Density calculation took 0.651120s
Tau required
    2     | -1689.9788733389 |   1.6937e+00   |    1.5642     |    0.2593
Density calculation took 0.626224s
Tau required
    3     | -1689.9977675040 |   1.7299e+00   |    1.5318     |    0.2703
Density calculation took 0.625898s
Tau required
    4     | -1690.4586385842 |   5.9135e-02   |    1.5283     |    0.2606
Density calculation took 0.626307s
Tau required
    5     | -1690.4684632152 |   2.1810e-02   |    1.5330     |    0.2696
Density calculation took 0.626576s
Tau required
    6     | -1690.4737474145 |   3.1459e-03   |    1.5303     |    0.2635
Density calculation took 0.626591s
Tau required
    7     | -1690.4744714209 |   6.9786e-04   |    1.5340     |    0.2726
Density calculation took 0.626466s
Tau required
    8     | -1690.4746235870 |   1.8146e-04   |    1.5314     |    0.2636
Density calculation took 0.626464s
Tau required
    9     | -1690.4746766980 |   1.3859e-05   |    1.5333     |    0.2634
Density calculation took 0.626173s
Tau required
   10     | -1690.4746804003 |   2.4366e-06   |    1.5295     |    0.2628
Density calculation took 0.626970s
Tau required
   11     | -1690.4746810285 |   3.6529e-07   |    1.5350     |    0.2632
Density calculation took 0.626496s
Tau required
   12     | -1690.4746810864 |   1.6851e-07   |    1.5305     |    0.2634
Density calculation took 0.626665s
Tau required
   13     | -1690.4746811316 |   1.4090e-08   |    1.5331     |    0.2652
Density calculation took 0.626377s
Tau required
   14     | -1690.4746811351 |   1.6033e-09   |    1.5294     |    0.2630
Density calculation took 0.626585s
Tau required
   15     | -1690.4746811355 |   2.8114e-10   |    1.5340     |    0.2643
Density calculation took 0.626412s
Tau required
   16     | -1690.4746811355 |   1.4822e-10   |    1.5290     |    0.2634
Density calculation took 0.626464s
Tau required
   17     | -1690.4746811355 |   6.7884e-11   |    1.5347     |    0.2648
Created 683456 / 2985984 significant shell pairs
Created 530571 / 2274064 significant shell pairs
Total number of grid points: 392550 (5772 per atom)
One electron integrals and orthogonalizer took 0.053057s
Created 530571 / 2274064 significant shell pairs
3C integrals and B formation took 2.088899s
Iteration |      Energy      |  DIIS Metric   | Fock Time (s) | DIIS Time (s)
----------+------------------+----------------+---------------+--------------
Density calculation took 0.667676s
Tau required
    1     | -1701.7245071540 |   1.0758e+03   |    1.7763     |    0.2959
Density calculation took 0.659190s
Tau required
    2     | -1689.9822727339 |   1.6888e+00   |    1.5843     |    0.2593
Density calculation took 0.637396s
Tau required
    3     | -1690.0080415908 |   1.6911e+00   |    1.5554     |    0.2685
Density calculation took 0.636986s
Tau required
    4     | -1690.4623099324 |   5.7239e-02   |    1.5555     |    0.2595
Density calculation took 0.637427s
Tau required
    5     | -1690.4728230945 |   1.8501e-02   |    1.5554     |    0.2705
Density calculation took 0.636808s
Tau required
    6     | -1690.4772871247 |   2.5655e-03   |    1.5556     |    0.2666
Density calculation took 0.637257s
Tau required
    7     | -1690.4779058540 |   4.6325e-04   |    1.5572     |    0.2720
Density calculation took 0.636888s
Tau required
    8     | -1690.4780122386 |   1.0614e-04   |    1.5529     |    0.2633
Density calculation took 0.637306s
Tau required
    9     | -1690.4780404525 |   9.2113e-06   |    1.5534     |    0.2667
Density calculation took 0.637661s
Tau required
   10     | -1690.4780426276 |   2.3064e-06   |    1.5537     |    0.2672
Density calculation took 0.637908s
Tau required
   11     | -1690.4780432389 |   3.8559e-07   |    1.5535     |    0.2649
Density calculation took 0.637444s
Tau required
   12     | -1690.4780433111 |   1.5655e-07   |    1.5512     |    0.2655
Density calculation took 0.637783s
Tau required
   13     | -1690.4780433531 |   1.7136e-08   |    1.5539     |    0.2646
Density calculation took 0.637867s
Tau required
   14     | -1690.4780433575 |   1.5216e-09   |    1.5516     |    0.2656
Density calculation took 0.637466s
Tau required
   15     | -1690.4780433579 |   1.5695e-10   |    1.5549     |    0.2648
Density calculation took 0.637452s
Tau required
   16     | -1690.4780433579 |   1.0011e-10   |    1.5542     |    0.2648
Density calculation took 0.637222s
Tau required
   17     | -1690.4780433579 |   3.1079e-11   |    1.5526     |    0.2639
Please cite the following papers for the methods used in this calculation:
 - J.L. Galvez Vallejo et. al., Toward an extreme-scale electronic structure system, J. Chem. Phys., 2023. DOI: 10.1063/5.0156399

 - R. Stocks, E. Palethorpe, and G.M.J. Barca, Multi-GPU RI-HF Energies and Analytic Gradients ─ Toward High-Throughput Ab Initio Molecular Dynamics, J. Chem. Theory Comput., 2024. DOI: 10.1021/acs.jctc.4c00877
   For:
     * RI-HF energy

 - S. Lehtola, C. Steigemann, M.J.T. Oliveira, and M.A.L. Marques, Recent developments in Libxc: A comprehensive library of functionals for density functional theory, SoftwareX, 2018. DOI: 10.1016/j.softx.2017.11.002
   For:
     * LibXC version 6.2.0

 - D.B. Williams-Young, W.A. de Jong, H.J.J. van Dam, and C. Yang, On the Efficient Evaluation of the Exchange Correlation Potential on Graphics Processing Unit Clusters, Frontiers in Chemistry, 2020. DOI: 10.3389/fchem.2020.581058
   For:
     * ExchCXX GPU implementation of exchange-correlation functionals

 - R. Stocks and G.M.J. Barca, Efficient Algorithms for GPU Accelerated Evaluation of the DFT Exchange-Correlation Functional, J. Chem. Theory Comput., 2025. DOI: 10.1021/acs.jctc.5c01229
   For:
     * GPU accelerated DFT exchange-correlation evaluation

 - H. S. Yu, X. He, and D. G. Truhlar.,  J. Chem. Theory Comput. 12, 1280-1293 (2016) DOI: 10.1021/acs.jctc.5b01082
   For:
     * MGGA_X_MN15_L XC Functional
     * MGGA_C_MN15_L XC Functional

[CRAYBLAS_WARNING] Application linked against multiple cray-libsci libraries
