Total number of grid points: 368650 (5760 per atom)
Density calculation took 0.550612s
Tau required
Density calculation took 0.572473s
Tau required
Density calculation took 0.550421s
Tau required
Density calculation took 0.552166s
Tau required
Density calculation took 0.552911s
Tau required
Density calculation took 0.552118s
Tau required
Density calculation took 0.551671s
Tau required
Density calculation took 0.551507s
Tau required
Density calculation took 0.551790s
Tau required
Density calculation took 0.551310s
Tau required
Density calculation took 0.550684s
Tau required
Density calculation took 0.551698s
Tau required
Density calculation took 0.552172s
Tau required
Density calculation took 0.552500s
Tau required
Density calculation took 0.551773s
Tau required
Density calculation took 0.552834s
Tau required
Density calculation took 0.551826s
Tau required
Total number of grid points: 369889 (5779 per atom)
Density calculation took 0.552185s
Tau required
Density calculation took 0.569963s
Tau required
Density calculation took 0.546718s
Tau required
Density calculation took 0.548689s
Tau required
Density calculation took 0.548746s
Tau required
Density calculation took 0.547596s
Tau required
Density calculation took 0.548702s
Tau required
Density calculation took 0.548399s
Tau required
Density calculation took 0.548859s
Tau required
Density calculation took 0.548735s
Tau required
Density calculation took 0.548853s
Tau required
Density calculation took 0.549602s
Tau required
Density calculation took 0.549447s
Tau required
Density calculation took 0.549893s
Tau required
Density calculation took 0.549748s
Tau required
Density calculation took 0.549440s
Tau required
Density calculation took 0.548711s
Tau required
Total number of grid points: 368815 (5762 per atom)
Density calculation took 0.550034s
Tau required
Density calculation took 0.570962s
Tau required
Density calculation took 0.549299s
Tau required
Density calculation took 0.550068s
Tau required
Density calculation took 0.550359s
Tau required
Density calculation took 0.550289s
Tau required
Density calculation took 0.550571s
Tau required
Density calculation took 0.549980s
Tau required
Density calculation took 0.551443s
Tau required
Density calculation took 0.549943s
Tau required
Density calculation took 0.551437s
Tau required
Density calculation took 0.551150s
Tau required
Density calculation took 0.550158s
Tau required
Density calculation took 0.551349s
Tau required
Density calculation took 0.550825s
Tau required
Density calculation took 0.551637s
Tau required
Density calculation took 0.551669s
Tau required
Total number of grid points: 369654 (5775 per atom)
Density calculation took 0.551593s
Tau required
Density calculation took 0.574499s
Tau required
Density calculation took 0.553827s
Tau required
Density calculation took 0.554216s
Tau required
Density calculation took 0.553187s
Tau required
Density calculation took 0.554133s
Tau required
Density calculation took 0.554135s
Tau required
Density calculation took 0.554441s
Tau required
Density calculation took 0.553801s
Tau required
Density calculation took 0.553855s
Tau required
Density calculation took 0.554953s
Tau required
Density calculation took 0.554920s
Tau required
Density calculation took 0.553967s
Tau required
Density calculation took 0.555123s
Tau required
Density calculation took 0.555058s
Tau required
Density calculation took 0.555264s
Tau required
Density calculation took 0.554195s
Tau required
Total number of grid points: 368877 (5763 per atom)
Density calculation took 0.549813s
Tau required
Density calculation took 0.573458s
Tau required
Density calculation took 0.550843s
Tau required
Density calculation took 0.550695s
Tau required
Density calculation took 0.551468s
Tau required
Density calculation took 0.551317s
Tau required
Density calculation took 0.552265s
Tau required
Density calculation took 0.551969s
Tau required
Density calculation took 0.551917s
Tau required
Density calculation took 0.552131s
Tau required
Density calculation took 0.552185s
Tau required
Density calculation took 0.552084s
Tau required
Density calculation took 0.552399s
Tau required
Density calculation took 0.552478s
Tau required
Density calculation took 0.551812s
Tau required
Density calculation took 0.552228s
Tau required
Density calculation took 0.552329s
Tau required
Total number of grid points: 368276 (5754 per atom)
Density calculation took 0.551134s
Tau required
Density calculation took 0.573082s
Tau required
Density calculation took 0.552555s
Tau required
Density calculation took 0.553663s
Tau required
Density calculation took 0.553564s
Tau required
Density calculation took 0.554020s
Tau required
Density calculation took 0.553955s
Tau required
Density calculation took 0.553808s
Tau required
Density calculation took 0.553295s
Tau required
Density calculation took 0.554190s
Tau required
Density calculation took 0.554291s
Tau required
Density calculation took 0.553298s
Tau required
Density calculation took 0.553521s
Tau required
Density calculation took 0.554227s
Tau required
Density calculation took 0.553518s
Tau required
Density calculation took 0.553472s
Tau required
Total number of grid points: 369440 (5772 per atom)
Density calculation took 0.554497s
Tau required
Density calculation took 0.577289s
Tau required
Density calculation took 0.555674s
Tau required
Density calculation took 0.556249s
Tau required
Density calculation took 0.554860s
Tau required
Density calculation took 0.556772s
Tau required
Density calculation took 0.555715s
Tau required
Density calculation took 0.556611s
Tau required
Density calculation took 0.556703s
Tau required
Density calculation took 0.557055s
Tau required
Density calculation took 0.556929s
Tau required
Density calculation took 0.556921s
Tau required
Density calculation took 0.556105s
Tau required
Density calculation took 0.556828s
Tau required
Density calculation took 0.556669s
Tau required
Density calculation took 0.556349s
Tau required
Density calculation took 0.556302s
Tau required
Total number of grid points: 369094 (5767 per atom)
Density calculation took 0.554464s
Tau required
Density calculation took 0.575061s
Tau required
Density calculation took 0.553950s
Tau required
Density calculation took 0.554549s
Tau required
Density calculation took 0.554347s
Tau required
Density calculation took 0.554517s
Tau required
Density calculation took 0.554526s
Tau required
Density calculation took 0.555118s
Tau required
Density calculation took 0.555242s
Tau required
Density calculation took 0.554923s
Tau required
Density calculation took 0.554635s
Tau required
Density calculation took 0.555144s
Tau required
Density calculation took 0.555140s
Tau required
Density calculation took 0.555296s
Tau required
Density calculation took 0.555543s
Tau required
Density calculation took 0.555292s
Tau required
Total number of grid points: 368949 (5764 per atom)
Density calculation took 0.550291s
Tau required
Density calculation took 0.574803s
Tau required
Density calculation took 0.553593s
Tau required
Density calculation took 0.553386s
Tau required
Density calculation took 0.554307s
Tau required
Density calculation took 0.554941s
Tau required
Density calculation took 0.554137s
Tau required
Density calculation took 0.555323s
Tau required
Density calculation took 0.555341s
Tau required
Density calculation took 0.555397s
Tau required
Density calculation took 0.555395s
Tau required
Density calculation took 0.554557s
Tau required
Density calculation took 0.555611s
Tau required
Density calculation took 0.554931s
Tau required
Density calculation took 0.554950s
Tau required
Density calculation took 0.555130s
Tau required
Total number of grid points: 369209 (5768 per atom)
Density calculation took 0.559986s
Tau required
Density calculation took 0.578973s
Tau required
Density calculation took 0.558452s
Tau required
Density calculation took 0.558653s
Tau required
Density calculation took 0.558662s
Tau required
Density calculation took 0.557996s
Tau required
Density calculation took 0.558960s
Tau required
Density calculation took 0.558982s
Tau required
Density calculation took 0.558082s
Tau required
Density calculation took 0.558886s
Tau required
Density calculation took 0.558466s
Tau required
Density calculation took 0.558224s
Tau required
Density calculation took 0.558769s
Tau required
Density calculation took 0.558920s
Tau required
Density calculation took 0.557934s
Tau required
Density calculation took 0.559030s
Tau required
Density calculation took 0.557667s
Tau required
Total number of grid points: 369328 (5770 per atom)
Density calculation took 0.604835s
Tau required
Density calculation took 0.575256s
Tau required
Density calculation took 0.551819s
Tau required
Density calculation took 0.551893s
Tau required
Density calculation took 0.552951s
Tau required
Density calculation took 0.551591s
Tau required
Density calculation took 0.552650s
Tau required
Density calculation took 0.553032s
Tau required
Density calculation took 0.552364s
Tau required
Density calculation took 0.552787s
Tau required
Density calculation took 0.553288s
Tau required
Density calculation took 0.553317s
Tau required
Density calculation took 0.552222s
Tau required
Density calculation took 0.552989s
Tau required
Density calculation took 0.553290s
Tau required
Density calculation took 0.552866s
Tau required
Total number of grid points: 369464 (5772 per atom)
Density calculation took 0.549049s
Tau required
Density calculation took 0.571443s
Tau required
Density calculation took 0.550600s
Tau required
Density calculation took 0.550585s
Tau required
Density calculation took 0.550156s
Tau required
Density calculation took 0.550405s
Tau required
Density calculation took 0.551317s
Tau required
Density calculation took 0.550107s
Tau required
Density calculation took 0.550867s
Tau required
Density calculation took 0.551214s
Tau required
Density calculation took 0.551277s
Tau required
Density calculation took 0.551160s
Tau required
Density calculation took 0.551309s
Tau required
Density calculation took 0.550683s
Tau required
Density calculation took 0.551581s
Tau required
Density calculation took 0.551556s
Tau required
Density calculation took 0.551365s
Tau required
Total number of grid points: 370113 (5783 per atom)
Density calculation took 0.549167s
Tau required
Density calculation took 0.572046s
Tau required
Density calculation took 0.551916s
Tau required
Density calculation took 0.553160s
Tau required
Density calculation took 0.552804s
Tau required
Density calculation took 0.553235s
Tau required
Density calculation took 0.553054s
Tau required
Density calculation took 0.553467s
Tau required
Density calculation took 0.553492s
Tau required
Density calculation took 0.553294s
Tau required
Density calculation took 0.553292s
Tau required
Density calculation took 0.553293s
Tau required
Density calculation took 0.552795s
Tau required
Density calculation took 0.552846s
Tau required
Density calculation took 0.552641s
Tau required
Density calculation took 0.552639s
Tau required
Density calculation took 0.552788s
Tau required
Total number of grid points: 369412 (5772 per atom)
Density calculation took 0.608902s
Tau required
Density calculation took 0.569872s
Tau required
Density calculation took 0.548304s
Tau required
Density calculation took 0.548262s
Tau required
Density calculation took 0.548374s
Tau required
Density calculation took 0.547607s
Tau required
Density calculation took 0.548720s
Tau required
Density calculation took 0.548686s
Tau required
Density calculation took 0.548199s
Tau required
Density calculation took 0.548877s
Tau required
Density calculation took 0.548138s
Tau required
Density calculation took 0.548856s
Tau required
Density calculation took 0.548679s
Tau required
Density calculation took 0.548820s
Tau required
Density calculation took 0.548736s
Tau required
Density calculation took 0.548994s
Tau required
Density calculation took 0.549083s
Tau required
Total number of grid points: 370176 (5784 per atom)
Density calculation took 0.549980s
Tau required
Density calculation took 0.575308s
Tau required
Density calculation took 0.554249s
Tau required
Density calculation took 0.554162s
Tau required
Density calculation took 0.555127s
Tau required
Density calculation took 0.555655s
Tau required
Density calculation took 0.555317s
Tau required
Density calculation took 0.555784s
Tau required
Density calculation took 0.555324s
Tau required
Density calculation took 0.554963s
Tau required
Density calculation took 0.555586s
Tau required
Density calculation took 0.555466s
Tau required
Density calculation took 0.555757s
Tau required
Density calculation took 0.555111s
Tau required
Density calculation took 0.555315s
Tau required
Density calculation took 0.556000s
Tau required
Density calculation took 0.555625s
Tau required
Total number of grid points: 368982 (5765 per atom)
Density calculation took 0.552825s
Tau required
Density calculation took 0.577164s
Tau required
Density calculation took 0.557127s
Tau required
Density calculation took 0.556147s
Tau required
Density calculation took 0.557471s
Tau required
Density calculation took 0.556785s
Tau required
Density calculation took 0.557680s
Tau required
Density calculation took 0.556987s
Tau required
Density calculation took 0.556712s
Tau required
Density calculation took 0.557015s
Tau required
Density calculation took 0.557653s
Tau required
Density calculation took 0.557749s
Tau required
Density calculation took 0.556957s
Tau required
Density calculation took 0.557644s
Tau required
Density calculation took 0.557994s
Tau required
Density calculation took 0.557986s
Tau required
Density calculation took 0.557855s
Tau required
Total number of grid points: 369466 (5772 per atom)
Density calculation took 0.552058s
Tau required
Density calculation took 0.575075s
Tau required
Density calculation took 0.553876s
Tau required
Density calculation took 0.553488s
Tau required
Density calculation took 0.553805s
Tau required
Density calculation took 0.553845s
Tau required
Density calculation took 0.554419s
Tau required
Density calculation took 0.553986s
Tau required
Density calculation took 0.554203s
Tau required
Density calculation took 0.553536s
Tau required
Density calculation took 0.554451s
Tau required
Density calculation took 0.553390s
Tau required
Density calculation took 0.553203s
Tau required
Density calculation took 0.553498s
Tau required
Density calculation took 0.554476s
Tau required
Density calculation took 0.553623s
Tau required
Total number of grid points: 368971 (5765 per atom)
Density calculation took 0.553006s
Tau required
Density calculation took 0.571580s
Tau required
Density calculation took 0.551225s
Tau required
Density calculation took 0.551566s
Tau required
Density calculation took 0.551827s
Tau required
Density calculation took 0.551707s
Tau required
Density calculation took 0.551026s
Tau required
Density calculation took 0.551005s
Tau required
Density calculation took 0.551738s
Tau required
Density calculation took 0.552109s
Tau required
Density calculation took 0.551441s
Tau required
Density calculation took 0.551772s
Tau required
Density calculation took 0.551853s
Tau required
Density calculation took 0.551237s
Tau required
Density calculation took 0.552313s
Tau required
Density calculation took 0.552478s
Tau required
Density calculation took 0.552293s
Tau required
Total number of grid points: 370345 (5786 per atom)
Density calculation took 0.554081s
Tau required
Density calculation took 0.569715s
Tau required
Density calculation took 0.550224s
Tau required
Density calculation took 0.549407s
Tau required
Density calculation took 0.550753s
Tau required
Density calculation took 0.550602s
Tau required
Density calculation took 0.550882s
Tau required
Density calculation took 0.550240s
Tau required
Density calculation took 0.551034s
Tau required
Density calculation took 0.549578s
Tau required
Density calculation took 0.550922s
Tau required
Density calculation took 0.551024s
Tau required
Density calculation took 0.551011s
Tau required
Density calculation took 0.550792s
Tau required
Density calculation took 0.550436s
Tau required
Density calculation took 0.551127s
Tau required
Density calculation took 0.550568s
Tau required
Total number of grid points: 368844 (5763 per atom)
Density calculation took 0.554038s
Tau required
Density calculation took 0.571833s
Tau required
Density calculation took 0.551671s
Tau required
Density calculation took 0.551743s
Tau required
Density calculation took 0.551904s
Tau required
Density calculation took 0.552100s
Tau required
Density calculation took 0.551352s
Tau required
Density calculation took 0.552445s
Tau required
Density calculation took 0.551217s
Tau required
Density calculation took 0.552553s
Tau required
Density calculation took 0.551473s
Tau required
Density calculation took 0.552652s
Tau required
Density calculation took 0.552456s
Tau required
Density calculation took 0.552039s
Tau required
Density calculation took 0.551856s
Tau required
Density calculation took 0.552175s
Tau required
[CRAYBLAS_WARNING] Application linked against multiple cray-libsci libraries
inning RI-MGGA_X_MN15_L+MGGA_C_MN15_L energy ******
************************************************************

=======================================================
      MGGA_X_MN15_L+MGGA_C_MN15_L Energy Results       
=======================================================
E MGGA_X_MN15_L+MGGA_C_MN15_L: -1613.1094543
Nuclear Repulsion Energy: 4471.65834831
Electronic Energy:        -5849.38738998
XC Energy:                -235.380413
Converged:                1
# of SCF iterations:      17
SCF Time:                 28.746s

=======================================================
            Individual Calculation Summary             
=======================================================
HF Energy: -1613.1094542955142970
=======================================================


Topology 9 time: 28.963151 s, performance: SP: 0 FLOP/s, DP: 32.67 TFLOP/s
JSON file written to: json_logs/lustre_orion_chm213_scratch_ryan_dhdft_inputs_exess_exess_inputs_MN15L_def2-TZVP_isomers_10780-10799_topology_9.json
************************************************************
**************** Running topology 11 of 20 *****************
************************************************************

************************************************************
***** Beginning RI-MGGA_X_MN15_L+MGGA_C_MN15_L energy ******
************************************************************

=======================================================
      MGGA_X_MN15_L+MGGA_C_MN15_L Energy Results       
=======================================================
E MGGA_X_MN15_L+MGGA_C_MN15_L: -1613.10925671
Nuclear Repulsion Energy: 4459.41631071
Electronic Energy:        -5837.14720768
XC Energy:                -235.378360
Converged:                1
# of SCF iterations:      16
SCF Time:                 27.534s

=======================================================
            Individual Calculation Summary             
=======================================================
HF Energy: -1613.1092567112602865
=======================================================


Topology 10 time: 27.748381 s, performance: SP: 0 FLOP/s, DP: 32.22 TFLOP/s
JSON file written to: json_logs/lustre_orion_chm213_scratch_ryan_dhdft_inputs_exess_exess_inputs_MN15L_def2-TZVP_isomers_10780-10799_topology_10.json
************************************************************
**************** Running topology 12 of 20 *****************
************************************************************

************************************************************
***** Beginning RI-MGGA_X_MN15_L+MGGA_C_MN15_L energy ******
************************************************************

=======================================================
      MGGA_X_MN15_L+MGGA_C_MN15_L Energy Results       
=======================================================
E MGGA_X_MN15_L+MGGA_C_MN15_L: -1613.09714441
Nuclear Repulsion Energy: 4296.10570228
Electronic Energy:        -5673.83152417
XC Energy:                -235.371323
Converged:                1
# of SCF iterations:      17
SCF Time:                 28.566s

=======================================================
            Individual Calculation Summary             
=======================================================
HF Energy: -1613.0971444129399970
=======================================================


Topology 11 time: 28.764891 s, performance: SP: 0 FLOP/s, DP: 32.96 TFLOP/s
JSON file written to: json_logs/lustre_orion_chm213_scratch_ryan_dhdft_inputs_exess_exess_inputs_MN15L_def2-TZVP_isomers_10780-10799_topology_11.json
************************************************************
**************** Running topology 13 of 20 *****************
************************************************************

************************************************************
***** Beginning RI-MGGA_X_MN15_L+MGGA_C_MN15_L energy ******
************************************************************

=======================================================
      MGGA_X_MN15_L+MGGA_C_MN15_L Energy Results       
=======================================================
E MGGA_X_MN15_L+MGGA_C_MN15_L: -1613.08707116
Nuclear Repulsion Energy: 4367.05455428
Electronic Energy:        -5744.7706056
XC Energy:                -235.371020
Converged:                1
# of SCF iterations:      17
SCF Time:                 28.716s

=======================================================
            Individual Calculation Summary             
=======================================================
HF Energy: -1613.0870711598938669
=======================================================


Topology 12 time: 28.921840 s, performance: SP: 0 FLOP/s, DP: 32.73 TFLOP/s
JSON file written to: json_logs/lustre_orion_chm213_scratch_ryan_dhdft_inputs_exess_exess_inputs_MN15L_def2-TZVP_isomers_10780-10799_topology_12.json
************************************************************
**************** Running topology 14 of 20 *****************
************************************************************

************************************************************
***** Beginning RI-MGGA_X_MN15_L+MGGA_C_MN15_L energy ******
************************************************************

=======================================================
      MGGA_X_MN15_L+MGGA_C_MN15_L Energy Results       
=======================================================
E MGGA_X_MN15_L+MGGA_C_MN15_L: -1613.09415525
Nuclear Repulsion Energy: 4384.13940564
Electronic Energy:        -5761.86185167
XC Energy:                -235.371709
Converged:                1
# of SCF iterations:      17
SCF Time:                 28.788s

=======================================================
            Individual Calculation Summary             
=======================================================
HF Energy: -1613.0941552508877521
=======================================================


Topology 13 time: 28.993909 s, performance: SP: 0 FLOP/s, DP: 32.66 TFLOP/s
JSON file written to: json_logs/lustre_orion_chm213_scratch_ryan_dhdft_inputs_exess_exess_inputs_MN15L_def2-TZVP_isomers_10780-10799_topology_13.json
************************************************************
**************** Running topology 15 of 20 *****************
************************************************************

************************************************************
***** Beginning RI-MGGA_X_MN15_L+MGGA_C_MN15_L energy ******
************************************************************

=======================================================
      MGGA_X_MN15_L+MGGA_C_MN15_L Energy Results       
=======================================================
E MGGA_X_MN15_L+MGGA_C_MN15_L: -1613.10353662
Nuclear Repulsion Energy: 4326.35654789
Electronic Energy:        -5704.08696722
XC Energy:                -235.373117
Converged:                1
# of SCF iterations:      17
SCF Time:                 28.631s

=======================================================
            Individual Calculation Summary             
=======================================================
HF Energy: -1613.1035366173366583
=======================================================


Topology 14 time: 28.834080 s, performance: SP: 0 FLOP/s, DP: 32.89 TFLOP/s
JSON file written to: json_logs/lustre_orion_chm213_scratch_ryan_dhdft_inputs_exess_exess_inputs_MN15L_def2-TZVP_isomers_10780-10799_topology_14.json
************************************************************
**************** Running topology 16 of 20 *****************
************************************************************

************************************************************
***** Beginning RI-MGGA_X_MN15_L+MGGA_C_MN15_L energy ******
************************************************************

=======================================================
      MGGA_X_MN15_L+MGGA_C_MN15_L Energy Results       
=======================================================
E MGGA_X_MN15_L+MGGA_C_MN15_L: -1613.10111761
Nuclear Repulsion Energy: 4394.50521621
Electronic Energy:        -5772.23292586
XC Energy:                -235.373408
Converged:                1
# of SCF iterations:      17
SCF Time:                 28.661s

=======================================================
            Individual Calculation Summary             
=======================================================
HF Energy: -1613.1011176097567841
=======================================================


Topology 15 time: 28.869485 s, performance: SP: 0 FLOP/s, DP: 32.8 TFLOP/s
JSON file written to: json_logs/lustre_orion_chm213_scratch_ryan_dhdft_inputs_exess_exess_inputs_MN15L_def2-TZVP_isomers_10780-10799_topology_15.json
************************************************************
**************** Running topology 17 of 20 *****************
************************************************************

************************************************************
***** Beginning RI-MGGA_X_MN15_L+MGGA_C_MN15_L energy ******
************************************************************

=======================================================
      MGGA_X_MN15_L+MGGA_C_MN15_L Energy Results       
=======================================================
E MGGA_X_MN15_L+MGGA_C_MN15_L: -1613.11011431
Nuclear Repulsion Energy: 4479.40175067
Electronic Energy:        -5857.131492
XC Energy:                -235.380373
Converged:                1
# of SCF iterations:      16
SCF Time:                 27.082s

=======================================================
            Individual Calculation Summary             
=======================================================
HF Energy: -1613.1101143108887754
=======================================================


Topology 16 time: 27.297138 s, performance: SP: 0 FLOP/s, DP: 32.75 TFLOP/s
JSON file written to: json_logs/lustre_orion_chm213_scratch_ryan_dhdft_inputs_exess_exess_inputs_MN15L_def2-TZVP_isomers_10780-10799_topology_16.json
************************************************************
**************** Running topology 18 of 20 *****************
************************************************************

************************************************************
***** Beginning RI-MGGA_X_MN15_L+MGGA_C_MN15_L energy ******
************************************************************

=======================================================
      MGGA_X_MN15_L+MGGA_C_MN15_L Energy Results       
=======================================================
E MGGA_X_MN15_L+MGGA_C_MN15_L: -1613.10751088
Nuclear Repulsion Energy: 4474.58186941
Electronic Energy:        -5852.3120132
XC Energy:                -235.377367
Converged:                1
# of SCF iterations:      17
SCF Time:                 28.495s

=======================================================
            Individual Calculation Summary             
=======================================================
HF Energy: -1613.1075108757654561
=======================================================


Topology 17 time: 28.711387 s, performance: SP: 0 FLOP/s, DP: 32.95 TFLOP/s
JSON file written to: json_logs/lustre_orion_chm213_scratch_ryan_dhdft_inputs_exess_exess_inputs_MN15L_def2-TZVP_isomers_10780-10799_topology_17.json
************************************************************
**************** Running topology 19 of 20 *****************
************************************************************

************************************************************
***** Beginning RI-MGGA_X_MN15_L+MGGA_C_MN15_L energy ******
************************************************************

=======================================================
      MGGA_X_MN15_L+MGGA_C_MN15_L Energy Results       
=======================================================
E MGGA_X_MN15_L+MGGA_C_MN15_L: -1613.09511639
Nuclear Repulsion Energy: 4362.24159833
Electronic Energy:        -5739.96529049
XC Energy:                -235.371424
Converged:                1
# of SCF iterations:      17
SCF Time:                 28.608s

=======================================================
            Individual Calculation Summary             
=======================================================
HF Energy: -1613.0951163877846284
=======================================================


Topology 18 time: 28.819280 s, performance: SP: 0 FLOP/s, DP: 32.9 TFLOP/s
JSON file written to: json_logs/lustre_orion_chm213_scratch_ryan_dhdft_inputs_exess_exess_inputs_MN15L_def2-TZVP_isomers_10780-10799_topology_18.json
************************************************************
**************** Running topology 20 of 20 *****************
************************************************************

************************************************************
***** Beginning RI-MGGA_X_MN15_L+MGGA_C_MN15_L energy ******
************************************************************

=======================================================
      MGGA_X_MN15_L+MGGA_C_MN15_L Energy Results       
=======================================================
E MGGA_X_MN15_L+MGGA_C_MN15_L: -1613.1169188
Nuclear Repulsion Energy: 4320.49788166
Electronic Energy:        -5698.2366164
XC Energy:                -235.378184
Converged:                1
# of SCF iterations:      16
SCF Time:                 27.019s

=======================================================
            Individual Calculation Summary             
=======================================================
HF Energy: -1613.1169187963671448
=======================================================


Topology 19 time: 27.219980 s, performance: SP: 0 FLOP/s, DP: 32.94 TFLOP/s
JSON file written to: json_logs/lustre_orion_chm213_scratch_ryan_dhdft_inputs_exess_exess_inputs_MN15L_def2-TZVP_isomers_10780-10799_topology_19.json
Total flops: SP: 0 FLOPS, DP: 18.642276 PFLOPS
Performance: SP: 0 FLOP/s, DP: 32.22 TFLOP/s

Now, a word from our sponsors... 
 In stressful situations, please resort to eating chocolate. (Fazeleh's life mantra)

[31mTotal processing time 578.909246 seconds[0m
[CRAYBLAS_WARNING] Application linked against multiple cray-libsci libraries
    0.2252
Density calculation took 0.551819s
Tau required
    9     | -1613.0870671119 |   1.2054e-05   |    1.3178     |    0.2248
Density calculation took 0.552153s
Tau required
   10     | -1613.0870702996 |   2.5758e-06   |    1.3152     |    0.2258
Density calculation took 0.552241s
Tau required
   11     | -1613.0870709460 |   6.9763e-07   |    1.3172     |    0.2296
Density calculation took 0.552083s
Tau required
   12     | -1613.0870711262 |   1.0932e-07   |    1.3138     |    0.2252
Density calculation took 0.552362s
Tau required
   13     | -1613.0870711556 |   1.4232e-08   |    1.3195     |    0.2243
Density calculation took 0.552235s
Tau required
   14     | -1613.0870711591 |   2.7920e-09   |    1.3137     |    0.2255
Density calculation took 0.552341s
Tau required
   15     | -1613.0870711598 |   2.2514e-10   |    1.3157     |    0.2265
Density calculation took 0.552144s
Tau required
   16     | -1613.0870711599 |   1.3613e-10   |    1.3147     |    0.2271
Density calculation took 0.552074s
Tau required
   17     | -1613.0870711599 |   4.4010e-11   |    1.3160     |    0.2252
Created 714275 / 2702736 significant shell pairs
Created 553590 / 2056356 significant shell pairs
Total number of grid points: 370254 (5785 per atom)
One electron integrals and orthogonalizer took 0.055861s
Created 553590 / 2056356 significant shell pairs
3C integrals and B formation took 1.946280s
Iteration |      Energy      |  DIIS Metric   | Fock Time (s) | DIIS Time (s)
----------+------------------+----------------+---------------+--------------
Density calculation took 0.549538s
Tau required
    1     | -1623.9679480415 |   1.0400e+03   |    1.5237     |    0.2554
Density calculation took 0.573586s
Tau required
    2     | -1612.6295341243 |   1.5798e+00   |    1.3353     |    0.2209
Density calculation took 0.553292s
Tau required
    3     | -1612.6429452213 |   1.6134e+00   |    1.3170     |    0.2295
Density calculation took 0.553371s
Tau required
    4     | -1613.0654237592 |   9.6188e-02   |    1.3179     |    0.2260
Density calculation took 0.553734s
Tau required
    5     | -1613.0816529203 |   4.0552e-02   |    1.3187     |    0.2318
Density calculation took 0.553230s
Tau required
    6     | -1613.0927626556 |   4.6419e-03   |    1.3164     |    0.2235
Density calculation took 0.553781s
Tau required
    7     | -1613.0939644950 |   6.2221e-04   |    1.3171     |    0.2313
Density calculation took 0.554276s
Tau required
    8     | -1613.0940877200 |   2.1398e-04   |    1.3191     |    0.2244
Density calculation took 0.553810s
Tau required
    9     | -1613.0941487358 |   2.1051e-05   |    1.3178     |    0.2250
Density calculation took 0.553977s
Tau required
   10     | -1613.0941545419 |   2.2673e-06   |    1.3179     |    0.2240
Density calculation took 0.554009s
Tau required
   11     | -1613.0941550032 |   8.5505e-07   |    1.3180     |    0.2246
Density calculation took 0.554155s
Tau required
   12     | -1613.0941552216 |   1.0198e-07   |    1.3171     |    0.2249
Density calculation took 0.554117s
Tau required
   13     | -1613.0941552453 |   1.8612e-08   |    1.3184     |    0.2252
Density calculation took 0.554104s
Tau required
   14     | -1613.0941552491 |   5.5650e-09   |    1.3175     |    0.2240
Density calculation took 0.554100s
Tau required
   15     | -1613.0941552508 |   3.5826e-10   |    1.3181     |    0.2244
Density calculation took 0.554126s
Tau required
   16     | -1613.0941552509 |   1.3353e-10   |    1.3192     |    0.2246
Density calculation took 0.554199s
Tau required
   17     | -1613.0941552509 |   5.7040e-11   |    1.3209     |    0.2318
Created 693662 / 2702736 significant shell pairs
Created 537773 / 2056356 significant shell pairs
Total number of grid points: 369731 (5777 per atom)
One electron integrals and orthogonalizer took 0.054086s
Created 537773 / 2056356 significant shell pairs
3C integrals and B formation took 1.938615s
Iteration |      Energy      |  DIIS Metric   | Fock Time (s) | DIIS Time (s)
----------+------------------+----------------+---------------+--------------
Density calculation took 0.544247s
Tau required
    1     | -1623.9688205644 |   1.0375e+03   |    1.4675     |    0.2538
Density calculation took 0.569619s
Tau required
    2     | -1612.6400735682 |   1.5774e+00   |    1.3330     |    0.2199
Density calculation took 0.549028s
Tau required
    3     | -1612.6596318476 |   1.5914e+00   |    1.3105     |    0.2286
Density calculation took 0.548745s
Tau required
    4     | -1613.0808262161 |   7.8709e-02   |    1.3128     |    0.2207
Density calculation took 0.548997s
Tau required
    5     | -1613.0947140505 |   2.9840e-02   |    1.3120     |    0.2314
Density calculation took 0.549563s
Tau required
    6     | -1613.1022994738 |   4.1310e-03   |    1.3159     |    0.2233
Density calculation took 0.549432s
Tau required
    7     | -1613.1033233011 |   6.9322e-04   |    1.3134     |    0.2363
Density calculation took 0.549253s
Tau required
    8     | -1613.1034872190 |   1.6307e-04   |    1.3149     |    0.2246
Density calculation took 0.549362s
Tau required
    9     | -1613.1035328695 |   1.2219e-05   |    1.3126     |    0.2244
Density calculation took 0.549117s
Tau required
   10     | -1613.1035359470 |   2.0270e-06   |    1.3143     |    0.2243
Density calculation took 0.549244s
Tau required
   11     | -1613.1035363430 |   8.4455e-07   |    1.3122     |    0.2253
Density calculation took 0.549256s
Tau required
   12     | -1613.1035365816 |   1.2122e-07   |    1.3143     |    0.2246
Density calculation took 0.549554s
Tau required
   13     | -1613.1035366127 |   1.6504e-08   |    1.3114     |    0.2241
Density calculation took 0.549474s
Tau required
   14     | -1613.1035366165 |   3.0790e-09   |    1.3143     |    0.2244
Density calculation took 0.549482s
Tau required
   15     | -1613.1035366173 |   2.5525e-10   |    1.3128     |    0.2250
Density calculation took 0.549627s
Tau required
   16     | -1613.1035366173 |   1.5691e-10   |    1.3170     |    0.2238
Density calculation took 0.549384s
Tau required
   17     | -1613.1035366173 |   5.4670e-11   |    1.3120     |    0.2249
Created 718210 / 2702736 significant shell pairs
Created 557134 / 2056356 significant shell pairs
Total number of grid points: 368913 (5764 per atom)
One electron integrals and orthogonalizer took 0.053474s
Created 557134 / 2056356 significant shell pairs
3C integrals and B formation took 1.950737s
Iteration |      Energy      |  DIIS Metric   | Fock Time (s) | DIIS Time (s)
----------+------------------+----------------+---------------+--------------
Density calculation took 0.545984s
Tau required
    1     | -1623.9773773380 |   1.0392e+03   |    1.4726     |    0.2555
Density calculation took 0.569888s
Tau required
    2     | -1612.6376441902 |   1.5766e+00   |    1.3337     |    0.2208
Density calculation took 0.548515s
Tau required
    3     | -1612.6522693832 |   1.6121e+00   |    1.3126     |    0.2338
Density calculation took 0.549406s
Tau required
    4     | -1613.0781858317 |   7.9743e-02   |    1.3124     |    0.2218
Density calculation took 0.549676s
Tau required
    5     | -1613.0927264611 |   2.8087e-02   |    1.3114     |    0.2306
Density calculation took 0.549531s
Tau required
    6     | -1613.0998407801 |   4.2825e-03   |    1.3147     |    0.2230
Density calculation took 0.549742s
Tau required
    7     | -1613.1009529390 |   5.5882e-04   |    1.3162     |    0.2316
Density calculation took 0.549881s
Tau required
    8     | -1613.1010908704 |   9.3761e-05   |    1.3128     |    0.2239
Density calculation took 0.549997s
Tau required
    9     | -1613.1011157791 |   6.0642e-06   |    1.3126     |    0.2241
Density calculation took 0.550055s
Tau required
   10     | -1613.1011172806 |   1.1744e-06   |    1.3141     |    0.2250
Density calculation took 0.550023s
Tau required
   11     | -1613.1011175360 |   2.4825e-07   |    1.3150     |    0.2248
Density calculation took 0.550062s
Tau required
   12     | -1613.1011175597 |   1.6661e-07   |    1.3158     |    0.2244
Density calculation took 0.550065s
Tau required
   13     | -1613.1011176064 |   1.1930e-08   |    1.3147     |    0.2238
Density calculation took 0.550131s
Tau required
   14     | -1613.1011176093 |   1.5282e-09   |    1.3136     |    0.2242
Density calculation took 0.550079s
Tau required
   15     | -1613.1011176097 |   1.6699e-10   |    1.3159     |    0.2240
Density calculation took 0.550131s
Tau required
   16     | -1613.1011176097 |   1.0557e-10   |    1.3149     |    0.2239
Density calculation took 0.549970s
Tau required
   17     | -1613.1011176098 |   2.2453e-11   |    1.3146     |    0.2249
Created 746449 / 2702736 significant shell pairs
Created 578845 / 2056356 significant shell pairs
Total number of grid points: 369840 (5778 per atom)
One electron integrals and orthogonalizer took 0.050384s
Created 578845 / 2056356 significant shell pairs
3C integrals and B formation took 1.974693s
Iteration |      Energy      |  DIIS Metric   | Fock Time (s) | DIIS Time (s)
----------+------------------+----------------+---------------+--------------
Density calculation took 0.545391s
Tau required
    1     | -1623.9988087535 |   1.0437e+03   |    1.4800     |    0.2547
Density calculation took 0.569275s
Tau required
    2     | -1612.6402425297 |   1.6073e+00   |    1.3315     |    0.2204
Density calculation took 0.547322s
Tau required
    3     | -1612.6098981137 |   1.8063e+00   |    1.3104     |    0.2293
Density calculation took 0.547527s
Tau required
    4     | -1613.0563263076 |   1.8393e-01   |    1.3066     |    0.2216
Density calculation took 0.547603s
Tau required
    5     | -1613.0968975824 |   4.6203e-02   |    1.3098     |    0.2300
Density calculation took 0.547964s
Tau required
    6     | -1613.1084825539 |   5.8218e-03   |    1.3062     |    0.2226
Density calculation took 0.547936s
Tau required
    7     | -1613.1098732843 |   7.9577e-04   |    1.3104     |    0.2319
Density calculation took 0.547730s
Tau required
    8     | -1613.1100344553 |   2.6059e-04   |    1.3095     |    0.2257
Density calculation took 0.548166s
Tau required
    9     | -1613.1101083672 |   1.8877e-05   |    1.3101     |    0.2246
Density calculation took 0.547938s
Tau required
   10     | -1613.1101136729 |   2.0844e-06   |    1.3104     |    0.2237
Density calculation took 0.548218s
Tau required
   11     | -1613.1101141217 |   6.3169e-07   |    1.3095     |    0.2248
Density calculation took 0.547651s
Tau required
   12     | -1613.1101142693 |   1.3828e-07   |    1.3087     |    0.2248
Density calculation took 0.548522s
Tau required
   13     | -1613.1101143039 |   2.4017e-08   |    1.3103     |    0.2243
Density calculation took 0.547866s
Tau required
   14     | -1613.1101143098 |   3.7070e-09   |    1.3090     |    0.2247
Density calculation took 0.548198s
Tau required
   15     | -1613.1101143107 |   6.5907e-10   |    1.3077     |    0.2246
Density calculation took 0.548038s
Tau required
   16     | -1613.1101143109 |   7.6033e-11   |    1.3084     |    0.2250
Created 745489 / 2702736 significant shell pairs
Created 578140 / 2056356 significant shell pairs
Total number of grid points: 369282 (5770 per atom)
One electron integrals and orthogonalizer took 0.050535s
Created 578140 / 2056356 significant shell pairs
3C integrals and B formation took 1.961687s
Iteration |      Energy      |  DIIS Metric   | Fock Time (s) | DIIS Time (s)
----------+------------------+----------------+---------------+--------------
Density calculation took 0.580160s
Tau required
    1     | -1623.9924909206 |   1.0426e+03   |    1.4835     |    0.2549
Density calculation took 0.566689s
Tau required
    2     | -1612.6386392649 |   1.6021e+00   |    1.3214     |    0.2207
Density calculation took 0.545910s
Tau required
    3     | -1612.6132022874 |   1.7782e+00   |    1.3005     |    0.2300
Density calculation took 0.545980s
Tau required
    4     | -1613.0538587987 |   1.8133e-01   |    1.2998     |    0.2220
Density calculation took 0.546319s
Tau required
    5     | -1613.0929574818 |   5.0520e-02   |    1.3009     |    0.2311
Density calculation took 0.546560s
Tau required
    6     | -1613.1054747135 |   6.9234e-03   |    1.3034     |    0.2257
Density calculation took 0.546732s
Tau required
    7     | -1613.1071570296 |   1.0892e-03   |    1.2997     |    0.2324
Density calculation took 0.546822s
Tau required
    8     | -1613.1074115324 |   3.1871e-04   |    1.3000     |    0.2251
Density calculation took 0.546720s
Tau required
    9     | -1613.1075015294 |   3.0186e-05   |    1.3013     |    0.2255
Density calculation took 0.546611s
Tau required
   10     | -1613.1075098836 |   3.1121e-06   |    1.3017     |    0.2255
Density calculation took 0.546985s
Tau required
   11     | -1613.1075106020 |   9.0083e-07   |    1.3046     |    0.2253
Density calculation took 0.547024s
Tau required
   12     | -1613.1075108336 |   1.3923e-07   |    1.3047     |    0.2248
Density calculation took 0.546778s
Tau required
   13     | -1613.1075108672 |   2.9533e-08   |    1.3017     |    0.2260
Density calculation took 0.546894s
Tau required
   14     | -1613.1075108740 |   6.2002e-09   |    1.2987     |    0.2259
Density calculation took 0.546990s
Tau required
   15     | -1613.1075108755 |   8.2628e-10   |    1.3010     |    0.2256
Density calculation took 0.547232s
Tau required
   16     | -1613.1075108757 |   1.2305e-10   |    1.3013     |    0.2253
Density calculation took 0.546929s
Tau required
   17     | -1613.1075108758 |   6.4229e-11   |    1.3012     |    0.2241
Created 704221 / 2702736 significant shell pairs
Created 546632 / 2056356 significant shell pairs
Total number of grid points: 369396 (5771 per atom)
One electron integrals and orthogonalizer took 0.055394s
Created 546632 / 2056356 significant shell pairs
3C integrals and B formation took 1.942342s
Iteration |      Energy      |  DIIS Metric   | Fock Time (s) | DIIS Time (s)
----------+------------------+----------------+---------------+--------------
Density calculation took 0.545786s
Tau required
    1     | -1623.9687173887 |   1.0377e+03   |    1.4752     |    0.2551
Density calculation took 0.571309s
Tau required
    2     | -1612.6321861462 |   1.5772e+00   |    1.3315     |    0.2210
Density calculation took 0.548654s
Tau required
    3     | -1612.6524230771 |   1.5984e+00   |    1.3111     |    0.2374
Density calculation took 0.549376s
Tau required
    4     | -1613.0765638324 |   6.7043e-02   |    1.3095     |    0.2215
Density calculation took 0.549511s
Tau required
    5     | -1613.0893011864 |   2.0176e-02   |    1.3111     |    0.2307
Density calculation took 0.549161s
Tau required
    6     | -1613.0940987442 |   3.3902e-03   |    1.3104     |    0.2224
Density calculation took 0.549215s
Tau required
    7     | -1613.0949116908 |   6.7619e-04   |    1.3143     |    0.2349
Density calculation took 0.549149s
Tau required
    8     | -1613.0950816880 |   1.2156e-04   |    1.3090     |    0.2252
Density calculation took 0.549185s
Tau required
    9     | -1613.0951127893 |   1.1553e-05   |    1.3090     |    0.2248
Density calculation took 0.549240s
Tau required
   10     | -1613.0951155539 |   2.6458e-06   |    1.3092     |    0.2240
Density calculation took 0.549235s
Tau required
   11     | -1613.0951161345 |   7.9019e-07   |    1.3104     |    0.2285
Density calculation took 0.549240s
Tau required
   12     | -1613.0951163420 |   1.4196e-07   |    1.3097     |    0.2236
Density calculation took 0.549400s
Tau required
   13     | -1613.0951163803 |   2.4337e-08   |    1.3106     |    0.2245
Density calculation took 0.549594s
Tau required
   14     | -1613.0951163871 |   2.3157e-09   |    1.3097     |    0.2251
Density calculation took 0.549098s
Tau required
   15     | -1613.0951163877 |   2.6615e-10   |    1.3109     |    0.2239
Density calculation took 0.549407s
Tau required
   16     | -1613.0951163878 |   1.4498e-10   |    1.3095     |    0.2245
Density calculation took 0.549209s
Tau required
   17     | -1613.0951163878 |   4.6100e-11   |    1.3101     |    0.2250
Created 690660 / 2702736 significant shell pairs
Created 536047 / 2056356 significant shell pairs
Total number of grid points: 369316 (5770 per atom)
One electron integrals and orthogonalizer took 0.052442s
Created 536047 / 2056356 significant shell pairs
3C integrals and B formation took 1.947280s
Iteration |      Energy      |  DIIS Metric   | Fock Time (s) | DIIS Time (s)
----------+------------------+----------------+---------------+--------------
Density calculation took 0.551875s
Tau required
    1     | -1623.9778770215 |   1.0370e+03   |    1.4712     |    0.2581
Density calculation took 0.573912s
Tau required
    2     | -1612.6517249947 |   1.5881e+00   |    1.3285     |    0.2207
Density calculation took 0.553037s
Tau required
    3     | -1612.6699386476 |   1.6064e+00   |    1.3098     |    0.2295
Density calculation took 0.553561s
Tau required
    4     | -1613.0949076126 |   7.6877e-02   |    1.3064     |    0.2212
Density calculation took 0.553738s
Tau required
    5     | -1613.1089546307 |   2.7153e-02   |    1.3074     |    0.2319
Density calculation took 0.553330s
Tau required
    6     | -1613.1158120935 |   3.7726e-03   |    1.3063     |    0.2229
Density calculation took 0.554067s
Tau required
    7     | -1613.1167514589 |   5.6629e-04   |    1.3071     |    0.2322
Density calculation took 0.553911s
Tau required
    8     | -1613.1168832834 |   1.2098e-04   |    1.3073     |    0.2239
Density calculation took 0.553812s
Tau required
    9     | -1613.1169170718 |   5.9968e-06   |    1.3077     |    0.2253
Density calculation took 0.554227s
Tau required
   10     | -1613.1169185215 |   1.0010e-06   |    1.3077     |    0.2243
Density calculation took 0.554183s
Tau required
   11     | -1613.1169187424 |   1.8495e-07   |    1.3081     |    0.2248
Density calculation took 0.553971s
Tau required
   12     | -1613.1169187640 |   1.0812e-07   |    1.3083     |    0.2244
Density calculation took 0.554358s
Tau required
   13     | -1613.1169187924 |   1.3503e-08   |    1.3079     |    0.2247
Density calculation took 0.554463s
Tau required
   14     | -1613.1169187960 |   1.3267e-09   |    1.3084     |    0.2240
Density calculation took 0.554071s
Tau required
   15     | -1613.1169187964 |   1.3207e-10   |    1.3071     |    0.2245
Density calculation took 0.553971s
Tau required
   16     | -1613.1169187964 |   6.3207e-11   |    1.3073     |    0.2240
Please cite the following papers for the methods used in this calculation:
 - J.L. Galvez Vallejo et. al., Toward an extreme-scale electronic structure system, J. Chem. Phys., 2023. DOI: 10.1063/5.0156399

 - R. Stocks, E. Palethorpe, and G.M.J. Barca, Multi-GPU RI-HF Energies and Analytic Gradients ─ Toward High-Throughput Ab Initio Molecular Dynamics, J. Chem. Theory Comput., 2024. DOI: 10.1021/acs.jctc.4c00877
   For:
     * RI-HF energy

 - S. Lehtola, C. Steigemann, M.J.T. Oliveira, and M.A.L. Marques, Recent developments in Libxc: A comprehensive library of functionals for density functional theory, SoftwareX, 2018. DOI: 10.1016/j.softx.2017.11.002
   For:
     * LibXC version 6.2.0

 - D.B. Williams-Young, W.A. de Jong, H.J.J. van Dam, and C. Yang, On the Efficient Evaluation of the Exchange Correlation Potential on Graphics Processing Unit Clusters, Frontiers in Chemistry, 2020. DOI: 10.3389/fchem.2020.581058
   For:
     * ExchCXX GPU implementation of exchange-correlation functionals

 - R. Stocks and G.M.J. Barca, Efficient Algorithms for GPU Accelerated Evaluation of the DFT Exchange-Correlation Functional, J. Chem. Theory Comput., 2025. DOI: 10.1021/acs.jctc.5c01229
   For:
     * GPU accelerated DFT exchange-correlation evaluation

 - H. S. Yu, X. He, and D. G. Truhlar.,  J. Chem. Theory Comput. 12, 1280-1293 (2016) DOI: 10.1021/acs.jctc.5b01082
   For:
     * MGGA_X_MN15_L XC Functional
     * MGGA_C_MN15_L XC Functional

[CRAYBLAS_WARNING] Application linked against multiple cray-libsci libraries
