Total number of grid points: 276236 (5115 per atom)
Total number of grid points: 266163 (4928 per atom)
Total number of grid points: 278149 (5150 per atom)
Total number of grid points: 269822 (4996 per atom)
Total number of grid points: 278685 (5160 per atom)
Total number of grid points: 280430 (5193 per atom)
Total number of grid points: 271999 (5037 per atom)
Total number of grid points: 268908 (4979 per atom)
Total number of grid points: 272731 (5050 per atom)
Total number of grid points: 268911 (4979 per atom)
Total number of grid points: 268883 (4979 per atom)
Total number of grid points: 274585 (5084 per atom)
Total number of grid points: 268119 (4965 per atom)
Total number of grid points: 271810 (5033 per atom)
Total number of grid points: 275288 (5097 per atom)
Total number of grid points: 273906 (5072 per atom)
Total number of grid points: 269849 (4997 per atom)
Total number of grid points: 274114 (5076 per atom)
Total number of grid points: 276367 (5117 per atom)
Total number of grid points: 265862 (4923 per atom)
[CRAYBLAS_WARNING] Application linked against multiple cray-libsci libraries
2509
   10     | -1381.5235005806 |   5.8573e-06   |    0.7559     |    0.2095
   11     | -1381.5235021503 |   2.5976e-07   |    0.9111     |    0.3905
   12     | -1381.5235021765 |   1.6685e-07   |    0.9878     |    0.2027
   13     | -1381.5235022223 |   1.1970e-08   |    1.1074     |    0.2453
   14     | -1381.5235022249 |   2.0984e-09   |    0.8587     |    0.2337
   15     | -1381.5235022253 |   4.4798e-10   |    0.9765     |    0.2412
   16     | -1381.5235022250 |   1.1166e-09   |    0.9920     |    0.2290
   17     | -1381.5235022254 |   1.2705e-10   |    1.0065     |    0.2025
   18     | -1381.5235022254 |   1.6248e-11   |    0.9107     |    0.2023
Created 530321 / 1971216 significant shell pairs
Created 408726 / 1498176 significant shell pairs
Total number of grid points: 269290 (4986 per atom)
One electron integrals and orthogonalizer took 0.196936s
Created 408726 / 1498176 significant shell pairs
3C integrals and B formation took 1.628998s
Iteration |      Energy      |  DIIS Metric   | Fock Time (s) | DIIS Time (s)
----------+------------------+----------------+---------------+--------------
    1     | -1390.2070276698 |   8.5064e+02   |    1.2146     |    0.2708
    2     | -1380.7577897028 |   2.7647e+00   |    1.1469     |    0.4221
    3     | -1380.3814529809 |   4.1190e+00   |    1.0261     |    0.3723
    4     | -1381.4686296155 |   1.8942e-01   |    0.9321     |    0.2940
    5     | -1381.5045485551 |   6.4140e-02   |    0.9614     |    0.4561
    6     | -1381.5197352557 |   7.9281e-03   |    1.1056     |    0.2938
    7     | -1381.5207395136 |   4.3571e-03   |    1.1039     |    0.2940
    8     | -1381.5220516948 |   1.0927e-03   |    1.1469     |    0.2737
    9     | -1381.5223892392 |   1.2106e-04   |    0.9595     |    0.4008
   10     | -1381.5224223576 |   1.0329e-05   |    0.9996     |    0.2796
   11     | -1381.5224242750 |   3.6421e-06   |    1.1469     |    0.2924
   12     | -1381.5224253002 |   3.1086e-07   |    1.2503     |    0.2922
   13     | -1381.5224253718 |   7.7304e-08   |    1.1438     |    0.2831
   14     | -1381.5224253925 |   4.0517e-09   |    0.9967     |    0.2765
   15     | -1381.5224253932 |   1.4482e-09   |    0.8865     |    0.1828
   16     | -1381.5224253927 |   2.5639e-09   |    1.1373     |    0.2326
   17     | -1381.5224253935 |   3.7968e-10   |    1.1420     |    0.2544
   18     | -1381.5224253936 |   9.5305e-11   |    1.1880     |    0.2330
Created 525332 / 1971216 significant shell pairs
Created 405037 / 1498176 significant shell pairs
Total number of grid points: 267053 (4945 per atom)
One electron integrals and orthogonalizer took 0.117188s
Created 405037 / 1498176 significant shell pairs
3C integrals and B formation took 1.779498s
Iteration |      Energy      |  DIIS Metric   | Fock Time (s) | DIIS Time (s)
----------+------------------+----------------+---------------+--------------
    1     | -1390.1971616391 |   8.4914e+02   |    1.1151     |    0.3590
    2     | -1380.7551506987 |   2.7548e+00   |    1.0651     |    0.2734
    3     | -1380.3777145781 |   4.1020e+00   |    1.0153     |    0.3349
    4     | -1381.4629973644 |   2.0210e-01   |    0.8125     |    0.2488
    5     | -1381.5035762611 |   5.8469e-02   |    0.9322     |    0.2891
    6     | -1381.5172139367 |   7.6708e-03   |    1.0996     |    0.2891
    7     | -1381.5184118344 |   3.5526e-03   |    1.0987     |    0.2904
    8     | -1381.5193787591 |   1.1491e-03   |    1.1003     |    0.2410
    9     | -1381.5197336399 |   1.3789e-04   |    0.9965     |    0.2739
   10     | -1381.5197734969 |   1.0955e-05   |    0.8825     |    0.1829
   11     | -1381.5197758073 |   3.4048e-06   |    1.1371     |    0.2329
   12     | -1381.5197767317 |   3.1991e-07   |    1.1383     |    0.2541
   13     | -1381.5197767964 |   1.0820e-07   |    1.1883     |    0.2329
   14     | -1381.5197768246 |   1.1941e-08   |    1.0119     |    0.2540
   15     | -1381.5197768276 |   1.6842e-09   |    0.9849     |    0.1924
   16     | -1381.5197768264 |   4.7192e-09   |    1.0623     |    0.3586
   17     | -1381.5197768279 |   6.7773e-10   |    1.0657     |    0.2735
   18     | -1381.5197768280 |   1.6646e-10   |    1.0142     |    0.3352
   19     | -1381.5197768281 |   6.4327e-11   |    0.8141     |    0.2405
Created 543575 / 1971216 significant shell pairs
Created 419368 / 1498176 significant shell pairs
Total number of grid points: 275883 (5108 per atom)
One electron integrals and orthogonalizer took 0.117296s
Created 419368 / 1498176 significant shell pairs
3C integrals and B formation took 1.707703s
Iteration |      Energy      |  DIIS Metric   | Fock Time (s) | DIIS Time (s)
----------+------------------+----------------+---------------+--------------
    1     | -1390.2028930785 |   8.5178e+02   |    1.2704     |    0.3344
    2     | -1380.7501843778 |   2.7473e+00   |    1.2683     |    0.2940
    3     | -1380.3771832875 |   4.0737e+00   |    1.1741     |    0.3730
    4     | -1381.4507820309 |   2.0569e-01   |    1.0206     |    0.3727
    5     | -1381.4740427427 |   1.1445e-01   |    1.0196     |    0.3729
    6     | -1381.4972121527 |   4.1895e-02   |    1.1908     |    0.5166
    7     | -1381.5117862384 |   2.4115e-03   |    1.1266     |    0.3752
    8     | -1381.5123119312 |   1.0105e-03   |    1.0931     |    0.2136
    9     | -1381.5125788970 |   1.7410e-04   |    0.9038     |    0.1627
   10     | -1381.5126286472 |   8.1621e-06   |    1.0057     |    0.2133
   11     | -1381.5126300407 |   2.9004e-06   |    1.1732     |    0.2131
   12     | -1381.5126307793 |   3.0605e-07   |    1.1747     |    0.2131
   13     | -1381.5126308527 |   7.0242e-08   |    1.1747     |    0.2127
   14     | -1381.5126308697 |   1.2484e-08   |    0.9795     |    0.3184
   15     | -1381.5126308727 |   2.5747e-09   |    1.0222     |    0.3142
   16     | -1381.5126308683 |   1.3593e-08   |    1.2094     |    0.2731
   17     | -1381.5126308734 |   3.1789e-10   |    1.1742     |    0.2130
   18     | -1381.5126308735 |   1.5065e-10   |    1.1732     |    0.2128
   19     | -1381.5126308735 |   3.6776e-11   |    0.9810     |    0.3187
Created 573746 / 1971216 significant shell pairs
Created 442800 / 1498176 significant shell pairs
Total number of grid points: 272159 (5039 per atom)
One electron integrals and orthogonalizer took 0.081884s
Created 442800 / 1498176 significant shell pairs
3C integrals and B formation took 1.813287s
Iteration |      Energy      |  DIIS Metric   | Fock Time (s) | DIIS Time (s)
----------+------------------+----------------+---------------+--------------
    1     | -1390.2245780109 |   8.5780e+02   |    1.2686     |    0.3346
    2     | -1380.7412309297 |   2.7531e+00   |    1.2769     |    0.2426
    3     | -1380.3571078210 |   4.1600e+00   |    1.2398     |    0.2062
    4     | -1381.4532569376 |   1.7620e-01   |    1.1960     |    0.2092
    5     | -1381.4864543876 |   5.8692e-02   |    1.0805     |    0.3320
    6     | -1381.5007383180 |   5.8653e-03   |    1.1911     |    0.2126
    7     | -1381.5018630586 |   2.2567e-03   |    1.2108     |    0.2106
    8     | -1381.5024676536 |   6.2290e-04   |    1.3503     |    0.2425
    9     | -1381.5026557099 |   4.0502e-05   |    1.0546     |    0.1926
   10     | -1381.5026652574 |   8.0954e-06   |    1.0803     |    0.2836
   11     | -1381.5026671228 |   1.6703e-06   |    1.2325     |    0.2125
   12     | -1381.5026675452 |   2.4018e-07   |    1.2275     |    0.1935
   13     | -1381.5026675979 |   5.9148e-08   |    1.2275     |    0.1930
   14     | -1381.5026676116 |   7.0000e-09   |    1.0831     |    0.2841
   15     | -1381.5026676132 |   1.2883e-09   |    1.1216     |    0.2968
   16     | -1381.5026676127 |   2.4732e-09   |    1.2309     |    0.2127
   17     | -1381.5026676134 |   4.8684e-10   |    1.2277     |    0.1924
   18     | -1381.5026676136 |   4.2358e-11   |    1.2273     |    0.1930
Created 564768 / 1971216 significant shell pairs
Created 436080 / 1498176 significant shell pairs
Total number of grid points: 277588 (5140 per atom)
One electron integrals and orthogonalizer took 0.094532s
Created 436080 / 1498176 significant shell pairs
3C integrals and B formation took 1.825737s
Iteration |      Energy      |  DIIS Metric   | Fock Time (s) | DIIS Time (s)
----------+------------------+----------------+---------------+--------------
    1     | -1390.2201112891 |   8.5491e+02   |    1.2431     |    0.3554
    2     | -1380.7502055611 |   2.7673e+00   |    1.2282     |    0.2691
    3     | -1380.3798666741 |   4.1213e+00   |    1.2146     |    0.2100
    4     | -1381.4717199251 |   1.4295e-01   |    1.0667     |    0.2928
    5     | -1381.4898919277 |   7.8557e-02   |    1.0394     |    0.3143
    6     | -1381.5081400237 |   1.6433e-02   |    1.2342     |    0.2127
    7     | -1381.5130157025 |   2.5134e-03   |    1.2110     |    0.2097
    8     | -1381.5137478585 |   5.4152e-04   |    1.2272     |    0.1938
    9     | -1381.5138934286 |   5.1770e-05   |    1.0799     |    0.2842
   10     | -1381.5139061786 |   8.2993e-06   |    1.1050     |    0.3101
   11     | -1381.5139082141 |   8.3211e-07   |    1.2346     |    0.2129
   12     | -1381.5139083703 |   2.6198e-07   |    1.2113     |    0.2096
   13     | -1381.5139084368 |   3.4763e-08   |    1.1858     |    0.2131
   14     | -1381.5139084453 |   5.1446e-09   |    1.0670     |    0.2926
   15     | -1381.5139084466 |   5.7579e-10   |    1.0396     |    0.3138
   16     | -1381.5139084461 |   1.8413e-09   |    1.2327     |    0.2130
   17     | -1381.5139084467 |   2.1828e-10   |    1.2110     |    0.2099
   18     | -1381.5139084468 |   2.6852e-11   |    1.2105     |    0.2101
Created 558192 / 1971216 significant shell pairs
Created 430873 / 1498176 significant shell pairs
Total number of grid points: 272589 (5047 per atom)
One electron integrals and orthogonalizer took 0.081749s
Created 430873 / 1498176 significant shell pairs
3C integrals and B formation took 1.824284s
Iteration |      Energy      |  DIIS Metric   | Fock Time (s) | DIIS Time (s)
----------+------------------+----------------+---------------+--------------
    1     | -1390.2185772735 |   8.5470e+02   |    1.1809     |    0.3768
    2     | -1380.7496572860 |   2.7675e+00   |    1.1753     |    0.2407
    3     | -1380.3780608088 |   4.1272e+00   |    1.2202     |    0.2127
    4     | -1381.4714386391 |   1.4380e-01   |    1.0675     |    0.2972
    5     | -1381.4912531857 |   7.4183e-02   |    1.0284     |    0.3141
    6     | -1381.5083769682 |   1.4367e-02   |    1.2090     |    0.2734
    7     | -1381.5123697343 |   2.8398e-03   |    1.1769     |    0.2130
    8     | -1381.5132166191 |   6.2308e-04   |    1.1770     |    0.2133
    9     | -1381.5133931724 |   6.0622e-05   |    1.0666     |    0.2928
   10     | -1381.5134080583 |   1.0821e-05   |    1.0271     |    0.3142
   11     | -1381.5134106858 |   1.4531e-06   |    1.2093     |    0.2727
   12     | -1381.5134110308 |   2.2890e-07   |    1.1783     |    0.2130
   13     | -1381.5134110832 |   4.8679e-08   |    1.1779     |    0.2129
   14     | -1381.5134110956 |   5.9718e-09   |    1.0671     |    0.2927
   15     | -1381.5134110972 |   8.6681e-10   |    1.0276     |    0.3138
   16     | -1381.5134110966 |   2.5103e-09   |    1.2098     |    0.2730
   17     | -1381.5134110973 |   3.2471e-10   |    1.1773     |    0.2131
   18     | -1381.5134110975 |   3.5712e-11   |    1.1788     |    0.2128
Created 570294 / 1971216 significant shell pairs
Created 440344 / 1498176 significant shell pairs
Total number of grid points: 275839 (5108 per atom)
One electron integrals and orthogonalizer took 0.095317s
Created 440344 / 1498176 significant shell pairs
3C integrals and B formation took 1.819777s
Iteration |      Energy      |  DIIS Metric   | Fock Time (s) | DIIS Time (s)
----------+------------------+----------------+---------------+--------------
    1     | -1390.2270637572 |   8.5605e+02   |    1.1200     |    0.2663
    2     | -1380.7476811506 |   2.7809e+00   |    1.2236     |    0.2661
    3     | -1380.3714421672 |   4.1903e+00   |    1.2967     |    0.2875
    4     | -1381.4769197044 |   1.2505e-01   |    1.0736     |    0.2972
    5     | -1381.4954693876 |   5.9782e-02   |    1.1239     |    0.2972
    6     | -1381.5096734543 |   7.5803e-03   |    1.2290     |    0.2127
    7     | -1381.5113698589 |   2.2405e-03   |    1.1833     |    0.2127
    8     | -1381.5119882140 |   4.9584e-04   |    1.1839     |    0.2129
    9     | -1381.5121467058 |   3.5073e-05   |    1.0671     |    0.2933
   10     | -1381.5121557357 |   8.7779e-06   |    1.0393     |    0.3137
   11     | -1381.5121581519 |   7.1242e-07   |    1.2275     |    0.2542
   12     | -1381.5121582706 |   2.9840e-07   |    1.1843     |    0.2127
   13     | -1381.5121583454 |   4.8553e-08   |    1.1840     |    0.2128
   14     | -1381.5121583585 |   7.5972e-09   |    1.0675     |    0.2971
   15     | -1381.5121583606 |   6.1905e-10   |    1.0369     |    0.3137
   16     | -1381.5121583602 |   1.6031e-09   |    1.2285     |    0.2128
   17     | -1381.5121583606 |   3.5=======================================================
                  PBE Energy Results                   
Created 556963 / 1971216 significant shell pairs
Created 429627 / 1498176 significant shell pairs
Total number of grid points: 267659 (4956 per atom)
One electron integrals and orthogonalizer took 0.082070s
Created 429627 / 1498176 significant shell pairs
3C integrals and B formation took 1.821754s
Iteration |      Energy      |  DIIS Metric   | Fock Time (s) | DIIS Time (s)
----------+------------------+----------------+---------------+--------------
    1     | -1390.2179601920 |   8.5451e+02   |    1.1889     |    0.3770
    2     | -1380.7490376720 |   2.7683e+00   |    1.1740     |    0.2397
    3     | -1380.3799829186 |   4.1252e+00   |    1.2168     |    0.2577
    4     | -1381.4754513965 |   1.3224e-01   |    1.0654     |    0.2936
    5     | -1381.4976612059 |   5.5239e-02   |    1.0254     |    0.3136
    6     | -1381.5104121871 |   7.1850e-03   |    1.2101     |    0.2729
    7     | -1381.5118602202 |   2.4500e-03   |    1.1751     |    0.2129
    8     | -1381.5124337266 |   7.8665e-04   |    1.1743     |    0.2130
    9     | -1381.5127004112 |   7.1455e-05   |    1.0659     |    0.2978
   10     | -1381.5127218895 |=======================================================
                  PBE Energy Results                   
=======================================================
E PBE                 : -1381.5127244
Nuclear Repulsion Energy: 3381.55196516
Electronic Energy:        -4562.07518275
XC Energy:                -200.989507
Converged:                1
# of SCF iterations:      18
SCF Time:                 28.167s

=======================================================
            Individual Calculation Summary             
=======================================================
HF Energy: -1381.5127243954011647
=================Created 556496 / 1971216 significant shell pairs
Created 429509 / 1498176 significant shell pairs
Total number of grid points: 277427 (5137 per atom)
One electron integrals and orthogonalizer took 0.093938s
Created 429509 / 1498176 significant shell pairs
3C integrals and B formation took 1.826452s
Iteration |      Energy      |  DIIS Metric   | Fock Time (s) | DIIS Time (s)
----------+------------------+----------------+---------------+--------------
    1     | -1390.2132787291 |   8.5387e+02   |    1.1873     |    0.3768
    2     | -1380.7457819686 |   2.7636e+00   |    1.2257     |    0.2715
    3     | -1380.38055=======================================================
                  PBE Energy Results                   
=======================================================
E PBE                 : -1381.50830721
Nuclear Repulsion Energy: 3382.37306185
Electronic Energy:        -4562.89370965
XC Energy:                -200.987659
Converged:                1
# of SCF iterations:      18
SCF Time:                 28.186s

=======================================================
            Individual Calculation Summary             
=======================================================
HF Energy: -1381.5083072083918978
=======================================================


Topology 9 time: 28.367987 s, performance: SP: 0 FLOP/s, DP: 304.7 GFLOP/s
JSON file written to: json_logs/lustre_orion_chm213_scratch_ryan_dhdft_inputs_exess_exess_inputs_PBE_def2-TZVP_isomers_980-999_topology_9.json
************************************************************
**************** Running topology 11 of 20 *****************
************************************************************

************************************************************
***************** BeCreated 593398 / 1971216 significant shell pairs
Created 458288 / 1498176 significant shell pairs
Total=======================================================
                  PBE Energy Results                   
=======================================================
E PBE                 : -1381.50331624
Nuclear Repulsion Energy: 3486.66532753
Electronic Energy:        -4667.17351853
XC Energy:                -200.995125
Converged:                1
# of SCF iterations:      18
SCF Time:                 28.458s

=======================================================
            Individual Calculation Summary             
=======================================================
HF Energy: -1381.5033162363477004
=======================================================


Topology 10 time: 28.648151 s, performance: SP: 0 FLOP/s, DP: 319.9 GFLOP/s
JSON file written to: json_logs/lustre_orion_chm213_scratch_ryan_dhdft_inputs_exess_exess_inputs_PBE_def2-TZVP_isomers_980-999_topology_10.json
************************************************************
**************** Running topology 12 of 20 *****************
************************************************************

************************************************************
***************** Beginning RI-PBE energy ******************
************************************************************

=======================================================
                  PBE Energy Results                   
=======================================================
E PBE                 : -1381.51729238
Nuclear Repulsion Energy: 3436.95680227
Electronic Energy:        -4617.47635419
XC Energy:                -200.997740
Converged:                1
# of SCF iterations:      18
SCF Time:                 28.411s

=======================================================
            Individual Calculation Summary             
=======================================================
HF Energy: -1381.5172923806087510
=======================================================


Topology 11 time: 28.598257 s, performance: SP: 0 FLOP/s, DP: 311.9 GFLOP/s
JSON file written to: json_logs/lustre_orion_chm213_scratch_ryan_dhdft_inputs_exess_exess_inputs_PBE_def2-TZVP_isomers_980-999_topology_11.json
************************************************************
**************** Running topology 13 of 20 *****************
************************************************************

************************************************************
***************** Beginning RI-PBE energy ******************
************************************************************

=======================================================
                  PBE Energy Results                   
=======================================================
E PBE                 : -1381.52524922
Nuclear Repulsion Energy: 3383.82898942
Electronic Energy:        -4564.36123499
XC Energy:                -200.993004
Converged:                1
# of SCF iterations:      18
SCF Time:                 28.245s

=======================================================
            Individual Calculation Summary             
=======================================================
HF Energy: -1381.5252492164847808
=======================================================


Topology 12 time: 28.430618 s, performance: SP: 0 FLOP/s, DP: 305 GFLOP/s
JSON file written to: json_logs/lustre_orion_chm213_scratch_ryan_dhdft_inputs_exess_exess_inputs_PBE_def2-TZVP_isomers_980-999_topology_12.json
************************************************************
**************** Running topology 14 of 20 *****************
************************************************************

************************************************************
***************** Beginning RI-PBE energy ******************
************************************************************

=======================================================
                  PBE Energy Results                   
=======================================================
E PBE                 : -1381.51682623
Nuclear Repulsion Energy: 3413.87375792
Electronic Energy:        -4594.39904825
XC Energy:                -200.991536
Converged:                1
# of SCF iterations:      18
SCF Time:                 28.275s

=======================================================
            Individual Calculation Summary             
=======================================================
HF Energy: -1381.5168262307677196
=======================================================


Topology 13 time: 28.465032 s, performance: SP: 0 FLOP/s, DP: 309.3 GFLOP/s
JSON file written to: json_logs/lustre_orion_chm213_scratch_ryan_dhdft_inputs_exess_exess_inputs_PBE_def2-TZVP_isomers_980-999_topology_13.json
************************************************************
**************** Running topology 15 of 20 *****************
************************************************************

************************************************************
***************** Beginning RI-PBE energy ******************
************************************************************

=======================================================
                  PBE Energy Results                   
=======================================================
E PBE                 : -1381.52527442
Nuclear Repulsion Energy: 3366.99808324
Electronic Energy:        -4547.53410778
XC Energy:                -200.989250
Converged:                1
# of SCF iterations:      15
SCF Time:                 23.952s

=======================================================
            Individual Calculation Summary             
=======================================================
HF Energy: -1381.5252744182380411
=======================================================


Topology 14 time: 24.139135 s, performance: SP: 0 FLOP/s, DP: 349.7 GFLOP/s
JSON file written to: json_logs/lustre_orion_chm213_scratch_ryan_dhdft_inputs_exess_exess_inputs_PBE_def2-TZVP_isomers_980-999_topology_14.json
************************************************************
**************** Running topology 16 of 20 *****************
************************************************************

************************************************************
***************** Beginning RI-PBE energy ******************
************************************************************

=======================================================
                  PBE Energy Results                   
=======================================================
E PBE                 : -1381.5172947
Nuclear Repulsion Energy: 3354.62920873
Electronic Energy:        -4535.16066723
XC Energy:                -200.985836
Converged:                1
# of SCF iterations:      18
SCF Time:                 28.209s

=======================================================
            Individual Calculation Summary             
=======================================================
HF Energy: -1381.5172946993568530
=======================================================


Topology 15 time: 28.393514 s, performance: SP: 0 FLOP/s, DP: 300.5 GFLOP/s
JSON file written to: json_logs/lustre_orion_chm213_scratch_ryan_dhdft_inputs_exess_exess_inputs_PBE_def2-TZVP_isomers_980-999_topology_15.json
************************************************************
**************** Running topology 17 of 20 *****************
************************************************************

************************************************************
***************** Beginning RI-PBE energy ******************
************************************************************

=======================================================
                  PBE Energy Results                   
=======================================================
E PBE                 : -1381.52169256
Nuclear Repulsion Energy: 3296.48257412
Electronic Energy:        -4477.02387105
XC Energy:                -200.980396
Converged:                1
# of SCF iterations:      19
SCF Time:                 27.517s

=======================================================
            Individual Calculation Summary             
=======================================================
HF Energy: -1381.5216925606935092
=======================================================


Topology 16 time: 27.698636 s, performance: SP: 0 FLOP/s, DP: 301 GFLOP/s
JSON file written to: json_logs/lustre_orion_chm213_scratch_ryan_dhdft_inputs_exess_exess_inputs_PBE_def2-TZVP_isomers_980-999_topology_16.json
************************************************************
**************** Running topology 18 of 20 *****************
************************************************************

************************************************************
***************** Beginning RI-PBE energy ******************
************************************************************

=======================================================
                  PBE Energy Results                   
=======================================================
E PBE                 : -1381.52719041
Nuclear Repulsion Energy: 3310.79570453
Electronic Energy:        -4491.33574349
XC Energy:                -200.987151
Converged:                1
# of SCF iterations:      18
SCF Time:                 26.725s

=======================================================
            Individual Calculation Summary             
=======================================================
HF Energy: -1381.5271904128617280
=======================================================


Topology 17 time: 26.909535 s, performance: SP: 0 FLOP/s, DP: 310.2 GFLOP/s
JSON file written to: json_logs/lustre_orion_chm213_scratch_ryan_dhdft_inputs_exess_exess_inputs_PBE_def2-TZVP_isomers_980-999_topology_17.json
************************************************************
**************** Running topology 19 of 20 *****************
************************************************************

************************************************************
***************** Beginning RI-PBE energy ******************
************************************************************

=======================================================
                  PBE Energy Results                   
=======================================================
E PBE                 : -1381.51562906
Nuclear Repulsion Energy: 3405.93375465
Electronic Energy:        -4586.45791034
XC Energy:                -200.991473
Converged:                1
# of SCF iterations:      18
SCF Time:                 28.298s

=======================================================
            Individual Calculation Summary             
=======================================================
HF Energy: -1381.5156290598058604
=======================================================


Topology 18 time: 28.496588 s, performance: SP: 0 FLOP/s, DP: 307.5 GFLOP/s
JSON file written to: json_logs/lustre_orion_chm213_scratch_ryan_dhdft_inputs_exess_exess_inputs_PBE_def2-TZVP_isomers_980-999_topology_18.json
************************************************************
**************** Running topology 20 of 20 *****************
************************************************************

************************************************************
***************** Beginning RI-PBE energy ******************
************************************************************

=======================================================
                  PBE Energy Results                   
=======================================================
E PBE                 : -1381.51541044
Nuclear Repulsion Energy: 3391.10457705
Electronic Energy:        -4571.62895753
XC Energy:                -200.991030
Converged:                1
# of SCF iterations:      18
SCF Time:                 28.288s

=======================================================
            Individual Calculation Summary             
=======================================================
HF Energy: -1381.5154104432292570
=======================================================


Topology 19 time: 28.486380 s, performance: SP: 0 FLOP/s, DP: 304.9 GFLOP/s
JSON file written to: json_logs/lustre_orion_chm213_scratch_ryan_dhdft_inputs_exess_exess_inputs_PBE_def2-TZVP_isomers_980-999_topology_19.json
Total flops: SP: 0 FLOPS, DP: 172.45534 TFLOPS
Performance: SP: 0 FLOP/s, DP: 305 GFLOP/s

Now, a word from our sponsors... 
 Jorge, it's time to cook... (Either Walter White or G-man, I forget...)

[31mTotal processing time 565.718381 seconds[0m
[CRAYBLAS_WARNING] Application linked against multiple cray-libsci libraries
Fock Time (s) | DIIS Time (s)
----------+------------------+----------------+---------------+--------------
    1     | -1390.2173596843 |   8.5188e+02   |    1.0668     |    0.3101
    2     | -1380.7615421762 |   2.7795e+00   |    1.1100     |    0.1630
    3     | -1380.3912016877 |   4.1323e+00   |    1.1358     |    0.2476
    4     | -1381.4856536581 |   1.4646e-01   |    1.0507     |    0.2328
    5     | -1381.5115521633 |   5.7130e-02   |    0.9997     |    0.2904
    6     | -1381.5256566784 |   5.0763e-03   |    1.2368     |    0.1919
    7     | -1381.5267412526 |   1.4493e-03   |    1.2288     |    0.2073
    8     | -1381.5270443735 |   4.4775e-04   |    1.2284     |    0.3005
    9     | -1381.5271491514 |   1.0520e-04   |    0.9983     |    0.2444
   10     | -1381.5271860579 |   1.2769e-05   |    1.0051     |    0.2688
   11     | -1381.5271899808 |   1.5320e-06   |    1.1071     |    0.3138
   12     | -1381.5271903408 |   2.5796e-07   |    1.1074     |    0.3135
   13     | -1381.5271903965 |   5.9570e-08   |    1.1070     |    0.3135
   14     | -1381.5271904116 |   4.4708e-09   |    0.9028     |    0.2439
   15     | -1381.5271904126 |   1.0259e-09   |    1.0039     |    0.2129
   16     | -1381.5271904124 |   1.5115e-09   |    1.1489     |    0.2729
   17     | -1381.5271904128 |   2.1307e-10   |    1.1629     |    0.2593
   18     | -1381.5271904129 |   6.5970e-11   |    1.1599     |    0.2606
Created 564646 / 1971216 significant shell pairs
Created 436103 / 1498176 significant shell pairs
Total number of grid points: 265083 (4908 per atom)
One electron integrals and orthogonalizer took 0.122942s
Created 436103 / 1498176 significant shell pairs
3C integrals and B formation took 1.836915s
Iteration |      Energy      |  DIIS Metric   | Fock Time (s) | DIIS Time (s)
----------+------------------+----------------+---------------+--------------
    1     | -1390.2241979872 |   8.5536e+02   |    1.1904     |    0.3768
    2     | -1380.7514687021 |   2.7716e+00   |    1.1762     |    0.2409
    3     | -1380.3722590007 |   4.1805e+00   |    1.2186     |    0.2545
    4     | -1381.4772883846 |   1.3781e-01   |    1.1815     |    0.2132
    5     | -1381.5005693994 |   5.4633e-02   |    1.0666     |    0.2924
    6     | -1381.5142003451 |   4.7232e-03   |    1.2101     |    0.2728
    7     | -1381.5152625627 |   1.1844e-03   |    1.1783     |    0.2128
    8     | -1381.5155055673 |   4.0849e-04   |    1.1772     |    0.2132
    9     | -1381.5156092856 |   5.6025e-05   |    1.0670     |    0.2967
   10     | -1381.5156236730 |   1.5883e-05   |    1.0255     |    0.3141
   11     | -1381.5156286879 |   1.2588e-06   |    1.2096     |    0.2728
   12     | -1381.5156289783 |   2.6443e-07   |    1.1815     |    0.2128
   13     | -1381.5156290391 |   6.7424e-08   |    1.1775     |    0.2128
   14     | -1381.5156290577 |   7.2965e-09   |    1.0664     |    0.2928
   15     | -1381.5156290596 |   8.7817e-10   |    1.0250     |    0.3140
   16     | -1381.5156290594 |   1.5201e-09   |    1.2097     |    0.2729
   17     | -1381.5156290598 |   2.0448e-10   |    1.1779     |    0.2129
   18     | -1381.5156290598 |   5.2782e-11   |    1.1774     |    0.2126
Created 559689 / 1971216 significant shell pairs
Created 431848 / 1498176 significant shell pairs
Total number of grid points: 270776 (5014 per atom)
One electron integrals and orthogonalizer took 0.123484s
Created 431848 / 1498176 significant shell pairs
3C integrals and B formation took 1.824554s
Iteration |      Energy      |  DIIS Metric   | Fock Time (s) | DIIS Time (s)
----------+------------------+----------------+---------------+--------------
    1     | -1390.2218457018 |   8.5491e+02   |    1.0983     |    0.3122
    2     | -1380.7511995139 |   2.7729e+00   |    1.1995     |    0.2903
    3     | -1380.3818690541 |   4.1468e+00   |    1.2886     |    0.2891
    4     | -1381.4822872136 |   1.1852e-01   |    1.0540     |    0.3110
    5     | -1381.5013093210 |   5.0960e-02   |    1.0288     |    0.3140
    6     | -1381.5137337430 |   5.3674e-03   |    1.2094     |    0.2732
    7     | -1381.5150435484 |   1.1930e-03   |    1.1799     |    0.2130
    8     | -1381.5153167622 |   3.0778e-04   |    1.1812     |    0.2131
    9     | -1381.5153964914 |   3.9393e-05   |    1.0671     |    0.2925
   10     | -1381.5154037275 |   1.8574e-05   |    1.0295     |    0.3141
   11     | -1381.5154099862 |   1.5154e-06   |    1.2096     |    0.2726
   12     | -1381.5154103728 |   2.4330e-07   |    1.1784     |    0.2129
   13     | -1381.5154104235 |   6.4382e-08   |    1.1810     |    0.2128
   14     | -1381.5154104410 |   7.8712e-09   |    1.0672     |    0.2924
   15     | -1381.5154104430 |   8.0423e-10   |    1.0287     |    0.3188
   16     | -1381.5154104428 |   1.3774e-09   |    1.2211     |    0.2572
   17     | -1381.5154104432 |   1.7633e-10   |    1.1819     |    0.2128
   18     | -1381.5154104432 |   4.6117e-11   |    1.1810     |    0.2129
Please cite the following papers for the methods used in this calculation:
 - J.L. Galvez Vallejo et. al., Toward an extreme-scale electronic structure system, J. Chem. Phys., 2023. DOI: 10.1063/5.0156399

 - R. Stocks, E. Palethorpe, and G.M.J. Barca, Multi-GPU RI-HF Energies and Analytic Gradients ─ Toward High-Throughput Ab Initio Molecular Dynamics, J. Chem. Theory Comput., 2024. DOI: 10.1021/acs.jctc.4c00877
   For:
     * RI-HF energy

 - D.B. Williams-Young, W.A. de Jong, H.J.J. van Dam, and C. Yang, On the Efficient Evaluation of the Exchange Correlation Potential on Graphics Processing Unit Clusters, Frontiers in Chemistry, 2020. DOI: 10.3389/fchem.2020.581058
   For:
     * GauXC implementation of exchange-correlation integration

 - R. Stocks and G.M.J. Barca, Efficient Algorithms for GPU Accelerated Evaluation of the DFT Exchange-Correlation Functional, J. Chem. Theory Comput., 2025. DOI: 10.1021/acs.jctc.5c01229
   For:
     * GPU accelerated DFT exchange-correlation evaluation

[CRAYBLAS_WARNING] Application linked against multiple cray-libsci libraries
