Total number of grid points: 347205 (5105 per atom)
Total number of grid points: 345500 (5080 per atom)
Total number of grid points: 342810 (5041 per atom)
Total number of grid points: 341042 (5015 per atom)
Total number of grid points: 349033 (5132 per atom)
Total number of grid points: 350986 (5161 per atom)
Total number of grid points: 345423 (5079 per atom)
Total number of grid points: 338588 (4979 per atom)
Total number of grid points: 349104 (5133 per atom)
Total number of grid points: 344118 (5060 per atom)
Total number of grid points: 341279 (5018 per atom)
Total number of grid points: 344255 (5062 per atom)
Total number of grid points: 343219 (5047 per atom)
Total number of grid points: 345726 (5084 per atom)
Total number of grid points: 338648 (4980 per atom)
Total number of grid points: 340998 (5014 per atom)
Total number of grid points: 347993 (5117 per atom)
Total number of grid points: 344515 (5066 per atom)
Total number of grid points: 346949 (5102 per atom)
Total number of grid points: 341567 (5023 per atom)
[CRAYBLAS_WARNING] Application linked against multiple cray-libsci libraries
5462
   10     | -1689.6466877975 |   1.7254e-05   |    1.6207     |    0.3844
   11     | -1689.6466913078 |   4.5904e-06   |    1.7161     |    0.8729
   12     | -1689.6466925033 |   2.7319e-07   |    1.7042     |    0.6665
   13     | -1689.6466925238 |   2.0082e-07   |    1.5560     |    0.4645
   14     | -1689.6466925746 |   2.0152e-08   |    1.5758     |    0.3424
   15     | -1689.6466925742 |   2.1415e-08   |    1.3871     |    0.3603
   16     | -1689.6466925798 |   1.8065e-09   |    1.8202     |    0.4041
   17     | -1689.6466925802 |   3.4889e-10   |    1.7168     |    0.3427
   18     | -1689.6466925803 |   1.9941e-10   |    1.7586     |    0.3925
   19     | -1689.6466925803 |   3.6611e-11   |    1.3871     |    0.3608
Created 846298 / 2985984 significant shell pairs
Created 655546 / 2274064 significant shell pairs
Total number of grid points: 343375 (5049 per atom)
One electron integrals and orthogonalizer took 0.139079s
Created 655546 / 2274064 significant shell pairs
3C integrals and B formation took 2.852479s
Iteration |      Energy      |  DIIS Metric   | Fock Time (s) | DIIS Time (s)
----------+------------------+----------------+---------------+--------------
    1     | -1700.1554898866 |   1.0580e+03   |    1.7441     |    0.5799
    2     | -1688.6544662487 |   3.6497e+00   |    1.7649     |    0.5552
    3     | -1687.8232802693 |   6.8147e+00   |    1.7094     |    0.6275
    4     | -1689.4200269566 |   8.1020e-01   |    1.5881     |    0.5457
    5     | -1689.5891754627 |   2.1399e-01   |    1.6717     |    0.6423
    6     | -1689.6403389320 |   2.3228e-02   |    1.7191     |    0.5946
    7     | -1689.6453995295 |   4.5231e-03   |    1.7180     |    0.5546
    8     | -1689.6461986745 |   1.8512e-03   |    1.6703     |    0.3612
    9     | -1689.6467041112 |   1.0372e-04   |    1.5771     |    0.3920
   10     | -1689.6467277283 |   1.6476e-05   |    1.6711     |    0.3966
   11     | -1689.6467308998 |   4.6527e-06   |    1.6561     |    0.4238
   12     | -1689.6467321106 |   2.4313e-07   |    1.7981     |    0.3521
   13     | -1689.6467321355 |   1.5652e-07   |    1.7106     |    0.3433
   14     | -1689.6467321760 |   1.4773e-08   |    1.5279     |    0.3430
   15     | -1689.6467321746 |   1.9749e-08   |    1.6359     |    0.3922
   16     | -1689.6467321800 |   8.4449e-10   |    1.7937     |    0.5929
   17     | -1689.6467321801 |   4.2518e-10   |    1.8045     |    0.3922
   18     | -1689.6467321802 |   9.9958e-11   |    1.7192     |    0.3924
Created 692119 / 2985984 significant shell pairs
Created 535825 / 2274064 significant shell pairs
Total number of grid points: 342949 (5043 per atom)
One electron integrals and orthogonalizer took 0.094255s
Created 535825 / 2274064 significant shell pairs
3C integrals and B formation took 2.735286s
Iteration |      Energy      |  DIIS Metric   | Fock Time (s) | DIIS Time (s)
----------+------------------+----------------+---------------+--------------
    1     | -1700.0948090169 |   1.0373e+03   |    1.5311     |    0.3839
    2     | -1688.6819822525 |   3.5525e+00   |    1.5414     |    0.3905
    3     | -1688.1777850992 |   5.4258e+00   |    1.4494     |    0.3842
    4     | -1689.6069728286 |   1.7238e-01   |    1.3664     |    0.3809
    5     | -1689.6285504952 |   1.0207e-01   |    1.3424     |    0.4001
    6     | -1689.6556313556 |   6.4854e-03   |    1.4341     |    0.4758
    7     | -1689.6569964779 |   1.2817e-03   |    1.4321     |    0.4742
    8     | -1689.6572483392 |   3.9544e-04   |    1.4379     |    0.3904
    9     | -1689.6573545757 |   2.0027e-05   |    1.2846     |    0.3428
   10     | -1689.6573581447 |   7.4214e-06   |    1.2713     |    0.3922
   11     | -1689.6573601208 |   6.3595e-07   |    1.5549     |    0.3520
   12     | -1689.6573602462 |   2.2446e-07   |    1.5423     |    0.3865
   13     | -1689.6573603074 |   1.8014e-08   |    1.4312     |    0.4744
   14     | -1689.6573603101 |   8.4822e-09   |    1.3662     |    0.3808
   15     | -1689.6573603125 |   4.7419e-10   |    1.3430     |    0.3177
   16     | -1689.6573603124 |   6.6407e-10   |    1.5158     |    0.4754
   17     | -1689.6573603126 |   8.5781e-11   |    1.4329     |    0.4746
Created 668757 / 2985984 significant shell pairs
Created 517729 / 2274064 significant shell pairs
Total number of grid points: 339526 (4993 per atom)
One electron integrals and orthogonalizer took 0.245360s
Created 517729 / 2274064 significant shell pairs
3C integrals and B formation took 2.653308s
Iteration |      Energy      |  DIIS Metric   | Fock Time (s) | DIIS Time (s)
----------+------------------+----------------+---------------+--------------
    1     | -1700.0835683758 |   1.0329e+03   |    1.4283     |    0.5949
    2     | -1688.6879776298 |   3.5428e+00   |    1.3459     |    0.5063
    3     | -1688.1940186421 |   5.3821e+00   |    1.4609     |    0.5458
    4     | -1689.6199708726 |   1.5095e-01   |    1.2650     |    0.6276
    5     | -1689.6455653468 |   6.1369e-02   |    1.2648     |    0.5051
    6     | -1689.6609456946 |   4.5409e-03   |    1.4702     |    0.8361
    7     | -1689.6618920922 |   1.0912e-03   |    1.3841     |    0.5453
    8     | -1689.6621357465 |   2.9421e-04   |    1.4482     |    0.4186
    9     | -1689.6622180884 |   1.9489e-05   |    1.1872     |    0.4751
   10     | -1689.6622223074 |   5.0374e-06   |    1.2708     |    0.4329
   11     | -1689.6622236186 |   2.9147e-07   |    1.3917     |    0.4742
   12     | -1689.6622236416 |   2.0584e-07   |    1.3902     |    0.3834
   13     | -1689.6622236977 |   1.6880e-08   |    1.3471     |    0.3599
   14     | -1689.6622237013 |   4.1401e-09   |    1.2952     |    0.5146
   15     | -1689.6622237023 |   3.1377e-10   |    1.2244     |    0.3426
   16     | -1689.6622237022 |   5.9742e-10   |    1.4708     |    0.5926
   17     | -1689.6622237024 |   1.0538e-10   |    1.4725     |    0.3608
   18     | -1689.6622237024 |   1.8788e-11   |    1.4965     |    0.4335
Created 668738 / 2985984 significant shell pairs
Created 517377 / 2274064 significant shell pairs
Total number of grid points: 348283 (5121 per atom)
One electron integrals and orthogonalizer took 0.095515s
Created 517377 / 2274064 significant shell pairs
3C integrals and B formation took 2.676663s
Iteration |      Energy      |  DIIS Metric   | Fock Time (s) | DIIS Time (s)
----------+------------------+----------------+---------------+--------------
    1     | -1700.0928268599 |   1.0344e+03   |    1.4750     |    0.5047
    2     | -1688.6908715489 |   3.5526e+00   |    1.4085     |    0.3790
    3     | -1688.2019581904 |   5.3859e+00   |    1.3654     |    0.3560
    4     | -1689.6283488773 |   1.3185e-01   |    1.2939     |    0.5159
    5     | -1689.6495804808 |   5.9284e-02   |    1.2226     |    0.3431
    6     | -1689.6645504554 |   3.1337e-03   |    1.4700     |    0.5929
    7     | -1689.6651428055 |   9.2250e-04   |    1.4738     |    0.3617
    8     | -1689.6653612802 |   1.6708e-04   |    1.4959     |    0.4332
    9     | -1689.6654045764 |   2.0220e-05   |    1.1478     |    0.5148
   10     | -1689.6654092900 |   5.0052e-06   |    1.2924     |    0.3452
   11     | -1689.6654106901 |   1.9466e-07   |    1.5086     |    0.4250
   12     | -1689.6654106969 |   1.6580e-07   |    1.3879     |    0.4656
   13     | -1689.6654107412 |   1.2069e-08   |    1.4651     |    0.3606
   14     | -1689.6654107435 |   4.5591e-09   |    1.2942     |    0.5150
   15     | -1689.6654107447 |   2.0248e-10   |    1.2247     |    0.3430
   16     | -1689.6654107446 |   3.9598e-10   |    1.4715     |    0.5920
   17     | -1689.6654107447 |   6.4104e-11   |    1.4715     |    0.3602
Created 717952 / 2985984 significant shell pairs
Created 556291 / 2274064 significant shell pairs
Total number of grid points: 349375 (5137 per atom)
One electron integrals and orthogonalizer took 0.095305s
Created 556291 / 2274064 significant shell pairs
3C integrals and B formation took 2.773736s
Iteration |      Energy      |  DIIS Metric   | Fock Time (s) | DIIS Time (s)
----------+------------------+----------------+---------------+--------------
    1     | -1700.1035061200 |   1.0396e+03   |    1.4480     |    0.6700
    2     | -1688.6796258080 |   3.5637e+00   |    1.4686     |    0.4247
    3     | -1688.1535696490 |   5.5527e+00   |    1.5700     |    0.4194
    4     | -1689.6065480694 |   1.7542e-01   |    1.3071     |    0.3981
    5     | -1689.6302049463 |   9.4154e-02   |    1.4321     |    0.5147
    6     | -1689.6544015504 |   6.3482e-03   |    1.5088     |    0.3836
    7     | -1689.6557305728 |   1.4028e-03   |    1.3882     |    0.3614
    8     | -1689.6560369246 |   3.4463e-04   |    1.6173     |    0.3521
    9     | -1689.6561250538 |   2.7726e-05   |    1.3743     |    0.3428
   10     | -1689.6561301864 |   9.0322e-06   |    1.3754     |    0.3834
   11     | -1689.6561324889 |   9.0581e-07   |    1.3887     |    0.3597
   12     | -1689.6561326887 |   2.3414e-07   |    1.6189     |    0.3522
   13     | -1689.6561327491 |   2.2398e-08   |    1.5459     |    0.3853
   14     | -1689.6561327534 |   6.6202e-09   |    1.3522     |    0.3925
   15     | -1689.6561327552 |   5.3908e-10   |    1.3014     |    0.3430
   16     | -1689.6561327552 |   7.3326e-10   |    1.5866     |    0.3194
   17     | -1689.6561327553 |   7.1355e-11   |    1.5464     |    0.3854
Created 726217 / 2985984 significant shell pairs
Created 562905 / 2274064 significant shell pairs
Total number of grid points: 347898 (5116 per atom)
One electron integrals and orthogonalizer took 0.054179s
Created 562905 / 2274064 significant shell pairs
3C integrals and B formation took 2.921809s
Iteration |      Energy      |  DIIS Metric   | Fock Time (s) | DIIS Time (s)
----------+------------------+----------------+---------------+--------------
    1     | -1700.0980363760 |   1.0413e+03   |    1.4792     |    0.4718
    2     | -1688.6608491210 |   3.5482e+00   |    1.5330     |    0.4247
    3     | -1688.1283825060 |   5.5672e+00   |    1.5154     |    0.5141
    4     | -1689.5765405287 |   2.0466e-01   |    1.4672     |    0.3429
    5     | -1689.6050900189 |   1.0236e-01   |    1.3383     |    0.4247
    6     | -1689.6315448317 |   8.2901e-03   |    1.7108     |    0.5049
    7     | -1689.6334562934 |   1.3530e-03   |    1.5049     |    0.4242
    8     | -1689.6337386189 |   3.8222e-04   |    1.5959     |    0.4333
    9     | -1689.6338364036 |   2.6127e-05   |    1.3262     |    0.4193
   10     | -1689.6338411677 |   8.8844e-06   |    1.3074     |    0.4780
   11     | -1689.6338433731 |   1.0498e-06   |    1.5095     |    0.3603
   12     | -1689.6338436147 |   2.3688e-07   |    1.6183     |    0.3520
   13     | -1689.6338436727 |   3.7902e-08   |    1.5461     |    0.3856
   14     | -1689.6338436808 |   8.2913e-09   |    1.3538     |    0.3896
   15     | -1689.6338436830 |   6.7368e-10   |    1.3046     |    0.3431
   16     | -1689.6338436829 |   1.0081e-09   |    1.5870     |    0.3193
   17     | -1689.6338436832 |   7.8445e-11   |    1.5474     |    0.3859
Created 687447 / 2985984 significant shell pairs
Created 532790 / 2274064 significant shell pairs
Total number of grid points: 337229 (4959 per atom)
One electron integrals and orthogonalizer took 0.135394s
Created 532790 / 2274064 significant shell pairs
3C integrals and B formation took 2.835107s
Iteration |      Energy      |  DIIS Metric   | Fock Time (s) | DIIS Time (s)
----------+------------------+----------------+---------------+--------------
    1     | -1700.0845445020 |   1.0347e+03   |    1.4699     |    0.4329
    2     | -1688.6771593214 |   3.5373e+00   |    1.4346     |    0.4329
    3     | -1688.1851345235 |   5.3907e+00   |    1.4040     |    0.3428
    4     | -1689.6115258653 |   1.3656e-01   |    1.3446     |    0.3998
    5     | -1689.6351011857 |   5.2461e-02   |    1.3531     |    0.4742
    6     | -1689.6477262315 |   4.3770e-03   |    1.4468     |    0.3435
    7     | -1689.6486169006 |   1.1495e-03   |    1.4744     |    0.3520
    8     | -1689.6488827004 |   2.3405e-04   |    1.4337     |    0.3933
    9     | -1689.6489408190 |   1.9952e-05   |    1.3525     |    0.4747
   10     | -1689.6489445992 |   6.7573e-06   |    1.3064     |    0.3883
   11     | -1689.6489464208 |   4.4550e-07   |    1.4302     |    0.4748
   12     | -1689.6489464817 |   2.2912e-07   |    1.4350     |    0.3935
   13     | -1689.6489465433 |   2.0310e-08   |    1.4739     |    0.3521
   14     | -1689.6489465478 |   4.7465e-09   |    1.3905     |    0.3619
   15     | -1689.6489465490 |   4.2023e-10   |    1.3296     |    0.3247
   16     | -1689.6489465490 |   5.9224e-10   |    1.5152     |    0.4759
   17     | -1689.6489465491 |   1.2067e-10   |    1.4318     |    0.4745
   18     | -1689.6489465491 |   1.5502e-11   |    1.4342     |    0.3934
Created 703356 / 2985984 significant shell pairs
Created 545037 / 2274064 significant shell pairs
Total number of grid points: 342068 (5030 per atom)
One electron integrals and orthogonalizer took 0.054326s
Created 545037 / 2274064 significant shell pairs
3C integrals and B formation took 2.919040s
Iteration |      Energy      |  DIIS Metric   | Fock Time (s) | DIIS Time (s)
----------+------------------+----------------+---------------+--------------
    1     | -1700.0909146880 |   1.0369e+03   |    1.4384     |    0.4647
    2     | -1688.6790587025 |   3.5518e+00   |    1.5790     |    0.4177
    3     | -1688.1709546871 |   5.4561e+00   |    1.5225     |    0.5115
    4     | -1689.6065130394 |   1.6657e-01   |    1.4569     |    0.3406
    5     | -1689.6296262485 |   8.6567e-02   |    1.3157     |    0.5074
    6     | -1689.6515159818 |   8.5228e-03   |    1.6961     |    0.5022
    7     | -1689.6534808880 |   1.4153e-03   |    1.4574     |    0.3286
    8     | -1689.6537578282 |   4.5013e-04   |    1.4180     |    0.4247
    9     | -1689.6538758923 |   3.2579e-05   |    1.3530     |    0.4330
   10     | -1689.6538833151 |   7.5858e-06   |    1.1715     |    0.4246
   11     | -1689.6538852537 |   7.3927e-07   |    1.4347     |    0.6700
   12     | -1689.6538853891 |   2.7435e-07   |    1.4402     |    0.5147
   13     | -1689.6538854662 |   3.1368e-08   |    1.4995     |    0.4245
   14     | -1689.6538854733 |   7.4556e-09   |    1.1760     |    0.4245
   15     | -1689.6538854753 |   5.1610e-10   |    1.1829     |=======================================================
                  PBE Energy Results                   
===============================================Created 713400 / 2985984 significant shell pairs
Created 553285 / 2274064 significant shell pairs
Total number of grid points: 350230 (5150 per atom)
One electron integrals and orthogonalizer took 0.136183s
Created 553285 / 2274064 significant shell pairs
3C integrals and B formation took 2.926484s
Iteration |      Energy      |  DIIS Metric   | Fock Time (s) | DIIS Time (s)
----------+------------------+----------------+---------------+--------------
    1     | -1700.1044864065 |   1.0396e+03   |    1.5903     |    0.4029
    2     | -1688.6800675666 |   3.5668e+00   |    1.4624     |    0.3899
    3     | -1688.1504871995 |   5.5661e+00   |    1.4616     |    0.3845
    4     | -1689.6064454762 |   1.7592e-01   |    1.3936     |    0.3600
    5     | -1689.6276616260 |   1.0334e-01   |    1.3419     |    0.3934
    6     | -1689.6555638785 |   7.1379e-03   |    1.4659     |    0.3852
    7     | -1689.6571399620 |   1.2947e-03   |    1.4645     |    0.3844
    8     | -1689.6574136551 |   3.1417e-04   |    1.4540     |    0.3435
    9     | -1689.6574916013 |   3.0971e-05   |    1.3757   =======================================================
                  PBE Energy Results                   
=======================================================
E PBE                 : -1689.65750041
Nuclear Repulsion Energy: 4569.78253822
Electronic Energy:        -6013.07647635
XC Energy:                -246.363562
Converged:                1
# of SCF iterations:      17
SCF Time:                 35.157s

=======================================================
            Individual Calculation Summary             
=======================================================
HF Energy: -1689.657Created 656574 / 2985984 significant shell pairs
Created 508215 / 2274064 significant shell pairs
Total number of grid points: 344823 (5070 per atom)
One electron integrals and orthogonalizer took 0.123959s
Created 508215 / 2274064 significant shell pairs
3C integrals and B formation took 2.540484s
Iteration |      Energy      |  DIIS Metric   | Fock Time (s) | DIIS Time (s)
----------+------------------+----------------+---------------+--------------
    1     | -1700.0899189619 |   1.0320e+03   |    1.4294     |    0.4748
    2     | -1688.7000482555 |   3.5643e+00   |    1.3784     |    0.3435
    3     | -1688.2036172394 |   5.4220e+00   |    1.4333 =======================================================
                  PBE Energy Results                   
=======================================================
E PBE                 : -1689.67774636
Nuclear Repulsion Energy: 4363.52478923
Electronic Energy:        -5806.84780831
XC Energy:                -246.354727
Converged:                1
# of SCF iterations:      17
SCF Time:                 33.585s

=======================================================
            Individual Calculation Summary             
=======================================================
HF Energy: -1689.6777463618311685
=======================================================


Topology 10 time: 33.809127 s, performance: SP: 0 FLOP/s, DP: 458.6 GFLOP/s
JSON file written to: json_logs/lustre_orion_chm213_scratch_ryan_dhdft_inputs_exess_exess_inputs_PBE_def2-TZVP_isomers_21540-21559_topology_10.json
************************************************************
**************** Running topology 12 of 20 *****************
****************************Created 647976 / 2985984 significant shell pairs
Created 501296 / 2274064 significant shell pairs
Total number of grid points: 343018 (5044 per atom)
One electron integrals and orthogonalizer took 0.089793s
Created 501=======================================================
                  PBE Energy Results                   
=======================================================
E PBE                 : -1689.66788143
Nuclear Repulsion Energy: 4327.2406555
Electronic Energy:        -5770.56288601
XC Energy:                -246.345651
Converged:                1
# of SCF iterations:      18
SCF Time:                 35.984s

=======================================================
            Individual Calculation Summary             
=======================================================
HF Energy: -1689.6678814258173134
=======================================================


Topology 11 time: 36.209340 s, performance: SP: 0 FLOP/s, DP: 425.3 GFLOP/s
JSON file written to: json_logs/lustre_orion_chm213_scratch_ryan_dhdft_inputs_exess_exess_inputs_PBE_def2-TZVP_isomers_21540-21559_topology_11.json
************************************************************
**************** Running topology 13 of 20 *****************
************************************************************

************************************************************
***************** Beginning RI-PBE energy ******************
************************************************************

=======================================================
                  PBE Energy Results                   
=======================================================
E PBE                 : -1689.67818867
Nuclear Repulsion Energy: 4352.28368221
Electronic Energy:        -5795.60712502
XC Energy:                -246.354746
Converged:                1
# of SCF iterations:      17
SCF Time:                 34.727s

=======================================================
            Individual Calculation Summary             
=======================================================
HF Energy: -1689.6781886685721474
=======================================================


Topology 12 time: 34.956465 s, performance: SP: 0 FLOP/s, DP: 441.4 GFLOP/s
JSON file written to: json_logs/lustre_orion_chm213_scratch_ryan_dhdft_inputs_exess_exess_inputs_PBE_def2-TZVP_isomers_21540-21559_topology_12.json
************************************************************
**************** Running topology 14 of 20 *****************
************************************************************

************************************************************
***************** Beginning RI-PBE energy ******************
************************************************************

=======================================================
                  PBE Energy Results                   
=======================================================
E PBE                 : -1689.6670737
Nuclear Repulsion Energy: 4533.1463996
Electronic Energy:        -5976.45298409
XC Energy:                -246.360489
Converged:                1
# of SCF iterations:      17
SCF Time:                 35.44s

=======================================================
            Individual Calculation Summary             
=======================================================
HF Energy: -1689.6670736986316115
=======================================================


Topology 13 time: 35.682748 s, performance: SP: 0 FLOP/s, DP: 462.7 GFLOP/s
JSON file written to: json_logs/lustre_orion_chm213_scratch_ryan_dhdft_inputs_exess_exess_inputs_PBE_def2-TZVP_isomers_21540-21559_topology_13.json
************************************************************
**************** Running topology 15 of 20 *****************
************************************************************

************************************************************
***************** Beginning RI-PBE energy ******************
************************************************************

=======================================================
                  PBE Energy Results                   
=======================================================
E PBE                 : -1689.64385146
Nuclear Repulsion Energy: 4561.40331621
Electronic Energy:        -6004.69081795
XC Energy:                -246.356350
Converged:                1
# of SCF iterations:      17
SCF Time:                 36.322s

=======================================================
            Individual Calculation Summary             
=======================================================
HF Energy: -1689.6438514565720652
=======================================================


Topology 14 time: 36.566772 s, performance: SP: 0 FLOP/s, DP: 457.3 GFLOP/s
JSON file written to: json_logs/lustre_orion_chm213_scratch_ryan_dhdft_inputs_exess_exess_inputs_PBE_def2-TZVP_isomers_21540-21559_topology_14.json
************************************************************
**************** Running topology 16 of 20 *****************
************************************************************

************************************************************
***************** Beginning RI-PBE energy ******************
************************************************************

=======================================================
                  PBE Energy Results                   
=======================================================
E PBE                 : -1689.65826286
Nuclear Repulsion Energy: 4442.35234456
Electronic Energy:        -5885.66124285
XC Energy:                -246.349365
Converged:                1
# of SCF iterations:      18
SCF Time:                 36.406s

=======================================================
            Individual Calculation Summary             
=======================================================
HF Energy: -1689.6582628593489517
=======================================================


Topology 15 time: 36.642875 s, performance: SP: 0 FLOP/s, DP: 436.5 GFLOP/s
JSON file written to: json_logs/lustre_orion_chm213_scratch_ryan_dhdft_inputs_exess_exess_inputs_PBE_def2-TZVP_isomers_21540-21559_topology_15.json
************************************************************
**************** Running topology 17 of 20 *****************
************************************************************

************************************************************
***************** Beginning RI-PBE energy ******************
************************************************************

=======================================================
                  PBE Energy Results                   
=======================================================
E PBE                 : -1689.67238613
Nuclear Repulsion Energy: 4394.57780008
Electronic Energy:        -5837.89780958
XC Energy:                -246.352377
Converged:                1
# of SCF iterations:      18
SCF Time:                 36.253s

=======================================================
            Individual Calculation Summary             
=======================================================
HF Energy: -1689.6723861319792377
=======================================================


Topology 16 time: 36.490090 s, performance: SP: 0 FLOP/s, DP: 430.8 GFLOP/s
JSON file written to: json_logs/lustre_orion_chm213_scratch_ryan_dhdft_inputs_exess_exess_inputs_PBE_def2-TZVP_isomers_21540-21559_topology_16.json
************************************************************
**************** Running topology 18 of 20 *****************
************************************************************

************************************************************
***************** Beginning RI-PBE energy ******************
************************************************************

=======================================================
                  PBE Energy Results                   
=======================================================
E PBE                 : -1689.67396564
Nuclear Repulsion Energy: 4395.4496393
Electronic Energy:        -5838.76512698
XC Energy:                -246.358478
Converged:                1
# of SCF iterations:      17
SCF Time:                 34.215s

=======================================================
            Individual Calculation Summary             
=======================================================
HF Energy: -1689.6739656412571549
=======================================================


Topology 17 time: 34.451318 s, performance: SP: 0 FLOP/s, DP: 456.1 GFLOP/s
JSON file written to: json_logs/lustre_orion_chm213_scratch_ryan_dhdft_inputs_exess_exess_inputs_PBE_def2-TZVP_isomers_21540-21559_topology_17.json
************************************************************
**************** Running topology 19 of 20 *****************
************************************************************

************************************************************
***************** Beginning RI-PBE energy ******************
************************************************************

=======================================================
                  PBE Energy Results                   
=======================================================
E PBE                 : -1689.67258618
Nuclear Repulsion Energy: 4412.4394807
Electronic Energy:        -5855.75976731
XC Energy:                -246.352300
Converged:                1
# of SCF iterations:      18
SCF Time:                 36.698s

=======================================================
            Individual Calculation Summary             
=======================================================
HF Energy: -1689.6725861766517482
=======================================================


Topology 18 time: 36.940621 s, performance: SP: 0 FLOP/s, DP: 429.4 GFLOP/s
JSON file written to: json_logs/lustre_orion_chm213_scratch_ryan_dhdft_inputs_exess_exess_inputs_PBE_def2-TZVP_isomers_21540-21559_topology_18.json
************************************************************
**************** Running topology 20 of 20 *****************
************************************************************

************************************************************
***************** Beginning RI-PBE energy ******************
************************************************************

=======================================================
                  PBE Energy Results                   
=======================================================
E PBE                 : -1689.6629877
Nuclear Repulsion Energy: 4484.47227173
Electronic Energy:        -5927.78297673
XC Energy:                -246.352283
Converged:                1
# of SCF iterations:      18
SCF Time:                 37.296s

=======================================================
            Individual Calculation Summary             
=======================================================
HF Energy: -1689.6629876999463704
=======================================================


Topology 19 time: 37.545986 s, performance: SP: 0 FLOP/s, DP: 434.8 GFLOP/s
JSON file written to: json_logs/lustre_orion_chm213_scratch_ryan_dhdft_inputs_exess_exess_inputs_PBE_def2-TZVP_isomers_21540-21559_topology_19.json
Total flops: SP: 0 FLOPS, DP: 329.60849 TFLOPS
Performance: SP: 0 FLOP/s, DP: 443.4 GFLOP/s

Now, a word from our sponsors... 
 Similar to the Necronomicon, a C++ source code file is a wicked, obscure document that’s filled 
 with cryptic incantations and forbidden knowledge. (James Mickens) 

[31mTotal processing time 743.617142 seconds[0m
[CRAYBLAS_WARNING] Application linked against multiple cray-libsci libraries
3609
   11     | -1689.6739655681 |   2.5406e-07   |    1.4967     |    0.4748
   12     | -1689.6739656059 |   1.2913e-07   |    1.5156     |    0.4761
   13     | -1689.6739656395 |   6.3862e-09   |    1.3753     |    0.3431
   14     | -1689.6739656406 |   2.4306e-09   |    1.1746     |    0.3618
   15     | -1689.6739656412 |   1.2423e-10   |    1.2501     |    0.4761
   16     | -1689.6739656412 |   2.9187e-10   |    1.4755     |    0.4407
   17     | -1689.6739656413 |   4.9669e-11   |    1.4553     |    0.3839
Created 668619 / 2985984 significant shell pairs
Created 518165 / 2274064 significant shell pairs
Total number of grid points: 343668 (5053 per atom)
One electron integrals and orthogonalizer took 0.054671s
Created 518165 / 2274064 significant shell pairs
3C integrals and B formation took 2.756295s
Iteration |      Energy      |  DIIS Metric   | Fock Time (s) | DIIS Time (s)
----------+------------------+----------------+---------------+--------------
    1     | -1700.0848691668 |   1.0317e+03   |    1.4753     |    0.5068
    2     | -1688.6963721754 |   3.5571e+00   |    1.4334     |    0.4745
    3     | -1688.1987579373 |   5.4315e+00   |    1.4195     |    0.4058
    4     | -1689.6347228660 |   1.3930e-01   |    1.2704     |    0.3942
    5     | -1689.6600781394 |   4.7307e-02   |    1.2439     |    0.3560
    6     | -1689.6714932077 |   3.8038e-03   |    1.5161     |    0.3843
    7     | -1689.6721870622 |   1.3083e-03   |    1.5158     |    0.4779
    8     | -1689.6725285452 |   1.9780e-04   |    1.4295     |    0.4750
    9     | -1689.6725816097 |   1.6002e-05   |    1.2949     |    0.3858
   10     | -1689.6725848232 |   4.5792e-06   |    1.3097     |    0.3519
   11     | -1689.6725860475 |   4.3392e-07   |    1.4669     |    0.3426
   12     | -1689.6725861126 |   2.2527e-07   |    1.4732     |    0.3521
   13     | -1689.6725861721 |   1.6981e-08   |    1.5156     |    0.4794
   14     | -1689.6725861753 |   4.9580e-09   |    1.3251     |    0.3331
   15     | -1689.6725861766 |   3.2693e-10   |    1.2618     |    0.3620
   16     | -1689.6725861764 |   7.7589e-10   |    1.5148     |    0.3850
   17     | -1689.6725861766 |   1.1795e-10   |    1.5150     |    0.4764
   18     | -1689.6725861767 |   1.5966e-11   |    1.4312     |    0.4747
Created 690145 / 2985984 significant shell pairs
Created 534993 / 2274064 significant shell pairs
Total number of grid points: 343045 (5044 per atom)
One electron integrals and orthogonalizer took 0.245399s
Created 534993 / 2274064 significant shell pairs
3C integrals and B formation took 2.669673s
Iteration |      Energy      |  DIIS Metric   | Fock Time (s) | DIIS Time (s)
----------+------------------+----------------+---------------+--------------
    1     | -1700.0840499560 |   1.0343e+03   |    1.6151     |    0.3924
    2     | -1688.6868675203 |   3.5540e+00   |    1.5558     |    0.3926
    3     | -1688.1756888168 |   5.4662e+00   |    1.6361     |    0.3924
    4     | -1689.6138855751 |   1.7635e-01   |    1.2657     |    0.3433
    5     | -1689.6407734540 |   8.0347e-02   |    1.3583     |    0.4684
    6     | -1689.6600587555 |   1.0445e-02   |    1.4876     |    0.3380
    7     | -1689.6626286539 |   1.2428e-03   |    1.6376     |    0.3916
    8     | -1689.6628699916 |   4.1437e-04   |    1.4790     |    0.3914
    9     | -1689.6629787388 |   3.0439e-05   |    1.3100     |    0.3925
   10     | -1689.6629852174 |   8.7845e-06   |    1.3135     |    0.3925
   11     | -1689.6629875164 |   6.3594e-07   |    1.6376     |    0.3923
   12     | -1689.6629876256 |   2.4807e-07   |    1.4814     |    0.3871
   13     | -1689.6629876918 |   2.8009e-08   |    1.5676     |    0.4189
   14     | -1689.6629876982 |   6.0767e-09   |    1.2994     |    0.3484
   15     | -1689.6629876998 |   5.6967e-10   |    1.3063     |    0.3922
   16     | -1689.6629876996 |   1.2275e-09   |    1.5148     |    0.3927
   17     | -1689.6629876999 |   1.1833e-10   |    1.6350     |    0.3923
   18     | -1689.6629876999 |   2.5795e-11   |    1.4340     |    0.5554
Please cite the following papers for the methods used in this calculation:
 - J.L. Galvez Vallejo et. al., Toward an extreme-scale electronic structure system, J. Chem. Phys., 2023. DOI: 10.1063/5.0156399

 - R. Stocks, E. Palethorpe, and G.M.J. Barca, Multi-GPU RI-HF Energies and Analytic Gradients ─ Toward High-Throughput Ab Initio Molecular Dynamics, J. Chem. Theory Comput., 2024. DOI: 10.1021/acs.jctc.4c00877
   For:
     * RI-HF energy

 - D.B. Williams-Young, W.A. de Jong, H.J.J. van Dam, and C. Yang, On the Efficient Evaluation of the Exchange Correlation Potential on Graphics Processing Unit Clusters, Frontiers in Chemistry, 2020. DOI: 10.3389/fchem.2020.581058
   For:
     * GauXC implementation of exchange-correlation integration

 - R. Stocks and G.M.J. Barca, Efficient Algorithms for GPU Accelerated Evaluation of the DFT Exchange-Correlation Functional, J. Chem. Theory Comput., 2025. DOI: 10.1021/acs.jctc.5c01229
   For:
     * GPU accelerated DFT exchange-correlation evaluation

[CRAYBLAS_WARNING] Application linked against multiple cray-libsci libraries
