Total number of grid points: 345775 (5084 per atom)
Total number of grid points: 343318 (5048 per atom)
Total number of grid points: 342306 (5033 per atom)
Total number of grid points: 348821 (5129 per atom)
Total number of grid points: 342542 (5037 per atom)
Total number of grid points: 345334 (5078 per atom)
Total number of grid points: 342265 (5033 per atom)
Total number of grid points: 342014 (5029 per atom)
Total number of grid points: 345774 (5084 per atom)
Total number of grid points: 339280 (4989 per atom)
Total number of grid points: 338669 (4980 per atom)
Total number of grid points: 338553 (4978 per atom)
Total number of grid points: 338537 (4978 per atom)
Total number of grid points: 340686 (5010 per atom)
Total number of grid points: 341544 (5022 per atom)
Total number of grid points: 349488 (5139 per atom)
Total number of grid points: 348165 (5120 per atom)
Total number of grid points: 344042 (5059 per atom)
Total number of grid points: 331651 (4877 per atom)
Total number of grid points: 342330 (5034 per atom)
[CRAYBLAS_WARNING] Application linked against multiple cray-libsci libraries
6753
   10     | -1689.6627298168 |   1.1903e-05   |    1.4345     |    0.5138
   11     | -1689.6627326337 |   2.4233e-06   |    1.6775     |    0.7986
   12     | -1689.6627332795 |   2.2493e-07   |    1.4735     |    0.3482
   13     | -1689.6627333279 |   5.2814e-08   |    1.6380     |    0.4983
   14     | -1689.6627333407 |   5.8941e-09   |    1.2736     |    0.3615
   15     | -1689.6627333410 |   4.8618e-09   |    1.5763     |    0.3521
   16     | -1689.6627333422 |   6.4603e-10   |    1.6985     |    0.3547
   17     | -1689.6627333424 |   1.3818e-10   |    1.5325     |    0.5147
   18     | -1689.6627333424 |   5.6239e-11   |    1.5153     |    0.4353
Created 709329 / 2985984 significant shell pairs
Created 550745 / 2274064 significant shell pairs
Total number of grid points: 346578 (5096 per atom)
One electron integrals and orthogonalizer took 0.052996s
Created 550745 / 2274064 significant shell pairs
3C integrals and B formation took 2.574612s
Iteration |      Energy      |  DIIS Metric   | Fock Time (s) | DIIS Time (s)
----------+------------------+----------------+---------------+--------------
    1     | -1700.0972158744 |   1.0361e+03   |    1.5212     |    0.4172
    2     | -1688.6932252573 |   3.5654e+00   |    1.5135     |    0.6370
    3     | -1688.1770760855 |   5.5206e+00   |    1.5798     |    0.4648
    4     | -1689.6238996989 |   1.6471e-01   |    1.2582     |    0.5880
    5     | -1689.6470262519 |   8.0315e-02   |    1.3393     |    0.5883
    6     | -1689.6671741710 |   9.4759e-03   |    1.5460     |    0.4649
    7     | -1689.6694852671 |   1.1838e-03   |    1.5156     |    0.6360
    8     | -1689.6697025732 |   4.4010e-04   |    1.5799     |    0.3887
    9     | -1689.6698201037 |   2.7065e-05   |    1.3352     |    0.3431
   10     | -1689.6698255807 |   8.4044e-06   |    1.2601     |    0.3434
   11     | -1689.6698278310 |   6.7690e-07   |    1.5147     |    0.3526
   12     | -1689.6698279628 |   1.9962e-07   |    1.5684     |    0.3793
   13     | -1689.6698280107 |   2.3454e-08   |    1.5959     |    0.3457
   14     | -1689.6698280156 |   5.1752e-09   |    1.3455     |    0.3368
   15     | -1689.6698280169 |   4.9673e-10   |    1.2655     |    0.3402
   16     | -1689.6698280167 |   1.1430e-09   |    1.4720     |    0.3810
   17     | -1689.6698280171 |   7.9592e-11   |    1.5719     |    0.3730
Created 721745 / 2985984 significant shell pairs
Created 559927 / 2274064 significant shell pairs
Total number of grid points: 348184 (5120 per atom)
One electron integrals and orthogonalizer took 0.054134s
Created 559927 / 2274064 significant shell pairs
3C integrals and B formation took 2.671905s
Iteration |      Energy      |  DIIS Metric   | Fock Time (s) | DIIS Time (s)
----------+------------------+----------------+---------------+--------------
    1     | -1700.0973875163 |   1.0391e+03   |    1.5070     |    0.3560
    2     | -1688.6750386292 |   3.5622e+00   |    1.5919     |    0.3571
    3     | -1688.1450531711 |   5.5931e+00   |    1.5897     |    0.3558
    4     | -1689.5995557868 |   1.8129e-01   |    1.3372     |    0.3431
    5     | -1689.6219056883 |   9.5990e-02   |    1.4342     |    0.4308
    6     | -1689.6478346673 |   8.9146e-03   |    1.5531     |    0.3819
    7     | -1689.6499937818 |   1.3065e-03   |    1.5986     |    0.3493
    8     | -1689.6502352430 |   4.9068e-04   |    1.5985     |    0.3492
    9     | -1689.6503666905 |   3.4807e-05   |    1.3444     |    0.3366
   10     | -1689.6503741474 |   9.4147e-06   |    1.2687     |    0.3435
   11     | -1689.6503766862 |   6.6552e-07   |    1.5148     |    0.3563
   12     | -1689.6503768116 |   2.2889e-07   |    1.5914     |    0.3568
   13     | -1689.6503768683 |   2.7010e-08   |    1.5903     |    0.3569
   14     | -1689.6503768748 |   3.6676e-09   |    1.3364     |    0.3437
   15     | -1689.6503768757 |   4.3136e-10   |    1.2612     |    0.3435
   16     | -1689.6503768756 |   6.5415e-10   |    1.5151     |    0.3566
   17     | -1689.6503768758 |   4.9186e-11   |    1.5910     |    0.3564
Created 682387 / 2985984 significant shell pairs
Created 529100 / 2274064 significant shell pairs
Total number of grid points: 344834 (5071 per atom)
One electron integrals and orthogonalizer took 0.094908s
Created 529100 / 2274064 significant shell pairs
3C integrals and B formation took 2.598627s
Iteration |      Energy      |  DIIS Metric   | Fock Time (s) | DIIS Time (s)
----------+------------------+----------------+---------------+--------------
    1     | -1700.0906299027 |   1.0342e+03   |    1.4129     |    0.5558
    2     | -1688.6930253063 |   3.5521e+00   |    1.5143     |    0.5147
    3     | -1688.1941162035 |   5.4355e+00   |    1.4334     |    0.5149
    4     | -1689.6291376770 |   1.3991e-01   |    1.2365     |    0.6340
    5     | -1689.6517535789 |   5.8105e-02   |    1.3134     |    0.6349
    6     | -1689.6659784139 |   5.5119e-03   |    1.5100     |    0.5145
    7     | -1689.6672110010 |   1.1624e-03   |    1.4339     |    0.5140
    8     | -1689.6674683731 |   3.0713e-04   |    1.4341     |    0.4384
    9     | -1689.6675561666 |   1.8846e-05   |    1.3124     |    0.3899
   10     | -1689.6675595331 |   7.6145e-06   |    1.2387     |    0.3432
   11     | -1689.6675615406 |   4.2521e-07   |    1.4341     |    0.4382
   12     | -1689.6675616164 |   1.4785e-07   |    1.5106     |    0.4388
   13     | -1689.6675616531 |   1.0209e-08   |    1.5101     |    0.4384
   14     | -1689.6675616551 |   3.0287e-09   |    1.3149     |    0.3436
   15     | -1689.6675616558 |   2.5116e-10   |    1.2389     |    0.3433
   16     | -1689.6675616557 |   6.0394e-10   |    1.4344     |    0.4386
   17     | -1689.6675616559 |   6.9774e-11   |    1.5103     |    0.4351
Created 698490 / 2985984 significant shell pairs
Created 542010 / 2274064 significant shell pairs
Total number of grid points: 335051 (4927 per atom)
One electron integrals and orthogonalizer took 0.053618s
Created 542010 / 2274064 significant shell pairs
3C integrals and B formation took 2.691380s
Iteration |      Energy      |  DIIS Metric   | Fock Time (s) | DIIS Time (s)
----------+------------------+----------------+---------------+--------------
    1     | -1700.1045937548 |   1.0367e+03   |    1.4274     |    0.4340
    2     | -1688.6945803668 |   3.5650e+00   |    1.5141     |    0.3922
    3     | -1688.1919590280 |   5.4983e+00   |    1.4346     |    0.5142
    4     | -1689.6381505421 |   1.1733e-01   |    1.3124     |    0.3521
    5     | -1689.6584873154 |   4.2781e-02   |    1.3192     |    0.3434
    6     | -1689.6688881275 |   2.6945e-03   |    1.4342     |    0.4343
    7     | -1689.6693723900 |   9.0686e-04   |    1.5138     |    0.4348
    8     | -1689.6695935135 |   1.4047e-04   |    1.5141     |    0.4386
    9     | -1689.6696263701 |   2.4217e-05   |    1.3169     |    0.3436
   10     | -1689.6696318829 |   4.3572e-06   |    1.2401     |    0.3434
   11     | -1689.6696330226 |   3.8748e-07   |    1.4344     |    0.4388
   12     | -1689.6696330860 |   1.7101e-07   |    1.5108     |    0.4385
   13     | -1689.6696331302 |   9.0421e-09   |    1.5105     |    0.4351
   14     | -1689.6696331319 |   3.0363e-09   |    1.3183     |    0.3436
   15     | -1689.6696331327 |   2.4183e-10   |    1.2385     |    0.3434
   16     | -1689.6696331326 |   4.3316e-10   |    1.4341     |    0.4349
   17     | -1689.6696331327 |   5.6103e-11   |    1.5146     |    0.4353
Created 731643 / 2985984 significant shell pairs
Created 567955 / 2274064 significant shell pairs
Total number of grid points: 339615 (4994 per atom)
One electron integrals and orthogonalizer took 0.053652s
Created 567955 / 2274064 significant shell pairs
3C integrals and B formation took 2.652066s
Iteration |      Energy      |  DIIS Metric   | Fock Time (s) | DIIS Time (s)
----------+------------------+----------------+---------------+--------------
    1     | -1700.1054275267 |   1.0406e+03   |    1.5283     |    0.3516
    2     | -1688.6744596314 |   3.5578e+00   |    1.5450     |    0.3874
    3     | -1688.1452985424 |   5.5836e+00   |    1.5431     |    0.3855
    4     | -1689.6015285778 |   1.7365e-01   |    1.3341     |    0.3434
    5     | -1689.6268316373 |   7.8010e-02   |    1.2558     |    0.3436
    6     | -1689.6459953808 |   9.3724e-03   |    1.4655     |    0.3889
    7     | -1689.6482798802 |   1.4079e-03   |    1.5409     |    0.3851
    8     | -1689.6485655903 |   4.6111e-04   |    1.5479     |    0.3886
    9     | -1689.6486939942 |   2.9906e-05   |    1.3308     |    0.3435
   10     | -1689.6487003334 |   7.7054e-06   |    1.2541     |    0.3433
   11     | -1689.6487023440 |   6.1376e-07   |    1.4660     |    0.3881
   12     | -1689.6487024584 |   2.1648e-07   |    1.5411     |    0.3843
   13     | -1689.6487025107 |   3.6271e-08   |    1.5469     |    0.3884
   14     | -1689.6487025187 |   7.0708e-09   |    1.3311     |    0.3430
   15     | -1689.6487025205 |   5.0964e-10   |    1.2568     |    0.3436
   16     | -1689.6487025203 |   1.3021e-09   |    1.4656     |    0.3883
   17     | -1689.6487025207 |   9.2386e-11   |    1.5428     |    0.3879
Created 716315 / 2985984 significant shell pairs
Created 556113 / 2274064 significant shell pairs
Total number of grid points: 344481 (5065 per atom)
One electron integrals and orthogonalizer took 0.054519s
Created 556113 / 2274064 significant shell pairs
3C integrals and B formation took 2.673244s
Iteration |      Energy      |  DIIS Metric   | Fock Time (s) | DIIS Time (s)
----------+------------------+----------------+---------------+--------------
    1     | -1700.1084919321 |   1.0381e+03   |    1.5067     |    0.3560
    2     | -1688.6929824446 |   3.5799e+00   |    1.5394     |    0.3906
    3     | -1688.1725018365 |   5.5727e+00   |    1.5360     |    0.3853
    4     | -1689.6346380650 |   1.3436e-01   |    1.3274     |    0.3434
    5     | -1689.6549052188 |   6.0967e-02   |    1.2519     |    0.3437
    6     | -1689.6698958400 |   5.4007e-03   |    1.4625     |    0.3851
    7     | -1689.6710536238 |   1.3113e-03   |    1.5394     |    0.3858
    8     | -1689.6713525093 |   2.5902e-04   |    1.5414     |    0.3858
    9     | -1689.6714183073 |   2.7880e-05   |    1.3338     |    0.3435
   10     | -1689.6714244534 |   6.3893e-06   |    1.2540     |    0.3434
   11     | -1689.6714261013 |   4.3439e-07   |    1.4622     |    0.3881
   12     | -1689.6714261386 |   2.9022e-07   |    1.5390     |    0.3883
   13     | -1689.6714262135 |   3.5348e-08   |    1.5375     |    0.3855
   14     | -1689.6714262222 |   5.0994e-09   |    1.3305     |    0.3437
   15     | -1689.6714262236 |   4.2154e-10   |    1.2538     |    0.3436
   16     | -1689.6714262235 |   7.5715e-10   |    1.4627     |    0.3881
   17     | -1689.6714262237 |   9.4240e-11   |    1.5378     |    0.3888
Created 671405 / 2985984 significant shell pairs
Created 520488 / 2274064 significant shell pairs
Total number of grid points: 344744 (5069 per atom)
One electron integrals and orthogonalizer took 0.053424s
Created 520488 / 2274064 significant shell pairs
3C integrals and B formation took 2.583694s
Iteration |      Energy      |  DIIS Metric   | Fock Time (s) | DIIS Time (s)
----------+------------------+----------------+---------------+--------------
    1     | -1700.0968428983 |   1.0334e+03   |    1.4164     |    0.5597
    2     | -1688.7023058348 |   3.5664e+00   |    1.5101     |    0.4392
    3     | -1688.2014179228 |   5.4662e+00   |    1.5091     |    0.4376
    4     | -1689.6400645502 |   1.3964e-01   |    1.3139     |    0.3867
    5     | -1689.6619023405 |   5.9893e-02   |    1.2340     |    0.3890
    6     | -1689.6765024114 |   5.9893e-03   |    1.4331     |    0.4339
    7     | -1689.6778831546 |   1.1959e-03   |    1.5147     |    0.4370
    8     | -1689.6781434210 |   3.5716e-04   |    1.5111     |    0.4351
    9     | -1689.6782480932 |   1.9281e-05   |    1.3115     |    0.3935
   10     | -1689.6782520077 |   5.5347e-06   |    1.2335     |    0.3903
   11     | -1689.6782534044 |   4.9918e-07   |    1.4336     |    0.4346
   12     | -1689.6782534880 |   2.2416e-07   |    1.5146     |    0.4390
   13     | -1689.6782535476 |   2.0328e-08   |    1.5102     |    0.4388
   14     | -1689.6782535515 |   5.7709e-09   |    1.3076     |    0.3929
   15     | -1689.6782535530 |   4.2339e-10   |    1.2331     |    0.3908
   16     | -1689.6782535528 |   1.2489e-09   |    1.4327     |    0.4382
   17     | -1689.6782535531 |   1.6342e-10   |    1.5111     |    0.4383
   18     | -1689.6782535531 |   2.1652e-11   |    1.5104     |    0.4350
Created 685811 / 2985984 significant shell pairs
Created 531738 / 2274064 significant shell pairs
Total number of grid points: 343213 (5047 per atom)
One electron integrals and orthogonalizer took 0.053998s
Created 531738 / 2274064 significant shell pairs
3C integrals and B formation took 2.618899s
Iteration |      Energy      |  DIIS Metric   | Fock Time (s) | DIIS Time (s)
----------+------------------+----------------+---------------+--------------
    1     | -1700.0938712500 |   1.0347e+03   |    1.4997     |    0.4344
    2     | -1688.6909909195 |   3.5499e+00   |    1.5145     |    0.4398
    3     | -1688.1927069484 |   5.4321e+00   |    1.5089     |    0.4384
    4     | -1689.6258319262 |   1.4136e-01   |    1.3145     |    0.3438
    5     | -1689.6489423716 |   5.7606e-02   |    1.2366     |    0.3861
    6     | -1689.6632590593 |   4.9236e-03   |    1.4344     |    0.4378
    7     | -1689.6643758834 |   1.0296e-03   |    1.5104     |    0.4386
    8     | -1689.6646046695 |   2.6183e-04   |    1.5105     |    0.4348
    9     | -1689.6646776823 |   2.0775e-05   |    1.3169     |    0.3863
   10     | -1689.6646815200 |   7.4168e-06   |    1.2390     |    0.3439
   11     | -1689.6646834187 |   5.9799e-07   |    1.4339     |    0.4356
   12     | -1689.6646835449 |   1.7448e-07   |    1.5133     |    0.4381
   13     | -1689.6646835882 |   2.0091e-08   |    1.5115     |    0.4383
   14     | -1689.6646835920 |   6.9032e-09   |    1.3170     |    0.3435
   15     | -1689.6646835939 |   4.5539e-10   |    1.2363     |    0.3902
   16     | -1689.6646835938 |   1.0344e-09   |    1.4336     |    0.4350
   17     | -1689.6646835940 |   1.2499e-10   |    1.5140     |    0.4380
   18     | -1689.6646835941 |   2.4681e-11   |    1.5112     |    0.43===Created 737284 / 2985984 significant shell pairs
Created 573110 / 2274064 significant shell pairs
Total number of grid points: 347971 (5117 per atom)
One electron integrals and orthogonalizer took 0.095531s
Created 573110 / 2274064 significant shell pairs
3C integrals and B formation took 2.716363s
Iteration |      Energy      |  DIIS Metric   | Fock Time (s) | DIIS Time (s)
----------+------------------+----------------+---------------+--------------
    1     | -1700.0972117003 |   1.0383e+03   |    1.4707     |    0.5882
    2     | -1688.6863046639 |   3.5633e+00   |    1.5958     |    0.3568
    3     | -1688.1648113588 |   5.5221e+00   |    1.5904     |    0.3568
    4     | -1689.6127251953 |   1.7608e-01   |    1.3391     |    0.3436
    5     | -1689.6378259451 |   8.7998e-02   |    1.4071     |    0.4187
    6     | -1689.6602873105 |   1.0345e-02   |    1.5559     |    0.4344
    7     | -1689.6627827449 |   1.4077e-03   |    1.5956     |    0.3553
    8     | -1689.6630770849 |   4.1719e-04   |    1.5921     |    0.3528
    9     | -1689.6631835967 |   2.6213e-05   |    1.3462     |    0.3438
   10     | -1689.6631887051 |   8.6194e-06   |    1.3486     |    0.4246
   11     | -1689.6631910922 |   5.3419e-07   |    1.5557     |    0=======================================================
                  PBE Energy Results                   
=======================================================
E PBE                 : -1689.66319124
Nuclear Repulsion Energy: 4658.12881348
Electronic Energy:        -6101.43234193
XC Energy:                -246.359663
Converged:                1
# of SCF iterations:      17
SCF Time:                 35.851s

================================Created 776154 / 2985984 significant shell pairs
Created 602574 / 2274064 significant shell pairs
Total number of grid points: 344885 (5071 per atom)
One electron integrals and orthogonalizer took 0.100208s
Created 602574 / 2274064 significant shell pairs
3C integrals and B formation took 2.843662s
Iteration |      Energy      |  DIIS Metric   | Fock Time (s) | DIIS Time (s)
----------+------------------+----------------+---------------+--------------
    1     | -1700.1094284557 |   1.0429e+03   |    1.6473     |    0.5919
    2     | -1688.6709322318 |   3.6007e+00   |    1.6489     |    0.3417
    3     | -1688.0217775311 |   6.0520e+00   |    1.5544     |    0.3923
    4     | -1689.5294805358 |   4.3114e-01   |    1.4549     |    0.3782
    5     | -1689.6105518597 |   1.5552e-01   |    1.5219     |   =======================================================
                  PBE Energy Results                   
=======================================================
E PBE                 : -1689.6548382
Nuclear Repulsion Energy: 4765.56409891
Electronic Energy:        -6208.8570965
XC Energy:                -246.361841
Converged:                1
# of SCF iterations:      18
SCF Time:                 39.08s

=======================================================
            Individual Calculation Summary             
=======================================================
HF Energy: -1689.6548382025537194
=======================================================


Topology 10 time: 39.331274 s, performance: SP: 0 FLOP/s, DP: 462.2 GFLOP/s
JSON file written to: json_logs/lustre_orion_chm213_scratch_ryan_dhdft_inputs_exess_exess_inputs_PBE_def2-TZVP_isomers_21140-21159_topology_10.json
************************************************************
**********Created 751282 / 2985984 significant shell pairs
Created 583306 / 2274064 significant shell pairs
Total number of grid points: 349036 (5132 per atom)
One electron integrals and orthogonalizer took 0.094899s
Created 583306 / 2274064 significant shell pairs
3C integrals and B formation took 2.80116=======================================================
                  PBE Energy Results                   
=======================================================
E PBE                 : -1689.6427645
Nuclear Repulsion Energy: 4695.53457504
Electronic Energy:        -6138.81618294
XC Energy:                -246.361157
Converged:                1
# of SCF iterations:      17
SCF Time:                 35.504s

=======================================================
            Individual Calculation Summary             
=======================================================
HF Energy: -1689.6427644961049737
=======================================================


Topology 11 time: 35.751728 s, performance: SP: 0 FLOP/s, DP: 491.3 GFLOP/s
JSON file written to: json_logs/lustre_orion_chm213_scratch_ryan_dhdft_inputs_exess_exess_inputs_PBE_def2-TZVP_isomers_21140-21159_topology_11.json
************************************************************
**************** Running topology 13 of 20 *****************
************************************************************

************************************************************
***************** Beginning RI-PBE energy ******************
************************************************************

=======================================================
                  PBE Energy Results                   
=======================================================
E PBE                 : -1689.65047489
Nuclear Repulsion Energy: 4779.83436036
Electronic Energy:        -6223.11920879
XC Energy:                -246.365626
Converged:                1
# of SCF iterations:      17
SCF Time:                 37.212s

=======================================================
            Individual Calculation Summary             
=======================================================
HF Energy: -1689.6504748892016323
=======================================================


Topology 12 time: 37.471940 s, performance: SP: 0 FLOP/s, DP: 485.3 GFLOP/s
JSON file written to: json_logs/lustre_orion_chm213_scratch_ryan_dhdft_inputs_exess_exess_inputs_PBE_def2-TZVP_isomers_21140-21159_topology_12.json
************************************************************
**************** Running topology 14 of 20 *****************
************************************************************

************************************************************
***************** Beginning RI-PBE energy ******************
************************************************************

=======================================================
                  PBE Energy Results                   
=======================================================
E PBE                 : -1689.65799909
Nuclear Repulsion Energy: 4565.79043027
Electronic Energy:        -6009.09230064
XC Energy:                -246.356129
Converged:                1
# of SCF iterations:      17
SCF Time:                 34.78s

=======================================================
            Individual Calculation Summary             
=======================================================
HF Energy: -1689.6579990923289643
=======================================================


Topology 13 time: 35.023706 s, performance: SP: 0 FLOP/s, DP: 475.7 GFLOP/s
JSON file written to: json_logs/lustre_orion_chm213_scratch_ryan_dhdft_inputs_exess_exess_inputs_PBE_def2-TZVP_isomers_21140-21159_topology_13.json
************************************************************
**************** Running topology 15 of 20 *****************
************************************************************

************************************************************
***************** Beginning RI-PBE energy ******************
************************************************************

=======================================================
                  PBE Energy Results                   
=======================================================
E PBE                 : -1689.66044208
Nuclear Repulsion Energy: 4565.16239003
Electronic Energy:        -6008.46536589
XC Energy:                -246.357466
Converged:                1
# of SCF iterations:      18
SCF Time:                 36.487s

=======================================================
            Individual Calculation Summary             
=======================================================
HF Energy: -1689.6604420786313767
=======================================================


Topology 14 time: 36.732709 s, performance: SP: 0 FLOP/s, DP: 455.9 GFLOP/s
JSON file written to: json_logs/lustre_orion_chm213_scratch_ryan_dhdft_inputs_exess_exess_inputs_PBE_def2-TZVP_isomers_21140-21159_topology_14.json
************************************************************
**************** Running topology 16 of 20 *****************
************************************************************

************************************************************
***************** Beginning RI-PBE energy ******************
************************************************************

=======================================================
                  PBE Energy Results                   
=======================================================
E PBE                 : -1689.65593668
Nuclear Repulsion Energy: 4625.20614738
Electronic Energy:        -6068.50561077
XC Energy:                -246.356473
Converged:                1
# of SCF iterations:      17
SCF Time:                 35.505s

=======================================================
            Individual Calculation Summary             
=======================================================
HF Energy: -1689.6559366780259097
=======================================================


Topology 15 time: 35.757943 s, performance: SP: 0 FLOP/s, DP: 478.4 GFLOP/s
JSON file written to: json_logs/lustre_orion_chm213_scratch_ryan_dhdft_inputs_exess_exess_inputs_PBE_def2-TZVP_isomers_21140-21159_topology_15.json
************************************************************
**************** Running topology 17 of 20 *****************
************************************************************

************************************************************
***************** Beginning RI-PBE energy ******************
************************************************************

=======================================================
                  PBE Energy Results                   
=======================================================
E PBE                 : -1689.63936575
Nuclear Repulsion Energy: 4660.03086753
Electronic Energy:        -6103.31054371
XC Energy:                -246.359690
Converged:                1
# of SCF iterations:      17
SCF Time:                 34.521s

=======================================================
            Individual Calculation Summary             
=======================================================
HF Energy: -1689.6393657481353330
=======================================================


Topology 16 time: 34.777806 s, performance: SP: 0 FLOP/s, DP: 498.9 GFLOP/s
JSON file written to: json_logs/lustre_orion_chm213_scratch_ryan_dhdft_inputs_exess_exess_inputs_PBE_def2-TZVP_isomers_21140-21159_topology_16.json
************************************************************
**************** Running topology 18 of 20 *****************
************************************************************

************************************************************
***************** Beginning RI-PBE energy ******************
************************************************************

=======================================================
                  PBE Energy Results                   
=======================================================
E PBE                 : -1689.66810921
Nuclear Repulsion Energy: 4594.33384716
Electronic Energy:        -6037.64175704
XC Energy:                -246.360199
Converged:                1
# of SCF iterations:      18
SCF Time:                 36.813s

=======================================================
            Individual Calculation Summary             
=======================================================
HF Energy: -1689.6681092086405442
=======================================================


Topology 17 time: 37.063434 s, performance: SP: 0 FLOP/s, DP: 456.5 GFLOP/s
JSON file written to: json_logs/lustre_orion_chm213_scratch_ryan_dhdft_inputs_exess_exess_inputs_PBE_def2-TZVP_isomers_21140-21159_topology_17.json
************************************************************
**************** Running topology 19 of 20 *****************
************************************************************

************************************************************
***************** Beginning RI-PBE energy ******************
************************************************************

=======================================================
                  PBE Energy Results                   
=======================================================
E PBE                 : -1689.67080672
Nuclear Repulsion Energy: 4596.40091665
Electronic Energy:        -6039.7130432
XC Energy:                -246.358680
Converged:                1
# of SCF iterations:      18
SCF Time:                 36.468s

=======================================================
            Individual Calculation Summary             
=======================================================
HF Energy: -1689.6708067221852616
=======================================================


Topology 18 time: 36.722221 s, performance: SP: 0 FLOP/s, DP: 459.6 GFLOP/s
JSON file written to: json_logs/lustre_orion_chm213_scratch_ryan_dhdft_inputs_exess_exess_inputs_PBE_def2-TZVP_isomers_21140-21159_topology_18.json
************************************************************
**************** Running topology 20 of 20 *****************
************************************************************

************************************************************
***************** Beginning RI-PBE energy ******************
************************************************************

=======================================================
                  PBE Energy Results                   
=======================================================
E PBE                 : -1689.67156137
Nuclear Repulsion Energy: 4623.36051867
Electronic Energy:        -6066.66681554
XC Energy:                -246.365264
Converged:                1
# of SCF iterations:      17
SCF Time:                 34.848s

=======================================================
            Individual Calculation Summary             
=======================================================
HF Energy: -1689.6715613706196564
=======================================================


Topology 19 time: 35.107304 s, performance: SP: 0 FLOP/s, DP: 483.7 GFLOP/s
JSON file written to: json_logs/lustre_orion_chm213_scratch_ryan_dhdft_inputs_exess_exess_inputs_PBE_def2-TZVP_isomers_21140-21159_topology_19.json
Total flops: SP: 0 FLOPS, DP: 340.00698 TFLOPS
Performance: SP: 0 FLOP/s, DP: 463 GFLOP/s

Now, a word from our sponsors... 
 You look tired...

[31mTotal processing time 734.601809 seconds[0m
[CRAYBLAS_WARNING] Application linked against multiple cray-libsci libraries
   12     | -1689.6681091210 |   3.0040e-07   |    1.5406     |    0.3894
   13     | -1689.6681091960 |   4.3291e-08   |    1.5364     |    0.3892
   14     | -1689.6681092060 |   9.1072e-09   |    1.3250     |    0.3432
   15     | -1689.6681092085 |   5.1465e-10   |    1.2486     |    0.3441
   16     | -1689.6681092083 |   1.2101e-09   |    1.4595     |    0.3891
   17     | -1689.6681092086 |   1.0716e-10   |    1.5354     |    0.3894
   18     | -1689.6681092086 |   3.0680e-11   |    1.5345     |    0.3903
Created 713935 / 2985984 significant shell pairs
Created 555102 / 2274064 significant shell pairs
Total number of grid points: 350923 (5160 per atom)
One electron integrals and orthogonalizer took 0.094909s
Created 555102 / 2274064 significant shell pairs
3C integrals and B formation took 2.609776s
Iteration |      Energy      |  DIIS Metric   | Fock Time (s) | DIIS Time (s)
----------+------------------+----------------+---------------+--------------
    1     | -1700.0955892809 |   1.0359e+03   |    1.5055     |    0.3559
    2     | -1688.6927459407 |   3.5704e+00   |    1.5905     |    0.3569
    3     | -1688.1721769290 |   5.5138e+00   |    1.5883     |    0.3584
    4     | -1689.6186706111 |   1.7627e-01   |    1.3334     |    0.3440
    5     | -1689.6418359699 |   9.8806e-02   |    1.2605     |    0.3432
    6     | -1689.6686656015 |   7.5707e-03   |    1.5137     |    0.3533
    7     | -1689.6703530612 |   1.5026e-03   |    1.5935     |    0.3572
    8     | -1689.6706584048 |   5.3617e-04   |    1.5638     |    0.3840
    9     | -1689.6707981010 |   3.0479e-05   |    1.3336     |    0.3439
   10     | -1689.6708037660 |   1.0243e-05   |    1.2592     |    0.3436
   11     | -1689.6708064546 |   9.4605e-07   |    1.5121     |    0.3581
   12     | -1689.6708066399 |   2.8334e-07   |    1.5638     |    0.3842
   13     | -1689.6708067083 |   4.7480e-08   |    1.5635     |    0.3800
   14     | -1689.6708067191 |   1.0633e-08   |    1.3365     |    0.3439
   15     | -1689.6708067220 |   7.1047e-10   |    1.2587     |    0.3435
   16     | -1689.6708067219 |   9.5780e-10   |    1.4880     |    0.3841
   17     | -1689.6708067222 |   1.0763e-10   |    1.5892     |    0.3569
   18     | -1689.6708067222 |   5.4114e-11   |    1.5643     |    0.3837
Created 723408 / 2985984 significant shell pairs
Created 562120 / 2274064 significant shell pairs
Total number of grid points: 340818 (5012 per atom)
One electron integrals and orthogonalizer took 0.095332s
Created 562120 / 2274064 significant shell pairs
3C integrals and B formation took 2.796127s
Iteration |      Energy      |  DIIS Metric   | Fock Time (s) | DIIS Time (s)
----------+------------------+----------------+---------------+--------------
    1     | -1700.1077964077 |   1.0381e+03   |    1.4712     |    0.4667
    2     | -1688.6937585663 |   3.5795e+00   |    1.5415     |    0.3868
    3     | -1688.1782928762 |   5.5507e+00   |    1.5382     |    0.3888
    4     | -1689.6347362603 |   1.3184e-01   |    1.3272     |    0.3435
    5     | -1689.6523875417 |   6.8716e-02   |    1.2533     |    0.3438
    6     | -1689.6696560326 |   6.4791e-03   |    1.4620     |    0.3883
    7     | -1689.6710632998 |   1.6718e-03   |    1.5395     |    0.3891
    8     | -1689.6714730143 |   3.2078e-04   |    1.5378     |    0.3886
    9     | -1689.6715535943 |   2.7320e-05   |    1.3271     |    0.3439
   10     | -1689.6715589817 |   8.1933e-06   |    1.2518     |    0.3436
   11     | -1689.6715611912 |   6.5047e-07   |    1.4611     |    0.3900
   12     | -1689.6715612954 |   2.6672e-07   |    1.5366     |    0.3898
   13     | -1689.6715613601 |   3.5280e-08   |    1.5365     |    0.3853
   14     | -1689.6715613687 |   6.8531e-09   |    1.3319     |    0.3434
   15     | -1689.6715613705 |   4.3172e-10   |    1.2532     |    0.3442
   16     | -1689.6715613704 |   8.3939e-10   |    1.4621     |    0.3892
   17     | -1689.6715613706 |   9.2800e-11   |    1.5384     |    0.3852
Please cite the following papers for the methods used in this calculation:
 - J.L. Galvez Vallejo et. al., Toward an extreme-scale electronic structure system, J. Chem. Phys., 2023. DOI: 10.1063/5.0156399

 - R. Stocks, E. Palethorpe, and G.M.J. Barca, Multi-GPU RI-HF Energies and Analytic Gradients ─ Toward High-Throughput Ab Initio Molecular Dynamics, J. Chem. Theory Comput., 2024. DOI: 10.1021/acs.jctc.4c00877
   For:
     * RI-HF energy

 - D.B. Williams-Young, W.A. de Jong, H.J.J. van Dam, and C. Yang, On the Efficient Evaluation of the Exchange Correlation Potential on Graphics Processing Unit Clusters, Frontiers in Chemistry, 2020. DOI: 10.3389/fchem.2020.581058
   For:
     * GauXC implementation of exchange-correlation integration

 - R. Stocks and G.M.J. Barca, Efficient Algorithms for GPU Accelerated Evaluation of the DFT Exchange-Correlation Functional, J. Chem. Theory Comput., 2025. DOI: 10.1021/acs.jctc.5c01229
   For:
     * GPU accelerated DFT exchange-correlation evaluation

[CRAYBLAS_WARNING] Application linked against multiple cray-libsci libraries
