Total number of grid points: 342937 (5043 per atom)
Total number of grid points: 348465 (5124 per atom)
Total number of grid points: 340081 (5001 per atom)
Total number of grid points: 341640 (5024 per atom)
Total number of grid points: 344947 (5072 per atom)
Total number of grid points: 343846 (5056 per atom)
Total number of grid points: 344970 (5073 per atom)
Total number of grid points: 340489 (5007 per atom)
Total number of grid points: 344753 (5069 per atom)
Total number of grid points: 348104 (5119 per atom)
Total number of grid points: 341354 (5019 per atom)
Total number of grid points: 341350 (5019 per atom)
Total number of grid points: 342651 (5038 per atom)
Total number of grid points: 344963 (5072 per atom)
Total number of grid points: 342817 (5041 per atom)
Total number of grid points: 349885 (5145 per atom)
Total number of grid points: 346073 (5089 per atom)
Total number of grid points: 345775 (5084 per atom)
Total number of grid points: 349926 (5145 per atom)
Total number of grid points: 344420 (5065 per atom)
[CRAYBLAS_WARNING] Application linked against multiple cray-libsci libraries
5041
   10     | -1689.6693535311 |   9.7853e-06   |    1.3366     |    0.3425
   11     | -1689.6693560093 |   8.3262e-07   |    1.6258     |    0.6269
   12     | -1689.6693561532 |   3.1511e-07   |    1.5945     |    0.3157
   13     | -1689.6693562300 |   4.5762e-08   |    1.5759     |    0.3595
   14     | -1689.6693562405 |   8.9847e-09   |    1.4576     |    0.4732
   15     | -1689.6693562430 |   7.5048e-10   |    1.4755     |    0.3930
   16     | -1689.6693562430 |   7.0688e-10   |    1.7989     |    0.4732
   17     | -1689.6693562432 |   8.5327e-11   |    1.6236     |    0.4047
Created 728906 / 2985984 significant shell pairs
Created 566665 / 2274064 significant shell pairs
Total number of grid points: 344432 (5065 per atom)
One electron integrals and orthogonalizer took 0.133838s
Created 566665 / 2274064 significant shell pairs
3C integrals and B formation took 3.035613s
Iteration |      Energy      |  DIIS Metric   | Fock Time (s) | DIIS Time (s)
----------+------------------+----------------+---------------+--------------
    1     | -1700.1005867066 |   1.0368e+03   |    1.8603     |    0.5909
    2     | -1688.6860983485 |   3.5784e+00   |    1.9202     |    0.7141
    3     | -1688.1375057743 |   5.6782e+00   |    1.7463     |    0.6236
    4     | -1689.6052859519 |   2.1095e-01   |    1.4615     |    0.6244
    5     | -1689.6340222032 |   1.0581e-01   |    1.4643     |    0.6240
    6     | -1689.6635094192 |   7.5860e-03   |    1.7543     |    0.6233
    7     | -1689.6651632385 |   1.4211e-03   |    1.7461     |    0.6265
    8     | -1689.6654397273 |   4.6777e-04   |    1.7418     |    0.4245
    9     | -1689.6655579797 |   4.1815e-05   |    1.5007     |    0.4236
   10     | -1689.6655667213 |   1.1981e-05   |    1.4560     |    0.3853
   11     | -1689.6655700217 |   8.4522e-07   |    1.7963     |    0.5950
   12     | -1689.6655701913 |   2.3315e-07   |    1.7412     |    0.4243
   13     | -1689.6655702480 |   3.1760e-08   |    1.8721     |    0.4239
   14     | -1689.6655702555 |   4.2592e-09   |    1.4656     |    0.4244
   15     | -1689.6655702565 |   7.7661e-10   |    1.5015     |    0.4235
   16     | -1689.6655702565 |   6.2800e-10   |    1.7488     |    0.4245
   17     | -1689.6655702567 |   5.0590e-11   |    1.8719     |    0.4237
Created 732805 / 2985984 significant shell pairs
Created 569599 / 2274064 significant shell pairs
Total number of grid points: 339226 (4988 per atom)
One electron integrals and orthogonalizer took 0.135427s
Created 569599 / 2274064 significant shell pairs
3C integrals and B formation took 3.024365s
Iteration |      Energy      |  DIIS Metric   | Fock Time (s) | DIIS Time (s)
----------+------------------+----------------+---------------+--------------
    1     | -1700.1000366842 |   1.0371e+03   |    1.7349     |    0.6265
    2     | -1688.6857386929 |   3.5706e+00   |    1.7178     |    0.5140
    3     | -1688.1436972569 |   5.6493e+00   |    1.8387     |    0.4730
    4     | -1689.6057714261 |   2.0921e-01   |    1.4584     |    0.4247
    5     | -1689.6372388147 |   9.1695e-02   |    1.4938     |    0.4236
    6     | -1689.6610119337 |   7.4427e-03   |    1.7415     |    0.4242
    7     | -1689.6626514731 |   1.3110e-03   |    1.8398     |    0.4727
    8     | -1689.6628778024 |   5.3119e-04   |    1.7841     |    0.3854
    9     | -1689.6630232016 |   4.0576e-05   |    1.4162     |    0.3857
   10     | -1689.6630322428 |   1.0796e-05   |    1.4171     |    0.3857
   11     | -1689.6630350918 |   8.0884e-07   |    1.7070     |    0.4243
   12     | -1689.6630352515 |   2.4802e-07   |    1.8584     |    0.4238
   13     | -1689.6630353162 |   2.8307e-08   |    1.7825     |    0.3853
   14     | -1689.6630353229 |   4.4743e-09   |    1.4161     |    0.3859
   15     | -1689.6630353240 |   5.8720e-10   |    1.4153     |    0.3854
   16     | -1689.6630353239 |   8.5216e-10   |    1.7066     |    0.4244
   17     | -1689.6630353242 |   4.7074e-11   |    1.8397     |    0.4737
Created 727418 / 2985984 significant shell pairs
Created 565751 / 2274064 significant shell pairs
Total number of grid points: 339710 (4995 per atom)
One electron integrals and orthogonalizer took 0.296906s
Created 565751 / 2274064 significant shell pairs
3C integrals and B formation took 2.880411s
Iteration |      Energy      |  DIIS Metric   | Fock Time (s) | DIIS Time (s)
----------+------------------+----------------+---------------+--------------
    1     | -1700.0957374864 |   1.0356e+03   |    1.7191     |    0.6274
    2     | -1688.6870908921 |   3.5499e+00   |    1.7355     |    0.6269
    3     | -1688.1656271827 |   5.5479e+00   |    1.7173     |    0.7163
    4     | -1689.6202626602 |   1.5443e-01   |    1.4323     |    0.6756
    5     | -1689.6465222091 |   5.3006e-02   |    1.4580     |    0.6265
    6     | -1689.6598946588 |   5.2095e-03   |    1.7444     |    0.6268
    7     | -1689.6610366053 |   1.2583e-03   |    1.7177     |    0.7157
    8     | -1689.6613120885 |   3.2082e-04   |    1.7366     |    0.4248
    9     | -1689.6613949593 |   2.5229e-05   |    1.4980     |    0.4236
   10     | -1689.6613995044 |   8.4374e-06   |    1.4518     |    0.3853
   11     | -1689.6614018113 |   3.8173e-07   |    1.7108     |    0.4245
   12     | -1689.6614018562 |   2.2372e-07   |    1.8620     |    0.4240
   13     | -1689.6614019146 |   2.0156e-08   |    1.7851     |    0.3845
   14     | -1689.6614019192 |   4.0126e-09   |    1.4196     |    0.3852
   15     | -1689.6614019202 |   3.4800e-10   |    1.4203     |    0.3852
   16     | -1689.6614019201 |   8.3644e-10   |    1.7696     |    0.4190
   17     | -1689.6614019203 |   9.1506e-11   |    1.8624     |    0.4242
Created 687416 / 2985984 significant shell pairs
Created 533703 / 2274064 significant shell pairs
Total number of grid points: 340554 (5008 per atom)
One electron integrals and orthogonalizer took 0.053353s
Created 533703 / 2274064 significant shell pairs
3C integrals and B formation took 2.906872s
Iteration |      Energy      |  DIIS Metric   | Fock Time (s) | DIIS Time (s)
----------+------------------+----------------+---------------+--------------
    1     | -1700.0946577599 |   1.0334e+03   |    1.8258     |    0.5142
    2     | -1688.6987339912 |   3.5825e+00   |    1.8392     |    0.4730
    3     | -1688.1705488033 |   5.5671e+00   |    1.7592     |    0.4353
    4     | -1689.6225371434 |   1.9936e-01   |    1.3888     |    0.4343
    5     | -1689.6483737173 |   1.0818e-01   |    1.3904     |    0.4348
    6     | -1689.6767122132 |   8.9836e-03   |    1.6753     |    0.5140
    7     | -1689.6788170168 |   1.1071e-03   |    1.8393     |    0.4727
    8     | -1689.6790269810 |   3.7772e-04   |    1.7574     |    0.4385
    9     | -1689.6791276012 |   2.2079e-05   |    1.3877     |    0.4347
   10     | -1689.6791315748 |   8.5393e-06   |    1.3910     |    0.4355
   11     | -1689.6791338831 |   3.5851e-07   |    1.6755     |    0.5146
   12     | -1689.6791339199 |   2.1911e-07   |    1.7177     |    0.5147
   13     | -1689.6791339771 |   1.6528e-08   |    1.6777     |    0.5544
   14     | -1689.6791339801 |   6.1787e-09   |    1.4333     |    0.4348
   15     | -1689.6791339818 |   3.1101e-10   |    1.3909     |    0.4356
   16     | -1689.6791339817 |   6.4424e-10   |    1.6748     |    0.5149
   17     | -1689.6791339819 |   3.6208e-11   |    1.8395     |    0.4739
Created 660642 / 2985984 significant shell pairs
Created 512852 / 2274064 significant shell pairs
Total number of grid points: 342876 (5042 per atom)
One electron integrals and orthogonalizer took 0.215060s
Created 512852 / 2274064 significant shell pairs
3C integrals and B formation took 2.656290s
Iteration |      Energy      |  DIIS Metric   | Fock Time (s) | DIIS Time (s)
----------+------------------+----------------+---------------+--------------
    1     | -1700.0838053231 |   1.0291e+03   |    1.7301     |    0.5054
    2     | -1688.7047624101 |   3.5712e+00   |    1.6103     |    0.4241
    3     | -1688.1898547358 |   5.5093e+00   |    1.6361     |    0.4725
    4     | -1689.6377876656 |   1.6846e-01   |    1.3757     |    0.4240
    5     | -1689.6665238640 |   6.1481e-02   |    1.3772     |    0.4239
    6     | -1689.6816214715 |   7.3334e-03   |    1.6129     |    0.4241
    7     | -1689.6834068303 |   1.1690e-03   |    1.6358     |    0.4727
    8     | -1689.6836629330 |   3.2548e-04   |    1.6147     |    0.4238
    9     | -1689.6837503742 |   1.8076e-05   |    1.2847     |    0.4240
   10     | -1689.6837533459 |   7.6157e-06   |    1.2822     |    0.4240
   11     | -1689.6837554961 |   3.1191e-07   |    1.6355     |    0.4733
   12     | -1689.6837555321 |   1.8483e-07   |    1.6094     |    0.4240
   13     | -1689.6837555788 |   1.7067e-08   |    1.6358     |    0.4737
   14     | -1689.6837555823 |   4.3224e-09   |    1.3755     |    0.4240
   15     | -1689.6837555835 |   2.3259e-10   |    1.3762     |    0.4241
   16     | -1689.6837555833 |   7.9811e-10   |    1.6125     |    0.4237
   17     | -1689.6837555836 |   6.1269e-11   |    1.6357     |    0.4734
Created 659095 / 2985984 significant shell pairs
Created 511388 / 2274064 significant shell pairs
Total number of grid points: 337219 (4959 per atom)
One electron integrals and orthogonalizer took 0.054048s
Created 511388 / 2274064 significant shell pairs
3C integrals and B formation took 2.802927s
Iteration |      Energy      |  DIIS Metric   | Fock Time (s) | DIIS Time (s)
----------+------------------+----------------+---------------+--------------
    1     | -1700.0928653246 |   1.0305e+03   |    1.6457     |    0.5881
    2     | -1688.7077423580 |   3.5819e+00   |    1.6614     |    0.3730
    3     | -1688.1974329442 |   5.5174e+00   |    1.6351     |    0.4349
    4     | -1689.6459103454 |   1.5100e-01   |    1.2389     |    0.4242
    5     | -1689.6699709802 |   6.1585e-02   |    1.2788     |    0.4239
    6     | -1689.6853008944 |   6.2218e-03   |    1.6361     |    0.4727
    7     | -1689.6867661897 |   1.1880e-03   |    1.6036     |    0.4240
    8     | -1689.6870466437 |   2.6167e-04   |    1.6361     |    0.4738
    9     | -1689.6871161759 |   1.7407e-05   |    1.3746     |    0.4241
   10     | -1689.6871191559 |   6.6532e-06   |    1.3711     |    0.4239
   11     | -1689.6871209718 |   3.2930e-07   |    1.6051     |    0.4238
   12     | -1689.6871210100 |   1.9728e-07   |    1.6362     |    0.4735
   13     | -1689.6871210613 |   1.4902e-08   |    1.6045     |    0.4244
   14     | -1689.6871210643 |   4.5165e-09   |    1.2773     |    0.5464
   15     | -1689.6871210655 |   2.0653e-10   |    1.2784     |    0.4238
   16     | -1689.6871210654 |   6.7887e-10   |    1.6362     |    0.4734
   17     | -1689.6871210656 |   5.7790e-11   |    1.6041     |    0.4242
Created 705021 / 2985984 significant shell pairs
Created 547954 / 2274064 significant shell pairs
Total number of grid points: 342047 (5030 per atom)
One electron integrals and orthogonalizer took 0.135514s
Created 547954 / 2274064 significant shell pairs
3C integrals and B formation took 2.940078s
Iteration |      Energy      |  DIIS Metric   | Fock Time (s) | DIIS Time (s)
----------+------------------+----------------+---------------+--------------
    1     | -1700.1011020077 |   1.0343e+03   |    1.7784     |    0.5463
    2     | -1688.6989236329 |   3.5669e+00   |    1.6808     |    0.5503
    3     | -1688.1811589858 |   5.5442e+00   |    1.7153     |    0.5147
    4     | -1689.6358130089 |   1.4783e-01   |    1.4327     |    0.3921
    5     | -1689.6614928675 |   5.2708e-02   |    1.4331     |    0.3914
    6     | -1689.6748196507 |   3.4618e-03   |    1.7177     |    0.5141
    7     | -1689.6754417131 |   1.1074e-03   |    1.6801     |    0.5512
    8     | -1689.6757044540 |   1.8118e-04   |    1.7170     |    0.5149
    9     | -1689.6757531213 |   1.5642e-05   |    1.4330     |    0.3924
   10     | -1689.6757562736 |   3.8600e-06   |    1.4328     |    0.3924
   11     | -1689.6757572682 |   2.4116e-07   |    1.7176     |    0.5148
   12     | -1689.6757572892 |   1.6468e-07   |    1.6799     |    0.5520
   13     | -1689.6757573347 |   1.2398e-08   |    1.7173     |    0.5151
   14     | -1689.6757573371 |   3.6655e-09   |    1.4334     |    0.3926
   15     | -1689.6757573381 |   2.1273e-10   |    1.4326     |    0.3926
   16     | -1689.6757573380 |   4.6817e-10   |    1.7182     |    0.5146
   17     | -1689.6757573382 |   5.2845e-11   |    1.6797     |    0.5517
Created 679601 / 2985984 significant shell pairs
Created 527567 / 2274064 significant shell pairs
Total number of grid points: 339101 (4986 per atom)
One electron integrals and orthogonalizer took 0.134872s
Created 527567 / 2274064 significant shell pairs
3C integrals and B formation took 2.670495s
Iteration |      Energy      |  DIIS Metric   | Fock Time (s) | DIIS Time (s)
----------+------------------+----------------+---------------+--------------
    1     | -1700.0860778163 |   1.0317e+03   |    1.6911     |    0.5131
    2     | -1688.6971096713 |   3.5588e+00   |    1.7420     |    0.4245
    3     | -1688.1872729819 |   5.4921e+00   |    1.6657     |    0.4433
    4     | -1689.6295678490 |   1.6002e-01   |    1.4176     |    0.4235
    5     | -1689.6543215464 |   6.6189e-02   |    1.2986     |    0.4240
    6     | -1689.6711303352 |   7.6554e-03   |    1.6644     |    0.4236
    7     | -1689.6730209609 |   9.7855e-04   |    1.6241     |    0.4237
    8     | -1689.6732138705 |   3.0779e-04   |    1.6603     |    0.4240
    9     | -1689.6732963727 |   3.1697e-05   |    1.3817     |    0.4239
   10     | -1689.6733026131 |   1.1099e-05   |    1.3855     |    0.4238
   11     | -1689.6733056067 |   5.4907e-07   |    1.6259     |    0.4236
   12     | -1689.6733056956 |   2.3492e-07   |    1.6588     |    0.4240
   13     | -1689.6733057576 |   2.0942e-08   |    1.6243     |    0.4236
   14     | -1689.6733057622 |   4.1551e-09   |    1.2988     |    0.4235
   15     | -1689.6733057633 |   3.5210e-10   |    1.2995     |    0.4237
   16     | -1689.6733057631 |   1.0844e-09   |    1.6661     |    0.4241
   17     | -1689.6733057634 |   6.1176e-11   |    1.6220     |    0.4239
Created 700743 / 2985984 significant shell pairs
Created 544379 / 2274064 significant shell pairs
Total number of grid points: 344971 (5073 per atom)
One electron integrals and orthogonalizer took 0.135889s
Created 544379 / 2274064 significant shell pairs
3C integrals and B formation took 2.944028s
Iteration |      Energy      |  DIIS Metric   | Fock Time (s) | DIIS Time (s)
----------+------------------+----------------+---------------+--------------
    1     | -1700.0950108145 |   1.0334e+03   |    1.8230     |    0.5140
    2     | -1688.6962959411 |   3.5641e+00   |    1.6799     |    0.5504
    3     | -1688.1827278498 |   5.5297e+00   |    1.7144     |    0.5158
    4     | -1689.6275378582 |   1.5920e-01   |    1.4328     |    0.3920
    5     | -1689.6514478721 |   6.8787e-02   |    1.4343     |    0.3915
    6     | -1689.6698771613 |   5.8011e-03   |    1.7177     |    0.5142
    7     | -1689.6712124430 |   1.0672e-03   |    1.6775     |    0.5538
    8     | -1689.6714407070 |   2.8795e-04   |    1.6899     |    0.4184
    9     | -1689.6715146553 |   2.4354e-05   |    1.4340     |    0.5148
   10     | -1689.6715188248 |   9.0980e-06   |    1.4341     |    0.3923
   11     | -1689.6715213686 |   2.9343e-07   |    1.7185     |    0.5151
   12     | -1689.6715213919 |   2.1017e-07   |    1.6772     |    0.5545
   13     | -1689.6715214472 |   1.4494e-08   |    1.6893     |    0.4187
   14     | -1689.6715214500 |   3.8308e-09   |    1.4319     =======================================================
                  PBE Energy Results                   
=======================================================
E PBE                 : -1689.67152145
Nuclear Repulsion Energy: 4Created 659828 / 2985984 significant shell pairs
Created 512348 / 2274064 significant shell pairs
Total number of grid points: 341896 (5027 per atom)
One electron integrals and orthogonalizer took 0.135321s
Created 512348 / 2274064 significant shell pairs
3C integrals and B formation took 2.656578s
Iteration |      Energy      |  DIIS Metric   | Fock Time (s) | DIIS Time (s)
----------+------------------+----------------+---------------+--------------
    1     | -1700.0998762502 |   1.0293e+03   |    1.6227     |    0.5946
    2     | -1688.7169173191 |   3.6053e+00   |    1.6346     |    0.3923
    3     | -1688.2040775434 |   5.5566e+00   |    1.6357     |    0.4734
    4     | -1689.6608614733 |   1.3938e-01   |    1.3734     |    0.4242
    5     | -1689.6824583667 |   6.1289e-02   |    1.3728     |    0.4241
    6     | -1689.6979566986 |   5.1052e-03   |    1.6101     |    0.4239
    7     | -1689.6990865739 |   1.0508e-03   |    1.6364     |    0.4724
    8     | -1689.6993164547 |   2.5059e-04   |    1.6043   =======================================================
                  PBE Energy Results                   
=======================================================
E PBE                 : -1689.69939037
Nuclear Repulsion Energy: 4413.68268836
Electronic Energy:        -5857.02290283
XC Energy:                -246.359176
Converged:                1
# of SCF iterations:      17
SCF Time:                 37.812s

=======================================================
            Individual Calculation Summary             
=======================================================
HF Energy: -1689.6993903669840620
=======================================================


ToCreated 651553 / 2985984 significant shell pairs
Created 505459 / 2274064 significant shell pairs
Total number of grid points: 344670 (5068 per atom)
One electron integrals and orthogonalizer took 0.214235s
Created 505459 / 2274064 significant shell pairs
3C integrals and B formation took 2.665799s
Iteration |      Energy      |  DIIS Metric   | Fock Time (s) | DIIS Time (s)
----------+------------------+----------------+---------------+--------------
    1     | -1700.0995355572 |   1.0293e+03   |    1.8193     |    0.5955
    2     | -1688.7169103339 |   3.6052e+00   |    1.6359   =======================================================
                  PBE Energy Results                   
=======================================================
E PBE                 : -1689.69940318
Nuclear Repulsion Energy: 4375.68202894
Electronic Energy:        -5819.02246022
XC Energy:                -246.358972
Converged:                1
# of SCF iterations:      17
SCF Time:                 38.143s

=======================================================
            Individual Calculation Summary             
=======================================================
HF Energy: -1689.6994031753479248
=======================================================


Topology 11 time: 38.364933 s, performance: SP: 0 FLOP/s, DP: 402.1 GFLOP/s
JSON file written to: json_logs/lustre_orion_chm213_scratch_ryan_dhdft_inputs_exess_exess_inputs_PBE_def2-TZVP_isomers_22300-22319_topology_11.json
************************************************************
**************** Running topology 13 of 20 *****************
************************************************************

**************************************Created 668993 / 2985984 significant shell pairs
Created 519097 / 2274064 significant shell pairs
Total number of grid points: 345673 (5083 per at=======================================================
                  PBE Energy Results                   
=======================================================
E PBE                 : -1689.68264923
Nuclear Repulsion Energy: 4428.40459143
Electronic Energy:        -5871.73312501
XC Energy:                -246.354116
Converged:                1
# of SCF iterations:      17
SCF Time:                 38.465s

=======================================================
            Individual Calculation Summary             
=======================================================
HF Energy: -1689.6826492288946611
=======================================================


Topology 12 time: 38.696270 s, performance: SP: 0 FLOP/s, DP: 408.4 GFLOP/s
JSON file written to: json_logs/lustre_orion_chm213_scratch_ryan_dhdft_inputs_exess_exess_inputs_PBE_def2-TZVP_isomers_22300-22319_topology_12.json
************************************************************
**************** Running topology 14 of 20 *****************
************************************************************

************************************************************
***************** Beginning RI-PBE energy ******************
************************************************************

=======================================================
                  PBE Energy Results                   
=======================================================
E PBE                 : -1689.68620213
Nuclear Repulsion Energy: 4466.66636871
Electronic Energy:        -5909.99146287
XC Energy:                -246.361108
Converged:                1
# of SCF iterations:      17
SCF Time:                 38.132s

=======================================================
            Individual Calculation Summary             
=======================================================
HF Energy: -1689.6862021267759246
=======================================================


Topology 13 time: 38.367417 s, performance: SP: 0 FLOP/s, DP: 416.5 GFLOP/s
JSON file written to: json_logs/lustre_orion_chm213_scratch_ryan_dhdft_inputs_exess_exess_inputs_PBE_def2-TZVP_isomers_22300-22319_topology_13.json
************************************************************
**************** Running topology 15 of 20 *****************
************************************************************

************************************************************
***************** Beginning RI-PBE energy ******************
************************************************************

=======================================================
                  PBE Energy Results                   
=======================================================
E PBE                 : -1689.67974249
Nuclear Repulsion Energy: 4502.67814905
Electronic Energy:        -5945.99727999
XC Energy:                -246.360612
Converged:                1
# of SCF iterations:      17
SCF Time:                 39.637s

=======================================================
            Individual Calculation Summary             
=======================================================
HF Energy: -1689.6797424878604943
=======================================================


Topology 14 time: 39.876766 s, performance: SP: 0 FLOP/s, DP: 406.4 GFLOP/s
JSON file written to: json_logs/lustre_orion_chm213_scratch_ryan_dhdft_inputs_exess_exess_inputs_PBE_def2-TZVP_isomers_22300-22319_topology_14.json
************************************************************
**************** Running topology 16 of 20 *****************
************************************************************

************************************************************
***************** Beginning RI-PBE energy ******************
************************************************************

=======================================================
                  PBE Energy Results                   
=======================================================
E PBE                 : -1689.68556167
Nuclear Repulsion Energy: 4442.15857833
Electronic Energy:        -5885.4830515
XC Energy:                -246.361089
Converged:                1
# of SCF iterations:      17
SCF Time:                 39.068s

=======================================================
            Individual Calculation Summary             
=======================================================
HF Energy: -1689.6855616667107824
=======================================================


Topology 15 time: 39.306381 s, performance: SP: 0 FLOP/s, DP: 403.4 GFLOP/s
JSON file written to: json_logs/lustre_orion_chm213_scratch_ryan_dhdft_inputs_exess_exess_inputs_PBE_def2-TZVP_isomers_22300-22319_topology_15.json
************************************************************
**************** Running topology 17 of 20 *****************
************************************************************

************************************************************
***************** Beginning RI-PBE energy ******************
************************************************************

=======================================================
                  PBE Energy Results                   
=======================================================
E PBE                 : -1689.69678052
Nuclear Repulsion Energy: 4345.61611637
Electronic Energy:        -5788.95496926
XC Energy:                -246.357928
Converged:                1
# of SCF iterations:      17
SCF Time:                 37.813s

=======================================================
            Individual Calculation Summary             
=======================================================
HF Energy: -1689.6967805209269500
=======================================================


Topology 16 time: 38.041259 s, performance: SP: 0 FLOP/s, DP: 402.6 GFLOP/s
JSON file written to: json_logs/lustre_orion_chm213_scratch_ryan_dhdft_inputs_exess_exess_inputs_PBE_def2-TZVP_isomers_22300-22319_topology_16.json
************************************************************
**************** Running topology 18 of 20 *****************
************************************************************

************************************************************
***************** Beginning RI-PBE energy ******************
************************************************************

=======================================================
                  PBE Energy Results                   
=======================================================
E PBE                 : -1689.68756296
Nuclear Repulsion Energy: 4408.10745415
Electronic Energy:        -5851.43891015
XC Energy:                -246.356107
Converged:                1
# of SCF iterations:      17
SCF Time:                 38.102s

=======================================================
            Individual Calculation Summary             
=======================================================
HF Energy: -1689.6875629567944088
=======================================================


Topology 17 time: 38.336187 s, performance: SP: 0 FLOP/s, DP: 407.1 GFLOP/s
JSON file written to: json_logs/lustre_orion_chm213_scratch_ryan_dhdft_inputs_exess_exess_inputs_PBE_def2-TZVP_isomers_22300-22319_topology_17.json
************************************************************
**************** Running topology 19 of 20 *****************
************************************************************

************************************************************
***************** Beginning RI-PBE energy ******************
************************************************************

=======================================================
                  PBE Energy Results                   
=======================================================
E PBE                 : -1689.67553166
Nuclear Repulsion Energy: 4581.51213212
Electronic Energy:        -6024.82789176
XC Energy:                -246.359772
Converged:                1
# of SCF iterations:      17
SCF Time:                 39.167s

=======================================================
            Individual Calculation Summary             
=======================================================
HF Energy: -1689.6755316553023931
=======================================================


Topology 18 time: 39.423712 s, performance: SP: 0 FLOP/s, DP: 425.4 GFLOP/s
JSON file written to: json_logs/lustre_orion_chm213_scratch_ryan_dhdft_inputs_exess_exess_inputs_PBE_def2-TZVP_isomers_22300-22319_topology_18.json
************************************************************
**************** Running topology 20 of 20 *****************
************************************************************

************************************************************
***************** Beginning RI-PBE energy ******************
************************************************************

=======================================================
                  PBE Energy Results                   
=======================================================
E PBE                 : -1689.67554525
Nuclear Repulsion Energy: 4716.61204151
Electronic Energy:        -6159.92072038
XC Energy:                -246.366866
Converged:                1
# of SCF iterations:      18
SCF Time:                 43.578s

=======================================================
            Individual Calculation Summary             
=======================================================
HF Energy: -1689.6755452454183342
=======================================================


Topology 19 time: 43.849028 s, performance: SP: 0 FLOP/s, DP: 407.3 GFLOP/s
JSON file written to: json_logs/lustre_orion_chm213_scratch_ryan_dhdft_inputs_exess_exess_inputs_PBE_def2-TZVP_isomers_22300-22319_topology_19.json
Total flops: SP: 0 FLOPS, DP: 326.3203 TFLOPS
Performance: SP: 0 FLOP/s, DP: 409.8 GFLOP/s

Now, a word from our sponsors... 
 Tim Mattson says that everytime you use CUDA a kitten gets killed. 
 Based on that logic, the source code of EXESS is built on top the corpses of millions of kittens.

[31mTotal processing time 796.608400 seconds[0m
[CRAYBLAS_WARNING] Application linked against multiple cray-libsci libraries
ignificant shell pairs
Total number of grid points: 337243 (4959 per atom)
One electron integrals and orthogonalizer took 0.054312s
Created 554340 / 2274064 significant shell pairs
3C integrals and B formation took 2.858230s
Iteration |      Energy      |  DIIS Metric   | Fock Time (s) | DIIS Time (s)
----------+------------------+----------------+---------------+--------------
    1     | -1700.0988418609 |   1.0337e+03   |    1.6858     |    0.5138
    2     | -1688.6997229271 |   3.5662e+00   |    1.8390     |    0.4736
    3     | -1688.1890802530 |   5.5208e+00   |    1.7569     |    0.4352
    4     | -1689.6351067291 |   1.4754e-01   |    1.3897     |    0.4348
    5     | -1689.6584291585 |   6.0167e-02   |    1.3898     |    0.4378
    6     | -1689.6741376594 |   4.9763e-03   |    1.6892     |    0.4247
    7     | -1689.6752211773 |   1.0908e-03   |    1.8396     |    0.4727
    8     | -1689.6754632768 |   2.3280e-04   |    1.7568     |    0.4379
    9     | -1689.6755242103 |   2.4370e-05   |    1.3882     |    0.4380
   10     | -1689.6755290128 |   8.9834e-06   |    1.3876     |    0.4379
   11     | -1689.6755315744 |   2.9215e-07   |    1.6888     |    0.4245
   12     | -1689.6755315967 |   2.1063e-07   |    1.8383     |    0.4740
   13     | -1689.6755316514 |   1.3655e-08   |    1.7573     |    0.4380
   14     | -1689.6755316540 |   4.8198e-09   |    1.3877     |    0.4383
   15     | -1689.6755316552 |   2.9419e-10   |    1.3874     |    0.4345
   16     | -1689.6755316551 |   8.0193e-10   |    1.6764     |    0.5152
   17     | -1689.6755316553 |   6.5343e-11   |    1.8391     |    0.4741
Created 759350 / 2985984 significant shell pairs
Created 590905 / 2274064 significant shell pairs
Total number of grid points: 340572 (5008 per atom)
One electron integrals and orthogonalizer took 0.175480s
Created 590905 / 2274064 significant shell pairs
3C integrals and B formation took 3.036512s
Iteration |      Energy      |  DIIS Metric   | Fock Time (s) | DIIS Time (s)
----------+------------------+----------------+---------------+--------------
    1     | -1700.1139348223 |   1.0381e+03   |    1.8402     |    0.5884
    2     | -1688.6976376918 |   3.5837e+00   |    1.8184     |    0.4192
    3     | -1688.1436420863 |   5.6646e+00   |    1.7506     |    0.4249
    4     | -1689.6012455892 |   2.4955e-01   |    1.5095     |    0.4241
    5     | -1689.6364387009 |   1.3505e-01   |    1.4681     |    0.3887
    6     | -1689.6727120993 |   1.0088e-02   |    1.7937     |    0.5946
    7     | -1689.6749339709 |   2.0154e-03   |    1.7518     |    0.4249
    8     | -1689.6753668531 |   6.2370e-04   |    1.9200     |    0.5148
    9     | -1689.6755311681 |   4.8408e-05   |    1.6093     |    0.4190
   10     | -1689.6755421192 |   1.1598e-05   |    1.4655     |    0.3853
   11     | -1689.6755449523 |   1.0507e-06   |    1.7975     |    0.5953
   12     | -1689.6755451375 |   3.7788e-07   |    1.7514     |    0.4245
   13     | -1689.6755452327 |   4.4324e-08   |    1.8745     |    0.4243
   14     | -1689.6755452424 |   1.0262e-08   |    1.5559     |    0.3927
   15     | -1689.6755452450 |   1.6037e-09   |    1.6087     |    0.4190
   16     | -1689.6755452452 |   8.4156e-10   |    1.8396     |    0.5951
   17     | -1689.6755452454 |   1.1526e-10   |    1.7514     |    0.4251
   18     | -1689.6755452454 |   5.6219e-11   |    1.8929     |    0.4186
Please cite the following papers for the methods used in this calculation:
 - J.L. Galvez Vallejo et. al., Toward an extreme-scale electronic structure system, J. Chem. Phys., 2023. DOI: 10.1063/5.0156399

 - R. Stocks, E. Palethorpe, and G.M.J. Barca, Multi-GPU RI-HF Energies and Analytic Gradients ─ Toward High-Throughput Ab Initio Molecular Dynamics, J. Chem. Theory Comput., 2024. DOI: 10.1021/acs.jctc.4c00877
   For:
     * RI-HF energy

 - D.B. Williams-Young, W.A. de Jong, H.J.J. van Dam, and C. Yang, On the Efficient Evaluation of the Exchange Correlation Potential on Graphics Processing Unit Clusters, Frontiers in Chemistry, 2020. DOI: 10.3389/fchem.2020.581058
   For:
     * GauXC implementation of exchange-correlation integration

 - R. Stocks and G.M.J. Barca, Efficient Algorithms for GPU Accelerated Evaluation of the DFT Exchange-Correlation Functional, J. Chem. Theory Comput., 2025. DOI: 10.1021/acs.jctc.5c01229
   For:
     * GPU accelerated DFT exchange-correlation evaluation

[CRAYBLAS_WARNING] Application linked against multiple cray-libsci libraries
