Total number of grid points: 341939 (5028 per atom)
Total number of grid points: 343154 (5046 per atom)
Total number of grid points: 338149 (4972 per atom)
Total number of grid points: 338115 (4972 per atom)
Total number of grid points: 337288 (4960 per atom)
Total number of grid points: 341526 (5022 per atom)
Total number of grid points: 343149 (5046 per atom)
Total number of grid points: 346406 (5094 per atom)
Total number of grid points: 343551 (5052 per atom)
Total number of grid points: 341443 (5021 per atom)
Total number of grid points: 342827 (5041 per atom)
Total number of grid points: 345481 (5080 per atom)
Total number of grid points: 347791 (5114 per atom)
Total number of grid points: 342561 (5037 per atom)
Total number of grid points: 341705 (5025 per atom)
Total number of grid points: 349508 (5139 per atom)
Total number of grid points: 349034 (5132 per atom)
Total number of grid points: 343078 (5045 per atom)
Total number of grid points: 351138 (5163 per atom)
Total number of grid points: 344353 (5064 per atom)
[CRAYBLAS_WARNING] Application linked against multiple cray-libsci libraries
5940
   10     | -1689.6775810004 |   7.8632e-06   |    1.0279     |    0.3915
   11     | -1689.6775830068 |   8.7033e-07   |    1.2593     |    0.5456
   12     | -1689.6775831820 |   2.6601e-07   |    1.1776     |    0.3886
   13     | -1689.6775832475 |   4.1506e-08   |    1.5443     |    0.4236
   14     | -1689.6775832585 |   3.7830e-09   |    1.2195     |    0.4234
   15     | -1689.6775832595 |   3.2896e-10   |    1.3123     |    0.4328
   16     | -1689.6775832593 |   9.0783e-10   |    1.7576     |    0.3923
   17     | -1689.6775832596 |   5.3823e-11   |    1.4574     |    0.4241
Created 702741 / 2985984 significant shell pairs
Created 545711 / 2274064 significant shell pairs
Total number of grid points: 343668 (5053 per atom)
One electron integrals and orthogonalizer took 0.093883s
Created 545711 / 2274064 significant shell pairs
3C integrals and B formation took 2.843097s
Iteration |      Energy      |  DIIS Metric   | Fock Time (s) | DIIS Time (s)
----------+------------------+----------------+---------------+--------------
    1     | -1700.1035758262 |   1.0355e+03   |    1.6756     |    0.5071
    2     | -1688.6953005498 |   3.5998e+00   |    1.6469     |    0.6434
    3     | -1688.1508233591 |   5.6947e+00   |    1.6539     |    0.5195
    4     | -1689.6349973650 |   1.6070e-01   |    1.4946     |    0.6664
    5     | -1689.6569220413 |   7.7680e-02   |    1.5215     |    0.7559
    6     | -1689.6770650343 |   6.5951e-03   |    1.6621     |    0.6568
    7     | -1689.6785450568 |   1.1441e-03   |    1.6224     |    0.6565
    8     | -1689.6787331372 |   4.4901e-04   |    1.6244     |    0.3477
    9     | -1689.6788569170 |   2.7554e-05   |    1.6192     |    0.6000
   10     | -1689.6788627526 |   8.1140e-06   |    1.5183     |    0.4763
   11     | -1689.6788648165 |   8.0262e-07   |    1.6234     |    0.3454
   12     | -1689.6788649642 |   2.8058e-07   |    1.7837     |    0.4766
   13     | -1689.6788650345 |   3.3466e-08   |    1.6255     |    0.3436
   14     | -1689.6788650434 |   3.1688e-09   |    1.6209     |    0.5984
   15     | -1689.6788650441 |   4.7799e-10   |    1.5193     |    0.4760
   16     | -1689.6788650441 |   6.1791e-10   |    1.6264     |    0.3416
   17     | -1689.6788650443 |   5.4487e-11   |    1.7856     |    0.4765
Created 668638 / 2985984 significant shell pairs
Created 518208 / 2274064 significant shell pairs
Total number of grid points: 341656 (5024 per atom)
One electron integrals and orthogonalizer took 0.135063s
Created 518208 / 2274064 significant shell pairs
3C integrals and B formation took 2.827898s
Iteration |      Energy      |  DIIS Metric   | Fock Time (s) | DIIS Time (s)
----------+------------------+----------------+---------------+--------------
    1     | -1700.0842021379 |   1.0314e+03   |    1.4863     |    0.5075
    2     | -1688.6993170647 |   3.5724e+00   |    1.5073     |    0.3869
    3     | -1688.1806971100 |   5.4922e+00   |    1.5070     |    0.3853
    4     | -1689.6180600347 |   2.0841e-01   |    1.3424     |    0.4655
    5     | -1689.6456466028 |   1.1586e-01   |    1.3812     |    0.4651
    6     | -1689.6768512656 |   9.4047e-03   |    1.5403     |    0.3858
    7     | -1689.6789543110 |   1.3985e-03   |    1.5067     |    0.3860
    8     | -1689.6791137367 |   8.1282e-04   |    1.5076     |    0.3857
    9     | -1689.6793618207 |   4.9794e-05   |    1.3424     |    0.4650
   10     | -1689.6793738236 |   1.1058e-05   |    1.3817     |    0.4652
   11     | -1689.6793765940 |   1.5656e-06   |    1.5448     |    0.3857
   12     | -1689.6793769866 |   1.9748e-07   |    1.5074     |    0.3864
   13     | -1689.6793770283 |   4.9890e-08   |    1.5045     |    0.3857
   14     | -1689.6793770399 |   7.7578e-09   |    1.3445     |    0.4650
   15     | -1689.6793770419 |   9.9998e-10   |    1.3794     |    0.4653
   16     | -1689.6793770418 |   1.5990e-09   |    1.5418     |    0.3857
   17     | -1689.6793770422 |   1.2046e-10   |    1.5060     |    0.3868
   18     | -1689.6793770422 |   7.9036e-11   |    1.5063     |    0.3858
Created 663415 / 2985984 significant shell pairs
Created 514699 / 2274064 significant shell pairs
Total number of grid points: 341375 (5020 per atom)
One electron integrals and orthogonalizer took 0.135731s
Created 514699 / 2274064 significant shell pairs
3C integrals and B formation took 2.916539s
Iteration |      Energy      |  DIIS Metric   | Fock Time (s) | DIIS Time (s)
----------+------------------+----------------+---------------+--------------
    1     | -1700.0789344946 |   1.0298e+03   |    1.5297     |    0.4922
    2     | -1688.7014636316 |   3.5527e+00   |    1.6427     |    0.5258
    3     | -1688.2013682236 |   5.4064e+00   |    1.6404     |    0.5241
    4     | -1689.6301491921 |   1.6620e-01   |    1.5811     |    0.6799
    5     | -1689.6562601278 |   7.4691e-02   |    1.3488     |    0.5236
    6     | -1689.6757686734 |   7.3854e-03   |    1.6439     |    0.5246
    7     | -1689.6775441461 |   1.0087e-03   |    1.6404     |    0.5240
    8     | -1689.6777470535 |   3.3389e-04   |    1.6418     |    0.4652
    9     | -1689.6778370912 |   2.1743e-05   |    1.3835     |    0.4654
   10     | -1689.6778397230 |   1.2296e-05   |    1.3831     |    0.4653
   11     | -1689.6778432937 |   9.9884e-07   |    1.5498     |    0.3852
   12     | -1689.6778435311 |   2.1916e-07   |    1.5122     |    0.3859
   13     | -1689.6778435838 |   3.9771e-08   |    1.5118     |    0.3865
   14     | -1689.6778435933 |   6.5185e-09   |    1.3454     |    0.4654
   15     | -1689.6778435950 |   5.2562e-10   |    1.3819     |    0.4650
   16     | -1689.6778435948 |   1.2270e-09   |    1.5487     |    0.3858
   17     | -1689.6778435952 |   7.9179e-11   |    1.5110     |    0.3861
Created 681727 / 2985984 significant shell pairs
Created 529435 / 2274064 significant shell pairs
Total number of grid points: 352475 (5183 per atom)
One electron integrals and orthogonalizer took 0.135602s
Created 529435 / 2274064 significant shell pairs
3C integrals and B formation took 2.930875s
Iteration |      Energy      |  DIIS Metric   | Fock Time (s) | DIIS Time (s)
----------+------------------+----------------+---------------+--------------
    1     | -1700.0880628964 |   1.0318e+03   |    1.6351     |    0.5146
    2     | -1688.6987454924 |   3.5625e+00   |    1.6412     |    0.4773
    3     | -1688.1967750425 |   5.4599e+00   |    1.6192     |    0.3482
    4     | -1689.6393612582 |   1.3327e-01   |    1.6145     |    0.3378
    5     | -1689.6605388241 |   5.5179e-02   |    1.6132     |    0.6048
    6     | -1689.6742338882 |   6.5317e-03   |    1.6406     |    0.3567
    7     | -1689.6758396517 |   9.6937e-04   |    1.6197     |    0.4885
    8     | -1689.6760548991 |   2.5761e-04   |    1.6414     |    0.4766
    9     | -1689.6761241670 |   2.0221e-05   |    1.4762     |    0.4759
   10     | -1689.6761276305 |   7.5916e-06   |    1.4771     |    0.4766
   11     | -1689.6761297229 |   5.0652e-07   |    1.6193     |    0.3492
   12     | -1689.6761298215 |   1.7434e-07   |    1.7589     |    0.4604
   13     | -1689.6761298640 |   1.7188e-08   |    1.6399     |    0.3571
   14     | -1689.6761298677 |   3.6684e-09   |    1.4735     |    0.4764
   15     | -1689.6761298686 |   2.3769e-10   |    1.4762     |    0.4763
   16     | -1689.6761298685 |   5.4781e-10   |    1.6169     |    0.3515
   17     | -1689.6761298687 |   4.4188e-11   |    1.6575     |    0.4653
Created 671176 / 2985984 significant shell pairs
Created 520532 / 2274064 significant shell pairs
Total number of grid points: 345443 (5080 per atom)
One electron integrals and orthogonalizer took 0.135562s
Created 520532 / 2274064 significant shell pairs
3C integrals and B formation took 2.915731s
Iteration |      Energy      |  DIIS Metric   | Fock Time (s) | DIIS Time (s)
----------+------------------+----------------+---------------+--------------
    1     | -1700.0902224652 |   1.0321e+03   |    1.5632     |    0.3919
    2     | -1688.6993384615 |   3.5681e+00   |    1.5918     |    0.3552
    3     | -1688.1918887038 |   5.4929e+00   |    1.5955     |    0.3651
    4     | -1689.6410700076 |   1.3642e-01   |    1.4659     |    0.4769
    5     | -1689.6630018623 |   5.4631e-02   |    1.3499     |    0.4657
    6     | -1689.6762729953 |   6.3158e-03   |    1.5513     |    0.3860
    7     | -1689.6777981966 |   8.7531e-04   |    1.5964     |    0.3699
    8     | -1689.6779735397 |   2.4852e-04   |    1.6433     |    0.4654
    9     | -1689.6780394406 |   2.3812e-05   |    1.3861     |    0.4650
   10     | -1689.6780445386 |   7.4650e-06   |    1.3872     |    0.4655
   11     | -1689.6780465732 |   4.4548e-07   |    1.5495     |    0.3861
   12     | -1689.6780466452 |   2.0305e-07   |    1.5977     |    0.3603
   13     | -1689.6780466994 |   1.9568e-08   |    1.5927     |    0.3606
   14     | -1689.6780467038 |   4.0407e-09   |    1.4700     |    0.4763
   15     | -1689.6780467049 |   2.9445e-10   |    1.3503     |    0.4652
   16     | -1689.6780467047 |   8.9563e-10   |    1.5525     |    0.3859
   17     | -1689.6780467049 |   7.1157e-11   |    1.5981     |    0.3568
Created 681104 / 2985984 significant shell pairs
Created 528781 / 2274064 significant shell pairs
Total number of grid points: 348999 (5132 per atom)
One electron integrals and orthogonalizer took 0.135109s
Created 528781 / 2274064 significant shell pairs
3C integrals and B formation took 2.932461s
Iteration |      Energy      |  DIIS Metric   | Fock Time (s) | DIIS Time (s)
----------+------------------+----------------+---------------+--------------
    1     | -1700.0893847699 |   1.0322e+03   |    1.6339     |    0.5091
    2     | -1688.6968242955 |   3.5651e+00   |    1.6201     |    0.4602
    3     | -1688.1880060888 |   5.4991e+00   |    1.6393     |    0.3682
    4     | -1689.6357923541 |   1.4360e-01   |    1.5848     |    0.3560
    5     | -1689.6589195004 |   5.4599e-02   |    1.4730     |    0.4760
    6     | -1689.6717833319 |   9.2083e-03   |    1.5984     |    0.3568
    7     | -1689.6742449802 |   1.0516e-03   |    1.5945     |    0.3687
    8     | -1689.6744722820 |   2.9775e-04   |    1.6455     |    0.4654
    9     | -1689.6745496642 |   3.1518e-05   |    1.5158     |    0.4797
   10     | -1689.6745564182 |   8.8967e-06   |    1.4761     |    0.4760
   11     | -1689.6745588484 |   7.7475e-07   |    1.5982     |    0.3604
   12     | -1689.6745589830 |   3.2433e-07   |    1.5914     |    0.3593
   13     | -1689.6745590663 |   3.9327e-08   |    1.5924     |    0.3610
   14     | -1689.6745590754 |   5.8330e-09   |    1.4690     |    0.4757
   15     | -1689.6745590769 |   5.0058e-10   |    1.4784     |    0.4763
   16     | -1689.6745590764 |   1.9735e-09   |    1.5980     |    0.3602
   17     | -1689.6745590770 |   1.4329e-10   |    1.5915     |    0.3590
   18     | -1689.6745590770 |   2.6750e-11   |    1.5933     |    0.3602
Created 694406 / 2985984 significant shell pairs
Created 539138 / 2274064 significant shell pairs
Total number of grid points: 345989 (5088 per atom)
One electron integrals and orthogonalizer took 0.135476s
Created 539138 / 2274064 significant shell pairs
3C integrals and B formation took 2.956974s
Iteration |      Energy      |  DIIS Metric   | Fock Time (s) | DIIS Time (s)
----------+------------------+----------------+---------------+--------------
    1     | -1700.0940705914 |   1.0338e+03   |    1.6096     |    0.5087
    2     | -1688.6964557507 |   3.5826e+00   |    1.6466     |    0.4803
    3     | -1688.1656877374 |   5.5917e+00   |    1.6134     |    0.3506
    4     | -1689.6261939866 |   1.8460e-01   |    1.6106     |    0.3412
    5     | -1689.6522111644 |   8.8421e-02   |    1.6097     |    0.4868
    6     | -1689.6742022907 |   1.0275e-02   |    1.6418     |    0.4760
    7     | -1689.6767406259 |   1.4702e-03   |    1.6170     |    0.3516
    8     | -1689.6770304774 |   5.8495e-04   |    1.6529     |    0.4654
    9     | -1689.6771899126 |   2.2977e-05   |    1.5189     |    0.4797
   10     | -1689.6771938731 |   8.5622e-06   |    1.4733     |    0.4764
   11     | -1689.6771961643 |   6.4784e-07   |    1.5984     |    0.3605
   12     | -1689.6771962682 |   2.8789e-07   |    1.6544     |    0.4654
   13     | -1689.6771963391 |   4.7352e-08   |    1.6406     |    0.3602
   14     | -1689.6771963506 |   7.5598e-09   |    1.4893     |    0.3864
   15     | -1689.6771963525 |   5.8334e-10   |    1.4760     |    0.4764
   16     | -1689.6771963522 |   1.5368e-09   |    1.5984     |    0.3601
   17     | -1689.6771963527 |   8.5269e-11   |    1.6550     |    0.4654
Created 695656 / 2985984 significant shell pairs
Created 540017 / 2274064 significant shell pairs
Total number of grid points: 342888 (5042 per atom)
One electron integrals and orthogonalizer took 0.135358s
Created 540017 / 2274064 significant shell pairs
3C integrals and B formation took 2.961254s
Iteration |      Energy      |  DIIS Metric   | Fock Time (s) | DIIS Time (s)
----------+------------------+----------------+---------------+--------------
    1     | -1700.0955584176 |   1.0340e+03   |    1.6069     |    0.5090
    2     | -1688.6969220865 |   3.5814e+00   |    1.6465     |    0.4764
    3     | -1688.1562352233 |   5.6207e+00   |    1.5977     |    0.3681
    4     | -1689.6116918360 |   2.3288e-01   |    1.6100     |    0.3435
    5     | -1689.6446595999 |   1.1360e-01   |    1.6108     |    0.4863
    6     | -1689.6754919359 |   7.4646e-03   |    1.6405     |    0.4758
    7     | -1689.6772245858 |   1.0141e-03   |    1.5984     |    0.3701
    8     | -1689.6772890188 |   7.4341e-04   |    1.6526     |    0.4653
    9     | -1689.6775126523 |   4.6961e-05   |    1.5196     |    0.4762
   10     | -1689.6775233148 |   1.2318e-05   |    1.4764     |    0.4762
   11     | -1689.6775263710 |   1.2988e-06   |    1.5987     |    0.3598
   12     | -1689.6775266585 |   2.7650e-07   |    1.6534     |    0.4655
   13     | -1689.6775267228 |   6.1622e-08   |    1.6408     |    0.3602
   14     | -1689.6775267389 |   6.7865e-09   |    1.4698     |    0.4753
   15     | -1689.6775267407 |   7.7147e-10   |    1.4777     |    0.4765
   16     | -1689.6775267407 |   6.3526e-10   |    1.5984     |    0.3607
   17     | -1689.6775267409 |   1.0111e-10   |    1.6537     |    0.4653
   18     | -1689.6775267409 |   6.7785e-11   |    1.6407     |  =========Created 682894 / 2985984 significant shell pairs
Created 530003 / 2274064 significant shell pairs
Total number of grid points: 345079 (5074 per atom)
One electron integrals and orthogonalizer took 0.135955s
Created 530003 / 2274064 significant shell pairs
3C integrals and B formation took 2.935658s
Iteration |      Energy      |  DIIS Metric   | Fock Time (s) | DIIS Time (s)
----------+------------------+----------------+---------------+--------------
    1     | -1700.0896081811 |   1.0320e+03   |    1.6304     |    0.5144
    2     | -1688.6985906721 |   3.5623e+00   |    1.6414     |    0.4806
    3     | -1688.1865642741 |   5.5108e+00   |    1.6159     |    0.3479
    4     | -1689.6248723775 |   1.8535e-01   |    1.6124     |    0.3398
    5     | -1689.6467136315 |   9.7078e-02   |    1.6124     |    0.6062
    6     | -1689.6712399339 |   1.3213e-02   |    1.6407     |    0.3571
    7     | -1689.6747419713 |   1.4014e-03   |    1.6140     |    0.3516
    8     | -1689.6749750237 |   6.2371e-04   |    1.6552     |    0.4658
    9     | -1689.6751559880 |   3.5975e-05   |    1.5188     |    0.4758
   10     | -1689.6751636184 |   1.0577e-05   |    1.4778     |    0.4801
   11     | -1689.6751663552 |   1.0010e-06   |    1.6156     |=======================================================
                  PBE Energy Results                   
=======================================================
E PBE                 : -1689.67516666
Nuclear Repulsion Energy: 4479.8148213
Electronic Energy:        -5923.13614598
XC Energy:                -246.353842
Converged:                1
# of SCF iterations:      17
SCF Time:                 38.499s

======================================Created 684375 / 2985984 significant shell pairs
Created 531632 / 2274064 significant shell pairs
Total number of grid points: 348082 (5118 per atom)
One electron integrals and orthogonalizer took 0.135784s
Created 531632 / 2274064 significant shell pairs
3C integrals and B formation took 2.934912s
Iteration |      Energy      |  DIIS Metric   | Fock Time (s) | DIIS Time (s)
----------+------------------+----------------+---------------+--------------
    1     | -1700.0909096259 |   1.0323e+03   |    1.6314     |    0.5093
    2     | -1688.6995977838 |   3.5626e+00   |    1.6469     |    0.4770
    3     | -1688.1857160330 |   5.4987e+00   |    1.5974     |    0.3705
    4     | -1689.6335552525 |   1.5818e-01   |    1.6064     |    0.3456
    5     | -1689.6570302847 |   7.2770e-02   |    1.6063   =======================================================
                  PBE Energy Results                   
=======================================================
E PBE                 : -1689.67730185
Nuclear Repulsion Energy: 4493.02463901
Electronic Energy:        -5936.34790925
XC Energy:                -246.354032
Converged:                1
# of SCF iterations:      17
SCF Time:                 38.269s

=======================================================
            Individual Calculation Summary             
=======================================================
HF Energy: -1689.6773018480826067
=======================================================


Topology 10 time: 38.488902 s, performance: SP: 0 FLOP/s, DP: 419.5 GFLOP/s
JSON file written to: json_logs/lustre_orion_chm213_scratch_ryan_dhdft_inputs_exess_exess_inputs_PBE_def2-TZVP_isomers_31320-31339_topology_10.json
Created 672077 / 2985984 significant shell pairs
Created 521143 / 2274064 significant shell pairs
Total number of grid points: 347845 (5115 per atom)
One electron integrals and orthogonalizer took 0.176587s
Created 521143 / 2274064 significant shell pairs
3C integrals and B formation took 2.796568s
Iteration |      Energy      |  DIIS Metric   | Fock Time (s) | DIIS=======================================================
                  PBE Energy Results                   
=======================================================
E PBE                 : -1689.67862808
Nuclear Repulsion Energy: 4440.67436268
Electronic Energy:        -5883.99802672
XC Energy:                -246.354964
Converged:                1
# of SCF iterations:      17
SCF Time:                 37.573s

=======================================================
            Individual Calculation Summary             
=======================================================
HF Energy: -1689.6786280848079969
=======================================================


Topology 11 time: 37.789229 s, performance: SP: 0 FLOP/s, DP: 419.7 GFLOP/s
JSON file written to: json_logs/lustre_orion_chm213_scratch_ryan_dhdft_inputs_exess_exess_inputs_PBE_def2-TZVP_isomers_31320-31339_topology_11.json
************************************************************
**************** Running topology 13 of 20 *****************
************************************************************

************************************************************
***************** Beginning RI-PBE energy ******************
************************************************************

=======================================================
                  PBE Energy Results                   
=======================================================
E PBE                 : -1689.6787939
Nuclear Repulsion Energy: 4550.28619266
Electronic Energy:        -5993.60226345
XC Energy:                -246.362723
Converged:                1
# of SCF iterations:      17
SCF Time:                 39.203s

=======================================================
            Individual Calculation Summary             
=======================================================
HF Energy: -1689.6787939000505503
=======================================================


Topology 12 time: 39.431318 s, performance: SP: 0 FLOP/s, DP: 420.4 GFLOP/s
JSON file written to: json_logs/lustre_orion_chm213_scratch_ryan_dhdft_inputs_exess_exess_inputs_PBE_def2-TZVP_isomers_31320-31339_topology_12.json
************************************************************
**************** Running topology 14 of 20 *****************
************************************************************

************************************************************
***************** Beginning RI-PBE energy ******************
************************************************************

=======================================================
                  PBE Energy Results                   
=======================================================
E PBE                 : -1689.67650821
Nuclear Repulsion Energy: 4573.87457838
Electronic Energy:        -6017.19724506
XC Energy:                -246.353842
Converged:                1
# of SCF iterations:      18
SCF Time:                 40.484s

=======================================================
            Individual Calculation Summary             
=======================================================
HF Energy: -1689.6765082096442256
=======================================================


Topology 13 time: 40.718430 s, performance: SP: 0 FLOP/s, DP: 414.3 GFLOP/s
JSON file written to: json_logs/lustre_orion_chm213_scratch_ryan_dhdft_inputs_exess_exess_inputs_PBE_def2-TZVP_isomers_31320-31339_topology_13.json
************************************************************
**************** Running topology 15 of 20 *****************
************************************************************

************************************************************
***************** Beginning RI-PBE energy ******************
************************************************************

=======================================================
                  PBE Energy Results                   
=======================================================
E PBE                 : -1689.65224299
Nuclear Repulsion Energy: 4636.83634535
Electronic Energy:        -6080.13046866
XC Energy:                -246.358120
Converged:                1
# of SCF iterations:      18
SCF Time:                 43.018s

=======================================================
            Individual Calculation Summary             
=======================================================
HF Energy: -1689.6522429936399021
=======================================================


Topology 14 time: 43.260607 s, performance: SP: 0 FLOP/s, DP: 399.6 GFLOP/s
JSON file written to: json_logs/lustre_orion_chm213_scratch_ryan_dhdft_inputs_exess_exess_inputs_PBE_def2-TZVP_isomers_31320-31339_topology_14.json
************************************************************
**************** Running topology 16 of 20 *****************
************************************************************

************************************************************
***************** Beginning RI-PBE energy ******************
************************************************************

=======================================================
                  PBE Energy Results                   
=======================================================
E PBE                 : -1689.6538845
Nuclear Repulsion Energy: 4627.31105909
Electronic Energy:        -6070.61108179
XC Energy:                -246.353862
Converged:                1
# of SCF iterations:      17
SCF Time:                 39.885s

=======================================================
            Individual Calculation Summary             
=======================================================
HF Energy: -1689.6538844998892728
=======================================================


Topology 15 time: 40.125919 s, performance: SP: 0 FLOP/s, DP: 427.9 GFLOP/s
JSON file written to: json_logs/lustre_orion_chm213_scratch_ryan_dhdft_inputs_exess_exess_inputs_PBE_def2-TZVP_isomers_31320-31339_topology_15.json
************************************************************
**************** Running topology 17 of 20 *****************
************************************************************

************************************************************
***************** Beginning RI-PBE energy ******************
************************************************************

=======================================================
                  PBE Energy Results                   
=======================================================
E PBE                 : -1689.65249816
Nuclear Repulsion Energy: 4641.66412226
Electronic Energy:        -6084.96022885
XC Energy:                -246.356392
Converged:                1
# of SCF iterations:      18
SCF Time:                 42.904s

=======================================================
            Individual Calculation Summary             
=======================================================
HF Energy: -1689.6524981607358313
=======================================================


Topology 16 time: 43.149474 s, performance: SP: 0 FLOP/s, DP: 402 GFLOP/s
JSON file written to: json_logs/lustre_orion_chm213_scratch_ryan_dhdft_inputs_exess_exess_inputs_PBE_def2-TZVP_isomers_31320-31339_topology_16.json
************************************************************
**************** Running topology 18 of 20 *****************
************************************************************

************************************************************
***************** Beginning RI-PBE energy ******************
************************************************************

=======================================================
                  PBE Energy Results                   
=======================================================
E PBE                 : -1689.65570293
Nuclear Repulsion Energy: 4632.64192802
Electronic Energy:        -6075.94215174
XC Energy:                -246.355479
Converged:                1
# of SCF iterations:      17
SCF Time:                 40.145s

=======================================================
            Individual Calculation Summary             
=======================================================
HF Energy: -1689.6557029326747852
=======================================================


Topology 17 time: 40.390498 s, performance: SP: 0 FLOP/s, DP: 426.2 GFLOP/s
JSON file written to: json_logs/lustre_orion_chm213_scratch_ryan_dhdft_inputs_exess_exess_inputs_PBE_def2-TZVP_isomers_31320-31339_topology_17.json
************************************************************
**************** Running topology 19 of 20 *****************
************************************************************

************************************************************
***************** Beginning RI-PBE energy ******************
************************************************************

=======================================================
                  PBE Energy Results                   
=======================================================
E PBE                 : -1689.65761003
Nuclear Repulsion Energy: 4657.12862492
Electronic Energy:        -6100.42810175
XC Energy:                -246.358133
Converged:                1
# of SCF iterations:      18
SCF Time:                 42.262s

=======================================================
            Individual Calculation Summary             
=======================================================
HF Energy: -1689.6576100330098598
=======================================================


Topology 18 time: 42.513535 s, performance: SP: 0 FLOP/s, DP: 410 GFLOP/s
JSON file written to: json_logs/lustre_orion_chm213_scratch_ryan_dhdft_inputs_exess_exess_inputs_PBE_def2-TZVP_isomers_31320-31339_topology_18.json
************************************************************
**************** Running topology 20 of 20 *****************
************************************************************

************************************************************
***************** Beginning RI-PBE energy ******************
************************************************************

=======================================================
                  PBE Energy Results                   
=======================================================
E PBE                 : -1689.65333092
Nuclear Repulsion Energy: 4667.25729694
Electronic Energy:        -6110.55208906
XC Energy:                -246.358539
Converged:                1
# of SCF iterations:      17
SCF Time:                 40.736s

=======================================================
            Individual Calculation Summary             
=======================================================
HF Energy: -1689.6533309246872250
=======================================================


Topology 19 time: 40.989353 s, performance: SP: 0 FLOP/s, DP: 425.1 GFLOP/s
JSON file written to: json_logs/lustre_orion_chm213_scratch_ryan_dhdft_inputs_exess_exess_inputs_PBE_def2-TZVP_isomers_31320-31339_topology_19.json
Total flops: SP: 0 FLOPS, DP: 330.18628 TFLOPS
Performance: SP: 0 FLOP/s, DP: 411.9 GFLOP/s

Now, a word from our sponsors... 
 Oh no, the code broke on AMD...

[31mTotal processing time 801.847978 seconds[0m
[CRAYBLAS_WARNING] Application linked against multiple cray-libsci libraries
| -1689.6557025682 |   1.2530e-06   |    1.6640     |    0.4656
   12     | -1689.6557028714 |   1.9695e-07   |    1.6748     |    0.4812
   13     | -1689.6557029131 |   6.6836e-08   |    1.6615     |    0.3866
   14     | -1689.6557029298 |   9.8964e-09   |    1.5992     |    0.3609
   15     | -1689.6557029321 |   2.0021e-09   |    1.5913     |    0.3602
   16     | -1689.6557029322 |   1.7213e-09   |    1.6627     |    0.4656
   17     | -1689.6557029327 |   9.2909e-11   |    1.6741     |    0.4801
Created 740685 / 2985984 significant shell pairs
Created 575359 / 2274064 significant shell pairs
Total number of grid points: 342793 (5041 per atom)
One electron integrals and orthogonalizer took 0.135971s
Created 575359 / 2274064 significant shell pairs
3C integrals and B formation took 2.964200s
Iteration |      Energy      |  DIIS Metric   | Fock Time (s) | DIIS Time (s)
----------+------------------+----------------+---------------+--------------
    1     | -1700.0935586582 |   1.0382e+03   |    1.6750     |    0.5081
    2     | -1688.6799232699 |   3.5669e+00   |    1.6713     |    0.4656
    3     | -1688.1425962315 |   5.6264e+00   |    1.6762     |    0.6014
    4     | -1689.6113352288 |   1.7322e-01   |    1.5476     |    0.3897
    5     | -1689.6437131705 |   5.1486e-02   |    1.5951     |    0.3684
    6     | -1689.6562304335 |   4.9988e-03   |    1.7863     |    0.4759
    7     | -1689.6571652337 |   1.5112e-03   |    1.6717     |    0.4653
    8     | -1689.6575205237 |   3.1107e-04   |    1.6773     |    0.6013
    9     | -1689.6575996789 |   3.5720e-05   |    1.5469     |    0.3902
   10     | -1689.6576076618 |   8.6239e-06   |    1.5944     |    0.3607
   11     | -1689.6576098386 |   6.9925e-07   |    1.6644     |    0.4654
   12     | -1689.6576099301 |   3.5400e-07   |    1.6744     |    0.4818
   13     | -1689.6576100148 |   6.0554e-08   |    1.6650     |    0.3901
   14     | -1689.6576100312 |   5.7458e-09   |    1.5938     |    0.3604
   15     | -1689.6576100328 |   7.4514e-10   |    1.5918     |    0.3617
   16     | -1689.6576100328 |   7.4835e-10   |    1.6640     |    0.4658
   17     | -1689.6576100330 |   1.1229e-10   |    1.6736     |    0.4820
   18     | -1689.6576100330 |   3.9693e-11   |    1.6636     |    0.3909
Created 744514 / 2985984 significant shell pairs
Created 578242 / 2274064 significant shell pairs
Total number of grid points: 345387 (5079 per atom)
One electron integrals and orthogonalizer took 0.136679s
Created 578242 / 2274064 significant shell pairs
3C integrals and B formation took 2.974826s
Iteration |      Energy      |  DIIS Metric   | Fock Time (s) | DIIS Time (s)
----------+------------------+----------------+---------------+--------------
    1     | -1700.0955827987 |   1.0394e+03   |    1.7917     |    0.4751
    2     | -1688.6742100572 |   3.5725e+00   |    1.6718     |    0.4657
    3     | -1688.1191256914 |   5.6971e+00   |    1.7134     |    0.4661
    4     | -1689.5959284441 |   2.0784e-01   |    1.5500     |    0.3867
    5     | -1689.6261669571 |   9.2956e-02   |    1.5976     |    0.3680
    6     | -1689.6499197352 |   1.2173e-02   |    1.7878     |    0.4759
    7     | -1689.6529367363 |   1.3761e-03   |    1.6715     |    0.4654
    8     | -1689.6531399972 |   6.4693e-04   |    1.7141     |    0.4658
    9     | -1689.6533123213 |   5.9590e-05   |    1.5466     |    0.3859
   10     | -1689.6533260156 |   1.6515e-05   |    1.5983     |    0.3609
   11     | -1689.6533303463 |   1.9648e-06   |    1.6646     |    0.4658
   12     | -1689.6533308479 |   2.6724e-07   |    1.6767     |    0.6007
   13     | -1689.6533309128 |   4.3319e-08   |    1.6765     |    0.4796
   14     | -1689.6533309239 |   2.9394e-09   |    1.5124     |    0.4659
   15     | -1689.6533309243 |   1.3374e-09   |    1.5502     |    0.3901
   16     | -1689.6533309244 |   1.0690e-09   |    1.6680     |    0.4658
   17     | -1689.6533309247 |   8.6466e-11   |    1.6780     |    0.6009
Please cite the following papers for the methods used in this calculation:
 - J.L. Galvez Vallejo et. al., Toward an extreme-scale electronic structure system, J. Chem. Phys., 2023. DOI: 10.1063/5.0156399

 - R. Stocks, E. Palethorpe, and G.M.J. Barca, Multi-GPU RI-HF Energies and Analytic Gradients ─ Toward High-Throughput Ab Initio Molecular Dynamics, J. Chem. Theory Comput., 2024. DOI: 10.1021/acs.jctc.4c00877
   For:
     * RI-HF energy

 - D.B. Williams-Young, W.A. de Jong, H.J.J. van Dam, and C. Yang, On the Efficient Evaluation of the Exchange Correlation Potential on Graphics Processing Unit Clusters, Frontiers in Chemistry, 2020. DOI: 10.3389/fchem.2020.581058
   For:
     * GauXC implementation of exchange-correlation integration

 - R. Stocks and G.M.J. Barca, Efficient Algorithms for GPU Accelerated Evaluation of the DFT Exchange-Correlation Functional, J. Chem. Theory Comput., 2025. DOI: 10.1021/acs.jctc.5c01229
   For:
     * GPU accelerated DFT exchange-correlation evaluation

[CRAYBLAS_WARNING] Application linked against multiple cray-libsci libraries
