Total number of grid points: 319439 (4991 per atom)
Total number of grid points: 322671 (5041 per atom)
Total number of grid points: 325596 (5087 per atom)
Total number of grid points: 325427 (5084 per atom)
Total number of grid points: 322901 (5045 per atom)
Total number of grid points: 321451 (5022 per atom)
Total number of grid points: 325616 (5087 per atom)
Total number of grid points: 323210 (5050 per atom)
Total number of grid points: 325551 (5086 per atom)
Total number of grid points: 326831 (5106 per atom)
Total number of grid points: 320974 (5015 per atom)
Total number of grid points: 323080 (5048 per atom)
Total number of grid points: 330621 (5165 per atom)
Total number of grid points: 325895 (5092 per atom)
Total number of grid points: 325094 (5079 per atom)
Total number of grid points: 320996 (5015 per atom)
Total number of grid points: 327803 (5121 per atom)
Total number of grid points: 325650 (5088 per atom)
Total number of grid points: 323367 (5052 per atom)
Total number of grid points: 323002 (5046 per atom)
[CRAYBLAS_WARNING] Application linked against multiple cray-libsci libraries
4719
   10     | -1612.3254684560 |   6.2916e-06   |    1.3131     |    0.4308
   11     | -1612.3254699924 |   9.5385e-07   |    1.3118     |    0.4264
   12     | -1612.3254702083 |   2.6970e-07   |    1.3176     |    0.2884
   13     | -1612.3254702823 |   2.7673e-08   |    1.4835     |    0.3462
   14     | -1612.3254702885 |   5.6105e-09   |    1.2450     |    0.3773
   15     | -1612.3254702899 |   4.8262e-10   |    1.2864     |    0.3091
   16     | -1612.3254702898 |   8.4013e-10   |    1.4352     |    0.4259
   17     | -1612.3254702900 |   7.6215e-11   |    1.3715     |    0.2967
Created 675529 / 2702736 significant shell pairs
Created 523658 / 2056356 significant shell pairs
Total number of grid points: 326583 (5102 per atom)
One electron integrals and orthogonalizer took 0.159848s
Created 523658 / 2056356 significant shell pairs
3C integrals and B formation took 2.622412s
Iteration |      Energy      |  DIIS Metric   | Fock Time (s) | DIIS Time (s)
----------+------------------+----------------+---------------+--------------
    1     | -1622.4011774680 |   9.9348e+02   |    1.5639     |    0.4571
    2     | -1611.4313109274 |   3.3189e+00   |    1.4698     |    0.4875
    3     | -1610.9826428586 |   5.0124e+00   |    1.4482     |    0.5540
    4     | -1612.3075319908 |   1.2386e-01   |    1.2737     |    0.4981
    5     | -1612.3274936091 |   5.3407e-02   |    1.3479     |    0.6477
    6     | -1612.3404700634 |   4.6483e-03   |    1.3666     |    0.6488
    7     | -1612.3413977863 |   1.3911e-03   |    1.3447     |    0.6435
    8     | -1612.3417332375 |   3.4189e-04   |    1.3653     |    0.3470
    9     | -1612.3418300299 |   2.5585e-05   |    1.2406     |    0.3584
   10     | -1612.3418355724 |   6.7200e-06   |    1.1631     |    0.3253
   11     | -1612.3418373271 |   4.5107e-07   |    1.5339     |    0.3821
   12     | -1612.3418373912 |   2.3191e-07   |    1.4814     |    0.3496
   13     | -1612.3418374527 |   1.8028e-08   |    1.5392     |    0.3272
   14     | -1612.3418374565 |   4.8064e-09   |    1.3477     |    0.3115
   15     | -1612.3418374577 |   4.7199e-10   |    1.3473     |    0.3466
   16     | -1612.3418374576 |   7.8677e-10   |    1.3462     |    0.3400
   17     | -1612.3418374578 |   1.7965e-10   |    1.4856     |    0.3358
   18     | -1612.3418374578 |   1.9188e-11   |    1.4921     |    0.3358
Created 716563 / 2702736 significant shell pairs
Created 555814 / 2056356 significant shell pairs
Total number of grid points: 327020 (5109 per atom)
One electron integrals and orthogonalizer took 0.166730s
Created 555814 / 2056356 significant shell pairs
3C integrals and B formation took 2.582297s
Iteration |      Energy      |  DIIS Metric   | Fock Time (s) | DIIS Time (s)
----------+------------------+----------------+---------------+--------------
    1     | -1622.4091325923 |   9.9612e+02   |    1.5352     |    0.3392
    2     | -1611.4297630610 |   3.3403e+00   |    1.5762     |    0.3272
    3     | -1610.9448848305 |   5.1450e+00   |    1.4816     |    0.3646
    4     | -1612.2778691979 |   2.1525e-01   |    1.3103     |    0.3645
    5     | -1612.3016679037 |   1.4271e-01   |    1.3690     |    0.5008
    6     | -1612.3407864813 |   9.8320e-03   |    1.4410     |    0.5136
    7     | -1612.3429898645 |   1.8006e-03   |    1.4818     |    0.4168
    8     | -1612.3433561470 |   6.0103e-04   |    1.4005     |    0.2772
    9     | -1612.3435130677 |   4.2870e-05   |    1.5785     |    0.3600
   10     | -1612.3435220372 |   1.1830e-05   |    1.3670     |    0.3380
   11     | -1612.3435250567 |   1.2275e-06   |    1.5498     |    0.2765
   12     | -1612.3435253320 |   2.5069e-07   |    1.5988     |    0.4260
   13     | -1612.3435253925 |   4.9457e-08   |    1.6017     |    0.3100
   14     | -1612.3435254032 |   1.5155e-08   |    1.3461     |    0.3265
   15     | -1612.3435254073 |   1.5050e-09   |    1.3613     |    0.2996
   16     | -1612.3435254074 |   1.1335e-09   |    1.4011     |    0.3330
   17     | -1612.3435254076 |   1.4627e-10   |    1.4813     |    0.4171
   18     | -1612.3435254077 |   6.9883e-11   |    1.4005     |    0.2770
Created 642814 / 2702736 significant shell pairs
Created 497139 / 2056356 significant shell pairs
Total number of grid points: 321987 (5031 per atom)
One electron integrals and orthogonalizer took 0.086844s
Created 497139 / 2056356 significant shell pairs
3C integrals and B formation took 2.419274s
Iteration |      Energy      |  DIIS Metric   | Fock Time (s) | DIIS Time (s)
----------+------------------+----------------+---------------+--------------
    1     | -1622.3898264003 |   9.9130e+02   |    1.4034     |    0.4675
    2     | -1611.4329361893 |   3.3127e+00   |    1.3716     |    0.4893
    3     | -1610.9858066981 |   4.9696e+00   |    1.4083     |    0.4978
    4     | -1612.2979499442 |   1.5979e-01   |    1.2806     |    0.5269
    5     | -1612.3222613953 |   7.5811e-02   |    1.3008     |    0.6483
    6     | -1612.3422982480 |   5.4996e-03   |    1.2913     |    0.6965
    7     | -1612.3434982085 |   1.3250e-03   |    1.2910     |    0.6967
    8     | -1612.3437885750 |   4.4150e-04   |    1.2890     |    0.3974
    9     | -1612.3439110098 |   3.9921e-05   |    1.1428     |    0.3362
   10     | -1612.3439191085 |   1.3672e-05   |    1.2019     |    0.2778
   11     | -1612.3439230093 |   1.0979e-06   |    1.4548     |    0.3091
   12     | -1612.3439232614 |   2.1579e-07   |    1.3683     |    0.3641
   13     | -1612.3439233126 |   4.1691e-08   |    1.5325     |    0.3360
   14     | -1612.3439233229 |   8.8416e-09   |    1.2826     |    0.3811
   15     | -1612.3439233253 |   6.6099e-10   |    1.0722     |    0.3378
   16     | -1612.3439233251 |   1.4223e-09   |    1.3956     |    0.3049
   17     | -1612.3439233255 |   1.4900e-10   |    1.4802     |    0.3399
   18     | -1612.3439233255 |   3.8441e-11   |    1.4053     |    0.3805
Created 629154 / 2702736 significant shell pairs
Created 486573 / 2056356 significant shell pairs
Total number of grid points: 325553 (5086 per atom)
One electron integrals and orthogonalizer took 0.127487s
Created 486573 / 2056356 significant shell pairs
3C integrals and B formation took 2.460138s
Iteration |      Energy      |  DIIS Metric   | Fock Time (s) | DIIS Time (s)
----------+------------------+----------------+---------------+--------------
    1     | -1622.3790828682 |   9.8812e+02   |    1.1865     |    0.3904
    2     | -1611.4347896353 |   3.3147e+00   |    1.3435     |    0.3791
    3     | -1610.9849679431 |   4.9810e+00   |    1.3558     |    0.2840
    4     | -1612.2985952283 |   1.7111e-01   |    1.1825     |    0.3673
    5     | -1612.3262434951 |   7.1355e-02   |    1.1921     |    0.4076
    6     | -1612.3431192031 |   1.0572e-02   |    1.1986     |    0.2772
    7     | -1612.3458415207 |   2.1483e-03   |    1.4836     |    0.3643
    8     | -1612.3463954192 |   5.9042e-04   |    1.3670     |    0.3795
    9     | -1612.3465626832 |   4.0693e-05   |    1.1191     |    0.2776
   10     | -1612.3465713793 |   1.3579e-05   |    1.2932     |    0.3361
   11     | -1612.3465750993 |   1.1455e-06   |    1.2806     |    0.3835
   12     | -1612.3465753557 |   2.6368e-07   |    1.1934     |    0.3646
   13     | -1612.3465754165 |   5.5467e-08   |    1.3671     |    0.3370
   14     | -1612.3465754290 |   1.0862e-08   |    1.1208     |    0.2777
   15     | -1612.3465754320 |   1.0624e-09   |    1.2928     |    0.3798
   16     | -1612.3465754311 |   3.8381e-09   |    1.2796     |    0.3829
   17     | -1612.3465754322 |   5.2818e-10   |    1.1945     |    0.3648
   18     | -1612.3465754323 |   4.1871e-11   |    1.3672     |    0.3374
Created 633999 / 2702736 significant shell pairs
Created 490251 / 2056356 significant shell pairs
Total number of grid points: 323620 (5056 per atom)
One electron integrals and orthogonalizer took 0.098985s
Created 490251 / 2056356 significant shell pairs
3C integrals and B formation took 2.480492s
Iteration |      Energy      |  DIIS Metric   | Fock Time (s) | DIIS Time (s)
----------+------------------+----------------+---------------+--------------
    1     | -1622.3931144855 |   9.9005e+02   |    1.2900     |    0.4900
    2     | -1611.4407894112 |   3.3301e+00   |    1.3181     |    0.3295
    3     | -1610.9904582508 |   5.0102e+00   |    1.2412     |    0.3504
    4     | -1612.3113344584 |   1.5106e-01   |    1.2158     |    0.3382
    5     | -1612.3356808623 |   6.6422e-02   |    1.1713     |    0.2833
    6     | -1612.3523695389 |   5.0807e-03   |    1.4805     |    0.2833
    7     | -1612.3533010811 |   1.8757e-03   |    1.4499     |    0.3360
    8     | -1612.3537665471 |   5.0628e-04   |    1.2847     |    0.3791
    9     | -1612.3539125745 |   3.1031e-05   |    1.0703     |    0.3384
   10     | -1612.3539187817 |   1.1571e-05   |    1.1512     |    0.3398
   11     | -1612.3539220669 |   8.9058e-07   |    1.4046     |    0.3865
   12     | -1612.3539222566 |   2.1609e-07   |    1.3656     |    0.4515
   13     | -1612.3539223104 |   3.0752e-08   |    1.2872     |    0.4978
   14     | -1612.3539223178 |   5.2507e-09   |    1.2786     |    0.3870
   15     | -1612.3539223192 |   4.1930e-10   |    1.0697     |    0.3383
   16     | -1612.3539223190 |   1.0156e-09   |    1.3053     |    0.3332
   17     | -1612.3539223192 |   1.3582e-10   |    1.4805     |    0.3392
   18     | -1612.3539223193 |   2.5687e-11   |    1.4056     |    0.3193
Created 662298 / 2702736 significant shell pairs
Created 513224 / 2056356 significant shell pairs
Total number of grid points: 322438 (5038 per atom)
One electron integrals and orthogonalizer took 0.133247s
Created 513224 / 2056356 significant shell pairs
3C integrals and B formation took 2.571366s
Iteration |      Energy      |  DIIS Metric   | Fock Time (s) | DIIS Time (s)
----------+------------------+----------------+---------------+--------------
    1     | -1622.3974804387 |   9.9288e+02   |    1.2650     |    0.5417
    2     | -1611.4322895150 |   3.3246e+00   |    1.3140     |    0.3392
    3     | -1610.9821893465 |   5.0345e+00   |    1.3675     |    0.3903
    4     | -1612.3090178268 |   1.2767e-01   |    1.1869     |    0.3075
    5     | -1612.3289217390 |   5.4800e-02   |    1.3033     |    0.3360
    6     | -1612.3428005898 |   3.8013e-03   |    1.4031     |    0.3650
    7     | -1612.3435470874 |   1.2220e-03   |    1.3075     |    0.4501
    8     | -1612.3438339692 |   3.2673e-04   |    1.2632     |    0.2772
    9     | -1612.3439265266 |   2.3256e-05   |    1.4556     |    0.3365
   10     | -1612.3439305574 |   9.0797e-06   |    1.1658     |    0.3092
   11     | -1612.3439330706 |   6.9353e-07   |    1.4270     |    0.2775
   12     | -1612.3439331996 |   2.5744e-07   |    1.5371     |    0.3774
   13     | -1612.3439332665 |   2.3142e-08   |    1.4350     |    0.3094
   14     | -1612.3439332716 |   4.9711e-09   |    1.3359     |    0.3940
   15     | -1612.3439332729 |   5.2860e-10   |    1.1610     |    0.3645
   16     | -1612.3439332727 |   1.0855e-09   |    1.3686     |    0.3905
   17     | -1612.3439332730 |   1.3053e-10   |    1.4196     |    0.3332
   18     | -1612.3439332730 |   2.5418e-11   |    1.5103     |    0.3106
Created 675061 / 2702736 significant shell pairs
Created 522525 / 2056356 significant shell pairs
Total number of grid points: 322062 (5032 per atom)
One electron integrals and orthogonalizer took 0.174144s
Created 522525 / 2056356 significant shell pairs
3C integrals and B formation took 2.471485s
Iteration |      Energy      |  DIIS Metric   | Fock Time (s) | DIIS Time (s)
----------+------------------+----------------+---------------+--------------
    1     | -1622.3952863965 |   9.9489e+02   |    1.5699     |    0.4610
    2     | -1611.4144638091 |   3.3025e+00   |    1.4402     |    0.4082
    3     | -1610.9562263526 |   5.0368e+00   |    1.3194     |    0.3480
    4     | -1612.2768498093 |   1.6658e-01   |    1.1751     |    0.3646
    5     | -1612.3041029852 |   6.5605e-02   |    1.1585     |    0.3254
    6     | -1612.3204677955 |   5.4460e-03   |    1.5250     |    0.3898
    7     | -1612.3216262779 |   1.4727e-03   |    1.4816     |    0.4008
    8     | -1612.3219387771 |   4.2674e-04   |    1.4868     |    0.3284
    9     | -1612.3220575531 |   3.8460e-05   |    1.3438     |    0.3151
   10     | -1612.3220654629 |   1.4370e-05   |    1.3041     |    0.3483
   11     | -1612.3220695097 |   1.4828e-06   |    1.3440     |    0.3501
   12     | -1612.3220698712 |   2.5095e-07   |    1.4758     |    0.3365
   13     | -1612.3220699270 |   6.2683e-08   |    1.3850     |    0.3332
   14     | -1612.3220699431 |   7.3927e-09   |    1.2329     |    0.3503
   15     | -1612.3220699449 |   8.5963e-10   |    1.3547     |    0.3359
   16     | -1612.3220699446 |   1.7222e-09   |    1.4500     |    0.3358
   17     | -1612.3220699451 |   1.3629e-10   |    1.3234     |    0.3485
   18     | -1612.3220699451 |   5.2773e-11   |    1.3443     |    0.3499
Created 650937 / 2702736 significant shell pairs
Created 503600 / 2056356 significant shell pairs
Total number of grid points: 317743 (4964 per atom)
One electron integrals and orthogonalizer took 0.168846s
Created 503600 / 2056356 significant shell pairs
3C integrals and B formation took 2.403708s
Iteration |      Energy      |  DIIS Metric   | Fock Time (s) | DIIS Time (s)
----------+------------------+----------------+---------------+--------------
    1     | -1622.3851114835 |   9.9102e+02   |    1.4004     |    0.3863
    2     | -1611.4284038782 |   3.3054e+00   |    1.3699     |    0.4490
    3     | -1610.9840169430 |   4.9627e+00   |    1.4486     |    0.3361
    4     | -1612.2978996932 |   1.4400e-01   |    1.2831     |    0.3806
    5     | -1612.3219666128 |   5.7549e-02   |    1.1649     |    0.4580
    6     | -1612.3357891644 |   5.9380e-03   |    1.3690     |    0.3902
    7     | -1612.3370459372 |   1.8508e-03   |    1.3960     |    0.4263
    8     | -1612.3374975433 |   5.8411e-04   |    1.4803     |    0.3395
    9     | -1612.3376692653 |   3.0430e-05   |    1.2432     |    0.3357
   10     | -1612.3376752885 |   9.7096e-06   |    1.1951     |    0.4076
   11     | -1612.3376778649 |   9.0099e-07   |    1.2853     |    0.5122
   12     | -1612.3376780545 |   2.7066e-07   |    1.2899     |    0.3603
   13     | -1612.3376781221 |   4.1984e-08   |    1.3689     |    0=======================================================
                  PBE Energy Results                   
=======================================================
E PBE                 : -1612.33767813
Nuclear Repulsion Energy: 4181.06236036
Electronic Energy:        -5558.56358577
XC Energy:                -234.836453
Converged:                1
# of SCF iterations:  Created 677647 / 2702736 significant shell pairs
Created 525084 / 2056356 significant shell pairs
Total number of grid points: 321548 (5024 per atom)
One electron integrals and orthogonalizer took 0.174064s
Created 525084 / 2056356 significant shell pairs
3C integrals and B formation took 2.496378s
Iteration |      Energy      |  DIIS Metric   | Fock Time (s) | DIIS Time (s)
----------+------------------+----------------+---------------+--------------
    1     | -1622.3890849065 |   9.9259e+02   |    1.6027     |    0.4070
    2     | -1611.4267570594 |   3.3264e+00   |    1.4815     |    0.3506
    3     | -1610.9511477398 |   5.0795e+00   |    1.5368     |    0.3267
    4     | -1612.2694564550 |   2.3199e-01   |    1.3470     |    0.3131
    5     | -1612.2936332643 |   1.5151e-01   |    1.3069     |    0.3485
    6     | -1612.3357987010 |   1.4864e-02   |    1.3443     |   =======================================================
                  PBE Energy Results                   
=======================================================
E PBE                 : -1612.34019191
Nuclear Repulsion Energy: 4268.75122759
Electronic Energy:        -5646.25218144
XC Energy:                -234.839238
Converged:                1
# of SCF iterations:      18
SCF Time:                 35.111s

=======================================================
            Individual Calculation Summary             
=======================================================
HF Energy: -1612.3401919065845505
=======================================================


Topology 9 time: 35.317285 s, performance: SP: 0 FLOP/s, DP: 408.9 GFLOP/s
JSON file written to: json_logs/lustre_orion_chm213_scratch_ryan_dhdft_inputs_exess_exess_inputs_PBE_def2-TZVP_isomers_17300-17319_topology_9.jCreated 669601 / 2702736 significant shell pairs
Created 518706 / 2056356 significant shell pairs
Total number of grid points: 326956 (5108 per atom)
One electron integrals and orthogonalizer took 0.132836s
Created 518706 / 2056356 significant shell pairs
3C integrals and B formation took 2.490943s
Iteration |      Energy      |  DIIS Metric   | Fock Time (s) | DIIS Tim=======================================================
                  PBE Energy Results                   
=======================================================
E PBE                 : -1612.33724855
Nuclear Repulsion Energy: 4248.1889268
Electronic Energy:        -5625.68332583
XC Energy:                -234.842850
Converged:                1
# of SCF iterations:      18
SCF Time:                 35.331s

=======================================================
            Individual Calculation Summary             
=======================================================
HF Energy: -1612.3372485541426613
=======================================================


Topology 10 time: 35.539656 s, performance: SP: 0 FLOP/s, DP: 401.9 GFLOP/s
JSON file written to: json_logs/lustre_orion_chm213_scratch_ryan_dhdft_inputs_exess_exess_inputs_PBE_def2-TZVP_isomers_17300-17319_topology_10.json
************************************************************
**************** Running topology 12 of 20 *****************
************************************************************

************************************************************
***************** Beginning RI-PBE energy ******************
************************************************************

=======================================================
                  PBE Energy Results                   
=======================================================
E PBE                 : -1612.32417089
Nuclear Repulsion Energy: 4262.14889464
Electronic Energy:        -5639.63056119
XC Energy:                -234.842504
Converged:                1
# of SCF iterations:      18
SCF Time:                 35.04s

=======================================================
            Individual Calculation Summary             
=======================================================
HF Energy: -1612.3241708875789300
=======================================================


Topology 11 time: 35.251609 s, performance: SP: 0 FLOP/s, DP: 408.3 GFLOP/s
JSON file written to: json_logs/lustre_orion_chm213_scratch_ryan_dhdft_inputs_exess_exess_inputs_PBE_def2-TZVP_isomers_17300-17319_topology_11.json
************************************************************
**************** Running topology 13 of 20 *****************
************************************************************

************************************************************
***************** Beginning RI-PBE energy ******************
************************************************************

=======================================================
                  PBE Energy Results                   
=======================================================
E PBE                 : -1612.34051437
Nuclear Repulsion Energy: 4182.07510345
Electronic Energy:        -5559.57763596
XC Energy:                -234.837982
Converged:                1
# of SCF iterations:      18
SCF Time:                 34.326s

=======================================================
            Individual Calculation Summary             
=======================================================
HF Energy: -1612.3405143675320232
=======================================================


Topology 12 time: 34.539593 s, performance: SP: 0 FLOP/s, DP: 402.7 GFLOP/s
JSON file written to: json_logs/lustre_orion_chm213_scratch_ryan_dhdft_inputs_exess_exess_inputs_PBE_def2-TZVP_isomers_17300-17319_topology_12.json
************************************************************
**************** Running topology 14 of 20 *****************
************************************************************

************************************************************
***************** Beginning RI-PBE energy ******************
************************************************************

=======================================================
                  PBE Energy Results                   
=======================================================
E PBE                 : -1612.34314374
Nuclear Repulsion Energy: 4265.59644954
Electronic Energy:        -5643.09920153
XC Energy:                -234.840392
Converged:                1
# of SCF iterations:      18
SCF Time:                 34.662s

=======================================================
            Individual Calculation Summary             
=======================================================
HF Energy: -1612.3431437350734541
=======================================================


Topology 13 time: 34.885444 s, performance: SP: 0 FLOP/s, DP: 413.5 GFLOP/s
JSON file written to: json_logs/lustre_orion_chm213_scratch_ryan_dhdft_inputs_exess_exess_inputs_PBE_def2-TZVP_isomers_17300-17319_topology_13.json
************************************************************
**************** Running topology 15 of 20 *****************
************************************************************

************************************************************
***************** Beginning RI-PBE energy ******************
************************************************************

=======================================================
                  PBE Energy Results                   
=======================================================
E PBE                 : -1612.35467179
Nuclear Repulsion Energy: 4227.18591094
Electronic Energy:        -5604.69342917
XC Energy:                -234.847154
Converged:                1
# of SCF iterations:      17
SCF Time:                 33.558s

=======================================================
            Individual Calculation Summary             
=======================================================
HF Energy: -1612.3546717921187792
=======================================================


Topology 14 time: 33.775088 s, performance: SP: 0 FLOP/s, DP: 417.8 GFLOP/s
JSON file written to: json_logs/lustre_orion_chm213_scratch_ryan_dhdft_inputs_exess_exess_inputs_PBE_def2-TZVP_isomers_17300-17319_topology_14.json
************************************************************
**************** Running topology 16 of 20 *****************
************************************************************

************************************************************
***************** Beginning RI-PBE energy ******************
************************************************************

=======================================================
                  PBE Energy Results                   
=======================================================
E PBE                 : -1612.3558477
Nuclear Repulsion Energy: 4113.7559319
Electronic Energy:        -5491.27092431
XC Energy:                -234.840855
Converged:                1
# of SCF iterations:      18
SCF Time:                 33.407s

=======================================================
            Individual Calculation Summary             
=======================================================
HF Energy: -1612.3558477036563090
=======================================================


Topology 15 time: 33.619652 s, performance: SP: 0 FLOP/s, DP: 404.2 GFLOP/s
JSON file written to: json_logs/lustre_orion_chm213_scratch_ryan_dhdft_inputs_exess_exess_inputs_PBE_def2-TZVP_isomers_17300-17319_topology_15.json
************************************************************
**************** Running topology 17 of 20 *****************
************************************************************

************************************************************
***************** Beginning RI-PBE energy ******************
************************************************************

=======================================================
                  PBE Energy Results                   
=======================================================
E PBE                 : -1612.35064607
Nuclear Repulsion Energy: 4096.92338162
Electronic Energy:        -5474.43952297
XC Energy:                -234.834505
Converged:                1
# of SCF iterations:      18
SCF Time:                 32.864s

=======================================================
            Individual Calculation Summary             
=======================================================
HF Energy: -1612.3506460656747095
=======================================================


Topology 16 time: 33.078005 s, performance: SP: 0 FLOP/s, DP: 408.1 GFLOP/s
JSON file written to: json_logs/lustre_orion_chm213_scratch_ryan_dhdft_inputs_exess_exess_inputs_PBE_def2-TZVP_isomers_17300-17319_topology_16.json
************************************************************
**************** Running topology 18 of 20 *****************
************************************************************

************************************************************
***************** Beginning RI-PBE energy ******************
************************************************************

=======================================================
                  PBE Energy Results                   
=======================================================
E PBE                 : -1612.34604101
Nuclear Repulsion Energy: 4152.75135434
Electronic Energy:        -5530.25802092
XC Energy:                -234.839374
Converged:                1
# of SCF iterations:      17
SCF Time:                 32.38s

=======================================================
            Individual Calculation Summary             
=======================================================
HF Energy: -1612.3460410096424766
=======================================================


Topology 17 time: 32.601692 s, performance: SP: 0 FLOP/s, DP: 419.8 GFLOP/s
JSON file written to: json_logs/lustre_orion_chm213_scratch_ryan_dhdft_inputs_exess_exess_inputs_PBE_def2-TZVP_isomers_17300-17319_topology_17.json
************************************************************
**************** Running topology 19 of 20 *****************
************************************************************

************************************************************
***************** Beginning RI-PBE energy ******************
************************************************************

=======================================================
                  PBE Energy Results                   
=======================================================
E PBE                 : -1612.33396043
Nuclear Repulsion Energy: 4280.17188317
Electronic Energy:        -5657.662084
XC Energy:                -234.843760
Converged:                1
# of SCF iterations:      17
SCF Time:                 33.536s

=======================================================
            Individual Calculation Summary             
=======================================================
HF Energy: -1612.3339604300290375
=======================================================


Topology 18 time: 33.762561 s, performance: SP: 0 FLOP/s, DP: 425.7 GFLOP/s
JSON file written to: json_logs/lustre_orion_chm213_scratch_ryan_dhdft_inputs_exess_exess_inputs_PBE_def2-TZVP_isomers_17300-17319_topology_18.json
************************************************************
**************** Running topology 20 of 20 *****************
************************************************************

************************************************************
***************** Beginning RI-PBE energy ******************
************************************************************

=======================================================
                  PBE Energy Results                   
=======================================================
E PBE                 : -1612.33548041
Nuclear Repulsion Energy: 4349.72512481
Electronic Energy:        -5727.21563037
XC Energy:                -234.844975
Converged:                1
# of SCF iterations:      18
SCF Time:                 36.348s

=======================================================
            Individual Calculation Summary             
=======================================================
HF Energy: -1612.3354804116040668
=======================================================


Topology 19 time: 36.581025 s, performance: SP: 0 FLOP/s, DP: 406.8 GFLOP/s
JSON file written to: json_logs/lustre_orion_chm213_scratch_ryan_dhdft_inputs_exess_exess_inputs_PBE_def2-TZVP_isomers_17300-17319_topology_19.json
Total flops: SP: 0 FLOPS, DP: 283.28038 TFLOPS
Performance: SP: 0 FLOP/s, DP: 403.9 GFLOP/s

Now, a word from our sponsors... 
 Kajan Sticks

[31mTotal processing time 701.548863 seconds[0m
[CRAYBLAS_WARNING] Application linked against multiple cray-libsci libraries
.4316
    2     | -1611.4347735393 |   3.3133e+00   |    1.4356     |    0.3798
    3     | -1610.9870905770 |   4.9733e+00   |    1.2966     |    0.3899
    4     | -1612.3019437401 |   1.5622e-01   |    1.1412     |    0.3365
    5     | -1612.3276214034 |   6.7625e-02   |    1.1201     |    0.2834
    6     | -1612.3450505995 |   3.5217e-03   |    1.4283     |    0.2764
    7     | -1612.3457487521 |   9.5444e-04   |    1.5363     |    0.3785
    8     | -1612.3459625792 |   2.6098e-04   |    1.4275     |    0.3169
    9     | -1612.3460356316 |   1.8626e-05   |    1.2826     |    0.3820
   10     | -1612.3460387387 |   7.5421e-06   |    1.1407     |    0.3341
   11     | -1612.3460407535 |   8.2355e-07   |    1.3950     |    0.3049
   12     | -1612.3460409224 |   2.8310e-07   |    1.5005     |    0.3199
   13     | -1612.3460409992 |   3.4146e-08   |    1.4047     |    0.3803
   14     | -1612.3460410076 |   7.2094e-09   |    1.1616     |    0.4973
   15     | -1612.3460410095 |   4.6422e-10   |    1.3252     |    0.3806
   16     | -1612.3460410094 |   9.9747e-10   |    1.2021     |    0.3888
   17     | -1612.3460410096 |   8.2427e-11   |    1.3451     |    0.3903
Created 677867 / 2702736 significant shell pairs
Created 525234 / 2056356 significant shell pairs
Total number of grid points: 319425 (4991 per atom)
One electron integrals and orthogonalizer took 0.162248s
Created 525234 / 2056356 significant shell pairs
3C integrals and B formation took 2.615193s
Iteration |      Energy      |  DIIS Metric   | Fock Time (s) | DIIS Time (s)
----------+------------------+----------------+---------------+--------------
    1     | -1622.3968932274 |   9.9458e+02   |    1.5512     |    0.4320
    2     | -1611.4250724251 |   3.3058e+00   |    1.5371     |    0.3290
    3     | -1610.9792559488 |   4.9857e+00   |    1.5107     |    0.2836
    4     | -1612.2984686732 |   1.2984e-01   |    1.2867     |    0.3857
    5     | -1612.3201605980 |   5.2425e-02   |    1.4292     |    0.3880
    6     | -1612.3329006225 |   3.7073e-03   |    1.3101     |    0.3078
    7     | -1612.3336689752 |   9.6328e-04   |    1.5467     |    0.4573
    8     | -1612.3339032102 |   1.8431e-04   |    1.3880     |    0.3383
    9     | -1612.3339495637 |   3.4349e-05   |    1.2728     |    0.3400
   10     | -1612.3339584673 |   6.8625e-06   |    1.3228     |    0.3504
   11     | -1612.3339603145 |   4.0545e-07   |    1.4370     |    0.3357
   12     | -1612.3339603496 |   2.8039e-07   |    1.3223     |    0.3479
   13     | -1612.3339604247 |   1.9167e-08   |    1.3443     |    0.3406
   14     | -1612.3339604290 |   3.9690e-09   |    1.2827     |    0.3369
   15     | -1612.3339604300 |   3.2637e-10   |    1.1988     |    0.3078
   16     | -1612.3339604299 |   5.8930e-10   |    1.4876     |    0.3334
   17     | -1612.3339604300 |   6.6999e-11   |    1.5085     |    0.2836
Created 699455 / 2702736 significant shell pairs
Created 542822 / 2056356 significant shell pairs
Total number of grid points: 318944 (4983 per atom)
One electron integrals and orthogonalizer took 0.133380s
Created 542822 / 2056356 significant shell pairs
3C integrals and B formation took 2.744586s
Iteration |      Energy      |  DIIS Metric   | Fock Time (s) | DIIS Time (s)
----------+------------------+----------------+---------------+--------------
    1     | -1622.3981459796 |   9.9581e+02   |    1.4197     |    0.5068
    2     | -1611.4231415066 |   3.3228e+00   |    1.4444     |    0.3759
    3     | -1610.9520074621 |   5.0817e+00   |    1.3671     |    0.3501
    4     | -1612.2811604010 |   1.8440e-01   |    1.2963     |    0.3382
    5     | -1612.3022611233 |   1.1324e-01   |    1.2973     |    0.3166
    6     | -1612.3328696512 |   9.1908e-03   |    1.5674     |    0.3502
    7     | -1612.3349268104 |   1.8580e-03   |    1.5432     |    0.3270
    8     | -1612.3353064529 |   5.9764e-04   |    1.5692     |    0.3504
    9     | -1612.3354699715 |   3.6216e-05   |    1.2735     |    0.4978
   10     | -1612.3354772407 |   1.1010e-05   |    1.3233     |    0.3480
   11     | -1612.3354800029 |   1.3934e-06   |    1.3706     |    0.2772
   12     | -1612.3354803373 |   2.4783e-07   |    1.6596     |    0.3501
   13     | -1612.3354804000 |   3.9700e-08   |    1.4766     |    0.4573
   14     | -1612.3354804081 |   1.2172e-08   |    1.2460     |    0.2989
   15     | -1612.3354804113 |   1.0406e-09   |    1.3212     |    0.2767
   16     | -1612.3354804112 |   1.4347e-09   |    1.6196     |    0.3861
   17     | -1612.3354804116 |   1.5343e-10   |    1.5624     |    0.3773
   18     | -1612.3354804116 |   6.0568e-11   |    1.4609     |    0.3650
Please cite the following papers for the methods used in this calculation:
 - J.L. Galvez Vallejo et. al., Toward an extreme-scale electronic structure system, J. Chem. Phys., 2023. DOI: 10.1063/5.0156399

 - R. Stocks, E. Palethorpe, and G.M.J. Barca, Multi-GPU RI-HF Energies and Analytic Gradients ─ Toward High-Throughput Ab Initio Molecular Dynamics, J. Chem. Theory Comput., 2024. DOI: 10.1021/acs.jctc.4c00877
   For:
     * RI-HF energy

 - D.B. Williams-Young, W.A. de Jong, H.J.J. van Dam, and C. Yang, On the Efficient Evaluation of the Exchange Correlation Potential on Graphics Processing Unit Clusters, Frontiers in Chemistry, 2020. DOI: 10.3389/fchem.2020.581058
   For:
     * GauXC implementation of exchange-correlation integration

 - R. Stocks and G.M.J. Barca, Efficient Algorithms for GPU Accelerated Evaluation of the DFT Exchange-Correlation Functional, J. Chem. Theory Comput., 2025. DOI: 10.1021/acs.jctc.5c01229
   For:
     * GPU accelerated DFT exchange-correlation evaluation

[CRAYBLAS_WARNING] Application linked against multiple cray-libsci libraries
