Total number of grid points: 346809 (5100 per atom)
Total number of grid points: 347712 (5113 per atom)
Total number of grid points: 339060 (4986 per atom)
Total number of grid points: 348531 (5125 per atom)
Total number of grid points: 345449 (5080 per atom)
Total number of grid points: 334576 (4920 per atom)
Total number of grid points: 342833 (5041 per atom)
Total number of grid points: 343576 (5052 per atom)
Total number of grid points: 348312 (5122 per atom)
Total number of grid points: 342176 (5032 per atom)
Total number of grid points: 345058 (5074 per atom)
Total number of grid points: 339990 (4999 per atom)
Total number of grid points: 343445 (5050 per atom)
Total number of grid points: 344221 (5062 per atom)
Total number of grid points: 344664 (5068 per atom)
Total number of grid points: 345584 (5082 per atom)
Total number of grid points: 349160 (5134 per atom)
Total number of grid points: 342212 (5032 per atom)
Total number of grid points: 344747 (5069 per atom)
Total number of grid points: 344272 (5062 per atom)
[CRAYBLAS_WARNING] Application linked against multiple cray-libsci libraries
7153
   10     | -1689.6551612775 |   1.9259e-05   |    1.3204     |    0.3419
   11     | -1689.6551665251 |   3.2420e-06   |    1.5935     |    0.5547
   12     | -1689.6551674019 |   4.4858e-07   |    1.6039     |    0.3889
   13     | -1689.6551675060 |   1.1445e-07   |    1.5552     |    0.3917
   14     | -1689.6551675338 |   1.7531e-08   |    1.3121     |    0.5488
   15     | -1689.6551675381 |   2.3945e-09   |    1.1971     |    0.3524
   16     | -1689.6551675379 |   2.9586e-09   |    1.5141     |    0.4344
   17     | -1689.6551675387 |   2.4985e-10   |    1.5333     |    0.3842
   18     | -1689.6551675387 |   1.9388e-10   |    1.5356     |    0.3853
   19     | -1689.6551675388 |   3.8533e-11   |    1.3248     |    0.3430
Created 695901 / 2985984 significant shell pairs
Created 541077 / 2274064 significant shell pairs
Total number of grid points: 343310 (5048 per atom)
One electron integrals and orthogonalizer took 0.132948s
Created 541077 / 2274064 significant shell pairs
3C integrals and B formation took 2.719537s
Iteration |      Energy      |  DIIS Metric   | Fock Time (s) | DIIS Time (s)
----------+------------------+----------------+---------------+--------------
    1     | -1700.0852133257 |   1.0319e+03   |    1.6562     |    0.6724
    2     | -1688.6916777402 |   3.5574e+00   |    1.6388     |    0.6767
    3     | -1688.1796018317 |   5.4804e+00   |    1.6687     |    0.7605
    4     | -1689.6266241620 |   1.5337e-01   |    1.3209     |    0.7174
    5     | -1689.6531680971 |   5.8125e-02   |    1.3525     |    0.6775
    6     | -1689.6674879112 |   4.7403e-03   |    1.6718     |    0.7581
    7     | -1689.6684675331 |   1.0409e-03   |    1.5469     |    0.4832
    8     | -1689.6686683723 |   3.2790e-04   |    1.6300     |    0.3437
    9     | -1689.6687577458 |   1.9246e-05   |    1.5417     |    0.5235
   10     | -1689.6687611099 |   7.2430e-06   |    1.3168     |    0.5482
   11     | -1689.6687629467 |   5.0616e-07   |    1.5500     |    0.4246
   12     | -1689.6687630297 |   2.1987e-07   |    1.5155     |    0.5145
   13     | -1689.6687630873 |   2.5914e-08   |    1.6704     |    0.5158
   14     | -1689.6687630931 |   5.3459e-09   |    1.3190     |    0.5482
   15     | -1689.6687630945 |   2.9455e-10   |    1.3206     |    0.4336
   16     | -1689.6687630944 |   7.3572e-10   |    1.6381     |    0.4734
   17     | -1689.6687630946 |   8.2406e-11   |    1.4963     |    0.3435
Created 708299 / 2985984 significant shell pairs
Created 550085 / 2274064 significant shell pairs
Total number of grid points: 345862 (5086 per atom)
One electron integrals and orthogonalizer took 0.093478s
Created 550085 / 2274064 significant shell pairs
3C integrals and B formation took 2.720356s
Iteration |      Energy      |  DIIS Metric   | Fock Time (s) | DIIS Time (s)
----------+------------------+----------------+---------------+--------------
    1     | -1700.0974054330 |   1.0350e+03   |    1.6408     |    0.4324
    2     | -1688.6884825548 |   3.5946e+00   |    1.6382     |    0.4734
    3     | -1688.1476604812 |   5.6624e+00   |    1.4997     |    0.3436
    4     | -1689.6261987690 |   1.6234e-01   |    1.5424     |    0.5216
    5     | -1689.6461263069 |   8.6635e-02   |    1.2325     |    0.5796
    6     | -1689.6690931341 |   8.5164e-03   |    1.5491     |    0.4248
    7     | -1689.6711821843 |   1.2323e-03   |    1.5163     |    0.5137
    8     | -1689.6714221632 |   4.0097e-04   |    1.6696     |    0.5163
    9     | -1689.6715345157 |   3.2703e-05   |    1.2327     |    0.5796
   10     | -1689.6715417313 |   8.2419e-06   |    1.3193     |    0.4334
   11     | -1689.6715437887 |   6.3998e-07   |    1.6386     |    0.4733
   12     | -1689.6715439039 |   2.6839e-07   |    1.5022     |    0.3433
   13     | -1689.6715439796 |   2.1651e-08   |    1.7587     |    0.5486
   14     | -1689.6715439845 |   3.3091e-09   |    1.3188     |    0.4334
   15     | -1689.6715439853 |   3.2763e-10   |    1.3945     |    0.5147
   16     | -1689.6715439852 |   6.3081e-10   |    1.5165     |    0.5142
   17     | -1689.6715439854 |   3.6138e-11   |    1.6718     |    0.5145
Created 702368 / 2985984 significant shell pairs
Created 545726 / 2274064 significant shell pairs
Total number of grid points: 340804 (5011 per atom)
One electron integrals and orthogonalizer took 0.094225s
Created 545726 / 2274064 significant shell pairs
3C integrals and B formation took 2.685477s
Iteration |      Energy      |  DIIS Metric   | Fock Time (s) | DIIS Time (s)
----------+------------------+----------------+---------------+--------------
    1     | -1700.0827603093 |   1.0327e+03   |    1.6546     |    0.5051
    2     | -1688.6874654339 |   3.5732e+00   |    1.5565     |    0.7508
    3     | -1688.1540129059 |   5.5801e+00   |    1.6170     |    0.6634
    4     | -1689.6109476519 |   1.9803e-01   |    1.3531     |    0.6767
    5     | -1689.6342511531 |   1.1458e-01   |    1.2932     |    0.7830
    6     | -1689.6636418987 |   1.2308e-02   |    1.6446     |    0.6360
    7     | -1689.6665057945 |   1.9935e-03   |    1.5145     |    0.6368
    8     | -1689.6668089827 |   1.0358e-03   |    1.7593     |    0.5486
    9     | -1689.6671068963 |   5.7225e-05   |    1.3188     |    0.4336
   10     | -1689.6671195767 |   1.4956e-05   |    1.3948     |    0.5150
   11     | -1689.6671233707 |   2.8414e-06   |    1.4888     |    0.4188
   12     | -1689.6671241931 |   2.9080e-07   |    1.5566     |    0.4331
   13     | -1689.6671242572 |   7.6421e-08   |    1.6379     |    0.5487
   14     | -1689.6671242756 |   9.2060e-09   |    1.3188     |    0.4332
   15     | -1689.6671242778 |   1.4249e-09   |    1.3950     |    0.5146
   16     | -1689.6671242773 |   2.9273e-09   |    1.4886     |    0.4188
   17     | -1689.6671242781 |   2.1957e-10   |    1.5567     |    0.4330
   18     | -1689.6671242782 |   9.5004e-11   |    1.6374     |    0.5487
Created 693094 / 2985984 significant shell pairs
Created 538695 / 2274064 significant shell pairs
Total number of grid points: 341431 (5021 per atom)
One electron integrals and orthogonalizer took 0.094887s
Created 538695 / 2274064 significant shell pairs
3C integrals and B formation took 2.720285s
Iteration |      Energy      |  DIIS Metric   | Fock Time (s) | DIIS Time (s)
----------+------------------+----------------+---------------+--------------
    1     | -1700.0790662052 |   1.0309e+03   |    1.4445     |    0.5877
    2     | -1688.6925688077 |   3.5564e+00   |    1.6430     |    0.5480
    3     | -1688.1849251571 |   5.4744e+00   |    1.5625     |    0.4328
    4     | -1689.6278507355 |   1.5011e-01   |    1.3039     |    0.3435
    5     | -1689.6503676199 |   6.4967e-02   |    1.4626     |    0.4020
    6     | -1689.6653580962 |   1.1367e-02   |    1.4159     |    0.4241
    7     | -1689.6682614840 |   2.1317e-03   |    1.4217     |    0.3438
    8     | -1689.6687464034 |   8.0311e-04   |    1.6362     |    0.6708
    9     | -1689.6689715876 |   3.1251e-05   |    1.1845     |    0.4648
   10     | -1689.6689773972 |   1.1177e-05   |    1.3055     |    0.3433
   11     | -1689.6689802402 |   1.0962e-06   |    1.5789     |    0.4239
   12     | -1689.6689804868 |   2.1969e-07   |    1.4799     |    0.4713
   13     | -1689.6689805402 |   3.2028e-08   |    1.6374     |    0.6704
   14     | -1689.6689805469 |   7.2041e-09   |    1.1838     |    0.4654
   15     | -1689.6689805489 |   7.9515e-10   |    1.3037     |    0.3436
   16     | -1689.6689805482 |   2.6239e-09   |    1.5779     |    0.4235
   17     | -1689.6689805489 |   4.1972e-10   |    1.4785     |    0.4711
   18     | -1689.6689805491 |   3.6553e-11   |    1.6380     |    0.6703
Created 682351 / 2985984 significant shell pairs
Created 530147 / 2274064 significant shell pairs
Total number of grid points: 341980 (5029 per atom)
One electron integrals and orthogonalizer took 0.094625s
Created 530147 / 2274064 significant shell pairs
3C integrals and B formation took 2.611219s
Iteration |      Energy      |  DIIS Metric   | Fock Time (s) | DIIS Time (s)
----------+------------------+----------------+---------------+--------------
    1     | -1700.0825626094 |   1.0315e+03   |    1.5766     |    0.5462
    2     | -1688.6931450310 |   3.5597e+00   |    1.5169     |    0.6702
    3     | -1688.1844479540 |   5.4725e+00   |    1.5830     |    0.3839
    4     | -1689.6300387573 |   1.4799e-01   |    1.3047     |    0.3434
    5     | -1689.6552558960 |   5.7105e-02   |    1.3446     |    0.4247
    6     | -1689.6691299668 |   5.6378e-03   |    1.4525     |    0.4238
    7     | -1689.6703458305 |   1.1728e-03   |    1.4238     |    0.3437
    8     | -1689.6705989027 |   3.1424e-04   |    1.6387     |    0.6702
    9     | -1689.6706839317 |   1.2597e-05   |    1.1781     |    0.4650
   10     | -1689.6706858227 |   5.4119e-06   |    1.3049     |    0.3434
   11     | -1689.6706872879 |   4.7035e-07   |    1.5754     |    0.4238
   12     | -1689.6706873634 |   2.3200e-07   |    1.4845     |    0.3437
   13     | -1689.6706874246 |   2.5310e-08   |    1.6380     |    0.6703
   14     | -1689.6706874306 |   4.8177e-09   |    1.1772     |    0.4021
   15     | -1689.6706874319 |   2.7702e-10   |    1.3364     |    0.4339
   16     | -1689.6706874318 |   6.6185e-10   |    1.5750     |    0.4238
   17     | -1689.6706874319 |   8.5354e-11   |    1.4835     |    0.3435
Created 734404 / 2985984 significant shell pairs
Created 569219 / 2274064 significant shell pairs
Total number of grid points: 341715 (5025 per atom)
One electron integrals and orthogonalizer took 0.135264s
Created 569219 / 2274064 significant shell pairs
3C integrals and B formation took 2.966795s
Iteration |      Energy      |  DIIS Metric   | Fock Time (s) | DIIS Time (s)
----------+------------------+----------------+---------------+--------------
    1     | -1700.1007714798 |   1.0390e+03   |    1.5600     |    0.4246
    2     | -1688.6760516855 |   3.6060e+00   |    1.5164     |    0.5138
    3     | -1688.0319476797 |   6.0143e+00   |    1.6797     |    0.5141
    4     | -1689.5300626616 |   4.5061e-01   |    1.3127     |    0.5471
    5     | -1689.6126355944 |   1.7397e-01   |    1.4240     |    0.3434
    6     | -1689.6593136188 |   1.5457e-02   |    1.6383     |    0.4720
    7     | -1689.6628287826 |   2.3855e-03   |    1.5570     |    0.4319
    8     | -1689.6632601534 |   9.0657e-04   |    1.7189     |    0.5958
    9     | -1689.6635067070 |   4.9537e-05   |    1.4258     |    0.4247
   10     | -1689.6635167983 |   1.4529e-05   |    1.3740     |    0.4237
   11     | -1689.6635203368 |   2.7875e-06   |    1.5092     |    0.3435
   12     | -1689.6635211224 |   2.3478e-07   |    1.7599     |    0.5487
   13     | -1689.6635211687 |   7.9351e-08   |    1.5512     |    0.4247
   14     | -1689.6635211892 |   7.0336e-09   |    1.3538     |    0.4738
   15     | -1689.6635211893 |   6.7528e-09   |    1.3435     |    0.4244
   16     | -1689.6635211912 |   4.3151e-10   |    1.6815     |    0.5121
   17     | -1689.6635211913 |   1.3272e-10   |    1.6385     |    0.4338
   18     | -1689.6635211913 |   3.6171e-11   |    1.6373     |    0.4735
Created 739891 / 2985984 significant shell pairs
Created 573853 / 2274064 significant shell pairs
Total number of grid points: 341769 (5026 per atom)
One electron integrals and orthogonalizer took 0.135604s
Created 573853 / 2274064 significant shell pairs
3C integrals and B formation took 2.894170s
Iteration |      Energy      |  DIIS Metric   | Fock Time (s) | DIIS Time (s)
----------+------------------+----------------+---------------+--------------
    1     | -1700.0976248693 |   1.0387e+03   |    1.7276     |    0.5083
    2     | -1688.6739425939 |   3.6076e+00   |    1.6445     |    0.5137
    3     | -1688.0374696300 |   5.9828e+00   |    1.6781     |    0.5150
    4     | -1689.5371756994 |   4.1987e-01   |    1.3333     |    0.4987
    5     | -1689.6105321063 |   1.7931e-01   |    1.4249     |    0.3439
    6     | -1689.6568713052 |   1.7145e-02   |    1.6371     |    0.4730
    7     | -1689.6607699642 |   2.9016e-03   |    1.5748     |    0.3837
    8     | -1689.6613500595 |   9.4420e-04   |    1.6629     |    0.4991
    9     | -1689.6615882358 |   7.3460e-05   |    1.4244     |    0.3435
   10     | -1689.6616050086 |   1.6681e-05   |    1.4995     |    0.3586
   11     | -1689.6616094372 |   2.8194e-06   |    1.6457     |    0.3437
   12     | -1689.6616102383 |   2.4442e-07   |    1.7850     |    0.4990
   13     | -1689.6616102855 |   8.6920e-08   |    1.5512     |    0.4248
   14     | -1689.6616103077 |   8.1347e-09   |    1.3741     |    0.4238
   15     | -1689.6616103073 |   9.4342e-09   |    1.3448     |    0.4244
   16     | -1689.6616103099 |   7.6231e-10   |    1.6791     |    0.5152
   17     | -1689.6616103100 |   1.7689e-10   |    1.6568     |    0.3435
   18     | -1689.6616103101 |   4.3474e-11   |    1.6374     |    0.4733
Created 706506 / 2985984 significant shell pairs
Created 548695 / 2274064 significant shell pairs
Total number of grid points: 336272 (4945 per atom)
One electron integrals and orthogonalizer took 0.053712s
Created 548695 / 2274064 significant shell pairs
3C integrals and B formation took 2.723564s
Iteration |      Energy      |  DIIS Metric   | Fock Time (s) | DIIS Time (s)
----------+------------------+----------------+---------------+--------------
    1     | -1700.0749432328 |   1.0331e+03   |    1.6533     |    0.5947
    2     | -1688.6798621459 |   3.5565e+00   |    1.6391     |    0.4734
    3     | -1688.1593366401 |   5.4771e+00   |    1.4917     |    0.3438
    4     | -1689.5978374104 |   1.9742e-01   |    1.5396     |    0.5242
    5     | -1689.6132187552 |   1.4717e-01   |    1.2324     |    0.5796
    6     | -1689.6547153729 |   1.0034e-02   |    1.5471     |    0.4245
    7     | -1689.6570264805 |   1.8498e-03   |    1.4889     |    0.4187
    8     | -1689.6573595294 |   9.3476e-04   |    1.5551     |    0.4338
    9     | -1689.6576264245 |   4.8280e-05   |    1.4416     |    0.5067
   10     | -1689.6576362940 |   1.5627e-05   |    1.3123     |    0.5482
   11     | -1689.6576404914 |   1.5182e-06   |    1.5481     |    0.4249
   12     | -1689.6576408408 |   2.9661e-07   |    1.4886     |    0.4188
   13     | -1689.6576409084 |   6.3293e-08   |    1.5569     |    0.4328
   14     | -1689.6576409233 |   1.2512e-08   |    1.4394     |    =======================================================
                  PBE Energy Results                   
=======================================================
E PBE                 : -1689.65764093
Nuclear Repulsion Energy: 4554.64967464
Electronic Energy:        -5997.9571695
XC Energy:      Created 694652 / 2985984 significant shell pairs
Created 538802 / 2274064 significant shell pairs
Total number of grid points: 344700 (5069 per atom)
One electron integrals and orthogonalizer took 0.094728s
Created 538802 / 2274064 significant shell pairs
3C integrals and B formation took 2.685802s
Iteration |      Energy      |  DIIS Metric   | Fock Time (s) | DIIS Time (s)
----------+------------------+----------------+---------------+--------------
    1     | -1700.0771392687 |   1.0332e+03   |    1.6313     |    0.4730
    2     | -1688.6806954113 |   3.5659e+00   |    1.4943     |    0.3439
    3     | -1688.1558793167 |   5.5303e+00   |    1.6712     |    0.5802
    4     | -1689.6096135787 |   1.7596e-01   |    1.3186     |    0.4330
    5     | -1689.6326923618 |   9.5964e-02   |    1.3942     |    0.5149
    6     | -1689.6574545910 |   9.9654e-03   |    1.4878     |    0.4191
    7     | -1689.6597850982 |   1.4617e-03   |    1.5554     | =======================================================
                  PBE Energy Results                   
=======================================================
E PBE                 : -1689.66021471
Nuclear Repulsion Energy: 4509.36918872
Electronic Energy:        -5952.67831105
XC Energy:                -246.351092
Converged:                1
# of SCF iterations:      18
SCF Time:                 39.035s

=======================================================
            Individual Calculation Summary             
=======================================================
HF Energy: -1689.6602147070170759
=======================================================


Topology 9 time: 39.266831 s, performance: SP: 0 FLOP/s, DP: 418.4 GFLOP/s
JSON file written to: json_logs/lustre_orion_chm213_scratch_ryan_dhdft_Created 718321 / 2985984 significant shell pairs
Created 558405 / 2274064 significant shell pairs
Total number of grid points: 348729 (5128 per atom)
One electron integrals and orthogonalizer took 0.094745s
Created 558405 / 2274064 significant shell pairs
3C integrals and B formation took 2.734186s
Iteration |      Energy      |  DIIS Metric   | Fock Time (s) | DIIS Time (s)
----------+------------------+----------------+---------------+---=======================================================
                  PBE Energy Results                   
=======================================================
E PBE                 : -1689.65762608
Nuclear Repulsion Energy: 4599.30280686
Electronic Energy:        -6042.61043873
XC Energy:                -246.349994
Converged:                1
# of SCF iterations:      18
SCF Time:                 40.181s

=======================================================
            Individual Calculation Summary             
=======================================================
HF Energy: -1689.6576260820636435
=======================================================


Topology 10 time: 40.421051 s, performance: SP: 0 FLOP/s, DP: 419.8 GFLOP/s
JSON file written to: json_logs/lustre_orion_chm213_scratch_ryan_dhdft_inputs_exess_exess_inputs_PBE_def2-TZVP_isomers_38520-38539_topology_10.json
************************************************************
**************** Running topology 12 of 20 *****************
************************************************************

************************************************************
***************** Beginning RI-PBE energy ******************
************************************************************

=======================================================
                  PBE Energy Results                   
=======================================================
E PBE                 : -1689.65866342
Nuclear Repulsion Energy: 4597.45759075
Electronic Energy:        -6040.76363123
XC Energy:                -246.352623
Converged:                1
# of SCF iterations:      17
SCF Time:                 37.807s

=======================================================
            Individual Calculation Summary             
=======================================================
HF Energy: -1689.6586634181935551
=======================================================


Topology 11 time: 38.049287 s, performance: SP: 0 FLOP/s, DP: 445.5 GFLOP/s
JSON file written to: json_logs/lustre_orion_chm213_scratch_ryan_dhdft_inputs_exess_exess_inputs_PBE_def2-TZVP_isomers_38520-38539_topology_11.json
************************************************************
**************** Running topology 13 of 20 *****************
************************************************************

************************************************************
***************** Beginning RI-PBE energy ******************
************************************************************

=======================================================
                  PBE Energy Results                   
=======================================================
E PBE                 : -1689.65788738
Nuclear Repulsion Energy: 4530.69745724
Electronic Energy:        -5974.00752581
XC Energy:                -246.347819
Converged:                1
# of SCF iterations:      18
SCF Time:                 39.997s

=======================================================
            Individual Calculation Summary             
=======================================================
HF Energy: -1689.6578873768557969
=======================================================


Topology 12 time: 40.233665 s, performance: SP: 0 FLOP/s, DP: 410.2 GFLOP/s
JSON file written to: json_logs/lustre_orion_chm213_scratch_ryan_dhdft_inputs_exess_exess_inputs_PBE_def2-TZVP_isomers_38520-38539_topology_12.json
************************************************************
**************** Running topology 14 of 20 *****************
************************************************************

************************************************************
***************** Beginning RI-PBE energy ******************
************************************************************

=======================================================
                  PBE Energy Results                   
=======================================================
E PBE                 : -1689.65910955
Nuclear Repulsion Energy: 4627.65756663
Electronic Energy:        -6070.96666947
XC Energy:                -246.350007
Converged:                1
# of SCF iterations:      19
SCF Time:                 41.348s

=======================================================
            Individual Calculation Summary             
=======================================================
HF Energy: -1689.6591095507098998
=======================================================


Topology 13 time: 41.597077 s, performance: SP: 0 FLOP/s, DP: 414.3 GFLOP/s
JSON file written to: json_logs/lustre_orion_chm213_scratch_ryan_dhdft_inputs_exess_exess_inputs_PBE_def2-TZVP_isomers_38520-38539_topology_13.json
************************************************************
**************** Running topology 15 of 20 *****************
************************************************************

************************************************************
***************** Beginning RI-PBE energy ******************
************************************************************

=======================================================
                  PBE Energy Results                   
=======================================================
E PBE                 : -1689.66082023
Nuclear Repulsion Energy: 4643.38071306
Electronic Energy:        -6086.69090594
XC Energy:                -246.350627
Converged:                1
# of SCF iterations:      19
SCF Time:                 43.125s

=======================================================
            Individual Calculation Summary             
=======================================================
HF Energy: -1689.6608202286492997
=======================================================


Topology 14 time: 43.373144 s, performance: SP: 0 FLOP/s, DP: 400.8 GFLOP/s
JSON file written to: json_logs/lustre_orion_chm213_scratch_ryan_dhdft_inputs_exess_exess_inputs_PBE_def2-TZVP_isomers_38520-38539_topology_14.json
************************************************************
**************** Running topology 16 of 20 *****************
************************************************************

************************************************************
***************** Beginning RI-PBE energy ******************
************************************************************

=======================================================
                  PBE Energy Results                   
=======================================================
E PBE                 : -1689.6568375
Nuclear Repulsion Energy: 4865.05777804
Electronic Energy:        -6308.35008044
XC Energy:                -246.364535
Converged:                1
# of SCF iterations:      19
SCF Time:                 44.17s

=======================================================
            Individual Calculation Summary             
=======================================================
HF Energy: -1689.6568374987591596
=======================================================


Topology 15 time: 44.441412 s, performance: SP: 0 FLOP/s, DP: 428.6 GFLOP/s
JSON file written to: json_logs/lustre_orion_chm213_scratch_ryan_dhdft_inputs_exess_exess_inputs_PBE_def2-TZVP_isomers_38520-38539_topology_15.json
************************************************************
**************** Running topology 17 of 20 *****************
************************************************************

************************************************************
***************** Beginning RI-PBE energy ******************
************************************************************

=======================================================
                  PBE Energy Results                   
=======================================================
E PBE                 : -1689.65241467
Nuclear Repulsion Energy: 4734.44677146
Electronic Energy:        -6177.74579194
XC Energy:                -246.353394
Converged:                1
# of SCF iterations:      18
SCF Time:                 41.888s

=======================================================
            Individual Calculation Summary             
=======================================================
HF Energy: -1689.6524146678361831
=======================================================


Topology 16 time: 42.144884 s, performance: SP: 0 FLOP/s, DP: 427.9 GFLOP/s
JSON file written to: json_logs/lustre_orion_chm213_scratch_ryan_dhdft_inputs_exess_exess_inputs_PBE_def2-TZVP_isomers_38520-38539_topology_16.json
************************************************************
**************** Running topology 18 of 20 *****************
************************************************************

************************************************************
***************** Beginning RI-PBE energy ******************
************************************************************

=======================================================
                  PBE Energy Results                   
=======================================================
E PBE                 : -1689.66229351
Nuclear Repulsion Energy: 4571.38336407
Electronic Energy:        -6014.69859304
XC Energy:                -246.347065
Converged:                1
# of SCF iterations:      19
SCF Time:                 40.966s

=======================================================
            Individual Calculation Summary             
=======================================================
HF Energy: -1689.6622935128934841
=======================================================


Topology 17 time: 41.214302 s, performance: SP: 0 FLOP/s, DP: 410.2 GFLOP/s
JSON file written to: json_logs/lustre_orion_chm213_scratch_ryan_dhdft_inputs_exess_exess_inputs_PBE_def2-TZVP_isomers_38520-38539_topology_17.json
************************************************************
**************** Running topology 19 of 20 *****************
************************************************************

************************************************************
***************** Beginning RI-PBE energy ******************
************************************************************

=======================================================
                  PBE Energy Results                   
=======================================================
E PBE                 : -1689.67051466
Nuclear Repulsion Energy: 4419.85584236
Electronic Energy:        -5863.18498516
XC Energy:                -246.341372
Converged:                1
# of SCF iterations:      17
SCF Time:                 36.719s

=======================================================
            Individual Calculation Summary             
=======================================================
HF Energy: -1689.6705146573938237
=======================================================


Topology 18 time: 36.956139 s, performance: SP: 0 FLOP/s, DP: 424.7 GFLOP/s
JSON file written to: json_logs/lustre_orion_chm213_scratch_ryan_dhdft_inputs_exess_exess_inputs_PBE_def2-TZVP_isomers_38520-38539_topology_18.json
************************************************************
**************** Running topology 20 of 20 *****************
************************************************************

************************************************************
***************** Beginning RI-PBE energy ******************
************************************************************

=======================================================
                  PBE Energy Results                   
=======================================================
E PBE                 : -1689.67010629
Nuclear Repulsion Energy: 4442.54095383
Electronic Energy:        -5885.86868744
XC Energy:                -246.342373
Converged:                1
# of SCF iterations:      17
SCF Time:                 36.923s

=======================================================
            Individual Calculation Summary             
=======================================================
HF Energy: -1689.6701062873112278
=======================================================


Topology 19 time: 37.165550 s, performance: SP: 0 FLOP/s, DP: 426.6 GFLOP/s
JSON file written to: json_logs/lustre_orion_chm213_scratch_ryan_dhdft_inputs_exess_exess_inputs_PBE_def2-TZVP_isomers_38520-38539_topology_19.json
Total flops: SP: 0 FLOPS, DP: 337.21115 TFLOPS
Performance: SP: 0 FLOP/s, DP: 417.5 GFLOP/s

Now, a word from our sponsors... 
 Gotta measure the water of the sweet potatoes (Mexican saying)

[31mTotal processing time 807.960046 seconds[0m
[CRAYBLAS_WARNING] Application linked against multiple cray-libsci libraries
-----------+--------------
    1     | -1700.0724617096 |   1.0312e+03   |    1.6412     |    0.4319
    2     | -1688.6831866541 |   3.5623e+00   |    1.6381     |    0.4737
    3     | -1688.1445510485 |   5.5583e+00   |    1.4956     |    0.3444
    4     | -1689.5781837890 |   2.7954e-01   |    1.5398     |    0.5234
    5     | -1689.6123504423 |   1.6273e-01   |    1.3168     |    0.5494
    6     | -1689.6581417229 |   1.4454e-02   |    1.5486     |    0.4248
    7     | -1689.6616182006 |   2.1328e-03   |    1.4880     |    0.4190
    8     | -1689.6620187520 |   9.0817e-04   |    1.5563     |    0.4332
    9     | -1689.6622739714 |   6.6400e-05   |    1.4194     |    0.5227
   10     | -1689.6622888043 |   1.6883e-05   |    1.3175     |    0.5485
   11     | -1689.6622930217 |   1.7668e-06   |    1.5494     |    0.4246
   12     | -1689.6622934162 |   3.4212e-07   |    1.4672     |    0.4237
   13     | -1689.6622934913 |   7.3551e-08   |    1.5571     |    0.4331
   14     | -1689.6622935050 |   2.5072e-08   |    1.4196     |    0.5226
   15     | -1689.6622935122 |   2.5640e-09   |    1.3176     |    0.5496
   16     | -1689.6622935121 |   2.4812e-09   |    1.5498     |    0.4247
   17     | -1689.6622935128 |   2.2601e-10   |    1.4881     |    0.4189
   18     | -1689.6622935129 |   1.3116e-10   |    1.5566     |    0.4330
   19     | -1689.6622935129 |   3.9809e-11   |    1.4193     |    0.5230
Created 663479 / 2985984 significant shell pairs
Created 515193 / 2274064 significant shell pairs
Total number of grid points: 344334 (5063 per atom)
One electron integrals and orthogonalizer took 0.093978s
Created 515193 / 2274064 significant shell pairs
3C integrals and B formation took 2.592068s
Iteration |      Energy      |  DIIS Metric   | Fock Time (s) | DIIS Time (s)
----------+------------------+----------------+---------------+--------------
    1     | -1700.0641682267 |   1.0267e+03   |    1.6233     |    0.5547
    2     | -1688.6909842034 |   3.5607e+00   |    1.4785     |    0.3549
    3     | -1688.1721321743 |   5.5131e+00   |    1.6381     |    0.5478
    4     | -1689.6169004855 |   1.9393e-01   |    1.1981     |    0.6692
    5     | -1689.6445925201 |   8.5753e-02   |    1.1577     |    0.5953
    6     | -1689.6663535741 |   1.3917e-02   |    1.5777     |    0.4986
    7     | -1689.6701507856 |   1.2296e-03   |    1.4781     |    0.4774
    8     | -1689.6703536008 |   5.6724e-04   |    1.6357     |    0.6712
    9     | -1689.6705018923 |   4.1786e-05   |    1.1568     |    0.5963
   10     | -1689.6705099363 |   1.5652e-05   |    1.2982     |    0.3438
   11     | -1689.6705142969 |   1.2918e-06   |    1.5564     |    0.4737
   12     | -1689.6705145589 |   3.4805e-07   |    1.4754     |    0.4745
   13     | -1689.6705146422 |   5.7404e-08   |    1.6351     |    0.6718
   14     | -1689.6705146555 |   6.7362e-09   |    1.1574     |    0.5961
   15     | -1689.6705146572 |   6.6854e-10   |    1.2990     |    0.3437
   16     | -1689.6705146566 |   2.7233e-09   |    1.5564     |    0.4735
   17     | -1689.6705146574 |   9.6039e-11   |    1.4740     |    0.4750
Created 670450 / 2985984 significant shell pairs
Created 521010 / 2274064 significant shell pairs
Total number of grid points: 346087 (5089 per atom)
One electron integrals and orthogonalizer took 0.095518s
Created 521010 / 2274064 significant shell pairs
3C integrals and B formation took 2.717851s
Iteration |      Energy      |  DIIS Metric   | Fock Time (s) | DIIS Time (s)
----------+------------------+----------------+---------------+--------------
    1     | -1700.0655766802 |   1.0269e+03   |    1.6462     |    0.5078
    2     | -1688.6912027889 |   3.5582e+00   |    1.5362     |    0.4182
    3     | -1688.1730004814 |   5.5032e+00   |    1.4775     |    0.4707
    4     | -1689.6129143939 |   2.0294e-01   |    1.3934     |    0.6721
    5     | -1689.6392437417 |   9.9773e-02   |    1.1984     |    0.6695
    6     | -1689.6657027322 |   1.4983e-02   |    1.5231     |    0.5147
    7     | -1689.6697768482 |   1.1244e-03   |    1.4348     |    0.4715
    8     | -1689.6699585042 |   5.1450e-04   |    1.4156     |    0.3440
    9     | -1689.6700931661 |   4.2593e-05   |    1.3944     |    0.6706
   10     | -1689.6701016145 |   1.5816e-05   |    1.1986     |    0.6698
   11     | -1689.6701060154 |   9.8085e-07   |    1.5238     |    0.5152
   12     | -1689.6701061912 |   3.4206e-07   |    1.4341     |    0.4734
   13     | -1689.6701062758 |   4.3358e-08   |    1.4152     |    0.3441
   14     | -1689.6701062855 |   6.2588e-09   |    1.3940     |    0.6705
   15     | -1689.6701062872 |   6.0583e-10   |    1.1982     |    0.6701
   16     | -1689.6701062866 |   2.4423e-09   |    1.5230     |    0.5146
   17     | -1689.6701062873 |   7.2055e-11   |    1.4348     |    0.4738
Please cite the following papers for the methods used in this calculation:
 - J.L. Galvez Vallejo et. al., Toward an extreme-scale electronic structure system, J. Chem. Phys., 2023. DOI: 10.1063/5.0156399

 - R. Stocks, E. Palethorpe, and G.M.J. Barca, Multi-GPU RI-HF Energies and Analytic Gradients ─ Toward High-Throughput Ab Initio Molecular Dynamics, J. Chem. Theory Comput., 2024. DOI: 10.1021/acs.jctc.4c00877
   For:
     * RI-HF energy

 - D.B. Williams-Young, W.A. de Jong, H.J.J. van Dam, and C. Yang, On the Efficient Evaluation of the Exchange Correlation Potential on Graphics Processing Unit Clusters, Frontiers in Chemistry, 2020. DOI: 10.3389/fchem.2020.581058
   For:
     * GauXC implementation of exchange-correlation integration

 - R. Stocks and G.M.J. Barca, Efficient Algorithms for GPU Accelerated Evaluation of the DFT Exchange-Correlation Functional, J. Chem. Theory Comput., 2025. DOI: 10.1021/acs.jctc.5c01229
   For:
     * GPU accelerated DFT exchange-correlation evaluation

[CRAYBLAS_WARNING] Application linked against multiple cray-libsci libraries
