Total number of grid points: 343421 (5050 per atom)
Total number of grid points: 336078 (4942 per atom)
Total number of grid points: 344335 (5063 per atom)
Total number of grid points: 340466 (5006 per atom)
Total number of grid points: 343464 (5050 per atom)
Total number of grid points: 338659 (4980 per atom)
Total number of grid points: 341544 (5022 per atom)
Total number of grid points: 340538 (5007 per atom)
Total number of grid points: 345980 (5087 per atom)
Total number of grid points: 338495 (4977 per atom)
Total number of grid points: 342311 (5033 per atom)
Total number of grid points: 348393 (5123 per atom)
Total number of grid points: 339614 (4994 per atom)
Total number of grid points: 337735 (4966 per atom)
Total number of grid points: 346032 (5088 per atom)
Total number of grid points: 340016 (5000 per atom)
Total number of grid points: 342528 (5037 per atom)
Total number of grid points: 338769 (4981 per atom)
Total number of grid points: 343277 (5048 per atom)
Total number of grid points: 343888 (5057 per atom)
[CRAYBLAS_WARNING] Application linked against multiple cray-libsci libraries
5525
   10     | -1689.6416218607 |   2.7036e-05   |    1.3801     |    0.4227
   11     | -1689.6416278028 |   6.2580e-06   |    1.6044     |    0.6257
   12     | -1689.6416295437 |   3.7624e-07   |    1.6109     |    0.4698
   13     | -1689.6416295982 |   1.8932e-07   |    1.6370     |    0.4724
   14     | -1689.6416296465 |   1.6993e-08   |    1.5070     |    0.3819
   15     | -1689.6416296446 |   2.4046e-08   |    1.5078     |    0.4228
   16     | -1689.6416296512 |   8.3145e-10   |    1.7590     |    0.4731
   17     | -1689.6416296513 |   4.0493e-10   |    1.5683     |    0.3424
   18     | -1689.6416296514 |   1.1086e-10   |    1.7986     |    0.3909
   19     | -1689.6416296514 |   3.1543e-11   |    1.3875     |    0.3419
Created 852199 / 2985984 significant shell pairs
Created 659585 / 2274064 significant shell pairs
Total number of grid points: 350924 (5160 per atom)
One electron integrals and orthogonalizer took 0.140226s
Created 659585 / 2274064 significant shell pairs
3C integrals and B formation took 3.164281s
Iteration |      Energy      |  DIIS Metric   | Fock Time (s) | DIIS Time (s)
----------+------------------+----------------+---------------+--------------
    1     | -1700.1562750950 |   1.0585e+03   |    1.9386     |    0.5782
    2     | -1688.6527964042 |   3.6445e+00   |    1.8888     |    0.6754
    3     | -1687.8107098449 |   6.8481e+00   |    1.8421     |    0.6740
    4     | -1689.3740459947 |   9.4607e-01   |    1.6792     |    0.6745
    5     | -1689.5804995517 |   2.3054e-01   |    1.5924     |    0.5448
    6     | -1689.6378479735 |   2.1454e-02   |    1.9230     |    0.6746
    7     | -1689.6422414604 |   5.0367e-03   |    1.8824     |    0.6740
    8     | -1689.6431068266 |   2.0707e-03   |    1.8423     |    0.4722
    9     | -1689.6436560569 |   1.4719e-04   |    1.6396     |    0.3922
   10     | -1689.6436919557 |   2.2955e-05   |    1.7605     |    0.3914
   11     | -1689.6436975045 |   4.4934e-06   |    1.9244     |    0.5131
   12     | -1689.6436987051 |   2.3893e-07   |    1.9240     |    0.4332
   13     | -1689.6436987441 |   1.0495e-07   |    2.0043     |    0.4328
   14     | -1689.6436987693 |   7.4433e-09   |    1.7586     |    0.4321
   15     | -1689.6436987653 |   2.0529e-08   |    1.6793     |    0.3907
   16     | -1689.6436987712 |   4.2820e-10   |    1.9237     |    0.4321
   17     | -1689.6436987713 |   1.9086e-10   |    2.0046     |    0.4316
   18     | -1689.6436987713 |   6.3246e-11   |    2.0046     |    0.4319
Created 735713 / 2985984 significant shell pairs
Created 570758 / 2274064 significant shell pairs
Total number of grid points: 343992 (5058 per atom)
One electron integrals and orthogonalizer took 0.096218s
Created 570758 / 2274064 significant shell pairs
3C integrals and B formation took 2.923006s
Iteration |      Energy      |  DIIS Metric   | Fock Time (s) | DIIS Time (s)
----------+------------------+----------------+---------------+--------------
    1     | -1700.0942909506 |   1.0403e+03   |    1.6850     |    0.4303
    2     | -1688.6704607072 |   3.5523e+00   |    1.9836     |    0.3710
    3     | -1688.1505269399 |   5.4898e+00   |    1.8422     |    0.5125
    4     | -1689.5936205443 |   1.8118e-01   |    1.4991     |    0.3819
    5     | -1689.6161963007 |   1.0226e-01   |    1.4900     |    0.3822
    6     | -1689.6432708778 |   1.0896e-02   |    1.9156     |    0.4229
    7     | -1689.6460127971 |   1.2844e-03   |    1.8419     |    0.5132
    8     | -1689.6462702181 |   4.1523e-04   |    1.7493     |    0.3431
    9     | -1689.6463721309 |   3.8627e-05   |    1.3489     |    0.3412
   10     | -1689.6463803205 |   8.4791e-06   |    1.6345     |    0.3419
   11     | -1689.6463823201 |   1.0243e-06   |    1.6804     |    0.6353
   12     | -1689.6463825357 |   3.1032e-07   |    1.6124     |    0.4172
   13     | -1689.6463826180 |   4.1387e-08   |    1.6810     |    0.4318
   14     | -1689.6463826275 |   6.7739e-09   |    1.7114     |    0.3420
   15     | -1689.6463826293 |   7.5995e-10   |    1.5711     |    0.4582
   16     | -1689.6463826293 |   8.6173e-10   |    1.6384     |    0.4318
   17     | -1689.6463826295 |   7.1682e-11   |    1.9054     |    0.3678
Created 772535 / 2985984 significant shell pairs
Created 599637 / 2274064 significant shell pairs
Total number of grid points: 341367 (5020 per atom)
One electron integrals and orthogonalizer took 0.136581s
Created 599637 / 2274064 significant shell pairs
3C integrals and B formation took 3.002970s
Iteration |      Energy      |  DIIS Metric   | Fock Time (s) | DIIS Time (s)
----------+------------------+----------------+---------------+--------------
    1     | -1700.0986973482 |   1.0415e+03   |    1.7136     |    0.4636
    2     | -1688.6691410370 |   3.5741e+00   |    1.9284     |    0.5874
    3     | -1688.0737044553 |   5.8157e+00   |    1.8458     |    0.5897
    4     | -1689.5465773427 |   3.4911e-01   |    1.7200     |    0.5530
    5     | -1689.6028607378 |   1.5852e-01   |    1.5771     |    0.6265
    6     | -1689.6447111187 |   1.4136e-02   |    1.7460     |    0.6267
    7     | -1689.6479231771 |   2.2573e-03   |    1.8421     |    0.6750
    8     | -1689.6483045787 |   9.7128e-04   |    1.8661     |    0.4237
    9     | -1689.6485591039 |   6.8968e-05   |    1.5575     |    0.5537
   10     | -1689.6485755337 |   1.1134e-05   |    1.3887     |    0.3417
   11     | -1689.6485780967 |   2.2251e-06   |    1.8199     |    0.4234
   12     | -1689.6485786625 |   2.4078e-07   |    1.8666     |    0.4240
   13     | -1689.6485787102 |   7.4418e-08   |    1.8416     |    0.3921
   14     | -1689.6485787288 |   1.1336e-08   |    1.5987     |    0.5131
   15     | -1689.6485787309 |   4.1082e-09   |    1.5130     |    0.3825
   16     | -1689.6485787316 |   1.5093e-09   |    1.8816     |    0.4725
   17     | -1689.6485787320 |   1.8776e-10   |    1.8664     |    0.4237
   18     | -1689.6485787320 |   8.1383e-11   |    1.8423     |    0.3919
Created 733506 / 2985984 significant shell pairs
Created 568484 / 2274064 significant shell pairs
Total number of grid points: 340474 (5006 per atom)
One electron integrals and orthogonalizer took 0.135567s
Created 568484 / 2274064 significant shell pairs
3C integrals and B formation took 2.857566s
Iteration |      Energy      |  DIIS Metric   | Fock Time (s) | DIIS Time (s)
----------+------------------+----------------+---------------+--------------
    1     | -1700.0926990721 |   1.0404e+03   |    1.7120     |    0.5124
    2     | -1688.6683724310 |   3.5495e+00   |    1.6800     |    0.4320
    3     | -1688.1452682864 |   5.4911e+00   |    1.7080     |    0.3415
    4     | -1689.5818834575 |   2.0858e-01   |    1.5461     |    0.3420
    5     | -1689.6055286861 |   1.2893e-01   |    1.5533     |    0.4632
    6     | -1689.6411258732 |   9.1256e-03   |    1.5912     |    0.3822
    7     | -1689.6432777217 |   1.2894e-03   |    1.9637     |    0.3918
    8     | -1689.6435007137 |   5.7154e-04   |    1.7924     |    0.3422
    9     | -1689.6436512600 |   4.2211e-05   |    1.5509     |    0.4632
   10     | -1689.6436604174 |   9.6853e-06   |    1.4093     |    0.4183
   11     | -1689.6436627331 |   1.4274e-06   |    1.5906     |    0.4237
   12     | -1689.6436630711 |   2.6659e-07   |    1.5925     |    0.4227
   13     | -1689.6436631381 |   4.1797e-08   |    1.6747     |    0.4356
   14     | -1689.6436631469 |   9.8456e-09   |    1.7062     |    0.3419
   15     | -1689.6436631495 |   1.0238e-09   |    1.5537     |    0.4631
   16     | -1689.6436631495 |   1.0059e-09   |    1.5905     |    0.3829
   17     | -1689.6436631497 |   1.0369e-10   |    1.9627     |    0.3922
   18     | -1689.6436631498 |   5.4228e-11   |    1.7929     |    0.3426
Created 805080 / 2985984 significant shell pairs
Created 625461 / 2274064 significant shell pairs
Total number of grid points: 343175 (5046 per atom)
One electron integrals and orthogonalizer took 0.101300s
Created 625461 / 2274064 significant shell pairs
3C integrals and B formation took 3.080946s
Iteration |      Energy      |  DIIS Metric   | Fock Time (s) | DIIS Time (s)
----------+------------------+----------------+---------------+--------------
    1     | -1700.1244662104 |   1.0469e+03   |    1.8681     |    0.4638
    2     | -1688.6719119784 |   3.5970e+00   |    1.9527     |    0.3825
    3     | -1688.0125087049 |   6.0337e+00   |    1.9638     |    0.3914
    4     | -1689.4961497435 |   5.3084e-01   |    1.6637     |    0.3429
    5     | -1689.6036395549 |   1.8071e-01   |    1.6515     |    0.4584
    6     | -1689.6511638157 |   1.5338e-02   |    1.7844     |    0.4969
    7     | -1689.6543031094 |   3.7654e-03   |    1.7669     |    0.4316
    8     | -1689.6550504305 |   1.1793e-03   |    1.9510     |    0.3823
    9     | -1689.6553510972 |   8.9466e-05   |    1.6792     |    0.3919
   10     | -1689.6553717615 |   1.8888e-05   |    1.6188     |    0.4635
   11     | -1689.6553764056 |   3.5674e-06   |    1.8430     |    0.5877
   12     | -1689.6553773177 |   3.7464e-07   |    1.8493     |    0.5130
   13     | -1689.6553773940 |   1.1934e-07   |    1.7609     |    0.3913
   14     | -1689.6553774261 |   1.1089e-08   |    1.7197     |    0.4730
   15     | -1689.6553774246 |   1.6300e-08   |    1.6613     |    0.3432
   16     | -1689.6553774289 |   1.2031e-09   |    1.7806     |    0.5856
   17     | -1689.6553774291 |   4.3675e-10   |    1.7208     |    0.5129
   18     | -1689.6553774292 |   1.0027e-10   |    1.8433     |    0.5129
   19     | -1689.6553774292 |   4.1262e-11   |    1.5177     |    0.3923
Created 828272 / 2985984 significant shell pairs
Created 642502 / 2274064 significant shell pairs
Total number of grid points: 342489 (5036 per atom)
One electron integrals and orthogonalizer took 0.102079s
Created 642502 / 2274064 significant shell pairs
3C integrals and B formation took 3.243980s
Iteration |      Energy      |  DIIS Metric   | Fock Time (s) | DIIS Time (s)
----------+------------------+----------------+---------------+--------------
    1     | -1700.1449882354 |   1.0509e+03   |    1.8255     |    0.6670
    2     | -1688.6743087466 |   3.6335e+00   |    1.7205     |    0.5131
    3     | -1687.9278285249 |   6.4225e+00   |    1.8625     |    0.4634
    4     | -1689.4459889110 |   7.3438e-01   |    1.5375     |    0.3706
    5     | -1689.6145058040 |   1.6745e-01   |    1.6705     |    0.3433
    6     | -1689.6563972069 |   1.9857e-02   |    1.7876     |    0.5857
    7     | -1689.6605360160 |   5.3716e-03   |    1.7201     |    0.5127
    8     | -1689.6617234340 |   1.3639e-03   |    1.8642     |    0.4635
    9     | -1689.6620395676 |   1.4423e-04   |    1.5375     |    0.3704
   10     | -1689.6620749100 |   2.0343e-05   |    1.6701     |    0.3437
   11     | -1689.6620795556 |   4.3386e-06   |    1.7888     |    0.5855
   12     | -1689.6620806592 |   4.7001e-07   |    1.7204     |    0.5129
   13     | -1689.6620807590 |   1.4923e-07   |    1.8643     |    0.4631
   14     | -1689.6620807997 |   7.8434e-09   |    1.5359     |    0.3728
   15     | -1689.6620807997 |   7.5518e-09   |    1.6685     |    0.3429
   16     | -1689.6620808016 |   9.1814e-10   |    1.7894     |    0.5857
   17     | -1689.6620808018 |   2.4080e-10   |    1.7398     |    0.4632
   18     | -1689.6620808019 |   6.1031e-11   |    1.8652     |    0.4634
Created 882463 / 2985984 significant shell pairs
Created 682944 / 2274064 significant shell pairs
Total number of grid points: 346099 (5089 per atom)
One electron integrals and orthogonalizer took 0.179713s
Created 682944 / 2274064 significant shell pairs
3C integrals and B formation took 3.177779s
Iteration |      Energy      |  DIIS Metric   | Fock Time (s) | DIIS Time (s)
----------+------------------+----------------+---------------+--------------
    1     | -1700.1757584696 |   1.0614e+03   |    2.0366     |    0.4724
    2     | -1688.6618427176 |   3.6680e+00   |    2.0629     |    0.3736
    3     | -1687.7855776440 |   6.9871e+00   |    2.0651     |    0.3702
    4     | -1689.3685161600 |   1.0306e+00   |    1.7613     |    0.3904
    5     | -1689.5977259123 |   2.1664e-01   |    1.6802     |    0.4313
    6     | -1689.6469574200 |   3.1386e-02   |    1.9448     |    0.4633
    7     | -1689.6539581814 |   6.3331e-03   |    1.9246     |    0.5119
    8     | -1689.6553058855 |   1.7385e-03   |    1.9238     |    0.5131
    9     | -1689.6557283671 |   1.6868e-04   |    1.7020     |    0.3412
   10     | -1689.6557693996 |   2.4853e-05   |    1.7527     |    0.4232
   11     | -1689.6557751370 |   5.6380e-06   |    2.0454     |    0.4728
   12     | -1689.6557766166 |   3.8710e-07   |    2.1070     |    0.3418
   13     | -1689.6557766832 |   1.7171e-07   |    2.0270     |    0.3418
   14     | -1689.6557767292 |   6.9170e-09   |    1.8346     |    0.4230
   15     | -1689.6557767266 |   1.6385e-08   |    1.7614     |    0.3917
   16     | -1689.6557767310 |   4.8244e-10   |    1.9600     |    0.4229
   17     | -1689.6557767311 |   1.5464e-10   |    1.9542     |    0.3431
   18     | -1689.6557767311 |   6.5649e-11   |    2.0042     |    0.4====Created 799188 / 2985984 significant shell pairs
Created 620561 / 2274064 significant shell pairs
Total number of grid points: 345085 (5074 per atom)
One electron integrals and orthogonalizer took 0.141665s
Created 620561 / 2274064 significant shell pairs
3C integrals and B formation took 3.085872s
Iteration |      Energy      |  DIIS Metric   | Fock Time (s) | DIIS Time (s)
----------+------------------+----------------+---------------+--------------
    1     | -1700.1236481723 |   1.0467e+03   |    1.9197     |    0.4327
    2     | -1688.6715799437 |   3.6005e+00   |    2.0203     |    0.3826
    3     | -1688.0076977349 |   6.0586e+00   |    2.0181     |    0.3823
    4     | -1689.4920741758 |   5.4658e-01   |    1.8814     |    0.4731
    5     | -1689.6040285085 |   1.8019e-01   |    1.6390     |    0.4330
    6     | -1689.6514230720 |   1.5443e-02   |    1.7588     |    0.6349
    7     | -1689.6545540706 |   3.9426e-03   |    1.6744     |    0.4635
    8     | -1689.6553363824 |   1.2526e-03   |    1.7342     |    0.3366
    9     | -1689.6556531957 |   9.9863e-05   |    1.8005     |    0.4725
   10     | -1689.6556772596 |   1.7691e-05   |    1.6393     |    0.4333
   11     | -1689.6556816152 |   3.3205e-06   |    1.7583     |    =======================================================
                  PBE Energy Results                   
=======================================================
E PBE                 : -1689.65568255
Nuclear Repulsion Energy: 4832.64212777
Electronic Energy:        -6275.93007069
XC Energy:                -246.367740
Converged:                1
# of SCF iterations:      18
SCF Time:                 44.23s

=======================================================
            Individual Calculation Summary          Created 805065 / 2985984 significant shell pairs
Created 624514 / 2274064 significant shell pairs
Total number of grid points: 340753 (5011 per atom)
One electron integrals and orthogonalizer took 0.101374s
Created 624514 / 2274064 significant shell pairs
3C integrals and B formation took 3.120743s
Iteration |      Energy      |  DIIS Metric   | Fock Time (s) | DIIS Time (s)
----------+------------------+----------------+---------------+--------------
    1     | -1700.1278113046 |   1.0481e+03   |    1.7707     |    0.6339
    2     | -1688.6689228873 |   3.6046e+00   |    1.7206     |    0.5122
    3     | -1687.9727017950 |   6.2121e+00   |    1.8426     |    0.5123
    4     | -1689.4724568970 |   6.1754e-01   |    1.5177     | =======================================================
                  PBE Energy Results                   
=======================================================
E PBE                 : -1689.65359954
Nuclear Repulsion Energy: 4846.72726722
Electronic Energy:        -6290.0124004
XC Energy:                -246.368466
Converged:                1
# of SCF iterations:      18
SCF Time:                 43.805s

=======================================================
            Individual Calculation Summary             
=======================================================
HF Energy: -1689.6535995427718717
=======================================================


Topology 9 time: 44.067898 s, performance: SP: 0 FLOP/s, DP: 426.2 GFLOP/s
JSON file written to: json_logs/lustre_orion_chm213_scratch_ryan_dhdft_inputs_exess_exess_inputs_PBE_def2-TZVP_isomers_19300-19319_topology_9.json
************************************************************
**************** Running topology 11 of 20 *****************
*************************Created 884045 / 2985984 significant shell pairs
Created 683594 / 2274064 significant shell pairs
Total number of grid points: 340610 (5008 per atom)
One electron integrals and orthogonalizer took 0.100567s
Created 683594=======================================================
                  PBE Energy Results                   
=======================================================
E PBE                 : -1689.65345733
Nuclear Repulsion Energy: 5074.19165888
Electronic Energy:        -6517.45745595
XC Energy:                -246.387660
Converged:                1
# of SCF iterations:      18
SCF Time:                 45.809s

=======================================================
            Individual Calculation Summary             
=======================================================
HF Energy: -1689.6534573347337300
=======================================================


Topology 10 time: 46.092538 s, performance: SP: 0 FLOP/s, DP: 442.6 GFLOP/s
JSON file written to: json_logs/lustre_orion_chm213_scratch_ryan_dhdft_inputs_exess_exess_inputs_PBE_def2-TZVP_isomers_19300-19319_topology_10.json
************************************************************
**************** Running topology 12 of 20 *****************
************************************************************

************************************************************
***************** Beginning RI-PBE energy ******************
************************************************************

=======================================================
                  PBE Energy Results                   
=======================================================
E PBE                 : -1689.64631506
Nuclear Repulsion Energy: 5146.05214562
Electronic Energy:        -6589.30879753
XC Energy:                -246.389663
Converged:                1
# of SCF iterations:      19
SCF Time:                 49.537s

=======================================================
            Individual Calculation Summary             
=======================================================
HF Energy: -1689.6463150599388428
=======================================================


Topology 11 time: 49.830343 s, performance: SP: 0 FLOP/s, DP: 421 GFLOP/s
JSON file written to: json_logs/lustre_orion_chm213_scratch_ryan_dhdft_inputs_exess_exess_inputs_PBE_def2-TZVP_isomers_19300-19319_topology_11.json
************************************************************
**************** Running topology 13 of 20 *****************
************************************************************

************************************************************
***************** Beginning RI-PBE energy ******************
************************************************************

=======================================================
                  PBE Energy Results                   
=======================================================
E PBE                 : -1689.64558845
Nuclear Repulsion Energy: 5206.34555886
Electronic Energy:        -6649.593657
XC Energy:                -246.397490
Converged:                1
# of SCF iterations:      19
SCF Time:                 50.901s

=======================================================
            Individual Calculation Summary             
=======================================================
HF Energy: -1689.6455884481329122
=======================================================


Topology 12 time: 51.202989 s, performance: SP: 0 FLOP/s, DP: 418.7 GFLOP/s
JSON file written to: json_logs/lustre_orion_chm213_scratch_ryan_dhdft_inputs_exess_exess_inputs_PBE_def2-TZVP_isomers_19300-19319_topology_12.json
************************************************************
**************** Running topology 14 of 20 *****************
************************************************************

************************************************************
***************** Beginning RI-PBE energy ******************
************************************************************

=======================================================
                  PBE Energy Results                   
=======================================================
E PBE                 : -1689.64539364
Nuclear Repulsion Energy: 5058.75582628
Electronic Energy:        -6502.01945058
XC Energy:                -246.381769
Converged:                1
# of SCF iterations:      18
SCF Time:                 46.191s

=======================================================
            Individual Calculation Summary             
=======================================================
HF Energy: -1689.6453936389273167
=======================================================


Topology 13 time: 46.488543 s, performance: SP: 0 FLOP/s, DP: 436.5 GFLOP/s
JSON file written to: json_logs/lustre_orion_chm213_scratch_ryan_dhdft_inputs_exess_exess_inputs_PBE_def2-TZVP_isomers_19300-19319_topology_13.json
************************************************************
**************** Running topology 15 of 20 *****************
************************************************************

************************************************************
***************** Beginning RI-PBE energy ******************
************************************************************

=======================================================
                  PBE Energy Results                   
=======================================================
E PBE                 : -1689.64224823
Nuclear Repulsion Energy: 5208.93961367
Electronic Energy:        -6652.18637408
XC Energy:                -246.395488
Converged:                1
# of SCF iterations:      19
SCF Time:                 49.686s

=======================================================
            Individual Calculation Summary             
=======================================================
HF Energy: -1689.6422482292177847
=======================================================


Topology 14 time: 49.995131 s, performance: SP: 0 FLOP/s, DP: 428.3 GFLOP/s
JSON file written to: json_logs/lustre_orion_chm213_scratch_ryan_dhdft_inputs_exess_exess_inputs_PBE_def2-TZVP_isomers_19300-19319_topology_14.json
************************************************************
**************** Running topology 16 of 20 *****************
************************************************************

************************************************************
***************** Beginning RI-PBE energy ******************
************************************************************

=======================================================
                  PBE Energy Results                   
=======================================================
E PBE                 : -1689.64623196
Nuclear Repulsion Energy: 5182.94727547
Electronic Energy:        -6626.19852139
XC Energy:                -246.394986
Converged:                1
# of SCF iterations:      19
SCF Time:                 49.528s

=======================================================
            Individual Calculation Summary             
=======================================================
HF Energy: -1689.6462319593163102
=======================================================


Topology 15 time: 49.836811 s, performance: SP: 0 FLOP/s, DP: 426.6 GFLOP/s
JSON file written to: json_logs/lustre_orion_chm213_scratch_ryan_dhdft_inputs_exess_exess_inputs_PBE_def2-TZVP_isomers_19300-19319_topology_15.json
************************************************************
**************** Running topology 17 of 20 *****************
************************************************************

************************************************************
***************** Beginning RI-PBE energy ******************
************************************************************

=======================================================
                  PBE Energy Results                   
=======================================================
E PBE                 : -1689.66433588
Nuclear Repulsion Energy: 4648.23570165
Electronic Energy:        -6091.54119833
XC Energy:                -246.358839
Converged:                1
# of SCF iterations:      17
SCF Time:                 41.171s

=======================================================
            Individual Calculation Summary             
=======================================================
HF Energy: -1689.6643358783203439
=======================================================


Topology 16 time: 41.432568 s, performance: SP: 0 FLOP/s, DP: 414.5 GFLOP/s
JSON file written to: json_logs/lustre_orion_chm213_scratch_ryan_dhdft_inputs_exess_exess_inputs_PBE_def2-TZVP_isomers_19300-19319_topology_16.json
************************************************************
**************** Running topology 18 of 20 *****************
************************************************************

************************************************************
***************** Beginning RI-PBE energy ******************
************************************************************

=======================================================
                  PBE Energy Results                   
=======================================================
E PBE                 : -1689.66864028
Nuclear Repulsion Energy: 4549.9139874
Electronic Energy:        -5993.23050577
XC Energy:                -246.352122
Converged:                1
# of SCF iterations:      17
SCF Time:                 38.388s

=======================================================
            Individual Calculation Summary             
=======================================================
HF Energy: -1689.6686402763771184
=======================================================


Topology 17 time: 38.645024 s, performance: SP: 0 FLOP/s, DP: 425.4 GFLOP/s
JSON file written to: json_logs/lustre_orion_chm213_scratch_ryan_dhdft_inputs_exess_exess_inputs_PBE_def2-TZVP_isomers_19300-19319_topology_17.json
************************************************************
**************** Running topology 19 of 20 *****************
************************************************************

************************************************************
***************** Beginning RI-PBE energy ******************
************************************************************

=======================================================
                  PBE Energy Results                   
=======================================================
E PBE                 : -1689.67189512
Nuclear Repulsion Energy: 4531.75343613
Electronic Energy:        -5975.06789653
XC Energy:                -246.357435
Converged:                1
# of SCF iterations:      17
SCF Time:                 38.31s

=======================================================
            Individual Calculation Summary             
=======================================================
HF Energy: -1689.6718951179411761
=======================================================


Topology 18 time: 38.563946 s, performance: SP: 0 FLOP/s, DP: 424.5 GFLOP/s
JSON file written to: json_logs/lustre_orion_chm213_scratch_ryan_dhdft_inputs_exess_exess_inputs_PBE_def2-TZVP_isomers_19300-19319_topology_18.json
************************************************************
**************** Running topology 20 of 20 *****************
************************************************************

************************************************************
***************** Beginning RI-PBE energy ******************
************************************************************

=======================================================
                  PBE Energy Results                   
=======================================================
E PBE                 : -1689.65939305
Nuclear Repulsion Energy: 4748.21289564
Electronic Energy:        -6191.51143444
XC Energy:                -246.360854
Converged:                1
# of SCF iterations:      18
SCF Time:                 42.929s

=======================================================
            Individual Calculation Summary             
=======================================================
HF Energy: -1689.6593930511921826
=======================================================


Topology 19 time: 43.208040 s, performance: SP: 0 FLOP/s, DP: 417.2 GFLOP/s
JSON file written to: json_logs/lustre_orion_chm213_scratch_ryan_dhdft_inputs_exess_exess_inputs_PBE_def2-TZVP_isomers_19300-19319_topology_19.json
Total flops: SP: 0 FLOPS, DP: 382.13153 TFLOPS
Performance: SP: 0 FLOP/s, DP: 421.5 GFLOP/s

Now, a word from our sponsors... 
 Get in the EVA Shinji! 

[31mTotal processing time 906.918388 seconds[0m
[CRAYBLAS_WARNING] Application linked against multiple cray-libsci libraries
ll pairs
Total number of grid points: 347503 (5110 per atom)
One electron integrals and orthogonalizer took 0.096375s
Created 542272 / 2274064 significant shell pairs
3C integrals and B formation took 2.917401s
Iteration |      Energy      |  DIIS Metric   | Fock Time (s) | DIIS Time (s)
----------+------------------+----------------+---------------+--------------
    1     | -1700.0823480774 |   1.0338e+03   |    1.6723     |    0.4440
    2     | -1688.6911350326 |   3.5575e+00   |    1.7906     |    0.4240
    3     | -1688.1727031536 |   5.4618e+00   |    1.7395     |    0.3432
    4     | -1689.6057714646 |   2.0561e-01   |    1.3336     |    0.3416
    5     | -1689.6327451919 |   1.1879e-01   |    1.3492     |    0.4233
    6     | -1689.6660828566 |   9.3127e-03   |    1.5867     |    0.4226
    7     | -1689.6682627937 |   1.2773e-03   |    1.6710     |    0.4405
    8     | -1689.6685114579 |   4.5502e-04   |    1.7894     |    0.4236
    9     | -1689.6686325746 |   2.6753e-05   |    1.4764     |    0.4319
   10     | -1689.6686376302 |   9.4039e-06   |    1.3769     |    0.4232
   11     | -1689.6686400080 |   9.1926e-07   |    1.6669     |    0.4228
   12     | -1689.6686402044 |   2.4502e-07   |    1.6263     |    0.4635
   13     | -1689.6686402694 |   2.5766e-08   |    1.5794     |    0.3412
   14     | -1689.6686402742 |   7.2094e-09   |    1.3504     |    0.4233
   15     | -1689.6686402762 |   6.5839e-10   |    1.3532     |    0.4319
   16     | -1689.6686402761 |   9.2742e-10   |    1.7054     |    0.4237
   17     | -1689.6686402764 |   5.9155e-11   |    1.7196     |    0.4329
Created 695209 / 2985984 significant shell pairs
Created 539856 / 2274064 significant shell pairs
Total number of grid points: 340582 (5008 per atom)
One electron integrals and orthogonalizer took 0.096099s
Created 539856 / 2274064 significant shell pairs
3C integrals and B formation took 2.975744s
Iteration |      Energy      |  DIIS Metric   | Fock Time (s) | DIIS Time (s)
----------+------------------+----------------+---------------+--------------
    1     | -1700.0924072527 |   1.0354e+03   |    1.5751     |    0.5453
    2     | -1688.6940169988 |   3.5674e+00   |    1.6194     |    0.4634
    3     | -1688.1822042028 |   5.4607e+00   |    1.6794     |    0.3905
    4     | -1689.6171522555 |   1.7814e-01   |    1.5359     |    0.3421
    5     | -1689.6363911128 |   1.1786e-01   |    1.5170     |    0.5125
    6     | -1689.6697757728 |   7.7082e-03   |    1.5751     |    0.3825
    7     | -1689.6715016233 |   1.3490e-03   |    1.7779     |    0.4237
    8     | -1689.6717796336 |   4.0497e-04   |    1.5564     |    0.5541
    9     | -1689.6718862056 |   3.0344e-05   |    1.3038     |    0.3826
   10     | -1689.6718930093 |   7.7268e-06   |    1.4217     |    0.4232
   11     | -1689.6718949179 |   7.1149e-07   |    1.5577     |    0.4720
   12     | -1689.6718950511 |   2.2853e-07   |    1.6670     |    0.3628
   13     | -1689.6718951130 |   1.7182e-08   |    1.7611     |    0.3918
   14     | -1689.6718951157 |   7.8206e-09   |    1.5179     |    0.5129
   15     | -1689.6718951178 |   5.4908e-10   |    1.3405     |    0.4234
   16     | -1689.6718951177 |   8.2465e-10   |    1.5575     |    0.5539
   17     | -1689.6718951179 |   6.2728e-11   |    1.5578     |    0.4721
Created 768126 / 2985984 significant shell pairs
Created 597015 / 2274064 significant shell pairs
Total number of grid points: 345882 (5086 per atom)
One electron integrals and orthogonalizer took 0.251221s
Created 597015 / 2274064 significant shell pairs
3C integrals and B formation took 3.084353s
Iteration |      Energy      |  DIIS Metric   | Fock Time (s) | DIIS Time (s)
----------+------------------+----------------+---------------+--------------
    1     | -1700.1045113640 |   1.0411e+03   |    1.6802     |    0.5451
    2     | -1688.6750073835 |   3.5974e+00   |    1.7609     |    0.5537
    3     | -1688.0437607190 |   5.9401e+00   |    1.6683     |    0.4633
    4     | -1689.5368357474 |   4.0648e-01   |    1.4640     |    0.4232
    5     | -1689.6119289304 |   1.6551e-01   |    1.6390     |    0.4323
    6     | -1689.6556105725 |   1.3961e-02   |    1.7123     |    0.4634
    7     | -1689.6586299795 |   2.6807e-03   |    1.7868     |    0.4224
    8     | -1689.6590848553 |   1.0836e-03   |    1.7132     |    0.3827
    9     | -1689.6593719916 |   7.2172e-05   |    1.5834     |    0.3428
   10     | -1689.6593892674 |   1.2960e-05   |    1.5983     |    0.5131
   11     | -1689.6593922530 |   2.6818e-06   |    1.6728     |    0.3419
   12     | -1689.6593929777 |   2.4517e-07   |    1.8294     |    0.4234
   13     | -1689.6593930304 |   7.3151e-08   |    1.8756     |    0.4239
   14     | -1689.6593930483 |   1.0050e-08   |    1.5570     |    0.5541
   15     | -1689.6593930490 |   7.5778e-09   |    1.3907     |    0.3418
   16     | -1689.6593930509 |   1.0548e-09   |    1.8294     |    0.4232
   17     | -1689.6593930512 |   2.2253e-10   |    1.8742     |    0.4239
   18     | -1689.6593930512 |   9.0151e-11   |    1.8579     |    0.3421
Please cite the following papers for the methods used in this calculation:
 - J.L. Galvez Vallejo et. al., Toward an extreme-scale electronic structure system, J. Chem. Phys., 2023. DOI: 10.1063/5.0156399

 - R. Stocks, E. Palethorpe, and G.M.J. Barca, Multi-GPU RI-HF Energies and Analytic Gradients ─ Toward High-Throughput Ab Initio Molecular Dynamics, J. Chem. Theory Comput., 2024. DOI: 10.1021/acs.jctc.4c00877
   For:
     * RI-HF energy

 - D.B. Williams-Young, W.A. de Jong, H.J.J. van Dam, and C. Yang, On the Efficient Evaluation of the Exchange Correlation Potential on Graphics Processing Unit Clusters, Frontiers in Chemistry, 2020. DOI: 10.3389/fchem.2020.581058
   For:
     * GauXC implementation of exchange-correlation integration

 - R. Stocks and G.M.J. Barca, Efficient Algorithms for GPU Accelerated Evaluation of the DFT Exchange-Correlation Functional, J. Chem. Theory Comput., 2025. DOI: 10.1021/acs.jctc.5c01229
   For:
     * GPU accelerated DFT exchange-correlation evaluation

[CRAYBLAS_WARNING] Application linked against multiple cray-libsci libraries
