Total number of grid points: 392829 (5776 per atom)
Density calculation took 0.658183s
Tau required
Density calculation took 0.635399s
Tau required
Density calculation took 0.617155s
Tau required
Density calculation took 0.617352s
Tau required
Density calculation took 0.616862s
Tau required
Density calculation took 0.617067s
Tau required
Density calculation took 0.617725s
Tau required
Density calculation took 0.617752s
Tau required
Density calculation took 0.618024s
Tau required
Density calculation took 0.618490s
Tau required
Density calculation took 0.618147s
Tau required
Density calculation took 0.617731s
Tau required
Density calculation took 0.618898s
Tau required
Density calculation took 0.618412s
Tau required
Density calculation took 0.618358s
Tau required
Density calculation took 0.618314s
Tau required
Density calculation took 0.617827s
Tau required
Total number of grid points: 392673 (5774 per atom)
Density calculation took 0.662619s
Tau required
Density calculation took 0.640472s
Tau required
Density calculation took 0.617175s
Tau required
Density calculation took 0.616925s
Tau required
Density calculation took 0.617597s
Tau required
Density calculation took 0.617136s
Tau required
Density calculation took 0.617655s
Tau required
Density calculation took 0.617596s
Tau required
Density calculation took 0.617689s
Tau required
Density calculation took 0.617665s
Tau required
Density calculation took 0.617648s
Tau required
Density calculation took 0.617767s
Tau required
Density calculation took 0.617846s
Tau required
Density calculation took 0.617435s
Tau required
Density calculation took 0.618594s
Tau required
Density calculation took 0.617465s
Tau required
Density calculation took 0.618171s
Tau required
Total number of grid points: 392774 (5776 per atom)
Density calculation took 0.695217s
Tau required
Density calculation took 0.636630s
Tau required
Density calculation took 0.614682s
Tau required
Density calculation took 0.615838s
Tau required
Density calculation took 0.615293s
Tau required
Density calculation took 0.615570s
Tau required
Density calculation took 0.615120s
Tau required
Density calculation took 0.615505s
Tau required
Density calculation took 0.615255s
Tau required
Density calculation took 0.615422s
Tau required
Density calculation took 0.615541s
Tau required
Density calculation took 0.615705s
Tau required
Density calculation took 0.615809s
Tau required
Density calculation took 0.616114s
Tau required
Density calculation took 0.615550s
Tau required
Density calculation took 0.615596s
Tau required
Density calculation took 0.615187s
Tau required
Total number of grid points: 393262 (5783 per atom)
Density calculation took 0.663939s
Tau required
Density calculation took 0.643854s
Tau required
Density calculation took 0.619808s
Tau required
Density calculation took 0.619631s
Tau required
Density calculation took 0.620003s
Tau required
Density calculation took 0.620068s
Tau required
Density calculation took 0.620079s
Tau required
Density calculation took 0.619967s
Tau required
Density calculation took 0.620197s
Tau required
Density calculation took 0.619949s
Tau required
Density calculation took 0.620184s
Tau required
Density calculation took 0.619545s
Tau required
Density calculation took 0.619829s
Tau required
Density calculation took 0.620173s
Tau required
Density calculation took 0.620463s
Tau required
Density calculation took 0.620205s
Tau required
Density calculation took 0.619796s
Tau required
Total number of grid points: 392776 (5776 per atom)
Density calculation took 0.660947s
Tau required
Density calculation took 0.637063s
Tau required
Density calculation took 0.616070s
Tau required
Density calculation took 0.615614s
Tau required
Density calculation took 0.616221s
Tau required
Density calculation took 0.615866s
Tau required
Density calculation took 0.615872s
Tau required
Density calculation took 0.616152s
Tau required
Density calculation took 0.616392s
Tau required
Density calculation took 0.615823s
Tau required
Density calculation took 0.616392s
Tau required
Density calculation took 0.616113s
Tau required
Density calculation took 0.616188s
Tau required
Density calculation took 0.616525s
Tau required
Density calculation took 0.616052s
Tau required
Density calculation took 0.616413s
Tau required
Density calculation took 0.615855s
Tau required
Total number of grid points: 392795 (5776 per atom)
Density calculation took 0.664517s
Tau required
Density calculation took 0.644875s
Tau required
Density calculation took 0.618787s
Tau required
Density calculation took 0.619154s
Tau required
Density calculation took 0.618972s
Tau required
Density calculation took 0.619116s
Tau required
Density calculation took 0.618312s
Tau required
Density calculation took 0.619832s
Tau required
Density calculation took 0.618634s
Tau required
Density calculation took 0.619547s
Tau required
Density calculation took 0.618827s
Tau required
Density calculation took 0.619130s
Tau required
Density calculation took 0.619020s
Tau required
Density calculation took 0.619752s
Tau required
Density calculation took 0.619218s
Tau required
Density calculation took 0.619715s
Tau required
Density calculation took 0.619442s
Tau required
Total number of grid points: 393047 (5780 per atom)
Density calculation took 0.694176s
Tau required
Density calculation took 0.636443s
Tau required
Density calculation took 0.614997s
Tau required
Density calculation took 0.614935s
Tau required
Density calculation took 0.614932s
Tau required
Density calculation took 0.614938s
Tau required
Density calculation took 0.615274s
Tau required
Density calculation took 0.614712s
Tau required
Density calculation took 0.614743s
Tau required
Density calculation took 0.615670s
Tau required
Density calculation took 0.615860s
Tau required
Density calculation took 0.614769s
Tau required
Density calculation took 0.615031s
Tau required
Density calculation took 0.615448s
Tau required
Density calculation took 0.616067s
Tau required
Density calculation took 0.615779s
Tau required
Density calculation took 0.615147s
Tau required
Total number of grid points: 392952 (5778 per atom)
Density calculation took 0.660454s
Tau required
Density calculation took 0.638189s
Tau required
Density calculation took 0.616780s
Tau required
Density calculation took 0.616512s
Tau required
Density calculation took 0.617307s
Tau required
Density calculation took 0.616933s
Tau required
Density calculation took 0.617392s
Tau required
Density calculation took 0.617220s
Tau required
Density calculation took 0.617112s
Tau required
Density calculation took 0.617022s
Tau required
Density calculation took 0.616348s
Tau required
Density calculation took 0.617563s
Tau required
Density calculation took 0.617570s
Tau required
Density calculation took 0.617539s
Tau required
Density calculation took 0.617034s
Tau required
Density calculation took 0.617297s
Tau required
Density calculation took 0.617315s
Tau required
Total number of grid points: 392308 (5769 per atom)
Density calculation took 0.699453s
Tau required
Density calculation took 0.639052s
Tau required
Density calculation took 0.618754s
Tau required
Density calculation took 0.618003s
Tau required
Density calculation took 0.618843s
Tau required
Density calculation took 0.618918s
Tau required
Density calculation took 0.618997s
Tau required
Density calculation took 0.618470s
Tau required
Density calculation took 0.619084s
Tau required
Density calculation took 0.618029s
Tau required
Density calculation took 0.618709s
Tau required
Density calculation took 0.618223s
Tau required
Density calculation took 0.619481s
Tau required
Density calculation took 0.618610s
Tau required
Density calculation took 0.618449s
Tau required
Density calculation took 0.618327s
Tau required
Density calculation took 0.618973s
Tau required
Total number of grid points: 392913 (5778 per atom)
Density calculation took 0.665829s
Tau required
Density calculation took 0.648421s
Tau required
Density calculation took 0.622799s
Tau required
Density calculation took 0.623175s
Tau required
Density calculation took 0.623883s
Tau required
Density calculation took 0.623980s
Tau required
Density calculation took 0.623651s
Tau required
Density calculation took 0.623320s
Tau required
Density calculation took 0.623779s
Tau required
Density calculation took 0.624422s
Tau required
Density calculation took 0.623243s
Tau required
Density calculation took 0.623699s
Tau required
Density calculation took 0.623704s
Tau required
Density calculation took 0.622927s
Tau required
Density calculation took 0.623125s
Tau required
Density calculation took 0.623716s
Tau required
Density calculation took 0.623210s
Tau required
Total number of grid points: 392669 (5774 per atom)
Density calculation took 0.663527s
Tau required
Density calculation took 0.642132s
Tau required
Density calculation took 0.618984s
Tau required
Density calculation took 0.621418s
Tau required
Density calculation took 0.619623s
Tau required
Density calculation took 0.621553s
Tau required
Density calculation took 0.620044s
Tau required
Density calculation took 0.621815s
Tau required
Density calculation took 0.620498s
Tau required
Density calculation took 0.622035s
Tau required
Density calculation took 0.620273s
Tau required
Density calculation took 0.621512s
Tau required
Density calculation took 0.619772s
Tau required
Density calculation took 0.621812s
Tau required
Density calculation took 0.620601s
Tau required
Density calculation took 0.621388s
Tau required
Density calculation took 0.618928s
Tau required
Total number of grid points: 393183 (5782 per atom)
Density calculation took 0.698289s
Tau required
Density calculation took 0.643604s
Tau required
Density calculation took 0.619774s
Tau required
Density calculation took 0.620135s
Tau required
Density calculation took 0.620279s
Tau required
Density calculation took 0.620595s
Tau required
Density calculation took 0.620236s
Tau required
Density calculation took 0.619780s
Tau required
Density calculation took 0.619829s
Tau required
Density calculation took 0.620534s
Tau required
Density calculation took 0.619882s
Tau required
Density calculation took 0.619897s
Tau required
Density calculation took 0.620041s
Tau required
Density calculation took 0.620715s
Tau required
Density calculation took 0.620328s
Tau required
Density calculation took 0.620793s
Tau required
Density calculation took 0.620957s
Tau required
Total number of grid points: 392911 (5778 per atom)
Density calculation took 0.724140s
Tau required
Density calculation took 0.646531s
Tau required
Density calculation took 0.623825s
Tau required
Density calculation took 0.624699s
Tau required
Density calculation took 0.624669s
Tau required
Density calculation took 0.624380s
Tau required
Density calculation took 0.624867s
Tau required
Density calculation took 0.624802s
Tau required
Density calculation took 0.623900s
Tau required
Density calculation took 0.624412s
Tau required
Density calculation took 0.625205s
Tau required
Density calculation took 0.624867s
Tau required
Density calculation took 0.624883s
Tau required
Density calculation took 0.624980s
Tau required
Density calculation took 0.624550s
Tau required
Density calculation took 0.625075s
Tau required
Density calculation took 0.624948s
Tau required
Total number of grid points: 392336 (5769 per atom)
Density calculation took 0.662999s
Tau required
Density calculation took 0.642023s
Tau required
Density calculation took 0.619703s
Tau required
Density calculation took 0.621110s
Tau required
Density calculation took 0.620220s
Tau required
Density calculation took 0.620834s
Tau required
Density calculation took 0.620125s
Tau required
Density calculation took 0.622063s
Tau required
Density calculation took 0.620287s
Tau required
Density calculation took 0.621903s
Tau required
Density calculation took 0.620271s
Tau required
Density calculation took 0.620902s
Tau required
Density calculation took 0.619795s
Tau required
Density calculation took 0.622097s
Tau required
Density calculation took 0.620372s
Tau required
Density calculation took 0.621863s
Tau required
Total number of grid points: 392280 (5768 per atom)
Density calculation took 0.663040s
Tau required
Density calculation took 0.642090s
Tau required
Density calculation took 0.620382s
Tau required
Density calculation took 0.618949s
Tau required
Density calculation took 0.617740s
Tau required
Density calculation took 0.618599s
Tau required
Density calculation took 0.617926s
Tau required
Density calculation took 0.618170s
Tau required
Density calculation took 0.618588s
Tau required
Density calculation took 0.619553s
Tau required
Density calculation took 0.618086s
Tau required
Density calculation took 0.618585s
Tau required
Density calculation took 0.618068s
Tau required
Density calculation took 0.619213s
Tau required
Density calculation took 0.618409s
Tau required
Density calculation took 0.618322s
Tau required
Density calculation took 0.619087s
Tau required
Total number of grid points: 393073 (5780 per atom)
Density calculation took 0.659260s
Tau required
Density calculation took 0.641741s
Tau required
Density calculation took 0.620668s
Tau required
Density calculation took 0.621215s
Tau required
Density calculation took 0.620649s
Tau required
Density calculation took 0.620284s
Tau required
Density calculation took 0.620359s
Tau required
Density calculation took 0.621177s
Tau required
Density calculation took 0.620917s
Tau required
Density calculation took 0.620735s
Tau required
Density calculation took 0.620893s
Tau required
Density calculation took 0.621039s
Tau required
Density calculation took 0.621021s
Tau required
Density calculation took 0.620610s
Tau required
Density calculation took 0.621289s
Tau required
Density calculation took 0.619939s
Tau required
Density calculation took 0.621125s
Tau required
Total number of grid points: 392900 (5777 per atom)
Density calculation took 0.685991s
Tau required
Density calculation took 0.639670s
Tau required
Density calculation took 0.620692s
Tau required
Density calculation took 0.620084s
Tau required
Density calculation took 0.620853s
Tau required
Density calculation took 0.619639s
Tau required
Density calculation took 0.620605s
Tau required
Density calculation took 0.619665s
Tau required
Density calculation took 0.620528s
Tau required
Density calculation took 0.620025s
Tau required
Density calculation took 0.620823s
Tau required
Density calculation took 0.619629s
Tau required
Density calculation took 0.620690s
Tau required
Density calculation took 0.619456s
Tau required
Density calculation took 0.621154s
Tau required
Density calculation took 0.620245s
Tau required
Density calculation took 0.620941s
Tau required
Total number of grid points: 392191 (5767 per atom)
Density calculation took 0.662730s
Tau required
Density calculation took 0.639893s
Tau required
Density calculation took 0.618830s
Tau required
Density calculation took 0.618924s
Tau required
Density calculation took 0.618414s
Tau required
Density calculation took 0.617650s
Tau required
Density calculation took 0.618024s
Tau required
Density calculation took 0.619065s
Tau required
Density calculation took 0.619086s
Tau required
Density calculation took 0.619287s
Tau required
Density calculation took 0.619067s
Tau required
Density calculation took 0.619728s
Tau required
Density calculation took 0.619072s
Tau required
Density calculation took 0.619007s
Tau required
Density calculation took 0.618840s
Tau required
Density calculation took 0.619470s
Tau required
Density calculation took 0.617682s
Tau required
Total number of grid points: 392987 (5779 per atom)
Density calculation took 0.662906s
Tau required
Density calculation took 0.638647s
Tau required
Density calculation took 0.616713s
Tau required
Density calculation took 0.617246s
Tau required
Density calculation took 0.616649s
Tau required
Density calculation took 0.618069s
Tau required
Density calculation took 0.616965s
Tau required
Density calculation took 0.618050s
Tau required
Density calculation took 0.616788s
Tau required
Density calculation took 0.617645s
Tau required
Density calculation took 0.616205s
Tau required
Density calculation took 0.617433s
Tau required
Density calculation took 0.616457s
Tau required
Density calculation took 0.617808s
Tau required
Density calculation took 0.616656s
Tau required
Density calculation took 0.617962s
Tau required
Density calculation took 0.616933s
Tau required
Total number of grid points: 391654 (5759 per atom)
Density calculation took 0.692139s
Tau required
Density calculation took 0.641185s
Tau required
Density calculation took 0.617189s
Tau required
Density calculation took 0.616135s
Tau required
Density calculation took 0.617886s
Tau required
Density calculation took 0.617055s
Tau required
Density calculation took 0.617711s
Tau required
Density calculation took 0.616375s
Tau required
Density calculation took 0.616539s
Tau required
Density calculation took 0.617075s
Tau required
Density calculation took 0.617391s
Tau required
Density calculation took 0.618071s
Tau required
Density calculation took 0.617798s
Tau required
Density calculation took 0.617590s
Tau required
Density calculation took 0.617056s
Tau required
Density calculation took 0.617711s
Tau required
Density calculation took 0.618229s
Tau required
[CRAYBLAS_WARNING] Application linked against multiple cray-libsci libraries
VTPSS Energy Results      
=======================================================
E MGGA_X_REVTPSS+MGGA_C_REVTPSS: -1691.69423867
Nuclear Repulsion Energy: 4469.48541632
Electronic Energy:        -5912.64774975
XC Energy:                -248.531905
Converged:                1
# of SCF iterations:      17
SCF Time:                 34.636s

=======================================================
            Individual Calculation Summary             
=======================================================
HF Energy: -1691.6942386667867595
=======================================================


Topology 9 time: 34.822737 s, performance: SP: 0 FLOP/s, DP: 32.03 TFLOP/s
JSON file written to: json_logs/lustre_orion_chm213_scratch_ryan_dhdft_inputs_exess_exess_inputs_revTPSS_def2-TZVP_isomers_32760-32779_topology_9.json
************************************************************
**************** Running topology 11 of 20 *****************
************************************************************

************************************************************
**** Beginning RI-MGGA_X_REVTPSS+MGGA_C_REVTPSS energy *****
************************************************************

=======================================================
     MGGA_X_REVTPSS+MGGA_C_REVTPSS Energy Results      
=======================================================
E MGGA_X_REVTPSS+MGGA_C_REVTPSS: -1691.7047268
Nuclear Repulsion Energy: 4372.80592
Electronic Energy:        -5815.98302228
XC Energy:                -248.527625
Converged:                1
# of SCF iterations:      17
SCF Time:                 34.841s

=======================================================
            Individual Calculation Summary             
=======================================================
HF Energy: -1691.7047268026717575
=======================================================


Topology 10 time: 35.021677 s, performance: SP: 0 FLOP/s, DP: 31.86 TFLOP/s
JSON file written to: json_logs/lustre_orion_chm213_scratch_ryan_dhdft_inputs_exess_exess_inputs_revTPSS_def2-TZVP_isomers_32760-32779_topology_10.json
************************************************************
**************** Running topology 12 of 20 *****************
************************************************************

************************************************************
**** Beginning RI-MGGA_X_REVTPSS+MGGA_C_REVTPSS energy *****
************************************************************

=======================================================
     MGGA_X_REVTPSS+MGGA_C_REVTPSS Energy Results      
=======================================================
E MGGA_X_REVTPSS+MGGA_C_REVTPSS: -1691.70382099
Nuclear Repulsion Energy: 4387.64705988
Electronic Energy:        -5830.82706509
XC Energy:                -248.523816
Converged:                1
# of SCF iterations:      17
SCF Time:                 34.553s

=======================================================
            Individual Calculation Summary             
=======================================================
HF Energy: -1691.7038209933311919
=======================================================


Topology 11 time: 34.734186 s, performance: SP: 0 FLOP/s, DP: 32.13 TFLOP/s
JSON file written to: json_logs/lustre_orion_chm213_scratch_ryan_dhdft_inputs_exess_exess_inputs_revTPSS_def2-TZVP_isomers_32760-32779_topology_11.json
************************************************************
**************** Running topology 13 of 20 *****************
************************************************************

************************************************************
**** Beginning RI-MGGA_X_REVTPSS+MGGA_C_REVTPSS energy *****
************************************************************

=======================================================
     MGGA_X_REVTPSS+MGGA_C_REVTPSS Energy Results      
=======================================================
E MGGA_X_REVTPSS+MGGA_C_REVTPSS: -1691.69546823
Nuclear Repulsion Energy: 4470.00505658
Electronic Energy:        -5913.17428335
XC Energy:                -248.526241
Converged:                1
# of SCF iterations:      17
SCF Time:                 35.046s

=======================================================
            Individual Calculation Summary             
=======================================================
HF Energy: -1691.6954682331343065
=======================================================


Topology 12 time: 35.233109 s, performance: SP: 0 FLOP/s, DP: 31.64 TFLOP/s
JSON file written to: json_logs/lustre_orion_chm213_scratch_ryan_dhdft_inputs_exess_exess_inputs_revTPSS_def2-TZVP_isomers_32760-32779_topology_12.json
************************************************************
**************** Running topology 14 of 20 *****************
************************************************************

************************************************************
**** Beginning RI-MGGA_X_REVTPSS+MGGA_C_REVTPSS energy *****
************************************************************

=======================================================
     MGGA_X_REVTPSS+MGGA_C_REVTPSS Energy Results      
=======================================================
E MGGA_X_REVTPSS+MGGA_C_REVTPSS: -1691.68615251
Nuclear Repulsion Energy: 4687.08355205
Electronic Energy:        -6130.22879146
XC Energy:                -248.540913
Converged:                1
# of SCF iterations:      16
SCF Time:                 32.974s

=======================================================
            Individual Calculation Summary             
=======================================================
HF Energy: -1691.6861525130448172
=======================================================


Topology 13 time: 33.180409 s, performance: SP: 0 FLOP/s, DP: 31.64 TFLOP/s
JSON file written to: json_logs/lustre_orion_chm213_scratch_ryan_dhdft_inputs_exess_exess_inputs_revTPSS_def2-TZVP_isomers_32760-32779_topology_13.json
************************************************************
**************** Running topology 15 of 20 *****************
************************************************************

************************************************************
**** Beginning RI-MGGA_X_REVTPSS+MGGA_C_REVTPSS energy *****
************************************************************

=======================================================
     MGGA_X_REVTPSS+MGGA_C_REVTPSS Energy Results      
=======================================================
E MGGA_X_REVTPSS+MGGA_C_REVTPSS: -1691.68837927
Nuclear Repulsion Energy: 4551.0205769
Electronic Energy:        -5994.1716588
XC Energy:                -248.537297
Converged:                1
# of SCF iterations:      17
SCF Time:                 34.731s

=======================================================
            Individual Calculation Summary             
=======================================================
HF Energy: -1691.6883792654032277
=======================================================


Topology 14 time: 34.926185 s, performance: SP: 0 FLOP/s, DP: 31.88 TFLOP/s
JSON file written to: json_logs/lustre_orion_chm213_scratch_ryan_dhdft_inputs_exess_exess_inputs_revTPSS_def2-TZVP_isomers_32760-32779_topology_14.json
************************************************************
**************** Running topology 16 of 20 *****************
************************************************************

************************************************************
**** Beginning RI-MGGA_X_REVTPSS+MGGA_C_REVTPSS energy *****
************************************************************

=======================================================
     MGGA_X_REVTPSS+MGGA_C_REVTPSS Energy Results      
=======================================================
E MGGA_X_REVTPSS+MGGA_C_REVTPSS: -1691.68985258
Nuclear Repulsion Energy: 4615.8751773
Electronic Energy:        -6059.02438241
XC Energy:                -248.540647
Converged:                1
# of SCF iterations:      17
SCF Time:                 34.612s

=======================================================
            Individual Calculation Summary             
=======================================================
HF Energy: -1691.6898525820433861
=======================================================


Topology 15 time: 34.811349 s, performance: SP: 0 FLOP/s, DP: 31.96 TFLOP/s
JSON file written to: json_logs/lustre_orion_chm213_scratch_ryan_dhdft_inputs_exess_exess_inputs_revTPSS_def2-TZVP_isomers_32760-32779_topology_15.json
************************************************************
**************** Running topology 17 of 20 *****************
************************************************************

************************************************************
**** Beginning RI-MGGA_X_REVTPSS+MGGA_C_REVTPSS energy *****
************************************************************

=======================================================
     MGGA_X_REVTPSS+MGGA_C_REVTPSS Energy Results      
=======================================================
E MGGA_X_REVTPSS+MGGA_C_REVTPSS: -1691.69438173
Nuclear Repulsion Energy: 4623.19835153
Electronic Energy:        -6066.35268341
XC Energy:                -248.540050
Converged:                1
# of SCF iterations:      17
SCF Time:                 34.889s

=======================================================
            Individual Calculation Summary             
=======================================================
HF Energy: -1691.6943817260785181
=======================================================


Topology 16 time: 35.088576 s, performance: SP: 0 FLOP/s, DP: 31.74 TFLOP/s
JSON file written to: json_logs/lustre_orion_chm213_scratch_ryan_dhdft_inputs_exess_exess_inputs_revTPSS_def2-TZVP_isomers_32760-32779_topology_16.json
************************************************************
**************** Running topology 18 of 20 *****************
************************************************************

************************************************************
**** Beginning RI-MGGA_X_REVTPSS+MGGA_C_REVTPSS energy *****
************************************************************

=======================================================
     MGGA_X_REVTPSS+MGGA_C_REVTPSS Energy Results      
=======================================================
E MGGA_X_REVTPSS+MGGA_C_REVTPSS: -1691.68932537
Nuclear Repulsion Energy: 4592.35176509
Electronic Energy:        -6035.50343268
XC Energy:                -248.537658
Converged:                1
# of SCF iterations:      17
SCF Time:                 34.661s

=======================================================
            Individual Calculation Summary             
=======================================================
HF Energy: -1691.6893253695470776
=======================================================


Topology 17 time: 34.859675 s, performance: SP: 0 FLOP/s, DP: 31.94 TFLOP/s
JSON file written to: json_logs/lustre_orion_chm213_scratch_ryan_dhdft_inputs_exess_exess_inputs_revTPSS_def2-TZVP_isomers_32760-32779_topology_17.json
************************************************************
**************** Running topology 19 of 20 *****************
************************************************************

************************************************************
**** Beginning RI-MGGA_X_REVTPSS+MGGA_C_REVTPSS energy *****
************************************************************

=======================================================
     MGGA_X_REVTPSS+MGGA_C_REVTPSS Energy Results      
=======================================================
E MGGA_X_REVTPSS+MGGA_C_REVTPSS: -1691.69040916
Nuclear Repulsion Energy: 4646.45470393
Electronic Energy:        -6089.60850802
XC Energy:                -248.536605
Converged:                1
# of SCF iterations:      17
SCF Time:                 34.705s

=======================================================
            Individual Calculation Summary             
=======================================================
HF Energy: -1691.6904091596743456
=======================================================


Topology 18 time: 34.907886 s, performance: SP: 0 FLOP/s, DP: 31.89 TFLOP/s
JSON file written to: json_logs/lustre_orion_chm213_scratch_ryan_dhdft_inputs_exess_exess_inputs_revTPSS_def2-TZVP_isomers_32760-32779_topology_18.json
************************************************************
**************** Running topology 20 of 20 *****************
************************************************************

************************************************************
**** Beginning RI-MGGA_X_REVTPSS+MGGA_C_REVTPSS energy *****
************************************************************

=======================================================
     MGGA_X_REVTPSS+MGGA_C_REVTPSS Energy Results      
=======================================================
E MGGA_X_REVTPSS+MGGA_C_REVTPSS: -1691.69052025
Nuclear Repulsion Energy: 4646.38134406
Electronic Energy:        -6089.5260017
XC Energy:                -248.545863
Converged:                1
# of SCF iterations:      17
SCF Time:                 34.774s

=======================================================
            Individual Calculation Summary             
=======================================================
HF Energy: -1691.6905202497753180
=======================================================


Topology 19 time: 34.978113 s, performance: SP: 0 FLOP/s, DP: 31.82 TFLOP/s
JSON file written to: json_logs/lustre_orion_chm213_scratch_ryan_dhdft_inputs_exess_exess_inputs_revTPSS_def2-TZVP_isomers_32760-32779_topology_19.json
Total flops: SP: 0 FLOPS, DP: 22.230246 PFLOPS
Performance: SP: 0 FLOP/s, DP: 31.5 TFLOP/s

Now, a word from our sponsors... 
 Through these quotes I learnt how to randomly pick an element from an array - Jorge

[31mTotal processing time 705.907434 seconds[0m
[CRAYBLAS_WARNING] Application linked against multiple cray-libsci libraries
03 |   7.9070e-02   |    1.6375     |    0.2723
Density calculation took 0.598895s
Tau required
    6     | -1691.6922651554 |   1.0764e-02   |    1.6322     |    0.2637
Density calculation took 0.600281s
Tau required
    7     | -1691.6949395630 |   1.6875e-03   |    1.6365     |    0.2741
Density calculation took 0.599987s
Tau required
    8     | -1691.6953167223 |   5.1523e-04   |    1.6352     |    0.2653
Density calculation took 0.600690s
Tau required
    9     | -1691.6954548169 |   4.1864e-05   |    1.6311     |    0.2654
Density calculation took 0.600358s
Tau required
   10     | -1691.6954666826 |   5.0808e-06   |    1.6321     |    0.2648
Density calculation took 0.600219s
Tau required
   11     | -1691.6954679515 |   9.4673e-07   |    1.6336     |    0.2645
Density calculation took 0.600249s
Tau required
   12     | -1691.6954681951 |   1.3030e-07   |    1.6334     |    0.2652
Density calculation took 0.600344s
Tau required
   13     | -1691.6954682206 |   4.2656e-08   |    1.6343     |    0.2657
Density calculation took 0.600573s
Tau required
   14     | -1691.6954682323 |   2.9541e-09   |    1.6342     |    0.2644
Density calculation took 0.600199s
Tau required
   15     | -1691.6954682329 |   9.7764e-10   |    1.6337     |    0.2646
Density calculation took 0.600635s
Tau required
   16     | -1691.6954682330 |   4.8879e-10   |    1.6326     |    0.2641
Density calculation took 0.600514s
Tau required
   17     | -1691.6954682331 |   5.2375e-11   |    1.6336     |    0.2645
Created 750490 / 2985984 significant shell pairs
Created 584186 / 2274064 significant shell pairs
Total number of grid points: 391746 (5760 per atom)
One electron integrals and orthogonalizer took 0.052766s
Created 584186 / 2274064 significant shell pairs
3C integrals and B formation took 2.164485s
Iteration |      Energy      |  DIIS Metric   | Fock Time (s) | DIIS Time (s)
----------+------------------+----------------+---------------+--------------
Density calculation took 0.646935s
Tau required
    1     | -1702.3112417696 |   1.0333e+03   |    1.8108     |    0.2967
Density calculation took 0.619674s
Tau required
    2     | -1690.8620535446 |   2.9009e+00   |    1.6601     |    0.2604
Density calculation took 0.595652s
Tau required
    3     | -1690.6577825505 |   3.7035e+00   |    1.6179     |    0.2691
Density calculation took 0.595461s
Tau required
    4     | -1691.6268192178 |   1.9254e-01   |    1.6246     |    0.2612
Density calculation took 0.595508s
Tau required
    5     | -1691.6551571604 |   1.0239e-01   |    1.6195     |    0.2721
Density calculation took 0.595105s
Tau required
    6     | -1691.6843535316 |   6.4591e-03   |    1.6239     |    0.2629
Density calculation took 0.595219s
Tau required
    7     | -1691.6856592545 |   1.6465e-03   |    1.6180     |    0.2728
Density calculation took 0.595509s
Tau required
    8     | -1691.6860171884 |   4.7810e-04   |    1.6246     |    0.2648
Density calculation took 0.595168s
Tau required
    9     | -1691.6861467850 |   2.0322e-05   |    1.6182     |    0.2658
Density calculation took 0.595586s
Tau required
   10     | -1691.6861507176 |   6.1781e-06   |    1.6252     |    0.2650
Density calculation took 0.595528s
Tau required
   11     | -1691.6861523328 |   6.2867e-07   |    1.6191     |    0.2637
Density calculation took 0.595704s
Tau required
   12     | -1691.6861524894 |   8.2197e-08   |    1.6241     |    0.2646
Density calculation took 0.595755s
Tau required
   13     | -1691.6861525063 |   2.3358e-08   |    1.6178     |    0.2642
Density calculation took 0.595525s
Tau required
   14     | -1691.6861525123 |   2.6648e-09   |    1.6261     |    0.2633
Density calculation took 0.595626s
Tau required
   15     | -1691.6861525128 |   8.7828e-10   |    1.6179     |    0.2638
Density calculation took 0.595993s
Tau required
   16     | -1691.6861525130 |   9.9871e-11   |    1.6243     |    0.2641
Created 704512 / 2985984 significant shell pairs
Created 547695 / 2274064 significant shell pairs
Total number of grid points: 392567 (5773 per atom)
One electron integrals and orthogonalizer took 0.051922s
Created 547695 / 2274064 significant shell pairs
3C integrals and B formation took 2.121493s
Iteration |      Energy      |  DIIS Metric   | Fock Time (s) | DIIS Time (s)
----------+------------------+----------------+---------------+--------------
Density calculation took 0.657182s
Tau required
    1     | -1702.3048458631 |   1.0321e+03   |    1.8211     |    0.2966
Density calculation took 0.620588s
Tau required
    2     | -1690.8654615466 |   2.8953e+00   |    1.6521     |    0.2601
Density calculation took 0.598650s
Tau required
    3     | -1690.6788714467 |   3.6606e+00   |    1.6162     |    0.2694
Density calculation took 0.596384s
Tau required
    4     | -1691.6545806466 |   1.2069e-01   |    1.6149     |    0.2611
Density calculation took 0.598673s
Tau required
    5     | -1691.6743364828 |   4.8469e-02   |    1.6155     |    0.2720
Density calculation took 0.598988s
Tau required
    6     | -1691.6865599232 |   6.1894e-03   |    1.6152     |    0.2638
Density calculation took 0.598609s
Tau required
    7     | -1691.6880917541 |   9.5746e-04   |    1.6152     |    0.2719
Density calculation took 0.598292s
Tau required
    8     | -1691.6882780135 |   3.4405e-04   |    1.6153     |    0.2646
Density calculation took 0.597143s
Tau required
    9     | -1691.6883723381 |   2.2369e-05   |    1.6213     |    0.2656
Density calculation took 0.597324s
Tau required
   10     | -1691.6883777418 |   4.8702e-06   |    1.6162     |    0.2651
Density calculation took 0.597553s
Tau required
   11     | -1691.6883791334 |   4.5984e-07   |    1.6155     |    0.2634
Density calculation took 0.597120s
Tau required
   12     | -1691.6883792449 |   7.1421e-08   |    1.6168     |    0.2633
Density calculation took 0.597342s
Tau required
   13     | -1691.6883792585 |   2.4650e-08   |    1.6150     |    0.2636
Density calculation took 0.597743s
Tau required
   14     | -1691.6883792645 |   2.8879e-09   |    1.6172     |    0.2651
Density calculation took 0.597686s
Tau required
   15     | -1691.6883792653 |   4.5008e-10   |    1.6167     |    0.2647
Density calculation took 0.597634s
Tau required
   16     | -1691.6883792653 |   3.3007e-10   |    1.6179     |    0.2634
Density calculation took 0.597454s
Tau required
   17     | -1691.6883792654 |   4.6222e-11   |    1.6148     |    0.2652
Created 724805 / 2985984 significant shell pairs
Created 563683 / 2274064 significant shell pairs
Total number of grid points: 392261 (5768 per atom)
One electron integrals and orthogonalizer took 0.052706s
Created 563683 / 2274064 significant shell pairs
3C integrals and B formation took 2.167018s
Iteration |      Energy      |  DIIS Metric   | Fock Time (s) | DIIS Time (s)
----------+------------------+----------------+---------------+--------------
Density calculation took 0.653120s
Tau required
    1     | -1702.3121228449 |   1.0344e+03   |    1.8073     |    0.2977
Density calculation took 0.621678s
Tau required
    2     | -1690.8644076667 |   2.9073e+00   |    1.6390     |    0.2604
Density calculation took 0.599991s
Tau required
    3     | -1690.6615854871 |   3.7193e+00   |    1.6061     |    0.2696
Density calculation took 0.599538s
Tau required
    4     | -1691.6460504121 |   1.5145e-01   |    1.6075     |    0.2612
Density calculation took 0.599681s
Tau required
    5     | -1691.6696181356 |   6.9245e-02   |    1.6073     |    0.2715
Density calculation took 0.600184s
Tau required
    6     | -1691.6874373642 |   8.3544e-03   |    1.6066     |    0.2636
Density calculation took 0.599417s
Tau required
    7     | -1691.6895174340 |   1.1236e-03   |    1.6059     |    0.2726
Density calculation took 0.599879s
Tau required
    8     | -1691.6897558846 |   3.4145e-04   |    1.6062     |    0.2634
Density calculation took 0.599575s
Tau required
    9     | -1691.6898465792 |   2.0331e-05   |    1.6065     |    0.2638
Density calculation took 0.599293s
Tau required
   10     | -1691.6898514548 |   3.8141e-06   |    1.6050     |    0.2641
Density calculation took 0.599866s
Tau required
   11     | -1691.6898524142 |   5.6965e-07   |    1.6048     |    0.2643
Density calculation took 0.599901s
Tau required
   12     | -1691.6898525555 |   9.1162e-08   |    1.6080     |    0.2638
Density calculation took 0.599248s
Tau required
   13     | -1691.6898525723 |   3.3222e-08   |    1.6074     |    0.2641
Density calculation took 0.599395s
Tau required
   14     | -1691.6898525811 |   3.2418e-09   |    1.6096     |    0.2629
Density calculation took 0.599470s
Tau required
   15     | -1691.6898525819 |   5.0439e-10   |    1.6069     |    0.2643
Density calculation took 0.599690s
Tau required
   16     | -1691.6898525819 |   3.8693e-10   |    1.6053     |    0.2642
Density calculation took 0.599937s
Tau required
   17     | -1691.6898525820 |   3.0026e-11   |    1.6095     |    0.2637
Created 724236 / 2985984 significant shell pairs
Created 563560 / 2274064 significant shell pairs
Total number of grid points: 392432 (5771 per atom)
One electron integrals and orthogonalizer took 0.052527s
Created 563560 / 2274064 significant shell pairs
3C integrals and B formation took 2.160197s
Iteration |      Energy      |  DIIS Metric   | Fock Time (s) | DIIS Time (s)
----------+------------------+----------------+---------------+--------------
Density calculation took 0.653394s
Tau required
    1     | -1702.3134113271 |   1.0345e+03   |    1.8251     |    0.2937
Density calculation took 0.622998s
Tau required
    2     | -1690.8689272792 |   2.9049e+00   |    1.6549     |    0.2605
Density calculation took 0.599574s
Tau required
    3     | -1690.6538017067 |   3.7570e+00   |    1.6244     |    0.2707
Density calculation took 0.599600s
Tau required
    4     | -1691.6365162255 |   1.9846e-01   |    1.6222     |    0.2620
Density calculation took 0.599804s
Tau required
    5     | -1691.6726078812 |   7.4791e-02   |    1.6268     |    0.2704
Density calculation took 0.597653s
Tau required
    6     | -1691.6925618105 |   6.6961e-03   |    1.6242     |    0.2625
Density calculation took 0.599906s
Tau required
    7     | -1691.6940324735 |   1.2008e-03   |    1.6241     |    0.2729
Density calculation took 0.597750s
Tau required
    8     | -1691.6942263727 |   5.2216e-04   |    1.6249     |    0.2626
Density calculation took 0.598009s
Tau required
    9     | -1691.6943670085 |   4.5342e-05   |    1.6251     |    0.2620
Density calculation took 0.600329s
Tau required
   10     | -1691.6943801482 |   5.2053e-06   |    1.6212     |    0.2629
Density calculation took 0.598105s
Tau required
   11     | -1691.6943815393 |   6.7435e-07   |    1.6267     |    0.2631
Density calculation took 0.599663s
Tau required
   12     | -1691.6943817060 |   6.8714e-08   |    1.6223     |    0.2628
Density calculation took 0.598093s
Tau required
   13     | -1691.6943817169 |   3.1291e-08   |    1.6262     |    0.2628
Density calculation took 0.600354s
Tau required
   14     | -1691.6943817254 |   2.2951e-09   |    1.6219     |    0.2624
Density calculation took 0.598112s
Tau required
   15     | -1691.6943817259 |   6.6014e-10   |    1.6252     |    0.2638
Density calculation took 0.599738s
Tau required
   16     | -1691.6943817260 |   3.0655e-10   |    1.6259     |    0.2633
Density calculation took 0.598065s
Tau required
   17     | -1691.6943817261 |   2.7537e-11   |    1.6262     |    0.2629
Created 715412 / 2985984 significant shell pairs
Created 556359 / 2274064 significant shell pairs
Total number of grid points: 392346 (5769 per atom)
One electron integrals and orthogonalizer took 0.052538s
Created 556359 / 2274064 significant shell pairs
3C integrals and B formation took 2.136352s
Iteration |      Energy      |  DIIS Metric   | Fock Time (s) | DIIS Time (s)
----------+------------------+----------------+---------------+--------------
Density calculation took 0.643769s
Tau required
    1     | -1702.3078722808 |   1.0327e+03   |    1.8125     |    0.2966
Density calculation took 0.617158s
Tau required
    2     | -1690.8669273205 |   2.8916e+00   |    1.6515     |    0.2598
Density calculation took 0.594431s
Tau required
    3     | -1690.6699850198 |   3.6929e+00   |    1.6120     |    0.2697
Density calculation took 0.595097s
Tau required
    4     | -1691.6456205755 |   1.5632e-01   |    1.6088     |    0.2617
Density calculation took 0.595224s
Tau required
    5     | -1691.6734743553 |   5.5455e-02   |    1.6110     |    0.2710
Density calculation took 0.595346s
Tau required
    6     | -1691.6875776236 |   6.0477e-03   |    1.6107     |    0.2620
Density calculation took 0.596025s
Tau required
    7     | -1691.6889565652 |   1.2335e-03   |    1.6090     |    0.2737
Density calculation took 0.595128s
Tau required
    8     | -1691.6892372572 |   3.1123e-04   |    1.6109     |    0.2632
Density calculation took 0.595707s
Tau required
    9     | -1691.6893219821 |   1.2138e-05   |    1.6110     |    0.2625
Density calculation took 0.595264s
Tau required
   10     | -1691.6893242766 |   3.8339e-06   |    1.6131     |    0.2635
Density calculation took 0.595989s
Tau required
   11     | -1691.6893252714 |   3.4453e-07   |    1.6123     |    0.2644
Density calculation took 0.595359s
Tau required
   12     | -1691.6893253458 |   7.9937e-08   |    1.6108     |    0.2650
Density calculation took 0.595664s
Tau required
   13     | -1691.6893253609 |   2.9700e-08   |    1.6152     |    0.2649
Density calculation took 0.595513s
Tau required
   14     | -1691.6893253685 |   3.4615e-09   |    1.6104     |    0.2638
Density calculation took 0.595992s
Tau required
   15     | -1691.6893253694 |   5.4688e-10   |    1.6102     |    0.2626
Density calculation took 0.595379s
Tau required
   16     | -1691.6893253694 |   4.8741e-10   |    1.6097     |    0.2630
Density calculation took 0.595986s
Tau required
   17     | -1691.6893253695 |   5.8171e-11   |    1.6078     |    0.2634
Created 731362 / 2985984 significant shell pairs
Created 569924 / 2274064 significant shell pairs
Total number of grid points: 392130 (5766 per atom)
One electron integrals and orthogonalizer took 0.052777s
Created 569924 / 2274064 significant shell pairs
3C integrals and B formation took 2.171390s
Iteration |      Energy      |  DIIS Metric   | Fock Time (s) | DIIS Time (s)
----------+------------------+----------------+---------------+--------------
Density calculation took 0.648836s
Tau required
    1     | -1702.3058925229 |   1.0325e+03   |    1.8005     |    0.2953
Density calculation took 0.619181s
Tau required
    2     | -1690.8655014464 |   2.8984e+00   |    1.6509     |    0.2615
Density calculation took 0.595941s
Tau required
    3     | -1690.6529323287 |   3.7322e+00   |    1.6096     |    0.2705
Density calculation took 0.597273s
Tau required
    4     | -1691.6332485037 |   1.8995e-01   |    1.6133     |    0.2625
Density calculation took 0.595620s
Tau required
    5     | -1691.6659539667 |   8.1841e-02   |    1.6066     |    0.2732
Density calculation took 0.596090s
Tau required
    6     | -1691.6877234915 |   9.1100e-03   |    1.6179     |    0.2634
Density calculation took 0.595861s
Tau required
    7     | -1691.6897708742 |   2.0540e-03   |    1.6086     |    0.2736
Density calculation took 0.595893s
Tau required
    8     | -1691.6902718431 |   4.8575e-04   |    1.6182     |    0.2652
Density calculation took 0.597839s
Tau required
    9     | -1691.6903952065 |   4.5744e-05   |    1.6066     |    0.2633
Density calculation took 0.597918s
Tau required
   10     | -1691.6904074332 |   5.8712e-06   |    1.6145     |    0.2662
Density calculation took 0.597944s
Tau required
   11     | -1691.6904089430 |   7.6120e-07   |    1.6096     |    0.2642
Density calculation took 0.597569s
Tau required
   12     | -1691.6904091323 |   9.4236e-08   |    1.6169     |    0.2643
Density calculation took 0.597891s
Tau required
   13     | -1691.6904091498 |   3.4096e-08   |    1.6079     |    0.2634
Density calculation took 0.597982s
Tau required
   14     | -1691.6904091588 |   2.9938e-09   |    1.6138     |    0.2648
Density calculation took 0.598123s
Tau required
   15     | -1691.6904091594 |   8.9076e-10   |    1.6062     |    0.2642
Density calculation took 0.598047s
Tau required
   16     | -1691.6904091596 |   3.0325e-10   |    1.6150     |    0.2627
Density calculation took 0.597819s
Tau required
   17     | -1691.6904091597 |   4.3188e-11   |    1.6096     |    0.2639
Created 734683 / 2985984 significant shell pairs
Created 571112 / 2274064 significant shell pairs
Total number of grid points: 393072 (5780 per atom)
One electron integrals and orthogonalizer took 0.052969s
Created 571112 / 2274064 significant shell pairs
3C integrals and B formation took 2.147889s
Iteration |      Energy      |  DIIS Metric   | Fock Time (s) | DIIS Time (s)
----------+------------------+----------------+---------------+--------------
Density calculation took 0.687284s
Tau required
    1     | -1702.3220908608 |   1.0365e+03   |    1.8502     |    0.2955
Density calculation took 0.621300s
Tau required
    2     | -1690.8625890191 |   2.9226e+00   |    1.6472     |    0.2607
Density calculation took 0.598217s
Tau required
    3     | -1690.6441912303 |   3.8130e+00   |    1.6166     |    0.2701
Density calculation took 0.598220s
Tau required
    4     | -1691.6482247918 |   1.4775e-01   |    1.6140     |    0.2624
Density calculation took 0.598721s
Tau required
    5     | -1691.6701575719 |   7.1139e-02   |    1.6158     |    0.2723
Density calculation took 0.598496s
Tau required
    6     | -1691.6889562321 |   5.6447e-03   |    1.6153     |    0.2637
Density calculation took 0.598296s
Tau required
    7     | -1691.6902321751 |   1.0033e-03   |    1.6132     |    0.2725
Density calculation took 0.598143s
Tau required
    8     | -1691.6904435735 |   2.6928e-04   |    1.6145     |    0.2637
Density calculation took 0.598688s
Tau required
    9     | -1691.6905126296 |   2.5019e-05   |    1.6119     |    0.2643
Density calculation took 0.598064s
Tau required
   10     | -1691.6905185273 |   5.7288e-06   |    1.6145     |    0.2636
Density calculation took 0.598512s
Tau required
   11     | -1691.6905200573 |   6.5422e-07   |    1.6151     |    0.2650
Density calculation took 0.598325s
Tau required
   12     | -1691.6905202210 |   1.0098e-07   |    1.6140     |    0.2628
Density calculation took 0.598413s
Tau required
   13     | -1691.6905202420 |   2.6840e-08   |    1.6150     |    0.2641
Density calculation took 0.598170s
Tau required
   14     | -1691.6905202488 |   3.2772e-09   |    1.6143     |    0.2654
Density calculation took 0.598567s
Tau required
   15     | -1691.6905202496 |   6.4499e-10   |    1.6152     |    0.2646
Density calculation took 0.598287s
Tau required
   16     | -1691.6905202497 |   3.1597e-10   |    1.6125     |    0.2675
Density calculation took 0.598473s
Tau required
   17     | -1691.6905202498 |   1.8543e-11   |    1.6137     |    0.2661
Please cite the following papers for the methods used in this calculation:
 - J.L. Galvez Vallejo et. al., Toward an extreme-scale electronic structure system, J. Chem. Phys., 2023. DOI: 10.1063/5.0156399

 - R. Stocks, E. Palethorpe, and G.M.J. Barca, Multi-GPU RI-HF Energies and Analytic Gradients ─ Toward High-Throughput Ab Initio Molecular Dynamics, J. Chem. Theory Comput., 2024. DOI: 10.1021/acs.jctc.4c00877
   For:
     * RI-HF energy

 - S. Lehtola, C. Steigemann, M.J.T. Oliveira, and M.A.L. Marques, Recent developments in Libxc: A comprehensive library of functionals for density functional theory, SoftwareX, 2018. DOI: 10.1016/j.softx.2017.11.002
   For:
     * LibXC version 6.2.0

 - D.B. Williams-Young, W.A. de Jong, H.J.J. van Dam, and C. Yang, On the Efficient Evaluation of the Exchange Correlation Potential on Graphics Processing Unit Clusters, Frontiers in Chemistry, 2020. DOI: 10.3389/fchem.2020.581058
   For:
     * ExchCXX GPU implementation of exchange-correlation functionals

 - R. Stocks and G.M.J. Barca, Efficient Algorithms for GPU Accelerated Evaluation of the DFT Exchange-Correlation Functional, J. Chem. Theory Comput., 2025. DOI: 10.1021/acs.jctc.5c01229
   For:
     * GPU accelerated DFT exchange-correlation evaluation

 - J. P. Perdew, A. Ruzsinszky, G. I. Csonka, L. A. Constantin, and J. Sun.,  Phys. Rev. Lett. 103, 026403 (2009) DOI: 10.1103/PhysRevLett.103.026403
   For:
     * MGGA_X_REVTPSS XC Functional
     * MGGA_C_REVTPSS XC Functional

[CRAYBLAS_WARNING] Application linked against multiple cray-libsci libraries
