Total number of grid points: 370041 (5781 per atom)
Density calculation took 0.553091s
Tau required
Density calculation took 0.573211s
Tau required
Density calculation took 0.555188s
Tau required
Density calculation took 0.553951s
Tau required
Density calculation took 0.555917s
Tau required
Density calculation took 0.555871s
Tau required
Density calculation took 0.556055s
Tau required
Density calculation took 0.554739s
Tau required
Density calculation took 0.554445s
Tau required
Density calculation took 0.556254s
Tau required
Density calculation took 0.556859s
Tau required
Density calculation took 0.556687s
Tau required
Density calculation took 0.555893s
Tau required
Density calculation took 0.556887s
Tau required
Density calculation took 0.557062s
Tau required
Density calculation took 0.555117s
Tau required
Density calculation took 0.557302s
Tau required
Total number of grid points: 368850 (5763 per atom)
Density calculation took 0.587441s
Tau required
Density calculation took 0.577494s
Tau required
Density calculation took 0.556727s
Tau required
Density calculation took 0.556140s
Tau required
Density calculation took 0.555328s
Tau required
Density calculation took 0.557058s
Tau required
Density calculation took 0.556521s
Tau required
Density calculation took 0.556952s
Tau required
Density calculation took 0.556027s
Tau required
Density calculation took 0.555740s
Tau required
Density calculation took 0.557175s
Tau required
Density calculation took 0.556008s
Tau required
Density calculation took 0.557575s
Tau required
Density calculation took 0.557670s
Tau required
Density calculation took 0.557354s
Tau required
Density calculation took 0.557030s
Tau required
Density calculation took 0.556094s
Tau required
Density calculation took 0.555789s
Tau required
Density calculation took 0.557560s
Tau required
Total number of grid points: 369539 (5774 per atom)
Density calculation took 0.552005s
Tau required
Density calculation took 0.575595s
Tau required
Density calculation took 0.552362s
Tau required
Density calculation took 0.554412s
Tau required
Density calculation took 0.554494s
Tau required
Density calculation took 0.552991s
Tau required
Density calculation took 0.553996s
Tau required
Density calculation took 0.554425s
Tau required
Density calculation took 0.552278s
Tau required
Density calculation took 0.554178s
Tau required
Density calculation took 0.554754s
Tau required
Density calculation took 0.554581s
Tau required
Density calculation took 0.553690s
Tau required
Density calculation took 0.554736s
Tau required
Density calculation took 0.553871s
Tau required
Density calculation took 0.554524s
Tau required
Density calculation took 0.553262s
Tau required
Total number of grid points: 369334 (5770 per atom)
Density calculation took 0.555424s
Tau required
Density calculation took 0.563996s
Tau required
Density calculation took 0.542689s
Tau required
Density calculation took 0.543089s
Tau required
Density calculation took 0.542061s
Tau required
Density calculation took 0.544204s
Tau required
Density calculation took 0.543531s
Tau required
Density calculation took 0.542749s
Tau required
Density calculation took 0.544816s
Tau required
Density calculation took 0.544978s
Tau required
Density calculation took 0.543777s
Tau required
Density calculation took 0.544943s
Tau required
Density calculation took 0.542531s
Tau required
Density calculation took 0.545231s
Tau required
Density calculation took 0.545289s
Tau required
Density calculation took 0.545398s
Tau required
Density calculation took 0.545023s
Tau required
Total number of grid points: 369998 (5781 per atom)
Density calculation took 0.553533s
Tau required
Density calculation took 0.579526s
Tau required
Density calculation took 0.557736s
Tau required
Density calculation took 0.558134s
Tau required
Density calculation took 0.558011s
Tau required
Density calculation took 0.556683s
Tau required
Density calculation took 0.558286s
Tau required
Density calculation took 0.557926s
Tau required
Density calculation took 0.558006s
Tau required
Density calculation took 0.558492s
Tau required
Density calculation took 0.558117s
Tau required
Density calculation took 0.558765s
Tau required
Density calculation took 0.558425s
Tau required
Density calculation took 0.558725s
Tau required
Density calculation took 0.558918s
Tau required
Density calculation took 0.558254s
Tau required
Density calculation took 0.558721s
Tau required
Total number of grid points: 369499 (5773 per atom)
Density calculation took 0.556677s
Tau required
Density calculation took 0.576754s
Tau required
Density calculation took 0.553388s
Tau required
Density calculation took 0.552720s
Tau required
Density calculation took 0.552311s
Tau required
Density calculation took 0.553943s
Tau required
Density calculation took 0.554435s
Tau required
Density calculation took 0.553135s
Tau required
Density calculation took 0.551594s
Tau required
Density calculation took 0.552751s
Tau required
Density calculation took 0.553074s
Tau required
Density calculation took 0.553204s
Tau required
Density calculation took 0.552907s
Tau required
Density calculation took 0.554154s
Tau required
Density calculation took 0.553219s
Tau required
Density calculation took 0.554068s
Tau required
Density calculation took 0.553336s
Tau required
Total number of grid points: 370020 (5781 per atom)
Density calculation took 0.591748s
Tau required
Density calculation took 0.571918s
Tau required
Density calculation took 0.550370s
Tau required
Density calculation took 0.551187s
Tau required
Density calculation took 0.549357s
Tau required
Density calculation took 0.550955s
Tau required
Density calculation took 0.550801s
Tau required
Density calculation took 0.551101s
Tau required
Density calculation took 0.551061s
Tau required
Density calculation took 0.549963s
Tau required
Density calculation took 0.548004s
Tau required
Density calculation took 0.551092s
Tau required
Density calculation took 0.550992s
Tau required
Density calculation took 0.551588s
Tau required
Density calculation took 0.550989s
Tau required
Density calculation took 0.551394s
Tau required
Density calculation took 0.549133s
Tau required
Total number of grid points: 369926 (5780 per atom)
Density calculation took 0.557459s
Tau required
Density calculation took 0.579159s
Tau required
Density calculation took 0.555616s
Tau required
Density calculation took 0.556186s
Tau required
Density calculation took 0.555669s
Tau required
Density calculation took 0.555389s
Tau required
Density calculation took 0.555257s
Tau required
Density calculation took 0.557111s
Tau required
Density calculation took 0.557020s
Tau required
Density calculation took 0.556638s
Tau required
Density calculation took 0.556615s
Tau required
Density calculation took 0.555796s
Tau required
Density calculation took 0.556871s
Tau required
Density calculation took 0.556968s
Tau required
Density calculation took 0.557421s
Tau required
Density calculation took 0.555802s
Tau required
Density calculation took 0.557028s
Tau required
Density calculation took 0.557595s
Tau required
Total number of grid points: 368423 (5756 per atom)
Density calculation took 0.604366s
Tau required
Density calculation took 0.578163s
Tau required
Density calculation took 0.556940s
Tau required
Density calculation took 0.557001s
Tau required
Density calculation took 0.556140s
Tau required
Density calculation took 0.557446s
Tau required
Density calculation took 0.557303s
Tau required
Density calculation took 0.556837s
Tau required
Density calculation took 0.555972s
Tau required
Density calculation took 0.557542s
Tau required
Density calculation took 0.556070s
Tau required
Density calculation took 0.556373s
Tau required
Density calculation took 0.557439s
Tau required
Density calculation took 0.556111s
Tau required
Density calculation took 0.557487s
Tau required
Density calculation took 0.556091s
Tau required
Density calculation took 0.557266s
Tau required
Total number of grid points: 369313 (5770 per atom)
Density calculation took 0.590160s
Tau required
Density calculation took 0.574034s
Tau required
Density calculation took 0.555208s
Tau required
Density calculation took 0.554621s
Tau required
Density calculation took 0.554490s
Tau required
Density calculation took 0.555117s
Tau required
Density calculation took 0.555747s
Tau required
Density calculation took 0.553133s
Tau required
Density calculation took 0.555501s
Tau required
Density calculation took 0.555699s
Tau required
Density calculation took 0.555697s
Tau required
Density calculation took 0.554427s
Tau required
Density calculation took 0.555694s
Tau required
Density calculation took 0.555588s
Tau required
Density calculation took 0.555913s
Tau required
Density calculation took 0.554027s
Tau required
Density calculation took 0.555831s
Tau required
Total number of grid points: 369534 (5773 per atom)
Density calculation took 0.585908s
Tau required
Density calculation took 0.571033s
Tau required
Density calculation took 0.550027s
Tau required
Density calculation took 0.550588s
Tau required
Density calculation took 0.551671s
Tau required
Density calculation took 0.550721s
Tau required
Density calculation took 0.552018s
Tau required
Density calculation took 0.551118s
Tau required
Density calculation took 0.551926s
Tau required
Density calculation took 0.551797s
Tau required
Density calculation took 0.551910s
Tau required
Density calculation took 0.551776s
Tau required
Density calculation took 0.550851s
Tau required
Density calculation took 0.552018s
Tau required
Density calculation took 0.551162s
Tau required
Density calculation took 0.552092s
Tau required
Density calculation took 0.551808s
Tau required
Total number of grid points: 369858 (5779 per atom)
Density calculation took 0.553948s
Tau required
Density calculation took 0.578650s
Tau required
Density calculation took 0.558839s
Tau required
Density calculation took 0.556362s
Tau required
Density calculation took 0.558909s
Tau required
Density calculation took 0.557820s
Tau required
Density calculation took 0.559082s
Tau required
Density calculation took 0.558644s
Tau required
Density calculation took 0.558156s
Tau required
Density calculation took 0.559395s
Tau required
Density calculation took 0.559330s
Tau required
Density calculation took 0.558386s
Tau required
Density calculation took 0.559472s
Tau required
Density calculation took 0.559277s
Tau required
Density calculation took 0.559571s
Tau required
Density calculation took 0.558532s
Tau required
Density calculation took 0.559180s
Tau required
Density calculation took 0.559040s
Tau required
Total number of grid points: 369655 (5775 per atom)
Density calculation took 0.554519s
Tau required
Density calculation took 0.573641s
Tau required
Density calculation took 0.550050s
Tau required
Density calculation took 0.551160s
Tau required
Density calculation took 0.551613s
Tau required
Density calculation took 0.552899s
Tau required
Density calculation took 0.552769s
Tau required
Density calculation took 0.552616s
Tau required
Density calculation took 0.552764s
Tau required
Density calculation took 0.551973s
Tau required
Density calculation took 0.551857s
Tau required
Density calculation took 0.552664s
Tau required
Density calculation took 0.553127s
Tau required
Density calculation took 0.553259s
Tau required
Density calculation took 0.552953s
Tau required
Density calculation took 0.552452s
Tau required
Density calculation took 0.553046s
Tau required
Total number of grid points: 369364 (5771 per atom)
Density calculation took 0.579415s
Tau required
Density calculation took 0.572726s
Tau required
Density calculation took 0.550840s
Tau required
Density calculation took 0.551233s
Tau required
Density calculation took 0.552021s
Tau required
Density calculation took 0.551422s
Tau required
Density calculation took 0.552118s
Tau required
Density calculation took 0.552192s
Tau required
Density calculation took 0.552189s
Tau required
Density calculation took 0.552657s
Tau required
Density calculation took 0.551540s
Tau required
Density calculation took 0.552572s
Tau required
Density calculation took 0.552417s
Tau required
Density calculation took 0.552755s
Tau required
Density calculation took 0.551457s
Tau required
Density calculation took 0.551483s
Tau required
Density calculation took 0.551340s
Tau required
Total number of grid points: 369882 (5779 per atom)
Density calculation took 0.554894s
Tau required
Density calculation took 0.579052s
Tau required
Density calculation took 0.559198s
Tau required
Density calculation took 0.557140s
Tau required
Density calculation took 0.558301s
Tau required
Density calculation took 0.558877s
Tau required
Density calculation took 0.559254s
Tau required
Density calculation took 0.558524s
Tau required
Density calculation took 0.558245s
Tau required
Density calculation took 0.558389s
Tau required
Density calculation took 0.559284s
Tau required
Density calculation took 0.558383s
Tau required
Density calculation took 0.557366s
Tau required
Density calculation took 0.557618s
Tau required
Density calculation took 0.559659s
Tau required
Density calculation took 0.558776s
Tau required
Density calculation took 0.557510s
Tau required
Density calculation took 0.559425s
Tau required
Total number of grid points: 369010 (5765 per atom)
Density calculation took 0.556456s
Tau required
Density calculation took 0.574025s
Tau required
Density calculation took 0.553554s
Tau required
Density calculation took 0.553978s
Tau required
Density calculation took 0.553970s
Tau required
Density calculation took 0.553860s
Tau required
Density calculation took 0.555164s
Tau required
Density calculation took 0.554052s
Tau required
Density calculation took 0.552904s
Tau required
Density calculation took 0.552886s
Tau required
Density calculation took 0.555384s
Tau required
Density calculation took 0.554323s
Tau required
Density calculation took 0.552398s
Tau required
Density calculation took 0.555369s
Tau required
Density calculation took 0.554851s
Tau required
Density calculation took 0.554116s
Tau required
Density calculation took 0.554137s
Tau required
Total number of grid points: 369871 (5779 per atom)
Density calculation took 0.563992s
Tau required
Density calculation took 0.579623s
Tau required
Density calculation took 0.559196s
Tau required
Density calculation took 0.557457s
Tau required
Density calculation took 0.560185s
Tau required
Density calculation took 0.560127s
Tau required
Density calculation took 0.560336s
Tau required
Density calculation took 0.560057s
Tau required
Density calculation took 0.560141s
Tau required
Density calculation took 0.558525s
Tau required
Density calculation took 0.557665s
Tau required
Density calculation took 0.560369s
Tau required
Density calculation took 0.560291s
Tau required
Density calculation took 0.558689s
Tau required
Density calculation took 0.560172s
Tau required
Density calculation took 0.559879s
Tau required
Density calculation took 0.558636s
Tau required
Density calculation took 0.560138s
Tau required
Total number of grid points: 368710 (5761 per atom)
Density calculation took 0.557456s
Tau required
Density calculation took 0.576364s
Tau required
Density calculation took 0.555112s
Tau required
Density calculation took 0.555087s
Tau required
Density calculation took 0.555855s
Tau required
Density calculation took 0.555029s
Tau required
Density calculation took 0.555454s
Tau required
Density calculation took 0.554142s
Tau required
Density calculation took 0.556491s
Tau required
Density calculation took 0.555623s
Tau required
Density calculation took 0.554196s
Tau required
Density calculation took 0.555732s
Tau required
Density calculation took 0.557144s
Tau required
Density calculation took 0.554513s
Tau required
Density calculation took 0.555452s
Tau required
Density calculation took 0.555052s
Tau required
Density calculation took 0.556856s
Tau required
Total number of grid points: 369766 (5777 per atom)
Density calculation took 0.553606s
Tau required
Density calculation took 0.572623s
Tau required
Density calculation took 0.552004s
Tau required
Density calculation took 0.550508s
Tau required
Density calculation took 0.551965s
Tau required
Density calculation took 0.550626s
Tau required
Density calculation took 0.552233s
Tau required
Density calculation took 0.552051s
Tau required
Density calculation took 0.551914s
Tau required
Density calculation took 0.551993s
Tau required
Density calculation took 0.551634s
Tau required
Density calculation took 0.552024s
Tau required
Density calculation took 0.552053s
Tau required
Density calculation took 0.551174s
Tau required
Density calculation took 0.550545s
Tau required
Density calculation took 0.551343s
Tau required
Density calculation took 0.550461s
Tau required
Total number of grid points: 368984 (5765 per atom)
Density calculation took 0.551920s
Tau required
Density calculation took 0.571173s
Tau required
Density calculation took 0.546344s
Tau required
Density calculation took 0.545298s
Tau required
Density calculation took 0.546779s
Tau required
Density calculation took 0.545524s
Tau required
Density calculation took 0.545907s
Tau required
Density calculation took 0.546363s
Tau required
Density calculation took 0.546348s
Tau required
Density calculation took 0.544818s
Tau required
Density calculation took 0.546484s
Tau required
Density calculation took 0.546223s
Tau required
Density calculation took 0.546849s
Tau required
Density calculation took 0.546709s
Tau required
Density calculation took 0.546820s
Tau required
Density calculation took 0.547005s
Tau required
Density calculation took 0.546623s
Tau required
[CRAYBLAS_WARNING] Application linked against multiple cray-libsci libraries
0.208s

=======================================================
            Individual Calculation Summary             
=======================================================
HF Energy: -1614.2500560382932235
=======================================================


Topology 9 time: 30.399553 s, performance: SP: 0 FLOP/s, DP: 31.18 TFLOP/s
JSON file written to: json_logs/lustre_orion_chm213_scratch_ryan_dhdft_inputs_exess_exess_inputs_revTPSS_def2-TZVP_isomers_17660-17679_topology_9.json
************************************************************
**************** Running topology 11 of 20 *****************
************************************************************

************************************************************
**** Beginning RI-MGGA_X_REVTPSS+MGGA_C_REVTPSS energy *****
************************************************************

=======================================================
     MGGA_X_REVTPSS+MGGA_C_REVTPSS Energy Results      
=======================================================
E MGGA_X_REVTPSS+MGGA_C_REVTPSS: -1614.25163349
Nuclear Repulsion Energy: 4362.70544407
Electronic Energy:        -5740.03850137
XC Energy:                -236.918576
Converged:                1
# of SCF iterations:      17
SCF Time:                 30.021s

=======================================================
            Individual Calculation Summary             
=======================================================
HF Energy: -1614.2516334892950454
=======================================================


Topology 10 time: 30.211475 s, performance: SP: 0 FLOP/s, DP: 31.39 TFLOP/s
JSON file written to: json_logs/lustre_orion_chm213_scratch_ryan_dhdft_inputs_exess_exess_inputs_revTPSS_def2-TZVP_isomers_17660-17679_topology_10.json
************************************************************
**************** Running topology 12 of 20 *****************
************************************************************

************************************************************
**** Beginning RI-MGGA_X_REVTPSS+MGGA_C_REVTPSS energy *****
************************************************************

=======================================================
     MGGA_X_REVTPSS+MGGA_C_REVTPSS Energy Results      
=======================================================
E MGGA_X_REVTPSS+MGGA_C_REVTPSS: -1614.23897603
Nuclear Repulsion Energy: 4339.83093951
Electronic Energy:        -5717.15540748
XC Energy:                -236.914508
Converged:                1
# of SCF iterations:      18
SCF Time:                 31.787s

=======================================================
            Individual Calculation Summary             
=======================================================
HF Energy: -1614.2389760251637654
=======================================================


Topology 11 time: 31.976796 s, performance: SP: 0 FLOP/s, DP: 31.29 TFLOP/s
JSON file written to: json_logs/lustre_orion_chm213_scratch_ryan_dhdft_inputs_exess_exess_inputs_revTPSS_def2-TZVP_isomers_17660-17679_topology_11.json
************************************************************
**************** Running topology 13 of 20 *****************
************************************************************

************************************************************
**** Beginning RI-MGGA_X_REVTPSS+MGGA_C_REVTPSS energy *****
************************************************************

=======================================================
     MGGA_X_REVTPSS+MGGA_C_REVTPSS Energy Results      
=======================================================
E MGGA_X_REVTPSS+MGGA_C_REVTPSS: -1614.24705255
Nuclear Repulsion Energy: 4381.97845979
Electronic Energy:        -5759.30692949
XC Energy:                -236.918583
Converged:                1
# of SCF iterations:      17
SCF Time:                 29.922s

=======================================================
            Individual Calculation Summary             
=======================================================
HF Energy: -1614.2470525532073680
=======================================================


Topology 12 time: 30.115411 s, performance: SP: 0 FLOP/s, DP: 31.47 TFLOP/s
JSON file written to: json_logs/lustre_orion_chm213_scratch_ryan_dhdft_inputs_exess_exess_inputs_revTPSS_def2-TZVP_isomers_17660-17679_topology_12.json
************************************************************
**************** Running topology 14 of 20 *****************
************************************************************

************************************************************
**** Beginning RI-MGGA_X_REVTPSS+MGGA_C_REVTPSS energy *****
************************************************************

=======================================================
     MGGA_X_REVTPSS+MGGA_C_REVTPSS Energy Results      
=======================================================
E MGGA_X_REVTPSS+MGGA_C_REVTPSS: -1614.25613675
Nuclear Repulsion Energy: 4253.55412524
Electronic Energy:        -5630.89822098
XC Energy:                -236.912041
Converged:                1
# of SCF iterations:      17
SCF Time:                 30.004s

=======================================================
            Individual Calculation Summary             
=======================================================
HF Energy: -1614.2561367483933736
=======================================================


Topology 13 time: 30.185487 s, performance: SP: 0 FLOP/s, DP: 31.45 TFLOP/s
JSON file written to: json_logs/lustre_orion_chm213_scratch_ryan_dhdft_inputs_exess_exess_inputs_revTPSS_def2-TZVP_isomers_17660-17679_topology_13.json
************************************************************
**************** Running topology 15 of 20 *****************
************************************************************

************************************************************
**** Beginning RI-MGGA_X_REVTPSS+MGGA_C_REVTPSS energy *****
************************************************************

=======================================================
     MGGA_X_REVTPSS+MGGA_C_REVTPSS Energy Results      
=======================================================
E MGGA_X_REVTPSS+MGGA_C_REVTPSS: -1614.25519216
Nuclear Repulsion Energy: 4250.08416789
Electronic Energy:        -5627.42803498
XC Energy:                -236.911325
Converged:                1
# of SCF iterations:      18
SCF Time:                 31.676s

=======================================================
            Individual Calculation Summary             
=======================================================
HF Energy: -1614.2551921564227086
=======================================================


Topology 14 time: 31.856846 s, performance: SP: 0 FLOP/s, DP: 31.45 TFLOP/s
JSON file written to: json_logs/lustre_orion_chm213_scratch_ryan_dhdft_inputs_exess_exess_inputs_revTPSS_def2-TZVP_isomers_17660-17679_topology_14.json
************************************************************
**************** Running topology 16 of 20 *****************
************************************************************

************************************************************
**** Beginning RI-MGGA_X_REVTPSS+MGGA_C_REVTPSS energy *****
************************************************************

=======================================================
     MGGA_X_REVTPSS+MGGA_C_REVTPSS Energy Results      
=======================================================
E MGGA_X_REVTPSS+MGGA_C_REVTPSS: -1614.24663215
Nuclear Repulsion Energy: 4361.8345412
Electronic Energy:        -5739.16243013
XC Energy:                -236.918743
Converged:                1
# of SCF iterations:      17
SCF Time:                 29.97s

=======================================================
            Individual Calculation Summary             
=======================================================
HF Energy: -1614.2466321548606629
=======================================================


Topology 15 time: 30.161137 s, performance: SP: 0 FLOP/s, DP: 31.43 TFLOP/s
JSON file written to: json_logs/lustre_orion_chm213_scratch_ryan_dhdft_inputs_exess_exess_inputs_revTPSS_def2-TZVP_isomers_17660-17679_topology_15.json
************************************************************
**************** Running topology 17 of 20 *****************
************************************************************

************************************************************
**** Beginning RI-MGGA_X_REVTPSS+MGGA_C_REVTPSS energy *****
************************************************************

=======================================================
     MGGA_X_REVTPSS+MGGA_C_REVTPSS Energy Results      
=======================================================
E MGGA_X_REVTPSS+MGGA_C_REVTPSS: -1614.26024251
Nuclear Repulsion Energy: 4273.94277221
Electronic Energy:        -5651.28875671
XC Energy:                -236.914258
Converged:                1
# of SCF iterations:      18
SCF Time:                 31.745s

=======================================================
            Individual Calculation Summary             
=======================================================
HF Energy: -1614.2602425094855789
=======================================================


Topology 16 time: 31.930326 s, performance: SP: 0 FLOP/s, DP: 31.42 TFLOP/s
JSON file written to: json_logs/lustre_orion_chm213_scratch_ryan_dhdft_inputs_exess_exess_inputs_revTPSS_def2-TZVP_isomers_17660-17679_topology_16.json
************************************************************
**************** Running topology 18 of 20 *****************
************************************************************

************************************************************
**** Beginning RI-MGGA_X_REVTPSS+MGGA_C_REVTPSS energy *****
************************************************************

=======================================================
     MGGA_X_REVTPSS+MGGA_C_REVTPSS Energy Results      
=======================================================
E MGGA_X_REVTPSS+MGGA_C_REVTPSS: -1614.25923669
Nuclear Repulsion Energy: 4260.18823498
Electronic Energy:        -5637.53332569
XC Energy:                -236.914146
Converged:                1
# of SCF iterations:      17
SCF Time:                 29.978s

=======================================================
            Individual Calculation Summary             
=======================================================
HF Energy: -1614.2592366872438561
=======================================================


Topology 17 time: 30.159607 s, performance: SP: 0 FLOP/s, DP: 31.5 TFLOP/s
JSON file written to: json_logs/lustre_orion_chm213_scratch_ryan_dhdft_inputs_exess_exess_inputs_revTPSS_def2-TZVP_isomers_17660-17679_topology_17.json
************************************************************
**************** Running topology 19 of 20 *****************
************************************************************

************************************************************
**** Beginning RI-MGGA_X_REVTPSS+MGGA_C_REVTPSS energy *****
************************************************************

=======================================================
     MGGA_X_REVTPSS+MGGA_C_REVTPSS Energy Results      
=======================================================
E MGGA_X_REVTPSS+MGGA_C_REVTPSS: -1614.26180872
Nuclear Repulsion Energy: 4238.7296017
Electronic Energy:        -5616.07680098
XC Energy:                -236.914609
Converged:                1
# of SCF iterations:      17
SCF Time:                 29.945s

=======================================================
            Individual Calculation Summary             
=======================================================
HF Energy: -1614.2618087209423265
=======================================================


Topology 18 time: 30.125428 s, performance: SP: 0 FLOP/s, DP: 31.53 TFLOP/s
JSON file written to: json_logs/lustre_orion_chm213_scratch_ryan_dhdft_inputs_exess_exess_inputs_revTPSS_def2-TZVP_isomers_17660-17679_topology_18.json
************************************************************
**************** Running topology 20 of 20 *****************
************************************************************

************************************************************
**** Beginning RI-MGGA_X_REVTPSS+MGGA_C_REVTPSS energy *****
************************************************************

=======================================================
     MGGA_X_REVTPSS+MGGA_C_REVTPSS Energy Results      
=======================================================
E MGGA_X_REVTPSS+MGGA_C_REVTPSS: -1614.26137598
Nuclear Repulsion Energy: 4270.66743912
Electronic Energy:        -5648.0139708
XC Energy:                -236.914844
Converged:                1
# of SCF iterations:      17
SCF Time:                 29.717s

=======================================================
            Individual Calculation Summary             
=======================================================
HF Energy: -1614.2613759754808598
=======================================================


Topology 19 time: 29.902700 s, performance: SP: 0 FLOP/s, DP: 31.74 TFLOP/s
JSON file written to: json_logs/lustre_orion_chm213_scratch_ryan_dhdft_inputs_exess_exess_inputs_revTPSS_def2-TZVP_isomers_17660-17679_topology_19.json
Total flops: SP: 0 FLOPS, DP: 19.283041 PFLOPS
Performance: SP: 0 FLOP/s, DP: 30.88 TFLOP/s

Now, a word from our sponsors... 
 The CH in MPICH stands for 'Chameleon'

[31mTotal processing time 624.660580 seconds[0m
[CRAYBLAS_WARNING] Application linked against multiple cray-libsci libraries
Tau required
    1     | -1624.5061985038 |   9.9426e+02   |    1.5477     |    0.2582
Density calculation took 0.555973s
Tau required
    2     | -1613.4743899441 |   2.7196e+00   |    1.4057     |    0.2240
Density calculation took 0.534662s
Tau required
    3     | -1613.2729538818 |   3.5399e+00   |    1.3839     |    0.2361
Density calculation took 0.534078s
Tau required
    4     | -1614.1983533199 |   1.7098e-01   |    1.3813     |    0.2244
Density calculation took 0.534114s
Tau required
    5     | -1614.2298610396 |   6.0481e-02   |    1.3830     |    0.2339
Density calculation took 0.534211s
Tau required
    6     | -1614.2452256289 |   6.4826e-03   |    1.3824     |    0.2269
Density calculation took 0.534359s
Tau required
    7     | -1614.2465937995 |   1.5535e-03   |    1.3838     |    0.2351
Density calculation took 0.534120s
Tau required
    8     | -1614.2469610765 |   3.3475e-04   |    1.3830     |    0.2276
Density calculation took 0.534118s
Tau required
    9     | -1614.2470446568 |   2.5352e-05   |    1.3813     |    0.2279
Density calculation took 0.534139s
Tau required
   10     | -1614.2470503516 |   6.9141e-06   |    1.3817     |    0.2272
Density calculation took 0.534061s
Tau required
   11     | -1614.2470523249 |   7.7711e-07   |    1.3834     |    0.2256
Density calculation took 0.534108s
Tau required
   12     | -1614.2470525154 |   1.3167e-07   |    1.3808     |    0.2279
Density calculation took 0.534031s
Tau required
   13     | -1614.2470525402 |   4.4324e-08   |    1.3836     |    0.2256
Density calculation took 0.534000s
Tau required
   14     | -1614.2470525518 |   4.5912e-09   |    1.3822     |    0.2270
Density calculation took 0.533869s
Tau required
   15     | -1614.2470525530 |   8.9189e-10   |    1.3844     |    0.2278
Density calculation took 0.534004s
Tau required
   16     | -1614.2470525531 |   3.8026e-10   |    1.3820     |    0.2273
Density calculation took 0.533977s
Tau required
   17     | -1614.2470525532 |   4.4007e-11   |    1.3824     |    0.2283
Created 668195 / 2702736 significant shell pairs
Created 518049 / 2056356 significant shell pairs
Total number of grid points: 370128 (5783 per atom)
One electron integrals and orthogonalizer took 0.050009s
Created 518049 / 2056356 significant shell pairs
3C integrals and B formation took 1.949985s
Iteration |      Energy      |  DIIS Metric   | Fock Time (s) | DIIS Time (s)
----------+------------------+----------------+---------------+--------------
Density calculation took 0.558366s
Tau required
    1     | -1624.4957894107 |   9.8943e+02   |    1.5883     |    0.2580
Density calculation took 0.556665s
Tau required
    2     | -1613.4862895021 |   2.7049e+00   |    1.4118     |    0.2241
Density calculation took 0.535256s
Tau required
    3     | -1613.3142029935 |   3.4208e+00   |    1.3868     |    0.2322
Density calculation took 0.534961s
Tau required
    4     | -1614.2203289854 |   1.3242e-01   |    1.3879     |    0.2255
Density calculation took 0.535037s
Tau required
    5     | -1614.2450658618 |   3.9801e-02   |    1.3858     |    0.2333
Density calculation took 0.535153s
Tau required
    6     | -1614.2546915725 |   4.8705e-03   |    1.3848     |    0.2260
Density calculation took 0.534999s
Tau required
    7     | -1614.2557620241 |   1.2170e-03   |    1.3890     |    0.2345
Density calculation took 0.535162s
Tau required
    8     | -1614.2560155292 |   3.8786e-04   |    1.3860     |    0.2277
Density calculation took 0.535330s
Tau required
    9     | -1614.2561276070 |   2.9289e-05   |    1.3858     |    0.2279
Density calculation took 0.535140s
Tau required
   10     | -1614.2561346758 |   6.7709e-06   |    1.3883     |    0.2279
Density calculation took 0.535265s
Tau required
   11     | -1614.2561365716 |   6.1740e-07   |    1.3868     |    0.2299
Density calculation took 0.535210s
Tau required
   12     | -1614.2561367157 |   1.1430e-07   |    1.3860     |    0.2271
Density calculation took 0.535361s
Tau required
   13     | -1614.2561367383 |   3.5878e-08   |    1.3877     |    0.2273
Density calculation took 0.535180s
Tau required
   14     | -1614.2561367478 |   2.3154e-09   |    1.3872     |    0.2275
Density calculation took 0.535280s
Tau required
   15     | -1614.2561367482 |   6.6380e-10   |    1.3869     |    0.2272
Density calculation took 0.535330s
Tau required
   16     | -1614.2561367483 |   4.2447e-10   |    1.3848     |    0.2286
Density calculation took 0.535461s
Tau required
   17     | -1614.2561367484 |   9.4447e-11   |    1.3867     |    0.2281
Created 667956 / 2702736 significant shell pairs
Created 517769 / 2056356 significant shell pairs
Total number of grid points: 369443 (5772 per atom)
One electron integrals and orthogonalizer took 0.050288s
Created 517769 / 2056356 significant shell pairs
3C integrals and B formation took 1.954439s
Iteration |      Energy      |  DIIS Metric   | Fock Time (s) | DIIS Time (s)
----------+------------------+----------------+---------------+--------------
Density calculation took 0.555045s
Tau required
    1     | -1624.4942296964 |   9.8924e+02   |    1.5370     |    0.2639
Density calculation took 0.563631s
Tau required
    2     | -1613.4854797289 |   2.7044e+00   |    1.4136     |    0.2230
Density calculation took 0.542275s
Tau required
    3     | -1613.3136685227 |   3.4197e+00   |    1.3947     |    0.2321
Density calculation took 0.542230s
Tau required
    4     | -1614.2197785695 |   1.3150e-01   |    1.3914     |    0.2239
Density calculation took 0.542365s
Tau required
    5     | -1614.2443466097 |   3.9393e-02   |    1.3922     |    0.2335
Density calculation took 0.542340s
Tau required
    6     | -1614.2537270237 |   4.9609e-03   |    1.3928     |    0.2254
Density calculation took 0.541867s
Tau required
    7     | -1614.2548188384 |   1.1891e-03   |    1.3943     |    0.2345
Density calculation took 0.541881s
Tau required
    8     | -1614.2550848871 |   3.3238e-04   |    1.3920     |    0.2324
Density calculation took 0.542042s
Tau required
    9     | -1614.2551853759 |   2.1447e-05   |    1.3922     |    0.2273
Density calculation took 0.542322s
Tau required
   10     | -1614.2551894494 |   8.4566e-06   |    1.3928     |    0.2278
Density calculation took 0.541912s
Tau required
   11     | -1614.2551919027 |   8.1129e-07   |    1.3989     |    0.2266
Density calculation took 0.542226s
Tau required
   12     | -1614.2551921098 |   1.5264e-07   |    1.3928     |    0.2275
Density calculation took 0.542145s
Tau required
   13     | -1614.2551921438 |   4.4550e-08   |    1.3912     |    0.2266
Density calculation took 0.542325s
Tau required
   14     | -1614.2551921555 |   3.1897e-09   |    1.3925     |    0.2274
Density calculation took 0.542226s
Tau required
   15     | -1614.2551921562 |   7.9295e-10   |    1.3948     |    0.2278
Density calculation took 0.542115s
Tau required
   16     | -1614.2551921563 |   5.7073e-10   |    1.3920     |    0.2265
Density calculation took 0.542211s
Tau required
   17     | -1614.2551921564 |   1.1944e-10   |    1.3913     |    0.2272
Density calculation took 0.542137s
Tau required
   18     | -1614.2551921564 |   1.4006e-11   |    1.3943     |    0.2267
Created 707481 / 2702736 significant shell pairs
Created 548508 / 2056356 significant shell pairs
Total number of grid points: 369610 (5775 per atom)
One electron integrals and orthogonalizer took 0.050497s
Created 548508 / 2056356 significant shell pairs
3C integrals and B formation took 1.959014s
Iteration |      Energy      |  DIIS Metric   | Fock Time (s) | DIIS Time (s)
----------+------------------+----------------+---------------+--------------
Density calculation took 0.544117s
Tau required
    1     | -1624.5072585706 |   9.9439e+02   |    1.5473     |    0.2572
Density calculation took 0.555429s
Tau required
    2     | -1613.4739998460 |   2.7207e+00   |    1.4082     |    0.2233
Density calculation took 0.532125s
Tau required
    3     | -1613.2780969899 |   3.5284e+00   |    1.3859     |    0.2319
Density calculation took 0.532211s
Tau required
    4     | -1614.2039170256 |   1.5300e-01   |    1.3876     |    0.2243
Density calculation took 0.532040s
Tau required
    5     | -1614.2306864297 |   5.6007e-02   |    1.3849     |    0.2328
Density calculation took 0.532377s
Tau required
    6     | -1614.2447010787 |   6.7499e-03   |    1.3865     |    0.2305
Density calculation took 0.532441s
Tau required
    7     | -1614.2462379976 |   1.3050e-03   |    1.3887     |    0.2346
Density calculation took 0.531996s
Tau required
    8     | -1614.2465216359 |   3.7478e-04   |    1.3863     |    0.2264
Density calculation took 0.531887s
Tau required
    9     | -1614.2466241099 |   2.6795e-05   |    1.3849     |    0.2282
Density calculation took 0.531880s
Tau required
   10     | -1614.2466300765 |   6.7720e-06   |    1.3849     |    0.2269
Density calculation took 0.532279s
Tau required
   11     | -1614.2466318723 |   9.4287e-07   |    1.3893     |    0.2266
Density calculation took 0.531859s
Tau required
   12     | -1614.2466321234 |   1.1086e-07   |    1.3867     |    0.2271
Density calculation took 0.532049s
Tau required
   13     | -1614.2466321454 |   3.4391e-08   |    1.3868     |    0.2266
Density calculation took 0.531841s
Tau required
   14     | -1614.2466321541 |   2.6171e-09   |    1.3883     |    0.2267
Density calculation took 0.531974s
Tau required
   15     | -1614.2466321546 |   7.8811e-10   |    1.3888     |    0.2269
Density calculation took 0.531952s
Tau required
   16     | -1614.2466321548 |   3.9929e-10   |    1.3874     |    0.2288
Density calculation took 0.531791s
Tau required
   17     | -1614.2466321549 |   3.4593e-11   |    1.3864     |    0.2274
Created 674731 / 2702736 significant shell pairs
Created 523703 / 2056356 significant shell pairs
Total number of grid points: 369155 (5768 per atom)
One electron integrals and orthogonalizer took 0.050143s
Created 523703 / 2056356 significant shell pairs
3C integrals and B formation took 1.956230s
Iteration |      Energy      |  DIIS Metric   | Fock Time (s) | DIIS Time (s)
----------+------------------+----------------+---------------+--------------
Density calculation took 0.548605s
Tau required
    1     | -1624.5003415140 |   9.9002e+02   |    1.5471     |    0.2572
Density calculation took 0.558933s
Tau required
    2     | -1613.4893641716 |   2.7087e+00   |    1.4169     |    0.2238
Density calculation took 0.537034s
Tau required
    3     | -1613.3133764486 |   3.4389e+00   |    1.3963     |    0.2321
Density calculation took 0.537217s
Tau required
    4     | -1614.2219009690 |   1.4064e-01   |    1.3961     |    0.2253
Density calculation took 0.536876s
Tau required
    5     | -1614.2468879815 |   4.7125e-02   |    1.3972     |    0.2330
Density calculation took 0.537369s
Tau required
    6     | -1614.2584306274 |   6.1547e-03   |    1.3981     |    0.2264
Density calculation took 0.537369s
Tau required
    7     | -1614.2598607589 |   1.2351e-03   |    1.3982     |    0.2353
Density calculation took 0.537210s
Tau required
    8     | -1614.2601114164 |   4.0255e-04   |    1.3961     |    0.2276
Density calculation took 0.537225s
Tau required
    9     | -1614.2602317013 |   3.4908e-05   |    1.3982     |    0.2275
Density calculation took 0.537323s
Tau required
   10     | -1614.2602404892 |   6.5644e-06   |    1.3957     |    0.2267
Density calculation took 0.537263s
Tau required
   11     | -1614.2602423099 |   6.9533e-07   |    1.3952     |    0.2265
Density calculation took 0.537274s
Tau required
   12     | -1614.2602424709 |   1.3318e-07   |    1.3978     |    0.2268
Density calculation took 0.537007s
Tau required
   13     | -1614.2602424941 |   5.2762e-08   |    1.3962     |    0.2250
Density calculation took 0.537130s
Tau required
   14     | -1614.2602425086 |   3.2516e-09   |    1.3989     |    0.2274
Density calculation took 0.537297s
Tau required
   15     | -1614.2602425093 |   5.5658e-10   |    1.3972     |    0.2275
Density calculation took 0.536905s
Tau required
   16     | -1614.2602425093 |   6.2282e-10   |    1.3961     |    0.2273
Density calculation took 0.537364s
Tau required
   17     | -1614.2602425095 |   1.0320e-10   |    1.3956     |    0.2282
Density calculation took 0.537353s
Tau required
   18     | -1614.2602425095 |   1.3444e-11   |    1.3962     |    0.2265
Created 670997 / 2702736 significant shell pairs
Created 520342 / 2056356 significant shell pairs
Total number of grid points: 368806 (5762 per atom)
One electron integrals and orthogonalizer took 0.050840s
Created 520342 / 2056356 significant shell pairs
3C integrals and B formation took 1.952766s
Iteration |      Energy      |  DIIS Metric   | Fock Time (s) | DIIS Time (s)
----------+------------------+----------------+---------------+--------------
Density calculation took 0.539210s
Tau required
    1     | -1624.4993768471 |   9.8987e+02   |    1.5494     |    0.2563
Density calculation took 0.549339s
Tau required
    2     | -1613.4882334830 |   2.7093e+00   |    1.4100     |    0.2232
Density calculation took 0.527692s
Tau required
    3     | -1613.3117296405 |   3.4418e+00   |    1.3866     |    0.2312
Density calculation took 0.527378s
Tau required
    4     | -1614.2210452948 |   1.4060e-01   |    1.3886     |    0.2243
Density calculation took 0.527877s
Tau required
    5     | -1614.2466098208 |   4.4754e-02   |    1.3898     |    0.2327
Density calculation took 0.527260s
Tau required
    6     | -1614.2575647060 |   5.7435e-03   |    1.3886     |    0.2240
Density calculation took 0.527170s
Tau required
    7     | -1614.2588249398 |   1.3425e-03   |    1.3880     |    0.2332
Density calculation took 0.527954s
Tau required
    8     | -1614.2590841712 |   4.7364e-04   |    1.3863     |    0.2256
Density calculation took 0.527920s
Tau required
    9     | -1614.2592281433 |   2.8493e-05   |    1.3900     |    0.2272
Density calculation took 0.527868s
Tau required
   10     | -1614.2592349348 |   5.8048e-06   |    1.3861     |    0.2252
Density calculation took 0.527862s
Tau required
   11     | -1614.2592365398 |   5.2116e-07   |    1.3870     |    0.2273
Density calculation took 0.527891s
Tau required
   12     | -1614.2592366642 |   8.1717e-08   |    1.3895     |    0.2269
Density calculation took 0.527902s
Tau required
   13     | -1614.2592366798 |   2.6586e-08   |    1.3943     |    0.2270
Density calculation took 0.527816s
Tau required
   14     | -1614.2592366866 |   2.1978e-09   |    1.3863     |    0.2276
Density calculation took 0.527827s
Tau required
   15     | -1614.2592366872 |   3.5985e-10   |    1.3887     |    0.2269
Density calculation took 0.527880s
Tau required
   16     | -1614.2592366871 |   3.9586e-10   |    1.3878     |    0.2294
Density calculation took 0.527945s
Tau required
   17     | -1614.2592366872 |   6.3376e-11   |    1.3912     |    0.2269
Created 664491 / 2702736 significant shell pairs
Created 515092 / 2056356 significant shell pairs
Total number of grid points: 370051 (5782 per atom)
One electron integrals and orthogonalizer took 0.050302s
Created 515092 / 2056356 significant shell pairs
3C integrals and B formation took 1.944835s
Iteration |      Energy      |  DIIS Metric   | Fock Time (s) | DIIS Time (s)
----------+------------------+----------------+---------------+--------------
Density calculation took 0.542871s
Tau required
    1     | -1624.5012673968 |   9.8998e+02   |    1.5570     |    0.2576
Density calculation took 0.562598s
Tau required
    2     | -1613.4904835802 |   2.7104e+00   |    1.4069     |    0.2242
Density calculation took 0.540800s
Tau required
    3     | -1613.3148960899 |   3.4298e+00   |    1.3840     |    0.2331
Density calculation took 0.540608s
Tau required
    4     | -1614.2242518564 |   1.3763e-01   |    1.3854     |    0.2255
Density calculation took 0.540661s
Tau required
    5     | -1614.2507229483 |   4.0928e-02   |    1.3872     |    0.2344
Density calculation took 0.540717s
Tau required
    6     | -1614.2607498893 |   3.7325e-03   |    1.3831     |    0.2259
Density calculation took 0.540444s
Tau required
    7     | -1614.2614787053 |   1.0969e-03   |    1.3842     |    0.2353
Density calculation took 0.540678s
Tau required
    8     | -1614.2617111792 |   3.0171e-04   |    1.3830     |    0.2342
Density calculation took 0.540571s
Tau required
    9     | -1614.2618019190 |   2.2642e-05   |    1.3857     |    0.2285
Density calculation took 0.540528s
Tau required
   10     | -1614.2618069596 |   5.9160e-06   |    1.3835     |    0.2275
Density calculation took 0.540738s
Tau required
   11     | -1614.2618084862 |   7.4489e-07   |    1.3856     |    0.2272
Density calculation took 0.540464s
Tau required
   12     | -1614.2618086890 |   1.0311e-07   |    1.3828     |    0.2271
Density calculation took 0.540718s
Tau required
   13     | -1614.2618087097 |   4.0029e-08   |    1.3869     |    0.2268
Density calculation took 0.540591s
Tau required
   14     | -1614.2618087203 |   2.2763e-09   |    1.3828     |    0.2269
Density calculation took 0.540601s
Tau required
   15     | -1614.2618087208 |   5.9265e-10   |    1.3862     |    0.2318
Density calculation took 0.540615s
Tau required
   16     | -1614.2618087208 |   4.6219e-10   |    1.3825     |    0.2276
Density calculation took 0.540822s
Tau required
   17     | -1614.2618087209 |   7.4345e-11   |    1.3861     |    0.2281
Created 674209 / 2702736 significant shell pairs
Created 523118 / 2056356 significant shell pairs
Total number of grid points: 370883 (5795 per atom)
One electron integrals and orthogonalizer took 0.050459s
Created 523118 / 2056356 significant shell pairs
3C integrals and B formation took 1.944110s
Iteration |      Energy      |  DIIS Metric   | Fock Time (s) | DIIS Time (s)
----------+------------------+----------------+---------------+--------------
Density calculation took 0.554988s
Tau required
    1     | -1624.5015060935 |   9.9010e+02   |    1.5370     |    0.2574
Density calculation took 0.564336s
Tau required
    2     | -1613.4905348174 |   2.7081e+00   |    1.3975     |    0.2242
Density calculation took 0.541995s
Tau required
    3     | -1613.3148467198 |   3.4257e+00   |    1.3727     |    0.2325
Density calculation took 0.541981s
Tau required
    4     | -1614.2217251887 |   1.4315e-01   |    1.3732     |    0.2250
Density calculation took 0.541625s
Tau required
    5     | -1614.2487592515 |   4.5124e-02   |    1.3729     |    0.2334
Density calculation took 0.542773s
Tau required
    6     | -1614.2600715054 |   4.5353e-03   |    1.3719     |    0.2260
Density calculation took 0.541986s
Tau required
    7     | -1614.2610593118 |   1.0519e-03   |    1.3726     |    0.2345
Density calculation took 0.541853s
Tau required
    8     | -1614.2612849050 |   2.8612e-04   |    1.3710     |    0.2265
Density calculation took 0.541565s
Tau required
    9     | -1614.2613681470 |   2.6034e-05   |    1.3716     |    0.2271
Density calculation took 0.542575s
Tau required
   10     | -1614.2613741155 |   6.1597e-06   |    1.3767     |    0.2274
Density calculation took 0.542681s
Tau required
   11     | -1614.2613757537 |   7.2050e-07   |    1.3738     |    0.2276
Density calculation took 0.541815s
Tau required
   12     | -1614.2613759467 |   9.4372e-08   |    1.3731     |    0.2258
Density calculation took 0.541710s
Tau required
   13     | -1614.2613759651 |   3.6253e-08   |    1.3723     |    0.2278
Density calculation took 0.542511s
Tau required
   14     | -1614.2613759749 |   2.1493e-09   |    1.3727     |    0.2277
Density calculation took 0.542577s
Tau required
   15     | -1614.2613759753 |   6.9890e-10   |    1.3729     |    0.2274
Density calculation took 0.541746s
Tau required
   16     | -1614.2613759754 |   4.2072e-10   |    1.3713     |    0.2257
Density calculation took 0.541704s
Tau required
   17     | -1614.2613759755 |   7.4974e-11   |    1.3727     |    0.2281
Please cite the following papers for the methods used in this calculation:
 - J.L. Galvez Vallejo et. al., Toward an extreme-scale electronic structure system, J. Chem. Phys., 2023. DOI: 10.1063/5.0156399

 - R. Stocks, E. Palethorpe, and G.M.J. Barca, Multi-GPU RI-HF Energies and Analytic Gradients ─ Toward High-Throughput Ab Initio Molecular Dynamics, J. Chem. Theory Comput., 2024. DOI: 10.1021/acs.jctc.4c00877
   For:
     * RI-HF energy

 - S. Lehtola, C. Steigemann, M.J.T. Oliveira, and M.A.L. Marques, Recent developments in Libxc: A comprehensive library of functionals for density functional theory, SoftwareX, 2018. DOI: 10.1016/j.softx.2017.11.002
   For:
     * LibXC version 6.2.0

 - D.B. Williams-Young, W.A. de Jong, H.J.J. van Dam, and C. Yang, On the Efficient Evaluation of the Exchange Correlation Potential on Graphics Processing Unit Clusters, Frontiers in Chemistry, 2020. DOI: 10.3389/fchem.2020.581058
   For:
     * ExchCXX GPU implementation of exchange-correlation functionals

 - R. Stocks and G.M.J. Barca, Efficient Algorithms for GPU Accelerated Evaluation of the DFT Exchange-Correlation Functional, J. Chem. Theory Comput., 2025. DOI: 10.1021/acs.jctc.5c01229
   For:
     * GPU accelerated DFT exchange-correlation evaluation

 - J. P. Perdew, A. Ruzsinszky, G. I. Csonka, L. A. Constantin, and J. Sun.,  Phys. Rev. Lett. 103, 026403 (2009) DOI: 10.1103/PhysRevLett.103.026403
   For:
     * MGGA_X_REVTPSS XC Functional
     * MGGA_C_REVTPSS XC Functional

[CRAYBLAS_WARNING] Application linked against multiple cray-libsci libraries
