Total number of grid points: 392784 (5776 per atom)
Density calculation took 0.658466s
Tau required
Density calculation took 0.649791s
Tau required
Density calculation took 0.628341s
Tau required
Density calculation took 0.627795s
Tau required
Density calculation took 0.628584s
Tau required
Density calculation took 0.628461s
Tau required
Density calculation took 0.629165s
Tau required
Density calculation took 0.629014s
Tau required
Density calculation took 0.629437s
Tau required
Density calculation took 0.629051s
Tau required
Density calculation took 0.629198s
Tau required
Density calculation took 0.629406s
Tau required
Density calculation took 0.630029s
Tau required
Density calculation took 0.629451s
Tau required
Density calculation took 0.629682s
Tau required
Density calculation took 0.628712s
Tau required
Density calculation took 0.629473s
Tau required
Total number of grid points: 392804 (5776 per atom)
Density calculation took 0.695935s
Tau required
Density calculation took 0.652589s
Tau required
Density calculation took 0.628091s
Tau required
Density calculation took 0.628500s
Tau required
Density calculation took 0.627980s
Tau required
Density calculation took 0.628310s
Tau required
Density calculation took 0.628414s
Tau required
Density calculation took 0.628603s
Tau required
Density calculation took 0.628400s
Tau required
Density calculation took 0.628985s
Tau required
Density calculation took 0.628884s
Tau required
Density calculation took 0.628794s
Tau required
Density calculation took 0.629164s
Tau required
Density calculation took 0.628902s
Tau required
Density calculation took 0.629201s
Tau required
Density calculation took 0.629111s
Tau required
Density calculation took 0.628407s
Tau required
Total number of grid points: 392607 (5773 per atom)
Density calculation took 0.658170s
Tau required
Density calculation took 0.651692s
Tau required
Density calculation took 0.627517s
Tau required
Density calculation took 0.627407s
Tau required
Density calculation took 0.627543s
Tau required
Density calculation took 0.627502s
Tau required
Density calculation took 0.627020s
Tau required
Density calculation took 0.627547s
Tau required
Density calculation took 0.627194s
Tau required
Density calculation took 0.627037s
Tau required
Density calculation took 0.627137s
Tau required
Density calculation took 0.627230s
Tau required
Density calculation took 0.627893s
Tau required
Density calculation took 0.627506s
Tau required
Density calculation took 0.627934s
Tau required
Density calculation took 0.626771s
Tau required
Density calculation took 0.628184s
Tau required
Total number of grid points: 392071 (5765 per atom)
Density calculation took 0.659580s
Tau required
Density calculation took 0.649700s
Tau required
Density calculation took 0.628497s
Tau required
Density calculation took 0.627274s
Tau required
Density calculation took 0.628481s
Tau required
Density calculation took 0.628760s
Tau required
Density calculation took 0.628353s
Tau required
Density calculation took 0.628574s
Tau required
Density calculation took 0.628568s
Tau required
Density calculation took 0.628814s
Tau required
Density calculation took 0.628438s
Tau required
Density calculation took 0.628515s
Tau required
Density calculation took 0.628770s
Tau required
Density calculation took 0.628775s
Tau required
Density calculation took 0.628989s
Tau required
Density calculation took 0.628403s
Tau required
Density calculation took 0.627606s
Tau required
Total number of grid points: 393125 (5781 per atom)
Density calculation took 0.660408s
Tau required
Density calculation took 0.652359s
Tau required
Density calculation took 0.629509s
Tau required
Density calculation took 0.628848s
Tau required
Density calculation took 0.628896s
Tau required
Density calculation took 0.628516s
Tau required
Density calculation took 0.629478s
Tau required
Density calculation took 0.628910s
Tau required
Density calculation took 0.629151s
Tau required
Density calculation took 0.629114s
Tau required
Density calculation took 0.629501s
Tau required
Density calculation took 0.629479s
Tau required
Density calculation took 0.629729s
Tau required
Density calculation took 0.629476s
Tau required
Density calculation took 0.629447s
Tau required
Density calculation took 0.629385s
Tau required
Density calculation took 0.629812s
Tau required
Total number of grid points: 391912 (5763 per atom)
Density calculation took 0.656899s
Tau required
Density calculation took 0.648239s
Tau required
Density calculation took 0.624691s
Tau required
Density calculation took 0.625095s
Tau required
Density calculation took 0.625316s
Tau required
Density calculation took 0.625553s
Tau required
Density calculation took 0.624653s
Tau required
Density calculation took 0.625137s
Tau required
Density calculation took 0.625378s
Tau required
Density calculation took 0.625339s
Tau required
Density calculation took 0.625297s
Tau required
Density calculation took 0.625354s
Tau required
Density calculation took 0.624982s
Tau required
Density calculation took 0.624962s
Tau required
Density calculation took 0.625196s
Tau required
Density calculation took 0.625601s
Tau required
Density calculation took 0.624939s
Tau required
Total number of grid points: 392601 (5773 per atom)
Density calculation took 0.656207s
Tau required
Density calculation took 0.648229s
Tau required
Density calculation took 0.620940s
Tau required
Density calculation took 0.620692s
Tau required
Density calculation took 0.620944s
Tau required
Density calculation took 0.621082s
Tau required
Density calculation took 0.621543s
Tau required
Density calculation took 0.620273s
Tau required
Density calculation took 0.620970s
Tau required
Density calculation took 0.620627s
Tau required
Density calculation took 0.621001s
Tau required
Density calculation took 0.620892s
Tau required
Density calculation took 0.620160s
Tau required
Density calculation took 0.620900s
Tau required
Density calculation took 0.620278s
Tau required
Density calculation took 0.620815s
Tau required
Density calculation took 0.620734s
Tau required
Total number of grid points: 392932 (5778 per atom)
Density calculation took 0.697305s
Tau required
Density calculation took 0.649192s
Tau required
Density calculation took 0.625493s
Tau required
Density calculation took 0.626399s
Tau required
Density calculation took 0.627617s
Tau required
Density calculation took 0.626288s
Tau required
Density calculation took 0.626665s
Tau required
Density calculation took 0.626245s
Tau required
Density calculation took 0.626498s
Tau required
Density calculation took 0.626552s
Tau required
Density calculation took 0.627060s
Tau required
Density calculation took 0.625421s
Tau required
Density calculation took 0.625637s
Tau required
Density calculation took 0.625484s
Tau required
Density calculation took 0.627731s
Tau required
Density calculation took 0.627231s
Tau required
Density calculation took 0.625929s
Tau required
Total number of grid points: 392898 (5777 per atom)
Density calculation took 0.696956s
Tau required
Density calculation took 0.648347s
Tau required
Density calculation took 0.623810s
Tau required
Density calculation took 0.624408s
Tau required
Density calculation took 0.624041s
Tau required
Density calculation took 0.624935s
Tau required
Density calculation took 0.624801s
Tau required
Density calculation took 0.623974s
Tau required
Density calculation took 0.625171s
Tau required
Density calculation took 0.624913s
Tau required
Density calculation took 0.625217s
Tau required
Density calculation took 0.624827s
Tau required
Density calculation took 0.624277s
Tau required
Density calculation took 0.624789s
Tau required
Density calculation took 0.624312s
Tau required
Density calculation took 0.625135s
Tau required
Density calculation took 0.624902s
Tau required
Total number of grid points: 392395 (5770 per atom)
Density calculation took 0.652543s
Tau required
Density calculation took 0.641640s
Tau required
Density calculation took 0.620779s
Tau required
Density calculation took 0.619449s
Tau required
Density calculation took 0.620425s
Tau required
Density calculation took 0.620837s
Tau required
Density calculation took 0.620919s
Tau required
Density calculation took 0.621180s
Tau required
Density calculation took 0.620506s
Tau required
Density calculation took 0.620995s
Tau required
Density calculation took 0.621137s
Tau required
Density calculation took 0.621200s
Tau required
Density calculation took 0.621332s
Tau required
Density calculation took 0.619634s
Tau required
Density calculation took 0.620650s
Tau required
Density calculation took 0.620975s
Tau required
Density calculation took 0.621339s
Tau required
Density calculation took 0.621273s
Tau required
Total number of grid points: 391930 (5763 per atom)
Density calculation took 0.656974s
Tau required
Density calculation took 0.645112s
Tau required
Density calculation took 0.622184s
Tau required
Density calculation took 0.622564s
Tau required
Density calculation took 0.622511s
Tau required
Density calculation took 0.622715s
Tau required
Density calculation took 0.621930s
Tau required
Density calculation took 0.622887s
Tau required
Density calculation took 0.622728s
Tau required
Density calculation took 0.622620s
Tau required
Density calculation took 0.622861s
Tau required
Density calculation took 0.623011s
Tau required
Density calculation took 0.622127s
Tau required
Density calculation took 0.623030s
Tau required
Density calculation took 0.622764s
Tau required
Density calculation took 0.622116s
Tau required
Density calculation took 0.622573s
Tau required
Density calculation took 0.623041s
Tau required
Total number of grid points: 393089 (5780 per atom)
Density calculation took 0.689667s
Tau required
Density calculation took 0.657090s
Tau required
Density calculation took 0.630486s
Tau required
Density calculation took 0.629924s
Tau required
Density calculation took 0.629114s
Tau required
Density calculation took 0.629397s
Tau required
Density calculation took 0.628303s
Tau required
Density calculation took 0.630416s
Tau required
Density calculation took 0.628990s
Tau required
Density calculation took 0.630132s
Tau required
Density calculation took 0.627686s
Tau required
Density calculation took 0.630666s
Tau required
Density calculation took 0.628678s
Tau required
Density calculation took 0.630188s
Tau required
Density calculation took 0.628805s
Tau required
Density calculation took 0.629516s
Tau required
Density calculation took 0.628471s
Tau required
Total number of grid points: 392675 (5774 per atom)
Density calculation took 0.693025s
Tau required
Density calculation took 0.645279s
Tau required
Density calculation took 0.624673s
Tau required
Density calculation took 0.624763s
Tau required
Density calculation took 0.624498s
Tau required
Density calculation took 0.624498s
Tau required
Density calculation took 0.625051s
Tau required
Density calculation took 0.624804s
Tau required
Density calculation took 0.625229s
Tau required
Density calculation took 0.624116s
Tau required
Density calculation took 0.625358s
Tau required
Density calculation took 0.624954s
Tau required
Density calculation took 0.625041s
Tau required
Density calculation took 0.624367s
Tau required
Density calculation took 0.625026s
Tau required
Density calculation took 0.625002s
Tau required
Density calculation took 0.624583s
Tau required
Total number of grid points: 392823 (5776 per atom)
Density calculation took 0.663112s
Tau required
Density calculation took 0.652605s
Tau required
Density calculation took 0.629700s
Tau required
Density calculation took 0.629690s
Tau required
Density calculation took 0.629089s
Tau required
Density calculation took 0.630041s
Tau required
Density calculation took 0.629130s
Tau required
Density calculation took 0.630458s
Tau required
Density calculation took 0.628644s
Tau required
Density calculation took 0.630732s
Tau required
Density calculation took 0.629326s
Tau required
Density calculation took 0.630856s
Tau required
Density calculation took 0.628445s
Tau required
Density calculation took 0.630716s
Tau required
Density calculation took 0.629038s
Tau required
Density calculation took 0.629715s
Tau required
Density calculation took 0.628744s
Tau required
Total number of grid points: 391950 (5763 per atom)
Density calculation took 0.697413s
Tau required
Density calculation took 0.655608s
Tau required
Density calculation took 0.633311s
Tau required
Density calculation took 0.632398s
Tau required
Density calculation took 0.633439s
Tau required
Density calculation took 0.632837s
Tau required
Density calculation took 0.633216s
Tau required
Density calculation took 0.631519s
Tau required
Density calculation took 0.633657s
Tau required
Density calculation took 0.632951s
Tau required
Density calculation took 0.633828s
Tau required
Density calculation took 0.632813s
Tau required
Density calculation took 0.633508s
Tau required
Density calculation took 0.633038s
Tau required
Density calculation took 0.633288s
Tau required
Density calculation took 0.632570s
Tau required
Density calculation took 0.633963s
Tau required
Total number of grid points: 392731 (5775 per atom)
Density calculation took 0.694927s
Tau required
Density calculation took 0.653195s
Tau required
Density calculation took 0.626375s
Tau required
Density calculation took 0.625894s
Tau required
Density calculation took 0.626325s
Tau required
Density calculation took 0.626379s
Tau required
Density calculation took 0.626236s
Tau required
Density calculation took 0.626327s
Tau required
Density calculation took 0.626122s
Tau required
Density calculation took 0.626198s
Tau required
Density calculation took 0.626278s
Tau required
Density calculation took 0.625838s
Tau required
Density calculation took 0.625859s
Tau required
Density calculation took 0.626622s
Tau required
Density calculation took 0.626583s
Tau required
Density calculation took 0.626335s
Tau required
Density calculation took 0.625958s
Tau required
Total number of grid points: 392891 (5777 per atom)
Density calculation took 0.687511s
Tau required
Density calculation took 0.652323s
Tau required
Density calculation took 0.629362s
Tau required
Density calculation took 0.629312s
Tau required
Density calculation took 0.630003s
Tau required
Density calculation took 0.629764s
Tau required
Density calculation took 0.629384s
Tau required
Density calculation took 0.629295s
Tau required
Density calculation took 0.629532s
Tau required
Density calculation took 0.629345s
Tau required
Density calculation took 0.629834s
Tau required
Density calculation took 0.629602s
Tau required
Density calculation took 0.630204s
Tau required
Density calculation took 0.629360s
Tau required
Density calculation took 0.629838s
Tau required
Density calculation took 0.629758s
Tau required
Density calculation took 0.628892s
Tau required
Total number of grid points: 392485 (5771 per atom)
Density calculation took 0.696223s
Tau required
Density calculation took 0.655426s
Tau required
Density calculation took 0.627199s
Tau required
Density calculation took 0.627516s
Tau required
Density calculation took 0.626960s
Tau required
Density calculation took 0.627559s
Tau required
Density calculation took 0.627413s
Tau required
Density calculation took 0.627429s
Tau required
Density calculation took 0.627886s
Tau required
Density calculation took 0.627401s
Tau required
Density calculation took 0.627336s
Tau required
Density calculation took 0.627722s
Tau required
Density calculation took 0.627549s
Tau required
Density calculation took 0.627867s
Tau required
Density calculation took 0.627884s
Tau required
Density calculation took 0.627756s
Tau required
Density calculation took 0.627808s
Tau required
Total number of grid points: 392563 (5772 per atom)
Density calculation took 0.689167s
Tau required
Density calculation took 0.654311s
Tau required
Density calculation took 0.632231s
Tau required
Density calculation took 0.633467s
Tau required
Density calculation took 0.630718s
Tau required
Density calculation took 0.632644s
Tau required
Density calculation took 0.632410s
Tau required
Density calculation took 0.633608s
Tau required
Density calculation took 0.631688s
Tau required
Density calculation took 0.633820s
Tau required
Density calculation took 0.631806s
Tau required
Density calculation took 0.633514s
Tau required
Density calculation took 0.631203s
Tau required
Density calculation took 0.633357s
Tau required
Density calculation took 0.632177s
Tau required
Density calculation took 0.633741s
Tau required
Density calculation took 0.631504s
Tau required
Total number of grid points: 392044 (5765 per atom)
Density calculation took 0.687684s
Tau required
Density calculation took 0.656394s
Tau required
Density calculation took 0.630080s
Tau required
Density calculation took 0.630435s
Tau required
Density calculation took 0.630611s
Tau required
Density calculation took 0.631033s
Tau required
Density calculation took 0.630698s
Tau required
Density calculation took 0.631623s
Tau required
Density calculation took 0.631114s
Tau required
Density calculation took 0.630815s
Tau required
Density calculation took 0.631112s
Tau required
Density calculation took 0.631339s
Tau required
Density calculation took 0.630613s
Tau required
Density calculation took 0.631277s
Tau required
Density calculation took 0.631384s
Tau required
Density calculation took 0.630919s
Tau required
Density calculation took 0.630682s
Tau required
[CRAYBLAS_WARNING] Application linked against multiple cray-libsci libraries
epulsion Energy: 4991.62818916
Electronic Energy:        -6434.74767139
XC Energy:                -248.563487
Converged:                1
# of SCF iterations:      18
SCF Time:                 36.253s

=======================================================
            Individual Calculation Summary             
=======================================================
HF Energy: -1691.6829697026323629
=======================================================


Topology 9 time: 36.494277 s, performance: SP: 0 FLOP/s, DP: 31.96 TFLOP/s
JSON file written to: json_logs/lustre_orion_chm213_scratch_ryan_dhdft_inputs_exess_exess_inputs_revTPSS_def2-TZVP_isomers_32380-32399_topology_9.json
************************************************************
**************** Running topology 11 of 20 *****************
************************************************************

************************************************************
**** Beginning RI-MGGA_X_REVTPSS+MGGA_C_REVTPSS energy *****
************************************************************

=======================================================
     MGGA_X_REVTPSS+MGGA_C_REVTPSS Energy Results      
=======================================================
E MGGA_X_REVTPSS+MGGA_C_REVTPSS: -1691.67885611
Nuclear Repulsion Energy: 5048.11362059
Electronic Energy:        -6491.22863887
XC Energy:                -248.563838
Converged:                1
# of SCF iterations:      18
SCF Time:                 36.59s

=======================================================
            Individual Calculation Summary             
=======================================================
HF Energy: -1691.6788561093383123
=======================================================


Topology 10 time: 36.832324 s, performance: SP: 0 FLOP/s, DP: 31.66 TFLOP/s
JSON file written to: json_logs/lustre_orion_chm213_scratch_ryan_dhdft_inputs_exess_exess_inputs_revTPSS_def2-TZVP_isomers_32380-32399_topology_10.json
************************************************************
**************** Running topology 12 of 20 *****************
************************************************************

************************************************************
**** Beginning RI-MGGA_X_REVTPSS+MGGA_C_REVTPSS energy *****
************************************************************

=======================================================
     MGGA_X_REVTPSS+MGGA_C_REVTPSS Energy Results      
=======================================================
E MGGA_X_REVTPSS+MGGA_C_REVTPSS: -1691.68739503
Nuclear Repulsion Energy: 4870.91026902
Electronic Energy:        -6314.04473657
XC Energy:                -248.552927
Converged:                1
# of SCF iterations:      17
SCF Time:                 35.031s

=======================================================
            Individual Calculation Summary             
=======================================================
HF Energy: -1691.6873950330318621
=======================================================


Topology 11 time: 35.263484 s, performance: SP: 0 FLOP/s, DP: 31.45 TFLOP/s
JSON file written to: json_logs/lustre_orion_chm213_scratch_ryan_dhdft_inputs_exess_exess_inputs_revTPSS_def2-TZVP_isomers_32380-32399_topology_11.json
************************************************************
**************** Running topology 13 of 20 *****************
************************************************************

************************************************************
**** Beginning RI-MGGA_X_REVTPSS+MGGA_C_REVTPSS energy *****
************************************************************

=======================================================
     MGGA_X_REVTPSS+MGGA_C_REVTPSS Energy Results      
=======================================================
E MGGA_X_REVTPSS+MGGA_C_REVTPSS: -1691.70359206
Nuclear Repulsion Energy: 4637.18981828
Electronic Energy:        -6080.3490164
XC Energy:                -248.544394
Converged:                1
# of SCF iterations:      17
SCF Time:                 34.605s

=======================================================
            Individual Calculation Summary             
=======================================================
HF Energy: -1691.7035920561640978
=======================================================


Topology 12 time: 34.817455 s, performance: SP: 0 FLOP/s, DP: 31.96 TFLOP/s
JSON file written to: json_logs/lustre_orion_chm213_scratch_ryan_dhdft_inputs_exess_exess_inputs_revTPSS_def2-TZVP_isomers_32380-32399_topology_12.json
************************************************************
**************** Running topology 14 of 20 *****************
************************************************************

************************************************************
**** Beginning RI-MGGA_X_REVTPSS+MGGA_C_REVTPSS energy *****
************************************************************

=======================================================
     MGGA_X_REVTPSS+MGGA_C_REVTPSS Energy Results      
=======================================================
E MGGA_X_REVTPSS+MGGA_C_REVTPSS: -1691.68634347
Nuclear Repulsion Energy: 4602.60533454
Electronic Energy:        -6045.74505302
XC Energy:                -248.546625
Converged:                1
# of SCF iterations:      17
SCF Time:                 34.599s

=======================================================
            Individual Calculation Summary             
=======================================================
HF Energy: -1691.6863434697875164
=======================================================


Topology 13 time: 34.810006 s, performance: SP: 0 FLOP/s, DP: 31.98 TFLOP/s
JSON file written to: json_logs/lustre_orion_chm213_scratch_ryan_dhdft_inputs_exess_exess_inputs_revTPSS_def2-TZVP_isomers_32380-32399_topology_13.json
************************************************************
**************** Running topology 15 of 20 *****************
************************************************************

************************************************************
**** Beginning RI-MGGA_X_REVTPSS+MGGA_C_REVTPSS energy *****
************************************************************

=======================================================
     MGGA_X_REVTPSS+MGGA_C_REVTPSS Energy Results      
=======================================================
E MGGA_X_REVTPSS+MGGA_C_REVTPSS: -1691.69130727
Nuclear Repulsion Energy: 4604.53646554
Electronic Energy:        -6047.68148817
XC Energy:                -248.546285
Converged:                1
# of SCF iterations:      17
SCF Time:                 34.959s

=======================================================
            Individual Calculation Summary             
=======================================================
HF Energy: -1691.6913072665486197
=======================================================


Topology 14 time: 35.169820 s, performance: SP: 0 FLOP/s, DP: 31.68 TFLOP/s
JSON file written to: json_logs/lustre_orion_chm213_scratch_ryan_dhdft_inputs_exess_exess_inputs_revTPSS_def2-TZVP_isomers_32380-32399_topology_14.json
************************************************************
**************** Running topology 16 of 20 *****************
************************************************************

************************************************************
**** Beginning RI-MGGA_X_REVTPSS+MGGA_C_REVTPSS energy *****
************************************************************

=======================================================
     MGGA_X_REVTPSS+MGGA_C_REVTPSS Energy Results      
=======================================================
E MGGA_X_REVTPSS+MGGA_C_REVTPSS: -1691.68955685
Nuclear Repulsion Energy: 4514.94353268
Electronic Energy:        -5958.09223228
XC Energy:                -248.540857
Converged:                1
# of SCF iterations:      17
SCF Time:                 34.784s

=======================================================
            Individual Calculation Summary             
=======================================================
HF Energy: -1691.6895568467773501
=======================================================


Topology 15 time: 34.987726 s, performance: SP: 0 FLOP/s, DP: 31.87 TFLOP/s
JSON file written to: json_logs/lustre_orion_chm213_scratch_ryan_dhdft_inputs_exess_exess_inputs_revTPSS_def2-TZVP_isomers_32380-32399_topology_15.json
************************************************************
**************** Running topology 17 of 20 *****************
************************************************************

************************************************************
**** Beginning RI-MGGA_X_REVTPSS+MGGA_C_REVTPSS energy *****
************************************************************

=======================================================
     MGGA_X_REVTPSS+MGGA_C_REVTPSS Energy Results      
=======================================================
E MGGA_X_REVTPSS+MGGA_C_REVTPSS: -1691.69246494
Nuclear Repulsion Energy: 4715.5501761
Electronic Energy:        -6158.69130498
XC Energy:                -248.551336
Converged:                1
# of SCF iterations:      17
SCF Time:                 34.879s

=======================================================
            Individual Calculation Summary             
=======================================================
HF Energy: -1691.6924649427066925
=======================================================


Topology 16 time: 35.098931 s, performance: SP: 0 FLOP/s, DP: 31.7 TFLOP/s
JSON file written to: json_logs/lustre_orion_chm213_scratch_ryan_dhdft_inputs_exess_exess_inputs_revTPSS_def2-TZVP_isomers_32380-32399_topology_16.json
************************************************************
**************** Running topology 18 of 20 *****************
************************************************************

************************************************************
**** Beginning RI-MGGA_X_REVTPSS+MGGA_C_REVTPSS energy *****
************************************************************

=======================================================
     MGGA_X_REVTPSS+MGGA_C_REVTPSS Energy Results      
=======================================================
E MGGA_X_REVTPSS+MGGA_C_REVTPSS: -1691.69495498
Nuclear Repulsion Energy: 4663.87655406
Electronic Energy:        -6107.02568818
XC Energy:                -248.545821
Converged:                1
# of SCF iterations:      17
SCF Time:                 34.798s

=======================================================
            Individual Calculation Summary             
=======================================================
HF Energy: -1691.6949549836094775
=======================================================


Topology 17 time: 35.014804 s, performance: SP: 0 FLOP/s, DP: 31.8 TFLOP/s
JSON file written to: json_logs/lustre_orion_chm213_scratch_ryan_dhdft_inputs_exess_exess_inputs_revTPSS_def2-TZVP_isomers_32380-32399_topology_17.json
************************************************************
**************** Running topology 19 of 20 *****************
************************************************************

************************************************************
**** Beginning RI-MGGA_X_REVTPSS+MGGA_C_REVTPSS energy *****
************************************************************

=======================================================
     MGGA_X_REVTPSS+MGGA_C_REVTPSS Energy Results      
=======================================================
E MGGA_X_REVTPSS+MGGA_C_REVTPSS: -1691.70262385
Nuclear Repulsion Energy: 4521.31446849
Electronic Energy:        -5964.47331053
XC Energy:                -248.543782
Converged:                1
# of SCF iterations:      17
SCF Time:                 34.664s

=======================================================
            Individual Calculation Summary             
=======================================================
HF Energy: -1691.7026238517555612
=======================================================


Topology 18 time: 34.866749 s, performance: SP: 0 FLOP/s, DP: 31.96 TFLOP/s
JSON file written to: json_logs/lustre_orion_chm213_scratch_ryan_dhdft_inputs_exess_exess_inputs_revTPSS_def2-TZVP_isomers_32380-32399_topology_18.json
************************************************************
**************** Running topology 20 of 20 *****************
************************************************************

************************************************************
**** Beginning RI-MGGA_X_REVTPSS+MGGA_C_REVTPSS energy *****
************************************************************

=======================================================
     MGGA_X_REVTPSS+MGGA_C_REVTPSS Energy Results      
=======================================================
E MGGA_X_REVTPSS+MGGA_C_REVTPSS: -1691.69422536
Nuclear Repulsion Energy: 4571.517036
Electronic Energy:        -6014.66810534
XC Energy:                -248.543156
Converged:                1
# of SCF iterations:      17
SCF Time:                 34.646s

=======================================================
            Individual Calculation Summary             
=======================================================
HF Energy: -1691.6942253550489568
=======================================================


Topology 19 time: 34.854881 s, performance: SP: 0 FLOP/s, DP: 31.97 TFLOP/s
JSON file written to: json_logs/lustre_orion_chm213_scratch_ryan_dhdft_inputs_exess_exess_inputs_revTPSS_def2-TZVP_isomers_32380-32399_topology_19.json
Total flops: SP: 0 FLOPS, DP: 22.368034 PFLOPS
Performance: SP: 0 FLOP/s, DP: 31.4 TFLOP/s

Now, a word from our sponsors... 
 I also added new funny phrases at the end of the execution - 
 this is the real reason I will get the newer version. (Zoe, 2021)

[31mTotal processing time 712.580534 seconds[0m
[CRAYBLAS_WARNING] Application linked against multiple cray-libsci libraries
nsity calculation took 0.627023s
Tau required
    4     | -1691.6613430987 |   1.4100e-01   |    1.6051     |    0.2601
Density calculation took 0.626419s
Tau required
    5     | -1691.6820754492 |   7.3371e-02   |    1.6061     |    0.2702
Density calculation took 0.626229s
Tau required
    6     | -1691.7019389234 |   5.6754e-03   |    1.6058     |    0.2615
Density calculation took 0.626627s
Tau required
    7     | -1691.7030934065 |   1.6187e-03   |    1.6056     |    0.2712
Density calculation took 0.626757s
Tau required
    8     | -1691.7034944577 |   3.5080e-04   |    1.6012     |    0.2623
Density calculation took 0.626712s
Tau required
    9     | -1691.7035866571 |   1.8385e-05   |    1.6091     |    0.2613
Density calculation took 0.627258s
Tau required
   10     | -1691.7035908104 |   4.4014e-06   |    1.6093     |    0.2636
Density calculation took 0.627113s
Tau required
   11     | -1691.7035919530 |   3.6519e-07   |    1.6089     |    0.2623
Density calculation took 0.627452s
Tau required
   12     | -1691.7035920275 |   1.0090e-07   |    1.6096     |    0.2631
Density calculation took 0.627141s
Tau required
   13     | -1691.7035920500 |   2.0954e-08   |    1.6086     |    0.2619
Density calculation took 0.627403s
Tau required
   14     | -1691.7035920554 |   2.7078e-09   |    1.6074     |    0.2616
Density calculation took 0.627191s
Tau required
   15     | -1691.7035920560 |   4.4781e-10   |    1.6074     |    0.2632
Density calculation took 0.627230s
Tau required
   16     | -1691.7035920561 |   2.0064e-10   |    1.6067     |    0.2629
Density calculation took 0.626958s
Tau required
   17     | -1691.7035920562 |   2.6587e-11   |    1.6071     |    0.2621
Created 719100 / 2985984 significant shell pairs
Created 558983 / 2274064 significant shell pairs
Total number of grid points: 392697 (5774 per atom)
One electron integrals and orthogonalizer took 0.053107s
Created 558983 / 2274064 significant shell pairs
3C integrals and B formation took 2.126720s
Iteration |      Energy      |  DIIS Metric   | Fock Time (s) | DIIS Time (s)
----------+------------------+----------------+---------------+--------------
Density calculation took 0.651707s
Tau required
    1     | -1702.3223128910 |   1.0354e+03   |    1.8066     |    0.2942
Density calculation took 0.647105s
Tau required
    2     | -1690.8627592082 |   2.9117e+00   |    1.6528     |    0.2576
Density calculation took 0.619229s
Tau required
    3     | -1690.6737596494 |   3.7163e+00   |    1.6117     |    0.2671
Density calculation took 0.619540s
Tau required
    4     | -1691.6616869056 |   9.0620e-02   |    1.6113     |    0.2593
Density calculation took 0.619521s
Tau required
    5     | -1691.6768907013 |   3.4305e-02   |    1.6078     |    0.2690
Density calculation took 0.619249s
Tau required
    6     | -1691.6855628442 |   2.8377e-03   |    1.6092     |    0.2607
Density calculation took 0.619548s
Tau required
    7     | -1691.6861375162 |   7.3261e-04   |    1.6088     |    0.2708
Density calculation took 0.619270s
Tau required
    8     | -1691.6863032520 |   1.3827e-04   |    1.6132     |    0.2616
Density calculation took 0.619118s
Tau required
    9     | -1691.6863397745 |   1.3057e-05   |    1.6083     |    0.2615
Density calculation took 0.619835s
Tau required
   10     | -1691.6863427666 |   2.5117e-06   |    1.6146     |    0.2629
Density calculation took 0.618913s
Tau required
   11     | -1691.6863434154 |   1.8491e-07   |    1.6122     |    0.2618
Density calculation took 0.619685s
Tau required
   12     | -1691.6863434473 |   7.4301e-08   |    1.6106     |    0.2609
Density calculation took 0.619384s
Tau required
   13     | -1691.6863434664 |   1.1815e-08   |    1.6073     |    0.2641
Density calculation took 0.619547s
Tau required
   14     | -1691.6863434693 |   1.7539e-09   |    1.6112     |    0.2618
Density calculation took 0.619290s
Tau required
   15     | -1691.6863434697 |   2.1817e-10   |    1.6101     |    0.2609
Density calculation took 0.619671s
Tau required
   16     | -1691.6863434697 |   1.6397e-10   |    1.6125     |    0.2662
Density calculation took 0.619228s
Tau required
   17     | -1691.6863434698 |   1.6956e-11   |    1.6115     |    0.2607
Created 719006 / 2985984 significant shell pairs
Created 559077 / 2274064 significant shell pairs
Total number of grid points: 393099 (5780 per atom)
One electron integrals and orthogonalizer took 0.052814s
Created 559077 / 2274064 significant shell pairs
3C integrals and B formation took 2.132796s
Iteration |      Energy      |  DIIS Metric   | Fock Time (s) | DIIS Time (s)
----------+------------------+----------------+---------------+--------------
Density calculation took 0.656547s
Tau required
    1     | -1702.3219837660 |   1.0353e+03   |    1.8647     |    0.2946
Density calculation took 0.653453s
Tau required
    2     | -1690.8681231076 |   2.9090e+00   |    1.6687     |    0.2580
Density calculation took 0.629433s
Tau required
    3     | -1690.6769923374 |   3.7184e+00   |    1.6317     |    0.2659
Density calculation took 0.629108s
Tau required
    4     | -1691.6617616864 |   1.0779e-01   |    1.6261     |    0.2583
Density calculation took 0.628959s
Tau required
    5     | -1691.6773748768 |   4.9221e-02   |    1.6372     |    0.2709
Density calculation took 0.630088s
Tau required
    6     | -1691.6896619485 |   5.7127e-03   |    1.6279     |    0.2606
Density calculation took 0.629278s
Tau required
    7     | -1691.6909445796 |   1.2392e-03   |    1.6324     |    0.2708
Density calculation took 0.629094s
Tau required
    8     | -1691.6912082800 |   3.2138e-04   |    1.6261     |    0.2609
Density calculation took 0.628971s
Tau required
    9     | -1691.6913015396 |   1.9022e-05   |    1.6325     |    0.2610
Density calculation took 0.629224s
Tau required
   10     | -1691.6913054666 |   6.2914e-06   |    1.6270     |    0.2588
Density calculation took 0.629178s
Tau required
   11     | -1691.6913071315 |   4.6899e-07   |    1.6339     |    0.2607
Density calculation took 0.629045s
Tau required
   12     | -1691.6913072297 |   1.2551e-07   |    1.6270     |    0.2635
Density calculation took 0.629089s
Tau required
   13     | -1691.6913072577 |   2.9042e-08   |    1.6326     |    0.2601
Density calculation took 0.629268s
Tau required
   14     | -1691.6913072660 |   1.9836e-09   |    1.6275     |    0.2614
Density calculation took 0.629227s
Tau required
   15     | -1691.6913072665 |   4.1124e-10   |    1.6336     |    0.2608
Density calculation took 0.629046s
Tau required
   16     | -1691.6913072664 |   4.0717e-10   |    1.6265     |    0.2596
Density calculation took 0.629433s
Tau required
   17     | -1691.6913072665 |   5.6397e-11   |    1.6333     |    0.2594
Created 693653 / 2985984 significant shell pairs
Created 538617 / 2274064 significant shell pairs
Total number of grid points: 393066 (5780 per atom)
One electron integrals and orthogonalizer took 0.052379s
Created 538617 / 2274064 significant shell pairs
3C integrals and B formation took 2.105835s
Iteration |      Energy      |  DIIS Metric   | Fock Time (s) | DIIS Time (s)
----------+------------------+----------------+---------------+--------------
Density calculation took 0.685821s
Tau required
    1     | -1702.3127274284 |   1.0335e+03   |    1.8405     |    0.2938
Density calculation took 0.651140s
Tau required
    2     | -1690.8661435573 |   2.9039e+00   |    1.6661     |    0.2568
Density calculation took 0.624983s
Tau required
    3     | -1690.6774829870 |   3.6810e+00   |    1.6225     |    0.2669
Density calculation took 0.625036s
Tau required
    4     | -1691.6594891454 |   1.0785e-01   |    1.6198     |    0.2575
Density calculation took 0.624921s
Tau required
    5     | -1691.6779745032 |   4.2086e-02   |    1.6184     |    0.2695
Density calculation took 0.626913s
Tau required
    6     | -1691.6882856157 |   4.5323e-03   |    1.6231     |    0.2600
Density calculation took 0.625223s
Tau required
    7     | -1691.6892115290 |   1.1747e-03   |    1.6230     |    0.2716
Density calculation took 0.625118s
Tau required
    8     | -1691.6894830055 |   2.5159e-04   |    1.6227     |    0.2610
Density calculation took 0.627144s
Tau required
    9     | -1691.6895530637 |   1.2384e-05   |    1.6232     |    0.2612
Density calculation took 0.625469s
Tau required
   10     | -1691.6895550560 |   5.8054e-06   |    1.6225     |    0.2613
Density calculation took 0.627235s
Tau required
   11     | -1691.6895567404 |   3.6388e-07   |    1.6196     |    0.2610
Density calculation took 0.625286s
Tau required
   12     | -1691.6895568189 |   9.4786e-08   |    1.6206     |    0.2608
Density calculation took 0.627152s
Tau required
   13     | -1691.6895568401 |   2.2336e-08   |    1.6254     |    0.2631
Density calculation took 0.625422s
Tau required
   14     | -1691.6895568460 |   2.6220e-09   |    1.6216     |    0.2605
Density calculation took 0.627354s
Tau required
   15     | -1691.6895568467 |   3.3632e-10   |    1.6236     |    0.2613
Density calculation took 0.625273s
Tau required
   16     | -1691.6895568467 |   2.7350e-10   |    1.6224     |    0.2609
Density calculation took 0.627278s
Tau required
   17     | -1691.6895568468 |   4.2763e-11   |    1.6230     |    0.2604
Created 758205 / 2985984 significant shell pairs
Created 589726 / 2274064 significant shell pairs
Total number of grid points: 392737 (5775 per atom)
One electron integrals and orthogonalizer took 0.052204s
Created 589726 / 2274064 significant shell pairs
3C integrals and B formation took 2.149876s
Iteration |      Energy      |  DIIS Metric   | Fock Time (s) | DIIS Time (s)
----------+------------------+----------------+---------------+--------------
Density calculation took 0.652506s
Tau required
    1     | -1702.3325651891 |   1.0383e+03   |    1.8152     |    0.2944
Density calculation took 0.643316s
Tau required
    2     | -1690.8649329394 |   2.9320e+00   |    1.6640     |    0.2579
Density calculation took 0.622480s
Tau required
    3     | -1690.6447564732 |   3.8230e+00   |    1.6248     |    0.2675
Density calculation took 0.622835s
Tau required
    4     | -1691.6444230625 |   1.5750e-01   |    1.6224     |    0.2581
Density calculation took 0.623196s
Tau required
    5     | -1691.6612799052 |   1.0439e-01   |    1.6281     |    0.2678
Density calculation took 0.623430s
Tau required
    6     | -1691.6905104913 |   6.7825e-03   |    1.6257     |    0.2605
Density calculation took 0.622819s
Tau required
    7     | -1691.6920130810 |   1.4872e-03   |    1.6225     |    0.2702
Density calculation took 0.622998s
Tau required
    8     | -1691.6923509665 |   3.9504e-04   |    1.6282     |    0.2628
Density calculation took 0.622894s
Tau required
    9     | -1691.6924557519 |   3.2180e-05   |    1.6273     |    0.2635
Density calculation took 0.622954s
Tau required
   10     | -1691.6924631381 |   6.3875e-06   |    1.6277     |    0.2619
Density calculation took 0.623068s
Tau required
   11     | -1691.6924647807 |   5.8761e-07   |    1.6256     |    0.2609
Density calculation took 0.623160s
Tau required
   12     | -1691.6924649153 |   1.0107e-07   |    1.6250     |    0.2607
Density calculation took 0.622865s
Tau required
   13     | -1691.6924649364 |   2.1902e-08   |    1.6263     |    0.2610
Density calculation took 0.623124s
Tau required
   14     | -1691.6924649419 |   2.6660e-09   |    1.6267     |    0.2649
Density calculation took 0.622846s
Tau required
   15     | -1691.6924649425 |   7.7198e-10   |    1.6253     |    0.2658
Density calculation took 0.623248s
Tau required
   16     | -1691.6924649427 |   1.6070e-10   |    1.6263     |    0.2630
Density calculation took 0.622852s
Tau required
   17     | -1691.6924649427 |   3.1468e-11   |    1.6225     |    0.2611
Created 738987 / 2985984 significant shell pairs
Created 575362 / 2274064 significant shell pairs
Total number of grid points: 392631 (5773 per atom)
One electron integrals and orthogonalizer took 0.053123s
Created 575362 / 2274064 significant shell pairs
3C integrals and B formation took 2.143121s
Iteration |      Energy      |  DIIS Metric   | Fock Time (s) | DIIS Time (s)
----------+------------------+----------------+---------------+--------------
Density calculation took 0.648931s
Tau required
    1     | -1702.3215504684 |   1.0351e+03   |    1.8588     |    0.2942
Density calculation took 0.652827s
Tau required
    2     | -1690.8695775846 |   2.9161e+00   |    1.6684     |    0.2564
Density calculation took 0.626353s
Tau required
    3     | -1690.6656076102 |   3.7599e+00   |    1.6175     |    0.2670
Density calculation took 0.626633s
Tau required
    4     | -1691.6606252101 |   1.1868e-01   |    1.6160     |    0.2584
Density calculation took 0.626737s
Tau required
    5     | -1691.6773400369 |   5.9798e-02   |    1.6152     |    0.2696
Density calculation took 0.628320s
Tau required
    6     | -1691.6928421188 |   7.0037e-03   |    1.6206     |    0.2593
Density calculation took 0.627267s
Tau required
    7     | -1691.6944664781 |   1.5720e-03   |    1.6210     |    0.2695
Density calculation took 0.628536s
Tau required
    8     | -1691.6948552666 |   3.4299e-04   |    1.6180     |    0.2620
Density calculation took 0.628797s
Tau required
    9     | -1691.6949490177 |   1.9774e-05   |    1.6197     |    0.2624
Density calculation took 0.626914s
Tau required
   10     | -1691.6949537470 |   4.1278e-06   |    1.6226     |    0.2617
Density calculation took 0.628865s
Tau required
   11     | -1691.6949548176 |   5.5484e-07   |    1.6185     |    0.2612
Density calculation took 0.626810s
Tau required
   12     | -1691.6949549534 |   1.0438e-07   |    1.6181     |    0.2618
Density calculation took 0.628679s
Tau required
   13     | -1691.6949549756 |   2.6805e-08   |    1.6199     |    0.2616
Density calculation took 0.627149s
Tau required
   14     | -1691.6949549829 |   2.6376e-09   |    1.6165     |    0.2625
Density calculation took 0.628882s
Tau required
   15     | -1691.6949549835 |   5.1518e-10   |    1.6173     |    0.2609
Density calculation took 0.627259s
Tau required
   16     | -1691.6949549835 |   3.5139e-10   |    1.6204     |    0.2627
Density calculation took 0.628869s
Tau required
   17     | -1691.6949549836 |   4.4293e-11   |    1.6167     |    0.2620
Created 691741 / 2985984 significant shell pairs
Created 537407 / 2274064 significant shell pairs
Total number of grid points: 392057 (5765 per atom)
One electron integrals and orthogonalizer took 0.051809s
Created 537407 / 2274064 significant shell pairs
3C integrals and B formation took 2.098149s
Iteration |      Energy      |  DIIS Metric   | Fock Time (s) | DIIS Time (s)
----------+------------------+----------------+---------------+--------------
Density calculation took 0.651820s
Tau required
    1     | -1702.3164962480 |   1.0325e+03   |    1.8175     |    0.2932
Density calculation took 0.640209s
Tau required
    2     | -1690.8776282822 |   2.9141e+00   |    1.6590     |    0.2575
Density calculation took 0.618767s
Tau required
    3     | -1690.6945149423 |   3.6724e+00   |    1.6174     |    0.2703
Density calculation took 0.618490s
Tau required
    4     | -1691.6746353960 |   9.9677e-02   |    1.6193     |    0.2589
Density calculation took 0.618296s
Tau required
    5     | -1691.6914931517 |   4.0145e-02   |    1.6133     |    0.2689
Density calculation took 0.619056s
Tau required
    6     | -1691.7017200329 |   3.1913e-03   |    1.6156     |    0.2609
Density calculation took 0.618555s
Tau required
    7     | -1691.7023456948 |   9.2252e-04   |    1.6157     |    0.2706
Density calculation took 0.618559s
Tau required
    8     | -1691.7025690991 |   1.8730e-04   |    1.6163     |    0.2609
Density calculation took 0.618534s
Tau required
    9     | -1691.7026204461 |   1.1784e-05   |    1.6160     |    0.2609
Density calculation took 0.618583s
Tau required
   10     | -1691.7026227466 |   3.8465e-06   |    1.6188     |    0.2630
Density calculation took 0.618713s
Tau required
   11     | -1691.7026237883 |   2.2396e-07   |    1.6154     |    0.2623
Density calculation took 0.618812s
Tau required
   12     | -1691.7026238287 |   7.9598e-08   |    1.6164     |    0.2621
Density calculation took 0.618781s
Tau required
   13     | -1691.7026238478 |   1.3893e-08   |    1.6140     |    0.2617
Density calculation took 0.618866s
Tau required
   14     | -1691.7026238511 |   2.1361e-09   |    1.6162     |    0.2624
Density calculation took 0.618625s
Tau required
   15     | -1691.7026238517 |   3.0475e-10   |    1.6158     |    0.2614
Density calculation took 0.618306s
Tau required
   16     | -1691.7026238517 |   2.6329e-10   |    1.6167     |    0.2618
Density calculation took 0.618598s
Tau required
   17     | -1691.7026238518 |   2.7315e-11   |    1.6151     |    0.2610
Created 710514 / 2985984 significant shell pairs
Created 551890 / 2274064 significant shell pairs
Total number of grid points: 392929 (5778 per atom)
One electron integrals and orthogonalizer took 0.051960s
Created 551890 / 2274064 significant shell pairs
3C integrals and B formation took 2.132559s
Iteration |      Energy      |  DIIS Metric   | Fock Time (s) | DIIS Time (s)
----------+------------------+----------------+---------------+--------------
Density calculation took 0.656780s
Tau required
    1     | -1702.3157895030 |   1.0350e+03   |    1.8140     |    0.2923
Density calculation took 0.642418s
Tau required
    2     | -1690.8681246794 |   2.9166e+00   |    1.6582     |    0.2568
Density calculation took 0.621459s
Tau required
    3     | -1690.6692008770 |   3.7242e+00   |    1.6110     |    0.2667
Density calculation took 0.621705s
Tau required
    4     | -1691.6559393571 |   1.3181e-01   |    1.6170     |    0.2629
Density calculation took 0.621068s
Tau required
    5     | -1691.6735168684 |   7.0846e-02   |    1.6171     |    0.2693
Density calculation took 0.621019s
Tau required
    6     | -1691.6922566281 |   7.0343e-03   |    1.6093     |    0.2621
Density calculation took 0.621071s
Tau required
    7     | -1691.6939226365 |   1.0485e-03   |    1.6065     |    0.2684
Density calculation took 0.622096s
Tau required
    8     | -1691.6941366976 |   3.0181e-04   |    1.6151     |    0.2607
Density calculation took 0.621173s
Tau required
    9     | -1691.6942191268 |   2.1091e-05   |    1.6102     |    0.2589
Density calculation took 0.621758s
Tau required
   10     | -1691.6942239052 |   4.9345e-06   |    1.6170     |    0.2610
Density calculation took 0.621206s
Tau required
   11     | -1691.6942251378 |   7.1614e-07   |    1.6129     |    0.2649
Density calculation took 0.621925s
Tau required
   12     | -1691.6942253270 |   9.6116e-08   |    1.6149     |    0.2612
Density calculation took 0.621265s
Tau required
   13     | -1691.6942253475 |   2.5967e-08   |    1.6135     |    0.2608
Density calculation took 0.622066s
Tau required
   14     | -1691.6942253543 |   2.7035e-09   |    1.6146     |    0.2616
Density calculation took 0.621178s
Tau required
   15     | -1691.6942253549 |   5.7811e-10   |    1.6110     |    0.2613
Density calculation took 0.621804s
Tau required
   16     | -1691.6942253550 |   3.2618e-10   |    1.6126     |    0.2608
Density calculation took 0.621216s
Tau required
   17     | -1691.6942253550 |   3.4872e-11   |    1.6135     |    0.2613
Please cite the following papers for the methods used in this calculation:
 - J.L. Galvez Vallejo et. al., Toward an extreme-scale electronic structure system, J. Chem. Phys., 2023. DOI: 10.1063/5.0156399

 - R. Stocks, E. Palethorpe, and G.M.J. Barca, Multi-GPU RI-HF Energies and Analytic Gradients ─ Toward High-Throughput Ab Initio Molecular Dynamics, J. Chem. Theory Comput., 2024. DOI: 10.1021/acs.jctc.4c00877
   For:
     * RI-HF energy

 - S. Lehtola, C. Steigemann, M.J.T. Oliveira, and M.A.L. Marques, Recent developments in Libxc: A comprehensive library of functionals for density functional theory, SoftwareX, 2018. DOI: 10.1016/j.softx.2017.11.002
   For:
     * LibXC version 6.2.0

 - D.B. Williams-Young, W.A. de Jong, H.J.J. van Dam, and C. Yang, On the Efficient Evaluation of the Exchange Correlation Potential on Graphics Processing Unit Clusters, Frontiers in Chemistry, 2020. DOI: 10.3389/fchem.2020.581058
   For:
     * ExchCXX GPU implementation of exchange-correlation functionals

 - R. Stocks and G.M.J. Barca, Efficient Algorithms for GPU Accelerated Evaluation of the DFT Exchange-Correlation Functional, J. Chem. Theory Comput., 2025. DOI: 10.1021/acs.jctc.5c01229
   For:
     * GPU accelerated DFT exchange-correlation evaluation

 - J. P. Perdew, A. Ruzsinszky, G. I. Csonka, L. A. Constantin, and J. Sun.,  Phys. Rev. Lett. 103, 026403 (2009) DOI: 10.1103/PhysRevLett.103.026403
   For:
     * MGGA_X_REVTPSS XC Functional
     * MGGA_C_REVTPSS XC Functional

[CRAYBLAS_WARNING] Application linked against multiple cray-libsci libraries
