Total number of grid points: 370006 (5781 per atom)
Density calculation took 0.553084s
Tau required
Density calculation took 0.582790s
Tau required
Density calculation took 0.562878s
Tau required
Density calculation took 0.562643s
Tau required
Density calculation took 0.563081s
Tau required
Density calculation took 0.562589s
Tau required
Density calculation took 0.563208s
Tau required
Density calculation took 0.563083s
Tau required
Density calculation took 0.562876s
Tau required
Density calculation took 0.563114s
Tau required
Density calculation took 0.563122s
Tau required
Density calculation took 0.563165s
Tau required
Density calculation took 0.563101s
Tau required
Density calculation took 0.563816s
Tau required
Density calculation took 0.563426s
Tau required
Density calculation took 0.563244s
Tau required
Density calculation took 0.563189s
Tau required
Total number of grid points: 368974 (5765 per atom)
Density calculation took 0.553979s
Tau required
Density calculation took 0.583564s
Tau required
Density calculation took 0.561885s
Tau required
Density calculation took 0.561963s
Tau required
Density calculation took 0.562174s
Tau required
Density calculation took 0.562015s
Tau required
Density calculation took 0.562254s
Tau required
Density calculation took 0.561989s
Tau required
Density calculation took 0.562529s
Tau required
Density calculation took 0.562424s
Tau required
Density calculation took 0.562083s
Tau required
Density calculation took 0.562716s
Tau required
Density calculation took 0.562624s
Tau required
Density calculation took 0.562293s
Tau required
Density calculation took 0.562677s
Tau required
Density calculation took 0.562361s
Tau required
Density calculation took 0.562396s
Tau required
Total number of grid points: 369524 (5773 per atom)
Density calculation took 0.557629s
Tau required
Density calculation took 0.585022s
Tau required
Density calculation took 0.565974s
Tau required
Density calculation took 0.564959s
Tau required
Density calculation took 0.564961s
Tau required
Density calculation took 0.566545s
Tau required
Density calculation took 0.566339s
Tau required
Density calculation took 0.565450s
Tau required
Density calculation took 0.566542s
Tau required
Density calculation took 0.566821s
Tau required
Density calculation took 0.566525s
Tau required
Density calculation took 0.565885s
Tau required
Density calculation took 0.566787s
Tau required
Density calculation took 0.564630s
Tau required
Density calculation took 0.566996s
Tau required
Density calculation took 0.566974s
Tau required
Density calculation took 0.566835s
Tau required
Total number of grid points: 369486 (5773 per atom)
Density calculation took 0.556588s
Tau required
Density calculation took 0.587418s
Tau required
Density calculation took 0.565607s
Tau required
Density calculation took 0.565728s
Tau required
Density calculation took 0.566763s
Tau required
Density calculation took 0.566999s
Tau required
Density calculation took 0.566299s
Tau required
Density calculation took 0.566992s
Tau required
Density calculation took 0.565533s
Tau required
Density calculation took 0.567076s
Tau required
Density calculation took 0.566318s
Tau required
Density calculation took 0.567414s
Tau required
Density calculation took 0.566513s
Tau required
Density calculation took 0.566426s
Tau required
Density calculation took 0.567472s
Tau required
Density calculation took 0.567809s
Tau required
Density calculation took 0.567576s
Tau required
Total number of grid points: 369519 (5773 per atom)
Density calculation took 0.555648s
Tau required
Density calculation took 0.587100s
Tau required
Density calculation took 0.566605s
Tau required
Density calculation took 0.565688s
Tau required
Density calculation took 0.566492s
Tau required
Density calculation took 0.567092s
Tau required
Density calculation took 0.567013s
Tau required
Density calculation took 0.565838s
Tau required
Density calculation took 0.566937s
Tau required
Density calculation took 0.566655s
Tau required
Density calculation took 0.567220s
Tau required
Density calculation took 0.565997s
Tau required
Density calculation took 0.566970s
Tau required
Density calculation took 0.566871s
Tau required
Density calculation took 0.567005s
Tau required
Density calculation took 0.566112s
Tau required
Density calculation took 0.566023s
Tau required
Density calculation took 0.567111s
Tau required
Total number of grid points: 368498 (5757 per atom)
Density calculation took 0.566220s
Tau required
Density calculation took 0.586373s
Tau required
Density calculation took 0.564798s
Tau required
Density calculation took 0.565135s
Tau required
Density calculation took 0.564855s
Tau required
Density calculation took 0.565101s
Tau required
Density calculation took 0.564967s
Tau required
Density calculation took 0.565039s
Tau required
Density calculation took 0.564879s
Tau required
Density calculation took 0.565030s
Tau required
Density calculation took 0.565082s
Tau required
Density calculation took 0.564869s
Tau required
Density calculation took 0.564959s
Tau required
Density calculation took 0.564936s
Tau required
Density calculation took 0.565112s
Tau required
Density calculation took 0.565132s
Tau required
Density calculation took 0.565042s
Tau required
Total number of grid points: 369330 (5770 per atom)
Density calculation took 0.554727s
Tau required
Density calculation took 0.591326s
Tau required
Density calculation took 0.568112s
Tau required
Density calculation took 0.566231s
Tau required
Density calculation took 0.567217s
Tau required
Density calculation took 0.565281s
Tau required
Density calculation took 0.568761s
Tau required
Density calculation took 0.565056s
Tau required
Density calculation took 0.567711s
Tau required
Density calculation took 0.566683s
Tau required
Density calculation took 0.568417s
Tau required
Density calculation took 0.566782s
Tau required
Density calculation took 0.568823s
Tau required
Density calculation took 0.565964s
Tau required
Density calculation took 0.568737s
Tau required
Density calculation took 0.565929s
Tau required
Density calculation took 0.567868s
Tau required
Density calculation took 0.565920s
Tau required
Total number of grid points: 369209 (5768 per atom)
Density calculation took 0.554952s
Tau required
Density calculation took 0.586972s
Tau required
Density calculation took 0.566975s
Tau required
Density calculation took 0.567123s
Tau required
Density calculation took 0.567122s
Tau required
Density calculation took 0.567184s
Tau required
Density calculation took 0.567056s
Tau required
Density calculation took 0.567258s
Tau required
Density calculation took 0.566685s
Tau required
Density calculation took 0.567289s
Tau required
Density calculation took 0.567041s
Tau required
Density calculation took 0.567518s
Tau required
Density calculation took 0.567481s
Tau required
Density calculation took 0.566815s
Tau required
Density calculation took 0.567004s
Tau required
Density calculation took 0.567299s
Tau required
Total number of grid points: 369423 (5772 per atom)
Density calculation took 0.556023s
Tau required
Density calculation took 0.581470s
Tau required
Density calculation took 0.560172s
Tau required
Density calculation took 0.559984s
Tau required
Density calculation took 0.559844s
Tau required
Density calculation took 0.560362s
Tau required
Density calculation took 0.560067s
Tau required
Density calculation took 0.559812s
Tau required
Density calculation took 0.560264s
Tau required
Density calculation took 0.559619s
Tau required
Density calculation took 0.559610s
Tau required
Density calculation took 0.560131s
Tau required
Density calculation took 0.559921s
Tau required
Density calculation took 0.560168s
Tau required
Density calculation took 0.559808s
Tau required
Density calculation took 0.560177s
Tau required
Density calculation took 0.560097s
Tau required
Total number of grid points: 369643 (5775 per atom)
Density calculation took 0.558632s
Tau required
Density calculation took 0.584940s
Tau required
Density calculation took 0.563365s
Tau required
Density calculation took 0.563404s
Tau required
Density calculation took 0.563348s
Tau required
Density calculation took 0.563489s
Tau required
Density calculation took 0.563215s
Tau required
Density calculation took 0.563593s
Tau required
Density calculation took 0.563621s
Tau required
Density calculation took 0.563437s
Tau required
Density calculation took 0.563656s
Tau required
Density calculation took 0.563555s
Tau required
Density calculation took 0.563377s
Tau required
Density calculation took 0.563727s
Tau required
Density calculation took 0.563635s
Tau required
Density calculation took 0.563525s
Tau required
Density calculation took 0.563268s
Tau required
Total number of grid points: 369254 (5769 per atom)
Density calculation took 0.556790s
Tau required
Density calculation took 0.584634s
Tau required
Density calculation took 0.564289s
Tau required
Density calculation took 0.563934s
Tau required
Density calculation took 0.564877s
Tau required
Density calculation took 0.564524s
Tau required
Density calculation took 0.563892s
Tau required
Density calculation took 0.564836s
Tau required
Density calculation took 0.564148s
Tau required
Density calculation took 0.565141s
Tau required
Density calculation took 0.564904s
Tau required
Density calculation took 0.565211s
Tau required
Density calculation took 0.564910s
Tau required
Density calculation took 0.564436s
Tau required
Density calculation took 0.564905s
Tau required
Density calculation took 0.564746s
Tau required
Density calculation took 0.565275s
Tau required
Total number of grid points: 370098 (5782 per atom)
Density calculation took 0.590631s
Tau required
Density calculation took 0.585111s
Tau required
Density calculation took 0.564203s
Tau required
Density calculation took 0.563410s
Tau required
Density calculation took 0.564010s
Tau required
Density calculation took 0.564187s
Tau required
Density calculation took 0.563634s
Tau required
Density calculation took 0.563780s
Tau required
Density calculation took 0.564191s
Tau required
Density calculation took 0.563836s
Tau required
Density calculation took 0.564283s
Tau required
Density calculation took 0.564248s
Tau required
Density calculation took 0.564072s
Tau required
Density calculation took 0.564361s
Tau required
Density calculation took 0.563948s
Tau required
Density calculation took 0.564194s
Tau required
Total number of grid points: 370098 (5782 per atom)
Density calculation took 0.558589s
Tau required
Density calculation took 0.586564s
Tau required
Density calculation took 0.564374s
Tau required
Density calculation took 0.564943s
Tau required
Density calculation took 0.566117s
Tau required
Density calculation took 0.563614s
Tau required
Density calculation took 0.565509s
Tau required
Density calculation took 0.564634s
Tau required
Density calculation took 0.566366s
Tau required
Density calculation took 0.563799s
Tau required
Density calculation took 0.566246s
Tau required
Density calculation took 0.565025s
Tau required
Density calculation took 0.566409s
Tau required
Density calculation took 0.564533s
Tau required
Density calculation took 0.564121s
Tau required
Density calculation took 0.564321s
Tau required
Total number of grid points: 369027 (5766 per atom)
Density calculation took 0.555198s
Tau required
Density calculation took 0.587808s
Tau required
Density calculation took 0.565378s
Tau required
Density calculation took 0.565898s
Tau required
Density calculation took 0.564808s
Tau required
Density calculation took 0.564930s
Tau required
Density calculation took 0.565867s
Tau required
Density calculation took 0.565736s
Tau required
Density calculation took 0.565038s
Tau required
Density calculation took 0.566014s
Tau required
Density calculation took 0.564750s
Tau required
Density calculation took 0.566169s
Tau required
Density calculation took 0.566182s
Tau required
Density calculation took 0.565692s
Tau required
Density calculation took 0.566245s
Tau required
Density calculation took 0.566213s
Tau required
Density calculation took 0.565939s
Tau required
Total number of grid points: 370442 (5788 per atom)
Density calculation took 0.594777s
Tau required
Density calculation took 0.584843s
Tau required
Density calculation took 0.564681s
Tau required
Density calculation took 0.563103s
Tau required
Density calculation took 0.565410s
Tau required
Density calculation took 0.562238s
Tau required
Density calculation took 0.564988s
Tau required
Density calculation took 0.563446s
Tau required
Density calculation took 0.565432s
Tau required
Density calculation took 0.563426s
Tau required
Density calculation took 0.564182s
Tau required
Density calculation took 0.562278s
Tau required
Density calculation took 0.565639s
Tau required
Density calculation took 0.563293s
Tau required
Density calculation took 0.564959s
Tau required
Density calculation took 0.563629s
Tau required
Density calculation took 0.565669s
Tau required
Total number of grid points: 369841 (5778 per atom)
Density calculation took 0.587645s
Tau required
Density calculation took 0.588949s
Tau required
Density calculation took 0.564651s
Tau required
Density calculation took 0.563964s
Tau required
Density calculation took 0.565145s
Tau required
Density calculation took 0.565235s
Tau required
Density calculation took 0.565326s
Tau required
Density calculation took 0.565249s
Tau required
Density calculation took 0.565242s
Tau required
Density calculation took 0.565540s
Tau required
Density calculation took 0.564766s
Tau required
Density calculation took 0.565701s
Tau required
Density calculation took 0.565373s
Tau required
Density calculation took 0.565310s
Tau required
Density calculation took 0.564675s
Tau required
Density calculation took 0.565674s
Tau required
Density calculation took 0.565253s
Tau required
Total number of grid points: 369288 (5770 per atom)
Density calculation took 0.553615s
Tau required
Density calculation took 0.587513s
Tau required
Density calculation took 0.564047s
Tau required
Density calculation took 0.564439s
Tau required
Density calculation took 0.564131s
Tau required
Density calculation took 0.564229s
Tau required
Density calculation took 0.564176s
Tau required
Density calculation took 0.564347s
Tau required
Density calculation took 0.563642s
Tau required
Density calculation took 0.564513s
Tau required
Density calculation took 0.564313s
Tau required
Density calculation took 0.564026s
Tau required
Density calculation took 0.563949s
Tau required
Density calculation took 0.564252s
Tau required
Density calculation took 0.564355s
Tau required
Total number of grid points: 369545 (5774 per atom)
Density calculation took 0.556863s
Tau required
Density calculation took 0.588101s
Tau required
Density calculation took 0.567027s
Tau required
Density calculation took 0.567656s
Tau required
Density calculation took 0.567708s
Tau required
Density calculation took 0.567529s
Tau required
Density calculation took 0.567326s
Tau required
Density calculation took 0.567745s
Tau required
Density calculation took 0.567800s
Tau required
Density calculation took 0.567835s
Tau required
Density calculation took 0.567624s
Tau required
Density calculation took 0.567055s
Tau required
Density calculation took 0.567964s
Tau required
Density calculation took 0.567792s
Tau required
Density calculation took 0.567465s
Tau required
Density calculation took 0.568111s
Tau required
Total number of grid points: 370718 (5792 per atom)
Density calculation took 0.549934s
Tau required
Density calculation took 0.589345s
Tau required
Density calculation took 0.570429s
Tau required
Density calculation took 0.569715s
Tau required
Density calculation took 0.570553s
Tau required
Density calculation took 0.570047s
Tau required
Density calculation took 0.569336s
Tau required
Density calculation took 0.569864s
Tau required
Density calculation took 0.570287s
Tau required
Density calculation took 0.570280s
Tau required
Density calculation took 0.570339s
Tau required
Density calculation took 0.570165s
Tau required
Density calculation took 0.570133s
Tau required
Density calculation took 0.570114s
Tau required
Density calculation took 0.569731s
Tau required
Density calculation took 0.569902s
Tau required
Density calculation took 0.570621s
Tau required
Total number of grid points: 369213 (5768 per atom)
Density calculation took 0.584110s
Tau required
Density calculation took 0.589686s
Tau required
Density calculation took 0.565609s
Tau required
Density calculation took 0.566656s
Tau required
Density calculation took 0.565371s
Tau required
Density calculation took 0.565755s
Tau required
Density calculation took 0.565887s
Tau required
Density calculation took 0.566853s
Tau required
Density calculation took 0.566537s
Tau required
Density calculation took 0.566614s
Tau required
Density calculation took 0.566139s
Tau required
Density calculation took 0.566608s
Tau required
Density calculation took 0.565973s
Tau required
Density calculation took 0.566633s
Tau required
Density calculation took 0.565618s
Tau required
Density calculation took 0.566075s
Tau required
Density calculation took 0.565624s
Tau required
[CRAYBLAS_WARNING] Application linked against multiple cray-libsci libraries
*
************************************************************

=======================================================
     MGGA_X_REVTPSS+MGGA_C_REVTPSS Energy Results      
=======================================================
E MGGA_X_REVTPSS+MGGA_C_REVTPSS: -1614.28331493
Nuclear Repulsion Energy: 4248.19579815
Electronic Energy:        -5625.55506872
XC Energy:                -236.924044
Converged:                1
# of SCF iterations:      17
SCF Time:                 30.417s

=======================================================
            Individual Calculation Summary             
=======================================================
HF Energy: -1614.2833149269522437
=======================================================


Topology 9 time: 30.596713 s, performance: SP: 0 FLOP/s, DP: 31.04 TFLOP/s
JSON file written to: json_logs/lustre_orion_chm213_scratch_ryan_dhdft_inputs_exess_exess_inputs_revTPSS_def2-TZVP_isomers_10940-10959_topology_9.json
************************************************************
**************** Running topology 11 of 20 *****************
************************************************************

************************************************************
**** Beginning RI-MGGA_X_REVTPSS+MGGA_C_REVTPSS energy *****
************************************************************

=======================================================
     MGGA_X_REVTPSS+MGGA_C_REVTPSS Energy Results      
=======================================================
E MGGA_X_REVTPSS+MGGA_C_REVTPSS: -1614.27197547
Nuclear Repulsion Energy: 4309.87746083
Electronic Energy:        -5687.22913776
XC Energy:                -236.920299
Converged:                1
# of SCF iterations:      17
SCF Time:                 30.45s

=======================================================
            Individual Calculation Summary             
=======================================================
HF Energy: -1614.2719754702616228
=======================================================


Topology 10 time: 30.634810 s, performance: SP: 0 FLOP/s, DP: 30.98 TFLOP/s
JSON file written to: json_logs/lustre_orion_chm213_scratch_ryan_dhdft_inputs_exess_exess_inputs_revTPSS_def2-TZVP_isomers_10940-10959_topology_10.json
************************************************************
**************** Running topology 12 of 20 *****************
************************************************************

************************************************************
**** Beginning RI-MGGA_X_REVTPSS+MGGA_C_REVTPSS energy *****
************************************************************

=======================================================
     MGGA_X_REVTPSS+MGGA_C_REVTPSS Energy Results      
=======================================================
E MGGA_X_REVTPSS+MGGA_C_REVTPSS: -1614.2654872
Nuclear Repulsion Energy: 4310.1080721
Electronic Energy:        -5687.45511952
XC Energy:                -236.918440
Converged:                1
# of SCF iterations:      16
SCF Time:                 28.72s

=======================================================
            Individual Calculation Summary             
=======================================================
HF Energy: -1614.2654871986410399
=======================================================


Topology 11 time: 28.907444 s, performance: SP: 0 FLOP/s, DP: 30.99 TFLOP/s
JSON file written to: json_logs/lustre_orion_chm213_scratch_ryan_dhdft_inputs_exess_exess_inputs_revTPSS_def2-TZVP_isomers_10940-10959_topology_11.json
************************************************************
**************** Running topology 13 of 20 *****************
************************************************************

************************************************************
**** Beginning RI-MGGA_X_REVTPSS+MGGA_C_REVTPSS energy *****
************************************************************

=======================================================
     MGGA_X_REVTPSS+MGGA_C_REVTPSS Energy Results      
=======================================================
E MGGA_X_REVTPSS+MGGA_C_REVTPSS: -1614.26720441
Nuclear Repulsion Energy: 4338.49527673
Electronic Energy:        -5715.84312663
XC Energy:                -236.919355
Converged:                1
# of SCF iterations:      16
SCF Time:                 28.86s

=======================================================
            Individual Calculation Summary             
=======================================================
HF Energy: -1614.2672044100770563
=======================================================


Topology 12 time: 29.050599 s, performance: SP: 0 FLOP/s, DP: 30.83 TFLOP/s
JSON file written to: json_logs/lustre_orion_chm213_scratch_ryan_dhdft_inputs_exess_exess_inputs_revTPSS_def2-TZVP_isomers_10940-10959_topology_12.json
************************************************************
**************** Running topology 14 of 20 *****************
************************************************************

************************************************************
**** Beginning RI-MGGA_X_REVTPSS+MGGA_C_REVTPSS energy *****
************************************************************

=======================================================
     MGGA_X_REVTPSS+MGGA_C_REVTPSS Energy Results      
=======================================================
E MGGA_X_REVTPSS+MGGA_C_REVTPSS: -1614.29062199
Nuclear Repulsion Energy: 4195.81176953
Electronic Energy:        -5573.17724874
XC Energy:                -236.925143
Converged:                1
# of SCF iterations:      17
SCF Time:                 30.47s

=======================================================
            Individual Calculation Summary             
=======================================================
HF Energy: -1614.2906219850319758
=======================================================


Topology 13 time: 30.649351 s, performance: SP: 0 FLOP/s, DP: 31.01 TFLOP/s
JSON file written to: json_logs/lustre_orion_chm213_scratch_ryan_dhdft_inputs_exess_exess_inputs_revTPSS_def2-TZVP_isomers_10940-10959_topology_13.json
************************************************************
**************** Running topology 15 of 20 *****************
************************************************************

************************************************************
**** Beginning RI-MGGA_X_REVTPSS+MGGA_C_REVTPSS energy *****
************************************************************

=======================================================
     MGGA_X_REVTPSS+MGGA_C_REVTPSS Energy Results      
=======================================================
E MGGA_X_REVTPSS+MGGA_C_REVTPSS: -1614.27789649
Nuclear Repulsion Energy: 4253.80266746
Electronic Energy:        -5631.15905243
XC Energy:                -236.921512
Converged:                1
# of SCF iterations:      17
SCF Time:                 30.437s

=======================================================
            Individual Calculation Summary             
=======================================================
HF Energy: -1614.2778964899050607
=======================================================


Topology 14 time: 30.619066 s, performance: SP: 0 FLOP/s, DP: 31.04 TFLOP/s
JSON file written to: json_logs/lustre_orion_chm213_scratch_ryan_dhdft_inputs_exess_exess_inputs_revTPSS_def2-TZVP_isomers_10940-10959_topology_14.json
************************************************************
**************** Running topology 16 of 20 *****************
************************************************************

************************************************************
**** Beginning RI-MGGA_X_REVTPSS+MGGA_C_REVTPSS energy *****
************************************************************

=======================================================
     MGGA_X_REVTPSS+MGGA_C_REVTPSS Energy Results      
=======================================================
E MGGA_X_REVTPSS+MGGA_C_REVTPSS: -1614.27881987
Nuclear Repulsion Energy: 4247.09164899
Electronic Energy:        -5624.44848971
XC Energy:                -236.921979
Converged:                1
# of SCF iterations:      17
SCF Time:                 30.425s

=======================================================
            Individual Calculation Summary             
=======================================================
HF Energy: -1614.2788198660173293
=======================================================


Topology 15 time: 30.606682 s, performance: SP: 0 FLOP/s, DP: 31.04 TFLOP/s
JSON file written to: json_logs/lustre_orion_chm213_scratch_ryan_dhdft_inputs_exess_exess_inputs_revTPSS_def2-TZVP_isomers_10940-10959_topology_15.json
************************************************************
**************** Running topology 17 of 20 *****************
************************************************************

************************************************************
**** Beginning RI-MGGA_X_REVTPSS+MGGA_C_REVTPSS energy *****
************************************************************

=======================================================
     MGGA_X_REVTPSS+MGGA_C_REVTPSS Energy Results      
=======================================================
E MGGA_X_REVTPSS+MGGA_C_REVTPSS: -1614.28983574
Nuclear Repulsion Energy: 4182.25490456
Electronic Energy:        -5559.61946121
XC Energy:                -236.925279
Converged:                1
# of SCF iterations:      15
SCF Time:                 26.807s

=======================================================
            Individual Calculation Summary             
=======================================================
HF Energy: -1614.2898357439123629
=======================================================


Topology 16 time: 26.984337 s, performance: SP: 0 FLOP/s, DP: 31.33 TFLOP/s
JSON file written to: json_logs/lustre_orion_chm213_scratch_ryan_dhdft_inputs_exess_exess_inputs_revTPSS_def2-TZVP_isomers_10940-10959_topology_16.json
************************************************************
**************** Running topology 18 of 20 *****************
************************************************************

************************************************************
**** Beginning RI-MGGA_X_REVTPSS+MGGA_C_REVTPSS energy *****
************************************************************

=======================================================
     MGGA_X_REVTPSS+MGGA_C_REVTPSS Energy Results      
=======================================================
E MGGA_X_REVTPSS+MGGA_C_REVTPSS: -1614.28954893
Nuclear Repulsion Energy: 4192.69586095
Electronic Energy:        -5570.06080283
XC Energy:                -236.924607
Converged:                1
# of SCF iterations:      16
SCF Time:                 28.567s

=======================================================
            Individual Calculation Summary             
=======================================================
HF Energy: -1614.2895489323123002
=======================================================


Topology 17 time: 28.744500 s, performance: SP: 0 FLOP/s, DP: 31.26 TFLOP/s
JSON file written to: json_logs/lustre_orion_chm213_scratch_ryan_dhdft_inputs_exess_exess_inputs_revTPSS_def2-TZVP_isomers_10940-10959_topology_17.json
************************************************************
**************** Running topology 19 of 20 *****************
************************************************************

************************************************************
**** Beginning RI-MGGA_X_REVTPSS+MGGA_C_REVTPSS energy *****
************************************************************

=======================================================
     MGGA_X_REVTPSS+MGGA_C_REVTPSS Energy Results      
=======================================================
E MGGA_X_REVTPSS+MGGA_C_REVTPSS: -1614.27877114
Nuclear Repulsion Energy: 4264.9607759
Electronic Energy:        -5642.31710277
XC Energy:                -236.922444
Converged:                1
# of SCF iterations:      17
SCF Time:                 30.56s

=======================================================
            Individual Calculation Summary             
=======================================================
HF Energy: -1614.2787711365240284
=======================================================


Topology 18 time: 30.742724 s, performance: SP: 0 FLOP/s, DP: 30.89 TFLOP/s
JSON file written to: json_logs/lustre_orion_chm213_scratch_ryan_dhdft_inputs_exess_exess_inputs_revTPSS_def2-TZVP_isomers_10940-10959_topology_18.json
************************************************************
**************** Running topology 20 of 20 *****************
************************************************************

************************************************************
**** Beginning RI-MGGA_X_REVTPSS+MGGA_C_REVTPSS energy *****
************************************************************

=======================================================
     MGGA_X_REVTPSS+MGGA_C_REVTPSS Energy Results      
=======================================================
E MGGA_X_REVTPSS+MGGA_C_REVTPSS: -1614.29246795
Nuclear Repulsion Energy: 4197.36306517
Electronic Energy:        -5574.72982381
XC Energy:                -236.925709
Converged:                1
# of SCF iterations:      17
SCF Time:                 30.387s

=======================================================
            Individual Calculation Summary             
=======================================================
HF Energy: -1614.2924679483405725
=======================================================


Topology 19 time: 30.564651 s, performance: SP: 0 FLOP/s, DP: 31.09 TFLOP/s
JSON file written to: json_logs/lustre_orion_chm213_scratch_ryan_dhdft_inputs_exess_exess_inputs_revTPSS_def2-TZVP_isomers_10940-10959_topology_19.json
Total flops: SP: 0 FLOPS, DP: 18.780356 PFLOPS
Performance: SP: 0 FLOP/s, DP: 30.57 TFLOP/s

Now, a word from our sponsors... 
 Deep dish pizza IS pizza.

[31mTotal processing time 614.583105 seconds[0m
[CRAYBLAS_WARNING] Application linked against multiple cray-libsci libraries
ok 0.559071s
Tau required
    5     | -1614.2493379692 |   6.1430e-02   |    1.4218     |    0.2353
Density calculation took 0.558051s
Tau required
    6     | -1614.2652366128 |   6.8269e-03   |    1.4156     |    0.2277
Density calculation took 0.558782s
Tau required
    7     | -1614.2669136798 |   9.6888e-04   |    1.4195     |    0.2373
Density calculation took 0.558584s
Tau required
    8     | -1614.2671371017 |   2.1856e-04   |    1.4165     |    0.2297
Density calculation took 0.559115s
Tau required
    9     | -1614.2671970029 |   2.2986e-05   |    1.4188     |    0.2277
Density calculation took 0.558556s
Tau required
   10     | -1614.2672032649 |   4.0134e-06   |    1.4150     |    0.2281
Density calculation took 0.558997s
Tau required
   11     | -1614.2672043307 |   2.8385e-07   |    1.4195     |    0.2291
Density calculation took 0.558556s
Tau required
   12     | -1614.2672043829 |   8.9037e-08   |    1.4173     |    0.2283
Density calculation took 0.559020s
Tau required
   13     | -1614.2672044061 |   1.3070e-08   |    1.4193     |    0.2275
Density calculation took 0.558569s
Tau required
   14     | -1614.2672044099 |   5.9857e-10   |    1.4194     |    0.2287
Density calculation took 0.558939s
Tau required
   15     | -1614.2672044100 |   2.3517e-10   |    1.4159     |    0.2280
Density calculation took 0.558546s
Tau required
   16     | -1614.2672044101 |   4.6239e-11   |    1.4154     |    0.2284
Created 650199 / 2702736 significant shell pairs
Created 504325 / 2056356 significant shell pairs
Total number of grid points: 370165 (5783 per atom)
One electron integrals and orthogonalizer took 0.044028s
Created 504325 / 2056356 significant shell pairs
3C integrals and B formation took 1.876708s
Iteration |      Energy      |  DIIS Metric   | Fock Time (s) | DIIS Time (s)
----------+------------------+----------------+---------------+--------------
Density calculation took 0.557035s
Tau required
    1     | -1624.5219303984 |   9.8861e+02   |    1.5531     |    0.2580
Density calculation took 0.586826s
Tau required
    2     | -1613.5130323228 |   2.7523e+00   |    1.4432     |    0.2250
Density calculation took 0.564330s
Tau required
    3     | -1613.3357852273 |   3.4930e+00   |    1.4234     |    0.2328
Density calculation took 0.564593s
Tau required
    4     | -1614.2612458180 |   1.0686e-01   |    1.4224     |    0.2254
Density calculation took 0.564355s
Tau required
    5     | -1614.2778235990 |   4.5978e-02   |    1.4232     |    0.2346
Density calculation took 0.564770s
Tau required
    6     | -1614.2895611927 |   3.8659e-03   |    1.4214     |    0.2256
Density calculation took 0.564824s
Tau required
    7     | -1614.2903222115 |   1.0913e-03   |    1.4261     |    0.2357
Density calculation took 0.564902s
Tau required
    8     | -1614.2905588701 |   2.1209e-04   |    1.4220     |    0.2271
Density calculation took 0.565098s
Tau required
    9     | -1614.2906188168 |   1.0840e-05   |    1.4244     |    0.2279
Density calculation took 0.564917s
Tau required
   10     | -1614.2906212973 |   2.4481e-06   |    1.4242     |    0.2276
Density calculation took 0.564979s
Tau required
   11     | -1614.2906219417 |   1.5281e-07   |    1.4231     |    0.2277
Density calculation took 0.565051s
Tau required
   12     | -1614.2906219634 |   7.7172e-08   |    1.4221     |    0.2278
Density calculation took 0.565082s
Tau required
   13     | -1614.2906219833 |   6.0832e-09   |    1.4269     |    0.2262
Density calculation took 0.564911s
Tau required
   14     | -1614.2906219847 |   1.0561e-09   |    1.4224     |    0.2270
Density calculation took 0.565063s
Tau required
   15     | -1614.2906219850 |   1.1959e-10   |    1.4285     |    0.2262
Density calculation took 0.565137s
Tau required
   16     | -1614.2906219850 |   1.3468e-10   |    1.4249     |    0.2268
Density calculation took 0.565190s
Tau required
   17     | -1614.2906219850 |   1.4198e-11   |    1.4265     |    0.2270
Created 667882 / 2702736 significant shell pairs
Created 518450 / 2056356 significant shell pairs
Total number of grid points: 368707 (5761 per atom)
One electron integrals and orthogonalizer took 0.050184s
Created 518450 / 2056356 significant shell pairs
3C integrals and B formation took 1.927849s
Iteration |      Energy      |  DIIS Metric   | Fock Time (s) | DIIS Time (s)
----------+------------------+----------------+---------------+--------------
Density calculation took 0.556416s
Tau required
    1     | -1624.5155620407 |   9.8992e+02   |    1.5972     |    0.2567
Density calculation took 0.576909s
Tau required
    2     | -1613.5042212193 |   2.7276e+00   |    1.4334     |    0.2232
Density calculation took 0.556793s
Tau required
    3     | -1613.3335390582 |   3.4346e+00   |    1.4165     |    0.2313
Density calculation took 0.556715s
Tau required
    4     | -1614.2480100234 |   1.0899e-01   |    1.4131     |    0.2245
Density calculation took 0.556762s
Tau required
    5     | -1614.2664712235 |   4.2055e-02   |    1.4203     |    0.2335
Density calculation took 0.556968s
Tau required
    6     | -1614.2769423214 |   3.3973e-03   |    1.4121     |    0.2271
Density calculation took 0.557305s
Tau required
    7     | -1614.2776163595 |   9.4797e-04   |    1.4165     |    0.2358
Density calculation took 0.557330s
Tau required
    8     | -1614.2778421995 |   1.7971e-04   |    1.4118     |    0.2277
Density calculation took 0.556940s
Tau required
    9     | -1614.2778929535 |   1.1789e-05   |    1.4163     |    0.2265
Density calculation took 0.557458s
Tau required
   10     | -1614.2778955499 |   3.2797e-06   |    1.4136     |    0.2267
Density calculation took 0.556940s
Tau required
   11     | -1614.2778963964 |   3.1267e-07   |    1.4177     |    0.2288
Density calculation took 0.557431s
Tau required
   12     | -1614.2778964527 |   1.2195e-07   |    1.4104     |    0.2284
Density calculation took 0.557278s
Tau required
   13     | -1614.2778964860 |   1.4208e-08   |    1.4181     |    0.2272
Density calculation took 0.557300s
Tau required
   14     | -1614.2778964894 |   1.8215e-09   |    1.4109     |    0.2275
Density calculation took 0.557158s
Tau required
   15     | -1614.2778964898 |   3.1016e-10   |    1.4149     |    0.2273
Density calculation took 0.557260s
Tau required
   16     | -1614.2778964899 |   2.0362e-10   |    1.4138     |    0.2283
Density calculation took 0.557307s
Tau required
   17     | -1614.2778964899 |   3.2726e-11   |    1.4186     |    0.2270
Created 666742 / 2702736 significant shell pairs
Created 517410 / 2056356 significant shell pairs
Total number of grid points: 370479 (5788 per atom)
One electron integrals and orthogonalizer took 0.050244s
Created 517410 / 2056356 significant shell pairs
3C integrals and B formation took 1.926073s
Iteration |      Energy      |  DIIS Metric   | Fock Time (s) | DIIS Time (s)
----------+------------------+----------------+---------------+--------------
Density calculation took 0.557707s
Tau required
    1     | -1624.5164772516 |   9.9000e+02   |    1.5966     |    0.2569
Density calculation took 0.584951s
Tau required
    2     | -1613.5049710042 |   2.7285e+00   |    1.4375     |    0.2236
Density calculation took 0.563499s
Tau required
    3     | -1613.3350273034 |   3.4338e+00   |    1.4129     |    0.2321
Density calculation took 0.563494s
Tau required
    4     | -1614.2505790104 |   1.0375e-01   |    1.4127     |    0.2253
Density calculation took 0.563763s
Tau required
    5     | -1614.2686017711 |   3.7985e-02   |    1.4132     |    0.2336
Density calculation took 0.563434s
Tau required
    6     | -1614.2776810995 |   3.9280e-03   |    1.4156     |    0.2266
Density calculation took 0.564118s
Tau required
    7     | -1614.2784818342 |   1.1482e-03   |    1.4125     |    0.2348
Density calculation took 0.563620s
Tau required
    8     | -1614.2787734917 |   1.6226e-04   |    1.4152     |    0.2345
Density calculation took 0.563836s
Tau required
    9     | -1614.2788156732 |   1.4390e-05   |    1.4135     |    0.2265
Density calculation took 0.563975s
Tau required
   10     | -1614.2788188631 |   3.5866e-06   |    1.4151     |    0.2261
Density calculation took 0.563733s
Tau required
   11     | -1614.2788198231 |   1.5701e-07   |    1.4127     |    0.2272
Density calculation took 0.563879s
Tau required
   12     | -1614.2788198450 |   7.4579e-08   |    1.4155     |    0.2278
Density calculation took 0.563847s
Tau required
   13     | -1614.2788198631 |   9.5972e-09   |    1.4124     |    0.2260
Density calculation took 0.563733s
Tau required
   14     | -1614.2788198656 |   1.3307e-09   |    1.4145     |    0.2273
Density calculation took 0.563728s
Tau required
   15     | -1614.2788198660 |   1.9136e-10   |    1.4132     |    0.2259
Density calculation took 0.564068s
Tau required
   16     | -1614.2788198660 |   1.3114e-10   |    1.4151     |    0.2264
Density calculation took 0.563884s
Tau required
   17     | -1614.2788198660 |   2.4385e-11   |    1.4132     |    0.2273
Created 647266 / 2702736 significant shell pairs
Created 501967 / 2056356 significant shell pairs
Total number of grid points: 369573 (5774 per atom)
One electron integrals and orthogonalizer took 0.044466s
Created 501967 / 2056356 significant shell pairs
3C integrals and B formation took 1.871685s
Iteration |      Energy      |  DIIS Metric   | Fock Time (s) | DIIS Time (s)
----------+------------------+----------------+---------------+--------------
Density calculation took 0.555869s
Tau required
    1     | -1624.5209459825 |   9.8809e+02   |    1.5511     |    0.2551
Density calculation took 0.581022s
Tau required
    2     | -1613.5125176887 |   2.7540e+00   |    1.4228     |    0.2231
Density calculation took 0.559128s
Tau required
    3     | -1613.3392385313 |   3.4853e+00   |    1.4023     |    0.2311
Density calculation took 0.559378s
Tau required
    4     | -1614.2633541021 |   9.7293e-02   |    1.3994     |    0.2227
Density calculation took 0.559112s
Tau required
    5     | -1614.2805031873 |   3.3833e-02   |    1.4002     |    0.2320
Density calculation took 0.559027s
Tau required
    6     | -1614.2891530704 |   2.2606e-03   |    1.4003     |    0.2240
Density calculation took 0.559604s
Tau required
    7     | -1614.2895279686 |   1.0156e-03   |    1.3993     |    0.2341
Density calculation took 0.559578s
Tau required
    8     | -1614.2898103368 |   9.0863e-05   |    1.4006     |    0.2287
Density calculation took 0.559306s
Tau required
    9     | -1614.2898333871 |   8.2859e-06   |    1.4010     |    0.2272
Density calculation took 0.559795s
Tau required
   10     | -1614.2898351895 |   1.8396e-06   |    1.3983     |    0.2257
Density calculation took 0.559327s
Tau required
   11     | -1614.2898357126 |   1.0324e-07   |    1.4010     |    0.2259
Density calculation took 0.559734s
Tau required
   12     | -1614.2898357255 |   6.4394e-08   |    1.4025     |    0.2267
Density calculation took 0.559207s
Tau required
   13     | -1614.2898357426 |   4.5172e-09   |    1.4027     |    0.2259
Density calculation took 0.559596s
Tau required
   14     | -1614.2898357438 |   5.1857e-10   |    1.3988     |    0.2259
Density calculation took 0.559399s
Tau required
   15     | -1614.2898357439 |   4.9578e-11   |    1.4003     |    0.2249
Created 647490 / 2702736 significant shell pairs
Created 502339 / 2056356 significant shell pairs
Total number of grid points: 369524 (5773 per atom)
One electron integrals and orthogonalizer took 0.045257s
Created 502339 / 2056356 significant shell pairs
3C integrals and B formation took 1.881536s
Iteration |      Energy      |  DIIS Metric   | Fock Time (s) | DIIS Time (s)
----------+------------------+----------------+---------------+--------------
Density calculation took 0.546093s
Tau required
    1     | -1624.5202540943 |   9.8819e+02   |    1.5489     |    0.2563
Density calculation took 0.577529s
Tau required
    2     | -1613.5122925810 |   2.7519e+00   |    1.4330     |    0.2256
Density calculation took 0.556985s
Tau required
    3     | -1613.3384340480 |   3.4817e+00   |    1.4081     |    0.2313
Density calculation took 0.556970s
Tau required
    4     | -1614.2628682844 |   9.7434e-02   |    1.4084     |    0.2256
Density calculation took 0.557057s
Tau required
    5     | -1614.2799554708 |   3.4681e-02   |    1.4076     |    0.2332
Density calculation took 0.557103s
Tau required
    6     | -1614.2888119948 |   2.4554e-03   |    1.4084     |    0.2274
Density calculation took 0.557024s
Tau required
    7     | -1614.2892281738 |   1.0526e-03   |    1.4086     |    0.2329
Density calculation took 0.557293s
Tau required
    8     | -1614.2895188770 |   1.0311e-04   |    1.4078     |    0.2247
Density calculation took 0.557199s
Tau required
    9     | -1614.2895459254 |   9.9172e-06   |    1.4068     |    0.2254
Density calculation took 0.557150s
Tau required
   10     | -1614.2895481417 |   2.5500e-06   |    1.4104     |    0.2252
Density calculation took 0.557106s
Tau required
   11     | -1614.2895488740 |   1.8787e-07   |    1.4106     |    0.2249
Density calculation took 0.557360s
Tau required
   12     | -1614.2895489116 |   7.1135e-08   |    1.4056     |    0.2255
Density calculation took 0.557288s
Tau required
   13     | -1614.2895489309 |   5.2579e-09   |    1.4103     |    0.2256
Density calculation took 0.557263s
Tau required
   14     | -1614.2895489321 |   9.9253e-10   |    1.4068     |    0.2328
Density calculation took 0.557338s
Tau required
   15     | -1614.2895489323 |   1.7481e-10   |    1.4090     |    0.2255
Density calculation took 0.557434s
Tau required
   16     | -1614.2895489323 |   8.9611e-11   |    1.4091     |    0.2248
Created 671973 / 2702736 significant shell pairs
Created 521724 / 2056356 significant shell pairs
Total number of grid points: 369760 (5777 per atom)
One electron integrals and orthogonalizer took 0.050524s
Created 521724 / 2056356 significant shell pairs
3C integrals and B formation took 1.928139s
Iteration |      Energy      |  DIIS Metric   | Fock Time (s) | DIIS Time (s)
----------+------------------+----------------+---------------+--------------
Density calculation took 0.597061s
Tau required
    1     | -1624.5175252603 |   9.9013e+02   |    1.5818     |    0.2547
Density calculation took 0.587274s
Tau required
    2     | -1613.5048655320 |   2.7285e+00   |    1.4442     |    0.2222
Density calculation took 0.565586s
Tau required
    3     | -1613.3327410056 |   3.4387e+00   |    1.4261     |    0.2299
Density calculation took 0.564420s
Tau required
    4     | -1614.2489296395 |   1.0778e-01   |    1.4234     |    0.2222
Density calculation took 0.565521s
Tau required
    5     | -1614.2670405201 |   4.2403e-02   |    1.4270     |    0.2326
Density calculation took 0.565343s
Tau required
    6     | -1614.2774488118 |   4.4965e-03   |    1.4265     |    0.2244
Density calculation took 0.565759s
Tau required
    7     | -1614.2784442614 |   1.0867e-03   |    1.4275     |    0.2341
Density calculation took 0.565437s
Tau required
    8     | -1614.2787277873 |   1.5027e-04   |    1.4253     |    0.2253
Density calculation took 0.565911s
Tau required
    9     | -1614.2787670905 |   1.3499e-05   |    1.4261     |    0.2253
Density calculation took 0.565506s
Tau required
   10     | -1614.2787700700 |   3.7038e-06   |    1.4244     |    0.2262
Density calculation took 0.565951s
Tau required
   11     | -1614.2787710800 |   1.9411e-07   |    1.4260     |    0.2251
Density calculation took 0.565306s
Tau required
   12     | -1614.2787711075 |   9.2734e-08   |    1.4262     |    0.2248
Density calculation took 0.565806s
Tau required
   13     | -1614.2787711329 |   1.1918e-08   |    1.4232     |    0.2247
Density calculation took 0.565536s
Tau required
   14     | -1614.2787711361 |   1.3745e-09   |    1.4244     |    0.2251
Density calculation took 0.565897s
Tau required
   15     | -1614.2787711365 |   1.9962e-10   |    1.4247     |    0.2257
Density calculation took 0.565439s
Tau required
   16     | -1614.2787711365 |   1.5279e-10   |    1.4231     |    0.2259
Density calculation took 0.565917s
Tau required
   17     | -1614.2787711365 |   2.0442e-11   |    1.4270     |    0.2244
Created 649484 / 2702736 significant shell pairs
Created 503971 / 2056356 significant shell pairs
Total number of grid points: 369615 (5775 per atom)
One electron integrals and orthogonalizer took 0.045376s
Created 503971 / 2056356 significant shell pairs
3C integrals and B formation took 1.886790s
Iteration |      Energy      |  DIIS Metric   | Fock Time (s) | DIIS Time (s)
----------+------------------+----------------+---------------+--------------
Density calculation took 0.592870s
Tau required
    1     | -1624.5231345935 |   9.8877e+02   |    1.5700     |    0.2549
Density calculation took 0.584069s
Tau required
    2     | -1613.5151555212 |   2.7511e+00   |    1.4422     |    0.2228
Density calculation took 0.562050s
Tau required
    3     | -1613.3398022647 |   3.4752e+00   |    1.4205     |    0.2294
Density calculation took 0.562774s
Tau required
    4     | -1614.2621720717 |   1.0942e-01   |    1.4186     |    0.2210
Density calculation took 0.562409s
Tau required
    5     | -1614.2808189920 |   4.3429e-02   |    1.4212     |    0.2318
Density calculation took 0.563275s
Tau required
    6     | -1614.2918492635 |   2.2692e-03   |    1.4185     |    0.2253
Density calculation took 0.562793s
Tau required
    7     | -1614.2922274011 |   8.6118e-04   |    1.4208     |    0.2328
Density calculation took 0.562658s
Tau required
    8     | -1614.2924256639 |   1.5033e-04   |    1.4186     |    0.2246
Density calculation took 0.562838s
Tau required
    9     | -1614.2924642745 |   1.2739e-05   |    1.4203     |    0.2247
Density calculation took 0.563213s
Tau required
   10     | -1614.2924671362 |   2.8573e-06   |    1.4179     |    0.2244
Density calculation took 0.563030s
Tau required
   11     | -1614.2924679126 |   1.2658e-07   |    1.4213     |    0.2253
Density calculation took 0.562991s
Tau required
   12     | -1614.2924679278 |   7.1113e-08   |    1.4174     |    0.2255
Density calculation took 0.562994s
Tau required
   13     | -1614.2924679464 |   6.4756e-09   |    1.4207     |    0.2250
Density calculation took 0.562998s
Tau required
   14     | -1614.2924679479 |   1.5732e-09   |    1.4190     |    0.2255
Density calculation took 0.562715s
Tau required
   15     | -1614.2924679483 |   1.5393e-10   |    1.4196     |    0.2262
Density calculation took 0.563100s
Tau required
   16     | -1614.2924679483 |   1.2775e-10   |    1.4173     |    0.2266
Density calculation took 0.563026s
Tau required
   17     | -1614.2924679483 |   1.6977e-11   |    1.4204     |    0.2251
Please cite the following papers for the methods used in this calculation:
 - J.L. Galvez Vallejo et. al., Toward an extreme-scale electronic structure system, J. Chem. Phys., 2023. DOI: 10.1063/5.0156399

 - R. Stocks, E. Palethorpe, and G.M.J. Barca, Multi-GPU RI-HF Energies and Analytic Gradients ─ Toward High-Throughput Ab Initio Molecular Dynamics, J. Chem. Theory Comput., 2024. DOI: 10.1021/acs.jctc.4c00877
   For:
     * RI-HF energy

 - S. Lehtola, C. Steigemann, M.J.T. Oliveira, and M.A.L. Marques, Recent developments in Libxc: A comprehensive library of functionals for density functional theory, SoftwareX, 2018. DOI: 10.1016/j.softx.2017.11.002
   For:
     * LibXC version 6.2.0

 - D.B. Williams-Young, W.A. de Jong, H.J.J. van Dam, and C. Yang, On the Efficient Evaluation of the Exchange Correlation Potential on Graphics Processing Unit Clusters, Frontiers in Chemistry, 2020. DOI: 10.3389/fchem.2020.581058
   For:
     * ExchCXX GPU implementation of exchange-correlation functionals

 - R. Stocks and G.M.J. Barca, Efficient Algorithms for GPU Accelerated Evaluation of the DFT Exchange-Correlation Functional, J. Chem. Theory Comput., 2025. DOI: 10.1021/acs.jctc.5c01229
   For:
     * GPU accelerated DFT exchange-correlation evaluation

 - J. P. Perdew, A. Ruzsinszky, G. I. Csonka, L. A. Constantin, and J. Sun.,  Phys. Rev. Lett. 103, 026403 (2009) DOI: 10.1103/PhysRevLett.103.026403
   For:
     * MGGA_X_REVTPSS XC Functional
     * MGGA_C_REVTPSS XC Functional

[CRAYBLAS_WARNING] Application linked against multiple cray-libsci libraries
