Total number of grid points: 345901 (5765 per atom)
Density calculation took 0.502438s
Tau required
Density calculation took 0.515771s
Tau required
Density calculation took 0.495729s
Tau required
Density calculation took 0.496201s
Tau required
Density calculation took 0.496467s
Tau required
Density calculation took 0.496613s
Tau required
Density calculation took 0.496773s
Tau required
Density calculation took 0.497230s
Tau required
Density calculation took 0.497191s
Tau required
Density calculation took 0.497057s
Tau required
Density calculation took 0.496888s
Tau required
Density calculation took 0.497009s
Tau required
Density calculation took 0.497033s
Tau required
Density calculation took 0.497386s
Tau required
Density calculation took 0.497223s
Tau required
Density calculation took 0.497234s
Tau required
Density calculation took 0.497500s
Tau required
Total number of grid points: 346330 (5772 per atom)
Density calculation took 0.502525s
Tau required
Density calculation took 0.522981s
Tau required
Density calculation took 0.502869s
Tau required
Density calculation took 0.503077s
Tau required
Density calculation took 0.502878s
Tau required
Density calculation took 0.502782s
Tau required
Density calculation took 0.503158s
Tau required
Density calculation took 0.503010s
Tau required
Density calculation took 0.503312s
Tau required
Density calculation took 0.503300s
Tau required
Density calculation took 0.503117s
Tau required
Density calculation took 0.503409s
Tau required
Density calculation took 0.503357s
Tau required
Density calculation took 0.503698s
Tau required
Density calculation took 0.503127s
Tau required
Density calculation took 0.503779s
Tau required
Density calculation took 0.503550s
Tau required
Total number of grid points: 346417 (5773 per atom)
Density calculation took 0.505150s
Tau required
Density calculation took 0.519008s
Tau required
Density calculation took 0.498286s
Tau required
Density calculation took 0.497978s
Tau required
Density calculation took 0.498016s
Tau required
Density calculation took 0.498309s
Tau required
Density calculation took 0.498247s
Tau required
Density calculation took 0.498699s
Tau required
Density calculation took 0.498568s
Tau required
Density calculation took 0.498259s
Tau required
Density calculation took 0.498305s
Tau required
Density calculation took 0.498716s
Tau required
Density calculation took 0.498193s
Tau required
Density calculation took 0.498575s
Tau required
Density calculation took 0.498482s
Tau required
Density calculation took 0.498503s
Tau required
Density calculation took 0.498469s
Tau required
Total number of grid points: 345930 (5765 per atom)
Density calculation took 0.509428s
Tau required
Density calculation took 0.522037s
Tau required
Density calculation took 0.502274s
Tau required
Density calculation took 0.502748s
Tau required
Density calculation took 0.502523s
Tau required
Density calculation took 0.502485s
Tau required
Density calculation took 0.502416s
Tau required
Density calculation took 0.502526s
Tau required
Density calculation took 0.502288s
Tau required
Density calculation took 0.502679s
Tau required
Density calculation took 0.503113s
Tau required
Density calculation took 0.502795s
Tau required
Density calculation took 0.503020s
Tau required
Density calculation took 0.502757s
Tau required
Density calculation took 0.502831s
Tau required
Density calculation took 0.503074s
Tau required
Density calculation took 0.503050s
Tau required
Total number of grid points: 346539 (5775 per atom)
Density calculation took 0.504560s
Tau required
Density calculation took 0.519581s
Tau required
Density calculation took 0.499662s
Tau required
Density calculation took 0.500016s
Tau required
Density calculation took 0.499702s
Tau required
Density calculation took 0.499920s
Tau required
Density calculation took 0.499819s
Tau required
Density calculation took 0.499679s
Tau required
Density calculation took 0.499630s
Tau required
Density calculation took 0.500106s
Tau required
Density calculation took 0.499868s
Tau required
Density calculation took 0.500123s
Tau required
Density calculation took 0.500434s
Tau required
Density calculation took 0.499939s
Tau required
Density calculation took 0.500165s
Tau required
Density calculation took 0.500185s
Tau required
Density calculation took 0.500237s
Tau required
Total number of grid points: 346361 (5772 per atom)
Density calculation took 0.509834s
Tau required
Density calculation took 0.516390s
Tau required
Density calculation took 0.496958s
Tau required
Density calculation took 0.497141s
Tau required
Density calculation took 0.497255s
Tau required
Density calculation took 0.496768s
Tau required
Density calculation took 0.497570s
Tau required
Density calculation took 0.496898s
Tau required
Density calculation took 0.497028s
Tau required
Density calculation took 0.496674s
Tau required
Density calculation took 0.496443s
Tau required
Density calculation took 0.496808s
Tau required
Density calculation took 0.496885s
Tau required
Density calculation took 0.497339s
Tau required
Density calculation took 0.497250s
Tau required
Density calculation took 0.496811s
Tau required
Density calculation took 0.497140s
Tau required
Total number of grid points: 346558 (5775 per atom)
Density calculation took 0.501999s
Tau required
Density calculation took 0.520707s
Tau required
Density calculation took 0.500987s
Tau required
Density calculation took 0.500638s
Tau required
Density calculation took 0.501242s
Tau required
Density calculation took 0.500584s
Tau required
Density calculation took 0.501337s
Tau required
Density calculation took 0.500586s
Tau required
Density calculation took 0.501068s
Tau required
Density calculation took 0.500840s
Tau required
Density calculation took 0.501019s
Tau required
Density calculation took 0.500980s
Tau required
Density calculation took 0.501043s
Tau required
Density calculation took 0.500951s
Tau required
Density calculation took 0.501262s
Tau required
Density calculation took 0.501166s
Tau required
Density calculation took 0.501155s
Tau required
Total number of grid points: 346485 (5774 per atom)
Density calculation took 0.509570s
Tau required
Density calculation took 0.525386s
Tau required
Density calculation took 0.504564s
Tau required
Density calculation took 0.505737s
Tau required
Density calculation took 0.504488s
Tau required
Density calculation took 0.505752s
Tau required
Density calculation took 0.504750s
Tau required
Density calculation took 0.505516s
Tau required
Density calculation took 0.504934s
Tau required
Density calculation took 0.505694s
Tau required
Density calculation took 0.504928s
Tau required
Density calculation took 0.505401s
Tau required
Density calculation took 0.504907s
Tau required
Density calculation took 0.506056s
Tau required
Density calculation took 0.504717s
Tau required
Density calculation took 0.505673s
Tau required
Density calculation took 0.504810s
Tau required
Total number of grid points: 346835 (5780 per atom)
Density calculation took 0.507301s
Tau required
Density calculation took 0.525247s
Tau required
Density calculation took 0.502402s
Tau required
Density calculation took 0.502352s
Tau required
Density calculation took 0.502569s
Tau required
Density calculation took 0.502846s
Tau required
Density calculation took 0.502632s
Tau required
Density calculation took 0.503102s
Tau required
Density calculation took 0.502334s
Tau required
Density calculation took 0.502953s
Tau required
Density calculation took 0.502684s
Tau required
Density calculation took 0.502744s
Tau required
Density calculation took 0.501887s
Tau required
Density calculation took 0.503097s
Tau required
Density calculation took 0.502762s
Tau required
Density calculation took 0.502972s
Tau required
Density calculation took 0.502555s
Tau required
Total number of grid points: 346556 (5775 per atom)
Density calculation took 0.508071s
Tau required
Density calculation took 0.526267s
Tau required
Density calculation took 0.505285s
Tau required
Density calculation took 0.505649s
Tau required
Density calculation took 0.505231s
Tau required
Density calculation took 0.505219s
Tau required
Density calculation took 0.505229s
Tau required
Density calculation took 0.506058s
Tau required
Density calculation took 0.505450s
Tau required
Density calculation took 0.505729s
Tau required
Density calculation took 0.505333s
Tau required
Density calculation took 0.505917s
Tau required
Density calculation took 0.505140s
Tau required
Density calculation took 0.505550s
Tau required
Density calculation took 0.505546s
Tau required
Density calculation took 0.506157s
Tau required
Density calculation took 0.505226s
Tau required
Total number of grid points: 346887 (5781 per atom)
Density calculation took 0.507873s
Tau required
Density calculation took 0.522332s
Tau required
Density calculation took 0.501204s
Tau required
Density calculation took 0.501411s
Tau required
Density calculation took 0.502079s
Tau required
Density calculation took 0.501867s
Tau required
Density calculation took 0.501215s
Tau required
Density calculation took 0.501972s
Tau required
Density calculation took 0.501999s
Tau required
Density calculation took 0.501563s
Tau required
Density calculation took 0.501713s
Tau required
Density calculation took 0.502014s
Tau required
Density calculation took 0.502061s
Tau required
Density calculation took 0.502030s
Tau required
Density calculation took 0.502178s
Tau required
Density calculation took 0.501824s
Tau required
Density calculation took 0.502142s
Tau required
Total number of grid points: 345217 (5753 per atom)
Density calculation took 0.506428s
Tau required
Density calculation took 0.519831s
Tau required
Density calculation took 0.500376s
Tau required
Density calculation took 0.500320s
Tau required
Density calculation took 0.500153s
Tau required
Density calculation took 0.500397s
Tau required
Density calculation took 0.500453s
Tau required
Density calculation took 0.500390s
Tau required
Density calculation took 0.500241s
Tau required
Density calculation took 0.500272s
Tau required
Density calculation took 0.500398s
Tau required
Density calculation took 0.500596s
Tau required
Density calculation took 0.500432s
Tau required
Density calculation took 0.500757s
Tau required
Density calculation took 0.500236s
Tau required
Density calculation took 0.500423s
Tau required
Density calculation took 0.500306s
Tau required
Total number of grid points: 346861 (5781 per atom)
Density calculation took 0.500468s
Tau required
Density calculation took 0.519547s
Tau required
Density calculation took 0.499126s
Tau required
Density calculation took 0.498513s
Tau required
Density calculation took 0.499119s
Tau required
Density calculation took 0.498515s
Tau required
Density calculation took 0.498971s
Tau required
Density calculation took 0.498807s
Tau required
Density calculation took 0.499186s
Tau required
Density calculation took 0.498942s
Tau required
Density calculation took 0.499021s
Tau required
Density calculation took 0.498512s
Tau required
Density calculation took 0.499270s
Tau required
Density calculation took 0.498847s
Tau required
Density calculation took 0.499553s
Tau required
Density calculation took 0.498614s
Tau required
Density calculation took 0.499638s
Tau required
Total number of grid points: 346456 (5774 per atom)
Density calculation took 0.508389s
Tau required
Density calculation took 0.526276s
Tau required
Density calculation took 0.505734s
Tau required
Density calculation took 0.505960s
Tau required
Density calculation took 0.506001s
Tau required
Density calculation took 0.505964s
Tau required
Density calculation took 0.505430s
Tau required
Density calculation took 0.505621s
Tau required
Density calculation took 0.505439s
Tau required
Density calculation took 0.505901s
Tau required
Density calculation took 0.506267s
Tau required
Density calculation took 0.505758s
Tau required
Density calculation took 0.505612s
Tau required
Density calculation took 0.505999s
Tau required
Density calculation took 0.505771s
Tau required
Density calculation took 0.505819s
Tau required
Density calculation took 0.506215s
Tau required
Total number of grid points: 346396 (5773 per atom)
Density calculation took 0.503564s
Tau required
Density calculation took 0.520185s
Tau required
Density calculation took 0.500659s
Tau required
Density calculation took 0.500691s
Tau required
Density calculation took 0.501006s
Tau required
Density calculation took 0.500382s
Tau required
Density calculation took 0.500932s
Tau required
Density calculation took 0.500624s
Tau required
Density calculation took 0.501148s
Tau required
Density calculation took 0.500659s
Tau required
Density calculation took 0.501060s
Tau required
Density calculation took 0.500504s
Tau required
Density calculation took 0.500720s
Tau required
Density calculation took 0.500397s
Tau required
Density calculation took 0.500883s
Tau required
Density calculation took 0.500768s
Tau required
Density calculation took 0.501281s
Tau required
Total number of grid points: 346376 (5772 per atom)
Density calculation took 0.509164s
Tau required
Density calculation took 0.519950s
Tau required
Density calculation took 0.498934s
Tau required
Density calculation took 0.498452s
Tau required
Density calculation took 0.499519s
Tau required
Density calculation took 0.498124s
Tau required
Density calculation took 0.499555s
Tau required
Density calculation took 0.499232s
Tau required
Density calculation took 0.499271s
Tau required
Density calculation took 0.499367s
Tau required
Density calculation took 0.499818s
Tau required
Density calculation took 0.499497s
Tau required
Density calculation took 0.499600s
Tau required
Density calculation took 0.499665s
Tau required
Density calculation took 0.499682s
Tau required
Density calculation took 0.499708s
Tau required
Density calculation took 0.499530s
Tau required
Total number of grid points: 347192 (5786 per atom)
Density calculation took 0.502135s
Tau required
Density calculation took 0.517674s
Tau required
Density calculation took 0.499126s
Tau required
Density calculation took 0.499508s
Tau required
Density calculation took 0.499404s
Tau required
Density calculation took 0.499615s
Tau required
Density calculation took 0.499460s
Tau required
Density calculation took 0.499475s
Tau required
Density calculation took 0.499459s
Tau required
Density calculation took 0.499385s
Tau required
Density calculation took 0.499657s
Tau required
Density calculation took 0.499385s
Tau required
Density calculation took 0.499492s
Tau required
Density calculation took 0.499596s
Tau required
Density calculation took 0.499340s
Tau required
Density calculation took 0.499837s
Tau required
Density calculation took 0.499279s
Tau required
Total number of grid points: 347066 (5784 per atom)
Density calculation took 0.507220s
Tau required
Density calculation took 0.521166s
Tau required
Density calculation took 0.500154s
Tau required
Density calculation took 0.499974s
Tau required
Density calculation took 0.500416s
Tau required
Density calculation took 0.500242s
Tau required
Density calculation took 0.500092s
Tau required
Density calculation took 0.500543s
Tau required
Density calculation took 0.500464s
Tau required
Density calculation took 0.500468s
Tau required
Density calculation took 0.500336s
Tau required
Density calculation took 0.500271s
Tau required
Density calculation took 0.500427s
Tau required
Density calculation took 0.500492s
Tau required
Density calculation took 0.500641s
Tau required
Density calculation took 0.500067s
Tau required
Density calculation took 0.500427s
Tau required
Total number of grid points: 346044 (5767 per atom)
Density calculation took 0.506371s
Tau required
Density calculation took 0.521714s
Tau required
Density calculation took 0.501773s
Tau required
Density calculation took 0.501775s
Tau required
Density calculation took 0.501617s
Tau required
Density calculation took 0.502013s
Tau required
Density calculation took 0.501974s
Tau required
Density calculation took 0.502190s
Tau required
Density calculation took 0.502163s
Tau required
Density calculation took 0.501795s
Tau required
Density calculation took 0.502121s
Tau required
Density calculation took 0.502223s
Tau required
Density calculation took 0.501820s
Tau required
Density calculation took 0.502024s
Tau required
Density calculation took 0.502141s
Tau required
Density calculation took 0.501591s
Tau required
Density calculation took 0.502290s
Tau required
Total number of grid points: 346603 (5776 per atom)
Density calculation took 0.505124s
Tau required
Density calculation took 0.516122s
Tau required
Density calculation took 0.496240s
Tau required
Density calculation took 0.496341s
Tau required
Density calculation took 0.495994s
Tau required
Density calculation took 0.496603s
Tau required
Density calculation took 0.496567s
Tau required
Density calculation took 0.496946s
Tau required
Density calculation took 0.496522s
Tau required
Density calculation took 0.496569s
Tau required
Density calculation took 0.496820s
Tau required
Density calculation took 0.496971s
Tau required
Density calculation took 0.496823s
Tau required
Density calculation took 0.496248s
Tau required
Density calculation took 0.496650s
Tau required
Density calculation took 0.496912s
Tau required
Density calculation took 0.496889s
Tau required
[CRAYBLAS_WARNING] Application linked against multiple cray-libsci libraries
===================
E MGGA_X_REVTPSS+MGGA_C_REVTPSS: -1536.8531397
Nuclear Repulsion Energy: 3871.95421253
Electronic Energy:        -5183.5108178
XC Energy:                -225.296534
Converged:                1
# of SCF iterations:      17
SCF Time:                 25.48s

=======================================================
            Individual Calculation Summary             
=======================================================
HF Energy: -1536.8531396984130879
=======================================================


Topology 9 time: 25.644692 s, performance: SP: 0 FLOP/s, DP: 31.31 TFLOP/s
JSON file written to: json_logs/lustre_orion_chm213_scratch_ryan_dhdft_inputs_exess_exess_inputs_revTPSS_def2-TZVP_isomers_4600-4619_topology_9.json
************************************************************
**************** Running topology 11 of 20 *****************
************************************************************

************************************************************
**** Beginning RI-MGGA_X_REVTPSS+MGGA_C_REVTPSS energy *****
************************************************************

=======================================================
     MGGA_X_REVTPSS+MGGA_C_REVTPSS Energy Results      
=======================================================
E MGGA_X_REVTPSS+MGGA_C_REVTPSS: -1536.85745761
Nuclear Repulsion Energy: 3893.04577326
Electronic Energy:        -5204.6044095
XC Energy:                -225.298821
Converged:                1
# of SCF iterations:      17
SCF Time:                 25.34s

=======================================================
            Individual Calculation Summary             
=======================================================
HF Energy: -1536.8574576091696144
=======================================================


Topology 10 time: 25.506646 s, performance: SP: 0 FLOP/s, DP: 31.48 TFLOP/s
JSON file written to: json_logs/lustre_orion_chm213_scratch_ryan_dhdft_inputs_exess_exess_inputs_revTPSS_def2-TZVP_isomers_4600-4619_topology_10.json
************************************************************
**************** Running topology 12 of 20 *****************
************************************************************

************************************************************
**** Beginning RI-MGGA_X_REVTPSS+MGGA_C_REVTPSS energy *****
************************************************************

=======================================================
     MGGA_X_REVTPSS+MGGA_C_REVTPSS Energy Results      
=======================================================
E MGGA_X_REVTPSS+MGGA_C_REVTPSS: -1536.84548067
Nuclear Repulsion Energy: 3960.6142682
Electronic Energy:        -5272.16379708
XC Energy:                -225.295952
Converged:                1
# of SCF iterations:      17
SCF Time:                 25.404s

=======================================================
            Individual Calculation Summary             
=======================================================
HF Energy: -1536.8454806673553321
=======================================================


Topology 11 time: 25.575023 s, performance: SP: 0 FLOP/s, DP: 31.39 TFLOP/s
JSON file written to: json_logs/lustre_orion_chm213_scratch_ryan_dhdft_inputs_exess_exess_inputs_revTPSS_def2-TZVP_isomers_4600-4619_topology_11.json
************************************************************
**************** Running topology 13 of 20 *****************
************************************************************

************************************************************
**** Beginning RI-MGGA_X_REVTPSS+MGGA_C_REVTPSS energy *****
************************************************************

=======================================================
     MGGA_X_REVTPSS+MGGA_C_REVTPSS Energy Results      
=======================================================
E MGGA_X_REVTPSS+MGGA_C_REVTPSS: -1536.84598219
Nuclear Repulsion Energy: 3956.22587311
Electronic Energy:        -5267.77537328
XC Energy:                -225.296482
Converged:                1
# of SCF iterations:      17
SCF Time:                 25.532s

=======================================================
            Individual Calculation Summary             
=======================================================
HF Energy: -1536.8459821898843529
=======================================================


Topology 12 time: 25.702881 s, performance: SP: 0 FLOP/s, DP: 31.25 TFLOP/s
JSON file written to: json_logs/lustre_orion_chm213_scratch_ryan_dhdft_inputs_exess_exess_inputs_revTPSS_def2-TZVP_isomers_4600-4619_topology_12.json
************************************************************
**************** Running topology 14 of 20 *****************
************************************************************

************************************************************
**** Beginning RI-MGGA_X_REVTPSS+MGGA_C_REVTPSS energy *****
************************************************************

=======================================================
     MGGA_X_REVTPSS+MGGA_C_REVTPSS Energy Results      
=======================================================
E MGGA_X_REVTPSS+MGGA_C_REVTPSS: -1536.86094863
Nuclear Repulsion Energy: 3869.95464338
Electronic Energy:        -5181.51509228
XC Energy:                -225.300500
Converged:                1
# of SCF iterations:      17
SCF Time:                 25.346s

=======================================================
            Individual Calculation Summary             
=======================================================
HF Energy: -1536.8609486252814804
=======================================================


Topology 13 time: 25.511835 s, performance: SP: 0 FLOP/s, DP: 31.48 TFLOP/s
JSON file written to: json_logs/lustre_orion_chm213_scratch_ryan_dhdft_inputs_exess_exess_inputs_revTPSS_def2-TZVP_isomers_4600-4619_topology_13.json
************************************************************
**************** Running topology 15 of 20 *****************
************************************************************

************************************************************
**** Beginning RI-MGGA_X_REVTPSS+MGGA_C_REVTPSS energy *****
************************************************************

=======================================================
     MGGA_X_REVTPSS+MGGA_C_REVTPSS Energy Results      
=======================================================
E MGGA_X_REVTPSS+MGGA_C_REVTPSS: -1536.85110005
Nuclear Repulsion Energy: 3838.95494909
Electronic Energy:        -5150.51444959
XC Energy:                -225.291600
Converged:                1
# of SCF iterations:      17
SCF Time:                 25.193s

=======================================================
            Individual Calculation Summary             
=======================================================
HF Energy: -1536.8511000507050994
=======================================================


Topology 14 time: 25.354532 s, performance: SP: 0 FLOP/s, DP: 31.69 TFLOP/s
JSON file written to: json_logs/lustre_orion_chm213_scratch_ryan_dhdft_inputs_exess_exess_inputs_revTPSS_def2-TZVP_isomers_4600-4619_topology_14.json
************************************************************
**************** Running topology 16 of 20 *****************
************************************************************

************************************************************
**** Beginning RI-MGGA_X_REVTPSS+MGGA_C_REVTPSS energy *****
************************************************************

=======================================================
     MGGA_X_REVTPSS+MGGA_C_REVTPSS Energy Results      
=======================================================
E MGGA_X_REVTPSS+MGGA_C_REVTPSS: -1536.86091923
Nuclear Repulsion Energy: 3873.51745828
Electronic Energy:        -5185.07809734
XC Energy:                -225.300280
Converged:                1
# of SCF iterations:      17
SCF Time:                 25.35s

=======================================================
            Individual Calculation Summary             
=======================================================
HF Energy: -1536.8609192262051693
=======================================================


Topology 15 time: 25.515486 s, performance: SP: 0 FLOP/s, DP: 31.47 TFLOP/s
JSON file written to: json_logs/lustre_orion_chm213_scratch_ryan_dhdft_inputs_exess_exess_inputs_revTPSS_def2-TZVP_isomers_4600-4619_topology_15.json
************************************************************
**************** Running topology 17 of 20 *****************
************************************************************

************************************************************
**** Beginning RI-MGGA_X_REVTPSS+MGGA_C_REVTPSS energy *****
************************************************************

=======================================================
     MGGA_X_REVTPSS+MGGA_C_REVTPSS Energy Results      
=======================================================
E MGGA_X_REVTPSS+MGGA_C_REVTPSS: -1536.8357609
Nuclear Repulsion Energy: 4000.43095975
Electronic Energy:        -5311.96921478
XC Energy:                -225.297506
Converged:                1
# of SCF iterations:      17
SCF Time:                 25.274s

=======================================================
            Individual Calculation Summary             
=======================================================
HF Energy: -1536.8357608958219771
=======================================================


Topology 16 time: 25.448595 s, performance: SP: 0 FLOP/s, DP: 31.51 TFLOP/s
JSON file written to: json_logs/lustre_orion_chm213_scratch_ryan_dhdft_inputs_exess_exess_inputs_revTPSS_def2-TZVP_isomers_4600-4619_topology_16.json
************************************************************
**************** Running topology 18 of 20 *****************
************************************************************

************************************************************
**** Beginning RI-MGGA_X_REVTPSS+MGGA_C_REVTPSS energy *****
************************************************************

=======================================================
     MGGA_X_REVTPSS+MGGA_C_REVTPSS Energy Results      
=======================================================
E MGGA_X_REVTPSS+MGGA_C_REVTPSS: -1536.85133065
Nuclear Repulsion Energy: 3915.25200614
Electronic Energy:        -5226.80132474
XC Energy:                -225.302012
Converged:                1
# of SCF iterations:      17
SCF Time:                 25.323s

=======================================================
            Individual Calculation Summary             
=======================================================
HF Energy: -1536.8513306539166479
=======================================================


Topology 17 time: 25.490864 s, performance: SP: 0 FLOP/s, DP: 31.49 TFLOP/s
JSON file written to: json_logs/lustre_orion_chm213_scratch_ryan_dhdft_inputs_exess_exess_inputs_revTPSS_def2-TZVP_isomers_4600-4619_topology_17.json
************************************************************
**************** Running topology 19 of 20 *****************
************************************************************

************************************************************
**** Beginning RI-MGGA_X_REVTPSS+MGGA_C_REVTPSS energy *****
************************************************************

=======================================================
     MGGA_X_REVTPSS+MGGA_C_REVTPSS Energy Results      
=======================================================
E MGGA_X_REVTPSS+MGGA_C_REVTPSS: -1536.8464327
Nuclear Repulsion Energy: 3919.37768309
Electronic Energy:        -5230.92821713
XC Energy:                -225.295899
Converged:                1
# of SCF iterations:      17
SCF Time:                 25.29s

=======================================================
            Individual Calculation Summary             
=======================================================
HF Energy: -1536.8464327015351500
=======================================================


Topology 18 time: 25.457175 s, performance: SP: 0 FLOP/s, DP: 31.53 TFLOP/s
JSON file written to: json_logs/lustre_orion_chm213_scratch_ryan_dhdft_inputs_exess_exess_inputs_revTPSS_def2-TZVP_isomers_4600-4619_topology_18.json
************************************************************
**************** Running topology 20 of 20 *****************
************************************************************

************************************************************
**** Beginning RI-MGGA_X_REVTPSS+MGGA_C_REVTPSS energy *****
************************************************************

=======================================================
     MGGA_X_REVTPSS+MGGA_C_REVTPSS Energy Results      
=======================================================
E MGGA_X_REVTPSS+MGGA_C_REVTPSS: -1536.8438154
Nuclear Repulsion Energy: 4006.87863546
Electronic Energy:        -5318.41943121
XC Energy:                -225.303020
Converged:                1
# of SCF iterations:      17
SCF Time:                 25.238s

=======================================================
            Individual Calculation Summary             
=======================================================
HF Energy: -1536.8438154010411836
=======================================================


Topology 19 time: 25.412734 s, performance: SP: 0 FLOP/s, DP: 31.53 TFLOP/s
JSON file written to: json_logs/lustre_orion_chm213_scratch_ryan_dhdft_inputs_exess_exess_inputs_revTPSS_def2-TZVP_isomers_4600-4619_topology_19.json
Total flops: SP: 0 FLOPS, DP: 16.050894 PFLOPS
Performance: SP: 0 FLOP/s, DP: 30.82 TFLOP/s

Now, a word from our sponsors... 
 A tri-triathlon, you do a triathlon...three times!

[31mTotal processing time 521.056582 seconds[0m
[CRAYBLAS_WARNING] Application linked against multiple cray-libsci libraries
nsity calculation took 0.501691s
Tau required
    5     | -1536.8333754495 |   4.4603e-02   |    1.1734     |    0.1988
Density calculation took 0.503035s
Tau required
    6     | -1536.8444714719 |   5.1420e-03   |    1.1756     |    0.1916
Density calculation took 0.501921s
Tau required
    7     | -1536.8456865464 |   9.8427e-04   |    1.1765     |    0.2004
Density calculation took 0.503020s
Tau required
    8     | -1536.8459073608 |   2.4971e-04   |    1.1752     |    0.1948
Density calculation took 0.501980s
Tau required
    9     | -1536.8459768145 |   1.8603e-05   |    1.1731     |    0.1942
Density calculation took 0.503032s
Tau required
   10     | -1536.8459807574 |   4.9582e-06   |    1.1741     |    0.1940
Density calculation took 0.502029s
Tau required
   11     | -1536.8459820395 |   5.0164e-07   |    1.1750     |    0.1941
Density calculation took 0.503129s
Tau required
   12     | -1536.8459821616 |   9.1953e-08   |    1.1740     |    0.1942
Density calculation took 0.502061s
Tau required
   13     | -1536.8459821813 |   2.6983e-08   |    1.1746     |    0.1942
Density calculation took 0.503370s
Tau required
   14     | -1536.8459821885 |   4.3441e-09   |    1.1751     |    0.1946
Density calculation took 0.501835s
Tau required
   15     | -1536.8459821898 |   3.9078e-10   |    1.1727     |    0.1943
Density calculation took 0.503227s
Tau required
   16     | -1536.8459821898 |   4.3702e-10   |    1.1736     |    0.1948
Density calculation took 0.502204s
Tau required
   17     | -1536.8459821899 |   4.9820e-11   |    1.1741     |    0.1936
Created 610861 / 2433600 significant shell pairs
Created 471804 / 1849600 significant shell pairs
Total number of grid points: 346300 (5771 per atom)
One electron integrals and orthogonalizer took 0.043880s
Created 471804 / 1849600 significant shell pairs
3C integrals and B formation took 1.684747s
Iteration |      Energy      |  DIIS Metric   | Fock Time (s) | DIIS Time (s)
----------+------------------+----------------+---------------+--------------
Density calculation took 0.500271s
Tau required
    1     | -1546.7154455695 |   9.4720e+02   |    1.4130     |    0.2240
Density calculation took 0.517200s
Tau required
    2     | -1536.1384262489 |   2.5421e+00   |    1.1811     |    0.1904
Density calculation took 0.498085s
Tau required
    3     | -1535.9897562744 |   3.1473e+00   |    1.1595     |    0.2029
Density calculation took 0.497951s
Tau required
    4     | -1536.8264548589 |   1.2298e-01   |    1.1598     |    0.1926
Density calculation took 0.497526s
Tau required
    5     | -1536.8479244691 |   4.6670e-02   |    1.1603     |    0.2008
Density calculation took 0.497781s
Tau required
    6     | -1536.8598403823 |   3.8561e-03   |    1.1599     |    0.1957
Density calculation took 0.497824s
Tau required
    7     | -1536.8606690508 |   9.6009e-04   |    1.1592     |    0.2013
Density calculation took 0.497880s
Tau required
    8     | -1536.8608886361 |   2.0367e-04   |    1.1621     |    0.1941
Density calculation took 0.497861s
Tau required
    9     | -1536.8609453231 |   1.1401e-05   |    1.1598     |    0.1950
Density calculation took 0.497887s
Tau required
   10     | -1536.8609474387 |   3.8940e-06   |    1.1594     |    0.1948
Density calculation took 0.498173s
Tau required
   11     | -1536.8609484611 |   4.9748e-07   |    1.1603     |    0.1944
Density calculation took 0.498056s
Tau required
   12     | -1536.8609485883 |   1.1359e-07   |    1.1604     |    0.1944
Density calculation took 0.498124s
Tau required
   13     | -1536.8609486176 |   2.5086e-08   |    1.1603     |    0.1943
Density calculation took 0.498328s
Tau required
   14     | -1536.8609486244 |   2.7631e-09   |    1.1616     |    0.1945
Density calculation took 0.498333s
Tau required
   15     | -1536.8609486252 |   4.4048e-10   |    1.1594     |    0.1946
Density calculation took 0.498386s
Tau required
   16     | -1536.8609486252 |   4.3356e-10   |    1.1583     |    0.1941
Density calculation took 0.498166s
Tau required
   17     | -1536.8609486253 |   4.2377e-11   |    1.1595     |    0.1941
Created 601145 / 2433600 significant shell pairs
Created 464301 / 1849600 significant shell pairs
Total number of grid points: 346051 (5767 per atom)
One electron integrals and orthogonalizer took 0.043194s
Created 464301 / 1849600 significant shell pairs
3C integrals and B formation took 1.659316s
Iteration |      Energy      |  DIIS Metric   | Fock Time (s) | DIIS Time (s)
----------+------------------+----------------+---------------+--------------
Density calculation took 0.500708s
Tau required
    1     | -1546.6986576387 |   9.4504e+02   |    1.3953     |    0.2221
Density calculation took 0.516881s
Tau required
    2     | -1536.1306153167 |   2.5263e+00   |    1.1725     |    0.1923
Density calculation took 0.497631s
Tau required
    3     | -1535.9821903552 |   3.1288e+00   |    1.1530     |    0.2027
Density calculation took 0.497660s
Tau required
    4     | -1536.8127727450 |   1.3881e-01   |    1.1530     |    0.1954
Density calculation took 0.498454s
Tau required
    5     | -1536.8391034192 |   4.2538e-02   |    1.1524     |    0.2007
Density calculation took 0.497999s
Tau required
    6     | -1536.8496473614 |   4.9456e-03   |    1.1530     |    0.1939
Density calculation took 0.498608s
Tau required
    7     | -1536.8508186642 |   9.4372e-04   |    1.1537     |    0.2012
Density calculation took 0.497920s
Tau required
    8     | -1536.8510138507 |   2.8747e-04   |    1.1523     |    0.1983
Density calculation took 0.498504s
Tau required
    9     | -1536.8510953735 |   1.5046e-05   |    1.1529     |    0.1947
Density calculation took 0.497864s
Tau required
   10     | -1536.8510978006 |   7.0159e-06   |    1.1544     |    0.1945
Density calculation took 0.498382s
Tau required
   11     | -1536.8510998895 |   5.1141e-07   |    1.1525     |    0.1946
Density calculation took 0.497591s
Tau required
   12     | -1536.8511000101 |   1.2539e-07   |    1.1546     |    0.1948
Density calculation took 0.498678s
Tau required
   13     | -1536.8511000408 |   3.2681e-08   |    1.1538     |    0.1952
Density calculation took 0.497895s
Tau required
   14     | -1536.8511000494 |   4.0580e-09   |    1.1543     |    0.1943
Density calculation took 0.498552s
Tau required
   15     | -1536.8511000506 |   4.9920e-10   |    1.1539     |    0.1945
Density calculation took 0.497916s
Tau required
   16     | -1536.8511000505 |   6.8303e-10   |    1.1516     |    0.1954
Density calculation took 0.498400s
Tau required
   17     | -1536.8511000507 |   6.1125e-11   |    1.1528     |    0.1947
Created 611200 / 2433600 significant shell pairs
Created 472099 / 1849600 significant shell pairs
Total number of grid points: 346342 (5772 per atom)
One electron integrals and orthogonalizer took 0.044066s
Created 472099 / 1849600 significant shell pairs
3C integrals and B formation took 1.680350s
Iteration |      Energy      |  DIIS Metric   | Fock Time (s) | DIIS Time (s)
----------+------------------+----------------+---------------+--------------
Density calculation took 0.501105s
Tau required
    1     | -1546.7152694138 |   9.4722e+02   |    1.4095     |    0.2227
Density calculation took 0.515052s
Tau required
    2     | -1536.1384200991 |   2.5416e+00   |    1.1817     |    0.1922
Density calculation took 0.495557s
Tau required
    3     | -1535.9893786890 |   3.1472e+00   |    1.1623     |    0.1987
Density calculation took 0.495433s
Tau required
    4     | -1536.8264873928 |   1.2269e-01   |    1.1584     |    0.1919
Density calculation took 0.495605s
Tau required
    5     | -1536.8482062617 |   4.5743e-02   |    1.1609     |    0.2000
Density calculation took 0.495681s
Tau required
    6     | -1536.8599083934 |   3.5101e-03   |    1.1612     |    0.1926
Density calculation took 0.495297s
Tau required
    7     | -1536.8606294038 |   9.8482e-04   |    1.1606     |    0.2024
Density calculation took 0.496066s
Tau required
    8     | -1536.8608558646 |   2.1712e-04   |    1.1602     |    0.1943
Density calculation took 0.495840s
Tau required
    9     | -1536.8609159083 |   1.1192e-05   |    1.1622     |    0.1937
Density calculation took 0.495822s
Tau required
   10     | -1536.8609177596 |   4.4646e-06   |    1.1617     |    0.1944
Density calculation took 0.496090s
Tau required
   11     | -1536.8609190405 |   5.5657e-07   |    1.1654     |    0.1943
Density calculation took 0.495665s
Tau required
   12     | -1536.8609191930 |   1.0861e-07   |    1.1630     |    0.1947
Density calculation took 0.495995s
Tau required
   13     | -1536.8609192200 |   2.2636e-08   |    1.1620     |    0.1942
Density calculation took 0.495758s
Tau required
   14     | -1536.8609192256 |   2.0156e-09   |    1.1633     |    0.1947
Density calculation took 0.495839s
Tau required
   15     | -1536.8609192261 |   4.8640e-10   |    1.1627     |    0.1956
Density calculation took 0.495976s
Tau required
   16     | -1536.8609192261 |   3.9905e-10   |    1.1607     |    0.1944
Density calculation took 0.496128s
Tau required
   17     | -1536.8609192262 |   4.1274e-11   |    1.1607     |    0.1946
Created 648915 / 2433600 significant shell pairs
Created 502113 / 1849600 significant shell pairs
Total number of grid points: 346094 (5768 per atom)
One electron integrals and orthogonalizer took 0.044369s
Created 502113 / 1849600 significant shell pairs
3C integrals and B formation took 1.695009s
Iteration |      Energy      |  DIIS Metric   | Fock Time (s) | DIIS Time (s)
----------+------------------+----------------+---------------+--------------
Density calculation took 0.495224s
Tau required
    1     | -1546.7122671090 |   9.5086e+02   |    1.3933     |    0.2218
Density calculation took 0.511842s
Tau required
    2     | -1536.1196663939 |   2.5106e+00   |    1.1743     |    0.1918
Density calculation took 0.492464s
Tau required
    3     | -1535.9693979853 |   3.1312e+00   |    1.1550     |    0.2044
Density calculation took 0.491970s
Tau required
    4     | -1536.7983048226 |   1.3580e-01   |    1.1542     |    0.1932
Density calculation took 0.492157s
Tau required
    5     | -1536.8227368338 |   4.5249e-02   |    1.1545     |    0.2012
Density calculation took 0.492432s
Tau required
    6     | -1536.8335998956 |   6.7649e-03   |    1.1555     |    0.1939
Density calculation took 0.493021s
Tau required
    7     | -1536.8352456523 |   1.5554e-03   |    1.1555     |    0.2019
Density calculation took 0.492933s
Tau required
    8     | -1536.8356097290 |   4.6335e-04   |    1.1589     |    0.1966
Density calculation took 0.492537s
Tau required
    9     | -1536.8357487675 |   3.7302e-05   |    1.1553     |    0.1952
Density calculation took 0.492574s
Tau required
   10     | -1536.8357592302 |   5.4637e-06   |    1.1585     |    0.1974
Density calculation took 0.492710s
Tau required
   11     | -1536.8357606734 |   7.8965e-07   |    1.1548     |    0.1946
Density calculation took 0.492376s
Tau required
   12     | -1536.8357608723 |   8.3091e-08   |    1.1539     |    0.1942
Density calculation took 0.492711s
Tau required
   13     | -1536.8357608864 |   3.1432e-08   |    1.1549     |    0.1944
Density calculation took 0.492758s
Tau required
   14     | -1536.8357608950 |   2.8860e-09   |    1.1563     |    0.1946
Density calculation took 0.492698s
Tau required
   15     | -1536.8357608957 |   5.8060e-10   |    1.1544     |    0.1950
Density calculation took 0.492462s
Tau required
   16     | -1536.8357608957 |   5.8166e-10   |    1.1567     |    0.1943
Density calculation took 0.492690s
Tau required
   17     | -1536.8357608958 |   9.5003e-11   |    1.1547     |    0.1952
Created 623705 / 2433600 significant shell pairs
Created 481691 / 1849600 significant shell pairs
Total number of grid points: 344980 (5749 per atom)
One electron integrals and orthogonalizer took 0.044215s
Created 481691 / 1849600 significant shell pairs
3C integrals and B formation took 1.683432s
Iteration |      Energy      |  DIIS Metric   | Fock Time (s) | DIIS Time (s)
----------+------------------+----------------+---------------+--------------
Density calculation took 0.496490s
Tau required
    1     | -1546.7181249395 |   9.4988e+02   |    1.3956     |    0.2216
Density calculation took 0.513928s
Tau required
    2     | -1536.1322341967 |   2.5271e+00   |    1.1822     |    0.1919
Density calculation took 0.493439s
Tau required
    3     | -1535.9907889880 |   3.1020e+00   |    1.1602     |    0.1991
Density calculation took 0.493911s
Tau required
    4     | -1536.8175743519 |   1.1860e-01   |    1.1601     |    0.1920
Density calculation took 0.493958s
Tau required
    5     | -1536.8385763381 |   4.5938e-02   |    1.1607     |    0.1997
Density calculation took 0.494141s
Tau required
    6     | -1536.8504010990 |   3.1541e-03   |    1.1607     |    0.1925
Density calculation took 0.493611s
Tau required
    7     | -1536.8509623076 |   1.1701e-03   |    1.1603     |    0.2008
Density calculation took 0.493731s
Tau required
    8     | -1536.8512473000 |   2.6562e-04   |    1.1610     |    0.1943
Density calculation took 0.493845s
Tau required
    9     | -1536.8513244581 |   1.9220e-05   |    1.1611     |    0.1939
Density calculation took 0.494261s
Tau required
   10     | -1536.8513288364 |   5.6812e-06   |    1.1620     |    0.1946
Density calculation took 0.493954s
Tau required
   11     | -1536.8513304792 |   5.7315e-07   |    1.1611     |    0.1951
Density calculation took 0.494075s
Tau required
   12     | -1536.8513306251 |   1.0258e-07   |    1.1614     |    0.1939
Density calculation took 0.494033s
Tau required
   13     | -1536.8513306473 |   2.4167e-08   |    1.1594     |    0.1942
Density calculation took 0.494037s
Tau required
   14     | -1536.8513306534 |   2.0004e-09   |    1.1622     |    0.1952
Density calculation took 0.493981s
Tau required
   15     | -1536.8513306538 |   5.2797e-10   |    1.1597     |    0.1939
Density calculation took 0.493959s
Tau required
   16     | -1536.8513306538 |   3.5161e-10   |    1.1608     |    0.1941
Density calculation took 0.494175s
Tau required
   17     | -1536.8513306539 |   4.7552e-11   |    1.1600     |    0.1945
Created 623785 / 2433600 significant shell pairs
Created 482069 / 1849600 significant shell pairs
Total number of grid points: 347120 (5785 per atom)
One electron integrals and orthogonalizer took 0.044124s
Created 482069 / 1849600 significant shell pairs
3C integrals and B formation took 1.682845s
Iteration |      Energy      |  DIIS Metric   | Fock Time (s) | DIIS Time (s)
----------+------------------+----------------+---------------+--------------
Density calculation took 0.502346s
Tau required
    1     | -1546.7065981415 |   9.4823e+02   |    1.4089     |    0.2208
Density calculation took 0.519309s
Tau required
    2     | -1536.1281883677 |   2.5163e+00   |    1.1767     |    0.1920
Density calculation took 0.498820s
Tau required
    3     | -1535.9818442973 |   3.1017e+00   |    1.1560     |    0.1990
Density calculation took 0.499364s
Tau required
    4     | -1536.8063199710 |   1.4041e-01   |    1.1571     |    0.1916
Density calculation took 0.499409s
Tau required
    5     | -1536.8327026948 |   4.7828e-02   |    1.1569     |    0.2005
Density calculation took 0.499590s
Tau required
    6     | -1536.8449490714 |   4.9229e-03   |    1.1568     |    0.1934
Density calculation took 0.499647s
Tau required
    7     | -1536.8460698495 |   1.1280e-03   |    1.1598     |    0.2019
Density calculation took 0.499840s
Tau required
    8     | -1536.8463224219 |   3.4679e-04   |    1.1581     |    0.1948
Density calculation took 0.499288s
Tau required
    9     | -1536.8464246607 |   2.3929e-05   |    1.1581     |    0.1945
Density calculation took 0.499155s
Tau required
   10     | -1536.8464305978 |   6.5659e-06   |    1.1566     |    0.1939
Density calculation took 0.499103s
Tau required
   11     | -1536.8464325543 |   5.1416e-07   |    1.1571     |    0.1945
Density calculation took 0.499360s
Tau required
   12     | -1536.8464326717 |   1.0434e-07   |    1.1575     |    0.1940
Density calculation took 0.499560s
Tau required
   13     | -1536.8464326936 |   2.7627e-08   |    1.1583     |    0.1942
Density calculation took 0.499519s
Tau required
   14     | -1536.8464327008 |   2.6387e-09   |    1.1579     |    0.1945
Density calculation took 0.499515s
Tau required
   15     | -1536.8464327014 |   5.3312e-10   |    1.1588     |    0.1941
Density calculation took 0.499235s
Tau required
   16     | -1536.8464327014 |   4.9754e-10   |    1.1572     |    0.1963
Density calculation took 0.499455s
Tau required
   17     | -1536.8464327015 |   4.9387e-11   |    1.1584     |    0.1950
Created 651141 / 2433600 significant shell pairs
Created 503527 / 1849600 significant shell pairs
Total number of grid points: 347414 (5790 per atom)
One electron integrals and orthogonalizer took 0.044519s
Created 503527 / 1849600 significant shell pairs
3C integrals and B formation took 1.697934s
Iteration |      Energy      |  DIIS Metric   | Fock Time (s) | DIIS Time (s)
----------+------------------+----------------+---------------+--------------
Density calculation took 0.494604s
Tau required
    1     | -1546.7198285951 |   9.5266e+02   |    1.3960     |    0.2223
Density calculation took 0.514014s
Tau required
    2     | -1536.1238574807 |   2.5281e+00   |    1.1729     |    0.1958
Density calculation took 0.494487s
Tau required
    3     | -1535.9695898584 |   3.1350e+00   |    1.1514     |    0.2002
Density calculation took 0.494386s
Tau required
    4     | -1536.7989826643 |   1.4978e-01   |    1.1520     |    0.1928
Density calculation took 0.494868s
Tau required
    5     | -1536.8240482992 |   6.7020e-02   |    1.1523     |    0.2005
Density calculation took 0.494330s
Tau required
    6     | -1536.8415110352 |   7.5187e-03   |    1.1542     |    0.1933
Density calculation took 0.494892s
Tau required
    7     | -1536.8433063870 |   1.5163e-03   |    1.1519     |    0.2020
Density calculation took 0.494804s
Tau required
    8     | -1536.8436993945 |   3.7509e-04   |    1.1527     |    0.1950
Density calculation took 0.494674s
Tau required
    9     | -1536.8438077922 |   2.5795e-05   |    1.1549     |    0.1948
Density calculation took 0.495131s
Tau required
   10     | -1536.8438139335 |   4.9435e-06   |    1.1540     |    0.1954
Density calculation took 0.494669s
Tau required
   11     | -1536.8438151598 |   8.0353e-07   |    1.1546     |    0.1948
Density calculation took 0.495138s
Tau required
   12     | -1536.8438153720 |   9.9863e-08   |    1.1535     |    0.1947
Density calculation took 0.494811s
Tau required
   13     | -1536.8438153907 |   3.5629e-08   |    1.1536     |    0.1944
Density calculation took 0.495189s
Tau required
   14     | -1536.8438154001 |   3.1854e-09   |    1.1529     |    0.1948
Density calculation took 0.494835s
Tau required
   15     | -1536.8438154008 |   7.4539e-10   |    1.1539     |    0.1952
Density calculation took 0.495298s
Tau required
   16     | -1536.8438154009 |   4.0665e-10   |    1.1525     |    0.1946
Density calculation took 0.494610s
Tau required
   17     | -1536.8438154010 |   5.4548e-11   |    1.1547     |    0.1961
Please cite the following papers for the methods used in this calculation:
 - J.L. Galvez Vallejo et. al., Toward an extreme-scale electronic structure system, J. Chem. Phys., 2023. DOI: 10.1063/5.0156399

 - R. Stocks, E. Palethorpe, and G.M.J. Barca, Multi-GPU RI-HF Energies and Analytic Gradients ─ Toward High-Throughput Ab Initio Molecular Dynamics, J. Chem. Theory Comput., 2024. DOI: 10.1021/acs.jctc.4c00877
   For:
     * RI-HF energy

 - S. Lehtola, C. Steigemann, M.J.T. Oliveira, and M.A.L. Marques, Recent developments in Libxc: A comprehensive library of functionals for density functional theory, SoftwareX, 2018. DOI: 10.1016/j.softx.2017.11.002
   For:
     * LibXC version 6.2.0

 - D.B. Williams-Young, W.A. de Jong, H.J.J. van Dam, and C. Yang, On the Efficient Evaluation of the Exchange Correlation Potential on Graphics Processing Unit Clusters, Frontiers in Chemistry, 2020. DOI: 10.3389/fchem.2020.581058
   For:
     * ExchCXX GPU implementation of exchange-correlation functionals

 - R. Stocks and G.M.J. Barca, Efficient Algorithms for GPU Accelerated Evaluation of the DFT Exchange-Correlation Functional, J. Chem. Theory Comput., 2025. DOI: 10.1021/acs.jctc.5c01229
   For:
     * GPU accelerated DFT exchange-correlation evaluation

 - J. P. Perdew, A. Ruzsinszky, G. I. Csonka, L. A. Constantin, and J. Sun.,  Phys. Rev. Lett. 103, 026403 (2009) DOI: 10.1103/PhysRevLett.103.026403
   For:
     * MGGA_X_REVTPSS XC Functional
     * MGGA_C_REVTPSS XC Functional

[CRAYBLAS_WARNING] Application linked against multiple cray-libsci libraries
