Total number of grid points: 392611 (5773 per atom)
Density calculation took 0.661780s
Tau required
Density calculation took 0.646236s
Tau required
Density calculation took 0.624652s
Tau required
Density calculation took 0.626136s
Tau required
Density calculation took 0.626354s
Tau required
Density calculation took 0.626291s
Tau required
Density calculation took 0.626820s
Tau required
Density calculation took 0.626792s
Tau required
Density calculation took 0.626654s
Tau required
Density calculation took 0.626663s
Tau required
Density calculation took 0.626817s
Tau required
Density calculation took 0.626923s
Tau required
Density calculation took 0.627223s
Tau required
Density calculation took 0.627130s
Tau required
Density calculation took 0.627231s
Tau required
Density calculation took 0.626979s
Tau required
Density calculation took 0.627116s
Tau required
Total number of grid points: 392685 (5774 per atom)
Density calculation took 0.696789s
Tau required
Density calculation took 0.644501s
Tau required
Density calculation took 0.624270s
Tau required
Density calculation took 0.624470s
Tau required
Density calculation took 0.624149s
Tau required
Density calculation took 0.624281s
Tau required
Density calculation took 0.624112s
Tau required
Density calculation took 0.624573s
Tau required
Density calculation took 0.624402s
Tau required
Density calculation took 0.624784s
Tau required
Density calculation took 0.624262s
Tau required
Density calculation took 0.624582s
Tau required
Density calculation took 0.624264s
Tau required
Density calculation took 0.625051s
Tau required
Density calculation took 0.624300s
Tau required
Density calculation took 0.624328s
Tau required
Density calculation took 0.624386s
Tau required
Total number of grid points: 392383 (5770 per atom)
Density calculation took 0.662843s
Tau required
Density calculation took 0.650531s
Tau required
Density calculation took 0.625951s
Tau required
Density calculation took 0.626022s
Tau required
Density calculation took 0.626339s
Tau required
Density calculation took 0.626190s
Tau required
Density calculation took 0.626797s
Tau required
Density calculation took 0.626507s
Tau required
Density calculation took 0.626394s
Tau required
Density calculation took 0.626625s
Tau required
Density calculation took 0.626643s
Tau required
Density calculation took 0.626614s
Tau required
Density calculation took 0.626556s
Tau required
Density calculation took 0.626688s
Tau required
Density calculation took 0.626547s
Tau required
Density calculation took 0.626591s
Tau required
Density calculation took 0.626750s
Tau required
Total number of grid points: 391868 (5762 per atom)
Density calculation took 0.663835s
Tau required
Density calculation took 0.649098s
Tau required
Density calculation took 0.626797s
Tau required
Density calculation took 0.626804s
Tau required
Density calculation took 0.626684s
Tau required
Density calculation took 0.626921s
Tau required
Density calculation took 0.627215s
Tau required
Density calculation took 0.626861s
Tau required
Density calculation took 0.626894s
Tau required
Density calculation took 0.627199s
Tau required
Density calculation took 0.626757s
Tau required
Density calculation took 0.627523s
Tau required
Density calculation took 0.626792s
Tau required
Density calculation took 0.627058s
Tau required
Density calculation took 0.626972s
Tau required
Density calculation took 0.626868s
Tau required
Density calculation took 0.627101s
Tau required
Total number of grid points: 392500 (5772 per atom)
Density calculation took 0.662471s
Tau required
Density calculation took 0.655115s
Tau required
Density calculation took 0.630330s
Tau required
Density calculation took 0.631949s
Tau required
Density calculation took 0.630658s
Tau required
Density calculation took 0.632062s
Tau required
Density calculation took 0.630628s
Tau required
Density calculation took 0.632382s
Tau required
Density calculation took 0.630207s
Tau required
Density calculation took 0.632077s
Tau required
Density calculation took 0.630338s
Tau required
Density calculation took 0.632386s
Tau required
Density calculation took 0.630679s
Tau required
Density calculation took 0.632212s
Tau required
Density calculation took 0.630287s
Tau required
Density calculation took 0.631925s
Tau required
Density calculation took 0.630517s
Tau required
Total number of grid points: 392707 (5775 per atom)
Density calculation took 0.663694s
Tau required
Density calculation took 0.647906s
Tau required
Density calculation took 0.627215s
Tau required
Density calculation took 0.627517s
Tau required
Density calculation took 0.627566s
Tau required
Density calculation took 0.627662s
Tau required
Density calculation took 0.627386s
Tau required
Density calculation took 0.627918s
Tau required
Density calculation took 0.627180s
Tau required
Density calculation took 0.627831s
Tau required
Density calculation took 0.627256s
Tau required
Density calculation took 0.628150s
Tau required
Density calculation took 0.627565s
Tau required
Density calculation took 0.627905s
Tau required
Density calculation took 0.627316s
Tau required
Density calculation took 0.627906s
Tau required
Density calculation took 0.627736s
Tau required
Total number of grid points: 393373 (5784 per atom)
Density calculation took 0.693797s
Tau required
Density calculation took 0.645514s
Tau required
Density calculation took 0.621284s
Tau required
Density calculation took 0.621584s
Tau required
Density calculation took 0.621252s
Tau required
Density calculation took 0.621599s
Tau required
Density calculation took 0.621018s
Tau required
Density calculation took 0.621894s
Tau required
Density calculation took 0.620982s
Tau required
Density calculation took 0.621292s
Tau required
Density calculation took 0.621059s
Tau required
Density calculation took 0.621393s
Tau required
Density calculation took 0.621046s
Tau required
Density calculation took 0.621650s
Tau required
Density calculation took 0.620803s
Tau required
Density calculation took 0.621570s
Tau required
Density calculation took 0.620916s
Tau required
Total number of grid points: 393493 (5786 per atom)
Density calculation took 0.698752s
Tau required
Density calculation took 0.646784s
Tau required
Density calculation took 0.624274s
Tau required
Density calculation took 0.624425s
Tau required
Density calculation took 0.624478s
Tau required
Density calculation took 0.624829s
Tau required
Density calculation took 0.625158s
Tau required
Density calculation took 0.624368s
Tau required
Density calculation took 0.624455s
Tau required
Density calculation took 0.624630s
Tau required
Density calculation took 0.624869s
Tau required
Density calculation took 0.624638s
Tau required
Density calculation took 0.624707s
Tau required
Density calculation took 0.624369s
Tau required
Density calculation took 0.624432s
Tau required
Density calculation took 0.624583s
Tau required
Density calculation took 0.625268s
Tau required
Total number of grid points: 392055 (5765 per atom)
Density calculation took 0.666627s
Tau required
Density calculation took 0.651407s
Tau required
Density calculation took 0.627038s
Tau required
Density calculation took 0.627828s
Tau required
Density calculation took 0.628068s
Tau required
Density calculation took 0.627742s
Tau required
Density calculation took 0.627800s
Tau required
Density calculation took 0.627576s
Tau required
Density calculation took 0.627878s
Tau required
Density calculation took 0.627682s
Tau required
Density calculation took 0.627809s
Tau required
Density calculation took 0.627604s
Tau required
Density calculation took 0.628235s
Tau required
Density calculation took 0.627337s
Tau required
Density calculation took 0.627298s
Tau required
Density calculation took 0.627347s
Tau required
Density calculation took 0.627792s
Tau required
Total number of grid points: 392302 (5769 per atom)
Density calculation took 0.699752s
Tau required
Density calculation took 0.654415s
Tau required
Density calculation took 0.627883s
Tau required
Density calculation took 0.628417s
Tau required
Density calculation took 0.628204s
Tau required
Density calculation took 0.628267s
Tau required
Density calculation took 0.628155s
Tau required
Density calculation took 0.628198s
Tau required
Density calculation took 0.628116s
Tau required
Density calculation took 0.628240s
Tau required
Density calculation took 0.628129s
Tau required
Density calculation took 0.628022s
Tau required
Density calculation took 0.628489s
Tau required
Density calculation took 0.628064s
Tau required
Density calculation took 0.628055s
Tau required
Density calculation took 0.627844s
Tau required
Density calculation took 0.628285s
Tau required
Total number of grid points: 392115 (5766 per atom)
Density calculation took 0.689441s
Tau required
Density calculation took 0.646903s
Tau required
Density calculation took 0.625406s
Tau required
Density calculation took 0.625510s
Tau required
Density calculation took 0.625678s
Tau required
Density calculation took 0.625915s
Tau required
Density calculation took 0.625870s
Tau required
Density calculation took 0.626245s
Tau required
Density calculation took 0.626164s
Tau required
Density calculation took 0.626353s
Tau required
Density calculation took 0.626132s
Tau required
Density calculation took 0.626213s
Tau required
Density calculation took 0.626105s
Tau required
Density calculation took 0.626018s
Tau required
Density calculation took 0.625792s
Tau required
Density calculation took 0.626448s
Tau required
Density calculation took 0.626218s
Tau required
Total number of grid points: 392741 (5775 per atom)
Density calculation took 0.666189s
Tau required
Density calculation took 0.651430s
Tau required
Density calculation took 0.627762s
Tau required
Density calculation took 0.627872s
Tau required
Density calculation took 0.627899s
Tau required
Density calculation took 0.628116s
Tau required
Density calculation took 0.628227s
Tau required
Density calculation took 0.628243s
Tau required
Density calculation took 0.628416s
Tau required
Density calculation took 0.628220s
Tau required
Density calculation took 0.628304s
Tau required
Density calculation took 0.628210s
Tau required
Density calculation took 0.628190s
Tau required
Density calculation took 0.628287s
Tau required
Density calculation took 0.628427s
Tau required
Density calculation took 0.628298s
Tau required
Density calculation took 0.628104s
Tau required
Total number of grid points: 392037 (5765 per atom)
Density calculation took 0.693354s
Tau required
Density calculation took 0.655963s
Tau required
Density calculation took 0.632010s
Tau required
Density calculation took 0.632725s
Tau required
Density calculation took 0.632451s
Tau required
Density calculation took 0.632936s
Tau required
Density calculation took 0.632712s
Tau required
Density calculation took 0.632821s
Tau required
Density calculation took 0.633460s
Tau required
Density calculation took 0.632907s
Tau required
Density calculation took 0.632757s
Tau required
Density calculation took 0.633432s
Tau required
Density calculation took 0.632731s
Tau required
Density calculation took 0.632653s
Tau required
Density calculation took 0.633466s
Tau required
Density calculation took 0.633252s
Tau required
Density calculation took 0.632713s
Tau required
Total number of grid points: 392104 (5766 per atom)
Density calculation took 0.665040s
Tau required
Density calculation took 0.650698s
Tau required
Density calculation took 0.629132s
Tau required
Density calculation took 0.627960s
Tau required
Density calculation took 0.629331s
Tau required
Density calculation took 0.628050s
Tau required
Density calculation took 0.629434s
Tau required
Density calculation took 0.628255s
Tau required
Density calculation took 0.629256s
Tau required
Density calculation took 0.627877s
Tau required
Density calculation took 0.629667s
Tau required
Density calculation took 0.627669s
Tau required
Density calculation took 0.629679s
Tau required
Density calculation took 0.628202s
Tau required
Density calculation took 0.629042s
Tau required
Density calculation took 0.627577s
Tau required
Density calculation took 0.629106s
Tau required
Total number of grid points: 392400 (5770 per atom)
Density calculation took 0.656127s
Tau required
Density calculation took 0.644044s
Tau required
Density calculation took 0.619353s
Tau required
Density calculation took 0.619578s
Tau required
Density calculation took 0.619798s
Tau required
Density calculation took 0.620024s
Tau required
Density calculation took 0.619690s
Tau required
Density calculation took 0.619762s
Tau required
Density calculation took 0.619815s
Tau required
Density calculation took 0.620187s
Tau required
Density calculation took 0.619558s
Tau required
Density calculation took 0.619948s
Tau required
Density calculation took 0.619783s
Tau required
Density calculation took 0.619801s
Tau required
Density calculation took 0.619813s
Tau required
Density calculation took 0.619931s
Tau required
Density calculation took 0.619594s
Tau required
Total number of grid points: 392761 (5775 per atom)
Density calculation took 0.660053s
Tau required
Density calculation took 0.645586s
Tau required
Density calculation took 0.624585s
Tau required
Density calculation took 0.625005s
Tau required
Density calculation took 0.622708s
Tau required
Density calculation took 0.624838s
Tau required
Density calculation took 0.623167s
Tau required
Density calculation took 0.624752s
Tau required
Density calculation took 0.622776s
Tau required
Density calculation took 0.624546s
Tau required
Density calculation took 0.622996s
Tau required
Density calculation took 0.624671s
Tau required
Density calculation took 0.622819s
Tau required
Density calculation took 0.624838s
Tau required
Density calculation took 0.622968s
Tau required
Density calculation took 0.624849s
Tau required
Density calculation took 0.623565s
Tau required
Total number of grid points: 392720 (5775 per atom)
Density calculation took 0.686074s
Tau required
Density calculation took 0.648350s
Tau required
Density calculation took 0.624970s
Tau required
Density calculation took 0.625329s
Tau required
Density calculation took 0.624843s
Tau required
Density calculation took 0.625826s
Tau required
Density calculation took 0.624865s
Tau required
Density calculation took 0.625365s
Tau required
Density calculation took 0.625143s
Tau required
Density calculation took 0.625360s
Tau required
Density calculation took 0.625192s
Tau required
Density calculation took 0.625385s
Tau required
Density calculation took 0.624548s
Tau required
Density calculation took 0.625345s
Tau required
Density calculation took 0.624723s
Tau required
Density calculation took 0.625199s
Tau required
Density calculation took 0.624604s
Tau required
Total number of grid points: 392386 (5770 per atom)
Density calculation took 0.700745s
Tau required
Density calculation took 0.647420s
Tau required
Density calculation took 0.624891s
Tau required
Density calculation took 0.625257s
Tau required
Density calculation took 0.625118s
Tau required
Density calculation took 0.625369s
Tau required
Density calculation took 0.625416s
Tau required
Density calculation took 0.625768s
Tau required
Density calculation took 0.625141s
Tau required
Density calculation took 0.625473s
Tau required
Density calculation took 0.625170s
Tau required
Density calculation took 0.625158s
Tau required
Density calculation took 0.625632s
Tau required
Density calculation took 0.625221s
Tau required
Density calculation took 0.625375s
Tau required
Density calculation took 0.625425s
Tau required
Density calculation took 0.625433s
Tau required
Total number of grid points: 392863 (5777 per atom)
Density calculation took 0.697094s
Tau required
Density calculation took 0.645905s
Tau required
Density calculation took 0.623003s
Tau required
Density calculation took 0.622274s
Tau required
Density calculation took 0.622980s
Tau required
Density calculation took 0.622714s
Tau required
Density calculation took 0.623205s
Tau required
Density calculation took 0.622621s
Tau required
Density calculation took 0.623040s
Tau required
Density calculation took 0.622972s
Tau required
Density calculation took 0.622953s
Tau required
Density calculation took 0.622391s
Tau required
Density calculation took 0.622850s
Tau required
Density calculation took 0.622779s
Tau required
Density calculation took 0.622899s
Tau required
Density calculation took 0.622690s
Tau required
Density calculation took 0.623111s
Tau required
Total number of grid points: 391995 (5764 per atom)
Density calculation took 0.663631s
Tau required
Density calculation took 0.650042s
Tau required
Density calculation took 0.627290s
Tau required
Density calculation took 0.627263s
Tau required
Density calculation took 0.626639s
Tau required
Density calculation took 0.627267s
Tau required
Density calculation took 0.626852s
Tau required
Density calculation took 0.626988s
Tau required
Density calculation took 0.626745s
Tau required
Density calculation took 0.626654s
Tau required
Density calculation took 0.626789s
Tau required
Density calculation took 0.626872s
Tau required
Density calculation took 0.626537s
Tau required
Density calculation took 0.627087s
Tau required
Density calculation took 0.626675s
Tau required
Density calculation took 0.626715s
Tau required
Density calculation took 0.626513s
Tau required
[CRAYBLAS_WARNING] Application linked against multiple cray-libsci libraries
======================================
E MGGA_X_REVTPSS+MGGA_C_REVTPSS: -1691.68848201
Nuclear Repulsion Energy: 4543.61631057
Electronic Energy:        -5986.76410174
XC Energy:                -248.540691
Converged:                1
# of SCF iterations:      17
SCF Time:                 35.121s

=======================================================
            Individual Calculation Summary             
=======================================================
HF Energy: -1691.6884820147370192
=======================================================


Topology 9 time: 35.314537 s, performance: SP: 0 FLOP/s, DP: 31.58 TFLOP/s
JSON file written to: json_logs/lustre_orion_chm213_scratch_ryan_dhdft_inputs_exess_exess_inputs_revTPSS_def2-TZVP_isomers_21040-21059_topology_9.json
************************************************************
**************** Running topology 11 of 20 *****************
************************************************************

************************************************************
**** Beginning RI-MGGA_X_REVTPSS+MGGA_C_REVTPSS energy *****
************************************************************

=======================================================
     MGGA_X_REVTPSS+MGGA_C_REVTPSS Energy Results      
=======================================================
E MGGA_X_REVTPSS+MGGA_C_REVTPSS: -1691.67222494
Nuclear Repulsion Energy: 4585.20170415
Electronic Energy:        -6028.33147331
XC Energy:                -248.542456
Converged:                1
# of SCF iterations:      17
SCF Time:                 34.674s

=======================================================
            Individual Calculation Summary             
=======================================================
HF Energy: -1691.6722249410422592
=======================================================


Topology 10 time: 34.872491 s, performance: SP: 0 FLOP/s, DP: 31.94 TFLOP/s
JSON file written to: json_logs/lustre_orion_chm213_scratch_ryan_dhdft_inputs_exess_exess_inputs_revTPSS_def2-TZVP_isomers_21040-21059_topology_10.json
************************************************************
**************** Running topology 12 of 20 *****************
************************************************************

************************************************************
**** Beginning RI-MGGA_X_REVTPSS+MGGA_C_REVTPSS energy *****
************************************************************

=======================================================
     MGGA_X_REVTPSS+MGGA_C_REVTPSS Energy Results      
=======================================================
E MGGA_X_REVTPSS+MGGA_C_REVTPSS: -1691.68758158
Nuclear Repulsion Energy: 4492.24630086
Electronic Energy:        -5935.39014994
XC Energy:                -248.543732
Converged:                1
# of SCF iterations:      17
SCF Time:                 34.991s

=======================================================
            Individual Calculation Summary             
=======================================================
HF Energy: -1691.6875815793778202
=======================================================


Topology 11 time: 35.183259 s, performance: SP: 0 FLOP/s, DP: 31.69 TFLOP/s
JSON file written to: json_logs/lustre_orion_chm213_scratch_ryan_dhdft_inputs_exess_exess_inputs_revTPSS_def2-TZVP_isomers_21040-21059_topology_11.json
************************************************************
**************** Running topology 13 of 20 *****************
************************************************************

************************************************************
**** Beginning RI-MGGA_X_REVTPSS+MGGA_C_REVTPSS energy *****
************************************************************

=======================================================
     MGGA_X_REVTPSS+MGGA_C_REVTPSS Energy Results      
=======================================================
E MGGA_X_REVTPSS+MGGA_C_REVTPSS: -1691.69058538
Nuclear Repulsion Energy: 4433.78737291
Electronic Energy:        -5876.93838486
XC Energy:                -248.539573
Converged:                1
# of SCF iterations:      17
SCF Time:                 35.002s

=======================================================
            Individual Calculation Summary             
=======================================================
HF Energy: -1691.6905853795324219
=======================================================


Topology 12 time: 35.187961 s, performance: SP: 0 FLOP/s, DP: 31.68 TFLOP/s
JSON file written to: json_logs/lustre_orion_chm213_scratch_ryan_dhdft_inputs_exess_exess_inputs_revTPSS_def2-TZVP_isomers_21040-21059_topology_12.json
************************************************************
**************** Running topology 14 of 20 *****************
************************************************************

************************************************************
**** Beginning RI-MGGA_X_REVTPSS+MGGA_C_REVTPSS energy *****
************************************************************

=======================================================
     MGGA_X_REVTPSS+MGGA_C_REVTPSS Energy Results      
=======================================================
E MGGA_X_REVTPSS+MGGA_C_REVTPSS: -1691.70492578
Nuclear Repulsion Energy: 4536.44755093
Electronic Energy:        -5979.60617762
XC Energy:                -248.546299
Converged:                1
# of SCF iterations:      17
SCF Time:                 35.154s

=======================================================
            Individual Calculation Summary             
=======================================================
HF Energy: -1691.7049257795010817
=======================================================


Topology 13 time: 35.418020 s, performance: SP: 0 FLOP/s, DP: 31.46 TFLOP/s
JSON file written to: json_logs/lustre_orion_chm213_scratch_ryan_dhdft_inputs_exess_exess_inputs_revTPSS_def2-TZVP_isomers_21040-21059_topology_13.json
************************************************************
**************** Running topology 15 of 20 *****************
************************************************************

************************************************************
**** Beginning RI-MGGA_X_REVTPSS+MGGA_C_REVTPSS energy *****
************************************************************

=======================================================
     MGGA_X_REVTPSS+MGGA_C_REVTPSS Energy Results      
=======================================================
E MGGA_X_REVTPSS+MGGA_C_REVTPSS: -1691.69452914
Nuclear Repulsion Energy: 4701.63964102
Electronic Energy:        -6144.78427997
XC Energy:                -248.549890
Converged:                1
# of SCF iterations:      17
SCF Time:                 34.562s

=======================================================
            Individual Calculation Summary             
=======================================================
HF Energy: -1691.6945291414876920
=======================================================


Topology 14 time: 34.791668 s, performance: SP: 0 FLOP/s, DP: 31.95 TFLOP/s
JSON file written to: json_logs/lustre_orion_chm213_scratch_ryan_dhdft_inputs_exess_exess_inputs_revTPSS_def2-TZVP_isomers_21040-21059_topology_14.json
************************************************************
**************** Running topology 16 of 20 *****************
************************************************************

************************************************************
**** Beginning RI-MGGA_X_REVTPSS+MGGA_C_REVTPSS energy *****
************************************************************

=======================================================
     MGGA_X_REVTPSS+MGGA_C_REVTPSS Energy Results      
=======================================================
E MGGA_X_REVTPSS+MGGA_C_REVTPSS: -1691.68176175
Nuclear Repulsion Energy: 4707.80607207
Electronic Energy:        -6150.93729582
XC Energy:                -248.550538
Converged:                1
# of SCF iterations:      17
SCF Time:                 34.623s

=======================================================
            Individual Calculation Summary             
=======================================================
HF Energy: -1691.6817617451467868
=======================================================


Topology 15 time: 34.830308 s, performance: SP: 0 FLOP/s, DP: 31.92 TFLOP/s
JSON file written to: json_logs/lustre_orion_chm213_scratch_ryan_dhdft_inputs_exess_exess_inputs_revTPSS_def2-TZVP_isomers_21040-21059_topology_15.json
************************************************************
**************** Running topology 17 of 20 *****************
************************************************************

************************************************************
**** Beginning RI-MGGA_X_REVTPSS+MGGA_C_REVTPSS energy *****
************************************************************

=======================================================
     MGGA_X_REVTPSS+MGGA_C_REVTPSS Energy Results      
=======================================================
E MGGA_X_REVTPSS+MGGA_C_REVTPSS: -1691.6823034
Nuclear Repulsion Energy: 4655.03220005
Electronic Energy:        -6098.16649988
XC Energy:                -248.548004
Converged:                1
# of SCF iterations:      17
SCF Time:                 34.686s

=======================================================
            Individual Calculation Summary             
=======================================================
HF Energy: -1691.6823033972004851
=======================================================


Topology 16 time: 34.888846 s, performance: SP: 0 FLOP/s, DP: 31.9 TFLOP/s
JSON file written to: json_logs/lustre_orion_chm213_scratch_ryan_dhdft_inputs_exess_exess_inputs_revTPSS_def2-TZVP_isomers_21040-21059_topology_16.json
************************************************************
**************** Running topology 18 of 20 *****************
************************************************************

************************************************************
**** Beginning RI-MGGA_X_REVTPSS+MGGA_C_REVTPSS energy *****
************************************************************

=======================================================
     MGGA_X_REVTPSS+MGGA_C_REVTPSS Energy Results      
=======================================================
E MGGA_X_REVTPSS+MGGA_C_REVTPSS: -1691.67774122
Nuclear Repulsion Energy: 4703.57917421
Electronic Energy:        -6146.70837235
XC Energy:                -248.548543
Converged:                1
# of SCF iterations:      17
SCF Time:                 34.69s

=======================================================
            Individual Calculation Summary             
=======================================================
HF Energy: -1691.6777412170165462
=======================================================


Topology 17 time: 34.896908 s, performance: SP: 0 FLOP/s, DP: 31.87 TFLOP/s
JSON file written to: json_logs/lustre_orion_chm213_scratch_ryan_dhdft_inputs_exess_exess_inputs_revTPSS_def2-TZVP_isomers_21040-21059_topology_17.json
************************************************************
**************** Running topology 19 of 20 *****************
************************************************************

************************************************************
**** Beginning RI-MGGA_X_REVTPSS+MGGA_C_REVTPSS energy *****
************************************************************

=======================================================
     MGGA_X_REVTPSS+MGGA_C_REVTPSS Energy Results      
=======================================================
E MGGA_X_REVTPSS+MGGA_C_REVTPSS: -1691.69401799
Nuclear Repulsion Energy: 4563.53177479
Electronic Energy:        -6006.67875883
XC Energy:                -248.547034
Converged:                1
# of SCF iterations:      17
SCF Time:                 34.677s

=======================================================
            Individual Calculation Summary             
=======================================================
HF Energy: -1691.6940179907519450
=======================================================


Topology 18 time: 34.874062 s, performance: SP: 0 FLOP/s, DP: 31.95 TFLOP/s
JSON file written to: json_logs/lustre_orion_chm213_scratch_ryan_dhdft_inputs_exess_exess_inputs_revTPSS_def2-TZVP_isomers_21040-21059_topology_18.json
************************************************************
**************** Running topology 20 of 20 *****************
************************************************************

************************************************************
**** Beginning RI-MGGA_X_REVTPSS+MGGA_C_REVTPSS energy *****
************************************************************

=======================================================
     MGGA_X_REVTPSS+MGGA_C_REVTPSS Energy Results      
=======================================================
E MGGA_X_REVTPSS+MGGA_C_REVTPSS: -1691.69127516
Nuclear Repulsion Energy: 4478.07141408
Electronic Energy:        -5921.21883117
XC Energy:                -248.543858
Converged:                1
# of SCF iterations:      17
SCF Time:                 34.879s

=======================================================
            Individual Calculation Summary             
=======================================================
HF Energy: -1691.6912751565791950
=======================================================


Topology 19 time: 35.068732 s, performance: SP: 0 FLOP/s, DP: 31.79 TFLOP/s
JSON file written to: json_logs/lustre_orion_chm213_scratch_ryan_dhdft_inputs_exess_exess_inputs_revTPSS_def2-TZVP_isomers_21040-21059_topology_19.json
Total flops: SP: 0 FLOPS, DP: 22.274026 PFLOPS
Performance: SP: 0 FLOP/s, DP: 31.32 TFLOP/s

Now, a word from our sponsors... 
 4 tomatillos, 2 serranos, salt, pepper, 5 cloves of garlic, half an onion and a pinch of cilantro.  

[31mTotal processing time 711.442281 seconds[0m
[CRAYBLAS_WARNING] Application linked against multiple cray-libsci libraries
6336     |    0.2698
Density calculation took 0.615889s
Tau required
    6     | -1691.6893087134 |   4.5231e-03   |    1.6334     |    0.2603
Density calculation took 0.616617s
Tau required
    7     | -1691.6902877497 |   1.0441e-03   |    1.6355     |    0.2708
Density calculation took 0.616393s
Tau required
    8     | -1691.6905254757 |   2.1229e-04   |    1.6355     |    0.2615
Density calculation took 0.616208s
Tau required
    9     | -1691.6905811916 |   1.3934e-05   |    1.6328     |    0.2631
Density calculation took 0.617330s
Tau required
   10     | -1691.6905842548 |   3.8439e-06   |    1.6354     |    0.2605
Density calculation took 0.616860s
Tau required
   11     | -1691.6905852852 |   3.2238e-07   |    1.6326     |    0.2614
Density calculation took 0.616992s
Tau required
   12     | -1691.6905853522 |   9.0591e-08   |    1.6366     |    0.2609
Density calculation took 0.617030s
Tau required
   13     | -1691.6905853747 |   1.6598e-08   |    1.6336     |    0.2632
Density calculation took 0.617182s
Tau required
   14     | -1691.6905853790 |   1.9231e-09   |    1.6331     |    0.2621
Density calculation took 0.617057s
Tau required
   15     | -1691.6905853794 |   3.6709e-10   |    1.6372     |    0.2623
Density calculation took 0.617663s
Tau required
   16     | -1691.6905853795 |   2.1979e-10   |    1.6352     |    0.2616
Density calculation took 0.616947s
Tau required
   17     | -1691.6905853795 |   3.2197e-11   |    1.6362     |    0.2611
Created 699319 / 2985984 significant shell pairs
Created 542867 / 2274064 significant shell pairs
Total number of grid points: 392570 (5773 per atom)
One electron integrals and orthogonalizer took 0.054447s
Created 542867 / 2274064 significant shell pairs
3C integrals and B formation took 2.125263s
Iteration |      Energy      |  DIIS Metric   | Fock Time (s) | DIIS Time (s)
----------+------------------+----------------+---------------+--------------
Density calculation took 0.684515s
Tau required
    1     | -1702.3215104727 |   1.0341e+03   |    1.8360     |    0.2943
Density calculation took 0.633047s
Tau required
    2     | -1690.8769356360 |   2.9316e+00   |    1.6588     |    0.2597
Density calculation took 0.606505s
Tau required
    3     | -1690.6776917579 |   3.7424e+00   |    1.6458     |    0.2690
Density calculation took 0.606948s
Tau required
    4     | -1691.6682269326 |   1.2754e-01   |    1.6399     |    0.2585
Density calculation took 0.608926s
Tau required
    5     | -1691.6865958174 |   6.3718e-02   |    1.6453     |    0.2681
Density calculation took 0.608798s
Tau required
    6     | -1691.7029273440 |   6.8090e-03   |    1.6395     |    0.2599
Density calculation took 0.608750s
Tau required
    7     | -1691.7045382515 |   1.3148e-03   |    1.6451     |    0.2709
Density calculation took 0.607262s
Tau required
    8     | -1691.7048420480 |   2.9727e-04   |    1.6383     |    0.2618
Density calculation took 0.608676s
Tau required
    9     | -1691.7049204715 |   1.7657e-05   |    1.6418     |    0.2611
Density calculation took 0.607363s
Tau required
   10     | -1691.7049243016 |   5.0835e-06   |    1.6391     |    0.2618
Density calculation took 0.608992s
Tau required
   11     | -1691.7049256420 |   4.8927e-07   |    1.6453     |    0.2647
Density calculation took 0.606639s
Tau required
   12     | -1691.7049257466 |   1.1168e-07   |    1.6773     |    0.2626
Density calculation took 0.608730s
Tau required
   13     | -1691.7049257719 |   2.5574e-08   |    1.6428     |    0.2623
Density calculation took 0.607318s
Tau required
   14     | -1691.7049257788 |   2.3819e-09   |    1.6389     |    0.2621
Density calculation took 0.609103s
Tau required
   15     | -1691.7049257794 |   4.2799e-10   |    1.6479     |    0.2625
Density calculation took 0.607371s
Tau required
   16     | -1691.7049257794 |   2.7241e-10   |    1.6373     |    0.2639
Density calculation took 0.609062s
Tau required
   17     | -1691.7049257795 |   2.8780e-11   |    1.6448     |    0.2616
Created 757812 / 2985984 significant shell pairs
Created 587952 / 2274064 significant shell pairs
Total number of grid points: 392887 (5777 per atom)
One electron integrals and orthogonalizer took 0.053670s
Created 587952 / 2274064 significant shell pairs
3C integrals and B formation took 2.164603s
Iteration |      Energy      |  DIIS Metric   | Fock Time (s) | DIIS Time (s)
----------+------------------+----------------+---------------+--------------
Density calculation took 0.655260s
Tau required
    1     | -1702.3378593412 |   1.0409e+03   |    1.8096     |    0.2938
Density calculation took 0.627051s
Tau required
    2     | -1690.8604510197 |   2.9590e+00   |    1.6414     |    0.2585
Density calculation took 0.605162s
Tau required
    3     | -1690.5709394480 |   4.0971e+00   |    1.6029     |    0.2668
Density calculation took 0.605489s
Tau required
    4     | -1691.5983305763 |   3.2995e-01   |    1.6074     |    0.2604
Density calculation took 0.606814s
Tau required
    5     | -1691.6653958905 |   1.0375e-01   |    1.6065     |    0.2697
Density calculation took 0.606235s
Tau required
    6     | -1691.6912128411 |   1.1918e-02   |    1.6074     |    0.2604
Density calculation took 0.606882s
Tau required
    7     | -1691.6939311799 |   2.0408e-03   |    1.6054     |    0.2709
Density calculation took 0.606219s
Tau required
    8     | -1691.6943228417 |   7.1007e-04   |    1.6068     |    0.2613
Density calculation took 0.606816s
Tau required
    9     | -1691.6945179520 |   3.9927e-05   |    1.6021     |    0.2613
Density calculation took 0.605862s
Tau required
   10     | -1691.6945279088 |   4.4887e-06   |    1.6093     |    0.2610
Density calculation took 0.606861s
Tau required
   11     | -1691.6945288311 |   1.0915e-06   |    1.6042     |    0.2624
Density calculation took 0.606034s
Tau required
   12     | -1691.6945291155 |   9.0137e-08   |    1.6057     |    0.2624
Density calculation took 0.606992s
Tau required
   13     | -1691.6945291312 |   3.6178e-08   |    1.6017     |    0.2610
Density calculation took 0.606181s
Tau required
   14     | -1691.6945291405 |   3.3632e-09   |    1.6085     |    0.2618
Density calculation took 0.606914s
Tau required
   15     | -1691.6945291410 |   1.7550e-09   |    1.6007     |    0.2610
Density calculation took 0.606293s
Tau required
   16     | -1691.6945291415 |   1.5161e-10   |    1.6058     |    0.2614
Density calculation took 0.606921s
Tau required
   17     | -1691.6945291415 |   4.9027e-11   |    1.6014     |    0.2626
Created 761309 / 2985984 significant shell pairs
Created 590129 / 2274064 significant shell pairs
Total number of grid points: 392550 (5772 per atom)
One electron integrals and orthogonalizer took 0.054574s
Created 590129 / 2274064 significant shell pairs
3C integrals and B formation took 2.170288s
Iteration |      Energy      |  DIIS Metric   | Fock Time (s) | DIIS Time (s)
----------+------------------+----------------+---------------+--------------
Density calculation took 0.654569s
Tau required
    1     | -1702.3394116982 |   1.0431e+03   |    1.8009     |    0.2946
Density calculation took 0.635621s
Tau required
    2     | -1690.8504078071 |   2.9496e+00   |    1.6382     |    0.2597
Density calculation took 0.611810s
Tau required
    3     | -1690.5602595827 |   4.1102e+00   |    1.6124     |    0.2684
Density calculation took 0.612031s
Tau required
    4     | -1691.5805853819 |   3.4536e-01   |    1.6132     |    0.2604
Density calculation took 0.612358s
Tau required
    5     | -1691.6514513002 |   1.0669e-01   |    1.6048     |    0.2706
Density calculation took 0.614046s
Tau required
    6     | -1691.6787305520 |   1.1141e-02   |    1.6125     |    0.2589
Density calculation took 0.612432s
Tau required
    7     | -1691.6812037321 |   1.8896e-03   |    1.6042     |    0.2702
Density calculation took 0.612504s
Tau required
    8     | -1691.6815464404 |   7.3331e-04   |    1.6125     |    0.2615
Density calculation took 0.614518s
Tau required
    9     | -1691.6817503268 |   4.0008e-05   |    1.6051     |    0.2615
Density calculation took 0.612356s
Tau required
   10     | -1691.6817603999 |   4.6665e-06   |    1.6135     |    0.2629
Density calculation took 0.614176s
Tau required
   11     | -1691.6817613209 |   1.3782e-06   |    1.6049     |    0.2622
Density calculation took 0.612611s
Tau required
   12     | -1691.6817617133 |   1.1140e-07   |    1.6129     |    0.2622
Density calculation took 0.614270s
Tau required
   13     | -1691.6817617349 |   3.6394e-08   |    1.6046     |    0.2623
Density calculation took 0.612879s
Tau required
   14     | -1691.6817617443 |   2.9672e-09   |    1.6129     |    0.2610
Density calculation took 0.614082s
Tau required
   15     | -1691.6817617448 |   1.1692e-09   |    1.6059     |    0.2653
Density calculation took 0.612992s
Tau required
   16     | -1691.6817617451 |   2.1096e-10   |    1.6117     |    0.2617
Density calculation took 0.614025s
Tau required
   17     | -1691.6817617451 |   3.4079e-11   |    1.6045     |    0.2616
Created 740836 / 2985984 significant shell pairs
Created 575040 / 2274064 significant shell pairs
Total number of grid points: 392798 (5776 per atom)
One electron integrals and orthogonalizer took 0.053724s
Created 575040 / 2274064 significant shell pairs
3C integrals and B formation took 2.163807s
Iteration |      Energy      |  DIIS Metric   | Fock Time (s) | DIIS Time (s)
----------+------------------+----------------+---------------+--------------
Density calculation took 0.668004s
Tau required
    1     | -1702.3254540359 |   1.0400e+03   |    1.8354     |    0.2946
Density calculation took 0.634314s
Tau required
    2     | -1690.8558687583 |   2.9249e+00   |    1.6434     |    0.2584
Density calculation took 0.613685s
Tau required
    3     | -1690.6405848096 |   3.7993e+00   |    1.6103     |    0.2666
Density calculation took 0.612585s
Tau required
    4     | -1691.6360831973 |   1.5679e-01   |    1.6142     |    0.2584
Density calculation took 0.613059s
Tau required
    5     | -1691.6603517822 |   7.4317e-02   |    1.6091     |    0.2689
Density calculation took 0.613146s
Tau required
    6     | -1691.6807467395 |   5.5682e-03   |    1.6135     |    0.2599
Density calculation took 0.613252s
Tau required
    7     | -1691.6819427381 |   1.2319e-03   |    1.6090     |    0.2719
Density calculation took 0.612805s
Tau required
    8     | -1691.6821830667 |   4.2405e-04   |    1.6120     |    0.2622
Density calculation took 0.613912s
Tau required
    9     | -1691.6822962247 |   2.4940e-05   |    1.6105     |    0.2634
Density calculation took 0.612787s
Tau required
   10     | -1691.6823022594 |   4.1076e-06   |    1.6141     |    0.2623
Density calculation took 0.613633s
Tau required
   11     | -1691.6823033187 |   2.8759e-07   |    1.6097     |    0.2629
Density calculation took 0.612962s
Tau required
   12     | -1691.6823033669 |   1.0905e-07   |    1.6139     |    0.2623
Density calculation took 0.613461s
Tau required
   13     | -1691.6823033914 |   2.0113e-08   |    1.6085     |    0.2618
Density calculation took 0.612943s
Tau required
   14     | -1691.6823033965 |   2.4991e-09   |    1.6125     |    0.2623
Density calculation took 0.613622s
Tau required
   15     | -1691.6823033971 |   4.7417e-10   |    1.6084     |    0.2617
Density calculation took 0.612790s
Tau required
   16     | -1691.6823033971 |   1.8898e-10   |    1.6115     |    0.2637
Density calculation took 0.613701s
Tau required
   17     | -1691.6823033972 |   1.5371e-11   |    1.6075     |    0.2626
Created 758189 / 2985984 significant shell pairs
Created 587936 / 2274064 significant shell pairs
Total number of grid points: 392351 (5769 per atom)
One electron integrals and orthogonalizer took 0.053076s
Created 587936 / 2274064 significant shell pairs
3C integrals and B formation took 2.175633s
Iteration |      Energy      |  DIIS Metric   | Fock Time (s) | DIIS Time (s)
----------+------------------+----------------+---------------+--------------
Density calculation took 0.688700s
Tau required
    1     | -1702.3337702425 |   1.0423e+03   |    1.8591     |    0.2946
Density calculation took 0.632572s
Tau required
    2     | -1690.8468764267 |   2.9498e+00   |    1.6412     |    0.2595
Density calculation took 0.610199s
Tau required
    3     | -1690.5678365447 |   4.0842e+00   |    1.6057     |    0.2690
Density calculation took 0.610438s
Tau required
    4     | -1691.5985843120 |   2.7290e-01   |    1.6100     |    0.2598
Density calculation took 0.610756s
Tau required
    5     | -1691.6487377221 |   1.0272e-01   |    1.6081     |    0.2696
Density calculation took 0.612121s
Tau required
    6     | -1691.6746203198 |   1.1353e-02   |    1.6076     |    0.2613
Density calculation took 0.610799s
Tau required
    7     | -1691.6772446100 |   1.6850e-03   |    1.6072     |    0.2727
Density calculation took 0.610417s
Tau required
    8     | -1691.6775730889 |   5.6412e-04   |    1.6090     |    0.2629
Density calculation took 0.612155s
Tau required
    9     | -1691.6777289476 |   4.0582e-05   |    1.6072     |    0.2624
Density calculation took 0.610156s
Tau required
   10     | -1691.6777393939 |   6.2174e-06   |    1.6094     |    0.2625
Density calculation took 0.612287s
Tau required
   11     | -1691.6777408082 |   1.3738e-06   |    1.6092     |    0.2632
Density calculation took 0.610975s
Tau required
   12     | -1691.6777411943 |   8.0244e-08   |    1.6093     |    0.2652
Density calculation took 0.612171s
Tau required
   13     | -1691.6777412087 |   3.0565e-08   |    1.6080     |    0.2620
Density calculation took 0.610614s
Tau required
   14     | -1691.6777412162 |   2.9304e-09   |    1.6080     |    0.2640
Density calculation took 0.612094s
Tau required
   15     | -1691.6777412166 |   1.3676e-09   |    1.6073     |    0.2624
Density calculation took 0.610728s
Tau required
   16     | -1691.6777412170 |   2.4266e-10   |    1.6101     |    0.2619
Density calculation took 0.612111s
Tau required
   17     | -1691.6777412170 |   2.8791e-11   |    1.6101     |    0.2626
Created 707770 / 2985984 significant shell pairs
Created 549366 / 2274064 significant shell pairs
Total number of grid points: 392458 (5771 per atom)
One electron integrals and orthogonalizer took 0.057683s
Created 549366 / 2274064 significant shell pairs
3C integrals and B formation took 2.157266s
Iteration |      Energy      |  DIIS Metric   | Fock Time (s) | DIIS Time (s)
----------+------------------+----------------+---------------+--------------
Density calculation took 0.695793s
Tau required
    1     | -1702.3232579647 |   1.0364e+03   |    1.8629     |    0.2950
Density calculation took 0.628381s
Tau required
    2     | -1690.8669293630 |   2.9281e+00   |    1.6432     |    0.2588
Density calculation took 0.606276s
Tau required
    3     | -1690.6549716325 |   3.7919e+00   |    1.6094     |    0.2671
Density calculation took 0.607071s
Tau required
    4     | -1691.6494785339 |   1.5194e-01   |    1.6094     |    0.2602
Density calculation took 0.607380s
Tau required
    5     | -1691.6719811261 |   7.6234e-02   |    1.6075     |    0.2698
Density calculation took 0.607298s
Tau required
    6     | -1691.6925356151 |   5.2713e-03   |    1.6075     |    0.2604
Density calculation took 0.607439s
Tau required
    7     | -1691.6936374068 |   1.2883e-03   |    1.6077     |    0.2714
Density calculation took 0.606997s
Tau required
    8     | -1691.6939286394 |   3.1288e-04   |    1.6087     |    0.2624
Density calculation took 0.607644s
Tau required
    9     | -1691.6940119689 |   2.1147e-05   |    1.6098     |    0.2622
Density calculation took 0.606754s
Tau required
   10     | -1691.6940164518 |   5.3508e-06   |    1.6082     |    0.2618
Density calculation took 0.607681s
Tau required
   11     | -1691.6940178079 |   6.2229e-07   |    1.6078     |    0.2646
Density calculation took 0.606908s
Tau required
   12     | -1691.6940179632 |   9.5390e-08   |    1.6089     |    0.2630
Density calculation took 0.607793s
Tau required
   13     | -1691.6940179858 |   1.6556e-08   |    1.6088     |    0.2639
Density calculation took 0.607334s
Tau required
   14     | -1691.6940179900 |   2.4636e-09   |    1.6073     |    0.2646
Density calculation took 0.607473s
Tau required
   15     | -1691.6940179906 |   5.5406e-10   |    1.6084     |    0.2633
Density calculation took 0.607030s
Tau required
   16     | -1691.6940179907 |   1.6570e-10   |    1.6091     |    0.2620
Density calculation took 0.607853s
Tau required
   17     | -1691.6940179908 |   2.0649e-11   |    1.6075     |    0.2633
Created 682893 / 2985984 significant shell pairs
Created 529313 / 2274064 significant shell pairs
Total number of grid points: 392535 (5772 per atom)
One electron integrals and orthogonalizer took 0.052618s
Created 529313 / 2274064 significant shell pairs
3C integrals and B formation took 2.089279s
Iteration |      Energy      |  DIIS Metric   | Fock Time (s) | DIIS Time (s)
----------+------------------+----------------+---------------+--------------
Density calculation took 0.663725s
Tau required
    1     | -1702.3158048474 |   1.0342e+03   |    1.8151     |    0.2947
Density calculation took 0.637648s
Tau required
    2     | -1690.8675787382 |   2.9124e+00   |    1.6594     |    0.2586
Density calculation took 0.616143s
Tau required
    3     | -1690.6774821983 |   3.7105e+00   |    1.6271     |    0.2672
Density calculation took 0.616105s
Tau required
    4     | -1691.6613049683 |   1.0705e-01   |    1.6317     |    0.2590
Density calculation took 0.616197s
Tau required
    5     | -1691.6772029676 |   4.9823e-02   |    1.6294     |    0.2701
Density calculation took 0.616397s
Tau required
    6     | -1691.6902265320 |   3.6785e-03   |    1.6329     |    0.2607
Density calculation took 0.616849s
Tau required
    7     | -1691.6909457108 |   1.1145e-03   |    1.6274     |    0.2720
Density calculation took 0.616709s
Tau required
    8     | -1691.6912143633 |   2.1039e-04   |    1.6318     |    0.2625
Density calculation took 0.616089s
Tau required
    9     | -1691.6912717412 |   1.1614e-05   |    1.6287     |    0.2661
Density calculation took 0.616253s
Tau required
   10     | -1691.6912741939 |   3.3555e-06   |    1.6304     |    0.2607
Density calculation took 0.616458s
Tau required
   11     | -1691.6912750885 |   2.3842e-07   |    1.6306     |    0.2620
Density calculation took 0.616677s
Tau required
   12     | -1691.6912751247 |   1.0727e-07   |    1.6313     |    0.2628
Density calculation took 0.616943s
Tau required
   13     | -1691.6912751533 |   1.0805e-08   |    1.6265     |    0.2638
Density calculation took 0.616607s
Tau required
   14     | -1691.6912751561 |   1.7195e-09   |    1.6313     |    0.2621
Density calculation took 0.616458s
Tau required
   15     | -1691.6912751565 |   3.0815e-10   |    1.6289     |    0.2640
Density calculation took 0.616942s
Tau required
   16     | -1691.6912751565 |   2.1724e-10   |    1.6306     |    0.2628
Density calculation took 0.617042s
Tau required
   17     | -1691.6912751566 |   2.6253e-11   |    1.6274     |    0.2635
Please cite the following papers for the methods used in this calculation:
 - J.L. Galvez Vallejo et. al., Toward an extreme-scale electronic structure system, J. Chem. Phys., 2023. DOI: 10.1063/5.0156399

 - R. Stocks, E. Palethorpe, and G.M.J. Barca, Multi-GPU RI-HF Energies and Analytic Gradients ─ Toward High-Throughput Ab Initio Molecular Dynamics, J. Chem. Theory Comput., 2024. DOI: 10.1021/acs.jctc.4c00877
   For:
     * RI-HF energy

 - S. Lehtola, C. Steigemann, M.J.T. Oliveira, and M.A.L. Marques, Recent developments in Libxc: A comprehensive library of functionals for density functional theory, SoftwareX, 2018. DOI: 10.1016/j.softx.2017.11.002
   For:
     * LibXC version 6.2.0

 - D.B. Williams-Young, W.A. de Jong, H.J.J. van Dam, and C. Yang, On the Efficient Evaluation of the Exchange Correlation Potential on Graphics Processing Unit Clusters, Frontiers in Chemistry, 2020. DOI: 10.3389/fchem.2020.581058
   For:
     * ExchCXX GPU implementation of exchange-correlation functionals

 - R. Stocks and G.M.J. Barca, Efficient Algorithms for GPU Accelerated Evaluation of the DFT Exchange-Correlation Functional, J. Chem. Theory Comput., 2025. DOI: 10.1021/acs.jctc.5c01229
   For:
     * GPU accelerated DFT exchange-correlation evaluation

 - J. P. Perdew, A. Ruzsinszky, G. I. Csonka, L. A. Constantin, and J. Sun.,  Phys. Rev. Lett. 103, 026403 (2009) DOI: 10.1103/PhysRevLett.103.026403
   For:
     * MGGA_X_REVTPSS XC Functional
     * MGGA_C_REVTPSS XC Functional

[CRAYBLAS_WARNING] Application linked against multiple cray-libsci libraries
