Total number of grid points: 392052 (5765 per atom)
Density calculation took 0.664980s
Tau required
Density calculation took 0.645769s
Tau required
Density calculation took 0.612254s
Tau required
Density calculation took 0.612444s
Tau required
Density calculation took 0.612786s
Tau required
Density calculation took 0.612629s
Tau required
Density calculation took 0.613381s
Tau required
Density calculation took 0.613264s
Tau required
Density calculation took 0.613231s
Tau required
Density calculation took 0.613367s
Tau required
Density calculation took 0.613733s
Tau required
Density calculation took 0.613557s
Tau required
Density calculation took 0.613956s
Tau required
Density calculation took 0.613720s
Tau required
Density calculation took 0.614074s
Tau required
Density calculation took 0.614197s
Tau required
Total number of grid points: 392950 (5778 per atom)
Density calculation took 0.692106s
Tau required
Density calculation took 0.640356s
Tau required
Density calculation took 0.619253s
Tau required
Density calculation took 0.619027s
Tau required
Density calculation took 0.618842s
Tau required
Density calculation took 0.619111s
Tau required
Density calculation took 0.618922s
Tau required
Density calculation took 0.619254s
Tau required
Density calculation took 0.619544s
Tau required
Density calculation took 0.619362s
Tau required
Density calculation took 0.619814s
Tau required
Density calculation took 0.619487s
Tau required
Density calculation took 0.619332s
Tau required
Density calculation took 0.619599s
Tau required
Density calculation took 0.620147s
Tau required
Density calculation took 0.619593s
Tau required
Total number of grid points: 392459 (5771 per atom)
Density calculation took 0.656615s
Tau required
Density calculation took 0.637887s
Tau required
Density calculation took 0.613752s
Tau required
Density calculation took 0.612690s
Tau required
Density calculation took 0.612785s
Tau required
Density calculation took 0.612786s
Tau required
Density calculation took 0.613800s
Tau required
Density calculation took 0.612541s
Tau required
Density calculation took 0.612930s
Tau required
Density calculation took 0.613823s
Tau required
Density calculation took 0.613871s
Tau required
Density calculation took 0.613885s
Tau required
Density calculation took 0.613929s
Tau required
Density calculation took 0.613360s
Tau required
Density calculation took 0.613075s
Tau required
Density calculation took 0.613763s
Tau required
Total number of grid points: 391831 (5762 per atom)
Density calculation took 0.664838s
Tau required
Density calculation took 0.636684s
Tau required
Density calculation took 0.615768s
Tau required
Density calculation took 0.616223s
Tau required
Density calculation took 0.615758s
Tau required
Density calculation took 0.616072s
Tau required
Density calculation took 0.616314s
Tau required
Density calculation took 0.616110s
Tau required
Density calculation took 0.616453s
Tau required
Density calculation took 0.616107s
Tau required
Density calculation took 0.616480s
Tau required
Density calculation took 0.616072s
Tau required
Density calculation took 0.616405s
Tau required
Density calculation took 0.616522s
Tau required
Density calculation took 0.616444s
Tau required
Density calculation took 0.616227s
Tau required
Total number of grid points: 393240 (5782 per atom)
Density calculation took 0.692628s
Tau required
Density calculation took 0.639369s
Tau required
Density calculation took 0.617819s
Tau required
Density calculation took 0.618068s
Tau required
Density calculation took 0.619645s
Tau required
Density calculation took 0.619752s
Tau required
Density calculation took 0.619606s
Tau required
Density calculation took 0.619604s
Tau required
Density calculation took 0.619298s
Tau required
Density calculation took 0.619414s
Tau required
Density calculation took 0.619699s
Tau required
Density calculation took 0.618517s
Tau required
Density calculation took 0.619263s
Tau required
Density calculation took 0.619376s
Tau required
Density calculation took 0.617940s
Tau required
Density calculation took 0.618566s
Tau required
Total number of grid points: 392124 (5766 per atom)
Density calculation took 0.660247s
Tau required
Density calculation took 0.635211s
Tau required
Density calculation took 0.613831s
Tau required
Density calculation took 0.614015s
Tau required
Density calculation took 0.614090s
Tau required
Density calculation took 0.614529s
Tau required
Density calculation took 0.614296s
Tau required
Density calculation took 0.613971s
Tau required
Density calculation took 0.614355s
Tau required
Density calculation took 0.613894s
Tau required
Density calculation took 0.614224s
Tau required
Density calculation took 0.614492s
Tau required
Density calculation took 0.614436s
Tau required
Density calculation took 0.613563s
Tau required
Density calculation took 0.614369s
Tau required
Density calculation took 0.614424s
Tau required
Total number of grid points: 392463 (5771 per atom)
Density calculation took 0.662103s
Tau required
Density calculation took 0.637595s
Tau required
Density calculation took 0.616344s
Tau required
Density calculation took 0.616567s
Tau required
Density calculation took 0.616820s
Tau required
Density calculation took 0.616823s
Tau required
Density calculation took 0.616497s
Tau required
Density calculation took 0.616622s
Tau required
Density calculation took 0.616736s
Tau required
Density calculation took 0.616512s
Tau required
Density calculation took 0.616776s
Tau required
Density calculation took 0.616986s
Tau required
Density calculation took 0.617081s
Tau required
Density calculation took 0.616707s
Tau required
Density calculation took 0.616540s
Tau required
Density calculation took 0.616611s
Tau required
Total number of grid points: 393117 (5781 per atom)
Density calculation took 0.660302s
Tau required
Density calculation took 0.640966s
Tau required
Density calculation took 0.619552s
Tau required
Density calculation took 0.620243s
Tau required
Density calculation took 0.620051s
Tau required
Density calculation took 0.620382s
Tau required
Density calculation took 0.620684s
Tau required
Density calculation took 0.620102s
Tau required
Density calculation took 0.620139s
Tau required
Density calculation took 0.620473s
Tau required
Density calculation took 0.620407s
Tau required
Density calculation took 0.620426s
Tau required
Density calculation took 0.620523s
Tau required
Density calculation took 0.620413s
Tau required
Density calculation took 0.620622s
Tau required
Density calculation took 0.620366s
Tau required
Density calculation took 0.620761s
Tau required
Total number of grid points: 392639 (5774 per atom)
Density calculation took 0.695008s
Tau required
Density calculation took 0.641155s
Tau required
Density calculation took 0.619078s
Tau required
Density calculation took 0.619438s
Tau required
Density calculation took 0.619542s
Tau required
Density calculation took 0.619376s
Tau required
Density calculation took 0.619498s
Tau required
Density calculation took 0.619455s
Tau required
Density calculation took 0.619704s
Tau required
Density calculation took 0.619781s
Tau required
Density calculation took 0.619754s
Tau required
Density calculation took 0.619417s
Tau required
Density calculation took 0.619816s
Tau required
Density calculation took 0.619723s
Tau required
Density calculation took 0.619749s
Tau required
Density calculation took 0.619831s
Tau required
Total number of grid points: 390622 (5744 per atom)
Density calculation took 0.662050s
Tau required
Density calculation took 0.637888s
Tau required
Density calculation took 0.615090s
Tau required
Density calculation took 0.614314s
Tau required
Density calculation took 0.614948s
Tau required
Density calculation took 0.614093s
Tau required
Density calculation took 0.613268s
Tau required
Density calculation took 0.613519s
Tau required
Density calculation took 0.615446s
Tau required
Density calculation took 0.614874s
Tau required
Density calculation took 0.615205s
Tau required
Density calculation took 0.614073s
Tau required
Density calculation took 0.615452s
Tau required
Density calculation took 0.613855s
Tau required
Density calculation took 0.615578s
Tau required
Density calculation took 0.614856s
Tau required
Total number of grid points: 392671 (5774 per atom)
Density calculation took 0.658090s
Tau required
Density calculation took 0.644015s
Tau required
Density calculation took 0.621551s
Tau required
Density calculation took 0.621623s
Tau required
Density calculation took 0.622018s
Tau required
Density calculation took 0.622046s
Tau required
Density calculation took 0.622211s
Tau required
Density calculation took 0.622053s
Tau required
Density calculation took 0.622296s
Tau required
Density calculation took 0.622159s
Tau required
Density calculation took 0.622504s
Tau required
Density calculation took 0.622093s
Tau required
Density calculation took 0.622045s
Tau required
Density calculation took 0.621976s
Tau required
Density calculation took 0.621995s
Tau required
Density calculation took 0.622137s
Tau required
Total number of grid points: 392057 (5765 per atom)
Density calculation took 0.700100s
Tau required
Density calculation took 0.641644s
Tau required
Density calculation took 0.619137s
Tau required
Density calculation took 0.619248s
Tau required
Density calculation took 0.619059s
Tau required
Density calculation took 0.619120s
Tau required
Density calculation took 0.619170s
Tau required
Density calculation took 0.619238s
Tau required
Density calculation took 0.619475s
Tau required
Density calculation took 0.619375s
Tau required
Density calculation took 0.619438s
Tau required
Density calculation took 0.619298s
Tau required
Density calculation took 0.619728s
Tau required
Density calculation took 0.619386s
Tau required
Density calculation took 0.619622s
Tau required
Density calculation took 0.619610s
Tau required
Total number of grid points: 392921 (5778 per atom)
Density calculation took 0.658074s
Tau required
Density calculation took 0.643476s
Tau required
Density calculation took 0.622723s
Tau required
Density calculation took 0.622621s
Tau required
Density calculation took 0.622980s
Tau required
Density calculation took 0.623099s
Tau required
Density calculation took 0.623043s
Tau required
Density calculation took 0.622963s
Tau required
Density calculation took 0.623218s
Tau required
Density calculation took 0.622900s
Tau required
Density calculation took 0.622924s
Tau required
Density calculation took 0.622872s
Tau required
Density calculation took 0.622982s
Tau required
Density calculation took 0.623056s
Tau required
Density calculation took 0.623051s
Tau required
Density calculation took 0.623347s
Tau required
Total number of grid points: 392644 (5774 per atom)
Density calculation took 0.658506s
Tau required
Density calculation took 0.644724s
Tau required
Density calculation took 0.622611s
Tau required
Density calculation took 0.622971s
Tau required
Density calculation took 0.622666s
Tau required
Density calculation took 0.623281s
Tau required
Density calculation took 0.622897s
Tau required
Density calculation took 0.622756s
Tau required
Density calculation took 0.623178s
Tau required
Density calculation took 0.623218s
Tau required
Density calculation took 0.622889s
Tau required
Density calculation took 0.623299s
Tau required
Density calculation took 0.623575s
Tau required
Density calculation took 0.623347s
Tau required
Density calculation took 0.623213s
Tau required
Density calculation took 0.623466s
Tau required
Total number of grid points: 393097 (5780 per atom)
Density calculation took 0.660785s
Tau required
Density calculation took 0.640481s
Tau required
Density calculation took 0.619117s
Tau required
Density calculation took 0.619637s
Tau required
Density calculation took 0.619636s
Tau required
Density calculation took 0.619754s
Tau required
Density calculation took 0.619978s
Tau required
Density calculation took 0.619772s
Tau required
Density calculation took 0.620198s
Tau required
Density calculation took 0.619658s
Tau required
Density calculation took 0.619529s
Tau required
Density calculation took 0.619374s
Tau required
Density calculation took 0.619720s
Tau required
Density calculation took 0.619993s
Tau required
Density calculation took 0.619742s
Tau required
Density calculation took 0.619783s
Tau required
Total number of grid points: 392213 (5767 per atom)
Density calculation took 0.697077s
Tau required
Density calculation took 0.637660s
Tau required
Density calculation took 0.613288s
Tau required
Density calculation took 0.611982s
Tau required
Density calculation took 0.611005s
Tau required
Density calculation took 0.612795s
Tau required
Density calculation took 0.612801s
Tau required
Density calculation took 0.613652s
Tau required
Density calculation took 0.613643s
Tau required
Density calculation took 0.613221s
Tau required
Density calculation took 0.613436s
Tau required
Density calculation took 0.613095s
Tau required
Density calculation took 0.613480s
Tau required
Density calculation took 0.613112s
Tau required
Density calculation took 0.613356s
Tau required
Density calculation took 0.614125s
Tau required
Total number of grid points: 392129 (5766 per atom)
Density calculation took 0.664868s
Tau required
Density calculation took 0.643755s
Tau required
Density calculation took 0.622394s
Tau required
Density calculation took 0.622245s
Tau required
Density calculation took 0.622447s
Tau required
Density calculation took 0.622587s
Tau required
Density calculation took 0.622707s
Tau required
Density calculation took 0.622817s
Tau required
Density calculation took 0.622318s
Tau required
Density calculation took 0.622674s
Tau required
Density calculation took 0.623096s
Tau required
Density calculation took 0.622789s
Tau required
Density calculation took 0.622748s
Tau required
Density calculation took 0.622791s
Tau required
Density calculation took 0.622771s
Tau required
Density calculation took 0.622546s
Tau required
Total number of grid points: 392389 (5770 per atom)
Density calculation took 0.694886s
Tau required
Density calculation took 0.639983s
Tau required
Density calculation took 0.619693s
Tau required
Density calculation took 0.619791s
Tau required
Density calculation took 0.619811s
Tau required
Density calculation took 0.619546s
Tau required
Density calculation took 0.619598s
Tau required
Density calculation took 0.619737s
Tau required
Density calculation took 0.620059s
Tau required
Density calculation took 0.620356s
Tau required
Density calculation took 0.620208s
Tau required
Density calculation took 0.619914s
Tau required
Density calculation took 0.620060s
Tau required
Density calculation took 0.620293s
Tau required
Density calculation took 0.620303s
Tau required
Density calculation took 0.620251s
Tau required
Total number of grid points: 392213 (5767 per atom)
Density calculation took 0.700203s
Tau required
Density calculation took 0.642551s
Tau required
Density calculation took 0.621593s
Tau required
Density calculation took 0.621238s
Tau required
Density calculation took 0.621932s
Tau required
Density calculation took 0.621478s
Tau required
Density calculation took 0.621654s
Tau required
Density calculation took 0.621652s
Tau required
Density calculation took 0.621858s
Tau required
Density calculation took 0.621605s
Tau required
Density calculation took 0.621170s
Tau required
Density calculation took 0.622157s
Tau required
Density calculation took 0.622226s
Tau required
Density calculation took 0.622078s
Tau required
Density calculation took 0.621143s
Tau required
Density calculation took 0.621681s
Tau required
Total number of grid points: 393082 (5780 per atom)
Density calculation took 0.697273s
Tau required
Density calculation took 0.637990s
Tau required
Density calculation took 0.616626s
Tau required
Density calculation took 0.616257s
Tau required
Density calculation took 0.616300s
Tau required
Density calculation took 0.616415s
Tau required
Density calculation took 0.616828s
Tau required
Density calculation took 0.617334s
Tau required
Density calculation took 0.616978s
Tau required
Density calculation took 0.616982s
Tau required
Density calculation took 0.616870s
Tau required
Density calculation took 0.616620s
Tau required
Density calculation took 0.616773s
Tau required
Density calculation took 0.617512s
Tau required
Density calculation took 0.616895s
Tau required
Density calculation took 0.616832s
Tau required
Density calculation took 0.616399s
Tau required
[CRAYBLAS_WARNING] Application linked against multiple cray-libsci libraries
===================================================


Topology 8 time: 31.419347 s, performance: SP: 0 FLOP/s, DP: 33.51 TFLOP/s
JSON file written to: json_logs/lustre_orion_chm213_scratch_ryan_dhdft_inputs_exess_exess_inputs_SCAN_def2-TZVP_isomers_25500-25519_topology_8.json
************************************************************
**************** Running topology 10 of 20 *****************
************************************************************

************************************************************
******* Beginning RI-MGGA_X_SCAN+MGGA_C_SCAN energy ********
************************************************************

=======================================================
        MGGA_X_SCAN+MGGA_C_SCAN Energy Results         
=======================================================
E MGGA_X_SCAN+MGGA_C_SCAN: -1691.11840629
Nuclear Repulsion Energy: 4598.6315852
Electronic Energy:        -6041.8681632
XC Energy:                -247.881828
Converged:                1
# of SCF iterations:      16
SCF Time:                 31.111s

=======================================================
            Individual Calculation Summary             
=======================================================
HF Energy: -1691.1184062938314128
=======================================================


Topology 9 time: 31.310294 s, performance: SP: 0 FLOP/s, DP: 33.63 TFLOP/s
JSON file written to: json_logs/lustre_orion_chm213_scratch_ryan_dhdft_inputs_exess_exess_inputs_SCAN_def2-TZVP_isomers_25500-25519_topology_9.json
************************************************************
**************** Running topology 11 of 20 *****************
************************************************************

************************************************************
******* Beginning RI-MGGA_X_SCAN+MGGA_C_SCAN energy ********
************************************************************

=======================================================
        MGGA_X_SCAN+MGGA_C_SCAN Energy Results         
=======================================================
E MGGA_X_SCAN+MGGA_C_SCAN: -1691.11263508
Nuclear Repulsion Energy: 4464.09124438
Electronic Energy:        -5907.33329338
XC Energy:                -247.870586
Converged:                1
# of SCF iterations:      16
SCF Time:                 31.22s

=======================================================
            Individual Calculation Summary             
=======================================================
HF Energy: -1691.1126350814806756
=======================================================


Topology 10 time: 31.409809 s, performance: SP: 0 FLOP/s, DP: 33.52 TFLOP/s
JSON file written to: json_logs/lustre_orion_chm213_scratch_ryan_dhdft_inputs_exess_exess_inputs_SCAN_def2-TZVP_isomers_25500-25519_topology_10.json
************************************************************
**************** Running topology 12 of 20 *****************
************************************************************

************************************************************
******* Beginning RI-MGGA_X_SCAN+MGGA_C_SCAN energy ********
************************************************************

=======================================================
        MGGA_X_SCAN+MGGA_C_SCAN Energy Results         
=======================================================
E MGGA_X_SCAN+MGGA_C_SCAN: -1691.11896695
Nuclear Repulsion Energy: 4574.23138415
Electronic Energy:        -6017.46759734
XC Energy:                -247.882754
Converged:                1
# of SCF iterations:      16
SCF Time:                 31.158s

=======================================================
            Individual Calculation Summary             
=======================================================
HF Energy: -1691.1189669499788124
=======================================================


Topology 11 time: 31.355941 s, performance: SP: 0 FLOP/s, DP: 33.58 TFLOP/s
JSON file written to: json_logs/lustre_orion_chm213_scratch_ryan_dhdft_inputs_exess_exess_inputs_SCAN_def2-TZVP_isomers_25500-25519_topology_11.json
************************************************************
**************** Running topology 13 of 20 *****************
************************************************************

************************************************************
******* Beginning RI-MGGA_X_SCAN+MGGA_C_SCAN energy ********
************************************************************

=======================================================
        MGGA_X_SCAN+MGGA_C_SCAN Energy Results         
=======================================================
E MGGA_X_SCAN+MGGA_C_SCAN: -1691.11391704
Nuclear Repulsion Energy: 4432.3191822
Electronic Energy:        -5875.56109403
XC Energy:                -247.872005
Converged:                1
# of SCF iterations:      16
SCF Time:                 31.253s

=======================================================
            Individual Calculation Summary             
=======================================================
HF Energy: -1691.1139170386575188
=======================================================


Topology 12 time: 31.439910 s, performance: SP: 0 FLOP/s, DP: 33.5 TFLOP/s
JSON file written to: json_logs/lustre_orion_chm213_scratch_ryan_dhdft_inputs_exess_exess_inputs_SCAN_def2-TZVP_isomers_25500-25519_topology_12.json
************************************************************
**************** Running topology 14 of 20 *****************
************************************************************

************************************************************
******* Beginning RI-MGGA_X_SCAN+MGGA_C_SCAN energy ********
************************************************************

=======================================================
        MGGA_X_SCAN+MGGA_C_SCAN Energy Results         
=======================================================
E MGGA_X_SCAN+MGGA_C_SCAN: -1691.10795949
Nuclear Repulsion Energy: 4505.85794323
Electronic Energy:        -5949.08749156
XC Energy:                -247.878411
Converged:                1
# of SCF iterations:      16
SCF Time:                 31.136s

=======================================================
            Individual Calculation Summary             
=======================================================
HF Energy: -1691.1079594886366522
=======================================================


Topology 13 time: 31.329176 s, performance: SP: 0 FLOP/s, DP: 33.61 TFLOP/s
JSON file written to: json_logs/lustre_orion_chm213_scratch_ryan_dhdft_inputs_exess_exess_inputs_SCAN_def2-TZVP_isomers_25500-25519_topology_13.json
************************************************************
**************** Running topology 15 of 20 *****************
************************************************************

************************************************************
******* Beginning RI-MGGA_X_SCAN+MGGA_C_SCAN energy ********
************************************************************

=======================================================
        MGGA_X_SCAN+MGGA_C_SCAN Energy Results         
=======================================================
E MGGA_X_SCAN+MGGA_C_SCAN: -1691.11872169
Nuclear Repulsion Energy: 4473.06346176
Electronic Energy:        -5916.3056388
XC Energy:                -247.876545
Converged:                1
# of SCF iterations:      16
SCF Time:                 31.231s

=======================================================
            Individual Calculation Summary             
=======================================================
HF Energy: -1691.1187216857877047
=======================================================


Topology 14 time: 31.419665 s, performance: SP: 0 FLOP/s, DP: 33.54 TFLOP/s
JSON file written to: json_logs/lustre_orion_chm213_scratch_ryan_dhdft_inputs_exess_exess_inputs_SCAN_def2-TZVP_isomers_25500-25519_topology_14.json
************************************************************
**************** Running topology 16 of 20 *****************
************************************************************

************************************************************
******* Beginning RI-MGGA_X_SCAN+MGGA_C_SCAN energy ********
************************************************************

=======================================================
        MGGA_X_SCAN+MGGA_C_SCAN Energy Results         
=======================================================
E MGGA_X_SCAN+MGGA_C_SCAN: -1691.11759272
Nuclear Repulsion Energy: 4486.78276532
Electronic Energy:        -5930.02398172
XC Energy:                -247.876376
Converged:                1
# of SCF iterations:      16
SCF Time:                 31.201s

=======================================================
            Individual Calculation Summary             
=======================================================
HF Energy: -1691.1175927218766901
=======================================================


Topology 15 time: 31.391421 s, performance: SP: 0 FLOP/s, DP: 33.56 TFLOP/s
JSON file written to: json_logs/lustre_orion_chm213_scratch_ryan_dhdft_inputs_exess_exess_inputs_SCAN_def2-TZVP_isomers_25500-25519_topology_15.json
************************************************************
**************** Running topology 17 of 20 *****************
************************************************************

************************************************************
******* Beginning RI-MGGA_X_SCAN+MGGA_C_SCAN energy ********
************************************************************

=======================================================
        MGGA_X_SCAN+MGGA_C_SCAN Energy Results         
=======================================================
E MGGA_X_SCAN+MGGA_C_SCAN: -1691.11283548
Nuclear Repulsion Energy: 4598.70571988
Electronic Energy:        -6041.93612284
XC Energy:                -247.882433
Converged:                1
# of SCF iterations:      16
SCF Time:                 31.059s

=======================================================
            Individual Calculation Summary             
=======================================================
HF Energy: -1691.1128354821280482
=======================================================


Topology 16 time: 31.257349 s, performance: SP: 0 FLOP/s, DP: 33.69 TFLOP/s
JSON file written to: json_logs/lustre_orion_chm213_scratch_ryan_dhdft_inputs_exess_exess_inputs_SCAN_def2-TZVP_isomers_25500-25519_topology_16.json
************************************************************
**************** Running topology 18 of 20 *****************
************************************************************

************************************************************
******* Beginning RI-MGGA_X_SCAN+MGGA_C_SCAN energy ********
************************************************************

=======================================================
        MGGA_X_SCAN+MGGA_C_SCAN Energy Results         
=======================================================
E MGGA_X_SCAN+MGGA_C_SCAN: -1691.11096166
Nuclear Repulsion Energy: 4447.10266911
Electronic Energy:        -5890.34322392
XC Energy:                -247.870407
Converged:                1
# of SCF iterations:      16
SCF Time:                 31.226s

=======================================================
            Individual Calculation Summary             
=======================================================
HF Energy: -1691.1109616563248892
=======================================================


Topology 17 time: 31.414805 s, performance: SP: 0 FLOP/s, DP: 33.52 TFLOP/s
JSON file written to: json_logs/lustre_orion_chm213_scratch_ryan_dhdft_inputs_exess_exess_inputs_SCAN_def2-TZVP_isomers_25500-25519_topology_17.json
************************************************************
**************** Running topology 19 of 20 *****************
************************************************************

************************************************************
******* Beginning RI-MGGA_X_SCAN+MGGA_C_SCAN energy ********
************************************************************

=======================================================
        MGGA_X_SCAN+MGGA_C_SCAN Energy Results         
=======================================================
E MGGA_X_SCAN+MGGA_C_SCAN: -1691.1111177
Nuclear Repulsion Energy: 4490.59316547
Electronic Energy:        -5933.83405829
XC Energy:                -247.870225
Converged:                1
# of SCF iterations:      16
SCF Time:                 31.105s

=======================================================
            Individual Calculation Summary             
=======================================================
HF Energy: -1691.1111176956835607
=======================================================


Topology 18 time: 31.295185 s, performance: SP: 0 FLOP/s, DP: 33.66 TFLOP/s
JSON file written to: json_logs/lustre_orion_chm213_scratch_ryan_dhdft_inputs_exess_exess_inputs_SCAN_def2-TZVP_isomers_25500-25519_topology_18.json
************************************************************
**************** Running topology 20 of 20 *****************
************************************************************

************************************************************
******* Beginning RI-MGGA_X_SCAN+MGGA_C_SCAN energy ********
************************************************************

=======================================================
        MGGA_X_SCAN+MGGA_C_SCAN Energy Results         
=======================================================
E MGGA_X_SCAN+MGGA_C_SCAN: -1691.11463315
Nuclear Repulsion Energy: 4497.90191252
Electronic Energy:        -5941.14166218
XC Energy:                -247.874883
Converged:                1
# of SCF iterations:      17
SCF Time:                 32.711s

=======================================================
            Individual Calculation Summary             
=======================================================
HF Energy: -1691.1146331535201170
=======================================================


Topology 19 time: 32.903638 s, performance: SP: 0 FLOP/s, DP: 33.88 TFLOP/s
JSON file written to: json_logs/lustre_orion_chm213_scratch_ryan_dhdft_inputs_exess_exess_inputs_SCAN_def2-TZVP_isomers_25500-25519_topology_19.json
Total flops: SP: 0 FLOPS, DP: 21.176329 PFLOPS
Performance: SP: 0 FLOP/s, DP: 33.06 TFLOP/s

Now, a word from our sponsors... 
 Curious fact: any character placed in the 6th column in F77 will indicate a line continuation

[31mTotal processing time 640.854238 seconds[0m
[CRAYBLAS_WARNING] Application linked against multiple cray-libsci libraries
k 0.624679s
Tau required
   15     | -1691.1139170385 |   4.4616e-10   |    1.5188     |    0.2618
Density calculation took 0.624583s
Tau required
   16     | -1691.1139170387 |   4.1031e-11   |    1.5220     |    0.2607
Created 694649 / 2985984 significant shell pairs
Created 538983 / 2274064 significant shell pairs
Total number of grid points: 393510 (5786 per atom)
One electron integrals and orthogonalizer took 0.052329s
Created 538983 / 2274064 significant shell pairs
3C integrals and B formation took 2.131387s
Iteration |      Energy      |  DIIS Metric   | Fock Time (s) | DIIS Time (s)
----------+------------------+----------------+---------------+--------------
Density calculation took 0.658305s
Tau required
    1     | -1701.8746140276 |   1.0581e+03   |    1.6983     |    0.2929
Density calculation took 0.646127s
Tau required
    2     | -1690.3304206023 |   2.7607e+00   |    1.5505     |    0.2587
Density calculation took 0.621537s
Tau required
    3     | -1690.2208598587 |   3.3629e+00   |    1.5131     |    0.2686
Density calculation took 0.622337s
Tau required
    4     | -1691.0870303491 |   8.0049e-02   |    1.5137     |    0.2583
Density calculation took 0.622183s
Tau required
    5     | -1691.1021141249 |   2.1147e-02   |    1.5095     |    0.2691
Density calculation took 0.621573s
Tau required
    6     | -1691.1069242665 |   3.3611e-03   |    1.5123     |    0.2597
Density calculation took 0.621978s
Tau required
    7     | -1691.1076856669 |   8.9581e-04   |    1.5123     |    0.2697
Density calculation took 0.621488s
Tau required
    8     | -1691.1079151348 |   1.4531e-04   |    1.5137     |    0.2610
Density calculation took 0.622049s
Tau required
    9     | -1691.1079556003 |   1.3172e-05   |    1.5106     |    0.2609
Density calculation took 0.621942s
Tau required
   10     | -1691.1079587073 |   2.7275e-06   |    1.5123     |    0.2624
Density calculation took 0.621761s
Tau required
   11     | -1691.1079593790 |   3.7364e-07   |    1.5124     |    0.2609
Density calculation took 0.621657s
Tau required
   12     | -1691.1079594403 |   1.5945e-07   |    1.5138     |    0.2608
Density calculation took 0.621921s
Tau required
   13     | -1691.1079594828 |   2.0282e-08   |    1.5110     |    0.2606
Density calculation took 0.621633s
Tau required
   14     | -1691.1079594883 |   1.1436e-09   |    1.5131     |    0.2621
Density calculation took 0.621849s
Tau required
   15     | -1691.1079594885 |   3.6033e-10   |    1.5102     |    0.2610
Density calculation took 0.622060s
Tau required
   16     | -1691.1079594886 |   4.5732e-11   |    1.5118     |    0.2620
Created 687436 / 2985984 significant shell pairs
Created 532928 / 2274064 significant shell pairs
Total number of grid points: 392338 (5769 per atom)
One electron integrals and orthogonalizer took 0.057711s
Created 532928 / 2274064 significant shell pairs
3C integrals and B formation took 2.108778s
Iteration |      Energy      |  DIIS Metric   | Fock Time (s) | DIIS Time (s)
----------+------------------+----------------+---------------+--------------
Density calculation took 0.657449s
Tau required
    1     | -1701.8695573814 |   1.0573e+03   |    1.7222     |    0.2945
Density calculation took 0.646616s
Tau required
    2     | -1690.3385147519 |   2.7650e+00   |    1.5496     |    0.2588
Density calculation took 0.624308s
Tau required
    3     | -1690.2312831724 |   3.3344e+00   |    1.5185     |    0.2664
Density calculation took 0.623858s
Tau required
    4     | -1691.0887409002 |   1.0479e-01   |    1.5203     |    0.2573
Density calculation took 0.623715s
Tau required
    5     | -1691.1039907074 |   4.8188e-02   |    1.5184     |    0.2680
Density calculation took 0.624418s
Tau required
    6     | -1691.1171595253 |   5.3699e-03   |    1.5182     |    0.2570
Density calculation took 0.624533s
Tau required
    7     | -1691.1185257695 |   6.6869e-04   |    1.5186     |    0.2664
Density calculation took 0.624522s
Tau required
    8     | -1691.1186494274 |   2.4065e-04   |    1.5192     |    0.2591
Density calculation took 0.624496s
Tau required
    9     | -1691.1187171805 |   1.5337e-05   |    1.5187     |    0.2623
Density calculation took 0.624793s
Tau required
   10     | -1691.1187207999 |   3.1491e-06   |    1.5208     |    0.2609
Density calculation took 0.624560s
Tau required
   11     | -1691.1187215725 |   4.0641e-07   |    1.5186     |    0.2592
Density calculation took 0.624837s
Tau required
   12     | -1691.1187216514 |   1.1762e-07   |    1.5184     |    0.2596
Density calculation took 0.624724s
Tau required
   13     | -1691.1187216800 |   1.9712e-08   |    1.5194     |    0.2615
Density calculation took 0.624544s
Tau required
   14     | -1691.1187216853 |   1.7392e-09   |    1.5182     |    0.2603
Density calculation took 0.624594s
Tau required
   15     | -1691.1187216857 |   4.6778e-10   |    1.5218     |    0.2619
Density calculation took 0.624496s
Tau required
   16     | -1691.1187216858 |   4.3611e-11   |    1.5190     |    0.2613
Created 691129 / 2985984 significant shell pairs
Created 535723 / 2274064 significant shell pairs
Total number of grid points: 392987 (5779 per atom)
One electron integrals and orthogonalizer took 0.055549s
Created 535723 / 2274064 significant shell pairs
3C integrals and B formation took 2.115075s
Iteration |      Energy      |  DIIS Metric   | Fock Time (s) | DIIS Time (s)
----------+------------------+----------------+---------------+--------------
Density calculation took 0.657049s
Tau required
    1     | -1701.8689904547 |   1.0574e+03   |    1.7418     |    0.2914
Density calculation took 0.642538s
Tau required
    2     | -1690.3365344483 |   2.7685e+00   |    1.5499     |    0.2547
Density calculation took 0.621125s
Tau required
    3     | -1690.2237107179 |   3.3669e+00   |    1.5147     |    0.2638
Density calculation took 0.621776s
Tau required
    4     | -1691.0897421882 |   9.9745e-02   |    1.5210     |    0.2563
Density calculation took 0.621551s
Tau required
    5     | -1691.1061750145 |   3.9391e-02   |    1.5147     |    0.2710
Density calculation took 0.621503s
Tau required
    6     | -1691.1163206663 |   4.5812e-03   |    1.5195     |    0.2591
Density calculation took 0.621530s
Tau required
    7     | -1691.1173749769 |   7.4961e-04   |    1.5144     |    0.2668
Density calculation took 0.621861s
Tau required
    8     | -1691.1175105864 |   2.7776e-04   |    1.5189     |    0.2583
Density calculation took 0.621803s
Tau required
    9     | -1691.1175890459 |   1.2710e-05   |    1.5168     |    0.2586
Density calculation took 0.621618s
Tau required
   10     | -1691.1175918841 |   3.0211e-06   |    1.5188     |    0.2576
Density calculation took 0.621725s
Tau required
   11     | -1691.1175926218 |   3.4872e-07   |    1.5146     |    0.2586
Density calculation took 0.621851s
Tau required
   12     | -1691.1175926853 |   1.2789e-07   |    1.5210     |    0.2586
Density calculation took 0.621741s
Tau required
   13     | -1691.1175927180 |   1.2932e-08   |    1.5158     |    0.2601
Density calculation took 0.621873s
Tau required
   14     | -1691.1175927213 |   1.9995e-09   |    1.5179     |    0.2578
Density calculation took 0.621713s
Tau required
   15     | -1691.1175927217 |   6.0216e-10   |    1.5125     |    0.2607
Density calculation took 0.622054s
Tau required
   16     | -1691.1175927219 |   7.1238e-11   |    1.5195     |    0.2600
Created 722727 / 2985984 significant shell pairs
Created 561157 / 2274064 significant shell pairs
Total number of grid points: 392110 (5766 per atom)
One electron integrals and orthogonalizer took 0.052463s
Created 561157 / 2274064 significant shell pairs
3C integrals and B formation took 2.179623s
Iteration |      Energy      |  DIIS Metric   | Fock Time (s) | DIIS Time (s)
----------+------------------+----------------+---------------+--------------
Density calculation took 0.688778s
Tau required
    1     | -1701.8801112089 |   1.0596e+03   |    1.7009     |    0.2923
Density calculation took 0.631752s
Tau required
    2     | -1690.3313823027 |   2.7781e+00   |    1.5311     |    0.2544
Density calculation took 0.604821s
Tau required
    3     | -1690.2034156858 |   3.4483e+00   |    1.5051     |    0.2635
Density calculation took 0.604704s
Tau required
    4     | -1691.0810031123 |   1.1393e-01   |    1.5003     |    0.2575
Density calculation took 0.604828s
Tau required
    5     | -1691.0982348454 |   4.9338e-02   |    1.5060     |    0.2679
Density calculation took 0.605649s
Tau required
    6     | -1691.1118980155 |   3.3967e-03   |    1.4998     |    0.2608
Density calculation took 0.604750s
Tau required
    7     | -1691.1126581722 |   6.2624e-04   |    1.5060     |    0.2716
Density calculation took 0.604696s
Tau required
    8     | -1691.1127666815 |   2.3903e-04   |    1.5012     |    0.2634
Density calculation took 0.605770s
Tau required
    9     | -1691.1128320402 |   1.2080e-05   |    1.5055     |    0.2643
Density calculation took 0.604908s
Tau required
   10     | -1691.1128345075 |   3.4451e-06   |    1.5023     |    0.2616
Density calculation took 0.605540s
Tau required
   11     | -1691.1128353745 |   3.5658e-07   |    1.5046     |    0.2625
Density calculation took 0.604600s
Tau required
   12     | -1691.1128354365 |   1.5208e-07   |    1.5026     |    0.2624
Density calculation took 0.605506s
Tau required
   13     | -1691.1128354780 |   1.5018e-08   |    1.5063     |    0.2637
Density calculation took 0.604791s
Tau required
   14     | -1691.1128354816 |   2.0207e-09   |    1.5006     |    0.2615
Density calculation took 0.605773s
Tau required
   15     | -1691.1128354819 |   7.1850e-10   |    1.5079     |    0.2617
Density calculation took 0.604720s
Tau required
   16     | -1691.1128354821 |   6.7639e-11   |    1.5031     |    0.2623
Created 678306 / 2985984 significant shell pairs
Created 525691 / 2274064 significant shell pairs
Total number of grid points: 392619 (5773 per atom)
One electron integrals and orthogonalizer took 0.052681s
Created 525691 / 2274064 significant shell pairs
3C integrals and B formation took 2.099193s
Iteration |      Energy      |  DIIS Metric   | Fock Time (s) | DIIS Time (s)
----------+------------------+----------------+---------------+--------------
Density calculation took 0.661284s
Tau required
    1     | -1701.8582761313 |   1.0548e+03   |    1.7392     |    0.2930
Density calculation took 0.637401s
Tau required
    2     | -1690.3338646081 |   2.7509e+00   |    1.5504     |    0.2599
Density calculation took 0.610969s
Tau required
    3     | -1690.2349942405 |   3.2994e+00   |    1.5158     |    0.2680
Density calculation took 0.612120s
Tau required
    4     | -1691.0901808108 |   7.7513e-02   |    1.5161     |    0.2598
Density calculation took 0.612122s
Tau required
    5     | -1691.1044200497 |   2.3251e-02   |    1.5169     |    0.2698
Density calculation took 0.611267s
Tau required
    6     | -1691.1098720863 |   3.7945e-03   |    1.5185     |    0.2615
Density calculation took 0.612122s
Tau required
    7     | -1691.1107852005 |   6.1726e-04   |    1.5126     |    0.2729
Density calculation took 0.611418s
Tau required
    8     | -1691.1109164811 |   1.5700e-04   |    1.5174     |    0.2625
Density calculation took 0.612333s
Tau required
    9     | -1691.1109587391 |   9.8107e-06   |    1.5159     |    0.2608
Density calculation took 0.612149s
Tau required
   10     | -1691.1109606972 |   3.2395e-06   |    1.5174     |    0.2634
Density calculation took 0.612313s
Tau required
   11     | -1691.1109615911 |   2.1811e-07   |    1.5155     |    0.2617
Density calculation took 0.612241s
Tau required
   12     | -1691.1109616242 |   1.1221e-07   |    1.5183     |    0.2621
Density calculation took 0.612232s
Tau required
   13     | -1691.1109616534 |   9.8680e-09   |    1.5156     |    0.2615
Density calculation took 0.612179s
Tau required
   14     | -1691.1109616557 |   2.0737e-09   |    1.5161     |    0.2649
Density calculation took 0.612247s
Tau required
   15     | -1691.1109616562 |   4.2843e-10   |    1.5171     |    0.2619
Density calculation took 0.612343s
Tau required
   16     | -1691.1109616563 |   6.2588e-11   |    1.5185     |    0.2624
Created 688507 / 2985984 significant shell pairs
Created 534305 / 2274064 significant shell pairs
Total number of grid points: 392111 (5766 per atom)
One electron integrals and orthogonalizer took 0.052818s
Created 534305 / 2274064 significant shell pairs
3C integrals and B formation took 2.097910s
Iteration |      Energy      |  DIIS Metric   | Fock Time (s) | DIIS Time (s)
----------+------------------+----------------+---------------+--------------
Density calculation took 0.657545s
Tau required
    1     | -1701.8578675090 |   1.0547e+03   |    1.7224     |    0.2929
Density calculation took 0.638936s
Tau required
    2     | -1690.3349058652 |   2.7486e+00   |    1.5407     |    0.2565
Density calculation took 0.617343s
Tau required
    3     | -1690.2360715693 |   3.3038e+00   |    1.5128     |    0.2663
Density calculation took 0.617549s
Tau required
    4     | -1691.0894114654 |   8.3364e-02   |    1.5114     |    0.2591
Density calculation took 0.617733s
Tau required
    5     | -1691.1057965510 |   1.9419e-02   |    1.5119     |    0.2692
Density calculation took 0.617700s
Tau required
    6     | -1691.1101840074 |   3.0961e-03   |    1.5089     |    0.2599
Density calculation took 0.617626s
Tau required
    7     | -1691.1108487095 |   8.7284e-04   |    1.5149     |    0.2719
Density calculation took 0.617783s
Tau required
    8     | -1691.1110603641 |   1.8652e-04   |    1.5093     |    0.2608
Density calculation took 0.617540s
Tau required
    9     | -1691.1111143330 |   1.1059e-05   |    1.5122     |    0.2616
Density calculation took 0.617417s
Tau required
   10     | -1691.1111168053 |   3.0453e-06   |    1.5099     |    0.2610
Density calculation took 0.617497s
Tau required
   11     | -1691.1111176187 |   2.5909e-07   |    1.5130     |    0.2606
Density calculation took 0.617481s
Tau required
   12     | -1691.1111176477 |   1.5819e-07   |    1.5124     |    0.2615
Density calculation took 0.617333s
Tau required
   13     | -1691.1111176898 |   2.0452e-08   |    1.5109     |    0.2614
Density calculation took 0.617537s
Tau required
   14     | -1691.1111176953 |   1.2961e-09   |    1.5093     |    0.2609
Density calculation took 0.617422s
Tau required
   15     | -1691.1111176956 |   5.0062e-10   |    1.5145     |    0.2619
Density calculation took 0.617581s
Tau required
   16     | -1691.1111176957 |   7.3180e-11   |    1.5104     |    0.2622
Created 694445 / 2985984 significant shell pairs
Created 538247 / 2274064 significant shell pairs
Total number of grid points: 392790 (5776 per atom)
One electron integrals and orthogonalizer took 0.052129s
Created 538247 / 2274064 significant shell pairs
3C integrals and B formation took 2.128221s
Iteration |      Energy      |  DIIS Metric   | Fock Time (s) | DIIS Time (s)
----------+------------------+----------------+---------------+--------------
Density calculation took 0.690761s
Tau required
    1     | -1701.8678980554 |   1.0573e+03   |    1.7394     |    0.2945
Density calculation took 0.643192s
Tau required
    2     | -1690.3354459333 |   2.7627e+00   |    1.5363     |    0.2563
Density calculation took 0.621140s
Tau required
    3     | -1690.2203481883 |   3.3701e+00   |    1.5007     |    0.2655
Density calculation took 0.621514s
Tau required
    4     | -1691.0809014797 |   1.1987e-01   |    1.4961     |    0.2591
Density calculation took 0.621722s
Tau required
    5     | -1691.1001739002 |   4.8419e-02   |    1.4946     |    0.2681
Density calculation took 0.620994s
Tau required
    6     | -1691.1130972606 |   5.4287e-03   |    1.4979     |    0.2604
Density calculation took 0.622129s
Tau required
    7     | -1691.1143959184 |   8.0231e-04   |    1.4983     |    0.2703
Density calculation took 0.621986s
Tau required
    8     | -1691.1145281000 |   3.5825e-04   |    1.4989     |    0.2603
Density calculation took 0.621720s
Tau required
    9     | -1691.1146293447 |   1.3342e-05   |    1.4997     |    0.2608
Density calculation took 0.622040s
Tau required
   10     | -1691.1146321980 |   3.4384e-06   |    1.4972     |    0.2613
Density calculation took 0.621955s
Tau required
   11     | -1691.1146330323 |   4.1934e-07   |    1.4978     |    0.2604
Density calculation took 0.621892s
Tau required
   12     | -1691.1146331124 |   1.3728e-07   |    1.4946     |    0.2624
Density calculation took 0.621756s
Tau required
   13     | -1691.1146331465 |   2.3146e-08   |    1.4961     |    0.2608
Density calculation took 0.622041s
Tau required
   14     | -1691.1146331528 |   2.4051e-09   |    1.4981     |    0.2615
Density calculation took 0.622109s
Tau required
   15     | -1691.1146331533 |   8.9805e-10   |    1.4963     |    0.2607
Density calculation took 0.622085s
Tau required
   16     | -1691.1146331535 |   1.0046e-10   |    1.4968     |    0.2616
Density calculation took 0.622066s
Tau required
   17     | -1691.1146331535 |   5.1305e-11   |    1.4968     |    0.2608
Please cite the following papers for the methods used in this calculation:
 - J.L. Galvez Vallejo et. al., Toward an extreme-scale electronic structure system, J. Chem. Phys., 2023. DOI: 10.1063/5.0156399

 - R. Stocks, E. Palethorpe, and G.M.J. Barca, Multi-GPU RI-HF Energies and Analytic Gradients ─ Toward High-Throughput Ab Initio Molecular Dynamics, J. Chem. Theory Comput., 2024. DOI: 10.1021/acs.jctc.4c00877
   For:
     * RI-HF energy

 - S. Lehtola, C. Steigemann, M.J.T. Oliveira, and M.A.L. Marques, Recent developments in Libxc: A comprehensive library of functionals for density functional theory, SoftwareX, 2018. DOI: 10.1016/j.softx.2017.11.002
   For:
     * LibXC version 6.2.0

 - D.B. Williams-Young, W.A. de Jong, H.J.J. van Dam, and C. Yang, On the Efficient Evaluation of the Exchange Correlation Potential on Graphics Processing Unit Clusters, Frontiers in Chemistry, 2020. DOI: 10.3389/fchem.2020.581058
   For:
     * ExchCXX GPU implementation of exchange-correlation functionals

 - R. Stocks and G.M.J. Barca, Efficient Algorithms for GPU Accelerated Evaluation of the DFT Exchange-Correlation Functional, J. Chem. Theory Comput., 2025. DOI: 10.1021/acs.jctc.5c01229
   For:
     * GPU accelerated DFT exchange-correlation evaluation

 - J. Sun, A. Ruzsinszky, and J. P. Perdew.,  Phys. Rev. Lett. 115, 036402 (2015) DOI: 10.1103/PhysRevLett.115.036402
   For:
     * MGGA_X_SCAN XC Functional
     * MGGA_C_SCAN XC Functional

[CRAYBLAS_WARNING] Application linked against multiple cray-libsci libraries
