Total number of grid points: 346239 (5770 per atom)
Density calculation took 0.505289s
Tau required
Density calculation took 0.519559s
Tau required
Density calculation took 0.500682s
Tau required
Density calculation took 0.500711s
Tau required
Density calculation took 0.501292s
Tau required
Density calculation took 0.500739s
Tau required
Density calculation took 0.501335s
Tau required
Density calculation took 0.501031s
Tau required
Density calculation took 0.501098s
Tau required
Density calculation took 0.501167s
Tau required
Density calculation took 0.501048s
Tau required
Density calculation took 0.501376s
Tau required
Density calculation took 0.501074s
Tau required
Density calculation took 0.501339s
Tau required
Density calculation took 0.500995s
Tau required
Density calculation took 0.501145s
Tau required
Total number of grid points: 346859 (5780 per atom)
Density calculation took 0.500627s
Tau required
Density calculation took 0.516777s
Tau required
Density calculation took 0.494488s
Tau required
Density calculation took 0.494804s
Tau required
Density calculation took 0.495104s
Tau required
Density calculation took 0.494561s
Tau required
Density calculation took 0.494694s
Tau required
Density calculation took 0.495330s
Tau required
Density calculation took 0.494915s
Tau required
Density calculation took 0.494985s
Tau required
Density calculation took 0.495043s
Tau required
Density calculation took 0.495289s
Tau required
Density calculation took 0.494905s
Tau required
Density calculation took 0.494917s
Tau required
Density calculation took 0.494819s
Tau required
Density calculation took 0.495114s
Tau required
Total number of grid points: 346102 (5768 per atom)
Density calculation took 0.509223s
Tau required
Density calculation took 0.519850s
Tau required
Density calculation took 0.498851s
Tau required
Density calculation took 0.499429s
Tau required
Density calculation took 0.499171s
Tau required
Density calculation took 0.499028s
Tau required
Density calculation took 0.499353s
Tau required
Density calculation took 0.499016s
Tau required
Density calculation took 0.499244s
Tau required
Density calculation took 0.499237s
Tau required
Density calculation took 0.499079s
Tau required
Density calculation took 0.499356s
Tau required
Density calculation took 0.499226s
Tau required
Density calculation took 0.499386s
Tau required
Density calculation took 0.499362s
Tau required
Density calculation took 0.499285s
Tau required
Total number of grid points: 345913 (5765 per atom)
Density calculation took 0.503625s
Tau required
Density calculation took 0.524468s
Tau required
Density calculation took 0.502880s
Tau required
Density calculation took 0.503121s
Tau required
Density calculation took 0.502905s
Tau required
Density calculation took 0.502960s
Tau required
Density calculation took 0.502638s
Tau required
Density calculation took 0.502563s
Tau required
Density calculation took 0.503102s
Tau required
Density calculation took 0.503100s
Tau required
Density calculation took 0.502947s
Tau required
Density calculation took 0.502947s
Tau required
Density calculation took 0.503052s
Tau required
Density calculation took 0.503315s
Tau required
Density calculation took 0.503055s
Tau required
Density calculation took 0.503323s
Tau required
Total number of grid points: 346395 (5773 per atom)
Density calculation took 0.502432s
Tau required
Density calculation took 0.523053s
Tau required
Density calculation took 0.494431s
Tau required
Density calculation took 0.494921s
Tau required
Density calculation took 0.495192s
Tau required
Density calculation took 0.495322s
Tau required
Density calculation took 0.495382s
Tau required
Density calculation took 0.495340s
Tau required
Density calculation took 0.495099s
Tau required
Density calculation took 0.495147s
Tau required
Density calculation took 0.495324s
Tau required
Density calculation took 0.495191s
Tau required
Density calculation took 0.494998s
Tau required
Density calculation took 0.494976s
Tau required
Density calculation took 0.494829s
Tau required
Density calculation took 0.494678s
Tau required
Total number of grid points: 346094 (5768 per atom)
Density calculation took 0.505932s
Tau required
Density calculation took 0.518287s
Tau required
Density calculation took 0.496987s
Tau required
Density calculation took 0.497080s
Tau required
Density calculation took 0.496790s
Tau required
Density calculation took 0.497191s
Tau required
Density calculation took 0.497266s
Tau required
Density calculation took 0.496884s
Tau required
Density calculation took 0.497527s
Tau required
Density calculation took 0.497547s
Tau required
Density calculation took 0.496876s
Tau required
Density calculation took 0.497142s
Tau required
Density calculation took 0.497185s
Tau required
Density calculation took 0.496795s
Tau required
Density calculation took 0.497414s
Tau required
Density calculation took 0.497414s
Tau required
Total number of grid points: 346474 (5774 per atom)
Density calculation took 0.503484s
Tau required
Density calculation took 0.521769s
Tau required
Density calculation took 0.501566s
Tau required
Density calculation took 0.502138s
Tau required
Density calculation took 0.502153s
Tau required
Density calculation took 0.502253s
Tau required
Density calculation took 0.502266s
Tau required
Density calculation took 0.502181s
Tau required
Density calculation took 0.501871s
Tau required
Density calculation took 0.502235s
Tau required
Density calculation took 0.502415s
Tau required
Density calculation took 0.502441s
Tau required
Density calculation took 0.502075s
Tau required
Density calculation took 0.502191s
Tau required
Density calculation took 0.501993s
Tau required
Density calculation took 0.502126s
Tau required
Total number of grid points: 345910 (5765 per atom)
Density calculation took 0.506097s
Tau required
Density calculation took 0.515517s
Tau required
Density calculation took 0.496153s
Tau required
Density calculation took 0.495879s
Tau required
Density calculation took 0.495769s
Tau required
Density calculation took 0.496263s
Tau required
Density calculation took 0.495933s
Tau required
Density calculation took 0.495792s
Tau required
Density calculation took 0.496260s
Tau required
Density calculation took 0.495985s
Tau required
Density calculation took 0.496153s
Tau required
Density calculation took 0.496283s
Tau required
Density calculation took 0.496199s
Tau required
Density calculation took 0.495764s
Tau required
Density calculation took 0.496080s
Tau required
Density calculation took 0.495872s
Tau required
Total number of grid points: 345731 (5762 per atom)
Density calculation took 0.507780s
Tau required
Density calculation took 0.523167s
Tau required
Density calculation took 0.503049s
Tau required
Density calculation took 0.503754s
Tau required
Density calculation took 0.503275s
Tau required
Density calculation took 0.502947s
Tau required
Density calculation took 0.503179s
Tau required
Density calculation took 0.503248s
Tau required
Density calculation took 0.503435s
Tau required
Density calculation took 0.503393s
Tau required
Density calculation took 0.503323s
Tau required
Density calculation took 0.502744s
Tau required
Density calculation took 0.503486s
Tau required
Density calculation took 0.503185s
Tau required
Density calculation took 0.503084s
Tau required
Density calculation took 0.503532s
Tau required
Total number of grid points: 346469 (5774 per atom)
Density calculation took 0.509430s
Tau required
Density calculation took 0.520376s
Tau required
Density calculation took 0.501082s
Tau required
Density calculation took 0.501390s
Tau required
Density calculation took 0.500714s
Tau required
Density calculation took 0.501351s
Tau required
Density calculation took 0.501531s
Tau required
Density calculation took 0.501430s
Tau required
Density calculation took 0.501313s
Tau required
Density calculation took 0.501555s
Tau required
Density calculation took 0.501366s
Tau required
Density calculation took 0.501284s
Tau required
Density calculation took 0.501291s
Tau required
Density calculation took 0.501390s
Tau required
Density calculation took 0.501148s
Tau required
Density calculation took 0.501141s
Tau required
Total number of grid points: 346080 (5768 per atom)
Density calculation took 0.501670s
Tau required
Density calculation took 0.517751s
Tau required
Density calculation took 0.498529s
Tau required
Density calculation took 0.497912s
Tau required
Density calculation took 0.498513s
Tau required
Density calculation took 0.498335s
Tau required
Density calculation took 0.499136s
Tau required
Density calculation took 0.498610s
Tau required
Density calculation took 0.498952s
Tau required
Density calculation took 0.498311s
Tau required
Density calculation took 0.498531s
Tau required
Density calculation took 0.498206s
Tau required
Density calculation took 0.498746s
Tau required
Density calculation took 0.498117s
Tau required
Density calculation took 0.498423s
Tau required
Density calculation took 0.498223s
Tau required
Total number of grid points: 346815 (5780 per atom)
Density calculation took 0.504853s
Tau required
Density calculation took 0.516539s
Tau required
Density calculation took 0.496519s
Tau required
Density calculation took 0.496733s
Tau required
Density calculation took 0.496832s
Tau required
Density calculation took 0.496205s
Tau required
Density calculation took 0.496775s
Tau required
Density calculation took 0.496528s
Tau required
Density calculation took 0.496298s
Tau required
Density calculation took 0.496835s
Tau required
Density calculation took 0.496535s
Tau required
Density calculation took 0.496533s
Tau required
Density calculation took 0.496718s
Tau required
Density calculation took 0.496964s
Tau required
Density calculation took 0.496951s
Tau required
Density calculation took 0.496775s
Tau required
Total number of grid points: 346660 (5777 per atom)
Density calculation took 0.500702s
Tau required
Density calculation took 0.514702s
Tau required
Density calculation took 0.493489s
Tau required
Density calculation took 0.493227s
Tau required
Density calculation took 0.493371s
Tau required
Density calculation took 0.493915s
Tau required
Density calculation took 0.493987s
Tau required
Density calculation took 0.493739s
Tau required
Density calculation took 0.493635s
Tau required
Density calculation took 0.493740s
Tau required
Density calculation took 0.493872s
Tau required
Density calculation took 0.493749s
Tau required
Density calculation took 0.493925s
Tau required
Density calculation took 0.493878s
Tau required
Density calculation took 0.493969s
Tau required
Density calculation took 0.493868s
Tau required
Density calculation took 0.493800s
Tau required
Density calculation took 0.493791s
Tau required
Total number of grid points: 346790 (5779 per atom)
Density calculation took 0.505099s
Tau required
Density calculation took 0.521854s
Tau required
Density calculation took 0.501058s
Tau required
Density calculation took 0.500849s
Tau required
Density calculation took 0.501241s
Tau required
Density calculation took 0.501149s
Tau required
Density calculation took 0.500898s
Tau required
Density calculation took 0.500542s
Tau required
Density calculation took 0.501010s
Tau required
Density calculation took 0.500837s
Tau required
Density calculation took 0.501512s
Tau required
Density calculation took 0.501047s
Tau required
Density calculation took 0.501244s
Tau required
Density calculation took 0.501200s
Tau required
Density calculation took 0.501155s
Tau required
Density calculation took 0.500999s
Tau required
Density calculation took 0.501000s
Tau required
Density calculation took 0.501135s
Tau required
Total number of grid points: 346344 (5772 per atom)
Density calculation took 0.503325s
Tau required
Density calculation took 0.514719s
Tau required
Density calculation took 0.494766s
Tau required
Density calculation took 0.495037s
Tau required
Density calculation took 0.494833s
Tau required
Density calculation took 0.494595s
Tau required
Density calculation took 0.494707s
Tau required
Density calculation took 0.494985s
Tau required
Density calculation took 0.494948s
Tau required
Density calculation took 0.494724s
Tau required
Density calculation took 0.494942s
Tau required
Density calculation took 0.495224s
Tau required
Density calculation took 0.495006s
Tau required
Density calculation took 0.494704s
Tau required
Density calculation took 0.495022s
Tau required
Density calculation took 0.494578s
Tau required
Density calculation took 0.495346s
Tau required
Total number of grid points: 346365 (5772 per atom)
Density calculation took 0.504730s
Tau required
Density calculation took 0.524592s
Tau required
Density calculation took 0.505032s
Tau required
Density calculation took 0.504947s
Tau required
Density calculation took 0.505298s
Tau required
Density calculation took 0.505088s
Tau required
Density calculation took 0.505270s
Tau required
Density calculation took 0.505235s
Tau required
Density calculation took 0.505421s
Tau required
Density calculation took 0.505560s
Tau required
Density calculation took 0.505518s
Tau required
Density calculation took 0.505320s
Tau required
Density calculation took 0.504838s
Tau required
Density calculation took 0.505144s
Tau required
Density calculation took 0.505259s
Tau required
Density calculation took 0.505206s
Tau required
Density calculation took 0.505212s
Tau required
Density calculation took 0.505703s
Tau required
Total number of grid points: 346652 (5777 per atom)
Density calculation took 0.502260s
Tau required
Density calculation took 0.520498s
Tau required
Density calculation took 0.500831s
Tau required
Density calculation took 0.500554s
Tau required
Density calculation took 0.500661s
Tau required
Density calculation took 0.500721s
Tau required
Density calculation took 0.501085s
Tau required
Density calculation took 0.500637s
Tau required
Density calculation took 0.500946s
Tau required
Density calculation took 0.501020s
Tau required
Density calculation took 0.500851s
Tau required
Density calculation took 0.500760s
Tau required
Density calculation took 0.500762s
Tau required
Density calculation took 0.501042s
Tau required
Density calculation took 0.500798s
Tau required
Density calculation took 0.500687s
Tau required
Density calculation took 0.500699s
Tau required
Total number of grid points: 346286 (5771 per atom)
Density calculation took 0.498578s
Tau required
Density calculation took 0.516418s
Tau required
Density calculation took 0.496233s
Tau required
Density calculation took 0.496060s
Tau required
Density calculation took 0.496181s
Tau required
Density calculation took 0.496241s
Tau required
Density calculation took 0.496475s
Tau required
Density calculation took 0.496357s
Tau required
Density calculation took 0.496567s
Tau required
Density calculation took 0.496277s
Tau required
Density calculation took 0.496496s
Tau required
Density calculation took 0.496103s
Tau required
Density calculation took 0.496489s
Tau required
Density calculation took 0.496449s
Tau required
Density calculation took 0.496535s
Tau required
Density calculation took 0.496795s
Tau required
Density calculation took 0.496376s
Tau required
Density calculation took 0.496602s
Tau required
Total number of grid points: 346150 (5769 per atom)
Density calculation took 0.502064s
Tau required
Density calculation took 0.522189s
Tau required
Density calculation took 0.500980s
Tau required
Density calculation took 0.500181s
Tau required
Density calculation took 0.500655s
Tau required
Density calculation took 0.500706s
Tau required
Density calculation took 0.500650s
Tau required
Density calculation took 0.500696s
Tau required
Density calculation took 0.500344s
Tau required
Density calculation took 0.500551s
Tau required
Density calculation took 0.500301s
Tau required
Density calculation took 0.500515s
Tau required
Density calculation took 0.500799s
Tau required
Density calculation took 0.500427s
Tau required
Density calculation took 0.500471s
Tau required
Density calculation took 0.500535s
Tau required
Density calculation took 0.500923s
Tau required
Density calculation took 0.500543s
Tau required
Total number of grid points: 346994 (5783 per atom)
Density calculation took 0.508819s
Tau required
Density calculation took 0.518479s
Tau required
Density calculation took 0.499296s
Tau required
Density calculation took 0.499522s
Tau required
Density calculation took 0.498941s
Tau required
Density calculation took 0.498900s
Tau required
Density calculation took 0.499094s
Tau required
Density calculation took 0.499279s
Tau required
Density calculation took 0.499399s
Tau required
Density calculation took 0.499415s
Tau required
Density calculation took 0.499272s
Tau required
Density calculation took 0.499065s
Tau required
Density calculation took 0.498777s
Tau required
Density calculation took 0.499172s
Tau required
Density calculation took 0.499452s
Tau required
Density calculation took 0.498800s
Tau required
Density calculation took 0.499243s
Tau required
Density calculation took 0.499069s
Tau required
[CRAYBLAS_WARNING] Application linked against multiple cray-libsci libraries
***********************************************

=======================================================
        MGGA_X_SCAN+MGGA_C_SCAN Energy Results         
=======================================================
E MGGA_X_SCAN+MGGA_C_SCAN: -1536.33722946
Nuclear Repulsion Energy: 3974.03376538
Electronic Energy:        -5285.65587298
XC Energy:                -224.715122
Converged:                1
# of SCF iterations:      16
SCF Time:                 22.988s

=======================================================
            Individual Calculation Summary             
=======================================================
HF Energy: -1536.3372294615901410
=======================================================


Topology 9 time: 23.170252 s, performance: SP: 0 FLOP/s, DP: 32.72 TFLOP/s
JSON file written to: json_logs/lustre_orion_chm213_scratch_ryan_dhdft_inputs_exess_exess_inputs_SCAN_def2-TZVP_isomers_4440-4459_topology_9.json
************************************************************
**************** Running topology 11 of 20 *****************
************************************************************

************************************************************
******* Beginning RI-MGGA_X_SCAN+MGGA_C_SCAN energy ********
************************************************************

=======================================================
        MGGA_X_SCAN+MGGA_C_SCAN Energy Results         
=======================================================
E MGGA_X_SCAN+MGGA_C_SCAN: -1536.33205157
Nuclear Repulsion Energy: 3983.45678294
Electronic Energy:        -5295.08074644
XC Energy:                -224.708088
Converged:                1
# of SCF iterations:      16
SCF Time:                 22.473s

=======================================================
            Individual Calculation Summary             
=======================================================
HF Energy: -1536.3320515731634259
=======================================================


Topology 10 time: 22.657140 s, performance: SP: 0 FLOP/s, DP: 33.46 TFLOP/s
JSON file written to: json_logs/lustre_orion_chm213_scratch_ryan_dhdft_inputs_exess_exess_inputs_SCAN_def2-TZVP_isomers_4440-4459_topology_10.json
************************************************************
**************** Running topology 12 of 20 *****************
************************************************************

************************************************************
******* Beginning RI-MGGA_X_SCAN+MGGA_C_SCAN energy ********
************************************************************

=======================================================
        MGGA_X_SCAN+MGGA_C_SCAN Energy Results         
=======================================================
E MGGA_X_SCAN+MGGA_C_SCAN: -1536.32999896
Nuclear Repulsion Energy: 4079.6203663
Electronic Energy:        -5391.23365515
XC Energy:                -224.716710
Converged:                1
# of SCF iterations:      16
SCF Time:                 22.858s

=======================================================
            Individual Calculation Summary             
=======================================================
HF Energy: -1536.3299989595932402
=======================================================


Topology 11 time: 23.048221 s, performance: SP: 0 FLOP/s, DP: 32.83 TFLOP/s
JSON file written to: json_logs/lustre_orion_chm213_scratch_ryan_dhdft_inputs_exess_exess_inputs_SCAN_def2-TZVP_isomers_4440-4459_topology_11.json
************************************************************
**************** Running topology 13 of 20 *****************
************************************************************

************************************************************
******* Beginning RI-MGGA_X_SCAN+MGGA_C_SCAN energy ********
************************************************************

=======================================================
        MGGA_X_SCAN+MGGA_C_SCAN Energy Results         
=======================================================
E MGGA_X_SCAN+MGGA_C_SCAN: -1536.30860745
Nuclear Repulsion Energy: 4171.31322837
Electronic Energy:        -5482.91499192
XC Energy:                -224.706844
Converged:                1
# of SCF iterations:      18
SCF Time:                 25.408s

=======================================================
            Individual Calculation Summary             
=======================================================
HF Energy: -1536.3086074494067361
=======================================================


Topology 12 time: 25.606963 s, performance: SP: 0 FLOP/s, DP: 32.92 TFLOP/s
JSON file written to: json_logs/lustre_orion_chm213_scratch_ryan_dhdft_inputs_exess_exess_inputs_SCAN_def2-TZVP_isomers_4440-4459_topology_12.json
************************************************************
**************** Running topology 14 of 20 *****************
************************************************************

************************************************************
******* Beginning RI-MGGA_X_SCAN+MGGA_C_SCAN energy ********
************************************************************

=======================================================
        MGGA_X_SCAN+MGGA_C_SCAN Energy Results         
=======================================================
E MGGA_X_SCAN+MGGA_C_SCAN: -1536.31463687
Nuclear Repulsion Energy: 4049.68358723
Electronic Energy:        -5361.29694905
XC Energy:                -224.701275
Converged:                1
# of SCF iterations:      18
SCF Time:                 25.471s

=======================================================
            Individual Calculation Summary             
=======================================================
HF Energy: -1536.3146368705629357
=======================================================


Topology 13 time: 25.661004 s, performance: SP: 0 FLOP/s, DP: 32.96 TFLOP/s
JSON file written to: json_logs/lustre_orion_chm213_scratch_ryan_dhdft_inputs_exess_exess_inputs_SCAN_def2-TZVP_isomers_4440-4459_topology_13.json
************************************************************
**************** Running topology 15 of 20 *****************
************************************************************

************************************************************
******* Beginning RI-MGGA_X_SCAN+MGGA_C_SCAN energy ********
************************************************************

=======================================================
        MGGA_X_SCAN+MGGA_C_SCAN Energy Results         
=======================================================
E MGGA_X_SCAN+MGGA_C_SCAN: -1536.32193899
Nuclear Repulsion Energy: 4006.79525199
Electronic Energy:        -5318.41125305
XC Energy:                -224.705938
Converged:                1
# of SCF iterations:      17
SCF Time:                 24.148s

=======================================================
            Individual Calculation Summary             
=======================================================
HF Energy: -1536.3219389919918285
=======================================================


Topology 14 time: 24.333462 s, performance: SP: 0 FLOP/s, DP: 32.97 TFLOP/s
JSON file written to: json_logs/lustre_orion_chm213_scratch_ryan_dhdft_inputs_exess_exess_inputs_SCAN_def2-TZVP_isomers_4440-4459_topology_14.json
************************************************************
**************** Running topology 16 of 20 *****************
************************************************************

************************************************************
******* Beginning RI-MGGA_X_SCAN+MGGA_C_SCAN energy ********
************************************************************

=======================================================
        MGGA_X_SCAN+MGGA_C_SCAN Energy Results         
=======================================================
E MGGA_X_SCAN+MGGA_C_SCAN: -1536.31792462
Nuclear Repulsion Energy: 4008.11168431
Electronic Energy:        -5319.72554718
XC Energy:                -224.704062
Converged:                1
# of SCF iterations:      18
SCF Time:                 25.417s

=======================================================
            Individual Calculation Summary             
=======================================================
HF Energy: -1536.3179246192462415
=======================================================


Topology 15 time: 25.604656 s, performance: SP: 0 FLOP/s, DP: 33.06 TFLOP/s
JSON file written to: json_logs/lustre_orion_chm213_scratch_ryan_dhdft_inputs_exess_exess_inputs_SCAN_def2-TZVP_isomers_4440-4459_topology_15.json
************************************************************
**************** Running topology 17 of 20 *****************
************************************************************

************************************************************
******* Beginning RI-MGGA_X_SCAN+MGGA_C_SCAN energy ********
************************************************************

=======================================================
        MGGA_X_SCAN+MGGA_C_SCAN Energy Results         
=======================================================
E MGGA_X_SCAN+MGGA_C_SCAN: -1536.30184851
Nuclear Repulsion Energy: 4030.19714627
Electronic Energy:        -5341.79826009
XC Energy:                -224.700735
Converged:                1
# of SCF iterations:      17
SCF Time:                 23.947s

=======================================================
            Individual Calculation Summary             
=======================================================
HF Energy: -1536.3018485124678136
=======================================================


Topology 16 time: 24.135055 s, performance: SP: 0 FLOP/s, DP: 33.2 TFLOP/s
JSON file written to: json_logs/lustre_orion_chm213_scratch_ryan_dhdft_inputs_exess_exess_inputs_SCAN_def2-TZVP_isomers_4440-4459_topology_16.json
************************************************************
**************** Running topology 18 of 20 *****************
************************************************************

************************************************************
******* Beginning RI-MGGA_X_SCAN+MGGA_C_SCAN energy ********
************************************************************

=======================================================
        MGGA_X_SCAN+MGGA_C_SCAN Energy Results         
=======================================================
E MGGA_X_SCAN+MGGA_C_SCAN: -1536.30957037
Nuclear Repulsion Energy: 4071.15624119
Electronic Energy:        -5382.76172285
XC Energy:                -224.704089
Converged:                1
# of SCF iterations:      18
SCF Time:                 25.084s

=======================================================
            Individual Calculation Summary             
=======================================================
HF Energy: -1536.3095703676917765
=======================================================


Topology 17 time: 25.277422 s, performance: SP: 0 FLOP/s, DP: 33.44 TFLOP/s
JSON file written to: json_logs/lustre_orion_chm213_scratch_ryan_dhdft_inputs_exess_exess_inputs_SCAN_def2-TZVP_isomers_4440-4459_topology_17.json
************************************************************
**************** Running topology 19 of 20 *****************
************************************************************

************************************************************
******* Beginning RI-MGGA_X_SCAN+MGGA_C_SCAN energy ********
************************************************************

=======================================================
        MGGA_X_SCAN+MGGA_C_SCAN Energy Results         
=======================================================
E MGGA_X_SCAN+MGGA_C_SCAN: -1536.31377402
Nuclear Repulsion Energy: 4081.2053744
Electronic Energy:        -5392.81232359
XC Energy:                -224.706825
Converged:                1
# of SCF iterations:      18
SCF Time:                 25.323s

=======================================================
            Individual Calculation Summary             
=======================================================
HF Energy: -1536.3137740235840738
=======================================================


Topology 18 time: 25.514118 s, performance: SP: 0 FLOP/s, DP: 33.14 TFLOP/s
JSON file written to: json_logs/lustre_orion_chm213_scratch_ryan_dhdft_inputs_exess_exess_inputs_SCAN_def2-TZVP_isomers_4440-4459_topology_18.json
************************************************************
**************** Running topology 20 of 20 *****************
************************************************************

************************************************************
******* Beginning RI-MGGA_X_SCAN+MGGA_C_SCAN energy ********
************************************************************

=======================================================
        MGGA_X_SCAN+MGGA_C_SCAN Energy Results         
=======================================================
E MGGA_X_SCAN+MGGA_C_SCAN: -1536.30514555
Nuclear Repulsion Energy: 4047.80990004
Electronic Energy:        -5359.41173554
XC Energy:                -224.703310
Converged:                1
# of SCF iterations:      18
SCF Time:                 25.215s

=======================================================
            Individual Calculation Summary             
=======================================================
HF Energy: -1536.3051455518580042
=======================================================


Topology 19 time: 25.403403 s, performance: SP: 0 FLOP/s, DP: 33.31 TFLOP/s
JSON file written to: json_logs/lustre_orion_chm213_scratch_ryan_dhdft_inputs_exess_exess_inputs_SCAN_def2-TZVP_isomers_4440-4459_topology_19.json
Total flops: SP: 0 FLOPS, DP: 15.776756 PFLOPS
Performance: SP: 0 FLOP/s, DP: 32.44 TFLOP/s

Now, a word from our sponsors... 
 Let's do the time warp again. 

[31mTotal processing time 486.595077 seconds[0m
[CRAYBLAS_WARNING] Application linked against multiple cray-libsci libraries
red
   15     | -1536.3086074471 |   6.9759e-09   |    1.0822     |    0.1945
Density calculation took 0.506877s
Tau required
   16     | -1536.3086074491 |   9.5932e-10   |    1.0827     |    0.1972
Density calculation took 0.507727s
Tau required
   17     | -1536.3086074493 |   3.3473e-10   |    1.0811     |    0.1966
Density calculation took 0.507030s
Tau required
   18     | -1536.3086074494 |   7.2032e-11   |    1.0828     |    0.1953
Created 665828 / 2433600 significant shell pairs
Created 515464 / 1849600 significant shell pairs
Total number of grid points: 345487 (5758 per atom)
One electron integrals and orthogonalizer took 0.043499s
Created 515464 / 1849600 significant shell pairs
3C integrals and B formation took 1.707743s
Iteration |      Energy      |  DIIS Metric   | Fock Time (s) | DIIS Time (s)
----------+------------------+----------------+---------------+--------------
Density calculation took 0.500810s
Tau required
    1     | -1546.3120691420 |   9.7368e+02   |    1.3164     |    0.2221
Density calculation took 0.529275s
Tau required
    2     | -1535.6388806737 |   2.3800e+00   |    1.1132     |    0.1958
Density calculation took 0.507236s
Tau required
    3     | -1535.5541715223 |   2.8251e+00   |    1.0914     |    0.2035
Density calculation took 0.508681s
Tau required
    4     | -1536.2714222478 |   1.3557e-01   |    1.0921     |    0.1942
Density calculation took 0.507686s
Tau required
    5     | -1536.2819286229 |   9.0317e-02   |    1.0913     |    0.2053
Density calculation took 0.508716s
Tau required
    6     | -1536.3099985647 |   1.4061e-02   |    1.0926     |    0.1935
Density calculation took 0.507644s
Tau required
    7     | -1536.3142811968 |   1.1322e-03   |    1.0914     |    0.2019
Density calculation took 0.509124s
Tau required
    8     | -1536.3145162556 |   4.0699e-04   |    1.0906     |    0.1950
Density calculation took 0.507667s
Tau required
    9     | -1536.3146292201 |   2.6018e-05   |    1.0913     |    0.1949
Density calculation took 0.508840s
Tau required
   10     | -1536.3146355312 |   4.6702e-06   |    1.0911     |    0.1959
Density calculation took 0.507815s
Tau required
   11     | -1536.3146366447 |   7.8520e-07   |    1.0906     |    0.1947
Density calculation took 0.508907s
Tau required
   12     | -1536.3146368360 |   1.2569e-07   |    1.0903     |    0.1952
Density calculation took 0.507652s
Tau required
   13     | -1536.3146368595 |   3.4444e-08   |    1.0903     |    0.1957
Density calculation took 0.509022s
Tau required
   14     | -1536.3146368618 |   2.4181e-08   |    1.0918     |    0.1953
Density calculation took 0.507843s
Tau required
   15     | -1536.3146368698 |   2.2686e-09   |    1.0911     |    0.1945
Density calculation took 0.508921s
Tau required
   16     | -1536.3146368704 |   4.8795e-10   |    1.0896     |    0.1954
Density calculation took 0.507727s
Tau required
   17     | -1536.3146368705 |   1.6671e-10   |    1.0906     |    0.1956
Density calculation took 0.509080s
Tau required
   18     | -1536.3146368706 |   4.7769e-11   |    1.0917     |    0.1954
Created 651092 / 2433600 significant shell pairs
Created 503886 / 1849600 significant shell pairs
Total number of grid points: 346102 (5768 per atom)
One electron integrals and orthogonalizer took 0.043756s
Created 503886 / 1849600 significant shell pairs
3C integrals and B formation took 1.699569s
Iteration |      Energy      |  DIIS Metric   | Fock Time (s) | DIIS Time (s)
----------+------------------+----------------+---------------+--------------
Density calculation took 0.502162s
Tau required
    1     | -1546.3192118887 |   9.7210e+02   |    1.3150     |    0.2224
Density calculation took 0.530738s
Tau required
    2     | -1535.6453930235 |   2.3959e+00   |    1.1106     |    0.1918
Density calculation took 0.510352s
Tau required
    3     | -1535.5706352714 |   2.8396e+00   |    1.0897     |    0.1991
Density calculation took 0.510432s
Tau required
    4     | -1536.3035502252 |   6.9066e-02   |    1.0905     |    0.1927
Density calculation took 0.510267s
Tau required
    5     | -1536.3155202230 |   2.2193e-02   |    1.0897     |    0.2007
Density calculation took 0.510088s
Tau required
    6     | -1536.3198691576 |   5.6783e-03   |    1.0906     |    0.1959
Density calculation took 0.510252s
Tau required
    7     | -1536.3214099895 |   1.4599e-03   |    1.0903     |    0.2021
Density calculation took 0.510301s
Tau required
    8     | -1536.3218832060 |   1.9092e-04   |    1.0902     |    0.1955
Density calculation took 0.510764s
Tau required
    9     | -1536.3219366472 |   8.6157e-06   |    1.0916     |    0.1950
Density calculation took 0.510775s
Tau required
   10     | -1536.3219382274 |   2.7974e-06   |    1.0911     |    0.1958
Density calculation took 0.510729s
Tau required
   11     | -1536.3219388797 |   3.9337e-07   |    1.0899     |    0.1951
Density calculation took 0.510826s
Tau required
   12     | -1536.3219389554 |   1.2039e-07   |    1.0904     |    0.1956
Density calculation took 0.510663s
Tau required
   13     | -1536.3219389894 |   8.6521e-09   |    1.0900     |    0.1965
Density calculation took 0.510767s
Tau required
   14     | -1536.3219389913 |   2.4686e-09   |    1.0895     |    0.1958
Density calculation took 0.510832s
Tau required
   15     | -1536.3219389919 |   5.1356e-10   |    1.0898     |    0.1959
Density calculation took 0.510646s
Tau required
   16     | -1536.3219389919 |   2.3045e-10   |    1.0894     |    0.1950
Density calculation took 0.510710s
Tau required
   17     | -1536.3219389920 |   6.6624e-11   |    1.0897     |    0.1986
Created 651807 / 2433600 significant shell pairs
Created 504370 / 1849600 significant shell pairs
Total number of grid points: 346829 (5780 per atom)
One electron integrals and orthogonalizer took 0.043822s
Created 504370 / 1849600 significant shell pairs
3C integrals and B formation took 1.689180s
Iteration |      Energy      |  DIIS Metric   | Fock Time (s) | DIIS Time (s)
----------+------------------+----------------+---------------+--------------
Density calculation took 0.505435s
Tau required
    1     | -1546.3156885702 |   9.7164e+02   |    1.3121     |    0.2234
Density calculation took 0.531368s
Tau required
    2     | -1535.6422387615 |   2.3924e+00   |    1.1109     |    0.1923
Density calculation took 0.511421s
Tau required
    3     | -1535.5687699288 |   2.8308e+00   |    1.0883     |    0.1994
Density calculation took 0.511819s
Tau required
    4     | -1536.2990578709 |   7.0548e-02   |    1.0906     |    0.1930
Density calculation took 0.511603s
Tau required
    5     | -1536.3101421437 |   2.5801e-02   |    1.0882     |    0.2003
Density calculation took 0.511616s
Tau required
    6     | -1536.3144162663 |   9.2378e-03   |    1.0905     |    0.1937
Density calculation took 0.511927s
Tau required
    7     | -1536.3174118389 |   1.4019e-03   |    1.0905     |    0.2020
Density calculation took 0.511530s
Tau required
    8     | -1536.3178640564 |   2.0569e-04   |    1.0909     |    0.1947
Density calculation took 0.511582s
Tau required
    9     | -1536.3179204445 |   1.4420e-05   |    1.0879     |    0.1948
Density calculation took 0.511689s
Tau required
   10     | -1536.3179231504 |   5.0758e-06   |    1.0905     |    0.1953
Density calculation took 0.511701s
Tau required
   11     | -1536.3179244484 |   5.7753e-07   |    1.0887     |    0.1950
Density calculation took 0.511859s
Tau required
   12     | -1536.3179245824 |   1.2787e-07   |    1.0912     |    0.1950
Density calculation took 0.511584s
Tau required
   13     | -1536.3179246147 |   1.4623e-08   |    1.0886     |    0.1948
Density calculation took 0.511829s
Tau required
   14     | -1536.3179246180 |   3.9432e-09   |    1.0913     |    0.1952
Density calculation took 0.511690s
Tau required
   15     | -1536.3179246190 |   9.0246e-10   |    1.0880     |    0.1959
Density calculation took 0.511731s
Tau required
   16     | -1536.3179246190 |   7.3571e-10   |    1.0899     |    0.1956
Density calculation took 0.511836s
Tau required
   17     | -1536.3179246192 |   1.2590e-10   |    1.0881     |    0.1956
Density calculation took 0.511731s
Tau required
   18     | -1536.3179246192 |   5.6146e-11   |    1.0901     |    0.1958
Created 660444 / 2433600 significant shell pairs
Created 510900 / 1849600 significant shell pairs
Total number of grid points: 346467 (5774 per atom)
One electron integrals and orthogonalizer took 0.043638s
Created 510900 / 1849600 significant shell pairs
3C integrals and B formation took 1.702114s
Iteration |      Energy      |  DIIS Metric   | Fock Time (s) | DIIS Time (s)
----------+------------------+----------------+---------------+--------------
Density calculation took 0.499854s
Tau required
    1     | -1546.3121055402 |   9.7327e+02   |    1.3100     |    0.2221
Density calculation took 0.524669s
Tau required
    2     | -1535.6292188000 |   2.3744e+00   |    1.0954     |    0.1928
Density calculation took 0.505253s
Tau required
    3     | -1535.5548823970 |   2.8178e+00   |    1.0758     |    0.1995
Density calculation took 0.505550s
Tau required
    4     | -1536.2809512827 |   7.8438e-02   |    1.0763     |    0.1928
Density calculation took 0.505890s
Tau required
    5     | -1536.2936988328 |   2.7047e-02   |    1.0769     |    0.2025
Density calculation took 0.506325s
Tau required
    6     | -1536.2983990753 |   9.0686e-03   |    1.0771     |    0.1942
Density calculation took 0.506061s
Tau required
    7     | -1536.3013523169 |   1.3055e-03   |    1.0767     |    0.2076
Density calculation took 0.506100s
Tau required
    8     | -1536.3017576873 |   2.8534e-04   |    1.0783     |    0.1947
Density calculation took 0.505806s
Tau required
    9     | -1536.3018409471 |   2.5562e-05   |    1.0769     |    0.1960
Density calculation took 0.505927s
Tau required
   10     | -1536.3018465941 |   6.4123e-06   |    1.0769     |    0.1960
Density calculation took 0.505930s
Tau required
   11     | -1536.3018481102 |   1.3308e-06   |    1.0765     |    0.1971
Density calculation took 0.505851s
Tau required
   12     | -1536.3018484604 |   1.7596e-07   |    1.0780     |    0.1944
Density calculation took 0.505927s
Tau required
   13     | -1536.3018484994 |   4.5906e-08   |    1.0763     |    0.1952
Density calculation took 0.505892s
Tau required
   14     | -1536.3018485113 |   3.9906e-09   |    1.0777     |    0.1964
Density calculation took 0.505945s
Tau required
   15     | -1536.3018485120 |   1.7109e-09   |    1.0769     |    0.2000
Density calculation took 0.506120s
Tau required
   16     | -1536.3018485124 |   1.6919e-10   |    1.0775     |    0.1953
Density calculation took 0.506102s
Tau required
   17     | -1536.3018485125 |   7.3953e-11   |    1.0775     |    0.1952
Created 673763 / 2433600 significant shell pairs
Created 521354 / 1849600 significant shell pairs
Total number of grid points: 346236 (5770 per atom)
One electron integrals and orthogonalizer took 0.048365s
Created 521354 / 1849600 significant shell pairs
3C integrals and B formation took 1.745520s
Iteration |      Energy      |  DIIS Metric   | Fock Time (s) | DIIS Time (s)
----------+------------------+----------------+---------------+--------------
Density calculation took 0.494258s
Tau required
    1     | -1546.3151228517 |   9.7432e+02   |    1.2941     |    0.2229
Density calculation took 0.521102s
Tau required
    2     | -1535.6337901530 |   2.3880e+00   |    1.0847     |    0.1919
Density calculation took 0.502337s
Tau required
    3     | -1535.5450086996 |   2.8693e+00   |    1.0667     |    0.2002
Density calculation took 0.502209s
Tau required
    4     | -1536.2724515573 |   1.2332e-01   |    1.0670     |    0.1930
Density calculation took 0.501763s
Tau required
    5     | -1536.2831965652 |   8.0871e-02   |    1.0643     |    0.2004
Density calculation took 0.502616s
Tau required
    6     | -1536.3063798766 |   9.9503e-03   |    1.0674     |    0.1948
Density calculation took 0.502061s
Tau required
    7     | -1536.3090805695 |   1.3862e-03   |    1.0652     |    0.2022
Density calculation took 0.502173s
Tau required
    8     | -1536.3093153807 |   7.2187e-04   |    1.0646     |    0.1957
Density calculation took 0.502793s
Tau required
    9     | -1536.3095443166 |   7.6815e-05   |    1.0669     |    0.1954
Density calculation took 0.502620s
Tau required
   10     | -1536.3095679012 |   7.9009e-06   |    1.0678     |    0.1955
Density calculation took 0.502675s
Tau required
   11     | -1536.3095699350 |   1.4671e-06   |    1.0674     |    0.1949
Density calculation took 0.502737s
Tau required
   12     | -1536.3095703143 |   1.8990e-07   |    1.0671     |    0.1956
Density calculation took 0.502682s
Tau required
   13     | -1536.3095703553 |   4.2021e-08   |    1.0671     |    0.1952
Density calculation took 0.502573s
Tau required
   14     | -1536.3095703638 |   1.2970e-08   |    1.0672     |    0.1962
Density calculation took 0.502767s
Tau required
   15     | -1536.3095703668 |   2.8972e-09   |    1.0668     |    0.1958
Density calculation took 0.502579s
Tau required
   16     | -1536.3095703676 |   2.7459e-10   |    1.0666     |    0.1955
Density calculation took 0.502566s
Tau required
   17     | -1536.3095703676 |   1.8737e-10   |    1.0665     |    0.1946
Density calculation took 0.502773s
Tau required
   18     | -1536.3095703677 |   5.5004e-11   |    1.0678     |    0.1972
Created 678169 / 2433600 significant shell pairs
Created 524882 / 1849600 significant shell pairs
Total number of grid points: 346556 (5775 per atom)
One electron integrals and orthogonalizer took 0.047937s
Created 524882 / 1849600 significant shell pairs
3C integrals and B formation took 1.747519s
Iteration |      Energy      |  DIIS Metric   | Fock Time (s) | DIIS Time (s)
----------+------------------+----------------+---------------+--------------
Density calculation took 0.498969s
Tau required
    1     | -1546.3207855389 |   9.7505e+02   |    1.3103     |    0.2218
Density calculation took 0.524811s
Tau required
    2     | -1535.6361962392 |   2.3963e+00   |    1.0971     |    0.1922
Density calculation took 0.504346s
Tau required
    3     | -1535.5411010982 |   2.9097e+00   |    1.0778     |    0.2005
Density calculation took 0.504689s
Tau required
    4     | -1536.2789634308 |   1.1826e-01   |    1.0769     |    0.1973
Density calculation took 0.504761s
Tau required
    5     | -1536.2938852384 |   5.9483e-02   |    1.0777     |    0.2013
Density calculation took 0.505058s
Tau required
    6     | -1536.3103489458 |   1.0385e-02   |    1.0782     |    0.1961
Density calculation took 0.505072s
Tau required
    7     | -1536.3133746892 |   1.2062e-03   |    1.0787     |    0.2028
Density calculation took 0.505302s
Tau required
    8     | -1536.3136224118 |   5.0325e-04   |    1.0796     |    0.1961
Density calculation took 0.505002s
Tau required
    9     | -1536.3137654998 |   2.8510e-05   |    1.0791     |    0.1961
Density calculation took 0.504634s
Tau required
   10     | -1536.3137724932 |   5.1873e-06   |    1.0768     |    0.1971
Density calculation took 0.504781s
Tau required
   11     | -1536.3137737752 |   8.3889e-07   |    1.0783     |    0.1963
Density calculation took 0.504791s
Tau required
   12     | -1536.3137739761 |   1.6169e-07   |    1.0769     |    0.1960
Density calculation took 0.504837s
Tau required
   13     | -1536.3137740130 |   3.5320e-08   |    1.0795     |    0.1967
Density calculation took 0.504742s
Tau required
   14     | -1536.3137740221 |   4.7418e-09   |    1.0773     |    0.1985
Density calculation took 0.504840s
Tau required
   15     | -1536.3137740230 |   1.8545e-09   |    1.0776     |    0.1965
Density calculation took 0.504898s
Tau required
   16     | -1536.3137740235 |   4.1019e-10   |    1.0839     |    0.1958
Density calculation took 0.504931s
Tau required
   17     | -1536.3137740236 |   1.2642e-10   |    1.0804     |    0.1970
Density calculation took 0.504767s
Tau required
   18     | -1536.3137740236 |   8.4426e-11   |    1.0784     |    0.1970
Created 665039 / 2433600 significant shell pairs
Created 514834 / 1849600 significant shell pairs
Total number of grid points: 345966 (5766 per atom)
One electron integrals and orthogonalizer took 0.043622s
Created 514834 / 1849600 significant shell pairs
3C integrals and B formation took 1.705228s
Iteration |      Energy      |  DIIS Metric   | Fock Time (s) | DIIS Time (s)
----------+------------------+----------------+---------------+--------------
Density calculation took 0.495030s
Tau required
    1     | -1546.3141827343 |   9.7350e+02   |    1.3225     |    0.2231
Density calculation took 0.525793s
Tau required
    2     | -1535.6323529287 |   2.3728e+00   |    1.0961     |    0.1929
Density calculation took 0.506189s
Tau required
    3     | -1535.5538731387 |   2.8252e+00   |    1.0762     |    0.2006
Density calculation took 0.506102s
Tau required
    4     | -1536.2762316015 |   1.0052e-01   |    1.0760     |    0.1935
Density calculation took 0.506151s
Tau required
    5     | -1536.2852467992 |   5.5100e-02   |    1.0750     |    0.2026
Density calculation took 0.505814s
Tau required
    6     | -1536.2997902142 |   1.4490e-02   |    1.0744     |    0.1952
Density calculation took 0.506321s
Tau required
    7     | -1536.3047938697 |   1.1082e-03   |    1.0760     |    0.2033
Density calculation took 0.506038s
Tau required
    8     | -1536.3050286081 |   4.1000e-04   |    1.0752     |    0.1959
Density calculation took 0.506168s
Tau required
    9     | -1536.3051354750 |   3.2553e-05   |    1.0752     |    0.1967
Density calculation took 0.505973s
Tau required
   10     | -1536.3051440602 |   5.1337e-06   |    1.0755     |    0.1991
Density calculation took 0.506068s
Tau required
   11     | -1536.3051452107 |   1.1845e-06   |    1.0742     |    0.1962
Density calculation took 0.506350s
Tau required
   12     | -1536.3051454870 |   2.0630e-07   |    1.0750     |    0.1961
Density calculation took 0.506060s
Tau required
   13     | -1536.3051455386 |   4.5451e-08   |    1.0741     |    0.1961
Density calculation took 0.506178s
Tau required
   14     | -1536.3051455504 |   4.6411e-09   |    1.0753     |    0.1984
Density calculation took 0.506092s
Tau required
   15     | -1536.3051455513 |   1.8959e-09   |    1.0748     |    0.1968
Density calculation took 0.506269s
Tau required
   16     | -1536.3051455516 |   7.6084e-10   |    1.0748     |    0.1972
Density calculation took 0.506080s
Tau required
   17     | -1536.3051455518 |   1.5481e-10   |    1.0745     |    0.1961
Density calculation took 0.506131s
Tau required
   18     | -1536.3051455519 |   8.0300e-11   |    1.0759     |    0.1965
Please cite the following papers for the methods used in this calculation:
 - J.L. Galvez Vallejo et. al., Toward an extreme-scale electronic structure system, J. Chem. Phys., 2023. DOI: 10.1063/5.0156399

 - R. Stocks, E. Palethorpe, and G.M.J. Barca, Multi-GPU RI-HF Energies and Analytic Gradients ─ Toward High-Throughput Ab Initio Molecular Dynamics, J. Chem. Theory Comput., 2024. DOI: 10.1021/acs.jctc.4c00877
   For:
     * RI-HF energy

 - S. Lehtola, C. Steigemann, M.J.T. Oliveira, and M.A.L. Marques, Recent developments in Libxc: A comprehensive library of functionals for density functional theory, SoftwareX, 2018. DOI: 10.1016/j.softx.2017.11.002
   For:
     * LibXC version 6.2.0

 - D.B. Williams-Young, W.A. de Jong, H.J.J. van Dam, and C. Yang, On the Efficient Evaluation of the Exchange Correlation Potential on Graphics Processing Unit Clusters, Frontiers in Chemistry, 2020. DOI: 10.3389/fchem.2020.581058
   For:
     * ExchCXX GPU implementation of exchange-correlation functionals

 - R. Stocks and G.M.J. Barca, Efficient Algorithms for GPU Accelerated Evaluation of the DFT Exchange-Correlation Functional, J. Chem. Theory Comput., 2025. DOI: 10.1021/acs.jctc.5c01229
   For:
     * GPU accelerated DFT exchange-correlation evaluation

 - J. Sun, A. Ruzsinszky, and J. P. Perdew.,  Phys. Rev. Lett. 115, 036402 (2015) DOI: 10.1103/PhysRevLett.115.036402
   For:
     * MGGA_X_SCAN XC Functional
     * MGGA_C_SCAN XC Functional

[CRAYBLAS_WARNING] Application linked against multiple cray-libsci libraries
