Total number of grid points: 346555 (5775 per atom)
Density calculation took 0.508414s
Tau required
Density calculation took 0.515767s
Tau required
Density calculation took 0.496994s
Tau required
Density calculation took 0.497550s
Tau required
Density calculation took 0.498548s
Tau required
Density calculation took 0.497370s
Tau required
Density calculation took 0.498717s
Tau required
Density calculation took 0.499839s
Tau required
Density calculation took 0.499095s
Tau required
Density calculation took 0.500420s
Tau required
Density calculation took 0.499033s
Tau required
Density calculation took 0.501035s
Tau required
Density calculation took 0.501242s
Tau required
Density calculation took 0.499523s
Tau required
Density calculation took 0.501765s
Tau required
Density calculation took 0.499963s
Tau required
Total number of grid points: 345784 (5763 per atom)
Density calculation took 0.502111s
Tau required
Density calculation took 0.520613s
Tau required
Density calculation took 0.502670s
Tau required
Density calculation took 0.503062s
Tau required
Density calculation took 0.503048s
Tau required
Density calculation took 0.503491s
Tau required
Density calculation took 0.502772s
Tau required
Density calculation took 0.502740s
Tau required
Density calculation took 0.503940s
Tau required
Density calculation took 0.502661s
Tau required
Density calculation took 0.503819s
Tau required
Density calculation took 0.504715s
Tau required
Density calculation took 0.504410s
Tau required
Density calculation took 0.503588s
Tau required
Density calculation took 0.503616s
Tau required
Density calculation took 0.504798s
Tau required
Density calculation took 0.504667s
Tau required
Total number of grid points: 345560 (5759 per atom)
Density calculation took 0.507804s
Tau required
Density calculation took 0.522667s
Tau required
Density calculation took 0.500241s
Tau required
Density calculation took 0.501115s
Tau required
Density calculation took 0.500946s
Tau required
Density calculation took 0.501081s
Tau required
Density calculation took 0.500181s
Tau required
Density calculation took 0.501151s
Tau required
Density calculation took 0.500353s
Tau required
Density calculation took 0.501212s
Tau required
Density calculation took 0.501338s
Tau required
Density calculation took 0.500541s
Tau required
Density calculation took 0.501217s
Tau required
Density calculation took 0.500868s
Tau required
Density calculation took 0.501139s
Tau required
Density calculation took 0.501014s
Tau required
Density calculation took 0.500975s
Tau required
Density calculation took 0.501351s
Tau required
Total number of grid points: 346316 (5771 per atom)
Density calculation took 0.506515s
Tau required
Density calculation took 0.518813s
Tau required
Density calculation took 0.500407s
Tau required
Density calculation took 0.498737s
Tau required
Density calculation took 0.500316s
Tau required
Density calculation took 0.500370s
Tau required
Density calculation took 0.500497s
Tau required
Density calculation took 0.500593s
Tau required
Density calculation took 0.500694s
Tau required
Density calculation took 0.500610s
Tau required
Density calculation took 0.500564s
Tau required
Density calculation took 0.500812s
Tau required
Density calculation took 0.499821s
Tau required
Density calculation took 0.500899s
Tau required
Density calculation took 0.500036s
Tau required
Density calculation took 0.499565s
Tau required
Density calculation took 0.500040s
Tau required
Total number of grid points: 346990 (5783 per atom)
Density calculation took 0.513321s
Tau required
Density calculation took 0.521943s
Tau required
Density calculation took 0.503380s
Tau required
Density calculation took 0.503881s
Tau required
Density calculation took 0.504139s
Tau required
Density calculation took 0.504356s
Tau required
Density calculation took 0.504419s
Tau required
Density calculation took 0.504376s
Tau required
Density calculation took 0.504218s
Tau required
Density calculation took 0.504629s
Tau required
Density calculation took 0.504566s
Tau required
Density calculation took 0.504330s
Tau required
Density calculation took 0.504684s
Tau required
Density calculation took 0.504818s
Tau required
Density calculation took 0.504824s
Tau required
Density calculation took 0.504886s
Tau required
Density calculation took 0.505011s
Tau required
Density calculation took 0.504873s
Tau required
Total number of grid points: 346862 (5781 per atom)
Density calculation took 0.502269s
Tau required
Density calculation took 0.520578s
Tau required
Density calculation took 0.501513s
Tau required
Density calculation took 0.501531s
Tau required
Density calculation took 0.501206s
Tau required
Density calculation took 0.501604s
Tau required
Density calculation took 0.502086s
Tau required
Density calculation took 0.501666s
Tau required
Density calculation took 0.501940s
Tau required
Density calculation took 0.502174s
Tau required
Density calculation took 0.502152s
Tau required
Density calculation took 0.501987s
Tau required
Density calculation took 0.501968s
Tau required
Density calculation took 0.502132s
Tau required
Density calculation took 0.502351s
Tau required
Density calculation took 0.502164s
Tau required
Density calculation took 0.501853s
Tau required
Density calculation took 0.502588s
Tau required
Total number of grid points: 346872 (5781 per atom)
Density calculation took 0.504486s
Tau required
Density calculation took 0.525129s
Tau required
Density calculation took 0.505465s
Tau required
Density calculation took 0.505163s
Tau required
Density calculation took 0.505690s
Tau required
Density calculation took 0.505782s
Tau required
Density calculation took 0.506242s
Tau required
Density calculation took 0.506084s
Tau required
Density calculation took 0.506138s
Tau required
Density calculation took 0.505837s
Tau required
Density calculation took 0.506281s
Tau required
Density calculation took 0.506623s
Tau required
Density calculation took 0.506278s
Tau required
Density calculation took 0.506156s
Tau required
Density calculation took 0.505767s
Tau required
Density calculation took 0.506180s
Tau required
Density calculation took 0.506000s
Tau required
Total number of grid points: 345850 (5764 per atom)
Density calculation took 0.504993s
Tau required
Density calculation took 0.521146s
Tau required
Density calculation took 0.501877s
Tau required
Density calculation took 0.501715s
Tau required
Density calculation took 0.501880s
Tau required
Density calculation took 0.501310s
Tau required
Density calculation took 0.501807s
Tau required
Density calculation took 0.501777s
Tau required
Density calculation took 0.502439s
Tau required
Density calculation took 0.502066s
Tau required
Density calculation took 0.502211s
Tau required
Density calculation took 0.502386s
Tau required
Density calculation took 0.502055s
Tau required
Density calculation took 0.501877s
Tau required
Density calculation took 0.502337s
Tau required
Density calculation took 0.502097s
Tau required
Density calculation took 0.502439s
Tau required
Total number of grid points: 346230 (5770 per atom)
Density calculation took 0.502991s
Tau required
Density calculation took 0.521529s
Tau required
Density calculation took 0.501616s
Tau required
Density calculation took 0.501588s
Tau required
Density calculation took 0.501848s
Tau required
Density calculation took 0.501897s
Tau required
Density calculation took 0.502097s
Tau required
Density calculation took 0.501955s
Tau required
Density calculation took 0.501841s
Tau required
Density calculation took 0.501790s
Tau required
Density calculation took 0.502241s
Tau required
Density calculation took 0.502291s
Tau required
Density calculation took 0.502275s
Tau required
Density calculation took 0.502078s
Tau required
Density calculation took 0.502370s
Tau required
Density calculation took 0.502279s
Tau required
Density calculation took 0.501510s
Tau required
Total number of grid points: 346939 (5782 per atom)
Density calculation took 0.505469s
Tau required
Density calculation took 0.520577s
Tau required
Density calculation took 0.501121s
Tau required
Density calculation took 0.500778s
Tau required
Density calculation took 0.501441s
Tau required
Density calculation took 0.501396s
Tau required
Density calculation took 0.501379s
Tau required
Density calculation took 0.500775s
Tau required
Density calculation took 0.501299s
Tau required
Density calculation took 0.501750s
Tau required
Density calculation took 0.501950s
Tau required
Density calculation took 0.501798s
Tau required
Density calculation took 0.501914s
Tau required
Density calculation took 0.501506s
Tau required
Density calculation took 0.501771s
Tau required
Density calculation took 0.501702s
Tau required
Density calculation took 0.502067s
Tau required
Total number of grid points: 346033 (5767 per atom)
Density calculation took 0.506316s
Tau required
Density calculation took 0.526543s
Tau required
Density calculation took 0.504551s
Tau required
Density calculation took 0.505036s
Tau required
Density calculation took 0.504804s
Tau required
Density calculation took 0.505071s
Tau required
Density calculation took 0.504668s
Tau required
Density calculation took 0.504941s
Tau required
Density calculation took 0.505392s
Tau required
Density calculation took 0.505151s
Tau required
Density calculation took 0.505529s
Tau required
Density calculation took 0.505414s
Tau required
Density calculation took 0.505823s
Tau required
Density calculation took 0.505473s
Tau required
Density calculation took 0.505312s
Tau required
Density calculation took 0.505112s
Tau required
Density calculation took 0.505839s
Tau required
Total number of grid points: 346787 (5779 per atom)
Density calculation took 0.507475s
Tau required
Density calculation took 0.518485s
Tau required
Density calculation took 0.499293s
Tau required
Density calculation took 0.499725s
Tau required
Density calculation took 0.499687s
Tau required
Density calculation took 0.500003s
Tau required
Density calculation took 0.499963s
Tau required
Density calculation took 0.499632s
Tau required
Density calculation took 0.499692s
Tau required
Density calculation took 0.500060s
Tau required
Density calculation took 0.499826s
Tau required
Density calculation took 0.500337s
Tau required
Density calculation took 0.500208s
Tau required
Density calculation took 0.500190s
Tau required
Density calculation took 0.500093s
Tau required
Density calculation took 0.500306s
Tau required
Density calculation took 0.500519s
Tau required
Total number of grid points: 346626 (5777 per atom)
Density calculation took 0.506052s
Tau required
Density calculation took 0.518411s
Tau required
Density calculation took 0.499116s
Tau required
Density calculation took 0.499910s
Tau required
Density calculation took 0.500442s
Tau required
Density calculation took 0.500585s
Tau required
Density calculation took 0.500193s
Tau required
Density calculation took 0.500640s
Tau required
Density calculation took 0.501064s
Tau required
Density calculation took 0.500987s
Tau required
Density calculation took 0.500948s
Tau required
Density calculation took 0.501133s
Tau required
Density calculation took 0.500962s
Tau required
Density calculation took 0.500741s
Tau required
Density calculation took 0.501049s
Tau required
Density calculation took 0.501089s
Tau required
Density calculation took 0.500989s
Tau required
Total number of grid points: 346200 (5770 per atom)
Density calculation took 0.509354s
Tau required
Density calculation took 0.522568s
Tau required
Density calculation took 0.500779s
Tau required
Density calculation took 0.501275s
Tau required
Density calculation took 0.500986s
Tau required
Density calculation took 0.501210s
Tau required
Density calculation took 0.501600s
Tau required
Density calculation took 0.501559s
Tau required
Density calculation took 0.501475s
Tau required
Density calculation took 0.501304s
Tau required
Density calculation took 0.501814s
Tau required
Density calculation took 0.501906s
Tau required
Density calculation took 0.501637s
Tau required
Density calculation took 0.501559s
Tau required
Density calculation took 0.501840s
Tau required
Density calculation took 0.501806s
Tau required
Density calculation took 0.501709s
Tau required
Total number of grid points: 346486 (5774 per atom)
Density calculation took 0.509736s
Tau required
Density calculation took 0.528882s
Tau required
Density calculation took 0.507222s
Tau required
Density calculation took 0.507224s
Tau required
Density calculation took 0.507575s
Tau required
Density calculation took 0.507137s
Tau required
Density calculation took 0.507637s
Tau required
Density calculation took 0.507443s
Tau required
Density calculation took 0.507165s
Tau required
Density calculation took 0.507583s
Tau required
Density calculation took 0.507877s
Tau required
Density calculation took 0.507702s
Tau required
Density calculation took 0.507661s
Tau required
Density calculation took 0.507838s
Tau required
Density calculation took 0.507812s
Tau required
Density calculation took 0.507210s
Tau required
Total number of grid points: 346617 (5776 per atom)
Density calculation took 0.507254s
Tau required
Density calculation took 0.523957s
Tau required
Density calculation took 0.504327s
Tau required
Density calculation took 0.504675s
Tau required
Density calculation took 0.504410s
Tau required
Density calculation took 0.504717s
Tau required
Density calculation took 0.504161s
Tau required
Density calculation took 0.504829s
Tau required
Density calculation took 0.504729s
Tau required
Density calculation took 0.504735s
Tau required
Density calculation took 0.504852s
Tau required
Density calculation took 0.504638s
Tau required
Density calculation took 0.505059s
Tau required
Density calculation took 0.504718s
Tau required
Density calculation took 0.505011s
Tau required
Density calculation took 0.504822s
Tau required
Density calculation took 0.504648s
Tau required
Total number of grid points: 346269 (5771 per atom)
Density calculation took 0.508873s
Tau required
Density calculation took 0.521088s
Tau required
Density calculation took 0.501757s
Tau required
Density calculation took 0.501883s
Tau required
Density calculation took 0.501659s
Tau required
Density calculation took 0.501628s
Tau required
Density calculation took 0.501811s
Tau required
Density calculation took 0.501992s
Tau required
Density calculation took 0.502553s
Tau required
Density calculation took 0.502146s
Tau required
Density calculation took 0.502261s
Tau required
Density calculation took 0.502122s
Tau required
Density calculation took 0.502127s
Tau required
Density calculation took 0.502658s
Tau required
Density calculation took 0.502344s
Tau required
Density calculation took 0.502435s
Tau required
Total number of grid points: 346888 (5781 per atom)
Density calculation took 0.506121s
Tau required
Density calculation took 0.523184s
Tau required
Density calculation took 0.503220s
Tau required
Density calculation took 0.503734s
Tau required
Density calculation took 0.503712s
Tau required
Density calculation took 0.503242s
Tau required
Density calculation took 0.503600s
Tau required
Density calculation took 0.504079s
Tau required
Density calculation took 0.503590s
Tau required
Density calculation took 0.503822s
Tau required
Density calculation took 0.503974s
Tau required
Density calculation took 0.504112s
Tau required
Density calculation took 0.504115s
Tau required
Density calculation took 0.504079s
Tau required
Density calculation took 0.504291s
Tau required
Density calculation took 0.504423s
Tau required
Total number of grid points: 346103 (5768 per atom)
Density calculation took 0.506065s
Tau required
Density calculation took 0.521166s
Tau required
Density calculation took 0.502177s
Tau required
Density calculation took 0.502882s
Tau required
Density calculation took 0.502749s
Tau required
Density calculation took 0.502635s
Tau required
Density calculation took 0.503158s
Tau required
Density calculation took 0.502696s
Tau required
Density calculation took 0.503424s
Tau required
Density calculation took 0.503157s
Tau required
Density calculation took 0.503227s
Tau required
Density calculation took 0.503238s
Tau required
Density calculation took 0.503031s
Tau required
Density calculation took 0.502633s
Tau required
Density calculation took 0.503091s
Tau required
Density calculation took 0.503332s
Tau required
Total number of grid points: 346185 (5769 per atom)
Density calculation took 0.511023s
Tau required
Density calculation took 0.521394s
Tau required
Density calculation took 0.501897s
Tau required
Density calculation took 0.502273s
Tau required
Density calculation took 0.502460s
Tau required
Density calculation took 0.502734s
Tau required
Density calculation took 0.502878s
Tau required
Density calculation took 0.502808s
Tau required
Density calculation took 0.503061s
Tau required
Density calculation took 0.503165s
Tau required
Density calculation took 0.503144s
Tau required
Density calculation took 0.502845s
Tau required
Density calculation took 0.503261s
Tau required
Density calculation took 0.502564s
Tau required
Density calculation took 0.502994s
Tau required
Density calculation took 0.502984s
Tau required
[CRAYBLAS_WARNING] Application linked against multiple cray-libsci libraries
esults         
=======================================================
E MGGA_X_SCAN+MGGA_C_SCAN: -1536.32991366
Nuclear Repulsion Energy: 3927.35823053
Electronic Energy:        -5238.9923502
XC Energy:                -224.695794
Converged:                1
# of SCF iterations:      17
SCF Time:                 23.917s

=======================================================
            Individual Calculation Summary             
=======================================================
HF Energy: -1536.3299136636449020
=======================================================


Topology 9 time: 24.098491 s, performance: SP: 0 FLOP/s, DP: 33.3 TFLOP/s
JSON file written to: json_logs/lustre_orion_chm213_scratch_ryan_dhdft_inputs_exess_exess_inputs_SCAN_def2-TZVP_isomers_4520-4539_topology_9.json
************************************************************
**************** Running topology 11 of 20 *****************
************************************************************

************************************************************
******* Beginning RI-MGGA_X_SCAN+MGGA_C_SCAN energy ********
************************************************************

=======================================================
        MGGA_X_SCAN+MGGA_C_SCAN Energy Results         
=======================================================
E MGGA_X_SCAN+MGGA_C_SCAN: -1536.32472557
Nuclear Repulsion Energy: 3985.71504548
Electronic Energy:        -5297.34075313
XC Energy:                -224.699018
Converged:                1
# of SCF iterations:      17
SCF Time:                 24.046s

=======================================================
            Individual Calculation Summary             
=======================================================
HF Energy: -1536.3247255744959148
=======================================================


Topology 10 time: 24.231520 s, performance: SP: 0 FLOP/s, DP: 33.12 TFLOP/s
JSON file written to: json_logs/lustre_orion_chm213_scratch_ryan_dhdft_inputs_exess_exess_inputs_SCAN_def2-TZVP_isomers_4520-4539_topology_10.json
************************************************************
**************** Running topology 12 of 20 *****************
************************************************************

************************************************************
******* Beginning RI-MGGA_X_SCAN+MGGA_C_SCAN energy ********
************************************************************

=======================================================
        MGGA_X_SCAN+MGGA_C_SCAN Energy Results         
=======================================================
E MGGA_X_SCAN+MGGA_C_SCAN: -1536.32173888
Nuclear Repulsion Energy: 3980.25000628
Electronic Energy:        -5291.87469977
XC Energy:                -224.697045
Converged:                1
# of SCF iterations:      17
SCF Time:                 23.868s

=======================================================
            Individual Calculation Summary             
=======================================================
HF Energy: -1536.3217388784198647
=======================================================


Topology 11 time: 24.052274 s, performance: SP: 0 FLOP/s, DP: 33.39 TFLOP/s
JSON file written to: json_logs/lustre_orion_chm213_scratch_ryan_dhdft_inputs_exess_exess_inputs_SCAN_def2-TZVP_isomers_4520-4539_topology_11.json
************************************************************
**************** Running topology 13 of 20 *****************
************************************************************

************************************************************
******* Beginning RI-MGGA_X_SCAN+MGGA_C_SCAN energy ********
************************************************************

=======================================================
        MGGA_X_SCAN+MGGA_C_SCAN Energy Results         
=======================================================
E MGGA_X_SCAN+MGGA_C_SCAN: -1536.32534241
Nuclear Repulsion Energy: 3970.74818421
Electronic Energy:        -5282.37413649
XC Energy:                -224.699390
Converged:                1
# of SCF iterations:      17
SCF Time:                 23.857s

=======================================================
            Individual Calculation Summary             
=======================================================
HF Energy: -1536.3253424114300287
=======================================================


Topology 12 time: 24.040803 s, performance: SP: 0 FLOP/s, DP: 33.38 TFLOP/s
JSON file written to: json_logs/lustre_orion_chm213_scratch_ryan_dhdft_inputs_exess_exess_inputs_SCAN_def2-TZVP_isomers_4520-4539_topology_12.json
************************************************************
**************** Running topology 14 of 20 *****************
************************************************************

************************************************************
******* Beginning RI-MGGA_X_SCAN+MGGA_C_SCAN energy ********
************************************************************

=======================================================
        MGGA_X_SCAN+MGGA_C_SCAN Energy Results         
=======================================================
E MGGA_X_SCAN+MGGA_C_SCAN: -1536.32523831
Nuclear Repulsion Energy: 3998.26210147
Electronic Energy:        -5309.89382454
XC Energy:                -224.693515
Converged:                1
# of SCF iterations:      17
SCF Time:                 24.009s

=======================================================
            Individual Calculation Summary             
=======================================================
HF Energy: -1536.3252383119029219
=======================================================


Topology 13 time: 24.196001 s, performance: SP: 0 FLOP/s, DP: 33.15 TFLOP/s
JSON file written to: json_logs/lustre_orion_chm213_scratch_ryan_dhdft_inputs_exess_exess_inputs_SCAN_def2-TZVP_isomers_4520-4539_topology_13.json
************************************************************
**************** Running topology 15 of 20 *****************
************************************************************

************************************************************
******* Beginning RI-MGGA_X_SCAN+MGGA_C_SCAN energy ********
************************************************************

=======================================================
        MGGA_X_SCAN+MGGA_C_SCAN Energy Results         
=======================================================
E MGGA_X_SCAN+MGGA_C_SCAN: -1536.33357768
Nuclear Repulsion Energy: 3985.30039871
Electronic Energy:        -5296.93211274
XC Energy:                -224.701864
Converged:                1
# of SCF iterations:      16
SCF Time:                 23.01s

=======================================================
            Individual Calculation Summary             
=======================================================
HF Energy: -1536.3335776778912987
=======================================================


Topology 14 time: 23.196167 s, performance: SP: 0 FLOP/s, DP: 32.67 TFLOP/s
JSON file written to: json_logs/lustre_orion_chm213_scratch_ryan_dhdft_inputs_exess_exess_inputs_SCAN_def2-TZVP_isomers_4520-4539_topology_14.json
************************************************************
**************** Running topology 16 of 20 *****************
************************************************************

************************************************************
******* Beginning RI-MGGA_X_SCAN+MGGA_C_SCAN energy ********
************************************************************

=======================================================
        MGGA_X_SCAN+MGGA_C_SCAN Energy Results         
=======================================================
E MGGA_X_SCAN+MGGA_C_SCAN: -1536.32547227
Nuclear Repulsion Energy: 4070.76678361
Electronic Energy:        -5382.38342323
XC Energy:                -224.708833
Converged:                1
# of SCF iterations:      17
SCF Time:                 24.188s

=======================================================
            Individual Calculation Summary             
=======================================================
HF Energy: -1536.3254722663782559
=======================================================


Topology 15 time: 24.381378 s, performance: SP: 0 FLOP/s, DP: 32.85 TFLOP/s
JSON file written to: json_logs/lustre_orion_chm213_scratch_ryan_dhdft_inputs_exess_exess_inputs_SCAN_def2-TZVP_isomers_4520-4539_topology_15.json
************************************************************
**************** Running topology 17 of 20 *****************
************************************************************

************************************************************
******* Beginning RI-MGGA_X_SCAN+MGGA_C_SCAN energy ********
************************************************************

=======================================================
        MGGA_X_SCAN+MGGA_C_SCAN Energy Results         
=======================================================
E MGGA_X_SCAN+MGGA_C_SCAN: -1536.33327744
Nuclear Repulsion Energy: 3927.35548026
Electronic Energy:        -5238.98755758
XC Energy:                -224.701200
Converged:                1
# of SCF iterations:      16
SCF Time:                 22.572s

=======================================================
            Individual Calculation Summary             
=======================================================
HF Energy: -1536.3332774381851777
=======================================================


Topology 16 time: 22.753464 s, performance: SP: 0 FLOP/s, DP: 33.32 TFLOP/s
JSON file written to: json_logs/lustre_orion_chm213_scratch_ryan_dhdft_inputs_exess_exess_inputs_SCAN_def2-TZVP_isomers_4520-4539_topology_16.json
************************************************************
**************** Running topology 18 of 20 *****************
************************************************************

************************************************************
******* Beginning RI-MGGA_X_SCAN+MGGA_C_SCAN energy ********
************************************************************

=======================================================
        MGGA_X_SCAN+MGGA_C_SCAN Energy Results         
=======================================================
E MGGA_X_SCAN+MGGA_C_SCAN: -1536.33061537
Nuclear Repulsion Energy: 3908.90084485
Electronic Energy:        -5220.53511496
XC Energy:                -224.696345
Converged:                1
# of SCF iterations:      16
SCF Time:                 22.599s

=======================================================
            Individual Calculation Summary             
=======================================================
HF Energy: -1536.3306153716907829
=======================================================


Topology 17 time: 22.779088 s, performance: SP: 0 FLOP/s, DP: 33.29 TFLOP/s
JSON file written to: json_logs/lustre_orion_chm213_scratch_ryan_dhdft_inputs_exess_exess_inputs_SCAN_def2-TZVP_isomers_4520-4539_topology_17.json
************************************************************
**************** Running topology 19 of 20 *****************
************************************************************

************************************************************
******* Beginning RI-MGGA_X_SCAN+MGGA_C_SCAN energy ********
************************************************************

=======================================================
        MGGA_X_SCAN+MGGA_C_SCAN Energy Results         
=======================================================
E MGGA_X_SCAN+MGGA_C_SCAN: -1536.32013248
Nuclear Repulsion Energy: 3964.87446006
Electronic Energy:        -5276.49379343
XC Energy:                -224.700799
Converged:                1
# of SCF iterations:      16
SCF Time:                 22.643s

=======================================================
            Individual Calculation Summary             
=======================================================
HF Energy: -1536.3201324814815507
=======================================================


Topology 18 time: 22.827565 s, performance: SP: 0 FLOP/s, DP: 33.17 TFLOP/s
JSON file written to: json_logs/lustre_orion_chm213_scratch_ryan_dhdft_inputs_exess_exess_inputs_SCAN_def2-TZVP_isomers_4520-4539_topology_18.json
************************************************************
**************** Running topology 20 of 20 *****************
************************************************************

************************************************************
******* Beginning RI-MGGA_X_SCAN+MGGA_C_SCAN energy ********
************************************************************

=======================================================
        MGGA_X_SCAN+MGGA_C_SCAN Energy Results         
=======================================================
E MGGA_X_SCAN+MGGA_C_SCAN: -1536.34071518
Nuclear Repulsion Energy: 3978.45478431
Electronic Energy:        -5290.08112567
XC Energy:                -224.714374
Converged:                1
# of SCF iterations:      16
SCF Time:                 22.665s

=======================================================
            Individual Calculation Summary             
=======================================================
HF Energy: -1536.3407151767873984
=======================================================


Topology 19 time: 22.849999 s, performance: SP: 0 FLOP/s, DP: 33.19 TFLOP/s
JSON file written to: json_logs/lustre_orion_chm213_scratch_ryan_dhdft_inputs_exess_exess_inputs_SCAN_def2-TZVP_isomers_4520-4539_topology_19.json
Total flops: SP: 0 FLOPS, DP: 15.902845 PFLOPS
Performance: SP: 0 FLOP/s, DP: 32.51 TFLOP/s

Now, a word from our sponsors... 
 Eat dessert first, life is uncertain. 

[31mTotal processing time 489.358889 seconds[0m
[CRAYBLAS_WARNING] Application linked against multiple cray-libsci libraries
 1     | -1546.3087720374 |   9.6973e+02   |    1.3204     |    0.2231
Density calculation took 0.495585s
Tau required
    2     | -1535.6498363958 |   2.3783e+00   |    1.0899     |    0.1937
Density calculation took 0.475481s
Tau required
    3     | -1535.5790050582 |   2.7890e+00   |    1.0716     |    0.2014
Density calculation took 0.475418s
Tau required
    4     | -1536.2977320632 |   9.8376e-02   |    1.0707     |    0.1946
Density calculation took 0.475598s
Tau required
    5     | -1536.3125020802 |   4.0966e-02   |    1.0718     |    0.2032
Density calculation took 0.475695s
Tau required
    6     | -1536.3223820532 |   8.9532e-03   |    1.0700     |    0.2002
Density calculation took 0.475707s
Tau required
    7     | -1536.3250329971 |   9.7786e-04   |    1.0707     |    0.2042
Density calculation took 0.475483s
Tau required
    8     | -1536.3252796688 |   2.2649e-04   |    1.0686     |    0.1975
Density calculation took 0.475727s
Tau required
    9     | -1536.3253373621 |   1.6691e-05   |    1.0723     |    0.1980
Density calculation took 0.475776s
Tau required
   10     | -1536.3253411087 |   4.1442e-06   |    1.0711     |    0.1985
Density calculation took 0.475803s
Tau required
   11     | -1536.3253422746 |   4.6404e-07   |    1.0701     |    0.1994
Density calculation took 0.475812s
Tau required
   12     | -1536.3253423720 |   1.3622e-07   |    1.0695     |    0.1981
Density calculation took 0.475758s
Tau required
   13     | -1536.3253424052 |   2.1343e-08   |    1.0695     |    0.1979
Density calculation took 0.475661s
Tau required
   14     | -1536.3253424104 |   3.4031e-09   |    1.0688     |    0.1980
Density calculation took 0.475789s
Tau required
   15     | -1536.3253424112 |   9.8558e-10   |    1.0692     |    0.1982
Density calculation took 0.475651s
Tau required
   16     | -1536.3253424114 |   2.6687e-10   |    1.0686     |    0.1980
Density calculation took 0.475660s
Tau required
   17     | -1536.3253424114 |   5.9323e-11   |    1.0706     |    0.1980
Created 646765 / 2433600 significant shell pairs
Created 501700 / 1849600 significant shell pairs
Total number of grid points: 347531 (5792 per atom)
One electron integrals and orthogonalizer took 0.044302s
Created 501700 / 1849600 significant shell pairs
3C integrals and B formation took 1.692112s
Iteration |      Energy      |  DIIS Metric   | Fock Time (s) | DIIS Time (s)
----------+------------------+----------------+---------------+--------------
Density calculation took 0.498492s
Tau required
    1     | -1546.3010175689 |   9.6834e+02   |    1.3149     |    0.2241
Density calculation took 0.502118s
Tau required
    2     | -1535.6523030371 |   2.3595e+00   |    1.1015     |    0.1954
Density calculation took 0.481515s
Tau required
    3     | -1535.5882134646 |   2.7304e+00   |    1.0784     |    0.2018
Density calculation took 0.481542s
Tau required
    4     | -1536.2926656972 |   1.1379e-01   |    1.0789     |    0.1949
Density calculation took 0.481554s
Tau required
    5     | -1536.3114760449 |   4.2691e-02   |    1.0792     |    0.2036
Density calculation took 0.481638s
Tau required
    6     | -1536.3216257089 |   1.0719e-02   |    1.0794     |    0.1965
Density calculation took 0.481378s
Tau required
    7     | -1536.3249205164 |   9.9012e-04   |    1.0794     |    0.2041
Density calculation took 0.481435s
Tau required
    8     | -1536.3251571237 |   2.7445e-04   |    1.0797     |    0.1976
Density calculation took 0.481618s
Tau required
    9     | -1536.3252270569 |   3.3690e-05   |    1.0796     |    0.1980
Density calculation took 0.481663s
Tau required
   10     | -1536.3252367912 |   4.8248e-06   |    1.0799     |    0.1974
Density calculation took 0.481586s
Tau required
   11     | -1536.3252380375 |   9.2824e-07   |    1.0801     |    0.1977
Density calculation took 0.481688s
Tau required
   12     | -1536.3252382546 |   1.8792e-07   |    1.0801     |    0.1996
Density calculation took 0.481535s
Tau required
   13     | -1536.3252382957 |   5.2154e-08   |    1.0793     |    0.1981
Density calculation took 0.481587s
Tau required
   14     | -1536.3252383102 |   5.4961e-09   |    1.0794     |    0.1973
Density calculation took 0.481613s
Tau required
   15     | -1536.3252383114 |   1.8110e-09   |    1.0808     |    0.1975
Density calculation took 0.481720s
Tau required
   16     | -1536.3252383119 |   2.5091e-10   |    1.0819     |    0.1975
Density calculation took 0.481533s
Tau required
   17     | -1536.3252383119 |   8.6889e-11   |    1.0797     |    0.1971
Created 642129 / 2433600 significant shell pairs
Created 497609 / 1849600 significant shell pairs
Total number of grid points: 345999 (5766 per atom)
One electron integrals and orthogonalizer took 0.043887s
Created 497609 / 1849600 significant shell pairs
3C integrals and B formation took 1.684593s
Iteration |      Energy      |  DIIS Metric   | Fock Time (s) | DIIS Time (s)
----------+------------------+----------------+---------------+--------------
Density calculation took 0.493665s
Tau required
    1     | -1546.3153799049 |   9.7047e+02   |    1.3398     |    0.2253
Density calculation took 0.500722s
Tau required
    2     | -1535.6585550572 |   2.3752e+00   |    1.1189     |    0.1946
Density calculation took 0.479695s
Tau required
    3     | -1535.5945755806 |   2.7523e+00   |    1.0970     |    0.2027
Density calculation took 0.479634s
Tau required
    4     | -1536.3094198750 |   8.8110e-02   |    1.0960     |    0.1976
Density calculation took 0.479410s
Tau required
    5     | -1536.3271094724 |   2.3666e-02   |    1.0976     |    0.2037
Density calculation took 0.479787s
Tau required
    6     | -1536.3328606274 |   2.3957e-03   |    1.0952     |    0.1965
Density calculation took 0.479331s
Tau required
    7     | -1536.3332817191 |   9.1021e-04   |    1.0976     |    0.2049
Density calculation took 0.479214s
Tau required
    8     | -1536.3335141530 |   2.1147e-04   |    1.0979     |    0.1981
Density calculation took 0.479605s
Tau required
    9     | -1536.3335744364 |   1.0113e-05   |    1.0968     |    0.1986
Density calculation took 0.479643s
Tau required
   10     | -1536.3335763586 |   4.0644e-06   |    1.0973     |    0.1978
Density calculation took 0.479909s
Tau required
   11     | -1536.3335774948 |   6.0502e-07   |    1.0973     |    0.1978
Density calculation took 0.479831s
Tau required
   12     | -1536.3335776487 |   1.0198e-07   |    1.0968     |    0.2009
Density calculation took 0.479935s
Tau required
   13     | -1536.3335776730 |   1.6434e-08   |    1.0969     |    0.1980
Density calculation took 0.479874s
Tau required
   14     | -1536.3335776773 |   2.0247e-09   |    1.0971     |    0.1976
Density calculation took 0.479897s
Tau required
   15     | -1536.3335776777 |   6.2749e-10   |    1.0965     |    0.1983
Density calculation took 0.479854s
Tau required
   16     | -1536.3335776779 |   6.7410e-11   |    1.0959     |    0.1977
Created 672960 / 2433600 significant shell pairs
Created 521260 / 1849600 significant shell pairs
Total number of grid points: 346577 (5776 per atom)
One electron integrals and orthogonalizer took 0.047717s
Created 521260 / 1849600 significant shell pairs
3C integrals and B formation took 1.747252s
Iteration |      Energy      |  DIIS Metric   | Fock Time (s) | DIIS Time (s)
----------+------------------+----------------+---------------+--------------
Density calculation took 0.491814s
Tau required
    1     | -1546.3252216831 |   9.7499e+02   |    1.3125     |    0.2248
Density calculation took 0.494824s
Tau required
    2     | -1535.6473590098 |   2.3911e+00   |    1.1044     |    0.1970
Density calculation took 0.475183s
Tau required
    3     | -1535.5597934858 |   2.8559e+00   |    1.0859     |    0.2026
Density calculation took 0.475300s
Tau required
    4     | -1536.2859536617 |   1.3117e-01   |    1.0869     |    0.1955
Density calculation took 0.475386s
Tau required
    5     | -1536.3063742914 |   5.9236e-02   |    1.0848     |    0.2029
Density calculation took 0.475450s
Tau required
    6     | -1536.3236109388 |   6.0820e-03   |    1.0862     |    0.1979
Density calculation took 0.475488s
Tau required
    7     | -1536.3251534259 |   1.0097e-03   |    1.0857     |    0.2061
Density calculation took 0.475422s
Tau required
    8     | -1536.3253818382 |   2.9311e-04   |    1.0862     |    0.1974
Density calculation took 0.475227s
Tau required
    9     | -1536.3254629323 |   3.2702e-05   |    1.0855     |    0.1978
Density calculation took 0.475049s
Tau required
   10     | -1536.3254715102 |   2.7313e-06   |    1.0861     |    0.1987
Density calculation took 0.475046s
Tau required
   11     | -1536.3254720824 |   6.4809e-07   |    1.0874     |    0.1986
Density calculation took 0.475436s
Tau required
   12     | -1536.3254722325 |   1.1436e-07   |    1.0856     |    0.1974
Density calculation took 0.475354s
Tau required
   13     | -1536.3254722623 |   1.3968e-08   |    1.0867     |    0.1977
Density calculation took 0.475254s
Tau required
   14     | -1536.3254722657 |   2.2744e-09   |    1.0869     |    0.1984
Density calculation took 0.475288s
Tau required
   15     | -1536.3254722662 |   6.9338e-10   |    1.0865     |    0.1976
Density calculation took 0.475202s
Tau required
   16     | -1536.3254722663 |   1.6960e-10   |    1.0857     |    0.1972
Density calculation took 0.475238s
Tau required
   17     | -1536.3254722664 |   7.6171e-11   |    1.0864     |    0.1978
Created 624603 / 2433600 significant shell pairs
Created 482979 / 1849600 significant shell pairs
Total number of grid points: 346790 (5779 per atom)
One electron integrals and orthogonalizer took 0.044195s
Created 482979 / 1849600 significant shell pairs
3C integrals and B formation took 1.678313s
Iteration |      Energy      |  DIIS Metric   | Fock Time (s) | DIIS Time (s)
----------+------------------+----------------+---------------+--------------
Density calculation took 0.503300s
Tau required
    1     | -1546.3138957505 |   9.7028e+02   |    1.3114     |    0.2245
Density calculation took 0.508061s
Tau required
    2     | -1535.6584388317 |   2.3746e+00   |    1.0888     |    0.1941
Density calculation took 0.487414s
Tau required
    3     | -1535.5922363404 |   2.7520e+00   |    1.0686     |    0.2064
Density calculation took 0.487671s
Tau required
    4     | -1536.3040560068 |   1.0383e-01   |    1.0710     |    0.1963
Density calculation took 0.487480s
Tau required
    5     | -1536.3238887314 |   3.2421e-02   |    1.0682     |    0.2054
Density calculation took 0.487647s
Tau required
    6     | -1536.3320178885 |   4.0408e-03   |    1.0683     |    0.1970
Density calculation took 0.487809s
Tau required
    7     | -1536.3329320179 |   1.0520e-03   |    1.0727     |    0.2053
Density calculation took 0.487826s
Tau required
    8     | -1536.3331897308 |   2.8381e-04   |    1.0696     |    0.1979
Density calculation took 0.487747s
Tau required
    9     | -1536.3332718943 |   1.7958e-05   |    1.0709     |    0.1986
Density calculation took 0.487494s
Tau required
   10     | -1536.3332763610 |   3.4305e-06   |    1.0704     |    0.1979
Density calculation took 0.487470s
Tau required
   11     | -1536.3332771967 |   7.6992e-07   |    1.0708     |    0.1982
Density calculation took 0.487466s
Tau required
   12     | -1536.3332774095 |   9.5190e-08   |    1.0691     |    0.1977
Density calculation took 0.487773s
Tau required
   13     | -1536.3332774310 |   2.2834e-08   |    1.0702     |    0.1984
Density calculation took 0.487374s
Tau required
   14     | -1536.3332774373 |   2.9794e-09   |    1.0710     |    0.1981
Density calculation took 0.487554s
Tau required
   15     | -1536.3332774380 |   7.5676e-10   |    1.0697     |    0.1986
Density calculation took 0.487694s
Tau required
   16     | -1536.3332774382 |   7.1538e-11   |    1.0692     |    0.1989
Created 620275 / 2433600 significant shell pairs
Created 479686 / 1849600 significant shell pairs
Total number of grid points: 345874 (5764 per atom)
One electron integrals and orthogonalizer took 0.044117s
Created 479686 / 1849600 significant shell pairs
3C integrals and B formation took 1.690280s
Iteration |      Energy      |  DIIS Metric   | Fock Time (s) | DIIS Time (s)
----------+------------------+----------------+---------------+--------------
Density calculation took 0.498553s
Tau required
    1     | -1546.3051961804 |   9.6903e+02   |    1.3037     |    0.2251
Density calculation took 0.503468s
Tau required
    2     | -1535.6559332397 |   2.3657e+00   |    1.0901     |    0.1952
Density calculation took 0.483694s
Tau required
    3     | -1535.5901027666 |   2.7399e+00   |    1.0723     |    0.2030
Density calculation took 0.483645s
Tau required
    4     | -1536.3001730901 |   1.1079e-01   |    1.0714     |    0.1959
Density calculation took 0.483450s
Tau required
    5     | -1536.3232207607 |   2.6604e-02   |    1.0714     |    0.2041
Density calculation took 0.483568s
Tau required
    6     | -1536.3297341569 |   3.0513e-03   |    1.0707     |    0.1972
Density calculation took 0.483434s
Tau required
    7     | -1536.3304002476 |   7.0308e-04   |    1.0723     |    0.2052
Density calculation took 0.483696s
Tau required
    8     | -1536.3305462728 |   2.2510e-04   |    1.0720     |    0.1981
Density calculation took 0.483330s
Tau required
    9     | -1536.3306114337 |   1.2780e-05   |    1.0724     |    0.1979
Density calculation took 0.483186s
Tau required
   10     | -1536.3306142601 |   3.4758e-06   |    1.0718     |    0.1981
Density calculation took 0.483239s
Tau required
   11     | -1536.3306151778 |   6.0119e-07   |    1.0727     |    0.1977
Density calculation took 0.483337s
Tau required
   12     | -1536.3306153401 |   1.0355e-07   |    1.0721     |    0.1982
Density calculation took 0.483338s
Tau required
   13     | -1536.3306153670 |   1.5712e-08   |    1.0717     |    0.1974
Density calculation took 0.483440s
Tau required
   14     | -1536.3306153710 |   2.1947e-09   |    1.0724     |    0.1979
Density calculation took 0.483229s
Tau required
   15     | -1536.3306153715 |   7.5526e-10   |    1.0720     |    0.1985
Density calculation took 0.483559s
Tau required
   16     | -1536.3306153717 |   9.9144e-11   |    1.0719     |    0.1998
Created 637310 / 2433600 significant shell pairs
Created 493036 / 1849600 significant shell pairs
Total number of grid points: 346646 (5777 per atom)
One electron integrals and orthogonalizer took 0.044215s
Created 493036 / 1849600 significant shell pairs
3C integrals and B formation took 1.697976s
Iteration |      Energy      |  DIIS Metric   | Fock Time (s) | DIIS Time (s)
----------+------------------+----------------+---------------+--------------
Density calculation took 0.500894s
Tau required
    1     | -1546.3127067096 |   9.7177e+02   |    1.3096     |    0.2259
Density calculation took 0.502544s
Tau required
    2     | -1535.6471152004 |   2.3617e+00   |    1.0904     |    0.1982
Density calculation took 0.482906s
Tau required
    3     | -1535.5828806708 |   2.7307e+00   |    1.0721     |    0.2065
Density calculation took 0.482681s
Tau required
    4     | -1536.2911737137 |   1.0398e-01   |    1.0726     |    0.1950
Density calculation took 0.482619s
Tau required
    5     | -1536.3124537702 |   2.7983e-02   |    1.0734     |    0.2034
Density calculation took 0.482641s
Tau required
    6     | -1536.3196110563 |   1.9082e-03   |    1.0731     |    0.1968
Density calculation took 0.482519s
Tau required
    7     | -1536.3199821780 |   5.3019e-04   |    1.0737     |    0.2051
Density calculation took 0.482536s
Tau required
    8     | -1536.3200922235 |   1.3954e-04   |    1.0762     |    0.1975
Density calculation took 0.482645s
Tau required
    9     | -1536.3201295485 |   9.6711e-06   |    1.0740     |    0.1975
Density calculation took 0.482897s
Tau required
   10     | -1536.3201318432 |   2.1448e-06   |    1.0736     |    0.1986
Density calculation took 0.483050s
Tau required
   11     | -1536.3201323912 |   2.8957e-07   |    1.0747     |    0.1978
Density calculation took 0.482840s
Tau required
   12     | -1536.3201324353 |   1.4333e-07   |    1.0727     |    0.1983
Density calculation took 0.482871s
Tau required
   13     | -1536.3201324750 |   2.0277e-08   |    1.0743     |    0.1978
Density calculation took 0.482773s
Tau required
   14     | -1536.3201324809 |   1.9093e-09   |    1.0738     |    0.1989
Density calculation took 0.482704s
Tau required
   15     | -1536.3201324813 |   7.3091e-10   |    1.0747     |    0.1977
Density calculation took 0.482862s
Tau required
   16     | -1536.3201324815 |   8.4955e-11   |    1.0735     |    0.1977
Created 640875 / 2433600 significant shell pairs
Created 496192 / 1849600 significant shell pairs
Total number of grid points: 346645 (5777 per atom)
One electron integrals and orthogonalizer took 0.043835s
Created 496192 / 1849600 significant shell pairs
3C integrals and B formation took 1.683367s
Iteration |      Energy      |  DIIS Metric   | Fock Time (s) | DIIS Time (s)
----------+------------------+----------------+---------------+--------------
Density calculation took 0.497731s
Tau required
    1     | -1546.3342252130 |   9.7148e+02   |    1.3271     |    0.2259
Density calculation took 0.501830s
Tau required
    2     | -1535.6604950835 |   2.4219e+00   |    1.0939     |    0.1991
Density calculation took 0.481729s
Tau required
    3     | -1535.5815488559 |   2.8919e+00   |    1.0704     |    0.2017
Density calculation took 0.481464s
Tau required
    4     | -1536.3242039391 |   6.2442e-02   |    1.0740     |    0.2030
Density calculation took 0.481485s
Tau required
    5     | -1536.3341366093 |   2.3112e-02   |    1.0734     |    0.2044
Density calculation took 0.481515s
Tau required
    6     | -1536.3398278218 |   3.0753e-03   |    1.0744     |    0.1974
Density calculation took 0.481654s
Tau required
    7     | -1536.3405034648 |   7.4720e-04   |    1.0733     |    0.2054
Density calculation took 0.481606s
Tau required
    8     | -1536.3406919978 |   7.5086e-05   |    1.0736     |    0.1994
Density calculation took 0.481417s
Tau required
    9     | -1536.3407121423 |   1.0189e-05   |    1.0732     |    0.1980
Density calculation took 0.481620s
Tau required
   10     | -1536.3407146855 |   1.7353e-06   |    1.0743     |    0.1985
Density calculation took 0.481429s
Tau required
   11     | -1536.3407151234 |   1.9172e-07   |    1.0738     |    0.1983
Density calculation took 0.481541s
Tau required
   12     | -1536.3407151543 |   8.0737e-08   |    1.0736     |    0.1986
Density calculation took 0.481750s
Tau required
   13     | -1536.3407151750 |   5.7590e-09   |    1.0749     |    0.1984
Density calculation took 0.481664s
Tau required
   14     | -1536.3407151764 |   1.2517e-09   |    1.0740     |    0.1987
Density calculation took 0.481629s
Tau required
   15     | -1536.3407151767 |   2.0153e-10   |    1.0738     |    0.1983
Density calculation took 0.481750s
Tau required
   16     | -1536.3407151768 |   6.3546e-11   |    1.0743     |    0.1988
Please cite the following papers for the methods used in this calculation:
 - J.L. Galvez Vallejo et. al., Toward an extreme-scale electronic structure system, J. Chem. Phys., 2023. DOI: 10.1063/5.0156399

 - R. Stocks, E. Palethorpe, and G.M.J. Barca, Multi-GPU RI-HF Energies and Analytic Gradients ─ Toward High-Throughput Ab Initio Molecular Dynamics, J. Chem. Theory Comput., 2024. DOI: 10.1021/acs.jctc.4c00877
   For:
     * RI-HF energy

 - S. Lehtola, C. Steigemann, M.J.T. Oliveira, and M.A.L. Marques, Recent developments in Libxc: A comprehensive library of functionals for density functional theory, SoftwareX, 2018. DOI: 10.1016/j.softx.2017.11.002
   For:
     * LibXC version 6.2.0

 - D.B. Williams-Young, W.A. de Jong, H.J.J. van Dam, and C. Yang, On the Efficient Evaluation of the Exchange Correlation Potential on Graphics Processing Unit Clusters, Frontiers in Chemistry, 2020. DOI: 10.3389/fchem.2020.581058
   For:
     * ExchCXX GPU implementation of exchange-correlation functionals

 - R. Stocks and G.M.J. Barca, Efficient Algorithms for GPU Accelerated Evaluation of the DFT Exchange-Correlation Functional, J. Chem. Theory Comput., 2025. DOI: 10.1021/acs.jctc.5c01229
   For:
     * GPU accelerated DFT exchange-correlation evaluation

 - J. Sun, A. Ruzsinszky, and J. P. Perdew.,  Phys. Rev. Lett. 115, 036402 (2015) DOI: 10.1103/PhysRevLett.115.036402
   For:
     * MGGA_X_SCAN XC Functional
     * MGGA_C_SCAN XC Functional

[CRAYBLAS_WARNING] Application linked against multiple cray-libsci libraries
