Total number of grid points: 323486 (5776 per atom)
Density calculation took 0.416146s
Tau required
Density calculation took 0.438793s
Tau required
Density calculation took 0.420397s
Tau required
Density calculation took 0.420490s
Tau required
Density calculation took 0.420679s
Tau required
Density calculation took 0.420461s
Tau required
Density calculation took 0.421109s
Tau required
Density calculation took 0.420442s
Tau required
Density calculation took 0.421247s
Tau required
Density calculation took 0.420837s
Tau required
Density calculation took 0.420785s
Tau required
Density calculation took 0.420692s
Tau required
Density calculation took 0.421140s
Tau required
Density calculation took 0.420730s
Tau required
Density calculation took 0.421218s
Tau required
Density calculation took 0.421002s
Tau required
Total number of grid points: 323311 (5773 per atom)
Density calculation took 0.420389s
Tau required
Density calculation took 0.437441s
Tau required
Density calculation took 0.419191s
Tau required
Density calculation took 0.419703s
Tau required
Density calculation took 0.419247s
Tau required
Density calculation took 0.419621s
Tau required
Density calculation took 0.418981s
Tau required
Density calculation took 0.419234s
Tau required
Density calculation took 0.419496s
Tau required
Density calculation took 0.419718s
Tau required
Density calculation took 0.419397s
Tau required
Density calculation took 0.419406s
Tau required
Density calculation took 0.419553s
Tau required
Density calculation took 0.419768s
Tau required
Density calculation took 0.419331s
Tau required
Density calculation took 0.419533s
Tau required
Total number of grid points: 323361 (5774 per atom)
Density calculation took 0.417178s
Tau required
Density calculation took 0.440170s
Tau required
Density calculation took 0.420936s
Tau required
Density calculation took 0.421285s
Tau required
Density calculation took 0.421229s
Tau required
Density calculation took 0.421413s
Tau required
Density calculation took 0.421140s
Tau required
Density calculation took 0.421084s
Tau required
Density calculation took 0.421425s
Tau required
Density calculation took 0.421343s
Tau required
Density calculation took 0.421578s
Tau required
Density calculation took 0.421399s
Tau required
Density calculation took 0.421434s
Tau required
Density calculation took 0.421358s
Tau required
Density calculation took 0.421580s
Tau required
Density calculation took 0.421335s
Tau required
Total number of grid points: 323529 (5777 per atom)
Density calculation took 0.416204s
Tau required
Density calculation took 0.440852s
Tau required
Density calculation took 0.422592s
Tau required
Density calculation took 0.422448s
Tau required
Density calculation took 0.422608s
Tau required
Density calculation took 0.422250s
Tau required
Density calculation took 0.422672s
Tau required
Density calculation took 0.422529s
Tau required
Density calculation took 0.422555s
Tau required
Density calculation took 0.422177s
Tau required
Density calculation took 0.422543s
Tau required
Density calculation took 0.422580s
Tau required
Density calculation took 0.422671s
Tau required
Density calculation took 0.422377s
Tau required
Density calculation took 0.422743s
Tau required
Density calculation took 0.422535s
Tau required
Total number of grid points: 322948 (5766 per atom)
Density calculation took 0.418864s
Tau required
Density calculation took 0.445374s
Tau required
Density calculation took 0.426195s
Tau required
Density calculation took 0.426442s
Tau required
Density calculation took 0.426209s
Tau required
Density calculation took 0.426582s
Tau required
Density calculation took 0.426451s
Tau required
Density calculation took 0.426284s
Tau required
Density calculation took 0.426451s
Tau required
Density calculation took 0.426250s
Tau required
Density calculation took 0.426743s
Tau required
Density calculation took 0.426746s
Tau required
Density calculation took 0.426758s
Tau required
Density calculation took 0.426347s
Tau required
Density calculation took 0.426798s
Tau required
Density calculation took 0.426849s
Tau required
Total number of grid points: 322892 (5765 per atom)
Density calculation took 0.417571s
Tau required
Density calculation took 0.442334s
Tau required
Density calculation took 0.423603s
Tau required
Density calculation took 0.424069s
Tau required
Density calculation took 0.424088s
Tau required
Density calculation took 0.423950s
Tau required
Density calculation took 0.424387s
Tau required
Density calculation took 0.424099s
Tau required
Density calculation took 0.424248s
Tau required
Density calculation took 0.423952s
Tau required
Density calculation took 0.424218s
Tau required
Density calculation took 0.423965s
Tau required
Density calculation took 0.424302s
Tau required
Density calculation took 0.423949s
Tau required
Density calculation took 0.424261s
Tau required
Density calculation took 0.424148s
Tau required
Total number of grid points: 323773 (5781 per atom)
Density calculation took 0.415443s
Tau required
Density calculation took 0.438182s
Tau required
Density calculation took 0.420245s
Tau required
Density calculation took 0.420314s
Tau required
Density calculation took 0.420249s
Tau required
Density calculation took 0.420350s
Tau required
Density calculation took 0.420009s
Tau required
Density calculation took 0.420438s
Tau required
Density calculation took 0.420328s
Tau required
Density calculation took 0.420241s
Tau required
Density calculation took 0.419585s
Tau required
Density calculation took 0.420359s
Tau required
Density calculation took 0.420056s
Tau required
Density calculation took 0.420329s
Tau required
Density calculation took 0.420337s
Tau required
Density calculation took 0.420271s
Tau required
Total number of grid points: 323698 (5780 per atom)
Density calculation took 0.416678s
Tau required
Density calculation took 0.435882s
Tau required
Density calculation took 0.418095s
Tau required
Density calculation took 0.417883s
Tau required
Density calculation took 0.417963s
Tau required
Density calculation took 0.418282s
Tau required
Density calculation took 0.417530s
Tau required
Density calculation took 0.417563s
Tau required
Density calculation took 0.417988s
Tau required
Density calculation took 0.418165s
Tau required
Density calculation took 0.417853s
Tau required
Density calculation took 0.418166s
Tau required
Density calculation took 0.417775s
Tau required
Density calculation took 0.418157s
Tau required
Density calculation took 0.418169s
Tau required
Density calculation took 0.417752s
Tau required
Total number of grid points: 323826 (5782 per atom)
Density calculation took 0.417604s
Tau required
Density calculation took 0.442366s
Tau required
Density calculation took 0.423827s
Tau required
Density calculation took 0.424261s
Tau required
Density calculation took 0.423927s
Tau required
Density calculation took 0.424116s
Tau required
Density calculation took 0.424041s
Tau required
Density calculation took 0.424300s
Tau required
Density calculation took 0.423940s
Tau required
Density calculation took 0.424397s
Tau required
Density calculation took 0.424164s
Tau required
Density calculation took 0.424156s
Tau required
Density calculation took 0.423964s
Tau required
Density calculation took 0.424384s
Tau required
Density calculation took 0.423836s
Tau required
Density calculation took 0.424081s
Tau required
Total number of grid points: 322829 (5764 per atom)
Density calculation took 0.413423s
Tau required
Density calculation took 0.437514s
Tau required
Density calculation took 0.419302s
Tau required
Density calculation took 0.419329s
Tau required
Density calculation took 0.419516s
Tau required
Density calculation took 0.419625s
Tau required
Density calculation took 0.419797s
Tau required
Density calculation took 0.419534s
Tau required
Density calculation took 0.419729s
Tau required
Density calculation took 0.419478s
Tau required
Density calculation took 0.419972s
Tau required
Density calculation took 0.419747s
Tau required
Density calculation took 0.419470s
Tau required
Density calculation took 0.419968s
Tau required
Density calculation took 0.419879s
Tau required
Density calculation took 0.419850s
Tau required
Total number of grid points: 322781 (5763 per atom)
Density calculation took 0.418161s
Tau required
Density calculation took 0.442505s
Tau required
Density calculation took 0.424740s
Tau required
Density calculation took 0.424694s
Tau required
Density calculation took 0.424250s
Tau required
Density calculation took 0.424528s
Tau required
Density calculation took 0.424538s
Tau required
Density calculation took 0.424724s
Tau required
Density calculation took 0.424399s
Tau required
Density calculation took 0.424302s
Tau required
Density calculation took 0.424640s
Tau required
Density calculation took 0.424741s
Tau required
Density calculation took 0.424741s
Tau required
Density calculation took 0.424740s
Tau required
Density calculation took 0.424700s
Tau required
Density calculation took 0.424640s
Tau required
Total number of grid points: 323103 (5769 per atom)
Density calculation took 0.415930s
Tau required
Density calculation took 0.437752s
Tau required
Density calculation took 0.419852s
Tau required
Density calculation took 0.419882s
Tau required
Density calculation took 0.419662s
Tau required
Density calculation took 0.419885s
Tau required
Density calculation took 0.420066s
Tau required
Density calculation took 0.419703s
Tau required
Density calculation took 0.419206s
Tau required
Density calculation took 0.420192s
Tau required
Density calculation took 0.419449s
Tau required
Density calculation took 0.419922s
Tau required
Density calculation took 0.419421s
Tau required
Density calculation took 0.420047s
Tau required
Density calculation took 0.419747s
Tau required
Density calculation took 0.420039s
Tau required
Total number of grid points: 322998 (5767 per atom)
Density calculation took 0.418364s
Tau required
Density calculation took 0.438616s
Tau required
Density calculation took 0.420433s
Tau required
Density calculation took 0.420536s
Tau required
Density calculation took 0.420393s
Tau required
Density calculation took 0.420684s
Tau required
Density calculation took 0.420776s
Tau required
Density calculation took 0.420812s
Tau required
Density calculation took 0.420654s
Tau required
Density calculation took 0.420489s
Tau required
Density calculation took 0.420936s
Tau required
Density calculation took 0.420546s
Tau required
Density calculation took 0.420764s
Tau required
Density calculation took 0.420817s
Tau required
Density calculation took 0.420739s
Tau required
Density calculation took 0.420803s
Tau required
Total number of grid points: 322810 (5764 per atom)
Density calculation took 0.416611s
Tau required
Density calculation took 0.435607s
Tau required
Density calculation took 0.417963s
Tau required
Density calculation took 0.418206s
Tau required
Density calculation took 0.417939s
Tau required
Density calculation took 0.417899s
Tau required
Density calculation took 0.417825s
Tau required
Density calculation took 0.418066s
Tau required
Density calculation took 0.417781s
Tau required
Density calculation took 0.418220s
Tau required
Density calculation took 0.418231s
Tau required
Density calculation took 0.418051s
Tau required
Density calculation took 0.417718s
Tau required
Density calculation took 0.417909s
Tau required
Density calculation took 0.418183s
Tau required
Density calculation took 0.418422s
Tau required
Total number of grid points: 323824 (5782 per atom)
Density calculation took 0.418215s
Tau required
Density calculation took 0.444050s
Tau required
Density calculation took 0.420266s
Tau required
Density calculation took 0.420451s
Tau required
Density calculation took 0.420764s
Tau required
Density calculation took 0.420722s
Tau required
Density calculation took 0.420758s
Tau required
Density calculation took 0.420679s
Tau required
Density calculation took 0.420846s
Tau required
Density calculation took 0.420172s
Tau required
Density calculation took 0.421254s
Tau required
Density calculation took 0.420879s
Tau required
Density calculation took 0.420475s
Tau required
Density calculation took 0.420727s
Tau required
Density calculation took 0.421172s
Tau required
Density calculation took 0.421014s
Tau required
Total number of grid points: 322549 (5759 per atom)
Density calculation took 0.411069s
Tau required
Density calculation took 0.435088s
Tau required
Density calculation took 0.416851s
Tau required
Density calculation took 0.417393s
Tau required
Density calculation took 0.417610s
Tau required
Density calculation took 0.417695s
Tau required
Density calculation took 0.417209s
Tau required
Density calculation took 0.417684s
Tau required
Density calculation took 0.417337s
Tau required
Density calculation took 0.417982s
Tau required
Density calculation took 0.417623s
Tau required
Density calculation took 0.417831s
Tau required
Density calculation took 0.417621s
Tau required
Density calculation took 0.417677s
Tau required
Density calculation took 0.417360s
Tau required
Density calculation took 0.417782s
Tau required
Total number of grid points: 323184 (5771 per atom)
Density calculation took 0.417819s
Tau required
Density calculation took 0.440336s
Tau required
Density calculation took 0.422007s
Tau required
Density calculation took 0.421917s
Tau required
Density calculation took 0.422296s
Tau required
Density calculation took 0.422467s
Tau required
Density calculation took 0.422327s
Tau required
Density calculation took 0.422278s
Tau required
Density calculation took 0.422598s
Tau required
Density calculation took 0.422335s
Tau required
Density calculation took 0.422603s
Tau required
Density calculation took 0.422454s
Tau required
Density calculation took 0.422863s
Tau required
Density calculation took 0.422703s
Tau required
Density calculation took 0.422658s
Tau required
Density calculation took 0.422289s
Tau required
Total number of grid points: 323770 (5781 per atom)
Density calculation took 0.414196s
Tau required
Density calculation took 0.436179s
Tau required
Density calculation took 0.418614s
Tau required
Density calculation took 0.418571s
Tau required
Density calculation took 0.418481s
Tau required
Density calculation took 0.418799s
Tau required
Density calculation took 0.418190s
Tau required
Density calculation took 0.418819s
Tau required
Density calculation took 0.418702s
Tau required
Density calculation took 0.418763s
Tau required
Density calculation took 0.418427s
Tau required
Density calculation took 0.418309s
Tau required
Density calculation took 0.418620s
Tau required
Density calculation took 0.418890s
Tau required
Density calculation took 0.418834s
Tau required
Density calculation took 0.418829s
Tau required
Total number of grid points: 322384 (5756 per atom)
Density calculation took 0.412916s
Tau required
Density calculation took 0.437599s
Tau required
Density calculation took 0.419810s
Tau required
Density calculation took 0.419520s
Tau required
Density calculation took 0.419765s
Tau required
Density calculation took 0.419560s
Tau required
Density calculation took 0.419559s
Tau required
Density calculation took 0.419352s
Tau required
Density calculation took 0.419296s
Tau required
Density calculation took 0.419547s
Tau required
Density calculation took 0.419615s
Tau required
Density calculation took 0.419503s
Tau required
Density calculation took 0.419551s
Tau required
Density calculation took 0.419369s
Tau required
Density calculation took 0.419849s
Tau required
Density calculation took 0.419619s
Tau required
Total number of grid points: 322992 (5767 per atom)
Density calculation took 0.413028s
Tau required
Density calculation took 0.437255s
Tau required
Density calculation took 0.418054s
Tau required
Density calculation took 0.418216s
Tau required
Density calculation took 0.418326s
Tau required
Density calculation took 0.418288s
Tau required
Density calculation took 0.418326s
Tau required
Density calculation took 0.418333s
Tau required
Density calculation took 0.418293s
Tau required
Density calculation took 0.418220s
Tau required
Density calculation took 0.418043s
Tau required
Density calculation took 0.418459s
Tau required
Density calculation took 0.418505s
Tau required
Density calculation took 0.418258s
Tau required
Density calculation took 0.418509s
Tau required
Density calculation took 0.418013s
Tau required
[CRAYBLAS_WARNING] Application linked against multiple cray-libsci libraries
========================================
HF Energy: -1383.8708713911314589
=======================================================


Topology 8 time: 19.658222 s, performance: SP: 0 FLOP/s, DP: 29.66 TFLOP/s
JSON file written to: json_logs/lustre_orion_chm213_scratch_ryan_dhdft_inputs_exess_exess_inputs_SCAN_def2-TZVP_isomers_1240-1259_topology_8.json
************************************************************
**************** Running topology 10 of 20 *****************
************************************************************

************************************************************
******* Beginning RI-MGGA_X_SCAN+MGGA_C_SCAN energy ********
************************************************************

=======================================================
        MGGA_X_SCAN+MGGA_C_SCAN Energy Results         
=======================================================
E MGGA_X_SCAN+MGGA_C_SCAN: -1383.88164203
Nuclear Repulsion Energy: 3226.90289852
Electronic Energy:        -4407.84928121
XC Energy:                -202.935259
Converged:                1
# of SCF iterations:      16
SCF Time:                 19.153s

=======================================================
            Individual Calculation Summary             
=======================================================
HF Energy: -1383.8816420341770481
=======================================================


Topology 9 time: 19.288966 s, performance: SP: 0 FLOP/s, DP: 30.26 TFLOP/s
JSON file written to: json_logs/lustre_orion_chm213_scratch_ryan_dhdft_inputs_exess_exess_inputs_SCAN_def2-TZVP_isomers_1240-1259_topology_9.json
************************************************************
**************** Running topology 11 of 20 *****************
************************************************************

************************************************************
******* Beginning RI-MGGA_X_SCAN+MGGA_C_SCAN energy ********
************************************************************

=======================================================
        MGGA_X_SCAN+MGGA_C_SCAN Energy Results         
=======================================================
E MGGA_X_SCAN+MGGA_C_SCAN: -1383.87687808
Nuclear Repulsion Energy: 3211.88689736
Electronic Energy:        -4392.83555438
XC Energy:                -202.928221
Converged:                1
# of SCF iterations:      16
SCF Time:                 19.274s

=======================================================
            Individual Calculation Summary             
=======================================================
HF Energy: -1383.8768780808577503
=======================================================


Topology 10 time: 19.407928 s, performance: SP: 0 FLOP/s, DP: 30.07 TFLOP/s
JSON file written to: json_logs/lustre_orion_chm213_scratch_ryan_dhdft_inputs_exess_exess_inputs_SCAN_def2-TZVP_isomers_1240-1259_topology_10.json
************************************************************
**************** Running topology 12 of 20 *****************
************************************************************

************************************************************
******* Beginning RI-MGGA_X_SCAN+MGGA_C_SCAN energy ********
************************************************************

=======================================================
        MGGA_X_SCAN+MGGA_C_SCAN Energy Results         
=======================================================
E MGGA_X_SCAN+MGGA_C_SCAN: -1383.87217295
Nuclear Repulsion Energy: 3261.72756533
Electronic Energy:        -4442.66561177
XC Energy:                -202.934127
Converged:                1
# of SCF iterations:      16
SCF Time:                 19.217s

=======================================================
            Individual Calculation Summary             
=======================================================
HF Energy: -1383.8721729466644774
=======================================================


Topology 11 time: 19.354386 s, performance: SP: 0 FLOP/s, DP: 30.15 TFLOP/s
JSON file written to: json_logs/lustre_orion_chm213_scratch_ryan_dhdft_inputs_exess_exess_inputs_SCAN_def2-TZVP_isomers_1240-1259_topology_11.json
************************************************************
**************** Running topology 13 of 20 *****************
************************************************************

************************************************************
******* Beginning RI-MGGA_X_SCAN+MGGA_C_SCAN energy ********
************************************************************

=======================================================
        MGGA_X_SCAN+MGGA_C_SCAN Energy Results         
=======================================================
E MGGA_X_SCAN+MGGA_C_SCAN: -1383.86816939
Nuclear Repulsion Energy: 3381.77826473
Electronic Energy:        -4562.70742178
XC Energy:                -202.939012
Converged:                1
# of SCF iterations:      16
SCF Time:                 19.321s

=======================================================
            Individual Calculation Summary             
=======================================================
HF Energy: -1383.8681693896387515
=======================================================


Topology 12 time: 19.467507 s, performance: SP: 0 FLOP/s, DP: 29.94 TFLOP/s
JSON file written to: json_logs/lustre_orion_chm213_scratch_ryan_dhdft_inputs_exess_exess_inputs_SCAN_def2-TZVP_isomers_1240-1259_topology_12.json
************************************************************
**************** Running topology 14 of 20 *****************
************************************************************

************************************************************
******* Beginning RI-MGGA_X_SCAN+MGGA_C_SCAN energy ********
************************************************************

=======================================================
        MGGA_X_SCAN+MGGA_C_SCAN Energy Results         
=======================================================
E MGGA_X_SCAN+MGGA_C_SCAN: -1383.87192067
Nuclear Repulsion Energy: 3372.68922668
Electronic Energy:        -4553.62112367
XC Energy:                -202.940024
Converged:                1
# of SCF iterations:      16
SCF Time:                 19.252s

=======================================================
            Individual Calculation Summary             
=======================================================
HF Energy: -1383.8719206697958271
=======================================================


Topology 13 time: 19.396018 s, performance: SP: 0 FLOP/s, DP: 30.05 TFLOP/s
JSON file written to: json_logs/lustre_orion_chm213_scratch_ryan_dhdft_inputs_exess_exess_inputs_SCAN_def2-TZVP_isomers_1240-1259_topology_13.json
************************************************************
**************** Running topology 15 of 20 *****************
************************************************************

************************************************************
******* Beginning RI-MGGA_X_SCAN+MGGA_C_SCAN energy ********
************************************************************

=======================================================
        MGGA_X_SCAN+MGGA_C_SCAN Energy Results         
=======================================================
E MGGA_X_SCAN+MGGA_C_SCAN: -1383.87095313
Nuclear Repulsion Energy: 3328.84006881
Electronic Energy:        -4509.77158974
XC Energy:                -202.939432
Converged:                1
# of SCF iterations:      16
SCF Time:                 19.604s

=======================================================
            Individual Calculation Summary             
=======================================================
HF Energy: -1383.8709531250337932
=======================================================


Topology 14 time: 19.745265 s, performance: SP: 0 FLOP/s, DP: 29.54 TFLOP/s
JSON file written to: json_logs/lustre_orion_chm213_scratch_ryan_dhdft_inputs_exess_exess_inputs_SCAN_def2-TZVP_isomers_1240-1259_topology_14.json
************************************************************
**************** Running topology 16 of 20 *****************
************************************************************

************************************************************
******* Beginning RI-MGGA_X_SCAN+MGGA_C_SCAN energy ********
************************************************************

=======================================================
        MGGA_X_SCAN+MGGA_C_SCAN Energy Results         
=======================================================
E MGGA_X_SCAN+MGGA_C_SCAN: -1383.86331714
Nuclear Repulsion Energy: 3417.11564378
Electronic Energy:        -4598.04317111
XC Energy:                -202.935790
Converged:                1
# of SCF iterations:      16
SCF Time:                 19.195s

=======================================================
            Individual Calculation Summary             
=======================================================
HF Energy: -1383.8633171447006589
=======================================================


Topology 15 time: 19.344365 s, performance: SP: 0 FLOP/s, DP: 30.1 TFLOP/s
JSON file written to: json_logs/lustre_orion_chm213_scratch_ryan_dhdft_inputs_exess_exess_inputs_SCAN_def2-TZVP_isomers_1240-1259_topology_15.json
************************************************************
**************** Running topology 17 of 20 *****************
************************************************************

************************************************************
******* Beginning RI-MGGA_X_SCAN+MGGA_C_SCAN energy ********
************************************************************

=======================================================
        MGGA_X_SCAN+MGGA_C_SCAN Energy Results         
=======================================================
E MGGA_X_SCAN+MGGA_C_SCAN: -1383.85977654
Nuclear Repulsion Energy: 3393.01092525
Electronic Energy:        -4573.93970256
XC Energy:                -202.930999
Converged:                1
# of SCF iterations:      16
SCF Time:                 19.397s

=======================================================
            Individual Calculation Summary             
=======================================================
HF Energy: -1383.8597765402264486
=======================================================


Topology 16 time: 19.545085 s, performance: SP: 0 FLOP/s, DP: 29.83 TFLOP/s
JSON file written to: json_logs/lustre_orion_chm213_scratch_ryan_dhdft_inputs_exess_exess_inputs_SCAN_def2-TZVP_isomers_1240-1259_topology_16.json
************************************************************
**************** Running topology 18 of 20 *****************
************************************************************

************************************************************
******* Beginning RI-MGGA_X_SCAN+MGGA_C_SCAN energy ********
************************************************************

=======================================================
        MGGA_X_SCAN+MGGA_C_SCAN Energy Results         
=======================================================
E MGGA_X_SCAN+MGGA_C_SCAN: -1383.85705676
Nuclear Repulsion Energy: 3369.21841576
Electronic Energy:        -4550.14550142
XC Energy:                -202.929971
Converged:                1
# of SCF iterations:      16
SCF Time:                 19.239s

=======================================================
            Individual Calculation Summary             
=======================================================
HF Energy: -1383.8570567562583165
=======================================================


Topology 17 time: 19.385136 s, performance: SP: 0 FLOP/s, DP: 30.04 TFLOP/s
JSON file written to: json_logs/lustre_orion_chm213_scratch_ryan_dhdft_inputs_exess_exess_inputs_SCAN_def2-TZVP_isomers_1240-1259_topology_17.json
************************************************************
**************** Running topology 19 of 20 *****************
************************************************************

************************************************************
******* Beginning RI-MGGA_X_SCAN+MGGA_C_SCAN energy ********
************************************************************

=======================================================
        MGGA_X_SCAN+MGGA_C_SCAN Energy Results         
=======================================================
E MGGA_X_SCAN+MGGA_C_SCAN: -1383.85911021
Nuclear Repulsion Energy: 3413.85780313
Electronic Energy:        -4594.7856698
XC Energy:                -202.931244
Converged:                1
# of SCF iterations:      16
SCF Time:                 19.28s

=======================================================
            Individual Calculation Summary             
=======================================================
HF Energy: -1383.8591102056134332
=======================================================


Topology 18 time: 19.429022 s, performance: SP: 0 FLOP/s, DP: 29.97 TFLOP/s
JSON file written to: json_logs/lustre_orion_chm213_scratch_ryan_dhdft_inputs_exess_exess_inputs_SCAN_def2-TZVP_isomers_1240-1259_topology_18.json
************************************************************
**************** Running topology 20 of 20 *****************
************************************************************

************************************************************
******* Beginning RI-MGGA_X_SCAN+MGGA_C_SCAN energy ********
************************************************************

=======================================================
        MGGA_X_SCAN+MGGA_C_SCAN Energy Results         
=======================================================
E MGGA_X_SCAN+MGGA_C_SCAN: -1383.86390858
Nuclear Repulsion Energy: 3460.99832485
Electronic Energy:        -4641.92516669
XC Energy:                -202.937067
Converged:                1
# of SCF iterations:      16
SCF Time:                 19.368s

=======================================================
            Individual Calculation Summary             
=======================================================
HF Energy: -1383.8639085783363498
=======================================================


Topology 19 time: 19.521378 s, performance: SP: 0 FLOP/s, DP: 29.78 TFLOP/s
JSON file written to: json_logs/lustre_orion_chm213_scratch_ryan_dhdft_inputs_exess_exess_inputs_SCAN_def2-TZVP_isomers_1240-1259_topology_19.json
Total flops: SP: 0 FLOPS, DP: 11.66278 PFLOPS
Performance: SP: 0 FLOP/s, DP: 29.26 TFLOP/s

Now, a word from our sponsors... 
 You have to poke the bear. (MSG)

[31mTotal processing time 398.842268 seconds[0m
[CRAYBLAS_WARNING] Application linked against multiple cray-libsci libraries
d
   15     | -1383.8681693896 |   1.3881e-10   |    0.9275     |    0.1573
Density calculation took 0.398235s
Tau required
   16     | -1383.8681693896 |   2.6736e-11   |    0.9267     |    0.1582
Created 547553 / 2005056 significant shell pairs
Created 424754 / 1527696 significant shell pairs
Total number of grid points: 323309 (5773 per atom)
One electron integrals and orthogonalizer took 0.040464s
Created 424754 / 1527696 significant shell pairs
3C integrals and B formation took 1.422092s
Iteration |      Energy      |  DIIS Metric   | Fock Time (s) | DIIS Time (s)
----------+------------------+----------------+---------------+--------------
Density calculation took 0.402057s
Tau required
    1     | -1392.6158171235 |   8.6158e+02   |    1.0912     |    0.1808
Density calculation took 0.409575s
Tau required
    2     | -1383.2235954743 |   2.3090e+00   |    0.9453     |    0.1562
Density calculation took 0.388824s
Tau required
    3     | -1383.1174720241 |   2.8592e+00   |    0.9253     |    0.1622
Density calculation took 0.388677s
Tau required
    4     | -1383.8530634636 |   6.9204e-02   |    0.9259     |    0.1559
Density calculation took 0.388802s
Tau required
    5     | -1383.8641755984 |   2.7636e-02   |    0.9256     |    0.1621
Density calculation took 0.389139s
Tau required
    6     | -1383.8713383721 |   2.0349e-03   |    0.9287     |    0.1570
Density calculation took 0.388738s
Tau required
    7     | -1383.8717257769 |   6.8309e-04   |    0.9258     |    0.1639
Density calculation took 0.388850s
Tau required
    8     | -1383.8718932013 |   9.6424e-05   |    0.9264     |    0.1581
Density calculation took 0.389116s
Tau required
    9     | -1383.8719180840 |   8.9419e-06   |    0.9253     |    0.1581
Density calculation took 0.388941s
Tau required
   10     | -1383.8719201731 |   1.7730e-06   |    0.9257     |    0.1583
Density calculation took 0.389202s
Tau required
   11     | -1383.8719206242 |   1.5691e-07   |    0.9230     |    0.1573
Density calculation took 0.388927s
Tau required
   12     | -1383.8719206344 |   1.1764e-07   |    0.9257     |    0.1583
Density calculation took 0.389191s
Tau required
   13     | -1383.8719206685 |   4.6183e-09   |    0.9229     |    0.1582
Density calculation took 0.388948s
Tau required
   14     | -1383.8719206695 |   9.7161e-10   |    0.9239     |    0.1582
Density calculation took 0.389218s
Tau required
   15     | -1383.8719206697 |   2.6821e-10   |    0.9234     |    0.1576
Density calculation took 0.388920s
Tau required
   16     | -1383.8719206698 |   3.2642e-11   |    0.9243     |    0.1577
Created 533090 / 2005056 significant shell pairs
Created 412906 / 1527696 significant shell pairs
Total number of grid points: 323190 (5771 per atom)
One electron integrals and orthogonalizer took 0.040137s
Created 412906 / 1527696 significant shell pairs
3C integrals and B formation took 1.410017s
Iteration |      Energy      |  DIIS Metric   | Fock Time (s) | DIIS Time (s)
----------+------------------+----------------+---------------+--------------
Density calculation took 0.410952s
Tau required
    1     | -1392.6143570123 |   8.6129e+02   |    1.1123     |    0.1814
Density calculation took 0.417850s
Tau required
    2     | -1383.2217036062 |   2.3144e+00   |    0.9744     |    0.1563
Density calculation took 0.397782s
Tau required
    3     | -1383.1124304704 |   2.8788e+00   |    0.9471     |    0.1642
Density calculation took 0.398013s
Tau required
    4     | -1383.8507882308 |   7.3200e-02   |    0.9486     |    0.1553
Density calculation took 0.397991s
Tau required
    5     | -1383.8616703116 |   3.2303e-02   |    0.9473     |    0.1624
Density calculation took 0.397678s
Tau required
    6     | -1383.8704095646 |   1.9309e-03   |    0.9491     |    0.1564
Density calculation took 0.397725s
Tau required
    7     | -1383.8708038462 |   5.3276e-04   |    0.9468     |    0.1636
Density calculation took 0.397760s
Tau required
    8     | -1383.8709280633 |   8.5441e-05   |    0.9486     |    0.1572
Density calculation took 0.397543s
Tau required
    9     | -1383.8709508896 |   7.7119e-06   |    0.9468     |    0.1573
Density calculation took 0.397637s
Tau required
   10     | -1383.8709525865 |   1.8739e-06   |    0.9483     |    0.1582
Density calculation took 0.397879s
Tau required
   11     | -1383.8709530750 |   1.7319e-07   |    0.9494     |    0.1575
Density calculation took 0.397612s
Tau required
   12     | -1383.8709530921 |   1.1151e-07   |    0.9503     |    0.1577
Density calculation took 0.397875s
Tau required
   13     | -1383.8709531235 |   5.4400e-09   |    0.9456     |    0.1575
Density calculation took 0.397710s
Tau required
   14     | -1383.8709531247 |   1.2342e-09   |    0.9486     |    0.1574
Density calculation took 0.397818s
Tau required
   15     | -1383.8709531250 |   2.2781e-10   |    0.9469     |    0.1580
Density calculation took 0.397770s
Tau required
   16     | -1383.8709531250 |   3.2239e-11   |    0.9490     |    0.1575
Created 564251 / 2005056 significant shell pairs
Created 437513 / 1527696 significant shell pairs
Total number of grid points: 323452 (5775 per atom)
One electron integrals and orthogonalizer took 0.040820s
Created 437513 / 1527696 significant shell pairs
3C integrals and B formation took 1.424316s
Iteration |      Energy      |  DIIS Metric   | Fock Time (s) | DIIS Time (s)
----------+------------------+----------------+---------------+--------------
Density calculation took 0.413915s
Tau required
    1     | -1392.6048687107 |   8.6229e+02   |    1.0796     |    0.1803
Density calculation took 0.416485s
Tau required
    2     | -1383.2136359994 |   2.3033e+00   |    0.9390     |    0.1583
Density calculation took 0.398627s
Tau required
    3     | -1383.1013496120 |   2.8594e+00   |    0.9210     |    0.1612
Density calculation took 0.399128s
Tau required
    4     | -1383.8356806281 |   9.7398e-02   |    0.9215     |    0.1562
Density calculation took 0.398706s
Tau required
    5     | -1383.8529263279 |   3.6202e-02   |    0.9222     |    0.1633
Density calculation took 0.398852s
Tau required
    6     | -1383.8623619412 |   3.3846e-03   |    0.9218     |    0.1570
Density calculation took 0.399073s
Tau required
    7     | -1383.8630957556 |   7.5399e-04   |    0.9217     |    0.1646
Density calculation took 0.398998s
Tau required
    8     | -1383.8632563927 |   2.1391e-04   |    0.9210     |    0.1582
Density calculation took 0.399107s
Tau required
    9     | -1383.8633131770 |   1.3579e-05   |    0.9205     |    0.1581
Density calculation took 0.399235s
Tau required
   10     | -1383.8633165115 |   2.2744e-06   |    0.9213     |    0.1585
Density calculation took 0.399209s
Tau required
   11     | -1383.8633170507 |   3.2477e-07   |    0.9223     |    0.1582
Density calculation took 0.399186s
Tau required
   12     | -1383.8633171131 |   1.0807e-07   |    0.9202     |    0.1583
Density calculation took 0.399229s
Tau required
   13     | -1383.8633171430 |   6.3476e-09   |    0.9206     |    0.1583
Density calculation took 0.399456s
Tau required
   14     | -1383.8633171444 |   1.2425e-09   |    0.9222     |    0.1585
Density calculation took 0.399199s
Tau required
   15     | -1383.8633171446 |   3.2492e-10   |    0.9216     |    0.1590
Density calculation took 0.399244s
Tau required
   16     | -1383.8633171447 |   4.1188e-11   |    0.9217     |    0.1593
Created 555184 / 2005056 significant shell pairs
Created 430801 / 1527696 significant shell pairs
Total number of grid points: 323325 (5773 per atom)
One electron integrals and orthogonalizer took 0.040505s
Created 430801 / 1527696 significant shell pairs
3C integrals and B formation took 1.415718s
Iteration |      Energy      |  DIIS Metric   | Fock Time (s) | DIIS Time (s)
----------+------------------+----------------+---------------+--------------
Density calculation took 0.412000s
Tau required
    1     | -1392.5984133924 |   8.6053e+02   |    1.0933     |    0.1804
Density calculation took 0.414900s
Tau required
    2     | -1383.2149900085 |   2.2809e+00   |    0.9536     |    0.1590
Density calculation took 0.396790s
Tau required
    3     | -1383.1171749812 |   2.7974e+00   |    0.9330     |    0.1616
Density calculation took 0.397342s
Tau required
    4     | -1383.8407979853 |   7.2002e-02   |    0.9362     |    0.1569
Density calculation took 0.397331s
Tau required
    5     | -1383.8547393980 |   1.8321e-02   |    0.9328     |    0.1632
Density calculation took 0.396955s
Tau required
    6     | -1383.8590401641 |   2.5507e-03   |    0.9349     |    0.1573
Density calculation took 0.397219s
Tau required
    7     | -1383.8596097410 |   5.7474e-04   |    0.9338     |    0.1636
Density calculation took 0.396980s
Tau required
    8     | -1383.8597469380 |   1.0162e-04   |    0.9345     |    0.1580
Density calculation took 0.396838s
Tau required
    9     | -1383.8597746873 |   6.2484e-06   |    0.9335     |    0.1581
Density calculation took 0.396834s
Tau required
   10     | -1383.8597758981 |   2.1430e-06   |    0.9345     |    0.1586
Density calculation took 0.397156s
Tau required
   11     | -1383.8597764812 |   1.9352e-07   |    0.9344     |    0.1589
Density calculation took 0.397145s
Tau required
   12     | -1383.8597765041 |   1.2412e-07   |    0.9375     |    0.1582
Density calculation took 0.397058s
Tau required
   13     | -1383.8597765382 |   7.2767e-09   |    0.9337     |    0.1585
Density calculation took 0.397214s
Tau required
   14     | -1383.8597765400 |   9.9579e-10   |    0.9342     |    0.1591
Density calculation took 0.396940s
Tau required
   15     | -1383.8597765402 |   2.7550e-10   |    0.9336     |    0.1582
Density calculation took 0.397232s
Tau required
   16     | -1383.8597765402 |   4.7189e-11   |    0.9342     |    0.1584
Created 549437 / 2005056 significant shell pairs
Created 425544 / 1527696 significant shell pairs
Total number of grid points: 322840 (5765 per atom)
One electron integrals and orthogonalizer took 0.040532s
Created 425544 / 1527696 significant shell pairs
3C integrals and B formation took 1.420993s
Iteration |      Energy      |  DIIS Metric   | Fock Time (s) | DIIS Time (s)
----------+------------------+----------------+---------------+--------------
Density calculation took 0.411278s
Tau required
    1     | -1392.5947606735 |   8.5992e+02   |    1.0841     |    0.1818
Density calculation took 0.415031s
Tau required
    2     | -1383.2120805041 |   2.2821e+00   |    0.9436     |    0.1562
Density calculation took 0.396134s
Tau required
    3     | -1383.1173693287 |   2.7799e+00   |    0.9248     |    0.1615
Density calculation took 0.396555s
Tau required
    4     | -1383.8382599264 |   7.0126e-02   |    0.9243     |    0.1574
Density calculation took 0.396555s
Tau required
    5     | -1383.8517572572 |   1.9562e-02   |    0.9244     |    0.1631
Density calculation took 0.396752s
Tau required
    6     | -1383.8564122068 |   2.2424e-03   |    0.9237     |    0.1571
Density calculation took 0.396790s
Tau required
    7     | -1383.8568730761 |   6.0415e-04   |    0.9238     |    0.1639
Density calculation took 0.396145s
Tau required
    8     | -1383.8570270949 |   1.0139e-04   |    0.9241     |    0.1590
Density calculation took 0.396707s
Tau required
    9     | -1383.8570549243 |   6.1799e-06   |    0.9248     |    0.1579
Density calculation took 0.396865s
Tau required
   10     | -1383.8570561613 |   2.0681e-06   |    0.9233     |    0.1583
Density calculation took 0.396893s
Tau required
   11     | -1383.8570567087 |   1.6652e-07   |    0.9239     |    0.1603
Density calculation took 0.396939s
Tau required
   12     | -1383.8570567184 |   1.2885e-07   |    0.9227     |    0.1582
Density calculation took 0.396952s
Tau required
   13     | -1383.8570567542 |   7.2801e-09   |    0.9231     |    0.1581
Density calculation took 0.397132s
Tau required
   14     | -1383.8570567560 |   8.8121e-10   |    0.9246     |    0.1579
Density calculation took 0.396958s
Tau required
   15     | -1383.8570567562 |   2.8549e-10   |    0.9239     |    0.1580
Density calculation took 0.397131s
Tau required
   16     | -1383.8570567563 |   1.6989e-11   |    0.9232     |    0.1578
Created 563057 / 2005056 significant shell pairs
Created 436918 / 1527696 significant shell pairs
Total number of grid points: 323819 (5782 per atom)
One electron integrals and orthogonalizer took 0.040623s
Created 436918 / 1527696 significant shell pairs
3C integrals and B formation took 1.428828s
Iteration |      Energy      |  DIIS Metric   | Fock Time (s) | DIIS Time (s)
----------+------------------+----------------+---------------+--------------
Density calculation took 0.415508s
Tau required
    1     | -1392.5978067550 |   8.6029e+02   |    1.0850     |    0.1817
Density calculation took 0.416646s
Tau required
    2     | -1383.2127816031 |   2.2867e+00   |    0.9455     |    0.1564
Density calculation took 0.396958s
Tau required
    3     | -1383.1094071892 |   2.8088e+00   |    0.9274     |    0.1618
Density calculation took 0.397087s
Tau required
    4     | -1383.8321009725 |   9.3700e-02   |    0.9274     |    0.1562
Density calculation took 0.397073s
Tau required
    5     | -1383.8476551374 |   3.8699e-02   |    0.9258     |    0.1635
Density calculation took 0.397478s
Tau required
    6     | -1383.8580415528 |   3.7993e-03   |    0.9267     |    0.1574
Density calculation took 0.397317s
Tau required
    7     | -1383.8589425469 |   5.6928e-04   |    0.9252     |    0.1646
Density calculation took 0.397106s
Tau required
    8     | -1383.8590668954 |   1.5103e-04   |    0.9260     |    0.1585
Density calculation took 0.397464s
Tau required
    9     | -1383.8591065111 |   1.2095e-05   |    0.9259     |    0.1582
Density calculation took 0.397504s
Tau required
   10     | -1383.8591093396 |   3.0292e-06   |    0.9282     |    0.1579
Density calculation took 0.397486s
Tau required
   11     | -1383.8591101257 |   2.7637e-07   |    0.9259     |    0.1579
Density calculation took 0.397555s
Tau required
   12     | -1383.8591101714 |   1.1507e-07   |    0.9267     |    0.1580
Density calculation took 0.397379s
Tau required
   13     | -1383.8591102040 |   5.4838e-09   |    0.9253     |    0.1576
Density calculation took 0.397529s
Tau required
   14     | -1383.8591102052 |   1.4364e-09   |    0.9263     |    0.1593
Density calculation took 0.397508s
Tau required
   15     | -1383.8591102055 |   3.2250e-10   |    0.9254     |    0.1582
Density calculation took 0.397641s
Tau required
   16     | -1383.8591102056 |   2.7764e-11   |    0.9268     |    0.1584
Created 580699 / 2005056 significant shell pairs
Created 450356 / 1527696 significant shell pairs
Total number of grid points: 323299 (5773 per atom)
One electron integrals and orthogonalizer took 0.040162s
Created 450356 / 1527696 significant shell pairs
3C integrals and B formation took 1.438361s
Iteration |      Energy      |  DIIS Metric   | Fock Time (s) | DIIS Time (s)
----------+------------------+----------------+---------------+--------------
Density calculation took 0.408149s
Tau required
    1     | -1392.6092333604 |   8.6316e+02   |    1.0889     |    0.1809
Density calculation took 0.411189s
Tau required
    2     | -1383.2149726651 |   2.3001e+00   |    0.9520     |    0.1556
Density calculation took 0.393111s
Tau required
    3     | -1383.0972718298 |   2.8702e+00   |    0.9294     |    0.1626
Density calculation took 0.393600s
Tau required
    4     | -1383.8284120912 |   1.2112e-01   |    0.9304     |    0.1567
Density calculation took 0.393738s
Tau required
    5     | -1383.8504911942 |   4.6246e-02   |    0.9302     |    0.1641
Density calculation took 0.393767s
Tau required
    6     | -1383.8629695547 |   3.4746e-03   |    0.9312     |    0.1573
Density calculation took 0.393790s
Tau required
    7     | -1383.8636818395 |   7.8680e-04   |    0.9309     |    0.1652
Density calculation took 0.393382s
Tau required
    8     | -1383.8638398558 |   2.4258e-04   |    0.9302     |    0.1593
Density calculation took 0.393919s
Tau required
    9     | -1383.8639040354 |   1.5625e-05   |    0.9299     |    0.1617
Density calculation took 0.393734s
Tau required
   10     | -1383.8639078890 |   2.4896e-06   |    0.9308     |    0.1586
Density calculation took 0.393793s
Tau required
   11     | -1383.8639084552 |   4.3153e-07   |    0.9308     |    0.1582
Density calculation took 0.393963s
Tau required
   12     | -1383.8639085467 |   1.1000e-07   |    0.9302     |    0.1588
Density calculation took 0.393883s
Tau required
   13     | -1383.8639085764 |   7.0854e-09   |    0.9315     |    0.1587
Density calculation took 0.393980s
Tau required
   14     | -1383.8639085779 |   1.5480e-09   |    0.9304     |    0.1582
Density calculation took 0.393963s
Tau required
   15     | -1383.8639085782 |   4.3291e-10   |    0.9311     |    0.1586
Density calculation took 0.393897s
Tau required
   16     | -1383.8639085783 |   4.7167e-11   |    0.9295     |    0.1581
Please cite the following papers for the methods used in this calculation:
 - J.L. Galvez Vallejo et. al., Toward an extreme-scale electronic structure system, J. Chem. Phys., 2023. DOI: 10.1063/5.0156399

 - R. Stocks, E. Palethorpe, and G.M.J. Barca, Multi-GPU RI-HF Energies and Analytic Gradients ─ Toward High-Throughput Ab Initio Molecular Dynamics, J. Chem. Theory Comput., 2024. DOI: 10.1021/acs.jctc.4c00877
   For:
     * RI-HF energy

 - S. Lehtola, C. Steigemann, M.J.T. Oliveira, and M.A.L. Marques, Recent developments in Libxc: A comprehensive library of functionals for density functional theory, SoftwareX, 2018. DOI: 10.1016/j.softx.2017.11.002
   For:
     * LibXC version 6.2.0

 - D.B. Williams-Young, W.A. de Jong, H.J.J. van Dam, and C. Yang, On the Efficient Evaluation of the Exchange Correlation Potential on Graphics Processing Unit Clusters, Frontiers in Chemistry, 2020. DOI: 10.3389/fchem.2020.581058
   For:
     * ExchCXX GPU implementation of exchange-correlation functionals

 - R. Stocks and G.M.J. Barca, Efficient Algorithms for GPU Accelerated Evaluation of the DFT Exchange-Correlation Functional, J. Chem. Theory Comput., 2025. DOI: 10.1021/acs.jctc.5c01229
   For:
     * GPU accelerated DFT exchange-correlation evaluation

 - J. Sun, A. Ruzsinszky, and J. P. Perdew.,  Phys. Rev. Lett. 115, 036402 (2015) DOI: 10.1103/PhysRevLett.115.036402
   For:
     * MGGA_X_SCAN XC Functional
     * MGGA_C_SCAN XC Functional

[CRAYBLAS_WARNING] Application linked against multiple cray-libsci libraries
