Total number of grid points: 391998 (5764 per atom)
Density calculation took 0.658238s
Tau required
Density calculation took 0.631978s
Tau required
Density calculation took 0.615712s
Tau required
Density calculation took 0.615989s
Tau required
Density calculation took 0.616570s
Tau required
Density calculation took 0.616692s
Tau required
Density calculation took 0.617675s
Tau required
Density calculation took 0.616882s
Tau required
Density calculation took 0.616298s
Tau required
Density calculation took 0.617298s
Tau required
Density calculation took 0.617749s
Tau required
Density calculation took 0.617445s
Tau required
Density calculation took 0.618123s
Tau required
Density calculation took 0.618019s
Tau required
Density calculation took 0.618616s
Tau required
Density calculation took 0.617455s
Tau required
Total number of grid points: 392923 (5778 per atom)
Density calculation took 0.653075s
Tau required
Density calculation took 0.639423s
Tau required
Density calculation took 0.620552s
Tau required
Density calculation took 0.619622s
Tau required
Density calculation took 0.620441s
Tau required
Density calculation took 0.620304s
Tau required
Density calculation took 0.620102s
Tau required
Density calculation took 0.620229s
Tau required
Density calculation took 0.620504s
Tau required
Density calculation took 0.620368s
Tau required
Density calculation took 0.620821s
Tau required
Density calculation took 0.620619s
Tau required
Density calculation took 0.621241s
Tau required
Density calculation took 0.621041s
Tau required
Density calculation took 0.621368s
Tau required
Density calculation took 0.620363s
Tau required
Density calculation took 0.621255s
Tau required
Density calculation took 0.621151s
Tau required
Total number of grid points: 392687 (5774 per atom)
Density calculation took 0.698439s
Tau required
Density calculation took 0.642306s
Tau required
Density calculation took 0.619946s
Tau required
Density calculation took 0.620036s
Tau required
Density calculation took 0.618919s
Tau required
Density calculation took 0.619936s
Tau required
Density calculation took 0.620050s
Tau required
Density calculation took 0.620215s
Tau required
Density calculation took 0.619926s
Tau required
Density calculation took 0.620137s
Tau required
Density calculation took 0.620755s
Tau required
Density calculation took 0.620750s
Tau required
Density calculation took 0.620260s
Tau required
Density calculation took 0.620607s
Tau required
Density calculation took 0.620978s
Tau required
Density calculation took 0.620568s
Tau required
Density calculation took 0.620664s
Tau required
Total number of grid points: 391844 (5762 per atom)
Density calculation took 0.667851s
Tau required
Density calculation took 0.644514s
Tau required
Density calculation took 0.622871s
Tau required
Density calculation took 0.623773s
Tau required
Density calculation took 0.622892s
Tau required
Density calculation took 0.623240s
Tau required
Density calculation took 0.622624s
Tau required
Density calculation took 0.623763s
Tau required
Density calculation took 0.623088s
Tau required
Density calculation took 0.623953s
Tau required
Density calculation took 0.623145s
Tau required
Density calculation took 0.623913s
Tau required
Density calculation took 0.623390s
Tau required
Density calculation took 0.624210s
Tau required
Density calculation took 0.623289s
Tau required
Density calculation took 0.623942s
Tau required
Total number of grid points: 391798 (5761 per atom)
Density calculation took 0.685630s
Tau required
Density calculation took 0.641980s
Tau required
Density calculation took 0.618263s
Tau required
Density calculation took 0.618249s
Tau required
Density calculation took 0.618605s
Tau required
Density calculation took 0.618247s
Tau required
Density calculation took 0.618335s
Tau required
Density calculation took 0.618423s
Tau required
Density calculation took 0.618413s
Tau required
Density calculation took 0.618446s
Tau required
Density calculation took 0.618162s
Tau required
Density calculation took 0.618203s
Tau required
Density calculation took 0.618570s
Tau required
Density calculation took 0.618542s
Tau required
Density calculation took 0.618604s
Tau required
Density calculation took 0.618633s
Tau required
Total number of grid points: 393347 (5784 per atom)
Density calculation took 0.657372s
Tau required
Density calculation took 0.638604s
Tau required
Density calculation took 0.617850s
Tau required
Density calculation took 0.618142s
Tau required
Density calculation took 0.618467s
Tau required
Density calculation took 0.618528s
Tau required
Density calculation took 0.618883s
Tau required
Density calculation took 0.618553s
Tau required
Density calculation took 0.618570s
Tau required
Density calculation took 0.618431s
Tau required
Density calculation took 0.618607s
Tau required
Density calculation took 0.618347s
Tau required
Density calculation took 0.618522s
Tau required
Density calculation took 0.618923s
Tau required
Density calculation took 0.619140s
Tau required
Density calculation took 0.618669s
Tau required
Density calculation took 0.618854s
Tau required
Density calculation took 0.618833s
Tau required
Total number of grid points: 392259 (5768 per atom)
Density calculation took 0.699626s
Tau required
Density calculation took 0.643617s
Tau required
Density calculation took 0.619510s
Tau required
Density calculation took 0.619202s
Tau required
Density calculation took 0.619215s
Tau required
Density calculation took 0.619289s
Tau required
Density calculation took 0.619678s
Tau required
Density calculation took 0.619105s
Tau required
Density calculation took 0.619365s
Tau required
Density calculation took 0.619621s
Tau required
Density calculation took 0.619026s
Tau required
Density calculation took 0.619379s
Tau required
Density calculation took 0.619091s
Tau required
Density calculation took 0.619885s
Tau required
Density calculation took 0.619474s
Tau required
Density calculation took 0.619526s
Tau required
Density calculation took 0.619431s
Tau required
Total number of grid points: 392057 (5765 per atom)
Density calculation took 0.653711s
Tau required
Density calculation took 0.639520s
Tau required
Density calculation took 0.616009s
Tau required
Density calculation took 0.616097s
Tau required
Density calculation took 0.616829s
Tau required
Density calculation took 0.616203s
Tau required
Density calculation took 0.616864s
Tau required
Density calculation took 0.616281s
Tau required
Density calculation took 0.616562s
Tau required
Density calculation took 0.616380s
Tau required
Density calculation took 0.616993s
Tau required
Density calculation took 0.616027s
Tau required
Density calculation took 0.616267s
Tau required
Density calculation took 0.616272s
Tau required
Density calculation took 0.616913s
Tau required
Density calculation took 0.616803s
Tau required
Density calculation took 0.616811s
Tau required
Density calculation took 0.616328s
Tau required
Total number of grid points: 392230 (5768 per atom)
Density calculation took 0.693116s
Tau required
Density calculation took 0.640851s
Tau required
Density calculation took 0.619698s
Tau required
Density calculation took 0.619788s
Tau required
Density calculation took 0.619994s
Tau required
Density calculation took 0.620087s
Tau required
Density calculation took 0.619788s
Tau required
Density calculation took 0.619889s
Tau required
Density calculation took 0.619900s
Tau required
Density calculation took 0.620203s
Tau required
Density calculation took 0.619840s
Tau required
Density calculation took 0.619750s
Tau required
Density calculation took 0.620128s
Tau required
Density calculation took 0.620186s
Tau required
Density calculation took 0.620429s
Tau required
Density calculation took 0.619938s
Tau required
Density calculation took 0.620682s
Tau required
Total number of grid points: 392473 (5771 per atom)
Density calculation took 0.659716s
Tau required
Density calculation took 0.639817s
Tau required
Density calculation took 0.618586s
Tau required
Density calculation took 0.618897s
Tau required
Density calculation took 0.618703s
Tau required
Density calculation took 0.619004s
Tau required
Density calculation took 0.618984s
Tau required
Density calculation took 0.619156s
Tau required
Density calculation took 0.619007s
Tau required
Density calculation took 0.619459s
Tau required
Density calculation took 0.619053s
Tau required
Density calculation took 0.619090s
Tau required
Density calculation took 0.618735s
Tau required
Density calculation took 0.619210s
Tau required
Density calculation took 0.618711s
Tau required
Density calculation took 0.618973s
Tau required
Total number of grid points: 392529 (5772 per atom)
Density calculation took 0.662943s
Tau required
Density calculation took 0.641797s
Tau required
Density calculation took 0.621589s
Tau required
Density calculation took 0.621571s
Tau required
Density calculation took 0.621654s
Tau required
Density calculation took 0.622209s
Tau required
Density calculation took 0.621999s
Tau required
Density calculation took 0.621783s
Tau required
Density calculation took 0.621243s
Tau required
Density calculation took 0.621381s
Tau required
Density calculation took 0.621786s
Tau required
Density calculation took 0.621636s
Tau required
Density calculation took 0.622071s
Tau required
Density calculation took 0.621480s
Tau required
Density calculation took 0.622031s
Tau required
Density calculation took 0.621687s
Tau required
Total number of grid points: 393120 (5781 per atom)
Density calculation took 0.683682s
Tau required
Density calculation took 0.645895s
Tau required
Density calculation took 0.625413s
Tau required
Density calculation took 0.625471s
Tau required
Density calculation took 0.625832s
Tau required
Density calculation took 0.626099s
Tau required
Density calculation took 0.625761s
Tau required
Density calculation took 0.625770s
Tau required
Density calculation took 0.625832s
Tau required
Density calculation took 0.626334s
Tau required
Density calculation took 0.626076s
Tau required
Density calculation took 0.625620s
Tau required
Density calculation took 0.626031s
Tau required
Density calculation took 0.625542s
Tau required
Density calculation took 0.625724s
Tau required
Density calculation took 0.626094s
Tau required
Total number of grid points: 393098 (5780 per atom)
Density calculation took 0.657878s
Tau required
Density calculation took 0.645050s
Tau required
Density calculation took 0.616864s
Tau required
Density calculation took 0.618310s
Tau required
Density calculation took 0.617611s
Tau required
Density calculation took 0.618810s
Tau required
Density calculation took 0.617908s
Tau required
Density calculation took 0.618799s
Tau required
Density calculation took 0.617630s
Tau required
Density calculation took 0.618765s
Tau required
Density calculation took 0.617938s
Tau required
Density calculation took 0.618867s
Tau required
Density calculation took 0.617264s
Tau required
Density calculation took 0.618865s
Tau required
Density calculation took 0.617800s
Tau required
Density calculation took 0.619448s
Tau required
Total number of grid points: 393044 (5780 per atom)
Density calculation took 0.694940s
Tau required
Density calculation took 0.643354s
Tau required
Density calculation took 0.621892s
Tau required
Density calculation took 0.622466s
Tau required
Density calculation took 0.622171s
Tau required
Density calculation took 0.622323s
Tau required
Density calculation took 0.622348s
Tau required
Density calculation took 0.622627s
Tau required
Density calculation took 0.622173s
Tau required
Density calculation took 0.622522s
Tau required
Density calculation took 0.621719s
Tau required
Density calculation took 0.623037s
Tau required
Density calculation took 0.622137s
Tau required
Density calculation took 0.623245s
Tau required
Density calculation took 0.622464s
Tau required
Density calculation took 0.622583s
Tau required
Total number of grid points: 392431 (5771 per atom)
Density calculation took 0.689555s
Tau required
Density calculation took 0.647242s
Tau required
Density calculation took 0.623168s
Tau required
Density calculation took 0.621559s
Tau required
Density calculation took 0.623542s
Tau required
Density calculation took 0.622001s
Tau required
Density calculation took 0.623696s
Tau required
Density calculation took 0.621914s
Tau required
Density calculation took 0.623143s
Tau required
Density calculation took 0.621599s
Tau required
Density calculation took 0.623142s
Tau required
Density calculation took 0.622100s
Tau required
Density calculation took 0.623770s
Tau required
Density calculation took 0.621913s
Tau required
Density calculation took 0.623573s
Tau required
Density calculation took 0.621967s
Tau required
Total number of grid points: 392971 (5778 per atom)
Density calculation took 0.688991s
Tau required
Density calculation took 0.644702s
Tau required
Density calculation took 0.622980s
Tau required
Density calculation took 0.623353s
Tau required
Density calculation took 0.623029s
Tau required
Density calculation took 0.623455s
Tau required
Density calculation took 0.623532s
Tau required
Density calculation took 0.623270s
Tau required
Density calculation took 0.623328s
Tau required
Density calculation took 0.623200s
Tau required
Density calculation took 0.623316s
Tau required
Density calculation took 0.623341s
Tau required
Density calculation took 0.623691s
Tau required
Density calculation took 0.623414s
Tau required
Density calculation took 0.623731s
Tau required
Density calculation took 0.623167s
Tau required
Density calculation took 0.623577s
Tau required
Total number of grid points: 393059 (5780 per atom)
Density calculation took 0.658488s
Tau required
Density calculation took 0.639916s
Tau required
Density calculation took 0.618743s
Tau required
Density calculation took 0.618956s
Tau required
Density calculation took 0.618881s
Tau required
Density calculation took 0.618788s
Tau required
Density calculation took 0.619187s
Tau required
Density calculation took 0.619124s
Tau required
Density calculation took 0.619242s
Tau required
Density calculation took 0.619441s
Tau required
Density calculation took 0.619215s
Tau required
Density calculation took 0.619286s
Tau required
Density calculation took 0.619274s
Tau required
Density calculation took 0.619373s
Tau required
Density calculation took 0.619361s
Tau required
Density calculation took 0.618980s
Tau required
Density calculation took 0.619599s
Tau required
Total number of grid points: 392188 (5767 per atom)
Density calculation took 0.688129s
Tau required
Density calculation took 0.646480s
Tau required
Density calculation took 0.621405s
Tau required
Density calculation took 0.621482s
Tau required
Density calculation took 0.621406s
Tau required
Density calculation took 0.621947s
Tau required
Density calculation took 0.621646s
Tau required
Density calculation took 0.622095s
Tau required
Density calculation took 0.621821s
Tau required
Density calculation took 0.621620s
Tau required
Density calculation took 0.621932s
Tau required
Density calculation took 0.622138s
Tau required
Density calculation took 0.621940s
Tau required
Density calculation took 0.621915s
Tau required
Density calculation took 0.622359s
Tau required
Density calculation took 0.621951s
Tau required
Density calculation took 0.622309s
Tau required
Total number of grid points: 392794 (5776 per atom)
Density calculation took 0.695983s
Tau required
Density calculation took 0.639526s
Tau required
Density calculation took 0.618124s
Tau required
Density calculation took 0.618293s
Tau required
Density calculation took 0.618569s
Tau required
Density calculation took 0.618478s
Tau required
Density calculation took 0.618547s
Tau required
Density calculation took 0.618852s
Tau required
Density calculation took 0.618421s
Tau required
Density calculation took 0.618497s
Tau required
Density calculation took 0.618868s
Tau required
Density calculation took 0.618989s
Tau required
Density calculation took 0.618776s
Tau required
Density calculation took 0.618561s
Tau required
Density calculation took 0.618670s
Tau required
Density calculation took 0.618840s
Tau required
Total number of grid points: 392301 (5769 per atom)
Density calculation took 0.691923s
Tau required
Density calculation took 0.644382s
Tau required
Density calculation took 0.620835s
Tau required
Density calculation took 0.620916s
Tau required
Density calculation took 0.621566s
Tau required
Density calculation took 0.621434s
Tau required
Density calculation took 0.621844s
Tau required
Density calculation took 0.621623s
Tau required
Density calculation took 0.621204s
Tau required
Density calculation took 0.621237s
Tau required
Density calculation took 0.621165s
Tau required
Density calculation took 0.621287s
Tau required
Density calculation took 0.621555s
Tau required
Density calculation took 0.620577s
Tau required
Density calculation took 0.621139s
Tau required
Density calculation took 0.621563s
Tau required
[CRAYBLAS_WARNING] Application linked against multiple cray-libsci libraries
***************************************
******* Beginning RI-MGGA_X_SCAN+MGGA_C_SCAN energy ********
************************************************************

=======================================================
        MGGA_X_SCAN+MGGA_C_SCAN Energy Results         
=======================================================
E MGGA_X_SCAN+MGGA_C_SCAN: -1691.10887895
Nuclear Repulsion Energy: 4534.04090046
Electronic Energy:        -5977.28979955
XC Energy:                -247.859980
Converged:                1
# of SCF iterations:      16
SCF Time:                 31.58s

=======================================================
            Individual Calculation Summary             
=======================================================
HF Energy: -1691.1088789473224097
=======================================================


Topology 9 time: 31.772709 s, performance: SP: 0 FLOP/s, DP: 33.12 TFLOP/s
JSON file written to: json_logs/lustre_orion_chm213_scratch_ryan_dhdft_inputs_exess_exess_inputs_SCAN_def2-TZVP_isomers_34560-34579_topology_9.json
************************************************************
**************** Running topology 11 of 20 *****************
************************************************************

************************************************************
******* Beginning RI-MGGA_X_SCAN+MGGA_C_SCAN energy ********
************************************************************

=======================================================
        MGGA_X_SCAN+MGGA_C_SCAN Energy Results         
=======================================================
E MGGA_X_SCAN+MGGA_C_SCAN: -1691.10984924
Nuclear Repulsion Energy: 4516.86820206
Electronic Energy:        -5960.11416527
XC Energy:                -247.863886
Converged:                1
# of SCF iterations:      16
SCF Time:                 31.396s

=======================================================
            Individual Calculation Summary             
=======================================================
HF Energy: -1691.1098492390151478
=======================================================


Topology 10 time: 31.589749 s, performance: SP: 0 FLOP/s, DP: 33.31 TFLOP/s
JSON file written to: json_logs/lustre_orion_chm213_scratch_ryan_dhdft_inputs_exess_exess_inputs_SCAN_def2-TZVP_isomers_34560-34579_topology_10.json
************************************************************
**************** Running topology 12 of 20 *****************
************************************************************

************************************************************
******* Beginning RI-MGGA_X_SCAN+MGGA_C_SCAN energy ********
************************************************************

=======================================================
        MGGA_X_SCAN+MGGA_C_SCAN Energy Results         
=======================================================
E MGGA_X_SCAN+MGGA_C_SCAN: -1691.11022738
Nuclear Repulsion Energy: 4562.16608669
Electronic Energy:        -6005.4049328
XC Energy:                -247.871381
Converged:                1
# of SCF iterations:      16
SCF Time:                 31.328s

=======================================================
            Individual Calculation Summary             
=======================================================
HF Energy: -1691.1102273809990493
=======================================================


Topology 11 time: 31.525101 s, performance: SP: 0 FLOP/s, DP: 33.39 TFLOP/s
JSON file written to: json_logs/lustre_orion_chm213_scratch_ryan_dhdft_inputs_exess_exess_inputs_SCAN_def2-TZVP_isomers_34560-34579_topology_11.json
************************************************************
**************** Running topology 13 of 20 *****************
************************************************************

************************************************************
******* Beginning RI-MGGA_X_SCAN+MGGA_C_SCAN energy ********
************************************************************

=======================================================
        MGGA_X_SCAN+MGGA_C_SCAN Energy Results         
=======================================================
E MGGA_X_SCAN+MGGA_C_SCAN: -1691.10980342
Nuclear Repulsion Energy: 4464.05669288
Electronic Energy:        -5907.30253535
XC Energy:                -247.863961
Converged:                1
# of SCF iterations:      16
SCF Time:                 31.219s

=======================================================
            Individual Calculation Summary             
=======================================================
HF Energy: -1691.1098034212184302
=======================================================


Topology 12 time: 31.410996 s, performance: SP: 0 FLOP/s, DP: 33.52 TFLOP/s
JSON file written to: json_logs/lustre_orion_chm213_scratch_ryan_dhdft_inputs_exess_exess_inputs_SCAN_def2-TZVP_isomers_34560-34579_topology_12.json
************************************************************
**************** Running topology 14 of 20 *****************
************************************************************

************************************************************
******* Beginning RI-MGGA_X_SCAN+MGGA_C_SCAN energy ********
************************************************************

=======================================================
        MGGA_X_SCAN+MGGA_C_SCAN Energy Results         
=======================================================
E MGGA_X_SCAN+MGGA_C_SCAN: -1691.10885602
Nuclear Repulsion Energy: 4455.93822255
Electronic Energy:        -5899.18747323
XC Energy:                -247.859605
Converged:                1
# of SCF iterations:      16
SCF Time:                 31.532s

=======================================================
            Individual Calculation Summary             
=======================================================
HF Energy: -1691.1088560232415148
=======================================================


Topology 13 time: 31.721696 s, performance: SP: 0 FLOP/s, DP: 33.19 TFLOP/s
JSON file written to: json_logs/lustre_orion_chm213_scratch_ryan_dhdft_inputs_exess_exess_inputs_SCAN_def2-TZVP_isomers_34560-34579_topology_13.json
************************************************************
**************** Running topology 15 of 20 *****************
************************************************************

************************************************************
******* Beginning RI-MGGA_X_SCAN+MGGA_C_SCAN energy ********
************************************************************

=======================================================
        MGGA_X_SCAN+MGGA_C_SCAN Energy Results         
=======================================================
E MGGA_X_SCAN+MGGA_C_SCAN: -1691.10052279
Nuclear Repulsion Energy: 4523.31599245
Electronic Energy:        -5966.5528501
XC Energy:                -247.863665
Converged:                1
# of SCF iterations:      16
SCF Time:                 31.262s

=======================================================
            Individual Calculation Summary             
=======================================================
HF Energy: -1691.1005227941620888
=======================================================


Topology 14 time: 31.455544 s, performance: SP: 0 FLOP/s, DP: 33.44 TFLOP/s
JSON file written to: json_logs/lustre_orion_chm213_scratch_ryan_dhdft_inputs_exess_exess_inputs_SCAN_def2-TZVP_isomers_34560-34579_topology_14.json
************************************************************
**************** Running topology 16 of 20 *****************
************************************************************

************************************************************
******* Beginning RI-MGGA_X_SCAN+MGGA_C_SCAN energy ********
************************************************************

=======================================================
        MGGA_X_SCAN+MGGA_C_SCAN Energy Results         
=======================================================
E MGGA_X_SCAN+MGGA_C_SCAN: -1691.10098982
Nuclear Repulsion Energy: 4641.68571329
Electronic Energy:        -6084.91681634
XC Energy:                -247.869887
Converged:                1
# of SCF iterations:      17
SCF Time:                 32.952s

=======================================================
            Individual Calculation Summary             
=======================================================
HF Energy: -1691.1009898155004976
=======================================================


Topology 15 time: 33.155498 s, performance: SP: 0 FLOP/s, DP: 33.61 TFLOP/s
JSON file written to: json_logs/lustre_orion_chm213_scratch_ryan_dhdft_inputs_exess_exess_inputs_SCAN_def2-TZVP_isomers_34560-34579_topology_15.json
************************************************************
**************** Running topology 17 of 20 *****************
************************************************************

************************************************************
******* Beginning RI-MGGA_X_SCAN+MGGA_C_SCAN energy ********
************************************************************

=======================================================
        MGGA_X_SCAN+MGGA_C_SCAN Energy Results         
=======================================================
E MGGA_X_SCAN+MGGA_C_SCAN: -1691.1064806
Nuclear Repulsion Energy: 4591.21166261
Electronic Energy:        -6034.45170552
XC Energy:                -247.866438
Converged:                1
# of SCF iterations:      17
SCF Time:                 33.33s

=======================================================
            Individual Calculation Summary             
=======================================================
HF Energy: -1691.1064806027904979
=======================================================


Topology 16 time: 33.528473 s, performance: SP: 0 FLOP/s, DP: 33.24 TFLOP/s
JSON file written to: json_logs/lustre_orion_chm213_scratch_ryan_dhdft_inputs_exess_exess_inputs_SCAN_def2-TZVP_isomers_34560-34579_topology_16.json
************************************************************
**************** Running topology 18 of 20 *****************
************************************************************

************************************************************
******* Beginning RI-MGGA_X_SCAN+MGGA_C_SCAN energy ********
************************************************************

=======================================================
        MGGA_X_SCAN+MGGA_C_SCAN Energy Results         
=======================================================
E MGGA_X_SCAN+MGGA_C_SCAN: -1691.09601742
Nuclear Repulsion Energy: 4646.87468139
Electronic Energy:        -6090.10218148
XC Energy:                -247.868517
Converged:                1
# of SCF iterations:      17
SCF Time:                 32.844s

=======================================================
            Individual Calculation Summary             
=======================================================
HF Energy: -1691.0960174207857563
=======================================================


Topology 17 time: 33.048648 s, performance: SP: 0 FLOP/s, DP: 33.67 TFLOP/s
JSON file written to: json_logs/lustre_orion_chm213_scratch_ryan_dhdft_inputs_exess_exess_inputs_SCAN_def2-TZVP_isomers_34560-34579_topology_17.json
************************************************************
**************** Running topology 19 of 20 *****************
************************************************************

************************************************************
******* Beginning RI-MGGA_X_SCAN+MGGA_C_SCAN energy ********
************************************************************

=======================================================
        MGGA_X_SCAN+MGGA_C_SCAN Energy Results         
=======================================================
E MGGA_X_SCAN+MGGA_C_SCAN: -1691.1093638
Nuclear Repulsion Energy: 4623.60944128
Electronic Energy:        -6066.8468713
XC Energy:                -247.871934
Converged:                1
# of SCF iterations:      16
SCF Time:                 31.225s

=======================================================
            Individual Calculation Summary             
=======================================================
HF Energy: -1691.1093637994324581
=======================================================


Topology 18 time: 31.428345 s, performance: SP: 0 FLOP/s, DP: 33.5 TFLOP/s
JSON file written to: json_logs/lustre_orion_chm213_scratch_ryan_dhdft_inputs_exess_exess_inputs_SCAN_def2-TZVP_isomers_34560-34579_topology_18.json
************************************************************
**************** Running topology 20 of 20 *****************
************************************************************

************************************************************
******* Beginning RI-MGGA_X_SCAN+MGGA_C_SCAN energy ********
************************************************************

=======================================================
        MGGA_X_SCAN+MGGA_C_SCAN Energy Results         
=======================================================
E MGGA_X_SCAN+MGGA_C_SCAN: -1691.11254351
Nuclear Repulsion Energy: 4607.44016559
Electronic Energy:        -6050.67958113
XC Energy:                -247.873128
Converged:                1
# of SCF iterations:      16
SCF Time:                 31.511s

=======================================================
            Individual Calculation Summary             
=======================================================
HF Energy: -1691.1125435109879618
=======================================================


Topology 19 time: 31.711011 s, performance: SP: 0 FLOP/s, DP: 33.2 TFLOP/s
JSON file written to: json_logs/lustre_orion_chm213_scratch_ryan_dhdft_inputs_exess_exess_inputs_SCAN_def2-TZVP_isomers_34560-34579_topology_19.json
Total flops: SP: 0 FLOPS, DP: 21.759146 PFLOPS
Performance: SP: 0 FLOP/s, DP: 32.82 TFLOP/s

Now, a word from our sponsors... 
 We're going to Bonnie Doon, we're doing to Bonnie Doon

[31mTotal processing time 663.253905 seconds[0m
[CRAYBLAS_WARNING] Application linked against multiple cray-libsci libraries
227     |    0.2630
Density calculation took 0.634502s
Tau required
    7     | -1691.1095757938 |   7.7455e-04   |    1.5172     |    0.2712
Density calculation took 0.635227s
Tau required
    8     | -1691.1097145068 |   3.0818e-04   |    1.5197     |    0.2632
Density calculation took 0.634347s
Tau required
    9     | -1691.1097977688 |   1.8002e-05   |    1.5180     |    0.2626
Density calculation took 0.635350s
Tau required
   10     | -1691.1098018142 |   5.1521e-06   |    1.5212     |    0.2636
Density calculation took 0.634623s
Tau required
   11     | -1691.1098032648 |   5.2152e-07   |    1.5156     |    0.2642
Density calculation took 0.635423s
Tau required
   12     | -1691.1098033828 |   1.3159e-07   |    1.5190     |    0.2620
Density calculation took 0.634451s
Tau required
   13     | -1691.1098034149 |   2.1114e-08   |    1.5155     |    0.2633
Density calculation took 0.635180s
Tau required
   14     | -1691.1098034197 |   5.0744e-09   |    1.5214     |    0.2668
Density calculation took 0.634662s
Tau required
   15     | -1691.1098034209 |   1.2224e-09   |    1.5140     |    0.2631
Density calculation took 0.635595s
Tau required
   16     | -1691.1098034212 |   9.9350e-11   |    1.5226     |    0.2637
Created 679963 / 2985984 significant shell pairs
Created 527776 / 2274064 significant shell pairs
Total number of grid points: 392402 (5770 per atom)
One electron integrals and orthogonalizer took 0.052493s
Created 527776 / 2274064 significant shell pairs
3C integrals and B formation took 2.092845s
Iteration |      Energy      |  DIIS Metric   | Fock Time (s) | DIIS Time (s)
----------+------------------+----------------+---------------+--------------
Density calculation took 0.702644s
Tau required
    1     | -1701.8352921443 |   1.0513e+03   |    1.7562     |    0.2955
Density calculation took 0.659717s
Tau required
    2     | -1690.3273804939 |   2.7584e+00   |    1.5746     |    0.2597
Density calculation took 0.637907s
Tau required
    3     | -1690.2147234696 |   3.3304e+00   |    1.5335     |    0.2694
Density calculation took 0.637850s
Tau required
    4     | -1691.0703713900 |   1.3279e-01   |    1.5366     |    0.2608
Density calculation took 0.637911s
Tau required
    5     | -1691.0931867791 |   5.1757e-02   |    1.5378     |    0.2710
Density calculation took 0.638284s
Tau required
    6     | -1691.1070688838 |   6.2159e-03   |    1.5365     |    0.2626
Density calculation took 0.637955s
Tau required
    7     | -1691.1086370703 |   7.3458e-04   |    1.5332     |    0.2720
Density calculation took 0.637941s
Tau required
    8     | -1691.1087604625 |   3.3123e-04   |    1.5368     |    0.2632
Density calculation took 0.637900s
Tau required
    9     | -1691.1088511445 |   1.6016e-05   |    1.5355     |    0.2651
Density calculation took 0.637833s
Tau required
   10     | -1691.1088545014 |   5.0771e-06   |    1.5371     |    0.2637
Density calculation took 0.637977s
Tau required
   11     | -1691.1088558782 |   4.8004e-07   |    1.5364     |    0.2661
Density calculation took 0.638071s
Tau required
   12     | -1691.1088559708 |   1.6944e-07   |    1.5359     |    0.2633
Density calculation took 0.638089s
Tau required
   13     | -1691.1088560137 |   3.0651e-08   |    1.5378     |    0.2641
Density calculation took 0.638077s
Tau required
   14     | -1691.1088560220 |   4.0982e-09   |    1.5372     |    0.2649
Density calculation took 0.637984s
Tau required
   15     | -1691.1088560229 |   1.1518e-09   |    1.5374     |    0.2639
Density calculation took 0.637929s
Tau required
   16     | -1691.1088560232 |   8.5807e-11   |    1.5370     |    0.2615
Created 697052 / 2985984 significant shell pairs
Created 541332 / 2274064 significant shell pairs
Total number of grid points: 392222 (5767 per atom)
One electron integrals and orthogonalizer took 0.052779s
Created 541332 / 2274064 significant shell pairs
3C integrals and B formation took 2.130591s
Iteration |      Energy      |  DIIS Metric   | Fock Time (s) | DIIS Time (s)
----------+------------------+----------------+---------------+--------------
Density calculation took 0.690673s
Tau required
    1     | -1701.8412696736 |   1.0539e+03   |    1.7216     |    0.2964
Density calculation took 0.651212s
Tau required
    2     | -1690.3209470668 |   2.7524e+00   |    1.5455     |    0.2586
Density calculation took 0.626493s
Tau required
    3     | -1690.2120282842 |   3.3097e+00   |    1.5231     |    0.2694
Density calculation took 0.625350s
Tau required
    4     | -1691.0642598939 |   1.2301e-01   |    1.5148     |    0.2622
Density calculation took 0.626445s
Tau required
    5     | -1691.0845372501 |   5.2723e-02   |    1.5220     |    0.2710
Density calculation took 0.626490s
Tau required
    6     | -1691.0990004213 |   5.3102e-03   |    1.5159     |    0.2629
Density calculation took 0.626474s
Tau required
    7     | -1691.1002594068 |   8.8688e-04   |    1.5232     |    0.2740
Density calculation took 0.626435s
Tau required
    8     | -1691.1004269768 |   3.3366e-04   |    1.5171     |    0.2627
Density calculation took 0.625434s
Tau required
    9     | -1691.1005179657 |   1.5738e-05   |    1.5237     |    0.2631
Density calculation took 0.625559s
Tau required
   10     | -1691.1005211681 |   5.1703e-06   |    1.5156     |    0.2628
Density calculation took 0.625373s
Tau required
   11     | -1691.1005226079 |   5.9643e-07   |    1.5208     |    0.2629
Density calculation took 0.625689s
Tau required
   12     | -1691.1005227385 |   1.8330e-07   |    1.5172     |    0.2640
Density calculation took 0.625633s
Tau required
   13     | -1691.1005227884 |   1.9580e-08   |    1.5253     |    0.2645
Density calculation took 0.625420s
Tau required
   14     | -1691.1005227933 |   3.0498e-09   |    1.5145     |    0.2634
Density calculation took 0.625549s
Tau required
   15     | -1691.1005227939 |   1.0094e-09   |    1.5220     |    0.2629
Density calculation took 0.625586s
Tau required
   16     | -1691.1005227942 |   9.9570e-11   |    1.5137     |    0.2634
Created 730293 / 2985984 significant shell pairs
Created 568470 / 2274064 significant shell pairs
Total number of grid points: 392369 (5770 per atom)
One electron integrals and orthogonalizer took 0.053403s
Created 568470 / 2274064 significant shell pairs
3C integrals and B formation took 2.175735s
Iteration |      Energy      |  DIIS Metric   | Fock Time (s) | DIIS Time (s)
----------+------------------+----------------+---------------+--------------
Density calculation took 0.693991s
Tau required
    1     | -1701.8536682436 |   1.0562e+03   |    1.7392     |    0.2949
Density calculation took 0.645079s
Tau required
    2     | -1690.3211314945 |   2.7606e+00   |    1.5344     |    0.2589
Density calculation took 0.617485s
Tau required
    3     | -1690.1957830566 |   3.4027e+00   |    1.5096     |    0.2684
Density calculation took 0.618226s
Tau required
    4     | -1691.0577742767 |   1.5150e-01   |    1.5087     |    0.2625
Density calculation took 0.618153s
Tau required
    5     | -1691.0823797391 |   6.1127e-02   |    1.5112     |    0.2715
Density calculation took 0.617664s
Tau required
    6     | -1691.0992678996 |   5.9517e-03   |    1.5080     |    0.2630
Density calculation took 0.617932s
Tau required
    7     | -1691.1007315565 |   8.5541e-04   |    1.5103     |    0.2729
Density calculation took 0.617517s
Tau required
    8     | -1691.1008776027 |   3.5697e-04   |    1.5077     |    0.2624
Density calculation took 0.618247s
Tau required
    9     | -1691.1009814761 |   2.7217e-05   |    1.5114     |    0.2636
Density calculation took 0.617871s
Tau required
   10     | -1691.1009881187 |   5.8166e-06   |    1.5061     |    0.2627
Density calculation took 0.618078s
Tau required
   11     | -1691.1009896363 |   6.2193e-07   |    1.5100     |    0.2624
Density calculation took 0.617702s
Tau required
   12     | -1691.1009897660 |   1.7813e-07   |    1.5067     |    0.2630
Density calculation took 0.618551s
Tau required
   13     | -1691.1009898101 |   1.7750e-08   |    1.5116     |    0.2638
Density calculation took 0.617673s
Tau required
   14     | -1691.1009898141 |   4.1498e-09   |    1.5065     |    0.2628
Density calculation took 0.618444s
Tau required
   15     | -1691.1009898152 |   1.1679e-09   |    1.5107     |    0.2658
Density calculation took 0.617884s
Tau required
   16     | -1691.1009898155 |   1.0883e-10   |    1.5054     |    0.2631
Density calculation took 0.618291s
Tau required
   17     | -1691.1009898155 |   4.7111e-11   |    1.5109     |    0.2646
Created 713596 / 2985984 significant shell pairs
Created 555464 / 2274064 significant shell pairs
Total number of grid points: 392087 (5765 per atom)
One electron integrals and orthogonalizer took 0.052313s
Created 555464 / 2274064 significant shell pairs
3C integrals and B formation took 2.144833s
Iteration |      Energy      |  DIIS Metric   | Fock Time (s) | DIIS Time (s)
----------+------------------+----------------+---------------+--------------
Density calculation took 0.667875s
Tau required
    1     | -1701.8490367343 |   1.0540e+03   |    1.7195     |    0.2971
Density calculation took 0.659113s
Tau required
    2     | -1690.3240326184 |   2.7688e+00   |    1.5711     |    0.2591
Density calculation took 0.636007s
Tau required
    3     | -1690.1893834982 |   3.4475e+00   |    1.5306     |    0.2706
Density calculation took 0.638163s
Tau required
    4     | -1691.0570469024 |   1.7508e-01   |    1.5367     |    0.2602
Density calculation took 0.638090s
Tau required
    5     | -1691.0864531039 |   6.6310e-02   |    1.5352     |    0.2696
Density calculation took 0.636754s
Tau required
    6     | -1691.1045972086 |   6.6696e-03   |    1.5320     |    0.2616
Density calculation took 0.638297s
Tau required
    7     | -1691.1062328574 |   8.2598e-04   |    1.5328     |    0.2719
Density calculation took 0.638432s
Tau required
    8     | -1691.1063407971 |   4.3718e-04   |    1.5376     |    0.2625
Density calculation took 0.638551s
Tau required
    9     | -1691.1064720659 |   2.8245e-05   |    1.5359     |    0.2618
Density calculation took 0.638582s
Tau required
   10     | -1691.1064786595 |   6.6652e-06   |    1.5379     |    0.2622
Density calculation took 0.638544s
Tau required
   11     | -1691.1064804753 |   4.5751e-07   |    1.5379     |    0.2634
Density calculation took 0.638480s
Tau required
   12     | -1691.1064805556 |   1.7194e-07   |    1.5355     |    0.2626
Density calculation took 0.638659s
Tau required
   13     | -1691.1064805987 |   1.4083e-08   |    1.5351     |    0.2633
Density calculation took 0.638519s
Tau required
   14     | -1691.1064806021 |   2.3320e-09   |    1.5382     |    0.2623
Density calculation took 0.638444s
Tau required
   15     | -1691.1064806026 |   7.3663e-10   |    1.5372     |    0.2617
Density calculation took 0.638476s
Tau required
   16     | -1691.1064806028 |   1.3295e-10   |    1.5382     |    0.2620
Density calculation took 0.638315s
Tau required
   17     | -1691.1064806028 |   3.6519e-11   |    1.5379     |    0.2628
Created 733642 / 2985984 significant shell pairs
Created 570548 / 2274064 significant shell pairs
Total number of grid points: 392731 (5775 per atom)
One electron integrals and orthogonalizer took 0.055940s
Created 570548 / 2274064 significant shell pairs
3C integrals and B formation took 2.154972s
Iteration |      Energy      |  DIIS Metric   | Fock Time (s) | DIIS Time (s)
----------+------------------+----------------+---------------+--------------
Density calculation took 0.664616s
Tau required
    1     | -1701.8539390561 |   1.0571e+03   |    1.7419     |    0.2956
Density calculation took 0.652878s
Tau required
    2     | -1690.3158465480 |   2.7603e+00   |    1.5346     |    0.2597
Density calculation took 0.630766s
Tau required
    3     | -1690.1830188840 |   3.4313e+00   |    1.5015     |    0.2687
Density calculation took 0.630760s
Tau required
    4     | -1691.0490189334 |   1.6511e-01   |    1.5049     |    0.2619
Density calculation took 0.631165s
Tau required
    5     | -1691.0771131046 |   6.3243e-02   |    1.5018     |    0.2697
Density calculation took 0.631295s
Tau required
    6     | -1691.0943827012 |   5.7745e-03   |    1.5036     |    0.2605
Density calculation took 0.631191s
Tau required
    7     | -1691.0957676214 |   8.3953e-04   |    1.5025     |    0.2721
Density calculation took 0.631127s
Tau required
    8     | -1691.0959172764 |   3.2401e-04   |    1.5023     |    0.2629
Density calculation took 0.631493s
Tau required
    9     | -1691.0960111379 |   1.9974e-05   |    1.5007     |    0.2635
Density calculation took 0.631057s
Tau required
   10     | -1691.0960150272 |   7.8560e-06   |    1.5058     |    0.2638
Density calculation took 0.631213s
Tau required
   11     | -1691.0960172609 |   5.7509e-07   |    1.5063     |    0.2638
Density calculation took 0.631035s
Tau required
   12     | -1691.0960173773 |   1.5978e-07   |    1.5063     |    0.2628
Density calculation took 0.631418s
Tau required
   13     | -1691.0960174144 |   2.1458e-08   |    1.5059     |    0.2638
Density calculation took 0.631242s
Tau required
   14     | -1691.0960174198 |   3.4091e-09   |    1.5087     |    0.2626
Density calculation took 0.631465s
Tau required
   15     | -1691.0960174204 |   1.3213e-09   |    1.5014     |    0.2630
Density calculation took 0.631398s
Tau required
   16     | -1691.0960174208 |   1.2626e-10   |    1.5006     |    0.2633
Density calculation took 0.631243s
Tau required
   17     | -1691.0960174208 |   5.0117e-11   |    1.5012     |    0.2639
Created 725716 / 2985984 significant shell pairs
Created 565052 / 2274064 significant shell pairs
Total number of grid points: 392100 (5766 per atom)
One electron integrals and orthogonalizer took 0.052580s
Created 565052 / 2274064 significant shell pairs
3C integrals and B formation took 2.173714s
Iteration |      Energy      |  DIIS Metric   | Fock Time (s) | DIIS Time (s)
----------+------------------+----------------+---------------+--------------
Density calculation took 0.670891s
Tau required
    1     | -1701.8597909589 |   1.0557e+03   |    1.7352     |    0.2950
Density calculation took 0.657625s
Tau required
    2     | -1690.3267822790 |   2.7771e+00   |    1.5552     |    0.2601
Density calculation took 0.632895s
Tau required
    3     | -1690.1943925159 |   3.4547e+00   |    1.5081     |    0.2688
Density calculation took 0.632863s
Tau required
    4     | -1691.0691956619 |   1.4138e-01   |    1.5106     |    0.2606
Density calculation took 0.633072s
Tau required
    5     | -1691.0916419590 |   5.7997e-02   |    1.5133     |    0.2694
Density calculation took 0.634772s
Tau required
    6     | -1691.1078226065 |   5.3533e-03   |    1.5144     |    0.2660
Density calculation took 0.633332s
Tau required
    7     | -1691.1091487530 |   7.2297e-04   |    1.5087     |    0.2726
Density calculation took 0.634984s
Tau required
    8     | -1691.1093005226 |   2.1212e-04   |    1.5107     |    0.2646
Density calculation took 0.634890s
Tau required
    9     | -1691.1093603032 |   1.2197e-05   |    1.5138     |    0.2632
Density calculation took 0.633131s
Tau required
   10     | -1691.1093624868 |   4.6170e-06   |    1.5108     |    0.2634
Density calculation took 0.634828s
Tau required
   11     | -1691.1093636210 |   5.7078e-07   |    1.5131     |    0.2626
Density calculation took 0.633253s
Tau required
   12     | -1691.1093637414 |   1.8669e-07   |    1.5086     |    0.2651
Density calculation took 0.635259s
Tau required
   13     | -1691.1093637939 |   1.8915e-08   |    1.5141     |    0.2647
Density calculation took 0.633272s
Tau required
   14     | -1691.1093637985 |   2.8877e-09   |    1.5090     |    0.2649
Density calculation took 0.635120s
Tau required
   15     | -1691.1093637991 |   1.1201e-09   |    1.5129     |    0.2637
Density calculation took 0.633314s
Tau required
   16     | -1691.1093637994 |   7.9020e-11   |    1.5087     |    0.2627
Created 718828 / 2985984 significant shell pairs
Created 559631 / 2274064 significant shell pairs
Total number of grid points: 392750 (5775 per atom)
One electron integrals and orthogonalizer took 0.052595s
Created 559631 / 2274064 significant shell pairs
3C integrals and B formation took 2.164195s
Iteration |      Energy      |  DIIS Metric   | Fock Time (s) | DIIS Time (s)
----------+------------------+----------------+---------------+--------------
Density calculation took 0.666589s
Tau required
    1     | -1701.8599547371 |   1.0555e+03   |    1.7296     |    0.2952
Density calculation took 0.657647s
Tau required
    2     | -1690.3284996574 |   2.7830e+00   |    1.5725     |    0.2583
Density calculation took 0.636713s
Tau required
    3     | -1690.1997484801 |   3.4383e+00   |    1.5325     |    0.2704
Density calculation took 0.637644s
Tau required
    4     | -1691.0737358054 |   1.3400e-01   |    1.5302     |    0.2592
Density calculation took 0.637607s
Tau required
    5     | -1691.0938667315 |   6.1552e-02   |    1.5293     |    0.2713
Density calculation took 0.637202s
Tau required
    6     | -1691.1112798607 |   4.5197e-03   |    1.5336     |    0.2651
Density calculation took 0.637724s
Tau required
    7     | -1691.1123463166 |   6.7858e-04   |    1.5337     |    0.2727
Density calculation took 0.637684s
Tau required
    8     | -1691.1124648017 |   2.4626e-04   |    1.5298     |    0.2638
Density calculation took 0.637803s
Tau required
    9     | -1691.1125380505 |   1.7722e-05   |    1.5302     |    0.2663
Density calculation took 0.637988s
Tau required
   10     | -1691.1125419399 |   5.4524e-06   |    1.5301     |    0.2648
Density calculation took 0.637746s
Tau required
   11     | -1691.1125433384 |   6.0502e-07   |    1.5303     |    0.2645
Density calculation took 0.638064s
Tau required
   12     | -1691.1125434620 |   1.7866e-07   |    1.5305     |    0.2644
Density calculation took 0.637747s
Tau required
   13     | -1691.1125435032 |   2.6844e-08   |    1.5288     |    0.2656
Density calculation took 0.637824s
Tau required
   14     | -1691.1125435101 |   2.9094e-09   |    1.5303     |    0.2651
Density calculation took 0.637969s
Tau required
   15     | -1691.1125435107 |   1.0403e-09   |    1.5289     |    0.2644
Density calculation took 0.637614s
Tau required
   16     | -1691.1125435110 |   8.1649e-11   |    1.5292     |    0.2654
Please cite the following papers for the methods used in this calculation:
 - J.L. Galvez Vallejo et. al., Toward an extreme-scale electronic structure system, J. Chem. Phys., 2023. DOI: 10.1063/5.0156399

 - R. Stocks, E. Palethorpe, and G.M.J. Barca, Multi-GPU RI-HF Energies and Analytic Gradients ─ Toward High-Throughput Ab Initio Molecular Dynamics, J. Chem. Theory Comput., 2024. DOI: 10.1021/acs.jctc.4c00877
   For:
     * RI-HF energy

 - S. Lehtola, C. Steigemann, M.J.T. Oliveira, and M.A.L. Marques, Recent developments in Libxc: A comprehensive library of functionals for density functional theory, SoftwareX, 2018. DOI: 10.1016/j.softx.2017.11.002
   For:
     * LibXC version 6.2.0

 - D.B. Williams-Young, W.A. de Jong, H.J.J. van Dam, and C. Yang, On the Efficient Evaluation of the Exchange Correlation Potential on Graphics Processing Unit Clusters, Frontiers in Chemistry, 2020. DOI: 10.3389/fchem.2020.581058
   For:
     * ExchCXX GPU implementation of exchange-correlation functionals

 - R. Stocks and G.M.J. Barca, Efficient Algorithms for GPU Accelerated Evaluation of the DFT Exchange-Correlation Functional, J. Chem. Theory Comput., 2025. DOI: 10.1021/acs.jctc.5c01229
   For:
     * GPU accelerated DFT exchange-correlation evaluation

 - J. Sun, A. Ruzsinszky, and J. P. Perdew.,  Phys. Rev. Lett. 115, 036402 (2015) DOI: 10.1103/PhysRevLett.115.036402
   For:
     * MGGA_X_SCAN XC Functional
     * MGGA_C_SCAN XC Functional

[CRAYBLAS_WARNING] Application linked against multiple cray-libsci libraries
