Total number of grid points: 334864 (5773 per atom)
Density calculation took 0.484122s
Tau required
Density calculation took 0.463792s
Tau required
Density calculation took 0.443175s
Tau required
Density calculation took 0.444399s
Tau required
Density calculation took 0.444596s
Tau required
Density calculation took 0.444323s
Tau required
Density calculation took 0.444721s
Tau required
Density calculation took 0.445164s
Tau required
Density calculation took 0.445360s
Tau required
Density calculation took 0.444532s
Tau required
Density calculation took 0.445758s
Tau required
Density calculation took 0.444784s
Tau required
Density calculation took 0.445125s
Tau required
Density calculation took 0.445915s
Tau required
Density calculation took 0.446197s
Tau required
Density calculation took 0.446101s
Tau required
Total number of grid points: 334171 (5761 per atom)
Density calculation took 0.471512s
Tau required
Density calculation took 0.469930s
Tau required
Density calculation took 0.448926s
Tau required
Density calculation took 0.449214s
Tau required
Density calculation took 0.449083s
Tau required
Density calculation took 0.448481s
Tau required
Density calculation took 0.448949s
Tau required
Density calculation took 0.447555s
Tau required
Density calculation took 0.448737s
Tau required
Density calculation took 0.449538s
Tau required
Density calculation took 0.448947s
Tau required
Density calculation took 0.448975s
Tau required
Density calculation took 0.449255s
Tau required
Density calculation took 0.449496s
Tau required
Density calculation took 0.448994s
Tau required
Density calculation took 0.449738s
Tau required
Total number of grid points: 334300 (5763 per atom)
Density calculation took 0.468286s
Tau required
Density calculation took 0.468617s
Tau required
Density calculation took 0.447776s
Tau required
Density calculation took 0.448889s
Tau required
Density calculation took 0.447687s
Tau required
Density calculation took 0.449246s
Tau required
Density calculation took 0.447303s
Tau required
Density calculation took 0.448669s
Tau required
Density calculation took 0.447314s
Tau required
Density calculation took 0.449283s
Tau required
Density calculation took 0.448114s
Tau required
Density calculation took 0.448834s
Tau required
Density calculation took 0.448136s
Tau required
Density calculation took 0.449493s
Tau required
Density calculation took 0.448012s
Tau required
Density calculation took 0.449509s
Tau required
Density calculation took 0.448399s
Tau required
Total number of grid points: 334977 (5775 per atom)
Density calculation took 0.481969s
Tau required
Density calculation took 0.474128s
Tau required
Density calculation took 0.452068s
Tau required
Density calculation took 0.451377s
Tau required
Density calculation took 0.451168s
Tau required
Density calculation took 0.452384s
Tau required
Density calculation took 0.452331s
Tau required
Density calculation took 0.452349s
Tau required
Density calculation took 0.451743s
Tau required
Density calculation took 0.452507s
Tau required
Density calculation took 0.452232s
Tau required
Density calculation took 0.452466s
Tau required
Density calculation took 0.452270s
Tau required
Density calculation took 0.452577s
Tau required
Density calculation took 0.451761s
Tau required
Density calculation took 0.452062s
Tau required
Total number of grid points: 333862 (5756 per atom)
Density calculation took 0.478055s
Tau required
Density calculation took 0.470566s
Tau required
Density calculation took 0.448589s
Tau required
Density calculation took 0.448568s
Tau required
Density calculation took 0.449150s
Tau required
Density calculation took 0.449177s
Tau required
Density calculation took 0.449270s
Tau required
Density calculation took 0.449288s
Tau required
Density calculation took 0.449187s
Tau required
Density calculation took 0.449380s
Tau required
Density calculation took 0.449046s
Tau required
Density calculation took 0.448992s
Tau required
Density calculation took 0.449616s
Tau required
Density calculation took 0.449249s
Tau required
Density calculation took 0.449650s
Tau required
Density calculation took 0.449327s
Tau required
Total number of grid points: 335048 (5776 per atom)
Density calculation took 0.474724s
Tau required
Density calculation took 0.469644s
Tau required
Density calculation took 0.448769s
Tau required
Density calculation took 0.449600s
Tau required
Density calculation took 0.448998s
Tau required
Density calculation took 0.449714s
Tau required
Density calculation took 0.449145s
Tau required
Density calculation took 0.449671s
Tau required
Density calculation took 0.448938s
Tau required
Density calculation took 0.449749s
Tau required
Density calculation took 0.448865s
Tau required
Density calculation took 0.449899s
Tau required
Density calculation took 0.449276s
Tau required
Density calculation took 0.449876s
Tau required
Density calculation took 0.449395s
Tau required
Density calculation took 0.449971s
Tau required
Density calculation took 0.449561s
Tau required
Total number of grid points: 335285 (5780 per atom)
Density calculation took 0.476886s
Tau required
Density calculation took 0.464702s
Tau required
Density calculation took 0.443788s
Tau required
Density calculation took 0.443017s
Tau required
Density calculation took 0.443980s
Tau required
Density calculation took 0.443724s
Tau required
Density calculation took 0.444052s
Tau required
Density calculation took 0.443489s
Tau required
Density calculation took 0.443589s
Tau required
Density calculation took 0.443823s
Tau required
Density calculation took 0.444106s
Tau required
Density calculation took 0.443728s
Tau required
Density calculation took 0.443999s
Tau required
Density calculation took 0.443436s
Tau required
Density calculation took 0.443272s
Tau required
Density calculation took 0.443359s
Tau required
Total number of grid points: 334549 (5768 per atom)
Density calculation took 0.474214s
Tau required
Density calculation took 0.469484s
Tau required
Density calculation took 0.448072s
Tau required
Density calculation took 0.448545s
Tau required
Density calculation took 0.448953s
Tau required
Density calculation took 0.447891s
Tau required
Density calculation took 0.449085s
Tau required
Density calculation took 0.448529s
Tau required
Density calculation took 0.449010s
Tau required
Density calculation took 0.449113s
Tau required
Density calculation took 0.449325s
Tau required
Density calculation took 0.448657s
Tau required
Density calculation took 0.449192s
Tau required
Density calculation took 0.449179s
Tau required
Density calculation took 0.448105s
Tau required
Density calculation took 0.449052s
Tau required
Total number of grid points: 335134 (5778 per atom)
Density calculation took 0.475801s
Tau required
Density calculation took 0.464394s
Tau required
Density calculation took 0.444180s
Tau required
Density calculation took 0.444388s
Tau required
Density calculation took 0.444241s
Tau required
Density calculation took 0.444616s
Tau required
Density calculation took 0.444277s
Tau required
Density calculation took 0.444609s
Tau required
Density calculation took 0.444085s
Tau required
Density calculation took 0.444200s
Tau required
Density calculation took 0.444185s
Tau required
Density calculation took 0.444791s
Tau required
Density calculation took 0.444491s
Tau required
Density calculation took 0.444673s
Tau required
Density calculation took 0.444404s
Tau required
Density calculation took 0.444778s
Tau required
Total number of grid points: 334306 (5763 per atom)
Density calculation took 0.485769s
Tau required
Density calculation took 0.468753s
Tau required
Density calculation took 0.447198s
Tau required
Density calculation took 0.447061s
Tau required
Density calculation took 0.447445s
Tau required
Density calculation took 0.447379s
Tau required
Density calculation took 0.447556s
Tau required
Density calculation took 0.447499s
Tau required
Density calculation took 0.447433s
Tau required
Density calculation took 0.447273s
Tau required
Density calculation took 0.447270s
Tau required
Density calculation took 0.447502s
Tau required
Density calculation took 0.447424s
Tau required
Density calculation took 0.447394s
Tau required
Density calculation took 0.447796s
Tau required
Density calculation took 0.447566s
Tau required
Total number of grid points: 335527 (5784 per atom)
Density calculation took 0.476698s
Tau required
Density calculation took 0.483748s
Tau required
Density calculation took 0.449282s
Tau required
Density calculation took 0.448897s
Tau required
Density calculation took 0.449534s
Tau required
Density calculation took 0.449567s
Tau required
Density calculation took 0.448887s
Tau required
Density calculation took 0.449037s
Tau required
Density calculation took 0.449302s
Tau required
Density calculation took 0.448411s
Tau required
Density calculation took 0.448808s
Tau required
Density calculation took 0.449180s
Tau required
Density calculation took 0.449114s
Tau required
Density calculation took 0.449360s
Tau required
Density calculation took 0.449070s
Tau required
Density calculation took 0.449437s
Tau required
Total number of grid points: 335183 (5779 per atom)
Density calculation took 0.478361s
Tau required
Density calculation took 0.466272s
Tau required
Density calculation took 0.445526s
Tau required
Density calculation took 0.445318s
Tau required
Density calculation took 0.445653s
Tau required
Density calculation took 0.446064s
Tau required
Density calculation took 0.444961s
Tau required
Density calculation took 0.445874s
Tau required
Density calculation took 0.445645s
Tau required
Density calculation took 0.446034s
Tau required
Density calculation took 0.445108s
Tau required
Density calculation took 0.446045s
Tau required
Density calculation took 0.445591s
Tau required
Density calculation took 0.445982s
Tau required
Density calculation took 0.445227s
Tau required
Density calculation took 0.445979s
Tau required
Total number of grid points: 335582 (5785 per atom)
Density calculation took 0.475204s
Tau required
Density calculation took 0.469846s
Tau required
Density calculation took 0.448114s
Tau required
Density calculation took 0.447915s
Tau required
Density calculation took 0.448293s
Tau required
Density calculation took 0.448389s
Tau required
Density calculation took 0.448220s
Tau required
Density calculation took 0.448209s
Tau required
Density calculation took 0.447839s
Tau required
Density calculation took 0.448406s
Tau required
Density calculation took 0.448226s
Tau required
Density calculation took 0.448420s
Tau required
Density calculation took 0.448336s
Tau required
Density calculation took 0.448475s
Tau required
Density calculation took 0.448371s
Tau required
Density calculation took 0.448506s
Tau required
Total number of grid points: 346239 (5770 per atom)
Density calculation took 0.507639s
Tau required
Density calculation took 0.519024s
Tau required
Density calculation took 0.499749s
Tau required
Density calculation took 0.499971s
Tau required
Density calculation took 0.499809s
Tau required
Density calculation took 0.499960s
Tau required
Density calculation took 0.499596s
Tau required
Density calculation took 0.499910s
Tau required
Density calculation took 0.500039s
Tau required
Density calculation took 0.500062s
Tau required
Density calculation took 0.499862s
Tau required
Density calculation took 0.499810s
Tau required
Density calculation took 0.500025s
Tau required
Density calculation took 0.499967s
Tau required
Density calculation took 0.500001s
Tau required
Density calculation took 0.500077s
Tau required
Density calculation took 0.500175s
Tau required
Density calculation took 0.499943s
Tau required
Density calculation took 0.500032s
Tau required
Total number of grid points: 347088 (5784 per atom)
Density calculation took 0.509489s
Tau required
Density calculation took 0.519374s
Tau required
Density calculation took 0.499839s
Tau required
Density calculation took 0.499535s
Tau required
Density calculation took 0.499842s
Tau required
Density calculation took 0.499904s
Tau required
Density calculation took 0.499835s
Tau required
Density calculation took 0.499909s
Tau required
Density calculation took 0.500347s
Tau required
Density calculation took 0.500119s
Tau required
Density calculation took 0.500120s
Tau required
Density calculation took 0.499888s
Tau required
Density calculation took 0.500272s
Tau required
Density calculation took 0.499618s
Tau required
Density calculation took 0.499944s
Tau required
Density calculation took 0.499659s
Tau required
Density calculation took 0.499719s
Tau required
Density calculation took 0.500278s
Tau required
Total number of grid points: 346555 (5775 per atom)
Density calculation took 0.505285s
Tau required
Density calculation took 0.525271s
Tau required
Density calculation took 0.505121s
Tau required
Density calculation took 0.505032s
Tau required
Density calculation took 0.505068s
Tau required
Density calculation took 0.504938s
Tau required
Density calculation took 0.505529s
Tau required
Density calculation took 0.505149s
Tau required
Density calculation took 0.505564s
Tau required
Density calculation took 0.504864s
Tau required
Density calculation took 0.505495s
Tau required
Density calculation took 0.505069s
Tau required
Density calculation took 0.505619s
Tau required
Density calculation took 0.505343s
Tau required
Density calculation took 0.505235s
Tau required
Density calculation took 0.505119s
Tau required
Density calculation took 0.505151s
Tau required
Density calculation took 0.505618s
Tau required
Total number of grid points: 346219 (5770 per atom)
Density calculation took 0.505283s
Tau required
Density calculation took 0.521833s
Tau required
Density calculation took 0.501526s
Tau required
Density calculation took 0.501385s
Tau required
Density calculation took 0.501071s
Tau required
Density calculation took 0.501860s
Tau required
Density calculation took 0.501824s
Tau required
Density calculation took 0.501814s
Tau required
Density calculation took 0.501701s
Tau required
Density calculation took 0.501538s
Tau required
Density calculation took 0.501952s
Tau required
Density calculation took 0.501733s
Tau required
Density calculation took 0.501846s
Tau required
Density calculation took 0.502028s
Tau required
Density calculation took 0.501947s
Tau required
Density calculation took 0.502114s
Tau required
Density calculation took 0.501956s
Tau required
Density calculation took 0.501830s
Tau required
Total number of grid points: 345541 (5759 per atom)
Density calculation took 0.506379s
Tau required
Density calculation took 0.522915s
Tau required
Density calculation took 0.502983s
Tau required
Density calculation took 0.503477s
Tau required
Density calculation took 0.503006s
Tau required
Density calculation took 0.503798s
Tau required
Density calculation took 0.502946s
Tau required
Density calculation took 0.503778s
Tau required
Density calculation took 0.503425s
Tau required
Density calculation took 0.503792s
Tau required
Density calculation took 0.503451s
Tau required
Density calculation took 0.504062s
Tau required
Density calculation took 0.503286s
Tau required
Density calculation took 0.503844s
Tau required
Density calculation took 0.503344s
Tau required
Density calculation took 0.503463s
Tau required
Density calculation took 0.503659s
Tau required
Density calculation took 0.504087s
Tau required
Total number of grid points: 346288 (5771 per atom)
Density calculation took 0.506917s
Tau required
Density calculation took 0.526252s
Tau required
Density calculation took 0.504397s
Tau required
Density calculation took 0.504597s
Tau required
Density calculation took 0.504196s
Tau required
Density calculation took 0.504526s
Tau required
Density calculation took 0.504215s
Tau required
Density calculation took 0.504216s
Tau required
Density calculation took 0.503517s
Tau required
Density calculation took 0.504333s
Tau required
Density calculation took 0.504242s
Tau required
Density calculation took 0.504631s
Tau required
Density calculation took 0.503854s
Tau required
Density calculation took 0.504617s
Tau required
Density calculation took 0.503877s
Tau required
Density calculation took 0.504530s
Tau required
Total number of grid points: 346229 (5770 per atom)
Density calculation took 0.513903s
Tau required
Density calculation took 0.521775s
Tau required
Density calculation took 0.500848s
Tau required
Density calculation took 0.500478s
Tau required
Density calculation took 0.499663s
Tau required
Density calculation took 0.500244s
Tau required
Density calculation took 0.499787s
Tau required
Density calculation took 0.499169s
Tau required
Density calculation took 0.499973s
Tau required
Density calculation took 0.500028s
Tau required
Density calculation took 0.499869s
Tau required
Density calculation took 0.499411s
Tau required
Density calculation took 0.499646s
Tau required
Density calculation took 0.499926s
Tau required
Density calculation took 0.499820s
Tau required
Density calculation took 0.499446s
Tau required
Density calculation took 0.499578s
Tau required
Density calculation took 0.499641s
Tau required
[CRAYBLAS_WARNING] Application linked against multiple cray-libsci libraries


=======================================================
        MGGA_X_SCAN+MGGA_C_SCAN Energy Results         
=======================================================
E MGGA_X_SCAN+MGGA_C_SCAN: -1460.09211297
Nuclear Repulsion Energy: 3657.39931172
Electronic Energy:        -4903.67001277
XC Energy:                -213.821412
Converged:                1
# of SCF iterations:      16
SCF Time:                 20.815s

=======================================================
            Individual Calculation Summary             
=======================================================
HF Energy: -1460.0921129662990552
=======================================================


Topology 9 time: 20.971545 s, performance: SP: 0 FLOP/s, DP: 31.81 TFLOP/s
JSON file written to: json_logs/lustre_orion_chm213_scratch_ryan_dhdft_inputs_exess_exess_inputs_SCAN_def2-TZVP_isomers_3980-3999_topology_9.json
************************************************************
**************** Running topology 11 of 20 *****************
************************************************************

************************************************************
******* Beginning RI-MGGA_X_SCAN+MGGA_C_SCAN energy ********
************************************************************

=======================================================
        MGGA_X_SCAN+MGGA_C_SCAN Energy Results         
=======================================================
E MGGA_X_SCAN+MGGA_C_SCAN: -1460.08393307
Nuclear Repulsion Energy: 3720.23311273
Electronic Energy:        -4966.49488348
XC Energy:                -213.822162
Converged:                1
# of SCF iterations:      16
SCF Time:                 21.545s

=======================================================
            Individual Calculation Summary             
=======================================================
HF Energy: -1460.0839330735595922
=======================================================


Topology 10 time: 21.707284 s, performance: SP: 0 FLOP/s, DP: 30.68 TFLOP/s
JSON file written to: json_logs/lustre_orion_chm213_scratch_ryan_dhdft_inputs_exess_exess_inputs_SCAN_def2-TZVP_isomers_3980-3999_topology_10.json
************************************************************
**************** Running topology 12 of 20 *****************
************************************************************

************************************************************
******* Beginning RI-MGGA_X_SCAN+MGGA_C_SCAN energy ********
************************************************************

=======================================================
        MGGA_X_SCAN+MGGA_C_SCAN Energy Results         
=======================================================
E MGGA_X_SCAN+MGGA_C_SCAN: -1460.10417978
Nuclear Repulsion Energy: 3561.21942348
Electronic Energy:        -4807.50396386
XC Energy:                -213.819639
Converged:                1
# of SCF iterations:      16
SCF Time:                 20.578s

=======================================================
            Individual Calculation Summary             
=======================================================
HF Energy: -1460.1041797798616244
=======================================================


Topology 11 time: 20.726777 s, performance: SP: 0 FLOP/s, DP: 32.22 TFLOP/s
JSON file written to: json_logs/lustre_orion_chm213_scratch_ryan_dhdft_inputs_exess_exess_inputs_SCAN_def2-TZVP_isomers_3980-3999_topology_11.json
************************************************************
**************** Running topology 13 of 20 *****************
************************************************************

************************************************************
******* Beginning RI-MGGA_X_SCAN+MGGA_C_SCAN energy ********
************************************************************

=======================================================
        MGGA_X_SCAN+MGGA_C_SCAN Energy Results         
=======================================================
E MGGA_X_SCAN+MGGA_C_SCAN: -1460.08555891
Nuclear Repulsion Energy: 3605.64198088
Electronic Energy:        -4851.90869833
XC Energy:                -213.818841
Converged:                1
# of SCF iterations:      16
SCF Time:                 20.746s

=======================================================
            Individual Calculation Summary             
=======================================================
HF Energy: -1460.0855589107866308
=======================================================


Topology 12 time: 20.898953 s, performance: SP: 0 FLOP/s, DP: 31.94 TFLOP/s
JSON file written to: json_logs/lustre_orion_chm213_scratch_ryan_dhdft_inputs_exess_exess_inputs_SCAN_def2-TZVP_isomers_3980-3999_topology_12.json
************************************************************
**************** Running topology 14 of 20 *****************
************************************************************

************************************************************
******* Beginning RI-MGGA_X_SCAN+MGGA_C_SCAN energy ********
************************************************************

=======================================================
        MGGA_X_SCAN+MGGA_C_SCAN Energy Results         
=======================================================
E MGGA_X_SCAN+MGGA_C_SCAN: -1536.31570364
Nuclear Repulsion Energy: 4012.68454045
Electronic Energy:        -5324.29919279
XC Energy:                -224.701051
Converged:                1
# of SCF iterations:      19
SCF Time:                 26.936s

=======================================================
            Individual Calculation Summary             
=======================================================
HF Energy: -1536.3157036433610756
=======================================================


Topology 13 time: 27.087788 s, performance: SP: 0 FLOP/s, DP: 32.88 TFLOP/s
JSON file written to: json_logs/lustre_orion_chm213_scratch_ryan_dhdft_inputs_exess_exess_inputs_SCAN_def2-TZVP_isomers_3980-3999_topology_13.json
************************************************************
**************** Running topology 15 of 20 *****************
************************************************************

************************************************************
******* Beginning RI-MGGA_X_SCAN+MGGA_C_SCAN energy ********
************************************************************

=======================================================
        MGGA_X_SCAN+MGGA_C_SCAN Energy Results         
=======================================================
E MGGA_X_SCAN+MGGA_C_SCAN: -1536.32423427
Nuclear Repulsion Energy: 3938.96554827
Electronic Energy:        -5250.58773951
XC Energy:                -224.702043
Converged:                1
# of SCF iterations:      18
SCF Time:                 25.627s

=======================================================
            Individual Calculation Summary             
=======================================================
HF Energy: -1536.3242342698590619
=======================================================


Topology 14 time: 25.796537 s, performance: SP: 0 FLOP/s, DP: 32.83 TFLOP/s
JSON file written to: json_logs/lustre_orion_chm213_scratch_ryan_dhdft_inputs_exess_exess_inputs_SCAN_def2-TZVP_isomers_3980-3999_topology_14.json
************************************************************
**************** Running topology 16 of 20 *****************
************************************************************

************************************************************
******* Beginning RI-MGGA_X_SCAN+MGGA_C_SCAN energy ********
************************************************************

=======================================================
        MGGA_X_SCAN+MGGA_C_SCAN Energy Results         
=======================================================
E MGGA_X_SCAN+MGGA_C_SCAN: -1536.31614229
Nuclear Repulsion Energy: 3969.80545733
Electronic Energy:        -5281.42044408
XC Energy:                -224.701156
Converged:                1
# of SCF iterations:      18
SCF Time:                 25.223s

=======================================================
            Individual Calculation Summary             
=======================================================
HF Energy: -1536.3161422876928555
=======================================================


Topology 15 time: 25.395465 s, performance: SP: 0 FLOP/s, DP: 33.34 TFLOP/s
JSON file written to: json_logs/lustre_orion_chm213_scratch_ryan_dhdft_inputs_exess_exess_inputs_SCAN_def2-TZVP_isomers_3980-3999_topology_15.json
************************************************************
**************** Running topology 17 of 20 *****************
************************************************************

************************************************************
******* Beginning RI-MGGA_X_SCAN+MGGA_C_SCAN energy ********
************************************************************

=======================================================
        MGGA_X_SCAN+MGGA_C_SCAN Energy Results         
=======================================================
E MGGA_X_SCAN+MGGA_C_SCAN: -1536.32404613
Nuclear Repulsion Energy: 3961.6205455
Electronic Energy:        -5273.2425519
XC Energy:                -224.702040
Converged:                1
# of SCF iterations:      18
SCF Time:                 25.601s

=======================================================
            Individual Calculation Summary             
=======================================================
HF Energy: -1536.3240461309810598
=======================================================


Topology 16 time: 25.771383 s, performance: SP: 0 FLOP/s, DP: 32.87 TFLOP/s
JSON file written to: json_logs/lustre_orion_chm213_scratch_ryan_dhdft_inputs_exess_exess_inputs_SCAN_def2-TZVP_isomers_3980-3999_topology_16.json
************************************************************
**************** Running topology 18 of 20 *****************
************************************************************

************************************************************
******* Beginning RI-MGGA_X_SCAN+MGGA_C_SCAN energy ********
************************************************************

=======================================================
        MGGA_X_SCAN+MGGA_C_SCAN Energy Results         
=======================================================
E MGGA_X_SCAN+MGGA_C_SCAN: -1536.31608711
Nuclear Repulsion Energy: 3981.79402287
Electronic Energy:        -5293.40888691
XC Energy:                -224.701223
Converged:                1
# of SCF iterations:      18
SCF Time:                 25.187s

=======================================================
            Individual Calculation Summary             
=======================================================
HF Energy: -1536.3160871119559943
=======================================================


Topology 17 time: 25.361874 s, performance: SP: 0 FLOP/s, DP: 33.4 TFLOP/s
JSON file written to: json_logs/lustre_orion_chm213_scratch_ryan_dhdft_inputs_exess_exess_inputs_SCAN_def2-TZVP_isomers_3980-3999_topology_17.json
************************************************************
**************** Running topology 19 of 20 *****************
************************************************************

************************************************************
******* Beginning RI-MGGA_X_SCAN+MGGA_C_SCAN energy ********
************************************************************

=======================================================
        MGGA_X_SCAN+MGGA_C_SCAN Energy Results         
=======================================================
E MGGA_X_SCAN+MGGA_C_SCAN: -1536.32569766
Nuclear Repulsion Energy: 3978.08804219
Electronic Energy:        -5289.70993359
XC Energy:                -224.703806
Converged:                1
# of SCF iterations:      16
SCF Time:                 22.796s

=======================================================
            Individual Calculation Summary             
=======================================================
HF Energy: -1536.3256976594175285
=======================================================


Topology 18 time: 22.969191 s, performance: SP: 0 FLOP/s, DP: 33.03 TFLOP/s
JSON file written to: json_logs/lustre_orion_chm213_scratch_ryan_dhdft_inputs_exess_exess_inputs_SCAN_def2-TZVP_isomers_3980-3999_topology_18.json
************************************************************
**************** Running topology 20 of 20 *****************
************************************************************

************************************************************
******* Beginning RI-MGGA_X_SCAN+MGGA_C_SCAN energy ********
************************************************************

=======================================================
        MGGA_X_SCAN+MGGA_C_SCAN Energy Results         
=======================================================
E MGGA_X_SCAN+MGGA_C_SCAN: -1536.32339594
Nuclear Repulsion Energy: 3963.22174417
Electronic Energy:        -5274.84277343
XC Energy:                -224.702367
Converged:                1
# of SCF iterations:      18
SCF Time:                 25.27s

=======================================================
            Individual Calculation Summary             
=======================================================
HF Energy: -1536.3233959395770398
=======================================================


Topology 19 time: 25.443651 s, performance: SP: 0 FLOP/s, DP: 33.28 TFLOP/s
JSON file written to: json_logs/lustre_orion_chm213_scratch_ryan_dhdft_inputs_exess_exess_inputs_SCAN_def2-TZVP_isomers_3980-3999_topology_19.json
Total flops: SP: 0 FLOPS, DP: 14.630699 PFLOPS
Performance: SP: 0 FLOP/s, DP: 31.64 TFLOP/s

Now, a word from our sponsors... 
 Muchos años después, frente al pelotón de fusilamiento, el coronel Aureliano Buendía 
 había de recordar aquella lejana tarde en la que su padre lo llevó a conocer el hielo.
 (Gabriel García Márquez)

[31mTotal processing time 462.635566 seconds[0m
[CRAYBLAS_WARNING] Application linked against multiple cray-libsci libraries
0.9842     |    0.1799
Density calculation took 0.438758s
Tau required
   15     | -1460.0855589107 |   4.8652e-10   |    0.9850     |    0.1785
Density calculation took 0.438762s
Tau required
   16     | -1460.0855589108 |   4.9804e-11   |    0.9855     |    0.1797
Created 652104 / 2433600 significant shell pairs
Created 505349 / 1849600 significant shell pairs
Total number of grid points: 346077 (5767 per atom)
One electron integrals and orthogonalizer took 0.048211s
Created 505349 / 1849600 significant shell pairs
3C integrals and B formation took 1.696058s
Iteration |      Energy      |  DIIS Metric   | Fock Time (s) | DIIS Time (s)
----------+------------------+----------------+---------------+--------------
Density calculation took 0.504497s
Tau required
    1     | -1546.3066457422 |   9.6979e+02   |    1.3223     |    0.2714
Density calculation took 0.514209s
Tau required
    2     | -1535.6401442724 |   2.3840e+00   |    1.0975     |    0.1990
Density calculation took 0.493621s
Tau required
    3     | -1535.5674155054 |   2.8002e+00   |    1.0779     |    0.2701
Density calculation took 0.493417s
Tau required
    4     | -1536.2845380647 |   9.9567e-02   |    1.0764     |    0.2004
Density calculation took 0.493591s
Tau required
    5     | -1536.2872766544 |   7.5751e-02   |    1.0768     |    0.2700
Density calculation took 0.493278s
Tau required
    6     | -1536.3114929239 |   1.1816e-02   |    1.0769     |    0.2003
Density calculation took 0.493594s
Tau required
    7     | -1536.3153106604 |   1.2041e-03   |    1.0753     |    0.2674
Density calculation took 0.494714s
Tau required
    8     | -1536.3155875391 |   3.9993e-04   |    1.0746     |    0.1976
Density calculation took 0.493815s
Tau required
    9     | -1536.3156918510 |   3.9283e-05   |    1.0739     |    0.2724
Density calculation took 0.493268s
Tau required
   10     | -1536.3157020645 |   5.5397e-06   |    1.0738     |    0.2050
Density calculation took 0.494395s
Tau required
   11     | -1536.3157033788 |   9.5881e-07   |    1.0750     |    0.2696
Density calculation took 0.493828s
Tau required
   12     | -1536.3157035918 |   1.6960e-07   |    1.0741     |    0.2017
Density calculation took 0.493989s
Tau required
   13     | -1536.3157036302 |   4.4666e-08   |    1.0743     |    0.1991
Density calculation took 0.494889s
Tau required
   14     | -1536.3157036377 |   1.8255e-08   |    1.0753     |    0.1995
Density calculation took 0.494620s
Tau required
   15     | -1536.3157036425 |   2.3412e-09   |    1.0741     |    0.2014
Density calculation took 0.494511s
Tau required
   16     | -1536.3157036431 |   8.6451e-10   |    1.0750     |    0.2011
Density calculation took 0.494473s
Tau required
   17     | -1536.3157036433 |   1.4754e-10   |    1.0742     |    0.1974
Density calculation took 0.494870s
Tau required
   18     | -1536.3157036433 |   1.5184e-10   |    1.0743     |    0.1981
Density calculation took 0.494939s
Tau required
   19     | -1536.3157036434 |   1.2810e-11   |    1.0737     |    0.1987
Created 631218 / 2433600 significant shell pairs
Created 488293 / 1849600 significant shell pairs
Total number of grid points: 345703 (5761 per atom)
One electron integrals and orthogonalizer took 0.043667s
Created 488293 / 1849600 significant shell pairs
3C integrals and B formation took 1.684140s
Iteration |      Energy      |  DIIS Metric   | Fock Time (s) | DIIS Time (s)
----------+------------------+----------------+---------------+--------------
Density calculation took 0.504411s
Tau required
    1     | -1546.3086236572 |   9.6810e+02   |    1.3062     |    0.2426
Density calculation took 0.514808s
Tau required
    2     | -1535.6458723768 |   2.4054e+00   |    1.0960     |    0.2675
Density calculation took 0.493957s
Tau required
    3     | -1535.5709115012 |   2.8478e+00   |    1.0767     |    0.2682
Density calculation took 0.493751s
Tau required
    4     | -1536.3043378916 |   7.5089e-02   |    1.0750     |    0.2680
Density calculation took 0.493559s
Tau required
    5     | -1536.3182075118 |   2.1385e-02   |    1.0752     |    0.2693
Density calculation took 0.493700s
Tau required
    6     | -1536.3224736498 |   4.9283e-03   |    1.0749     |    0.2698
Density calculation took 0.493373s
Tau required
    7     | -1536.3235298372 |   1.8411e-03   |    1.0765     |    0.2711
Density calculation took 0.493425s
Tau required
    8     | -1536.3241228381 |   3.5454e-04   |    1.0733     |    0.1989
Density calculation took 0.494098s
Tau required
    9     | -1536.3242292697 |   1.7048e-05   |    1.0762     |    0.1986
Density calculation took 0.494043s
Tau required
   10     | -1536.3242327243 |   5.2853e-06   |    1.0736     |    0.1987
Density calculation took 0.494589s
Tau required
   11     | -1536.3242340933 |   5.9143e-07   |    1.0748     |    0.1987
Density calculation took 0.494456s
Tau required
   12     | -1536.3242342251 |   1.5743e-07   |    1.0744     |    0.1989
Density calculation took 0.494104s
Tau required
   13     | -1536.3242342610 |   2.9173e-08   |    1.0742     |    0.1997
Density calculation took 0.494363s
Tau required
   14     | -1536.3242342691 |   2.5793e-09   |    1.0732     |    0.1988
Density calculation took 0.494515s
Tau required
   15     | -1536.3242342695 |   1.1337e-09   |    1.0760     |    0.1979
Density calculation took 0.494487s
Tau required
   16     | -1536.3242342698 |   1.6851e-10   |    1.0743     |    0.1986
Density calculation took 0.495000s
Tau required
   17     | -1536.3242342698 |   1.4497e-10   |    1.0752     |    0.1981
Density calculation took 0.494635s
Tau required
   18     | -1536.3242342699 |   5.1180e-11   |    1.0769     |    0.1994
Created 639620 / 2433600 significant shell pairs
Created 494956 / 1849600 significant shell pairs
Total number of grid points: 345849 (5764 per atom)
One electron integrals and orthogonalizer took 0.043481s
Created 494956 / 1849600 significant shell pairs
3C integrals and B formation took 1.694452s
Iteration |      Energy      |  DIIS Metric   | Fock Time (s) | DIIS Time (s)
----------+------------------+----------------+---------------+--------------
Density calculation took 0.497011s
Tau required
    1     | -1546.3061015204 |   9.6967e+02   |    1.3046     |    0.2255
Density calculation took 0.510058s
Tau required
    2     | -1535.6394741944 |   2.3896e+00   |    1.0943     |    0.2025
Density calculation took 0.488230s
Tau required
    3     | -1535.5670943379 |   2.8156e+00   |    1.0758     |    0.2024
Density calculation took 0.488365s
Tau required
    4     | -1536.2928719053 |   8.3320e-02   |    1.0739     |    0.2032
Density calculation took 0.489070s
Tau required
    5     | -1536.3032123490 |   3.8914e-02   |    1.0755     |    0.2035
Density calculation took 0.488134s
Tau required
    6     | -1536.3118448976 |   1.1504e-02   |    1.0729     |    0.2057
Density calculation took 0.488871s
Tau required
    7     | -1536.3156620360 |   1.3723e-03   |    1.0769     |    0.2051
Density calculation took 0.488843s
Tau required
    8     | -1536.3160196821 |   4.0682e-04   |    1.0735     |    0.1987
Density calculation took 0.488934s
Tau required
    9     | -1536.3161339437 |   2.7230e-05   |    1.0773     |    0.1979
Density calculation took 0.488455s
Tau required
   10     | -1536.3161409707 |   4.5287e-06   |    1.0724     |    0.1991
Density calculation took 0.488969s
Tau required
   11     | -1536.3161420828 |   7.3471e-07   |    1.0761     |    0.1986
Density calculation took 0.488838s
Tau required
   12     | -1536.3161422339 |   1.7525e-07   |    1.0733     |    0.1984
Density calculation took 0.489189s
Tau required
   13     | -1536.3161422743 |   4.5624e-08   |    1.0775     |    0.1981
Density calculation took 0.489123s
Tau required
   14     | -1536.3161422866 |   3.4138e-09   |    1.0729     |    0.1984
Density calculation took 0.489686s
Tau required
   15     | -1536.3161422872 |   1.4363e-09   |    1.0766     |    0.2002
Density calculation took 0.489174s
Tau required
   16     | -1536.3161422877 |   1.7135e-10   |    1.0737     |    0.1992
Density calculation took 0.489572s
Tau required
   17     | -1536.3161422877 |   1.4643e-10   |    1.0764     |    0.1986
Density calculation took 0.488966s
Tau required
   18     | -1536.3161422877 |   6.1689e-11   |    1.0734     |    0.1986
Created 636049 / 2433600 significant shell pairs
Created 492346 / 1849600 significant shell pairs
Total number of grid points: 347718 (5795 per atom)
One electron integrals and orthogonalizer took 0.043547s
Created 492346 / 1849600 significant shell pairs
3C integrals and B formation took 1.693657s
Iteration |      Energy      |  DIIS Metric   | Fock Time (s) | DIIS Time (s)
----------+------------------+----------------+---------------+--------------
Density calculation took 0.510169s
Tau required
    1     | -1546.3089220703 |   9.6827e+02   |    1.3197     |    0.2425
Density calculation took 0.521776s
Tau required
    2     | -1535.6457447829 |   2.4039e+00   |    1.0940     |    0.2669
Density calculation took 0.500507s
Tau required
    3     | -1535.5709403794 |   2.8435e+00   |    1.0736     |    0.2680
Density calculation took 0.500215s
Tau required
    4     | -1536.3029333636 |   7.8696e-02   |    1.0715     |    0.2675
Density calculation took 0.500290s
Tau required
    5     | -1536.3152324303 |   2.9661e-02   |    1.0721     |    0.2685
Density calculation took 0.500645s
Tau required
    6     | -1536.3217184899 |   6.5595e-03   |    1.0724     |    0.2689
Density calculation took 0.500103s
Tau required
    7     | -1536.3234462814 |   1.5891e-03   |    1.0720     |    0.2700
Density calculation took 0.500263s
Tau required
    8     | -1536.3238717273 |   5.1826e-04   |    1.0730     |    0.1985
Density calculation took 0.499981s
Tau required
    9     | -1536.3240370278 |   2.9669e-05   |    1.0713     |    0.1988
Density calculation took 0.500347s
Tau required
   10     | -1536.3240449711 |   4.0003e-06   |    1.0733     |    0.1989
Density calculation took 0.500422s
Tau required
   11     | -1536.3240460195 |   3.7855e-07   |    1.0715     |    0.1991
Density calculation took 0.500145s
Tau required
   12     | -1536.3240460949 |   1.2399e-07   |    1.0721     |    0.1986
Density calculation took 0.500388s
Tau required
   13     | -1536.3240461264 |   1.5777e-08   |    1.0720     |    0.1986
Density calculation took 0.500127s
Tau required
   14     | -1536.3240461304 |   2.1670e-09   |    1.0722     |    0.1984
Density calculation took 0.500485s
Tau required
   15     | -1536.3240461308 |   7.7095e-10   |    1.0730     |    0.2022
Density calculation took 0.501004s
Tau required
   16     | -1536.3240461309 |   2.0534e-10   |    1.0736     |    0.1989
Density calculation took 0.500617s
Tau required
   17     | -1536.3240461310 |   1.1122e-10   |    1.0732     |    0.1989
Density calculation took 0.501189s
Tau required
   18     | -1536.3240461310 |   6.0855e-11   |    1.0728     |    0.1986
Created 642102 / 2433600 significant shell pairs
Created 497029 / 1849600 significant shell pairs
Total number of grid points: 346314 (5771 per atom)
One electron integrals and orthogonalizer took 0.043613s
Created 497029 / 1849600 significant shell pairs
3C integrals and B formation took 1.696570s
Iteration |      Energy      |  DIIS Metric   | Fock Time (s) | DIIS Time (s)
----------+------------------+----------------+---------------+--------------
Density calculation took 0.501966s
Tau required
    1     | -1546.3059949508 |   9.6966e+02   |    1.3152     |    0.2259
Density calculation took 0.514720s
Tau required
    2     | -1535.6394518599 |   2.3892e+00   |    1.0917     |    0.1951
Density calculation took 0.493375s
Tau required
    3     | -1535.5679506061 |   2.8117e+00   |    1.0740     |    0.2034
Density calculation took 0.493231s
Tau required
    4     | -1536.2920454726 |   8.5794e-02   |    1.0733     |    0.1995
Density calculation took 0.493264s
Tau required
    5     | -1536.3016896865 |   4.3426e-02   |    1.0744     |    0.2066
Density calculation took 0.493111s
Tau required
    6     | -1536.3125180134 |   9.6953e-03   |    1.0728     |    0.1979
Density calculation took 0.493314s
Tau required
    7     | -1536.3154946582 |   1.6519e-03   |    1.0720     |    0.2060
Density calculation took 0.493634s
Tau required
    8     | -1536.3159481173 |   4.4794e-04   |    1.0715     |    0.2026
Density calculation took 0.493349s
Tau required
    9     | -1536.3160781877 |   2.8822e-05   |    1.0722     |    0.1999
Density calculation took 0.493891s
Tau required
   10     | -1536.3160854679 |   5.4199e-06   |    1.0735     |    0.2017
Density calculation took 0.493815s
Tau required
   11     | -1536.3160869043 |   7.2618e-07   |    1.0731     |    0.1987
Density calculation took 0.494086s
Tau required
   12     | -1536.3160870518 |   1.9531e-07   |    1.0735     |    0.1982
Density calculation took 0.493820s
Tau required
   13     | -1536.3160871004 |   3.9776e-08   |    1.0732     |    0.1990
Density calculation took 0.494297s
Tau required
   14     | -1536.3160871107 |   4.0984e-09   |    1.0724     |    0.1977
Density calculation took 0.494277s
Tau required
   15     | -1536.3160871114 |   1.8444e-09   |    1.0715     |    0.1977
Density calculation took 0.494413s
Tau required
   16     | -1536.3160871119 |   1.8014e-10   |    1.0734     |    0.1975
Density calculation took 0.494194s
Tau required
   17     | -1536.3160871119 |   1.1448e-10   |    1.0717     |    0.1984
Density calculation took 0.494011s
Tau required
   18     | -1536.3160871120 |   4.6787e-11   |    1.0738     |    0.1969
Created 641770 / 2433600 significant shell pairs
Created 497132 / 1849600 significant shell pairs
Total number of grid points: 346716 (5778 per atom)
One electron integrals and orthogonalizer took 0.043688s
Created 497132 / 1849600 significant shell pairs
3C integrals and B formation took 1.694991s
Iteration |      Energy      |  DIIS Metric   | Fock Time (s) | DIIS Time (s)
----------+------------------+----------------+---------------+--------------
Density calculation took 0.482075s
Tau required
    1     | -1546.3124053982 |   9.6871e+02   |    1.3125     |    0.2240
Density calculation took 0.505132s
Tau required
    2     | -1535.6461379637 |   2.4096e+00   |    1.1031     |    0.1950
Density calculation took 0.482850s
Tau required
    3     | -1535.5665637396 |   2.8773e+00   |    1.0834     |    0.2077
Density calculation took 0.482812s
Tau required
    4     | -1536.3062071269 |   7.4515e-02   |    1.0845     |    0.1971
Density calculation took 0.482925s
Tau required
    5     | -1536.3199582038 |   1.9628e-02   |    1.0807     |    0.2049
Density calculation took 0.482992s
Tau required
    6     | -1536.3244382323 |   3.8789e-03   |    1.0836     |    0.1982
Density calculation took 0.482940s
Tau required
    7     | -1536.3254164296 |   8.6722e-04   |    1.0818     |    0.2068
Density calculation took 0.483054s
Tau required
    8     | -1536.3256295426 |   2.1096e-04   |    1.0838     |    0.1995
Density calculation took 0.482953s
Tau required
    9     | -1536.3256899772 |   2.3411e-05   |    1.0798     |    0.1990
Density calculation took 0.483190s
Tau required
   10     | -1536.3256962506 |   4.6856e-06   |    1.0838     |    0.1998
Density calculation took 0.482918s
Tau required
   11     | -1536.3256975557 |   3.7244e-07   |    1.0812     |    0.1999
Density calculation took 0.483006s
Tau required
   12     | -1536.3256976233 |   1.2545e-07   |    1.0840     |    0.1994
Density calculation took 0.483215s
Tau required
   13     | -1536.3256976549 |   1.5476e-08   |    1.0814     |    0.1991
Density calculation took 0.483390s
Tau required
   14     | -1536.3256976588 |   1.9176e-09   |    1.0836     |    0.2001
Density calculation took 0.483304s
Tau required
   15     | -1536.3256976592 |   7.2034e-10   |    1.0808     |    0.1992
Density calculation took 0.483187s
Tau required
   16     | -1536.3256976594 |   8.5509e-11   |    1.0851     |    0.2029
Created 635074 / 2433600 significant shell pairs
Created 491824 / 1849600 significant shell pairs
Total number of grid points: 346603 (5776 per atom)
One electron integrals and orthogonalizer took 0.044052s
Created 491824 / 1849600 significant shell pairs
3C integrals and B formation took 1.684147s
Iteration |      Energy      |  DIIS Metric   | Fock Time (s) | DIIS Time (s)
----------+------------------+----------------+---------------+--------------
Density calculation took 0.500342s
Tau required
    1     | -1546.3084974455 |   9.6790e+02   |    1.3273     |    0.2265
Density calculation took 0.511565s
Tau required
    2     | -1535.6454815123 |   2.4054e+00   |    1.0984     |    0.1960
Density calculation took 0.491135s
Tau required
    3     | -1535.5724433153 |   2.8380e+00   |    1.0781     |    0.2058
Density calculation took 0.491728s
Tau required
    4     | -1536.3026998449 |   7.5678e-02   |    1.0767     |    0.1961
Density calculation took 0.490769s
Tau required
    5     | -1536.3154532697 |   2.6027e-02   |    1.0768     |    0.2051
Density calculation took 0.491059s
Tau required
    6     | -1536.3208410034 |   6.8058e-03   |    1.0774     |    0.1978
Density calculation took 0.491064s
Tau required
    7     | -1536.3226748698 |   1.8881e-03   |    1.0765     |    0.2055
Density calculation took 0.491042s
Tau required
    8     | -1536.3232812042 |   3.8281e-04   |    1.0778     |    0.1989
Density calculation took 0.490883s
Tau required
    9     | -1536.3233893639 |   2.1637e-05   |    1.0776     |    0.1979
Density calculation took 0.491028s
Tau required
   10     | -1536.3233940867 |   6.0673e-06   |    1.0778     |    0.1981
Density calculation took 0.491876s
Tau required
   11     | -1536.3233957127 |   7.3953e-07   |    1.0766     |    0.1980
Density calculation took 0.491534s
Tau required
   12     | -1536.3233959011 |   1.3354e-07   |    1.0764     |    0.1996
Density calculation took 0.491719s
Tau required
   13     | -1536.3233959308 |   2.9665e-08   |    1.0777     |    0.1986
Density calculation took 0.491192s
Tau required
   14     | -1536.3233959383 |   4.2335e-09   |    1.0783     |    0.2019
Density calculation took 0.491375s
Tau required
   15     | -1536.3233959393 |   1.2039e-09   |    1.0780     |    0.1976
Density calculation took 0.491399s
Tau required
   16     | -1536.3233959392 |   1.0433e-09   |    1.0776     |    0.1992
Density calculation took 0.491891s
Tau required
   17     | -1536.3233959395 |   1.6065e-10   |    1.0777     |    0.1993
Density calculation took 0.491839s
Tau required
   18     | -1536.3233959396 |   8.3738e-11   |    1.0759     |    0.2009
Please cite the following papers for the methods used in this calculation:
 - J.L. Galvez Vallejo et. al., Toward an extreme-scale electronic structure system, J. Chem. Phys., 2023. DOI: 10.1063/5.0156399

 - R. Stocks, E. Palethorpe, and G.M.J. Barca, Multi-GPU RI-HF Energies and Analytic Gradients ─ Toward High-Throughput Ab Initio Molecular Dynamics, J. Chem. Theory Comput., 2024. DOI: 10.1021/acs.jctc.4c00877
   For:
     * RI-HF energy

 - S. Lehtola, C. Steigemann, M.J.T. Oliveira, and M.A.L. Marques, Recent developments in Libxc: A comprehensive library of functionals for density functional theory, SoftwareX, 2018. DOI: 10.1016/j.softx.2017.11.002
   For:
     * LibXC version 6.2.0

 - D.B. Williams-Young, W.A. de Jong, H.J.J. van Dam, and C. Yang, On the Efficient Evaluation of the Exchange Correlation Potential on Graphics Processing Unit Clusters, Frontiers in Chemistry, 2020. DOI: 10.3389/fchem.2020.581058
   For:
     * ExchCXX GPU implementation of exchange-correlation functionals

 - R. Stocks and G.M.J. Barca, Efficient Algorithms for GPU Accelerated Evaluation of the DFT Exchange-Correlation Functional, J. Chem. Theory Comput., 2025. DOI: 10.1021/acs.jctc.5c01229
   For:
     * GPU accelerated DFT exchange-correlation evaluation

 - J. Sun, A. Ruzsinszky, and J. P. Perdew.,  Phys. Rev. Lett. 115, 036402 (2015) DOI: 10.1103/PhysRevLett.115.036402
   For:
     * MGGA_X_SCAN XC Functional
     * MGGA_C_SCAN XC Functional

[CRAYBLAS_WARNING] Application linked against multiple cray-libsci libraries
