Total number of grid points: 357498 (5766 per atom)
Density calculation took 0.566569s
Tau required
Density calculation took 0.538118s
Tau required
Density calculation took 0.518210s
Tau required
Density calculation took 0.517358s
Tau required
Density calculation took 0.518323s
Tau required
Density calculation took 0.517344s
Tau required
Density calculation took 0.517774s
Tau required
Density calculation took 0.517780s
Tau required
Density calculation took 0.518747s
Tau required
Density calculation took 0.517901s
Tau required
Density calculation took 0.518637s
Tau required
Density calculation took 0.517914s
Tau required
Density calculation took 0.518122s
Tau required
Density calculation took 0.518351s
Tau required
Density calculation took 0.518880s
Tau required
Density calculation took 0.518518s
Tau required
Total number of grid points: 357678 (5769 per atom)
Density calculation took 0.561171s
Tau required
Density calculation took 0.544182s
Tau required
Density calculation took 0.522936s
Tau required
Density calculation took 0.522671s
Tau required
Density calculation took 0.522806s
Tau required
Density calculation took 0.523116s
Tau required
Density calculation took 0.523238s
Tau required
Density calculation took 0.523122s
Tau required
Density calculation took 0.523540s
Tau required
Density calculation took 0.523424s
Tau required
Density calculation took 0.523329s
Tau required
Density calculation took 0.523536s
Tau required
Density calculation took 0.523768s
Tau required
Density calculation took 0.523721s
Tau required
Density calculation took 0.523876s
Tau required
Density calculation took 0.523579s
Tau required
Total number of grid points: 358580 (5783 per atom)
Density calculation took 0.548058s
Tau required
Density calculation took 0.540629s
Tau required
Density calculation took 0.520267s
Tau required
Density calculation took 0.520217s
Tau required
Density calculation took 0.520576s
Tau required
Density calculation took 0.520182s
Tau required
Density calculation took 0.520851s
Tau required
Density calculation took 0.520114s
Tau required
Density calculation took 0.520633s
Tau required
Density calculation took 0.520127s
Tau required
Density calculation took 0.520968s
Tau required
Density calculation took 0.520521s
Tau required
Density calculation took 0.520889s
Tau required
Density calculation took 0.520469s
Tau required
Density calculation took 0.521080s
Tau required
Density calculation took 0.520582s
Tau required
Total number of grid points: 357758 (5770 per atom)
Density calculation took 0.564848s
Tau required
Density calculation took 0.546676s
Tau required
Density calculation took 0.524724s
Tau required
Density calculation took 0.525043s
Tau required
Density calculation took 0.524695s
Tau required
Density calculation took 0.524633s
Tau required
Density calculation took 0.525059s
Tau required
Density calculation took 0.525065s
Tau required
Density calculation took 0.525014s
Tau required
Density calculation took 0.525124s
Tau required
Density calculation took 0.525003s
Tau required
Density calculation took 0.525332s
Tau required
Density calculation took 0.525040s
Tau required
Density calculation took 0.525453s
Tau required
Density calculation took 0.525159s
Tau required
Density calculation took 0.525278s
Tau required
Total number of grid points: 357313 (5763 per atom)
Density calculation took 0.553907s
Tau required
Density calculation took 0.542928s
Tau required
Density calculation took 0.521536s
Tau required
Density calculation took 0.522208s
Tau required
Density calculation took 0.522071s
Tau required
Density calculation took 0.522404s
Tau required
Density calculation took 0.521937s
Tau required
Density calculation took 0.522639s
Tau required
Density calculation took 0.521891s
Tau required
Density calculation took 0.522412s
Tau required
Density calculation took 0.522166s
Tau required
Density calculation took 0.522657s
Tau required
Density calculation took 0.522586s
Tau required
Density calculation took 0.522677s
Tau required
Density calculation took 0.522603s
Tau required
Density calculation took 0.522923s
Tau required
Total number of grid points: 358916 (5788 per atom)
Density calculation took 0.532586s
Tau required
Density calculation took 0.543256s
Tau required
Density calculation took 0.522883s
Tau required
Density calculation took 0.522831s
Tau required
Density calculation took 0.523080s
Tau required
Density calculation took 0.523125s
Tau required
Density calculation took 0.523430s
Tau required
Density calculation took 0.523077s
Tau required
Density calculation took 0.523685s
Tau required
Density calculation took 0.523537s
Tau required
Density calculation took 0.523539s
Tau required
Density calculation took 0.523181s
Tau required
Density calculation took 0.523818s
Tau required
Density calculation took 0.523452s
Tau required
Density calculation took 0.523518s
Tau required
Density calculation took 0.523300s
Tau required
Total number of grid points: 358095 (5775 per atom)
Density calculation took 0.533793s
Tau required
Density calculation took 0.536032s
Tau required
Density calculation took 0.515455s
Tau required
Density calculation took 0.515473s
Tau required
Density calculation took 0.515371s
Tau required
Density calculation took 0.515633s
Tau required
Density calculation took 0.515822s
Tau required
Density calculation took 0.515801s
Tau required
Density calculation took 0.515321s
Tau required
Density calculation took 0.515602s
Tau required
Density calculation took 0.515722s
Tau required
Density calculation took 0.515686s
Tau required
Density calculation took 0.515393s
Tau required
Density calculation took 0.515809s
Tau required
Density calculation took 0.515649s
Tau required
Density calculation took 0.515832s
Tau required
Density calculation took 0.515795s
Tau required
Total number of grid points: 358842 (5787 per atom)
Density calculation took 0.566501s
Tau required
Density calculation took 0.542046s
Tau required
Density calculation took 0.522436s
Tau required
Density calculation took 0.521683s
Tau required
Density calculation took 0.522307s
Tau required
Density calculation took 0.522343s
Tau required
Density calculation took 0.522752s
Tau required
Density calculation took 0.522680s
Tau required
Density calculation took 0.522544s
Tau required
Density calculation took 0.522879s
Tau required
Density calculation took 0.522321s
Tau required
Density calculation took 0.522931s
Tau required
Density calculation took 0.522930s
Tau required
Density calculation took 0.522717s
Tau required
Density calculation took 0.523032s
Tau required
Density calculation took 0.522726s
Tau required
Density calculation took 0.522705s
Tau required
Total number of grid points: 357690 (5769 per atom)
Density calculation took 0.560393s
Tau required
Density calculation took 0.545313s
Tau required
Density calculation took 0.522662s
Tau required
Density calculation took 0.524026s
Tau required
Density calculation took 0.523146s
Tau required
Density calculation took 0.524372s
Tau required
Density calculation took 0.523252s
Tau required
Density calculation took 0.524710s
Tau required
Density calculation took 0.523489s
Tau required
Density calculation took 0.524686s
Tau required
Density calculation took 0.523713s
Tau required
Density calculation took 0.524635s
Tau required
Density calculation took 0.523537s
Tau required
Density calculation took 0.525156s
Tau required
Density calculation took 0.523445s
Tau required
Density calculation took 0.525076s
Tau required
Total number of grid points: 358240 (5778 per atom)
Density calculation took 0.561107s
Tau required
Density calculation took 0.541161s
Tau required
Density calculation took 0.521222s
Tau required
Density calculation took 0.521095s
Tau required
Density calculation took 0.520911s
Tau required
Density calculation took 0.520912s
Tau required
Density calculation took 0.520782s
Tau required
Density calculation took 0.521135s
Tau required
Density calculation took 0.520968s
Tau required
Density calculation took 0.521190s
Tau required
Density calculation took 0.521285s
Tau required
Density calculation took 0.521384s
Tau required
Density calculation took 0.521250s
Tau required
Density calculation took 0.521002s
Tau required
Density calculation took 0.521186s
Tau required
Density calculation took 0.521395s
Tau required
Total number of grid points: 357786 (5770 per atom)
Density calculation took 0.558749s
Tau required
Density calculation took 0.555481s
Tau required
Density calculation took 0.523514s
Tau required
Density calculation took 0.523542s
Tau required
Density calculation took 0.524220s
Tau required
Density calculation took 0.523795s
Tau required
Density calculation took 0.523776s
Tau required
Density calculation took 0.523806s
Tau required
Density calculation took 0.524364s
Tau required
Density calculation took 0.523612s
Tau required
Density calculation took 0.524143s
Tau required
Density calculation took 0.523447s
Tau required
Density calculation took 0.524179s
Tau required
Density calculation took 0.523764s
Tau required
Density calculation took 0.524411s
Tau required
Density calculation took 0.523915s
Tau required
Total number of grid points: 358358 (5779 per atom)
Density calculation took 0.567249s
Tau required
Density calculation took 0.545807s
Tau required
Density calculation took 0.524150s
Tau required
Density calculation took 0.523863s
Tau required
Density calculation took 0.524111s
Tau required
Density calculation took 0.524185s
Tau required
Density calculation took 0.524030s
Tau required
Density calculation took 0.524188s
Tau required
Density calculation took 0.523970s
Tau required
Density calculation took 0.524220s
Tau required
Density calculation took 0.524154s
Tau required
Density calculation took 0.523795s
Tau required
Density calculation took 0.523920s
Tau required
Density calculation took 0.524167s
Tau required
Density calculation took 0.524184s
Tau required
Density calculation took 0.524097s
Tau required
Total number of grid points: 358857 (5788 per atom)
Density calculation took 0.559372s
Tau required
Density calculation took 0.539529s
Tau required
Density calculation took 0.520393s
Tau required
Density calculation took 0.519314s
Tau required
Density calculation took 0.520410s
Tau required
Density calculation took 0.519193s
Tau required
Density calculation took 0.520565s
Tau required
Density calculation took 0.519032s
Tau required
Density calculation took 0.520419s
Tau required
Density calculation took 0.519354s
Tau required
Density calculation took 0.520353s
Tau required
Density calculation took 0.519618s
Tau required
Density calculation took 0.520456s
Tau required
Density calculation took 0.519347s
Tau required
Density calculation took 0.520835s
Tau required
Density calculation took 0.519688s
Tau required
Total number of grid points: 357423 (5764 per atom)
Density calculation took 0.556850s
Tau required
Density calculation took 0.550631s
Tau required
Density calculation took 0.528166s
Tau required
Density calculation took 0.528613s
Tau required
Density calculation took 0.528086s
Tau required
Density calculation took 0.528709s
Tau required
Density calculation took 0.528530s
Tau required
Density calculation took 0.528563s
Tau required
Density calculation took 0.528599s
Tau required
Density calculation took 0.529061s
Tau required
Density calculation took 0.528962s
Tau required
Density calculation took 0.528820s
Tau required
Density calculation took 0.528783s
Tau required
Density calculation took 0.528790s
Tau required
Density calculation took 0.528447s
Tau required
Total number of grid points: 357738 (5769 per atom)
Density calculation took 0.537547s
Tau required
Density calculation took 0.541624s
Tau required
Density calculation took 0.520944s
Tau required
Density calculation took 0.521001s
Tau required
Density calculation took 0.521308s
Tau required
Density calculation took 0.520991s
Tau required
Density calculation took 0.521498s
Tau required
Density calculation took 0.520795s
Tau required
Density calculation took 0.521074s
Tau required
Density calculation took 0.521028s
Tau required
Density calculation took 0.521189s
Tau required
Density calculation took 0.521648s
Tau required
Density calculation took 0.521210s
Tau required
Density calculation took 0.521253s
Tau required
Density calculation took 0.520878s
Tau required
Density calculation took 0.521232s
Tau required
Total number of grid points: 357884 (5772 per atom)
Density calculation took 0.562625s
Tau required
Density calculation took 0.536729s
Tau required
Density calculation took 0.516299s
Tau required
Density calculation took 0.515946s
Tau required
Density calculation took 0.516579s
Tau required
Density calculation took 0.515955s
Tau required
Density calculation took 0.516300s
Tau required
Density calculation took 0.516002s
Tau required
Density calculation took 0.515951s
Tau required
Density calculation took 0.516131s
Tau required
Density calculation took 0.516461s
Tau required
Density calculation took 0.516151s
Tau required
Density calculation took 0.516619s
Tau required
Density calculation took 0.516417s
Tau required
Density calculation took 0.516872s
Tau required
Density calculation took 0.516769s
Tau required
Density calculation took 0.516189s
Tau required
Total number of grid points: 357803 (5771 per atom)
Density calculation took 0.553424s
Tau required
Density calculation took 0.541757s
Tau required
Density calculation took 0.520005s
Tau required
Density calculation took 0.520964s
Tau required
Density calculation took 0.519756s
Tau required
Density calculation took 0.520884s
Tau required
Density calculation took 0.520676s
Tau required
Density calculation took 0.521433s
Tau required
Density calculation took 0.520282s
Tau required
Density calculation took 0.521397s
Tau required
Density calculation took 0.520344s
Tau required
Density calculation took 0.521612s
Tau required
Density calculation took 0.520582s
Tau required
Density calculation took 0.521536s
Tau required
Density calculation took 0.520562s
Tau required
Density calculation took 0.521680s
Tau required
Density calculation took 0.520421s
Tau required
Density calculation took 0.521381s
Tau required
Total number of grid points: 358189 (5777 per atom)
Density calculation took 0.547316s
Tau required
Density calculation took 0.545057s
Tau required
Density calculation took 0.523971s
Tau required
Density calculation took 0.523507s
Tau required
Density calculation took 0.523280s
Tau required
Density calculation took 0.523929s
Tau required
Density calculation took 0.523259s
Tau required
Density calculation took 0.523923s
Tau required
Density calculation took 0.523983s
Tau required
Density calculation took 0.523951s
Tau required
Density calculation took 0.523552s
Tau required
Density calculation took 0.523800s
Tau required
Density calculation took 0.523782s
Tau required
Density calculation took 0.523738s
Tau required
Density calculation took 0.523901s
Tau required
Density calculation took 0.523910s
Tau required
Density calculation took 0.524084s
Tau required
Total number of grid points: 358150 (5776 per atom)
Density calculation took 0.560094s
Tau required
Density calculation took 0.542228s
Tau required
Density calculation took 0.521746s
Tau required
Density calculation took 0.521747s
Tau required
Density calculation took 0.521650s
Tau required
Density calculation took 0.521825s
Tau required
Density calculation took 0.521461s
Tau required
Density calculation took 0.521576s
Tau required
Density calculation took 0.521799s
Tau required
Density calculation took 0.521616s
Tau required
Density calculation took 0.521874s
Tau required
Density calculation took 0.521612s
Tau required
Density calculation took 0.521923s
Tau required
Density calculation took 0.521756s
Tau required
Density calculation took 0.521690s
Tau required
Density calculation took 0.521737s
Tau required
Density calculation took 0.521624s
Tau required
Density calculation took 0.521673s
Tau required
Total number of grid points: 358441 (5781 per atom)
Density calculation took 0.551233s
Tau required
Density calculation took 0.539814s
Tau required
Density calculation took 0.519448s
Tau required
Density calculation took 0.519640s
Tau required
Density calculation took 0.519900s
Tau required
Density calculation took 0.519985s
Tau required
Density calculation took 0.519856s
Tau required
Density calculation took 0.520635s
Tau required
Density calculation took 0.520253s
Tau required
Density calculation took 0.520627s
Tau required
Density calculation took 0.520349s
Tau required
Density calculation took 0.520478s
Tau required
Density calculation took 0.520479s
Tau required
Density calculation took 0.520159s
Tau required
Density calculation took 0.520197s
Tau required
Density calculation took 0.520106s
Tau required
Density calculation took 0.520258s
Tau required
Density calculation took 0.520339s
Tau required
[CRAYBLAS_WARNING] Application linked against multiple cray-libsci libraries
Running topology 10 of 20 *****************
************************************************************

************************************************************
******* Beginning RI-MGGA_X_SCAN+MGGA_C_SCAN energy ********
************************************************************

=======================================================
        MGGA_X_SCAN+MGGA_C_SCAN Energy Results         
=======================================================
E MGGA_X_SCAN+MGGA_C_SCAN: -1537.49211612
Nuclear Repulsion Energy: 3920.1441881
Electronic Energy:        -5232.22843583
XC Energy:                -225.407868
Converged:                1
# of SCF iterations:      16
SCF Time:                 23.411s

=======================================================
            Individual Calculation Summary             
=======================================================
HF Energy: -1537.4921161150055013
=======================================================


Topology 9 time: 23.581887 s, performance: SP: 0 FLOP/s, DP: 33.72 TFLOP/s
JSON file written to: json_logs/lustre_orion_chm213_scratch_ryan_dhdft_inputs_exess_exess_inputs_SCAN_def2-TZVP_isomers_9300-9319_topology_9.json
************************************************************
**************** Running topology 11 of 20 *****************
************************************************************

************************************************************
******* Beginning RI-MGGA_X_SCAN+MGGA_C_SCAN energy ********
************************************************************

=======================================================
        MGGA_X_SCAN+MGGA_C_SCAN Energy Results         
=======================================================
E MGGA_X_SCAN+MGGA_C_SCAN: -1537.49074172
Nuclear Repulsion Energy: 3928.46211568
Electronic Energy:        -5240.54670304
XC Energy:                -225.406154
Converged:                1
# of SCF iterations:      16
SCF Time:                 24.265s

=======================================================
            Individual Calculation Summary             
=======================================================
HF Energy: -1537.4907417189542684
=======================================================


Topology 10 time: 24.434793 s, performance: SP: 0 FLOP/s, DP: 32.53 TFLOP/s
JSON file written to: json_logs/lustre_orion_chm213_scratch_ryan_dhdft_inputs_exess_exess_inputs_SCAN_def2-TZVP_isomers_9300-9319_topology_10.json
************************************************************
**************** Running topology 12 of 20 *****************
************************************************************

************************************************************
******* Beginning RI-MGGA_X_SCAN+MGGA_C_SCAN energy ********
************************************************************

=======================================================
        MGGA_X_SCAN+MGGA_C_SCAN Energy Results         
=======================================================
E MGGA_X_SCAN+MGGA_C_SCAN: -1537.50202163
Nuclear Repulsion Energy: 3937.30704135
Electronic Energy:        -5249.39975542
XC Energy:                -225.409308
Converged:                1
# of SCF iterations:      16
SCF Time:                 23.459s

=======================================================
            Individual Calculation Summary             
=======================================================
HF Energy: -1537.5020216259176777
=======================================================


Topology 11 time: 23.629579 s, performance: SP: 0 FLOP/s, DP: 33.67 TFLOP/s
JSON file written to: json_logs/lustre_orion_chm213_scratch_ryan_dhdft_inputs_exess_exess_inputs_SCAN_def2-TZVP_isomers_9300-9319_topology_11.json
************************************************************
**************** Running topology 13 of 20 *****************
************************************************************

************************************************************
******* Beginning RI-MGGA_X_SCAN+MGGA_C_SCAN energy ********
************************************************************

=======================================================
        MGGA_X_SCAN+MGGA_C_SCAN Energy Results         
=======================================================
E MGGA_X_SCAN+MGGA_C_SCAN: -1537.49266849
Nuclear Repulsion Energy: 4028.40004034
Electronic Energy:        -5340.47698442
XC Energy:                -225.415724
Converged:                1
# of SCF iterations:      16
SCF Time:                 23.406s

=======================================================
            Individual Calculation Summary             
=======================================================
HF Energy: -1537.4926684900322016
=======================================================


Topology 12 time: 23.584147 s, performance: SP: 0 FLOP/s, DP: 33.67 TFLOP/s
JSON file written to: json_logs/lustre_orion_chm213_scratch_ryan_dhdft_inputs_exess_exess_inputs_SCAN_def2-TZVP_isomers_9300-9319_topology_12.json
************************************************************
**************** Running topology 14 of 20 *****************
************************************************************

************************************************************
******* Beginning RI-MGGA_X_SCAN+MGGA_C_SCAN energy ********
************************************************************

=======================================================
        MGGA_X_SCAN+MGGA_C_SCAN Energy Results         
=======================================================
E MGGA_X_SCAN+MGGA_C_SCAN: -1537.50104505
Nuclear Repulsion Energy: 3885.24049781
Electronic Energy:        -5197.33321544
XC Energy:                -225.408327
Converged:                1
# of SCF iterations:      15
SCF Time:                 22.225s

=======================================================
            Individual Calculation Summary             
=======================================================
HF Energy: -1537.5010450509828388
=======================================================


Topology 13 time: 22.395355 s, performance: SP: 0 FLOP/s, DP: 33.48 TFLOP/s
JSON file written to: json_logs/lustre_orion_chm213_scratch_ryan_dhdft_inputs_exess_exess_inputs_SCAN_def2-TZVP_isomers_9300-9319_topology_13.json
************************************************************
**************** Running topology 15 of 20 *****************
************************************************************

************************************************************
******* Beginning RI-MGGA_X_SCAN+MGGA_C_SCAN energy ********
************************************************************

=======================================================
        MGGA_X_SCAN+MGGA_C_SCAN Energy Results         
=======================================================
E MGGA_X_SCAN+MGGA_C_SCAN: -1537.49333437
Nuclear Repulsion Energy: 3919.63234747
Electronic Energy:        -5231.71828749
XC Energy:                -225.407394
Converged:                1
# of SCF iterations:      16
SCF Time:                 23.472s

=======================================================
            Individual Calculation Summary             
=======================================================
HF Energy: -1537.4933343741934095
=======================================================


Topology 14 time: 23.641843 s, performance: SP: 0 FLOP/s, DP: 33.66 TFLOP/s
JSON file written to: json_logs/lustre_orion_chm213_scratch_ryan_dhdft_inputs_exess_exess_inputs_SCAN_def2-TZVP_isomers_9300-9319_topology_14.json
************************************************************
**************** Running topology 16 of 20 *****************
************************************************************

************************************************************
******* Beginning RI-MGGA_X_SCAN+MGGA_C_SCAN energy ********
************************************************************

=======================================================
        MGGA_X_SCAN+MGGA_C_SCAN Energy Results         
=======================================================
E MGGA_X_SCAN+MGGA_C_SCAN: -1537.47815073
Nuclear Repulsion Energy: 4090.16997102
Electronic Energy:        -5402.23451924
XC Energy:                -225.413603
Converged:                1
# of SCF iterations:      17
SCF Time:                 24.668s

=======================================================
            Individual Calculation Summary             
=======================================================
HF Energy: -1537.4781507272962244
=======================================================


Topology 15 time: 24.849378 s, performance: SP: 0 FLOP/s, DP: 33.77 TFLOP/s
JSON file written to: json_logs/lustre_orion_chm213_scratch_ryan_dhdft_inputs_exess_exess_inputs_SCAN_def2-TZVP_isomers_9300-9319_topology_15.json
************************************************************
**************** Running topology 17 of 20 *****************
************************************************************

************************************************************
******* Beginning RI-MGGA_X_SCAN+MGGA_C_SCAN energy ********
************************************************************

=======================================================
        MGGA_X_SCAN+MGGA_C_SCAN Energy Results         
=======================================================
E MGGA_X_SCAN+MGGA_C_SCAN: -1537.46847064
Nuclear Repulsion Energy: 3956.99952431
Electronic Energy:        -5269.07088724
XC Energy:                -225.397108
Converged:                1
# of SCF iterations:      18
SCF Time:                 26.039s

=======================================================
            Individual Calculation Summary             
=======================================================
HF Energy: -1537.4684706429957259
=======================================================


Topology 16 time: 26.210134 s, performance: SP: 0 FLOP/s, DP: 33.84 TFLOP/s
JSON file written to: json_logs/lustre_orion_chm213_scratch_ryan_dhdft_inputs_exess_exess_inputs_SCAN_def2-TZVP_isomers_9300-9319_topology_16.json
************************************************************
**************** Running topology 18 of 20 *****************
************************************************************

************************************************************
******* Beginning RI-MGGA_X_SCAN+MGGA_C_SCAN energy ********
************************************************************

=======================================================
        MGGA_X_SCAN+MGGA_C_SCAN Energy Results         
=======================================================
E MGGA_X_SCAN+MGGA_C_SCAN: -1537.47214856
Nuclear Repulsion Energy: 3943.98662222
Electronic Energy:        -5256.06565997
XC Energy:                -225.393111
Converged:                1
# of SCF iterations:      17
SCF Time:                 24.794s

=======================================================
            Individual Calculation Summary             
=======================================================
HF Energy: -1537.4721485591023793
=======================================================


Topology 17 time: 24.967180 s, performance: SP: 0 FLOP/s, DP: 33.68 TFLOP/s
JSON file written to: json_logs/lustre_orion_chm213_scratch_ryan_dhdft_inputs_exess_exess_inputs_SCAN_def2-TZVP_isomers_9300-9319_topology_17.json
************************************************************
**************** Running topology 19 of 20 *****************
************************************************************

************************************************************
******* Beginning RI-MGGA_X_SCAN+MGGA_C_SCAN energy ********
************************************************************

=======================================================
        MGGA_X_SCAN+MGGA_C_SCAN Energy Results         
=======================================================
E MGGA_X_SCAN+MGGA_C_SCAN: -1537.47534305
Nuclear Repulsion Energy: 4027.55653961
Electronic Energy:        -5339.63122683
XC Energy:                -225.400656
Converged:                1
# of SCF iterations:      18
SCF Time:                 26.008s

=======================================================
            Individual Calculation Summary             
=======================================================
HF Energy: -1537.4753430502994433
=======================================================


Topology 18 time: 26.187209 s, performance: SP: 0 FLOP/s, DP: 33.87 TFLOP/s
JSON file written to: json_logs/lustre_orion_chm213_scratch_ryan_dhdft_inputs_exess_exess_inputs_SCAN_def2-TZVP_isomers_9300-9319_topology_18.json
************************************************************
**************** Running topology 20 of 20 *****************
************************************************************

************************************************************
******* Beginning RI-MGGA_X_SCAN+MGGA_C_SCAN energy ********
************************************************************

=======================================================
        MGGA_X_SCAN+MGGA_C_SCAN Energy Results         
=======================================================
E MGGA_X_SCAN+MGGA_C_SCAN: -1537.47477571
Nuclear Repulsion Energy: 3946.00963076
Electronic Energy:        -5258.09067177
XC Energy:                -225.393735
Converged:                1
# of SCF iterations:      18
SCF Time:                 25.878s

=======================================================
            Individual Calculation Summary             
=======================================================
HF Energy: -1537.4747757097986778
=======================================================


Topology 19 time: 26.052345 s, performance: SP: 0 FLOP/s, DP: 34.07 TFLOP/s
JSON file written to: json_logs/lustre_orion_chm213_scratch_ryan_dhdft_inputs_exess_exess_inputs_SCAN_def2-TZVP_isomers_9300-9319_topology_19.json
Total flops: SP: 0 FLOPS, DP: 16.306809 PFLOPS
Performance: SP: 0 FLOP/s, DP: 32.94 TFLOP/s

Now, a word from our sponsors... 
 The broth ended up more expensive than the meatballs (mexican saying)

[31mTotal processing time 495.348918 seconds[0m
[CRAYBLAS_WARNING] Application linked against multiple cray-libsci libraries
8e-08   |    1.1114     |    0.2012
Density calculation took 0.514371s
Tau required
   14     | -1537.4926684896 |   1.7386e-09   |    1.1093     |    0.2011
Density calculation took 0.514757s
Tau required
   15     | -1537.4926684899 |   7.0842e-10   |    1.1115     |    0.2008
Density calculation took 0.513946s
Tau required
   16     | -1537.4926684900 |   7.7652e-11   |    1.1089     |    0.2019
Created 604071 / 2471184 significant shell pairs
Created 468734 / 1882384 significant shell pairs
Total number of grid points: 357768 (5770 per atom)
One electron integrals and orthogonalizer took 0.043788s
Created 468734 / 1882384 significant shell pairs
3C integrals and B formation took 1.715651s
Iteration |      Energy      |  DIIS Metric   | Fock Time (s) | DIIS Time (s)
----------+------------------+----------------+---------------+--------------
Density calculation took 0.554510s
Tau required
    1     | -1547.2421933455 |   9.5750e+02   |    1.4001     |    0.2291
Density calculation took 0.535868s
Tau required
    2     | -1536.7869770500 |   2.5457e+00   |    1.1494     |    0.1978
Density calculation took 0.513105s
Tau required
    3     | -1536.6828412320 |   3.1069e+00   |    1.1247     |    0.2054
Density calculation took 0.513397s
Tau required
    4     | -1537.4807524186 |   7.4387e-02   |    1.1251     |    0.1984
Density calculation took 0.513687s
Tau required
    5     | -1537.4919271469 |   3.0434e-02   |    1.1238     |    0.2068
Density calculation took 0.514136s
Tau required
    6     | -1537.4998750052 |   3.9189e-03   |    1.1268     |    0.2003
Density calculation took 0.513980s
Tau required
    7     | -1537.5008728365 |   6.0174e-04   |    1.1223     |    0.2077
Density calculation took 0.513837s
Tau required
    8     | -1537.5010122068 |   1.1463e-04   |    1.1253     |    0.2012
Density calculation took 0.514101s
Tau required
    9     | -1537.5010427434 |   8.2547e-06   |    1.1225     |    0.2018
Density calculation took 0.513866s
Tau required
   10     | -1537.5010446538 |   1.4526e-06   |    1.1242     |    0.2004
Density calculation took 0.513701s
Tau required
   11     | -1537.5010450046 |   1.6065e-07   |    1.1230     |    0.2017
Density calculation took 0.514130s
Tau required
   12     | -1537.5010450279 |   8.0387e-08   |    1.1240     |    0.2014
Density calculation took 0.514107s
Tau required
   13     | -1537.5010450503 |   2.3960e-09   |    1.1231     |    0.2019
Density calculation took 0.514059s
Tau required
   14     | -1537.5010450508 |   6.9782e-10   |    1.1258     |    0.2008
Density calculation took 0.513849s
Tau required
   15     | -1537.5010450510 |   9.8778e-11   |    1.1231     |    0.2017
Created 614441 / 2471184 significant shell pairs
Created 476733 / 1882384 significant shell pairs
Total number of grid points: 357983 (5773 per atom)
One electron integrals and orthogonalizer took 0.044716s
Created 476733 / 1882384 significant shell pairs
3C integrals and B formation took 1.711609s
Iteration |      Energy      |  DIIS Metric   | Fock Time (s) | DIIS Time (s)
----------+------------------+----------------+---------------+--------------
Density calculation took 0.546619s
Tau required
    1     | -1547.2390086274 |   9.5872e+02   |    1.3807     |    0.2284
Density calculation took 0.529687s
Tau required
    2     | -1536.7810684416 |   2.5324e+00   |    1.1405     |    0.1981
Density calculation took 0.508720s
Tau required
    3     | -1536.6813351730 |   3.0772e+00   |    1.1210     |    0.2099
Density calculation took 0.509428s
Tau required
    4     | -1537.4734900987 |   7.4040e-02   |    1.1182     |    0.1992
Density calculation took 0.509453s
Tau required
    5     | -1537.4847741142 |   2.9894e-02   |    1.1196     |    0.2082
Density calculation took 0.509589s
Tau required
    6     | -1537.4922211882 |   3.9233e-03   |    1.1197     |    0.2003
Density calculation took 0.510115s
Tau required
    7     | -1537.4931576275 |   6.2911e-04   |    1.1207     |    0.2091
Density calculation took 0.509702s
Tau required
    8     | -1537.4932958996 |   1.3276e-04   |    1.1204     |    0.2019
Density calculation took 0.509666s
Tau required
    9     | -1537.4933322021 |   7.4765e-06   |    1.1192     |    0.2017
Density calculation took 0.509912s
Tau required
   10     | -1537.4933337219 |   2.1719e-06   |    1.1200     |    0.2033
Density calculation took 0.509584s
Tau required
   11     | -1537.4933342924 |   2.7327e-07   |    1.1193     |    0.2018
Density calculation took 0.509724s
Tau required
   12     | -1537.4933343424 |   1.0887e-07   |    1.1201     |    0.2011
Density calculation took 0.509699s
Tau required
   13     | -1537.4933343710 |   1.0236e-08   |    1.1190     |    0.2016
Density calculation took 0.509925s
Tau required
   14     | -1537.4933343737 |   1.5688e-09   |    1.1194     |    0.2019
Density calculation took 0.509767s
Tau required
   15     | -1537.4933343741 |   2.5855e-10   |    1.1202     |    0.2025
Density calculation took 0.509910s
Tau required
   16     | -1537.4933343742 |   3.7401e-11   |    1.1209     |    0.2016
Created 673536 / 2471184 significant shell pairs
Created 523067 / 1882384 significant shell pairs
Total number of grid points: 358867 (5788 per atom)
One electron integrals and orthogonalizer took 0.049510s
Created 523067 / 1882384 significant shell pairs
3C integrals and B formation took 1.766277s
Iteration |      Energy      |  DIIS Metric   | Fock Time (s) | DIIS Time (s)
----------+------------------+----------------+---------------+--------------
Density calculation took 0.553894s
Tau required
    1     | -1547.2542435561 |   9.6492e+02   |    1.3944     |    0.2296
Density calculation took 0.530992s
Tau required
    2     | -1536.7640960439 |   2.5419e+00   |    1.1282     |    0.1979
Density calculation took 0.510440s
Tau required
    3     | -1536.6306387060 |   3.2181e+00   |    1.1051     |    0.2091
Density calculation took 0.510775s
Tau required
    4     | -1537.4425944683 |   1.2535e-01   |    1.1066     |    0.1991
Density calculation took 0.510944s
Tau required
    5     | -1537.4614477301 |   5.5906e-02   |    1.1063     |    0.2068
Density calculation took 0.511171s
Tau required
    6     | -1537.4766184557 |   5.2389e-03   |    1.1064     |    0.2008
Density calculation took 0.511185s
Tau required
    7     | -1537.4777971327 |   1.1729e-03   |    1.1049     |    0.2085
Density calculation took 0.511040s
Tau required
    8     | -1537.4780562207 |   3.3094e-04   |    1.1062     |    0.2015
Density calculation took 0.510679s
Tau required
    9     | -1537.4781450615 |   1.8862e-05   |    1.1056     |    0.2016
Density calculation took 0.511437s
Tau required
   10     | -1537.4781490533 |   5.5633e-06   |    1.1068     |    0.2008
Density calculation took 0.511070s
Tau required
   11     | -1537.4781504685 |   8.6632e-07   |    1.1050     |    0.2017
Density calculation took 0.511225s
Tau required
   12     | -1537.4781506705 |   1.9497e-07   |    1.1071     |    0.2007
Density calculation took 0.511381s
Tau required
   13     | -1537.4781507195 |   2.7814e-08   |    1.1047     |    0.2014
Density calculation took 0.511160s
Tau required
   14     | -1537.4781507268 |   1.9192e-09   |    1.1063     |    0.2012
Density calculation took 0.511326s
Tau required
   15     | -1537.4781507271 |   8.9616e-10   |    1.1043     |    0.2021
Density calculation took 0.511586s
Tau required
   16     | -1537.4781507273 |   1.3870e-10   |    1.1061     |    0.2052
Density calculation took 0.511078s
Tau required
   17     | -1537.4781507273 |   5.1777e-11   |    1.1047     |    0.2016
Created 631276 / 2471184 significant shell pairs
Created 490082 / 1882384 significant shell pairs
Total number of grid points: 358272 (5778 per atom)
One electron integrals and orthogonalizer took 0.044739s
Created 490082 / 1882384 significant shell pairs
3C integrals and B formation took 1.725114s
Iteration |      Energy      |  DIIS Metric   | Fock Time (s) | DIIS Time (s)
----------+------------------+----------------+---------------+--------------
Density calculation took 0.553892s
Tau required
    1     | -1547.2217166821 |   9.5796e+02   |    1.3927     |    0.2320
Density calculation took 0.531268s
Tau required
    2     | -1536.7581003929 |   2.5152e+00   |    1.1336     |    0.2009
Density calculation took 0.509235s
Tau required
    3     | -1536.6455364817 |   3.0898e+00   |    1.1131     |    0.2096
Density calculation took 0.510033s
Tau required
    4     | -1537.4383410494 |   1.0343e-01   |    1.1118     |    0.1990
Density calculation took 0.510295s
Tau required
    5     | -1537.4491749201 |   5.6606e-02   |    1.1135     |    0.2074
Density calculation took 0.509684s
Tau required
    6     | -1537.4629411242 |   1.4681e-02   |    1.1099     |    0.2002
Density calculation took 0.509997s
Tau required
    7     | -1537.4678176849 |   1.8279e-03   |    1.1136     |    0.2091
Density calculation took 0.510249s
Tau required
    8     | -1537.4682717605 |   6.5063e-04   |    1.1116     |    0.2013
Density calculation took 0.510375s
Tau required
    9     | -1537.4684560933 |   4.8874e-05   |    1.1153     |    0.2011
Density calculation took 0.510486s
Tau required
   10     | -1537.4684686495 |   6.8289e-06   |    1.1151     |    0.2020
Density calculation took 0.510701s
Tau required
   11     | -1537.4684700859 |   1.8594e-06   |    1.1133     |    0.2003
Density calculation took 0.510640s
Tau required
   12     | -1537.4684705720 |   2.4739e-07   |    1.1109     |    0.2015
Density calculation took 0.510591s
Tau required
   13     | -1537.4684706292 |   4.5308e-08   |    1.1155     |    0.2019
Density calculation took 0.510646s
Tau required
   14     | -1537.4684706395 |   1.0711e-08   |    1.1112     |    0.2026
Density calculation took 0.510636s
Tau required
   15     | -1537.4684706421 |   2.7594e-09   |    1.1143     |    0.2012
Density calculation took 0.510623s
Tau required
   16     | -1537.4684706427 |   7.9574e-10   |    1.1125     |    0.2016
Density calculation took 0.510835s
Tau required
   17     | -1537.4684706428 |   4.6456e-10   |    1.1137     |    0.2012
Density calculation took 0.510940s
Tau required
   18     | -1537.4684706430 |   5.3533e-11   |    1.1118     |    0.2032
Created 625622 / 2471184 significant shell pairs
Created 485781 / 1882384 significant shell pairs
Total number of grid points: 358174 (5777 per atom)
One electron integrals and orthogonalizer took 0.044632s
Created 485781 / 1882384 significant shell pairs
3C integrals and B formation took 1.716527s
Iteration |      Energy      |  DIIS Metric   | Fock Time (s) | DIIS Time (s)
----------+------------------+----------------+---------------+--------------
Density calculation took 0.540370s
Tau required
    1     | -1547.2158241484 |   9.5639e+02   |    1.3808     |    0.2275
Density calculation took 0.539996s
Tau required
    2     | -1536.7618650236 |   2.5099e+00   |    1.1432     |    0.1971
Density calculation took 0.518638s
Tau required
    3     | -1536.6608665361 |   3.0399e+00   |    1.1193     |    0.2076
Density calculation took 0.519280s
Tau required
    4     | -1537.4477949014 |   8.9479e-02   |    1.1186     |    0.1976
Density calculation took 0.519512s
Tau required
    5     | -1537.4649188819 |   2.6544e-02   |    1.1211     |    0.2061
Density calculation took 0.518646s
Tau required
    6     | -1537.4713510203 |   2.6834e-03   |    1.1188     |    0.1982
Density calculation took 0.519053s
Tau required
    7     | -1537.4717597163 |   1.1015e-03   |    1.1213     |    0.2074
Density calculation took 0.519546s
Tau required
    8     | -1537.4719856041 |   4.6151e-04   |    1.1194     |    0.2012
Density calculation took 0.519550s
Tau required
    9     | -1537.4721388603 |   2.9678e-05   |    1.1204     |    0.2012
Density calculation took 0.519771s
Tau required
   10     | -1537.4721472176 |   4.4659e-06   |    1.1204     |    0.2010
Density calculation took 0.519492s
Tau required
   11     | -1537.4721483297 |   7.8287e-07   |    1.1208     |    0.2001
Density calculation took 0.519749s
Tau required
   12     | -1537.4721485104 |   1.6629e-07   |    1.1201     |    0.2011
Density calculation took 0.519735s
Tau required
   13     | -1537.4721485447 |   4.7302e-08   |    1.1216     |    0.2001
Density calculation took 0.519636s
Tau required
   14     | -1537.4721485576 |   4.9679e-09   |    1.1199     |    0.2006
Density calculation took 0.520149s
Tau required
   15     | -1537.4721485586 |   1.6873e-09   |    1.1210     |    0.2015
Density calculation took 0.520113s
Tau required
   16     | -1537.4721485591 |   2.0432e-10   |    1.1196     |    0.2004
Density calculation took 0.519860s
Tau required
   17     | -1537.4721485591 |   8.0746e-11   |    1.1219     |    0.2016
Created 651797 / 2471184 significant shell pairs
Created 506630 / 1882384 significant shell pairs
Total number of grid points: 358825 (5787 per atom)
One electron integrals and orthogonalizer took 0.049249s
Created 506630 / 1882384 significant shell pairs
3C integrals and B formation took 1.759311s
Iteration |      Energy      |  DIIS Metric   | Fock Time (s) | DIIS Time (s)
----------+------------------+----------------+---------------+--------------
Density calculation took 0.535880s
Tau required
    1     | -1547.2270666694 |   9.5928e+02   |    1.3963     |    0.2281
Density calculation took 0.534088s
Tau required
    2     | -1536.7591155968 |   2.5446e+00   |    1.1285     |    0.1978
Density calculation took 0.515100s
Tau required
    3     | -1536.6294347120 |   3.1942e+00   |    1.1086     |    0.2052
Density calculation took 0.515588s
Tau required
    4     | -1537.4327706945 |   1.4061e-01   |    1.1094     |    0.2006
Density calculation took 0.515514s
Tau required
    5     | -1537.4417891808 |   9.6216e-02   |    1.1083     |    0.2069
Density calculation took 0.515842s
Tau required
    6     | -1537.4715204955 |   1.1068e-02   |    1.1081     |    0.1998
Density calculation took 0.515946s
Tau required
    7     | -1537.4747750281 |   1.6858e-03   |    1.1079     |    0.2081
Density calculation took 0.515801s
Tau required
    8     | -1537.4751540287 |   5.9897e-04   |    1.1081     |    0.2010
Density calculation took 0.515724s
Tau required
    9     | -1537.4753247384 |   6.2527e-05   |    1.1095     |    0.2011
Density calculation took 0.515783s
Tau required
   10     | -1537.4753407792 |   8.0236e-06   |    1.1083     |    0.2005
Density calculation took 0.515820s
Tau required
   11     | -1537.4753424077 |   2.1899e-06   |    1.1098     |    0.2007
Density calculation took 0.516117s
Tau required
   12     | -1537.4753429760 |   2.6963e-07   |    1.1082     |    0.2014
Density calculation took 0.515598s
Tau required
   13     | -1537.4753430336 |   5.3972e-08   |    1.1123     |    0.2013
Density calculation took 0.516230s
Tau required
   14     | -1537.4753430435 |   2.0208e-08   |    1.1090     |    0.2013
Density calculation took 0.515655s
Tau required
   15     | -1537.4753430489 |   4.3828e-09   |    1.1092     |    0.2011
Density calculation took 0.516081s
Tau required
   16     | -1537.4753430500 |   8.7470e-10   |    1.1095     |    0.2010
Density calculation took 0.516003s
Tau required
   17     | -1537.4753430502 |   3.1288e-10   |    1.1090     |    0.2003
Density calculation took 0.516219s
Tau required
   18     | -1537.4753430503 |   4.7455e-11   |    1.1099     |    0.2013
Created 625678 / 2471184 significant shell pairs
Created 485950 / 1882384 significant shell pairs
Total number of grid points: 357889 (5772 per atom)
One electron integrals and orthogonalizer took 0.044757s
Created 485950 / 1882384 significant shell pairs
3C integrals and B formation took 1.721641s
Iteration |      Energy      |  DIIS Metric   | Fock Time (s) | DIIS Time (s)
----------+------------------+----------------+---------------+--------------
Density calculation took 0.541129s
Tau required
    1     | -1547.2165259484 |   9.5643e+02   |    1.3797     |    0.2273
Density calculation took 0.531751s
Tau required
    2     | -1536.7647440105 |   2.5077e+00   |    1.1256     |    0.1961
Density calculation took 0.510787s
Tau required
    3     | -1536.6642960657 |   3.0317e+00   |    1.1056     |    0.2050
Density calculation took 0.510646s
Tau required
    4     | -1537.4488797391 |   9.2887e-02   |    1.1066     |    0.1984
Density calculation took 0.511652s
Tau required
    5     | -1537.4657413492 |   3.0833e-02   |    1.1047     |    0.2069
Density calculation took 0.511420s
Tau required
    6     | -1537.4729139361 |   5.4645e-03   |    1.1057     |    0.1997
Density calculation took 0.511212s
Tau required
    7     | -1537.4740411934 |   1.9885e-03   |    1.1058     |    0.2080
Density calculation took 0.511213s
Tau required
    8     | -1537.4746054094 |   5.3158e-04   |    1.1055     |    0.2002
Density calculation took 0.511731s
Tau required
    9     | -1537.4747648747 |   3.5177e-05   |    1.1066     |    0.2014
Density calculation took 0.511371s
Tau required
   10     | -1537.4747744695 |   4.0986e-06   |    1.1074     |    0.2003
Density calculation took 0.511574s
Tau required
   11     | -1537.4747753615 |   1.1730e-06   |    1.1074     |    0.2008
Density calculation took 0.510964s
Tau required
   12     | -1537.4747756471 |   2.0100e-07   |    1.1056     |    0.2010
Density calculation took 0.511834s
Tau required
   13     | -1537.4747756912 |   6.2037e-08   |    1.1063     |    0.2001
Density calculation took 0.511368s
Tau required
   14     | -1537.4747757084 |   4.5575e-09   |    1.1050     |    0.2004
Density calculation took 0.511864s
Tau required
   15     | -1537.4747757092 |   1.9449e-09   |    1.1074     |    0.2006
Density calculation took 0.511427s
Tau required
   16     | -1537.4747757097 |   2.0194e-10   |    1.1067     |    0.2010
Density calculation took 0.511899s
Tau required
   17     | -1537.4747757098 |   1.4079e-10   |    1.1066     |    0.2054
Density calculation took 0.511711s
Tau required
   18     | -1537.4747757098 |   3.0418e-11   |    1.1067     |    0.2008
Please cite the following papers for the methods used in this calculation:
 - J.L. Galvez Vallejo et. al., Toward an extreme-scale electronic structure system, J. Chem. Phys., 2023. DOI: 10.1063/5.0156399

 - R. Stocks, E. Palethorpe, and G.M.J. Barca, Multi-GPU RI-HF Energies and Analytic Gradients ─ Toward High-Throughput Ab Initio Molecular Dynamics, J. Chem. Theory Comput., 2024. DOI: 10.1021/acs.jctc.4c00877
   For:
     * RI-HF energy

 - S. Lehtola, C. Steigemann, M.J.T. Oliveira, and M.A.L. Marques, Recent developments in Libxc: A comprehensive library of functionals for density functional theory, SoftwareX, 2018. DOI: 10.1016/j.softx.2017.11.002
   For:
     * LibXC version 6.2.0

 - D.B. Williams-Young, W.A. de Jong, H.J.J. van Dam, and C. Yang, On the Efficient Evaluation of the Exchange Correlation Potential on Graphics Processing Unit Clusters, Frontiers in Chemistry, 2020. DOI: 10.3389/fchem.2020.581058
   For:
     * ExchCXX GPU implementation of exchange-correlation functionals

 - R. Stocks and G.M.J. Barca, Efficient Algorithms for GPU Accelerated Evaluation of the DFT Exchange-Correlation Functional, J. Chem. Theory Comput., 2025. DOI: 10.1021/acs.jctc.5c01229
   For:
     * GPU accelerated DFT exchange-correlation evaluation

 - J. Sun, A. Ruzsinszky, and J. P. Perdew.,  Phys. Rev. Lett. 115, 036402 (2015) DOI: 10.1103/PhysRevLett.115.036402
   For:
     * MGGA_X_SCAN XC Functional
     * MGGA_C_SCAN XC Functional

[CRAYBLAS_WARNING] Application linked against multiple cray-libsci libraries
