Total number of grid points: 358509 (5782 per atom)
Density calculation took 0.559025s
Tau required
Density calculation took 0.540384s
Tau required
Density calculation took 0.518391s
Tau required
Density calculation took 0.518802s
Tau required
Density calculation took 0.518773s
Tau required
Density calculation took 0.518929s
Tau required
Density calculation took 0.519000s
Tau required
Density calculation took 0.517935s
Tau required
Density calculation took 0.519042s
Tau required
Density calculation took 0.518689s
Tau required
Density calculation took 0.518359s
Tau required
Density calculation took 0.518801s
Tau required
Density calculation took 0.517478s
Tau required
Density calculation took 0.518754s
Tau required
Density calculation took 0.519356s
Tau required
Density calculation took 0.519516s
Tau required
Total number of grid points: 358039 (5774 per atom)
Density calculation took 0.559954s
Tau required
Density calculation took 0.545232s
Tau required
Density calculation took 0.524695s
Tau required
Density calculation took 0.524676s
Tau required
Density calculation took 0.524837s
Tau required
Density calculation took 0.524726s
Tau required
Density calculation took 0.525243s
Tau required
Density calculation took 0.525194s
Tau required
Density calculation took 0.525243s
Tau required
Density calculation took 0.524977s
Tau required
Density calculation took 0.525520s
Tau required
Density calculation took 0.525536s
Tau required
Density calculation took 0.525826s
Tau required
Density calculation took 0.525747s
Tau required
Density calculation took 0.525926s
Tau required
Density calculation took 0.525681s
Tau required
Total number of grid points: 357382 (5764 per atom)
Density calculation took 0.544500s
Tau required
Density calculation took 0.544618s
Tau required
Density calculation took 0.524135s
Tau required
Density calculation took 0.524359s
Tau required
Density calculation took 0.523925s
Tau required
Density calculation took 0.524512s
Tau required
Density calculation took 0.524373s
Tau required
Density calculation took 0.524672s
Tau required
Density calculation took 0.524411s
Tau required
Density calculation took 0.524568s
Tau required
Density calculation took 0.524958s
Tau required
Density calculation took 0.524623s
Tau required
Density calculation took 0.524488s
Tau required
Density calculation took 0.524981s
Tau required
Density calculation took 0.524942s
Tau required
Density calculation took 0.525246s
Tau required
Density calculation took 0.525140s
Tau required
Total number of grid points: 357878 (5772 per atom)
Density calculation took 0.562717s
Tau required
Density calculation took 0.541481s
Tau required
Density calculation took 0.519824s
Tau required
Density calculation took 0.519614s
Tau required
Density calculation took 0.520370s
Tau required
Density calculation took 0.519615s
Tau required
Density calculation took 0.520307s
Tau required
Density calculation took 0.519723s
Tau required
Density calculation took 0.520387s
Tau required
Density calculation took 0.519908s
Tau required
Density calculation took 0.520701s
Tau required
Density calculation took 0.520418s
Tau required
Density calculation took 0.520863s
Tau required
Density calculation took 0.520565s
Tau required
Density calculation took 0.520679s
Tau required
Density calculation took 0.520306s
Tau required
Density calculation took 0.520907s
Tau required
Total number of grid points: 357058 (5759 per atom)
Density calculation took 0.562260s
Tau required
Density calculation took 0.543672s
Tau required
Density calculation took 0.522988s
Tau required
Density calculation took 0.523204s
Tau required
Density calculation took 0.522621s
Tau required
Density calculation took 0.523439s
Tau required
Density calculation took 0.523121s
Tau required
Density calculation took 0.523372s
Tau required
Density calculation took 0.523125s
Tau required
Density calculation took 0.523300s
Tau required
Density calculation took 0.523642s
Tau required
Density calculation took 0.523712s
Tau required
Density calculation took 0.523460s
Tau required
Density calculation took 0.523577s
Tau required
Density calculation took 0.523692s
Tau required
Density calculation took 0.523430s
Tau required
Density calculation took 0.523799s
Tau required
Total number of grid points: 357874 (5772 per atom)
Density calculation took 0.540660s
Tau required
Density calculation took 0.544017s
Tau required
Density calculation took 0.523111s
Tau required
Density calculation took 0.523330s
Tau required
Density calculation took 0.523273s
Tau required
Density calculation took 0.523743s
Tau required
Density calculation took 0.522821s
Tau required
Density calculation took 0.522895s
Tau required
Density calculation took 0.523611s
Tau required
Density calculation took 0.523918s
Tau required
Density calculation took 0.523746s
Tau required
Density calculation took 0.523537s
Tau required
Density calculation took 0.523709s
Tau required
Density calculation took 0.524026s
Tau required
Density calculation took 0.523100s
Tau required
Density calculation took 0.523787s
Tau required
Total number of grid points: 357576 (5767 per atom)
Density calculation took 0.561715s
Tau required
Density calculation took 0.541166s
Tau required
Density calculation took 0.519717s
Tau required
Density calculation took 0.519809s
Tau required
Density calculation took 0.519750s
Tau required
Density calculation took 0.520004s
Tau required
Density calculation took 0.519771s
Tau required
Density calculation took 0.519626s
Tau required
Density calculation took 0.519745s
Tau required
Density calculation took 0.519670s
Tau required
Density calculation took 0.519927s
Tau required
Density calculation took 0.519990s
Tau required
Density calculation took 0.519892s
Tau required
Density calculation took 0.519921s
Tau required
Density calculation took 0.520072s
Tau required
Density calculation took 0.519802s
Tau required
Total number of grid points: 358388 (5780 per atom)
Density calculation took 0.557303s
Tau required
Density calculation took 0.537134s
Tau required
Density calculation took 0.517066s
Tau required
Density calculation took 0.517562s
Tau required
Density calculation took 0.517430s
Tau required
Density calculation took 0.518135s
Tau required
Density calculation took 0.517708s
Tau required
Density calculation took 0.518172s
Tau required
Density calculation took 0.517886s
Tau required
Density calculation took 0.517784s
Tau required
Density calculation took 0.517575s
Tau required
Density calculation took 0.518034s
Tau required
Density calculation took 0.517378s
Tau required
Density calculation took 0.518295s
Tau required
Density calculation took 0.517523s
Tau required
Density calculation took 0.518286s
Tau required
Total number of grid points: 358345 (5779 per atom)
Density calculation took 0.574060s
Tau required
Density calculation took 0.543819s
Tau required
Density calculation took 0.521224s
Tau required
Density calculation took 0.520969s
Tau required
Density calculation took 0.521310s
Tau required
Density calculation took 0.521335s
Tau required
Density calculation took 0.521622s
Tau required
Density calculation took 0.521641s
Tau required
Density calculation took 0.521453s
Tau required
Density calculation took 0.521492s
Tau required
Density calculation took 0.521577s
Tau required
Density calculation took 0.521757s
Tau required
Density calculation took 0.521712s
Tau required
Density calculation took 0.521098s
Tau required
Density calculation took 0.521831s
Tau required
Density calculation took 0.521251s
Tau required
Total number of grid points: 358455 (5781 per atom)
Density calculation took 0.560990s
Tau required
Density calculation took 0.540412s
Tau required
Density calculation took 0.517030s
Tau required
Density calculation took 0.517217s
Tau required
Density calculation took 0.517895s
Tau required
Density calculation took 0.517502s
Tau required
Density calculation took 0.518103s
Tau required
Density calculation took 0.517352s
Tau required
Density calculation took 0.517301s
Tau required
Density calculation took 0.518173s
Tau required
Density calculation took 0.517622s
Tau required
Density calculation took 0.517535s
Tau required
Density calculation took 0.517888s
Tau required
Density calculation took 0.518462s
Tau required
Density calculation took 0.517744s
Tau required
Density calculation took 0.517845s
Tau required
Density calculation took 0.517681s
Tau required
Total number of grid points: 358431 (5781 per atom)
Density calculation took 0.559124s
Tau required
Density calculation took 0.541228s
Tau required
Density calculation took 0.519413s
Tau required
Density calculation took 0.520792s
Tau required
Density calculation took 0.519336s
Tau required
Density calculation took 0.520944s
Tau required
Density calculation took 0.519693s
Tau required
Density calculation took 0.521206s
Tau required
Density calculation took 0.519428s
Tau required
Density calculation took 0.521125s
Tau required
Density calculation took 0.519974s
Tau required
Density calculation took 0.521222s
Tau required
Density calculation took 0.520345s
Tau required
Density calculation took 0.520906s
Tau required
Density calculation took 0.519633s
Tau required
Density calculation took 0.521023s
Tau required
Total number of grid points: 358067 (5775 per atom)
Density calculation took 0.551209s
Tau required
Density calculation took 0.544411s
Tau required
Density calculation took 0.523341s
Tau required
Density calculation took 0.524272s
Tau required
Density calculation took 0.524336s
Tau required
Density calculation took 0.524478s
Tau required
Density calculation took 0.524771s
Tau required
Density calculation took 0.524731s
Tau required
Density calculation took 0.523753s
Tau required
Density calculation took 0.523862s
Tau required
Density calculation took 0.524025s
Tau required
Density calculation took 0.523723s
Tau required
Density calculation took 0.524763s
Tau required
Density calculation took 0.524582s
Tau required
Density calculation took 0.524571s
Tau required
Density calculation took 0.523760s
Tau required
Total number of grid points: 357244 (5762 per atom)
Density calculation took 0.537508s
Tau required
Density calculation took 0.545186s
Tau required
Density calculation took 0.523161s
Tau required
Density calculation took 0.524753s
Tau required
Density calculation took 0.523898s
Tau required
Density calculation took 0.524320s
Tau required
Density calculation took 0.523699s
Tau required
Density calculation took 0.524855s
Tau required
Density calculation took 0.524103s
Tau required
Density calculation took 0.525122s
Tau required
Density calculation took 0.523700s
Tau required
Density calculation took 0.525359s
Tau required
Density calculation took 0.524005s
Tau required
Density calculation took 0.524465s
Tau required
Density calculation took 0.524226s
Tau required
Density calculation took 0.525419s
Tau required
Total number of grid points: 357645 (5768 per atom)
Density calculation took 0.547508s
Tau required
Density calculation took 0.547594s
Tau required
Density calculation took 0.527237s
Tau required
Density calculation took 0.527054s
Tau required
Density calculation took 0.527455s
Tau required
Density calculation took 0.527271s
Tau required
Density calculation took 0.527889s
Tau required
Density calculation took 0.527617s
Tau required
Density calculation took 0.527425s
Tau required
Density calculation took 0.528087s
Tau required
Density calculation took 0.527636s
Tau required
Density calculation took 0.527655s
Tau required
Density calculation took 0.527736s
Tau required
Density calculation took 0.527977s
Tau required
Density calculation took 0.528144s
Tau required
Density calculation took 0.528092s
Tau required
Total number of grid points: 357957 (5773 per atom)
Density calculation took 0.544717s
Tau required
Density calculation took 0.542319s
Tau required
Density calculation took 0.521272s
Tau required
Density calculation took 0.521689s
Tau required
Density calculation took 0.521790s
Tau required
Density calculation took 0.521808s
Tau required
Density calculation took 0.521966s
Tau required
Density calculation took 0.522007s
Tau required
Density calculation took 0.522076s
Tau required
Density calculation took 0.521622s
Tau required
Density calculation took 0.522199s
Tau required
Density calculation took 0.521751s
Tau required
Density calculation took 0.521830s
Tau required
Density calculation took 0.522233s
Tau required
Density calculation took 0.522172s
Tau required
Density calculation took 0.522336s
Tau required
Total number of grid points: 357587 (5767 per atom)
Density calculation took 0.555695s
Tau required
Density calculation took 0.546629s
Tau required
Density calculation took 0.525311s
Tau required
Density calculation took 0.524925s
Tau required
Density calculation took 0.525212s
Tau required
Density calculation took 0.525407s
Tau required
Density calculation took 0.525436s
Tau required
Density calculation took 0.525671s
Tau required
Density calculation took 0.525730s
Tau required
Density calculation took 0.525616s
Tau required
Density calculation took 0.525586s
Tau required
Density calculation took 0.525879s
Tau required
Density calculation took 0.525677s
Tau required
Density calculation took 0.525769s
Tau required
Density calculation took 0.526015s
Tau required
Density calculation took 0.525491s
Tau required
Density calculation took 0.525935s
Tau required
Total number of grid points: 358215 (5777 per atom)
Density calculation took 0.564721s
Tau required
Density calculation took 0.548184s
Tau required
Density calculation took 0.524522s
Tau required
Density calculation took 0.525329s
Tau required
Density calculation took 0.525020s
Tau required
Density calculation took 0.525892s
Tau required
Density calculation took 0.524966s
Tau required
Density calculation took 0.526210s
Tau required
Density calculation took 0.524934s
Tau required
Density calculation took 0.525884s
Tau required
Density calculation took 0.524936s
Tau required
Density calculation took 0.526166s
Tau required
Density calculation took 0.525205s
Tau required
Density calculation took 0.525603s
Tau required
Density calculation took 0.525419s
Tau required
Density calculation took 0.526344s
Tau required
Total number of grid points: 357874 (5772 per atom)
Density calculation took 0.552841s
Tau required
Density calculation took 0.542758s
Tau required
Density calculation took 0.522178s
Tau required
Density calculation took 0.521368s
Tau required
Density calculation took 0.522099s
Tau required
Density calculation took 0.521730s
Tau required
Density calculation took 0.522427s
Tau required
Density calculation took 0.521814s
Tau required
Density calculation took 0.522789s
Tau required
Density calculation took 0.521960s
Tau required
Density calculation took 0.522486s
Tau required
Density calculation took 0.522300s
Tau required
Density calculation took 0.522422s
Tau required
Density calculation took 0.521988s
Tau required
Density calculation took 0.522371s
Tau required
Density calculation took 0.521926s
Tau required
Total number of grid points: 358245 (5778 per atom)
Density calculation took 0.552526s
Tau required
Density calculation took 0.540897s
Tau required
Density calculation took 0.519136s
Tau required
Density calculation took 0.519277s
Tau required
Density calculation took 0.519539s
Tau required
Density calculation took 0.519115s
Tau required
Density calculation took 0.519184s
Tau required
Density calculation took 0.519677s
Tau required
Density calculation took 0.519362s
Tau required
Density calculation took 0.519541s
Tau required
Density calculation took 0.519940s
Tau required
Density calculation took 0.519681s
Tau required
Density calculation took 0.519746s
Tau required
Density calculation took 0.519757s
Tau required
Density calculation took 0.519732s
Tau required
Density calculation took 0.519780s
Tau required
Total number of grid points: 357386 (5764 per atom)
Density calculation took 0.546557s
Tau required
Density calculation took 0.548094s
Tau required
Density calculation took 0.527496s
Tau required
Density calculation took 0.527523s
Tau required
Density calculation took 0.527542s
Tau required
Density calculation took 0.527565s
Tau required
Density calculation took 0.527582s
Tau required
Density calculation took 0.527482s
Tau required
Density calculation took 0.527846s
Tau required
Density calculation took 0.527312s
Tau required
Density calculation took 0.527701s
Tau required
Density calculation took 0.527944s
Tau required
Density calculation took 0.527787s
Tau required
Density calculation took 0.528124s
Tau required
Density calculation took 0.527783s
Tau required
Density calculation took 0.527778s
Tau required
[CRAYBLAS_WARNING] Application linked against multiple cray-libsci libraries
to: json_logs/lustre_orion_chm213_scratch_ryan_dhdft_inputs_exess_exess_inputs_SCAN_def2-TZVP_isomers_10680-10699_topology_8.json
************************************************************
**************** Running topology 10 of 20 *****************
************************************************************

************************************************************
******* Beginning RI-MGGA_X_SCAN+MGGA_C_SCAN energy ********
************************************************************

=======================================================
        MGGA_X_SCAN+MGGA_C_SCAN Energy Results         
=======================================================
E MGGA_X_SCAN+MGGA_C_SCAN: -1537.46736315
Nuclear Repulsion Energy: 4006.51833759
Electronic Energy:        -5318.58758301
XC Energy:                -225.398118
Converged:                1
# of SCF iterations:      17
SCF Time:                 24.83s

=======================================================
            Individual Calculation Summary             
=======================================================
HF Energy: -1537.4673631514219778
=======================================================


Topology 9 time: 25.018010 s, performance: SP: 0 FLOP/s, DP: 33.58 TFLOP/s
JSON file written to: json_logs/lustre_orion_chm213_scratch_ryan_dhdft_inputs_exess_exess_inputs_SCAN_def2-TZVP_isomers_10680-10699_topology_9.json
************************************************************
**************** Running topology 11 of 20 *****************
************************************************************

************************************************************
******* Beginning RI-MGGA_X_SCAN+MGGA_C_SCAN energy ********
************************************************************

=======================================================
        MGGA_X_SCAN+MGGA_C_SCAN Energy Results         
=======================================================
E MGGA_X_SCAN+MGGA_C_SCAN: -1537.48052519
Nuclear Repulsion Energy: 3908.73785632
Electronic Energy:        -5220.81991446
XC Energy:                -225.398467
Converged:                1
# of SCF iterations:      16
SCF Time:                 23.337s

=======================================================
            Individual Calculation Summary             
=======================================================
HF Energy: -1537.4805251893794775
=======================================================


Topology 10 time: 23.517058 s, performance: SP: 0 FLOP/s, DP: 33.83 TFLOP/s
JSON file written to: json_logs/lustre_orion_chm213_scratch_ryan_dhdft_inputs_exess_exess_inputs_SCAN_def2-TZVP_isomers_10680-10699_topology_10.json
************************************************************
**************** Running topology 12 of 20 *****************
************************************************************

************************************************************
******* Beginning RI-MGGA_X_SCAN+MGGA_C_SCAN energy ********
************************************************************

=======================================================
        MGGA_X_SCAN+MGGA_C_SCAN Energy Results         
=======================================================
E MGGA_X_SCAN+MGGA_C_SCAN: -1537.49237611
Nuclear Repulsion Energy: 3901.16749399
Electronic Energy:        -5213.2528375
XC Energy:                -225.407033
Converged:                1
# of SCF iterations:      16
SCF Time:                 23.409s

=======================================================
            Individual Calculation Summary             
=======================================================
HF Energy: -1537.4923761129284685
=======================================================


Topology 11 time: 23.589128 s, performance: SP: 0 FLOP/s, DP: 33.75 TFLOP/s
JSON file written to: json_logs/lustre_orion_chm213_scratch_ryan_dhdft_inputs_exess_exess_inputs_SCAN_def2-TZVP_isomers_10680-10699_topology_11.json
************************************************************
**************** Running topology 13 of 20 *****************
************************************************************

************************************************************
******* Beginning RI-MGGA_X_SCAN+MGGA_C_SCAN energy ********
************************************************************

=======================================================
        MGGA_X_SCAN+MGGA_C_SCAN Energy Results         
=======================================================
E MGGA_X_SCAN+MGGA_C_SCAN: -1537.49617351
Nuclear Repulsion Energy: 3808.82658499
Electronic Energy:        -5120.9200194
XC Energy:                -225.402739
Converged:                1
# of SCF iterations:      16
SCF Time:                 23.382s

=======================================================
            Individual Calculation Summary             
=======================================================
HF Energy: -1537.4961735060896899
=======================================================


Topology 12 time: 23.554423 s, performance: SP: 0 FLOP/s, DP: 33.8 TFLOP/s
JSON file written to: json_logs/lustre_orion_chm213_scratch_ryan_dhdft_inputs_exess_exess_inputs_SCAN_def2-TZVP_isomers_10680-10699_topology_12.json
************************************************************
**************** Running topology 14 of 20 *****************
************************************************************

************************************************************
******* Beginning RI-MGGA_X_SCAN+MGGA_C_SCAN energy ********
************************************************************

=======================================================
        MGGA_X_SCAN+MGGA_C_SCAN Energy Results         
=======================================================
E MGGA_X_SCAN+MGGA_C_SCAN: -1537.49605438
Nuclear Repulsion Energy: 3851.36577909
Electronic Energy:        -5163.4590587
XC Energy:                -225.402775
Converged:                1
# of SCF iterations:      16
SCF Time:                 23.56s

=======================================================
            Individual Calculation Summary             
=======================================================
HF Energy: -1537.4960543800223149
=======================================================


Topology 13 time: 23.735750 s, performance: SP: 0 FLOP/s, DP: 33.52 TFLOP/s
JSON file written to: json_logs/lustre_orion_chm213_scratch_ryan_dhdft_inputs_exess_exess_inputs_SCAN_def2-TZVP_isomers_10680-10699_topology_13.json
************************************************************
**************** Running topology 15 of 20 *****************
************************************************************

************************************************************
******* Beginning RI-MGGA_X_SCAN+MGGA_C_SCAN energy ********
************************************************************

=======================================================
        MGGA_X_SCAN+MGGA_C_SCAN Energy Results         
=======================================================
E MGGA_X_SCAN+MGGA_C_SCAN: -1537.483492
Nuclear Repulsion Energy: 3955.36101886
Electronic Energy:        -5267.44122893
XC Energy:                -225.403282
Converged:                1
# of SCF iterations:      16
SCF Time:                 23.367s

=======================================================
            Individual Calculation Summary             
=======================================================
HF Energy: -1537.4834920049065659
=======================================================


Topology 14 time: 23.554202 s, performance: SP: 0 FLOP/s, DP: 33.73 TFLOP/s
JSON file written to: json_logs/lustre_orion_chm213_scratch_ryan_dhdft_inputs_exess_exess_inputs_SCAN_def2-TZVP_isomers_10680-10699_topology_14.json
************************************************************
**************** Running topology 16 of 20 *****************
************************************************************

************************************************************
******* Beginning RI-MGGA_X_SCAN+MGGA_C_SCAN energy ********
************************************************************

=======================================================
        MGGA_X_SCAN+MGGA_C_SCAN Energy Results         
=======================================================
E MGGA_X_SCAN+MGGA_C_SCAN: -1537.47913067
Nuclear Repulsion Energy: 3933.57657248
Electronic Energy:        -5245.65741036
XC Energy:                -225.398293
Converged:                1
# of SCF iterations:      17
SCF Time:                 24.799s

=======================================================
            Individual Calculation Summary             
=======================================================
HF Energy: -1537.4791306659758447
=======================================================


Topology 15 time: 24.981097 s, performance: SP: 0 FLOP/s, DP: 33.69 TFLOP/s
JSON file written to: json_logs/lustre_orion_chm213_scratch_ryan_dhdft_inputs_exess_exess_inputs_SCAN_def2-TZVP_isomers_10680-10699_topology_15.json
************************************************************
**************** Running topology 17 of 20 *****************
************************************************************

************************************************************
******* Beginning RI-MGGA_X_SCAN+MGGA_C_SCAN energy ********
************************************************************

=======================================================
        MGGA_X_SCAN+MGGA_C_SCAN Energy Results         
=======================================================
E MGGA_X_SCAN+MGGA_C_SCAN: -1537.49223856
Nuclear Repulsion Energy: 3835.32176773
Electronic Energy:        -5147.41340247
XC Energy:                -225.400604
Converged:                1
# of SCF iterations:      16
SCF Time:                 23.582s

=======================================================
            Individual Calculation Summary             
=======================================================
HF Energy: -1537.4922385588033649
=======================================================


Topology 16 time: 23.757009 s, performance: SP: 0 FLOP/s, DP: 33.49 TFLOP/s
JSON file written to: json_logs/lustre_orion_chm213_scratch_ryan_dhdft_inputs_exess_exess_inputs_SCAN_def2-TZVP_isomers_10680-10699_topology_16.json
************************************************************
**************** Running topology 18 of 20 *****************
************************************************************

************************************************************
******* Beginning RI-MGGA_X_SCAN+MGGA_C_SCAN energy ********
************************************************************

=======================================================
        MGGA_X_SCAN+MGGA_C_SCAN Energy Results         
=======================================================
E MGGA_X_SCAN+MGGA_C_SCAN: -1537.48393425
Nuclear Repulsion Energy: 3840.62928102
Electronic Energy:        -5152.71358409
XC Energy:                -225.399631
Converged:                1
# of SCF iterations:      16
SCF Time:                 23.311s

=======================================================
            Individual Calculation Summary             
=======================================================
HF Energy: -1537.4839342459047202
=======================================================


Topology 17 time: 23.487322 s, performance: SP: 0 FLOP/s, DP: 33.86 TFLOP/s
JSON file written to: json_logs/lustre_orion_chm213_scratch_ryan_dhdft_inputs_exess_exess_inputs_SCAN_def2-TZVP_isomers_10680-10699_topology_17.json
************************************************************
**************** Running topology 19 of 20 *****************
************************************************************

************************************************************
******* Beginning RI-MGGA_X_SCAN+MGGA_C_SCAN energy ********
************************************************************

=======================================================
        MGGA_X_SCAN+MGGA_C_SCAN Energy Results         
=======================================================
E MGGA_X_SCAN+MGGA_C_SCAN: -1537.48393617
Nuclear Repulsion Energy: 3849.232152
Electronic Energy:        -5161.31637428
XC Energy:                -225.399714
Converged:                1
# of SCF iterations:      16
SCF Time:                 23.259s

=======================================================
            Individual Calculation Summary             
=======================================================
HF Energy: -1537.4839361741505854
=======================================================


Topology 18 time: 23.434604 s, performance: SP: 0 FLOP/s, DP: 33.94 TFLOP/s
JSON file written to: json_logs/lustre_orion_chm213_scratch_ryan_dhdft_inputs_exess_exess_inputs_SCAN_def2-TZVP_isomers_10680-10699_topology_18.json
************************************************************
**************** Running topology 20 of 20 *****************
************************************************************

************************************************************
******* Beginning RI-MGGA_X_SCAN+MGGA_C_SCAN energy ********
************************************************************

=======================================================
        MGGA_X_SCAN+MGGA_C_SCAN Energy Results         
=======================================================
E MGGA_X_SCAN+MGGA_C_SCAN: -1537.49233114
Nuclear Repulsion Energy: 3854.73843586
Electronic Energy:        -5166.82986859
XC Energy:                -225.400898
Converged:                1
# of SCF iterations:      16
SCF Time:                 23.539s

=======================================================
            Individual Calculation Summary             
=======================================================
HF Energy: -1537.4923311446009393
=======================================================


Topology 19 time: 23.713797 s, performance: SP: 0 FLOP/s, DP: 33.56 TFLOP/s
JSON file written to: json_logs/lustre_orion_chm213_scratch_ryan_dhdft_inputs_exess_exess_inputs_SCAN_def2-TZVP_isomers_10680-10699_topology_19.json
Total flops: SP: 0 FLOPS, DP: 16.127582 PFLOPS
Performance: SP: 0 FLOP/s, DP: 32.9 TFLOP/s

Now, a word from our sponsors... 
 So you can see on which side the iguana bites (Mexican saying)

[31mTotal processing time 490.528506 seconds[0m
[CRAYBLAS_WARNING] Application linked against multiple cray-libsci libraries
   |    0.2045
Density calculation took 0.516432s
Tau required
   12     | -1537.4961734734 |   1.1027e-07   |    1.1117     |    0.2020
Density calculation took 0.515456s
Tau required
   13     | -1537.4961735030 |   9.8341e-09   |    1.1167     |    0.2016
Density calculation took 0.515194s
Tau required
   14     | -1537.4961735056 |   1.6451e-09   |    1.1168     |    0.2023
Density calculation took 0.515464s
Tau required
   15     | -1537.4961735060 |   3.0446e-10   |    1.1168     |    0.2019
Density calculation took 0.515471s
Tau required
   16     | -1537.4961735061 |   4.6456e-11   |    1.1179     |    0.2020
Created 597332 / 2471184 significant shell pairs
Created 463145 / 1882384 significant shell pairs
Total number of grid points: 357522 (5766 per atom)
One electron integrals and orthogonalizer took 0.044343s
Created 463145 / 1882384 significant shell pairs
3C integrals and B formation took 1.689554s
Iteration |      Energy      |  DIIS Metric   | Fock Time (s) | DIIS Time (s)
----------+------------------+----------------+---------------+--------------
Density calculation took 0.549431s
Tau required
    1     | -1547.2297155649 |   9.5563e+02   |    1.3867     |    0.2283
Density calculation took 0.536873s
Tau required
    2     | -1536.7806250205 |   2.5419e+00   |    1.1488     |    0.1995
Density calculation took 0.514641s
Tau required
    3     | -1536.6794529297 |   3.0827e+00   |    1.1253     |    0.2106
Density calculation took 0.514384s
Tau required
    4     | -1537.4761229086 |   7.2375e-02   |    1.1265     |    0.2007
Density calculation took 0.514347s
Tau required
    5     | -1537.4877293007 |   2.8386e-02   |    1.1257     |    0.2084
Density calculation took 0.514255s
Tau required
    6     | -1537.4949803675 |   3.6652e-03   |    1.1255     |    0.2011
Density calculation took 0.514003s
Tau required
    7     | -1537.4958863117 |   5.8460e-04   |    1.1309     |    0.2110
Density calculation took 0.514041s
Tau required
    8     | -1537.4960148130 |   1.3951e-04   |    1.1242     |    0.2037
Density calculation took 0.514435s
Tau required
    9     | -1537.4960510904 |   1.1242e-05   |    1.1251     |    0.2031
Density calculation took 0.514211s
Tau required
   10     | -1537.4960535486 |   2.7796e-06   |    1.1235     |    0.2028
Density calculation took 0.514322s
Tau required
   11     | -1537.4960543036 |   2.6240e-07   |    1.1248     |    0.2026
Density calculation took 0.514354s
Tau required
   12     | -1537.4960543481 |   1.0798e-07   |    1.1230     |    0.2033
Density calculation took 0.514204s
Tau required
   13     | -1537.4960543764 |   1.2200e-08   |    1.1251     |    0.2033
Density calculation took 0.514054s
Tau required
   14     | -1537.4960543796 |   1.3100e-09   |    1.1283     |    0.2024
Density calculation took 0.514274s
Tau required
   15     | -1537.4960543799 |   4.1742e-10   |    1.1242     |    0.2021
Density calculation took 0.514645s
Tau required
   16     | -1537.4960543800 |   5.5357e-11   |    1.1235     |    0.2031
Created 630362 / 2471184 significant shell pairs
Created 489206 / 1882384 significant shell pairs
Total number of grid points: 357625 (5768 per atom)
One electron integrals and orthogonalizer took 0.043975s
Created 489206 / 1882384 significant shell pairs
3C integrals and B formation took 1.717761s
Iteration |      Energy      |  DIIS Metric   | Fock Time (s) | DIIS Time (s)
----------+------------------+----------------+---------------+--------------
Density calculation took 0.555708s
Tau required
    1     | -1547.2303370858 |   9.5861e+02   |    1.3887     |    0.2309
Density calculation took 0.533816s
Tau required
    2     | -1536.7677232230 |   2.5399e+00   |    1.1308     |    0.1999
Density calculation took 0.510982s
Tau required
    3     | -1536.6409936943 |   3.1738e+00   |    1.1102     |    0.2074
Density calculation took 0.511121s
Tau required
    4     | -1537.4418087988 |   1.4210e-01   |    1.1098     |    0.1999
Density calculation took 0.511529s
Tau required
    5     | -1537.4646894225 |   6.1917e-02   |    1.1095     |    0.2097
Density calculation took 0.511508s
Tau required
    6     | -1537.4821591120 |   4.9829e-03   |    1.1114     |    0.2014
Density calculation took 0.512264s
Tau required
    7     | -1537.4832519302 |   8.5072e-04   |    1.1104     |    0.2098
Density calculation took 0.510974s
Tau required
    8     | -1537.4834116550 |   2.8485e-04   |    1.1094     |    0.2035
Density calculation took 0.511412s
Tau required
    9     | -1537.4834879082 |   1.3185e-05   |    1.1103     |    0.2031
Density calculation took 0.510746s
Tau required
   10     | -1537.4834906504 |   4.3844e-06   |    1.1093     |    0.2045
Density calculation took 0.511590s
Tau required
   11     | -1537.4834919004 |   3.6907e-07   |    1.1105     |    0.2030
Density calculation took 0.510972s
Tau required
   12     | -1537.4834919636 |   1.4284e-07   |    1.1091     |    0.2028
Density calculation took 0.511557s
Tau required
   13     | -1537.4834919995 |   1.9343e-08   |    1.1098     |    0.2029
Density calculation took 0.510936s
Tau required
   14     | -1537.4834920042 |   2.3409e-09   |    1.1161     |    0.2028
Density calculation took 0.511876s
Tau required
   15     | -1537.4834920047 |   6.8507e-10   |    1.1097     |    0.2026
Density calculation took 0.510678s
Tau required
   16     | -1537.4834920049 |   6.0888e-11   |    1.1107     |    0.2038
Created 624561 / 2471184 significant shell pairs
Created 484804 / 1882384 significant shell pairs
Total number of grid points: 357604 (5767 per atom)
One electron integrals and orthogonalizer took 0.044530s
Created 484804 / 1882384 significant shell pairs
3C integrals and B formation took 1.703637s
Iteration |      Energy      |  DIIS Metric   | Fock Time (s) | DIIS Time (s)
----------+------------------+----------------+---------------+--------------
Density calculation took 0.533109s
Tau required
    1     | -1547.2226626122 |   9.5699e+02   |    1.3898     |    0.2300
Density calculation took 0.536228s
Tau required
    2     | -1536.7683800240 |   2.5136e+00   |    1.1429     |    0.2000
Density calculation took 0.514913s
Tau required
    3     | -1536.6662370593 |   3.0603e+00   |    1.1181     |    0.2083
Density calculation took 0.514641s
Tau required
    4     | -1537.4546518908 |   8.9139e-02   |    1.1161     |    0.2004
Density calculation took 0.515070s
Tau required
    5     | -1537.4688848749 |   3.3126e-02   |    1.1177     |    0.2091
Density calculation took 0.514888s
Tau required
    6     | -1537.4777477044 |   4.5816e-03   |    1.1176     |    0.2021
Density calculation took 0.514585s
Tau required
    7     | -1537.4789878201 |   5.0256e-04   |    1.1189     |    0.2099
Density calculation took 0.514949s
Tau required
    8     | -1537.4790920564 |   1.3030e-04   |    1.1184     |    0.2027
Density calculation took 0.514707s
Tau required
    9     | -1537.4791269207 |   1.2732e-05   |    1.1182     |    0.2027
Density calculation took 0.514782s
Tau required
   10     | -1537.4791298388 |   2.8448e-06   |    1.1184     |    0.2031
Density calculation took 0.514392s
Tau required
   11     | -1537.4791305928 |   2.5706e-07   |    1.1186     |    0.2024
Density calculation took 0.514561s
Tau required
   12     | -1537.4791306319 |   1.2071e-07   |    1.1205     |    0.2033
Density calculation took 0.514167s
Tau required
   13     | -1537.4791306592 |   2.1987e-08   |    1.1190     |    0.2028
Density calculation took 0.514744s
Tau required
   14     | -1537.4791306652 |   2.3573e-09   |    1.1183     |    0.2050
Density calculation took 0.514282s
Tau required
   15     | -1537.4791306657 |   8.2969e-10   |    1.1187     |    0.2031
Density calculation took 0.514017s
Tau required
   16     | -1537.4791306660 |   1.0737e-10   |    1.1167     |    0.2023
Density calculation took 0.514453s
Tau required
   17     | -1537.4791306660 |   3.0671e-11   |    1.1197     |    0.2024
Created 593119 / 2471184 significant shell pairs
Created 459704 / 1882384 significant shell pairs
Total number of grid points: 358021 (5774 per atom)
One electron integrals and orthogonalizer took 0.044599s
Created 459704 / 1882384 significant shell pairs
3C integrals and B formation took 1.691821s
Iteration |      Energy      |  DIIS Metric   | Fock Time (s) | DIIS Time (s)
----------+------------------+----------------+---------------+--------------
Density calculation took 0.531763s
Tau required
    1     | -1547.2259890746 |   9.5514e+02   |    1.4060     |    0.2307
Density calculation took 0.536142s
Tau required
    2     | -1536.7780728903 |   2.5389e+00   |    1.1521     |    0.2002
Density calculation took 0.515030s
Tau required
    3     | -1536.6742044590 |   3.0930e+00   |    1.1236     |    0.2102
Density calculation took 0.514413s
Tau required
    4     | -1537.4699985553 |   8.1070e-02   |    1.1271     |    0.1992
Density calculation took 0.514120s
Tau required
    5     | -1537.4839102186 |   2.7812e-02   |    1.1240     |    0.2083
Density calculation took 0.514523s
Tau required
    6     | -1537.4910249681 |   4.0145e-03   |    1.1265     |    0.2000
Density calculation took 0.514460s
Tau required
    7     | -1537.4920397725 |   6.7637e-04   |    1.1250     |    0.2091
Density calculation took 0.514327s
Tau required
    8     | -1537.4921836202 |   1.9257e-04   |    1.1282     |    0.2021
Density calculation took 0.514253s
Tau required
    9     | -1537.4922354531 |   1.0312e-05   |    1.1214     |    0.2016
Density calculation took 0.513770s
Tau required
   10     | -1537.4922375593 |   3.2724e-06   |    1.1285     |    0.2019
Density calculation took 0.514124s
Tau required
   11     | -1537.4922384550 |   3.5494e-07   |    1.1242     |    0.2021
Density calculation took 0.513701s
Tau required
   12     | -1537.4922385273 |   1.0876e-07   |    1.1255     |    0.2020
Density calculation took 0.513621s
Tau required
   13     | -1537.4922385543 |   1.4816e-08   |    1.1236     |    0.2012
Density calculation took 0.514162s
Tau required
   14     | -1537.4922385584 |   1.4822e-09   |    1.1275     |    0.2013
Density calculation took 0.514213s
Tau required
   15     | -1537.4922385587 |   4.2319e-10   |    1.1249     |    0.2023
Density calculation took 0.513980s
Tau required
   16     | -1537.4922385588 |   6.0484e-11   |    1.1279     |    0.2052
Created 597026 / 2471184 significant shell pairs
Created 462478 / 1882384 significant shell pairs
Total number of grid points: 357963 (5773 per atom)
One electron integrals and orthogonalizer took 0.044238s
Created 462478 / 1882384 significant shell pairs
3C integrals and B formation took 1.700936s
Iteration |      Energy      |  DIIS Metric   | Fock Time (s) | DIIS Time (s)
----------+------------------+----------------+---------------+--------------
Density calculation took 0.550994s
Tau required
    1     | -1547.2235024027 |   9.5657e+02   |    1.3898     |    0.2307
Density calculation took 0.537512s
Tau required
    2     | -1536.7713522126 |   2.5247e+00   |    1.1280     |    0.1999
Density calculation took 0.516348s
Tau required
    3     | -1536.6708269505 |   3.0644e+00   |    1.1104     |    0.2072
Density calculation took 0.515327s
Tau required
    4     | -1537.4605540249 |   8.4989e-02   |    1.1057     |    0.2003
Density calculation took 0.515636s
Tau required
    5     | -1537.4746484775 |   3.1331e-02   |    1.1118     |    0.2081
Density calculation took 0.515835s
Tau required
    6     | -1537.4828317412 |   3.8749e-03   |    1.1060     |    0.2018
Density calculation took 0.515810s
Tau required
    7     | -1537.4837575605 |   6.3574e-04   |    1.1104     |    0.2100
Density calculation took 0.515768s
Tau required
    8     | -1537.4838798935 |   2.0043e-04   |    1.1081     |    0.2022
Density calculation took 0.515582s
Tau required
    9     | -1537.4839323314 |   6.7141e-06   |    1.1105     |    0.2023
Density calculation took 0.515782s
Tau required
   10     | -1537.4839333113 |   3.0234e-06   |    1.1063     |    0.2025
Density calculation took 0.515520s
Tau required
   11     | -1537.4839341365 |   3.5968e-07   |    1.1097     |    0.2028
Density calculation took 0.516068s
Tau required
   12     | -1537.4839342049 |   1.3414e-07   |    1.1058     |    0.2033
Density calculation took 0.515560s
Tau required
   13     | -1537.4839342403 |   1.8320e-08   |    1.1103     |    0.2026
Density calculation took 0.516045s
Tau required
   14     | -1537.4839342455 |   1.3011e-09   |    1.1073     |    0.2021
Density calculation took 0.515969s
Tau required
   15     | -1537.4839342458 |   4.0553e-10   |    1.1099     |    0.2025
Density calculation took 0.515838s
Tau required
   16     | -1537.4839342459 |   5.5501e-11   |    1.1077     |    0.2023
Created 598886 / 2471184 significant shell pairs
Created 463981 / 1882384 significant shell pairs
Total number of grid points: 358245 (5778 per atom)
One electron integrals and orthogonalizer took 0.044306s
Created 463981 / 1882384 significant shell pairs
3C integrals and B formation took 1.695131s
Iteration |      Energy      |  DIIS Metric   | Fock Time (s) | DIIS Time (s)
----------+------------------+----------------+---------------+--------------
Density calculation took 0.535914s
Tau required
    1     | -1547.2230008614 |   9.5651e+02   |    1.3850     |    0.2304
Density calculation took 0.541309s
Tau required
    2     | -1536.7714052322 |   2.5246e+00   |    1.1289     |    0.1981
Density calculation took 0.519431s
Tau required
    3     | -1536.6721099165 |   3.0594e+00   |    1.1055     |    0.2067
Density calculation took 0.519805s
Tau required
    4     | -1537.4605237234 |   8.4833e-02   |    1.1049     |    0.1993
Density calculation took 0.520140s
Tau required
    5     | -1537.4739708751 |   3.3022e-02   |    1.1078     |    0.2090
Density calculation took 0.519639s
Tau required
    6     | -1537.4827604586 |   4.0259e-03   |    1.1053     |    0.2026
Density calculation took 0.519197s
Tau required
    7     | -1537.4837632450 |   6.1800e-04   |    1.1045     |    0.2090
Density calculation took 0.519602s
Tau required
    8     | -1537.4838824608 |   1.9443e-04   |    1.1044     |    0.2019
Density calculation took 0.519468s
Tau required
    9     | -1537.4839335617 |   8.9095e-06   |    1.1059     |    0.2021
Density calculation took 0.519018s
Tau required
   10     | -1537.4839349707 |   3.8490e-06   |    1.1043     |    0.2029
Density calculation took 0.519684s
Tau required
   11     | -1537.4839360673 |   3.5388e-07   |    1.1059     |    0.2017
Density calculation took 0.519566s
Tau required
   12     | -1537.4839361334 |   1.3104e-07   |    1.1053     |    0.2023
Density calculation took 0.520094s
Tau required
   13     | -1537.4839361685 |   1.8464e-08   |    1.1077     |    0.2020
Density calculation took 0.519628s
Tau required
   14     | -1537.4839361737 |   1.5744e-09   |    1.1037     |    0.2020
Density calculation took 0.519737s
Tau required
   15     | -1537.4839361740 |   4.6388e-10   |    1.1087     |    0.2022
Density calculation took 0.519526s
Tau required
   16     | -1537.4839361742 |   6.2350e-11   |    1.1052     |    0.2022
Created 597115 / 2471184 significant shell pairs
Created 463157 / 1882384 significant shell pairs
Total number of grid points: 358077 (5775 per atom)
One electron integrals and orthogonalizer took 0.044440s
Created 463157 / 1882384 significant shell pairs
3C integrals and B formation took 1.695303s
Iteration |      Energy      |  DIIS Metric   | Fock Time (s) | DIIS Time (s)
----------+------------------+----------------+---------------+--------------
Density calculation took 0.532243s
Tau required
    1     | -1547.2259000441 |   9.5511e+02   |    1.3778     |    0.2287
Density calculation took 0.534979s
Tau required
    2     | -1536.7782383115 |   2.5384e+00   |    1.1496     |    0.1968
Density calculation took 0.514994s
Tau required
    3     | -1536.6760310471 |   3.0854e+00   |    1.1230     |    0.2066
Density calculation took 0.514871s
Tau required
    4     | -1537.4704892590 |   7.9755e-02   |    1.1266     |    0.1977
Density calculation took 0.514356s
Tau required
    5     | -1537.4839893302 |   2.7909e-02   |    1.1263     |    0.2071
Density calculation took 0.514705s
Tau required
    6     | -1537.4910530605 |   4.1538e-03   |    1.1217     |    0.1999
Density calculation took 0.514543s
Tau required
    7     | -1537.4921131909 |   7.2976e-04   |    1.1246     |    0.2077
Density calculation took 0.514870s
Tau required
    8     | -1537.4922787103 |   1.8488e-04   |    1.1241     |    0.2005
Density calculation took 0.514544s
Tau required
    9     | -1537.4923280708 |   1.0534e-05   |    1.1300     |    0.2023
Density calculation took 0.514962s
Tau required
   10     | -1537.4923302918 |   2.8800e-06   |    1.1255     |    0.2019
Density calculation took 0.514833s
Tau required
   11     | -1537.4923310597 |   2.7541e-07   |    1.1249     |    0.2019
Density calculation took 0.514766s
Tau required
   12     | -1537.4923311046 |   1.2829e-07   |    1.1269     |    0.2031
Density calculation took 0.514376s
Tau required
   13     | -1537.4923311413 |   1.1063e-08   |    1.1249     |    0.2025
Density calculation took 0.514949s
Tau required
   14     | -1537.4923311441 |   1.5427e-09   |    1.1253     |    0.2022
Density calculation took 0.514197s
Tau required
   15     | -1537.4923311445 |   4.9896e-10   |    1.1252     |    0.2035
Density calculation took 0.514759s
Tau required
   16     | -1537.4923311446 |   7.8487e-11   |    1.1257     |    0.2028
Please cite the following papers for the methods used in this calculation:
 - J.L. Galvez Vallejo et. al., Toward an extreme-scale electronic structure system, J. Chem. Phys., 2023. DOI: 10.1063/5.0156399

 - R. Stocks, E. Palethorpe, and G.M.J. Barca, Multi-GPU RI-HF Energies and Analytic Gradients ─ Toward High-Throughput Ab Initio Molecular Dynamics, J. Chem. Theory Comput., 2024. DOI: 10.1021/acs.jctc.4c00877
   For:
     * RI-HF energy

 - S. Lehtola, C. Steigemann, M.J.T. Oliveira, and M.A.L. Marques, Recent developments in Libxc: A comprehensive library of functionals for density functional theory, SoftwareX, 2018. DOI: 10.1016/j.softx.2017.11.002
   For:
     * LibXC version 6.2.0

 - D.B. Williams-Young, W.A. de Jong, H.J.J. van Dam, and C. Yang, On the Efficient Evaluation of the Exchange Correlation Potential on Graphics Processing Unit Clusters, Frontiers in Chemistry, 2020. DOI: 10.3389/fchem.2020.581058
   For:
     * ExchCXX GPU implementation of exchange-correlation functionals

 - R. Stocks and G.M.J. Barca, Efficient Algorithms for GPU Accelerated Evaluation of the DFT Exchange-Correlation Functional, J. Chem. Theory Comput., 2025. DOI: 10.1021/acs.jctc.5c01229
   For:
     * GPU accelerated DFT exchange-correlation evaluation

 - J. Sun, A. Ruzsinszky, and J. P. Perdew.,  Phys. Rev. Lett. 115, 036402 (2015) DOI: 10.1103/PhysRevLett.115.036402
   For:
     * MGGA_X_SCAN XC Functional
     * MGGA_C_SCAN XC Functional

[CRAYBLAS_WARNING] Application linked against multiple cray-libsci libraries
