Total number of grid points: 369028 (5766 per atom)
Density calculation took 0.553019s
Tau required
Density calculation took 0.578987s
Tau required
Density calculation took 0.558275s
Tau required
Density calculation took 0.558183s
Tau required
Density calculation took 0.556899s
Tau required
Density calculation took 0.557514s
Tau required
Density calculation took 0.558644s
Tau required
Density calculation took 0.558604s
Tau required
Density calculation took 0.558006s
Tau required
Density calculation took 0.558719s
Tau required
Density calculation took 0.559087s
Tau required
Density calculation took 0.558980s
Tau required
Density calculation took 0.558434s
Tau required
Density calculation took 0.558888s
Tau required
Density calculation took 0.559270s
Tau required
Density calculation took 0.559190s
Tau required
Total number of grid points: 369797 (5778 per atom)
Density calculation took 0.552218s
Tau required
Density calculation took 0.580516s
Tau required
Density calculation took 0.559540s
Tau required
Density calculation took 0.560126s
Tau required
Density calculation took 0.560177s
Tau required
Density calculation took 0.560307s
Tau required
Density calculation took 0.560183s
Tau required
Density calculation took 0.560023s
Tau required
Density calculation took 0.560650s
Tau required
Density calculation took 0.560932s
Tau required
Density calculation took 0.560998s
Tau required
Density calculation took 0.560825s
Tau required
Density calculation took 0.560982s
Tau required
Density calculation took 0.560890s
Tau required
Density calculation took 0.560877s
Tau required
Density calculation took 0.561087s
Tau required
Total number of grid points: 369295 (5770 per atom)
Density calculation took 0.555878s
Tau required
Density calculation took 0.581372s
Tau required
Density calculation took 0.561424s
Tau required
Density calculation took 0.560880s
Tau required
Density calculation took 0.561769s
Tau required
Density calculation took 0.560816s
Tau required
Density calculation took 0.562002s
Tau required
Density calculation took 0.561254s
Tau required
Density calculation took 0.562309s
Tau required
Density calculation took 0.561642s
Tau required
Density calculation took 0.562075s
Tau required
Density calculation took 0.561755s
Tau required
Density calculation took 0.562389s
Tau required
Density calculation took 0.561631s
Tau required
Density calculation took 0.562670s
Tau required
Density calculation took 0.561590s
Tau required
Total number of grid points: 369493 (5773 per atom)
Density calculation took 0.554116s
Tau required
Density calculation took 0.586659s
Tau required
Density calculation took 0.564770s
Tau required
Density calculation took 0.564908s
Tau required
Density calculation took 0.565554s
Tau required
Density calculation took 0.565277s
Tau required
Density calculation took 0.565606s
Tau required
Density calculation took 0.565151s
Tau required
Density calculation took 0.565584s
Tau required
Density calculation took 0.565042s
Tau required
Density calculation took 0.565801s
Tau required
Density calculation took 0.565179s
Tau required
Density calculation took 0.565666s
Tau required
Density calculation took 0.565284s
Tau required
Density calculation took 0.566081s
Tau required
Density calculation took 0.565606s
Tau required
Total number of grid points: 369716 (5776 per atom)
Density calculation took 0.554353s
Tau required
Density calculation took 0.583326s
Tau required
Density calculation took 0.563323s
Tau required
Density calculation took 0.562757s
Tau required
Density calculation took 0.563899s
Tau required
Density calculation took 0.562802s
Tau required
Density calculation took 0.564481s
Tau required
Density calculation took 0.562366s
Tau required
Density calculation took 0.564714s
Tau required
Density calculation took 0.562483s
Tau required
Density calculation took 0.564746s
Tau required
Density calculation took 0.563194s
Tau required
Density calculation took 0.564659s
Tau required
Density calculation took 0.563011s
Tau required
Density calculation took 0.563670s
Tau required
Density calculation took 0.563244s
Tau required
Total number of grid points: 369895 (5779 per atom)
Density calculation took 0.556188s
Tau required
Density calculation took 0.589693s
Tau required
Density calculation took 0.566110s
Tau required
Density calculation took 0.566032s
Tau required
Density calculation took 0.566244s
Tau required
Density calculation took 0.566083s
Tau required
Density calculation took 0.566384s
Tau required
Density calculation took 0.566428s
Tau required
Density calculation took 0.566946s
Tau required
Density calculation took 0.566706s
Tau required
Density calculation took 0.566521s
Tau required
Density calculation took 0.566591s
Tau required
Density calculation took 0.567077s
Tau required
Density calculation took 0.566906s
Tau required
Density calculation took 0.566776s
Tau required
Density calculation took 0.566469s
Tau required
Total number of grid points: 369396 (5771 per atom)
Density calculation took 0.557276s
Tau required
Density calculation took 0.583866s
Tau required
Density calculation took 0.562188s
Tau required
Density calculation took 0.562182s
Tau required
Density calculation took 0.562686s
Tau required
Density calculation took 0.562398s
Tau required
Density calculation took 0.562470s
Tau required
Density calculation took 0.562173s
Tau required
Density calculation took 0.562615s
Tau required
Density calculation took 0.562431s
Tau required
Density calculation took 0.562560s
Tau required
Density calculation took 0.562362s
Tau required
Density calculation took 0.562210s
Tau required
Density calculation took 0.562583s
Tau required
Density calculation took 0.562580s
Tau required
Density calculation took 0.562343s
Tau required
Total number of grid points: 369668 (5776 per atom)
Density calculation took 0.550762s
Tau required
Density calculation took 0.585689s
Tau required
Density calculation took 0.565971s
Tau required
Density calculation took 0.565961s
Tau required
Density calculation took 0.565831s
Tau required
Density calculation took 0.565895s
Tau required
Density calculation took 0.566273s
Tau required
Density calculation took 0.566325s
Tau required
Density calculation took 0.566477s
Tau required
Density calculation took 0.566338s
Tau required
Density calculation took 0.566258s
Tau required
Density calculation took 0.566432s
Tau required
Density calculation took 0.566451s
Tau required
Density calculation took 0.566576s
Tau required
Density calculation took 0.566432s
Tau required
Density calculation took 0.565443s
Tau required
Total number of grid points: 369538 (5774 per atom)
Density calculation took 0.551453s
Tau required
Density calculation took 0.587698s
Tau required
Density calculation took 0.565081s
Tau required
Density calculation took 0.564301s
Tau required
Density calculation took 0.565003s
Tau required
Density calculation took 0.564947s
Tau required
Density calculation took 0.565484s
Tau required
Density calculation took 0.564698s
Tau required
Density calculation took 0.565703s
Tau required
Density calculation took 0.565142s
Tau required
Density calculation took 0.565535s
Tau required
Density calculation took 0.564899s
Tau required
Density calculation took 0.565406s
Tau required
Density calculation took 0.564874s
Tau required
Density calculation took 0.565196s
Tau required
Density calculation took 0.565416s
Tau required
Total number of grid points: 369428 (5772 per atom)
Density calculation took 0.549639s
Tau required
Density calculation took 0.582441s
Tau required
Density calculation took 0.561260s
Tau required
Density calculation took 0.562601s
Tau required
Density calculation took 0.561800s
Tau required
Density calculation took 0.562531s
Tau required
Density calculation took 0.562208s
Tau required
Density calculation took 0.562711s
Tau required
Density calculation took 0.561829s
Tau required
Density calculation took 0.562787s
Tau required
Density calculation took 0.562068s
Tau required
Density calculation took 0.562930s
Tau required
Density calculation took 0.561552s
Tau required
Density calculation took 0.562736s
Tau required
Density calculation took 0.562559s
Tau required
Density calculation took 0.562740s
Tau required
Total number of grid points: 369825 (5778 per atom)
Density calculation took 0.548595s
Tau required
Density calculation took 0.584466s
Tau required
Density calculation took 0.559985s
Tau required
Density calculation took 0.560304s
Tau required
Density calculation took 0.560792s
Tau required
Density calculation took 0.560778s
Tau required
Density calculation took 0.560871s
Tau required
Density calculation took 0.560883s
Tau required
Density calculation took 0.560763s
Tau required
Density calculation took 0.560653s
Tau required
Density calculation took 0.561078s
Tau required
Density calculation took 0.560434s
Tau required
Density calculation took 0.561269s
Tau required
Density calculation took 0.561113s
Tau required
Density calculation took 0.560951s
Tau required
Density calculation took 0.560362s
Tau required
Total number of grid points: 369518 (5773 per atom)
Density calculation took 0.550564s
Tau required
Density calculation took 0.578719s
Tau required
Density calculation took 0.556939s
Tau required
Density calculation took 0.556500s
Tau required
Density calculation took 0.556897s
Tau required
Density calculation took 0.556583s
Tau required
Density calculation took 0.557073s
Tau required
Density calculation took 0.557806s
Tau required
Density calculation took 0.557709s
Tau required
Density calculation took 0.557698s
Tau required
Density calculation took 0.557487s
Tau required
Density calculation took 0.557728s
Tau required
Density calculation took 0.557481s
Tau required
Density calculation took 0.558066s
Tau required
Density calculation took 0.557675s
Tau required
Density calculation took 0.557896s
Tau required
Total number of grid points: 369056 (5766 per atom)
Density calculation took 0.551465s
Tau required
Density calculation took 0.579427s
Tau required
Density calculation took 0.558295s
Tau required
Density calculation took 0.558606s
Tau required
Density calculation took 0.558353s
Tau required
Density calculation took 0.559016s
Tau required
Density calculation took 0.558810s
Tau required
Density calculation took 0.559087s
Tau required
Density calculation took 0.558797s
Tau required
Density calculation took 0.559217s
Tau required
Density calculation took 0.558098s
Tau required
Density calculation took 0.558343s
Tau required
Density calculation took 0.559113s
Tau required
Density calculation took 0.558611s
Tau required
Density calculation took 0.558669s
Tau required
Density calculation took 0.559142s
Tau required
Total number of grid points: 369644 (5775 per atom)
Density calculation took 0.553952s
Tau required
Density calculation took 0.582885s
Tau required
Density calculation took 0.560569s
Tau required
Density calculation took 0.561510s
Tau required
Density calculation took 0.561347s
Tau required
Density calculation took 0.561355s
Tau required
Density calculation took 0.561610s
Tau required
Density calculation took 0.562230s
Tau required
Density calculation took 0.561179s
Tau required
Density calculation took 0.561881s
Tau required
Density calculation took 0.561748s
Tau required
Density calculation took 0.562310s
Tau required
Density calculation took 0.561863s
Tau required
Density calculation took 0.562440s
Tau required
Density calculation took 0.561298s
Tau required
Density calculation took 0.562712s
Tau required
Total number of grid points: 369606 (5775 per atom)
Density calculation took 0.556793s
Tau required
Density calculation took 0.578448s
Tau required
Density calculation took 0.556907s
Tau required
Density calculation took 0.557432s
Tau required
Density calculation took 0.557104s
Tau required
Density calculation took 0.557795s
Tau required
Density calculation took 0.557774s
Tau required
Density calculation took 0.557844s
Tau required
Density calculation took 0.557782s
Tau required
Density calculation took 0.558148s
Tau required
Density calculation took 0.557597s
Tau required
Density calculation took 0.558041s
Tau required
Density calculation took 0.558015s
Tau required
Density calculation took 0.557663s
Tau required
Density calculation took 0.557635s
Tau required
Density calculation took 0.558248s
Tau required
Total number of grid points: 369940 (5780 per atom)
Density calculation took 0.554883s
Tau required
Density calculation took 0.582740s
Tau required
Density calculation took 0.560919s
Tau required
Density calculation took 0.561504s
Tau required
Density calculation took 0.561106s
Tau required
Density calculation took 0.561502s
Tau required
Density calculation took 0.560366s
Tau required
Density calculation took 0.561357s
Tau required
Density calculation took 0.561434s
Tau required
Density calculation took 0.561586s
Tau required
Density calculation took 0.561565s
Tau required
Density calculation took 0.561734s
Tau required
Density calculation took 0.562026s
Tau required
Density calculation took 0.561680s
Tau required
Density calculation took 0.561888s
Tau required
Density calculation took 0.561877s
Tau required
Total number of grid points: 369987 (5781 per atom)
Density calculation took 0.554080s
Tau required
Density calculation took 0.583152s
Tau required
Density calculation took 0.561545s
Tau required
Density calculation took 0.562149s
Tau required
Density calculation took 0.562205s
Tau required
Density calculation took 0.562245s
Tau required
Density calculation took 0.562216s
Tau required
Density calculation took 0.562008s
Tau required
Density calculation took 0.561954s
Tau required
Density calculation took 0.562270s
Tau required
Density calculation took 0.562387s
Tau required
Density calculation took 0.562391s
Tau required
Density calculation took 0.562640s
Tau required
Density calculation took 0.562418s
Tau required
Density calculation took 0.562484s
Tau required
Density calculation took 0.562260s
Tau required
Total number of grid points: 369422 (5772 per atom)
Density calculation took 0.588051s
Tau required
Density calculation took 0.582776s
Tau required
Density calculation took 0.561348s
Tau required
Density calculation took 0.561355s
Tau required
Density calculation took 0.561564s
Tau required
Density calculation took 0.561266s
Tau required
Density calculation took 0.561771s
Tau required
Density calculation took 0.561562s
Tau required
Density calculation took 0.561579s
Tau required
Density calculation took 0.561649s
Tau required
Density calculation took 0.561136s
Tau required
Density calculation took 0.561469s
Tau required
Density calculation took 0.561445s
Tau required
Density calculation took 0.561513s
Tau required
Density calculation took 0.561379s
Tau required
Density calculation took 0.561494s
Tau required
Density calculation took 0.561546s
Tau required
Total number of grid points: 370191 (5784 per atom)
Density calculation took 0.589456s
Tau required
Density calculation took 0.579856s
Tau required
Density calculation took 0.558713s
Tau required
Density calculation took 0.559260s
Tau required
Density calculation took 0.559114s
Tau required
Density calculation took 0.558937s
Tau required
Density calculation took 0.558798s
Tau required
Density calculation took 0.559364s
Tau required
Density calculation took 0.558689s
Tau required
Density calculation took 0.559324s
Tau required
Density calculation took 0.559630s
Tau required
Density calculation took 0.559001s
Tau required
Density calculation took 0.559354s
Tau required
Density calculation took 0.559711s
Tau required
Density calculation took 0.559369s
Tau required
Density calculation took 0.559549s
Tau required
Total number of grid points: 368997 (5765 per atom)
Density calculation took 0.551683s
Tau required
Density calculation took 0.586369s
Tau required
Density calculation took 0.565317s
Tau required
Density calculation took 0.565146s
Tau required
Density calculation took 0.565491s
Tau required
Density calculation took 0.565327s
Tau required
Density calculation took 0.565859s
Tau required
Density calculation took 0.565276s
Tau required
Density calculation took 0.565532s
Tau required
Density calculation took 0.565063s
Tau required
Density calculation took 0.566018s
Tau required
Density calculation took 0.565284s
Tau required
Density calculation took 0.565886s
Tau required
Density calculation took 0.564841s
Tau required
Density calculation took 0.566403s
Tau required
Density calculation took 0.565630s
Tau required
[CRAYBLAS_WARNING] Application linked against multiple cray-libsci libraries
============
HF Energy: -1613.7294738486634742
=======================================================


Topology 8 time: 27.286603 s, performance: SP: 0 FLOP/s, DP: 32.85 TFLOP/s
JSON file written to: json_logs/lustre_orion_chm213_scratch_ryan_dhdft_inputs_exess_exess_inputs_SCAN_def2-TZVP_isomers_15280-15299_topology_8.json
************************************************************
**************** Running topology 10 of 20 *****************
************************************************************

************************************************************
******* Beginning RI-MGGA_X_SCAN+MGGA_C_SCAN energy ********
************************************************************

=======================================================
        MGGA_X_SCAN+MGGA_C_SCAN Energy Results         
=======================================================
E MGGA_X_SCAN+MGGA_C_SCAN: -1613.71163507
Nuclear Repulsion Energy: 4379.09760823
Electronic Energy:        -5756.50353962
XC Energy:                -236.305704
Converged:                1
# of SCF iterations:      16
SCF Time:                 27.088s

=======================================================
            Individual Calculation Summary             
=======================================================
HF Energy: -1613.7116350654689541
=======================================================


Topology 9 time: 27.279755 s, performance: SP: 0 FLOP/s, DP: 32.84 TFLOP/s
JSON file written to: json_logs/lustre_orion_chm213_scratch_ryan_dhdft_inputs_exess_exess_inputs_SCAN_def2-TZVP_isomers_15280-15299_topology_9.json
************************************************************
**************** Running topology 11 of 20 *****************
************************************************************

************************************************************
******* Beginning RI-MGGA_X_SCAN+MGGA_C_SCAN energy ********
************************************************************

=======================================================
        MGGA_X_SCAN+MGGA_C_SCAN Energy Results         
=======================================================
E MGGA_X_SCAN+MGGA_C_SCAN: -1613.70994576
Nuclear Repulsion Energy: 4218.35884769
Electronic Energy:        -5595.77568259
XC Energy:                -236.293111
Converged:                1
# of SCF iterations:      16
SCF Time:                 27.071s

=======================================================
            Individual Calculation Summary             
=======================================================
HF Energy: -1613.7099457644897029
=======================================================


Topology 10 time: 27.252010 s, performance: SP: 0 FLOP/s, DP: 32.89 TFLOP/s
JSON file written to: json_logs/lustre_orion_chm213_scratch_ryan_dhdft_inputs_exess_exess_inputs_SCAN_def2-TZVP_isomers_15280-15299_topology_10.json
************************************************************
**************** Running topology 12 of 20 *****************
************************************************************

************************************************************
******* Beginning RI-MGGA_X_SCAN+MGGA_C_SCAN energy ********
************************************************************

=======================================================
        MGGA_X_SCAN+MGGA_C_SCAN Energy Results         
=======================================================
E MGGA_X_SCAN+MGGA_C_SCAN: -1613.71450743
Nuclear Repulsion Energy: 4320.7415934
Electronic Energy:        -5698.15532643
XC Energy:                -236.300774
Converged:                1
# of SCF iterations:      16
SCF Time:                 27.056s

=======================================================
            Individual Calculation Summary             
=======================================================
HF Energy: -1613.7145074312900306
=======================================================


Topology 11 time: 27.243822 s, performance: SP: 0 FLOP/s, DP: 32.88 TFLOP/s
JSON file written to: json_logs/lustre_orion_chm213_scratch_ryan_dhdft_inputs_exess_exess_inputs_SCAN_def2-TZVP_isomers_15280-15299_topology_11.json
************************************************************
**************** Running topology 13 of 20 *****************
************************************************************

************************************************************
******* Beginning RI-MGGA_X_SCAN+MGGA_C_SCAN energy ********
************************************************************

=======================================================
        MGGA_X_SCAN+MGGA_C_SCAN Energy Results         
=======================================================
E MGGA_X_SCAN+MGGA_C_SCAN: -1613.71012015
Nuclear Repulsion Energy: 4340.96141647
Electronic Energy:        -5718.37227293
XC Energy:                -236.299264
Converged:                1
# of SCF iterations:      16
SCF Time:                 26.89s

=======================================================
            Individual Calculation Summary             
=======================================================
HF Energy: -1613.7101201524669705
=======================================================


Topology 12 time: 27.079191 s, performance: SP: 0 FLOP/s, DP: 33.09 TFLOP/s
JSON file written to: json_logs/lustre_orion_chm213_scratch_ryan_dhdft_inputs_exess_exess_inputs_SCAN_def2-TZVP_isomers_15280-15299_topology_12.json
************************************************************
**************** Running topology 14 of 20 *****************
************************************************************

************************************************************
******* Beginning RI-MGGA_X_SCAN+MGGA_C_SCAN energy ********
************************************************************

=======================================================
        MGGA_X_SCAN+MGGA_C_SCAN Energy Results         
=======================================================
E MGGA_X_SCAN+MGGA_C_SCAN: -1613.72432825
Nuclear Repulsion Energy: 4197.9147551
Electronic Energy:        -5575.34365912
XC Energy:                -236.295424
Converged:                1
# of SCF iterations:      16
SCF Time:                 26.692s

=======================================================
            Individual Calculation Summary             
=======================================================
HF Energy: -1613.7243282506885862
=======================================================


Topology 13 time: 26.871384 s, performance: SP: 0 FLOP/s, DP: 33.39 TFLOP/s
JSON file written to: json_logs/lustre_orion_chm213_scratch_ryan_dhdft_inputs_exess_exess_inputs_SCAN_def2-TZVP_isomers_15280-15299_topology_13.json
************************************************************
**************** Running topology 15 of 20 *****************
************************************************************

************************************************************
******* Beginning RI-MGGA_X_SCAN+MGGA_C_SCAN energy ********
************************************************************

=======================================================
        MGGA_X_SCAN+MGGA_C_SCAN Energy Results         
=======================================================
E MGGA_X_SCAN+MGGA_C_SCAN: -1613.71573775
Nuclear Repulsion Energy: 4274.33262618
Electronic Energy:        -5651.75168738
XC Energy:                -236.296677
Converged:                1
# of SCF iterations:      16
SCF Time:                 27.083s

=======================================================
            Individual Calculation Summary             
=======================================================
HF Energy: -1613.7157377465923673
=======================================================


Topology 14 time: 27.265576 s, performance: SP: 0 FLOP/s, DP: 32.86 TFLOP/s
JSON file written to: json_logs/lustre_orion_chm213_scratch_ryan_dhdft_inputs_exess_exess_inputs_SCAN_def2-TZVP_isomers_15280-15299_topology_14.json
************************************************************
**************** Running topology 16 of 20 *****************
************************************************************

************************************************************
******* Beginning RI-MGGA_X_SCAN+MGGA_C_SCAN energy ********
************************************************************

=======================================================
        MGGA_X_SCAN+MGGA_C_SCAN Energy Results         
=======================================================
E MGGA_X_SCAN+MGGA_C_SCAN: -1613.71930578
Nuclear Repulsion Energy: 4296.9909357
Electronic Energy:        -5674.41156602
XC Energy:                -236.298675
Converged:                1
# of SCF iterations:      16
SCF Time:                 26.922s

=======================================================
            Individual Calculation Summary             
=======================================================
HF Energy: -1613.7193057824497373
=======================================================


Topology 15 time: 27.107601 s, performance: SP: 0 FLOP/s, DP: 33.07 TFLOP/s
JSON file written to: json_logs/lustre_orion_chm213_scratch_ryan_dhdft_inputs_exess_exess_inputs_SCAN_def2-TZVP_isomers_15280-15299_topology_15.json
************************************************************
**************** Running topology 17 of 20 *****************
************************************************************

************************************************************
******* Beginning RI-MGGA_X_SCAN+MGGA_C_SCAN energy ********
************************************************************

=======================================================
        MGGA_X_SCAN+MGGA_C_SCAN Energy Results         
=======================================================
E MGGA_X_SCAN+MGGA_C_SCAN: -1613.72775478
Nuclear Repulsion Energy: 4253.9520111
Electronic Energy:        -5631.38203289
XC Energy:                -236.297733
Converged:                1
# of SCF iterations:      16
SCF Time:                 26.953s

=======================================================
            Individual Calculation Summary             
=======================================================
HF Energy: -1613.7277547783482987
=======================================================


Topology 16 time: 27.133419 s, performance: SP: 0 FLOP/s, DP: 33.08 TFLOP/s
JSON file written to: json_logs/lustre_orion_chm213_scratch_ryan_dhdft_inputs_exess_exess_inputs_SCAN_def2-TZVP_isomers_15280-15299_topology_16.json
************************************************************
**************** Running topology 18 of 20 *****************
************************************************************

************************************************************
******* Beginning RI-MGGA_X_SCAN+MGGA_C_SCAN energy ********
************************************************************

=======================================================
        MGGA_X_SCAN+MGGA_C_SCAN Energy Results         
=======================================================
E MGGA_X_SCAN+MGGA_C_SCAN: -1613.70048122
Nuclear Repulsion Energy: 4352.27053075
Electronic Energy:        -5729.67250807
XC Energy:                -236.298504
Converged:                1
# of SCF iterations:      17
SCF Time:                 28.611s

=======================================================
            Individual Calculation Summary             
=======================================================
HF Energy: -1613.7004812233144548
=======================================================


Topology 17 time: 28.800383 s, performance: SP: 0 FLOP/s, DP: 32.91 TFLOP/s
JSON file written to: json_logs/lustre_orion_chm213_scratch_ryan_dhdft_inputs_exess_exess_inputs_SCAN_def2-TZVP_isomers_15280-15299_topology_17.json
************************************************************
**************** Running topology 19 of 20 *****************
************************************************************

************************************************************
******* Beginning RI-MGGA_X_SCAN+MGGA_C_SCAN energy ********
************************************************************

=======================================================
        MGGA_X_SCAN+MGGA_C_SCAN Energy Results         
=======================================================
E MGGA_X_SCAN+MGGA_C_SCAN: -1613.71193746
Nuclear Repulsion Energy: 4249.58130006
Electronic Energy:        -5626.99969571
XC Energy:                -236.293542
Converged:                1
# of SCF iterations:      16
SCF Time:                 26.937s

=======================================================
            Individual Calculation Summary             
=======================================================
HF Energy: -1613.7119374622977830
=======================================================


Topology 18 time: 27.119187 s, performance: SP: 0 FLOP/s, DP: 33.05 TFLOP/s
JSON file written to: json_logs/lustre_orion_chm213_scratch_ryan_dhdft_inputs_exess_exess_inputs_SCAN_def2-TZVP_isomers_15280-15299_topology_18.json
************************************************************
**************** Running topology 20 of 20 *****************
************************************************************

************************************************************
******* Beginning RI-MGGA_X_SCAN+MGGA_C_SCAN energy ********
************************************************************

=======================================================
        MGGA_X_SCAN+MGGA_C_SCAN Energy Results         
=======================================================
E MGGA_X_SCAN+MGGA_C_SCAN: -1613.71663157
Nuclear Repulsion Energy: 4347.30043207
Electronic Energy:        -5724.71496144
XC Energy:                -236.302102
Converged:                1
# of SCF iterations:      16
SCF Time:                 27.057s

=======================================================
            Individual Calculation Summary             
=======================================================
HF Energy: -1613.7166315708932416
=======================================================


Topology 19 time: 27.249632 s, performance: SP: 0 FLOP/s, DP: 32.88 TFLOP/s
JSON file written to: json_logs/lustre_orion_chm213_scratch_ryan_dhdft_inputs_exess_exess_inputs_SCAN_def2-TZVP_isomers_15280-15299_topology_19.json
Total flops: SP: 0 FLOPS, DP: 17.984005 PFLOPS
Performance: SP: 0 FLOP/s, DP: 32.33 TFLOP/s

Now, a word from our sponsors... 
 The only thing you need is a cudaDeviceReset() and you're good to go, great programming practices! (unknown)

[31mTotal processing time 556.534089 seconds[0m
[CRAYBLAS_WARNING] Application linked against multiple cray-libsci libraries
ired
   16     | -1613.7101201525 |   6.8054e-11   |    1.2909     |    0.2261
Created 657548 / 2702736 significant shell pairs
Created 508938 / 2056356 significant shell pairs
Total number of grid points: 369797 (5778 per atom)
One electron integrals and orthogonalizer took 0.045527s
Created 508938 / 2056356 significant shell pairs
3C integrals and B formation took 1.912362s
Iteration |      Energy      |  DIIS Metric   | Fock Time (s) | DIIS Time (s)
----------+------------------+----------------+---------------+--------------
Density calculation took 0.556756s
Tau required
    1     | -1624.1012424709 |   1.0152e+03   |    1.4433     |    0.2561
Density calculation took 0.574125s
Tau required
    2     | -1612.9978429526 |   2.5765e+00   |    1.3099     |    0.2217
Density calculation took 0.552242s
Tau required
    3     | -1612.9163043724 |   3.0522e+00   |    1.2885     |    0.2306
Density calculation took 0.551874s
Tau required
    4     | -1613.7045985544 |   7.3610e-02   |    1.2872     |    0.2237
Density calculation took 0.550658s
Tau required
    5     | -1613.7174731293 |   2.4933e-02   |    1.2894     |    0.2356
Density calculation took 0.550896s
Tau required
    6     | -1613.7235708407 |   2.6414e-03   |    1.2883     |    0.2243
Density calculation took 0.550822s
Tau required
    7     | -1613.7241289081 |   6.7626e-04   |    1.2880     |    0.2326
Density calculation took 0.550545s
Tau required
    8     | -1613.7242818441 |   1.5819e-04   |    1.2891     |    0.2270
Density calculation took 0.551022s
Tau required
    9     | -1613.7243259195 |   7.7659e-06   |    1.2892     |    0.2268
Density calculation took 0.550002s
Tau required
   10     | -1613.7243273782 |   2.8397e-06   |    1.2887     |    0.2260
Density calculation took 0.550900s
Tau required
   11     | -1613.7243281669 |   2.8394e-07   |    1.2913     |    0.2256
Density calculation took 0.549856s
Tau required
   12     | -1613.7243282250 |   9.0058e-08   |    1.2886     |    0.2261
Density calculation took 0.550614s
Tau required
   13     | -1613.7243282494 |   4.6219e-09   |    1.2890     |    0.2250
Density calculation took 0.549937s
Tau required
   14     | -1613.7243282504 |   1.0872e-09   |    1.2881     |    0.2263
Density calculation took 0.550260s
Tau required
   15     | -1613.7243282506 |   2.2902e-10   |    1.2881     |    0.2258
Density calculation took 0.550316s
Tau required
   16     | -1613.7243282507 |   3.3142e-11   |    1.2895     |    0.2273
Created 680407 / 2702736 significant shell pairs
Created 526897 / 2056356 significant shell pairs
Total number of grid points: 369195 (5768 per atom)
One electron integrals and orthogonalizer took 0.050464s
Created 526897 / 2056356 significant shell pairs
3C integrals and B formation took 1.950280s
Iteration |      Energy      |  DIIS Metric   | Fock Time (s) | DIIS Time (s)
----------+------------------+----------------+---------------+--------------
Density calculation took 0.556570s
Tau required
    1     | -1624.1010917244 |   1.0176e+03   |    1.4615     |    0.2636
Density calculation took 0.581506s
Tau required
    2     | -1612.9880753826 |   2.5793e+00   |    1.3360     |    0.2226
Density calculation took 0.555204s
Tau required
    3     | -1612.8975978145 |   3.0844e+00   |    1.3056     |    0.2324
Density calculation took 0.554128s
Tau required
    4     | -1613.6882297675 |   9.7450e-02   |    1.3063     |    0.2243
Density calculation took 0.553717s
Tau required
    5     | -1613.7029795115 |   4.3866e-02   |    1.3084     |    0.2340
Density calculation took 0.553674s
Tau required
    6     | -1613.7145299336 |   4.3949e-03   |    1.3095     |    0.2252
Density calculation took 0.553153s
Tau required
    7     | -1613.7155406497 |   6.9044e-04   |    1.3036     |    0.2351
Density calculation took 0.553466s
Tau required
    8     | -1613.7156771886 |   2.0511e-04   |    1.3038     |    0.2325
Density calculation took 0.552759s
Tau required
    9     | -1613.7157333091 |   1.4345e-05   |    1.3076     |    0.2276
Density calculation took 0.553737s
Tau required
   10     | -1613.7157369818 |   2.6342e-06   |    1.3054     |    0.2276
Density calculation took 0.553081s
Tau required
   11     | -1613.7157376591 |   3.0273e-07   |    1.3087     |    0.2284
Density calculation took 0.553654s
Tau required
   12     | -1613.7157376984 |   1.6857e-07   |    1.3071     |    0.2273
Density calculation took 0.552999s
Tau required
   13     | -1613.7157377420 |   1.5875e-08   |    1.3091     |    0.2274
Density calculation took 0.553325s
Tau required
   14     | -1613.7157377462 |   1.3565e-09   |    1.3043     |    0.2279
Density calculation took 0.553092s
Tau required
   15     | -1613.7157377465 |   4.4042e-10   |    1.3089     |    0.2274
Density calculation took 0.553519s
Tau required
   16     | -1613.7157377466 |   4.3768e-11   |    1.3055     |    0.2278
Created 687053 / 2702736 significant shell pairs
Created 532261 / 2056356 significant shell pairs
Total number of grid points: 369831 (5778 per atom)
One electron integrals and orthogonalizer took 0.050461s
Created 532261 / 2056356 significant shell pairs
3C integrals and B formation took 1.962509s
Iteration |      Energy      |  DIIS Metric   | Fock Time (s) | DIIS Time (s)
----------+------------------+----------------+---------------+--------------
Density calculation took 0.556689s
Tau required
    1     | -1624.1074135096 |   1.0185e+03   |    1.4610     |    0.2584
Density calculation took 0.571258s
Tau required
    2     | -1612.9918671915 |   2.5769e+00   |    1.3187     |    0.2250
Density calculation took 0.549385s
Tau required
    3     | -1612.8968691791 |   3.0933e+00   |    1.2954     |    0.2325
Density calculation took 0.549821s
Tau required
    4     | -1613.6859668574 |   1.1544e-01   |    1.2932     |    0.2249
Density calculation took 0.548700s
Tau required
    5     | -1613.7023046077 |   5.5919e-02   |    1.2956     |    0.2347
Density calculation took 0.547630s
Tau required
    6     | -1613.7179195515 |   4.9217e-03   |    1.2960     |    0.2304
Density calculation took 0.548166s
Tau required
    7     | -1613.7191245483 |   6.3817e-04   |    1.2957     |    0.2354
Density calculation took 0.547995s
Tau required
    8     | -1613.7192406259 |   2.1458e-04   |    1.2939     |    0.2288
Density calculation took 0.547307s
Tau required
    9     | -1613.7193002596 |   1.8503e-05   |    1.2963     |    0.2278
Density calculation took 0.547451s
Tau required
   10     | -1613.7193051139 |   2.4199e-06   |    1.2948     |    0.2286
Density calculation took 0.547117s
Tau required
   11     | -1613.7193057151 |   2.4192e-07   |    1.2969     |    0.2274
Density calculation took 0.547658s
Tau required
   12     | -1613.7193057426 |   1.3973e-07   |    1.2972     |    0.2274
Density calculation took 0.547338s
Tau required
   13     | -1613.7193057783 |   1.4082e-08   |    1.2950     |    0.2270
Density calculation took 0.547595s
Tau required
   14     | -1613.7193057819 |   1.6398e-09   |    1.2970     |    0.2276
Density calculation took 0.547121s
Tau required
   15     | -1613.7193057823 |   6.1424e-10   |    1.2955     |    0.2279
Density calculation took 0.547034s
Tau required
   16     | -1613.7193057824 |   5.0201e-11   |    1.2949     |    0.2273
Created 669473 / 2702736 significant shell pairs
Created 518843 / 2056356 significant shell pairs
Total number of grid points: 369367 (5771 per atom)
One electron integrals and orthogonalizer took 0.050260s
Created 518843 / 2056356 significant shell pairs
3C integrals and B formation took 1.954685s
Iteration |      Energy      |  DIIS Metric   | Fock Time (s) | DIIS Time (s)
----------+------------------+----------------+---------------+--------------
Density calculation took 0.552971s
Tau required
    1     | -1624.1076913158 |   1.0161e+03   |    1.4552     |    0.2579
Density calculation took 0.572731s
Tau required
    2     | -1613.0016397636 |   2.5744e+00   |    1.3219     |    0.2234
Density calculation took 0.550849s
Tau required
    3     | -1612.9160948369 |   3.0607e+00   |    1.2988     |    0.2326
Density calculation took 0.551229s
Tau required
    4     | -1613.7037240670 |   8.8275e-02   |    1.2994     |    0.2245
Density calculation took 0.549960s
Tau required
    5     | -1613.7181021004 |   3.3959e-02   |    1.2990     |    0.2358
Density calculation took 0.549956s
Tau required
    6     | -1613.7267439942 |   3.4322e-03   |    1.3003     |    0.2254
Density calculation took 0.549860s
Tau required
    7     | -1613.7275137690 |   8.0137e-04   |    1.2997     |    0.2350
Density calculation took 0.549354s
Tau required
    8     | -1613.7276956354 |   1.9585e-04   |    1.2985     |    0.2264
Density calculation took 0.549419s
Tau required
    9     | -1613.7277518071 |   9.8150e-06   |    1.3020     |    0.2281
Density calculation took 0.548802s
Tau required
   10     | -1613.7277537517 |   3.4228e-06   |    1.2975     |    0.2272
Density calculation took 0.549368s
Tau required
   11     | -1613.7277546872 |   3.1446e-07   |    1.2982     |    0.2270
Density calculation took 0.549093s
Tau required
   12     | -1613.7277547469 |   1.0729e-07   |    1.2981     |    0.2270
Density calculation took 0.549221s
Tau required
   13     | -1613.7277547757 |   9.5023e-09   |    1.3003     |    0.2285
Density calculation took 0.549228s
Tau required
   14     | -1613.7277547781 |   1.0860e-09   |    1.3012     |    0.2269
Density calculation took 0.549263s
Tau required
   15     | -1613.7277547783 |   2.8631e-10   |    1.3009     |    0.2274
Density calculation took 0.549440s
Tau required
   16     | -1613.7277547783 |   2.9145e-11   |    1.2980     |    0.2272
Created 702618 / 2702736 significant shell pairs
Created 544793 / 2056356 significant shell pairs
Total number of grid points: 369524 (5773 per atom)
One electron integrals and orthogonalizer took 0.049972s
Created 544793 / 2056356 significant shell pairs
3C integrals and B formation took 1.973407s
Iteration |      Energy      |  DIIS Metric   | Fock Time (s) | DIIS Time (s)
----------+------------------+----------------+---------------+--------------
Density calculation took 0.554867s
Tau required
    1     | -1624.1087619554 |   1.0200e+03   |    1.4937     |    0.2574
Density calculation took 0.577064s
Tau required
    2     | -1612.9786178505 |   2.5552e+00   |    1.3313     |    0.2233
Density calculation took 0.551725s
Tau required
    3     | -1612.8874457201 |   3.0837e+00   |    1.3038     |    0.2328
Density calculation took 0.551041s
Tau required
    4     | -1613.6738115515 |   9.9863e-02   |    1.3031     |    0.2243
Density calculation took 0.551079s
Tau required
    5     | -1613.6872339698 |   4.4165e-02   |    1.3033     |    0.2348
Density calculation took 0.551011s
Tau required
    6     | -1613.6987900660 |   5.6295e-03   |    1.3048     |    0.2266
Density calculation took 0.550554s
Tau required
    7     | -1613.7002615447 |   7.3379e-04   |    1.3006     |    0.2356
Density calculation took 0.550048s
Tau required
    8     | -1613.7004048206 |   2.4862e-04   |    1.3049     |    0.2276
Density calculation took 0.550466s
Tau required
    9     | -1613.7004773134 |   1.3419e-05   |    1.3017     |    0.2270
Density calculation took 0.550249s
Tau required
   10     | -1613.7004800918 |   3.8682e-06   |    1.3021     |    0.2278
Density calculation took 0.550390s
Tau required
   11     | -1613.7004810539 |   5.6473e-07   |    1.3031     |    0.2275
Density calculation took 0.549869s
Tau required
   12     | -1613.7004811774 |   1.5157e-07   |    1.3005     |    0.2275
Density calculation took 0.550888s
Tau required
   13     | -1613.7004812197 |   1.2680e-08   |    1.3029     |    0.2283
Density calculation took 0.550473s
Tau required
   14     | -1613.7004812229 |   1.4974e-09   |    1.3052     |    0.2257
Density calculation took 0.550583s
Tau required
   15     | -1613.7004812232 |   5.1931e-10   |    1.3051     |    0.2282
Density calculation took 0.550403s
Tau required
   16     | -1613.7004812233 |   1.1318e-10   |    1.3024     |    0.2280
Density calculation took 0.550291s
Tau required
   17     | -1613.7004812233 |   2.1676e-11   |    1.3040     |    0.2285
Created 669806 / 2702736 significant shell pairs
Created 518578 / 2056356 significant shell pairs
Total number of grid points: 369410 (5772 per atom)
One electron integrals and orthogonalizer took 0.049923s
Created 518578 / 2056356 significant shell pairs
3C integrals and B formation took 1.954170s
Iteration |      Energy      |  DIIS Metric   | Fock Time (s) | DIIS Time (s)
----------+------------------+----------------+---------------+--------------
Density calculation took 0.555101s
Tau required
    1     | -1624.0988407681 |   1.0163e+03   |    1.4566     |    0.2586
Density calculation took 0.572743s
Tau required
    2     | -1612.9871630750 |   2.5647e+00   |    1.3178     |    0.2246
Density calculation took 0.549308s
Tau required
    3     | -1612.9021577802 |   3.0519e+00   |    1.2988     |    0.2329
Density calculation took 0.549685s
Tau required
    4     | -1613.6876193981 |   8.9421e-02   |    1.2991     |    0.2250
Density calculation took 0.549297s
Tau required
    5     | -1613.7016079932 |   3.5872e-02   |    1.2968     |    0.2351
Density calculation took 0.548491s
Tau required
    6     | -1613.7106136921 |   4.5281e-03   |    1.2940     |    0.2259
Density calculation took 0.548733s
Tau required
    7     | -1613.7116983242 |   7.9675e-04   |    1.2986     |    0.2367
Density calculation took 0.549034s
Tau required
    8     | -1613.7118711966 |   2.1967e-04   |    1.3002     |    0.2278
Density calculation took 0.548232s
Tau required
    9     | -1613.7119344283 |   1.0269e-05   |    1.2949     |    0.2276
Density calculation took 0.548786s
Tau required
   10     | -1613.7119366821 |   2.6620e-06   |    1.2978     |    0.2274
Density calculation took 0.548222s
Tau required
   11     | -1613.7119373925 |   2.4241e-07   |    1.2958     |    0.2346
Density calculation took 0.549026s
Tau required
   12     | -1613.7119374316 |   1.0764e-07   |    1.3015     |    0.2268
Density calculation took 0.548259s
Tau required
   13     | -1613.7119374595 |   9.7150e-09   |    1.2946     |    0.2278
Density calculation took 0.548741s
Tau required
   14     | -1613.7119374619 |   1.3789e-09   |    1.2985     |    0.2264
Density calculation took 0.551359s
Tau required
   15     | -1613.7119374622 |   3.5859e-10   |    1.2988     |    0.2267
Density calculation took 0.548927s
Tau required
   16     | -1613.7119374623 |   5.1532e-11   |    1.2984     |    0.2272
Created 700977 / 2702736 significant shell pairs
Created 543351 / 2056356 significant shell pairs
Total number of grid points: 368703 (5760 per atom)
One electron integrals and orthogonalizer took 0.050851s
Created 543351 / 2056356 significant shell pairs
3C integrals and B formation took 1.971019s
Iteration |      Energy      |  DIIS Metric   | Fock Time (s) | DIIS Time (s)
----------+------------------+----------------+---------------+--------------
Density calculation took 0.549124s
Tau required
    1     | -1624.1132826776 |   1.0198e+03   |    1.4504     |    0.2598
Density calculation took 0.567623s
Tau required
    2     | -1612.9882515359 |   2.5894e+00   |    1.3258     |    0.2244
Density calculation took 0.546170s
Tau required
    3     | -1612.8882920007 |   3.1442e+00   |    1.3030     |    0.2310
Density calculation took 0.546018s
Tau required
    4     | -1613.6946082820 |   7.9896e-02   |    1.3047     |    0.2233
Density calculation took 0.545556s
Tau required
    5     | -1613.7075764170 |   3.1066e-02   |    1.3059     |    0.2322
Density calculation took 0.545574s
Tau required
    6     | -1613.7159010261 |   2.4883e-03   |    1.3049     |    0.2246
Density calculation took 0.545538s
Tau required
    7     | -1613.7164121561 |   7.4070e-04   |    1.3053     |    0.2342
Density calculation took 0.545280s
Tau required
    8     | -1613.7165934386 |   1.3177e-04   |    1.3059     |    0.2280
Density calculation took 0.545318s
Tau required
    9     | -1613.7166280452 |   1.2336e-05   |    1.3052     |    0.2289
Density calculation took 0.544512s
Tau required
   10     | -1613.7166307643 |   2.7762e-06   |    1.3064     |    0.2282
Density calculation took 0.545111s
Tau required
   11     | -1613.7166314601 |   3.6212e-07   |    1.3071     |    0.2282
Density calculation took 0.545399s
Tau required
   12     | -1613.7166315203 |   1.6376e-07   |    1.3073     |    0.2290
Density calculation took 0.545017s
Tau required
   13     | -1613.7166315651 |   2.0051e-08   |    1.3043     |    0.2278
Density calculation took 0.545094s
Tau required
   14     | -1613.7166315705 |   1.3649e-09   |    1.3048     |    0.2282
Density calculation took 0.545049s
Tau required
   15     | -1613.7166315708 |   4.8842e-10   |    1.3066     |    0.2278
Density calculation took 0.545089s
Tau required
   16     | -1613.7166315709 |   4.2389e-11   |    1.3046     |    0.2277
Please cite the following papers for the methods used in this calculation:
 - J.L. Galvez Vallejo et. al., Toward an extreme-scale electronic structure system, J. Chem. Phys., 2023. DOI: 10.1063/5.0156399

 - R. Stocks, E. Palethorpe, and G.M.J. Barca, Multi-GPU RI-HF Energies and Analytic Gradients ─ Toward High-Throughput Ab Initio Molecular Dynamics, J. Chem. Theory Comput., 2024. DOI: 10.1021/acs.jctc.4c00877
   For:
     * RI-HF energy

 - S. Lehtola, C. Steigemann, M.J.T. Oliveira, and M.A.L. Marques, Recent developments in Libxc: A comprehensive library of functionals for density functional theory, SoftwareX, 2018. DOI: 10.1016/j.softx.2017.11.002
   For:
     * LibXC version 6.2.0

 - D.B. Williams-Young, W.A. de Jong, H.J.J. van Dam, and C. Yang, On the Efficient Evaluation of the Exchange Correlation Potential on Graphics Processing Unit Clusters, Frontiers in Chemistry, 2020. DOI: 10.3389/fchem.2020.581058
   For:
     * ExchCXX GPU implementation of exchange-correlation functionals

 - R. Stocks and G.M.J. Barca, Efficient Algorithms for GPU Accelerated Evaluation of the DFT Exchange-Correlation Functional, J. Chem. Theory Comput., 2025. DOI: 10.1021/acs.jctc.5c01229
   For:
     * GPU accelerated DFT exchange-correlation evaluation

 - J. Sun, A. Ruzsinszky, and J. P. Perdew.,  Phys. Rev. Lett. 115, 036402 (2015) DOI: 10.1103/PhysRevLett.115.036402
   For:
     * MGGA_X_SCAN XC Functional
     * MGGA_C_SCAN XC Functional

[CRAYBLAS_WARNING] Application linked against multiple cray-libsci libraries
