Total number of grid points: 392275 (5768 per atom)
Density calculation took 0.661670s
Tau required
Density calculation took 0.639742s
Tau required
Density calculation took 0.616972s
Tau required
Density calculation took 0.618702s
Tau required
Density calculation took 0.617867s
Tau required
Density calculation took 0.618963s
Tau required
Density calculation took 0.617569s
Tau required
Density calculation took 0.619122s
Tau required
Density calculation took 0.618428s
Tau required
Density calculation took 0.619242s
Tau required
Density calculation took 0.618029s
Tau required
Density calculation took 0.619391s
Tau required
Density calculation took 0.618405s
Tau required
Density calculation took 0.619627s
Tau required
Density calculation took 0.618642s
Tau required
Density calculation took 0.619475s
Tau required
Total number of grid points: 392956 (5778 per atom)
Density calculation took 0.666362s
Tau required
Density calculation took 0.645261s
Tau required
Density calculation took 0.621743s
Tau required
Density calculation took 0.621737s
Tau required
Density calculation took 0.622158s
Tau required
Density calculation took 0.621685s
Tau required
Density calculation took 0.621992s
Tau required
Density calculation took 0.621865s
Tau required
Density calculation took 0.622247s
Tau required
Density calculation took 0.622056s
Tau required
Density calculation took 0.622569s
Tau required
Density calculation took 0.622193s
Tau required
Density calculation took 0.622462s
Tau required
Density calculation took 0.622201s
Tau required
Density calculation took 0.622361s
Tau required
Density calculation took 0.622288s
Tau required
Total number of grid points: 392636 (5774 per atom)
Density calculation took 0.658421s
Tau required
Density calculation took 0.638427s
Tau required
Density calculation took 0.614828s
Tau required
Density calculation took 0.613911s
Tau required
Density calculation took 0.615075s
Tau required
Density calculation took 0.614799s
Tau required
Density calculation took 0.614775s
Tau required
Density calculation took 0.614755s
Tau required
Density calculation took 0.615280s
Tau required
Density calculation took 0.615112s
Tau required
Density calculation took 0.615367s
Tau required
Density calculation took 0.615438s
Tau required
Density calculation took 0.615377s
Tau required
Density calculation took 0.615063s
Tau required
Density calculation took 0.614966s
Tau required
Density calculation took 0.615399s
Tau required
Total number of grid points: 392964 (5778 per atom)
Density calculation took 0.697188s
Tau required
Density calculation took 0.645381s
Tau required
Density calculation took 0.622351s
Tau required
Density calculation took 0.623134s
Tau required
Density calculation took 0.622421s
Tau required
Density calculation took 0.623240s
Tau required
Density calculation took 0.622790s
Tau required
Density calculation took 0.623060s
Tau required
Density calculation took 0.622484s
Tau required
Density calculation took 0.623328s
Tau required
Density calculation took 0.622927s
Tau required
Density calculation took 0.623275s
Tau required
Density calculation took 0.622907s
Tau required
Density calculation took 0.623666s
Tau required
Density calculation took 0.622816s
Tau required
Density calculation took 0.623478s
Tau required
Total number of grid points: 392735 (5775 per atom)
Density calculation took 0.659715s
Tau required
Density calculation took 0.640795s
Tau required
Density calculation took 0.616926s
Tau required
Density calculation took 0.616929s
Tau required
Density calculation took 0.616743s
Tau required
Density calculation took 0.616790s
Tau required
Density calculation took 0.616840s
Tau required
Density calculation took 0.616694s
Tau required
Density calculation took 0.616841s
Tau required
Density calculation took 0.617120s
Tau required
Density calculation took 0.616874s
Tau required
Density calculation took 0.616861s
Tau required
Density calculation took 0.616988s
Tau required
Density calculation took 0.617049s
Tau required
Density calculation took 0.617089s
Tau required
Density calculation took 0.616872s
Tau required
Density calculation took 0.617057s
Tau required
Density calculation took 0.617168s
Tau required
Total number of grid points: 392394 (5770 per atom)
Density calculation took 0.663480s
Tau required
Density calculation took 0.644080s
Tau required
Density calculation took 0.620864s
Tau required
Density calculation took 0.620668s
Tau required
Density calculation took 0.620717s
Tau required
Density calculation took 0.620142s
Tau required
Density calculation took 0.620924s
Tau required
Density calculation took 0.620125s
Tau required
Density calculation took 0.621080s
Tau required
Density calculation took 0.620878s
Tau required
Density calculation took 0.621084s
Tau required
Density calculation took 0.620478s
Tau required
Density calculation took 0.620914s
Tau required
Density calculation took 0.620490s
Tau required
Density calculation took 0.621124s
Tau required
Density calculation took 0.620282s
Tau required
Total number of grid points: 392223 (5767 per atom)
Density calculation took 0.669232s
Tau required
Density calculation took 0.643090s
Tau required
Density calculation took 0.620637s
Tau required
Density calculation took 0.620765s
Tau required
Density calculation took 0.620570s
Tau required
Density calculation took 0.620600s
Tau required
Density calculation took 0.620377s
Tau required
Density calculation took 0.620451s
Tau required
Density calculation took 0.620626s
Tau required
Density calculation took 0.620587s
Tau required
Density calculation took 0.620698s
Tau required
Density calculation took 0.620803s
Tau required
Density calculation took 0.620832s
Tau required
Density calculation took 0.620553s
Tau required
Density calculation took 0.620685s
Tau required
Density calculation took 0.620774s
Tau required
Total number of grid points: 392553 (5772 per atom)
Density calculation took 0.691704s
Tau required
Density calculation took 0.639204s
Tau required
Density calculation took 0.617627s
Tau required
Density calculation took 0.618046s
Tau required
Density calculation took 0.617681s
Tau required
Density calculation took 0.617688s
Tau required
Density calculation took 0.617879s
Tau required
Density calculation took 0.617444s
Tau required
Density calculation took 0.618018s
Tau required
Density calculation took 0.617666s
Tau required
Density calculation took 0.618237s
Tau required
Density calculation took 0.617512s
Tau required
Density calculation took 0.617994s
Tau required
Density calculation took 0.617676s
Tau required
Density calculation took 0.617934s
Tau required
Density calculation took 0.617755s
Tau required
Total number of grid points: 392623 (5773 per atom)
Density calculation took 0.697946s
Tau required
Density calculation took 0.639512s
Tau required
Density calculation took 0.610833s
Tau required
Density calculation took 0.610944s
Tau required
Density calculation took 0.611244s
Tau required
Density calculation took 0.610661s
Tau required
Density calculation took 0.610595s
Tau required
Density calculation took 0.611055s
Tau required
Density calculation took 0.610784s
Tau required
Density calculation took 0.610467s
Tau required
Density calculation took 0.611105s
Tau required
Density calculation took 0.610664s
Tau required
Density calculation took 0.611257s
Tau required
Density calculation took 0.611265s
Tau required
Density calculation took 0.610742s
Tau required
Density calculation took 0.610621s
Tau required
Total number of grid points: 392582 (5773 per atom)
Density calculation took 0.665652s
Tau required
Density calculation took 0.641234s
Tau required
Density calculation took 0.618025s
Tau required
Density calculation took 0.617968s
Tau required
Density calculation took 0.617928s
Tau required
Density calculation took 0.617820s
Tau required
Density calculation took 0.617926s
Tau required
Density calculation took 0.618045s
Tau required
Density calculation took 0.617910s
Tau required
Density calculation took 0.617990s
Tau required
Density calculation took 0.617933s
Tau required
Density calculation took 0.617873s
Tau required
Density calculation took 0.618189s
Tau required
Density calculation took 0.617838s
Tau required
Density calculation took 0.618088s
Tau required
Density calculation took 0.617939s
Tau required
Total number of grid points: 393453 (5786 per atom)
Density calculation took 0.690605s
Tau required
Density calculation took 0.643906s
Tau required
Density calculation took 0.620939s
Tau required
Density calculation took 0.620084s
Tau required
Density calculation took 0.620684s
Tau required
Density calculation took 0.620630s
Tau required
Density calculation took 0.620741s
Tau required
Density calculation took 0.620436s
Tau required
Density calculation took 0.621007s
Tau required
Density calculation took 0.620449s
Tau required
Density calculation took 0.621006s
Tau required
Density calculation took 0.620323s
Tau required
Density calculation took 0.621152s
Tau required
Density calculation took 0.620626s
Tau required
Density calculation took 0.621140s
Tau required
Density calculation took 0.620151s
Tau required
Total number of grid points: 392136 (5766 per atom)
Density calculation took 0.668071s
Tau required
Density calculation took 0.641145s
Tau required
Density calculation took 0.619376s
Tau required
Density calculation took 0.620363s
Tau required
Density calculation took 0.619437s
Tau required
Density calculation took 0.620283s
Tau required
Density calculation took 0.619628s
Tau required
Density calculation took 0.620055s
Tau required
Density calculation took 0.619482s
Tau required
Density calculation took 0.620356s
Tau required
Density calculation took 0.619686s
Tau required
Density calculation took 0.620623s
Tau required
Density calculation took 0.619226s
Tau required
Density calculation took 0.620265s
Tau required
Density calculation took 0.619429s
Tau required
Density calculation took 0.620502s
Tau required
Total number of grid points: 392698 (5774 per atom)
Density calculation took 0.682926s
Tau required
Density calculation took 0.643190s
Tau required
Density calculation took 0.620716s
Tau required
Density calculation took 0.621488s
Tau required
Density calculation took 0.620561s
Tau required
Density calculation took 0.621385s
Tau required
Density calculation took 0.621156s
Tau required
Density calculation took 0.621386s
Tau required
Density calculation took 0.620811s
Tau required
Density calculation took 0.621429s
Tau required
Density calculation took 0.620956s
Tau required
Density calculation took 0.621508s
Tau required
Density calculation took 0.620725s
Tau required
Density calculation took 0.621565s
Tau required
Density calculation took 0.621166s
Tau required
Density calculation took 0.621701s
Tau required
Total number of grid points: 393519 (5787 per atom)
Density calculation took 0.691801s
Tau required
Density calculation took 0.643918s
Tau required
Density calculation took 0.620820s
Tau required
Density calculation took 0.619816s
Tau required
Density calculation took 0.621061s
Tau required
Density calculation took 0.619765s
Tau required
Density calculation took 0.621381s
Tau required
Density calculation took 0.619618s
Tau required
Density calculation took 0.620667s
Tau required
Density calculation took 0.619658s
Tau required
Density calculation took 0.621546s
Tau required
Density calculation took 0.619514s
Tau required
Density calculation took 0.621419s
Tau required
Density calculation took 0.619372s
Tau required
Density calculation took 0.621383s
Tau required
Density calculation took 0.619832s
Tau required
Total number of grid points: 392778 (5776 per atom)
Density calculation took 0.686756s
Tau required
Density calculation took 0.640281s
Tau required
Density calculation took 0.618214s
Tau required
Density calculation took 0.618120s
Tau required
Density calculation took 0.618434s
Tau required
Density calculation took 0.618305s
Tau required
Density calculation took 0.618111s
Tau required
Density calculation took 0.618375s
Tau required
Density calculation took 0.618695s
Tau required
Density calculation took 0.618098s
Tau required
Density calculation took 0.618556s
Tau required
Density calculation took 0.618475s
Tau required
Density calculation took 0.618601s
Tau required
Density calculation took 0.618305s
Tau required
Density calculation took 0.618781s
Tau required
Density calculation took 0.618656s
Tau required
Density calculation took 0.618799s
Tau required
Total number of grid points: 392579 (5773 per atom)
Density calculation took 0.687069s
Tau required
Density calculation took 0.645564s
Tau required
Density calculation took 0.623118s
Tau required
Density calculation took 0.623069s
Tau required
Density calculation took 0.622952s
Tau required
Density calculation took 0.623330s
Tau required
Density calculation took 0.623088s
Tau required
Density calculation took 0.623190s
Tau required
Density calculation took 0.623088s
Tau required
Density calculation took 0.622967s
Tau required
Density calculation took 0.623624s
Tau required
Density calculation took 0.623554s
Tau required
Density calculation took 0.623543s
Tau required
Density calculation took 0.623431s
Tau required
Density calculation took 0.623425s
Tau required
Density calculation took 0.623644s
Tau required
Total number of grid points: 392358 (5769 per atom)
Density calculation took 0.660481s
Tau required
Density calculation took 0.643361s
Tau required
Density calculation took 0.620492s
Tau required
Density calculation took 0.621005s
Tau required
Density calculation took 0.620709s
Tau required
Density calculation took 0.620758s
Tau required
Density calculation took 0.620627s
Tau required
Density calculation took 0.620732s
Tau required
Density calculation took 0.620746s
Tau required
Density calculation took 0.620713s
Tau required
Density calculation took 0.620495s
Tau required
Density calculation took 0.620651s
Tau required
Density calculation took 0.620923s
Tau required
Density calculation took 0.620787s
Tau required
Density calculation took 0.620671s
Tau required
Density calculation took 0.620918s
Tau required
Total number of grid points: 392998 (5779 per atom)
Density calculation took 0.691318s
Tau required
Density calculation took 0.642300s
Tau required
Density calculation took 0.617822s
Tau required
Density calculation took 0.618229s
Tau required
Density calculation took 0.618050s
Tau required
Density calculation took 0.618073s
Tau required
Density calculation took 0.618158s
Tau required
Density calculation took 0.618229s
Tau required
Density calculation took 0.617970s
Tau required
Density calculation took 0.618448s
Tau required
Density calculation took 0.618152s
Tau required
Density calculation took 0.618438s
Tau required
Density calculation took 0.618001s
Tau required
Density calculation took 0.618220s
Tau required
Density calculation took 0.617758s
Tau required
Density calculation took 0.618442s
Tau required
Total number of grid points: 392030 (5765 per atom)
Density calculation took 0.692913s
Tau required
Density calculation took 0.640846s
Tau required
Density calculation took 0.620046s
Tau required
Density calculation took 0.619275s
Tau required
Density calculation took 0.619971s
Tau required
Density calculation took 0.619595s
Tau required
Density calculation took 0.619896s
Tau required
Density calculation took 0.619568s
Tau required
Density calculation took 0.620355s
Tau required
Density calculation took 0.619804s
Tau required
Density calculation took 0.620440s
Tau required
Density calculation took 0.619961s
Tau required
Density calculation took 0.620426s
Tau required
Density calculation took 0.619765s
Tau required
Density calculation took 0.620466s
Tau required
Density calculation took 0.619913s
Tau required
Total number of grid points: 392197 (5767 per atom)
Density calculation took 0.697569s
Tau required
Density calculation took 0.642223s
Tau required
Density calculation took 0.620136s
Tau required
Density calculation took 0.620557s
Tau required
Density calculation took 0.620216s
Tau required
Density calculation took 0.620300s
Tau required
Density calculation took 0.620351s
Tau required
Density calculation took 0.620510s
Tau required
Density calculation took 0.620429s
Tau required
Density calculation took 0.620232s
Tau required
Density calculation took 0.620611s
Tau required
Density calculation took 0.620476s
Tau required
Density calculation took 0.620300s
Tau required
Density calculation took 0.620685s
Tau required
Density calculation took 0.620267s
Tau required
Density calculation took 0.620265s
Tau required
[CRAYBLAS_WARNING] Application linked against multiple cray-libsci libraries
=====


Topology 8 time: 31.223701 s, performance: SP: 0 FLOP/s, DP: 33.75 TFLOP/s
JSON file written to: json_logs/lustre_orion_chm213_scratch_ryan_dhdft_inputs_exess_exess_inputs_SCAN_def2-TZVP_isomers_32280-32299_topology_8.json
************************************************************
**************** Running topology 10 of 20 *****************
************************************************************

************************************************************
******* Beginning RI-MGGA_X_SCAN+MGGA_C_SCAN energy ********
************************************************************

=======================================================
        MGGA_X_SCAN+MGGA_C_SCAN Energy Results         
=======================================================
E MGGA_X_SCAN+MGGA_C_SCAN: -1691.1237269
Nuclear Repulsion Energy: 4513.66251709
Electronic Energy:        -5956.90655107
XC Energy:                -247.879693
Converged:                1
# of SCF iterations:      16
SCF Time:                 31.125s

=======================================================
            Individual Calculation Summary             
=======================================================
HF Energy: -1691.1237268992531426
=======================================================


Topology 9 time: 31.317885 s, performance: SP: 0 FLOP/s, DP: 33.68 TFLOP/s
JSON file written to: json_logs/lustre_orion_chm213_scratch_ryan_dhdft_inputs_exess_exess_inputs_SCAN_def2-TZVP_isomers_32280-32299_topology_9.json
************************************************************
**************** Running topology 11 of 20 *****************
************************************************************

************************************************************
******* Beginning RI-MGGA_X_SCAN+MGGA_C_SCAN energy ********
************************************************************

=======================================================
        MGGA_X_SCAN+MGGA_C_SCAN Energy Results         
=======================================================
E MGGA_X_SCAN+MGGA_C_SCAN: -1691.12207169
Nuclear Repulsion Energy: 4537.13215045
Electronic Energy:        -5980.37411963
XC Energy:                -247.880103
Converged:                1
# of SCF iterations:      16
SCF Time:                 31.458s

=======================================================
            Individual Calculation Summary             
=======================================================
HF Energy: -1691.1220716921081930
=======================================================


Topology 10 time: 31.649960 s, performance: SP: 0 FLOP/s, DP: 33.3 TFLOP/s
JSON file written to: json_logs/lustre_orion_chm213_scratch_ryan_dhdft_inputs_exess_exess_inputs_SCAN_def2-TZVP_isomers_32280-32299_topology_10.json
************************************************************
**************** Running topology 12 of 20 *****************
************************************************************

************************************************************
******* Beginning RI-MGGA_X_SCAN+MGGA_C_SCAN energy ********
************************************************************

=======================================================
        MGGA_X_SCAN+MGGA_C_SCAN Energy Results         
=======================================================
E MGGA_X_SCAN+MGGA_C_SCAN: -1691.12050126
Nuclear Repulsion Energy: 4546.32805093
Electronic Energy:        -5989.57005218
XC Energy:                -247.878500
Converged:                1
# of SCF iterations:      16
SCF Time:                 31.136s

=======================================================
            Individual Calculation Summary             
=======================================================
HF Energy: -1691.1205012586847261
=======================================================


Topology 11 time: 31.330795 s, performance: SP: 0 FLOP/s, DP: 33.63 TFLOP/s
JSON file written to: json_logs/lustre_orion_chm213_scratch_ryan_dhdft_inputs_exess_exess_inputs_SCAN_def2-TZVP_isomers_32280-32299_topology_11.json
************************************************************
**************** Running topology 13 of 20 *****************
************************************************************

************************************************************
******* Beginning RI-MGGA_X_SCAN+MGGA_C_SCAN energy ********
************************************************************

=======================================================
        MGGA_X_SCAN+MGGA_C_SCAN Energy Results         
=======================================================
E MGGA_X_SCAN+MGGA_C_SCAN: -1691.1261967
Nuclear Repulsion Energy: 4643.44017364
Electronic Energy:        -6086.68105299
XC Energy:                -247.885317
Converged:                1
# of SCF iterations:      16
SCF Time:                 31.328s

=======================================================
            Individual Calculation Summary             
=======================================================
HF Energy: -1691.1261967012228524
=======================================================


Topology 12 time: 31.529483 s, performance: SP: 0 FLOP/s, DP: 33.38 TFLOP/s
JSON file written to: json_logs/lustre_orion_chm213_scratch_ryan_dhdft_inputs_exess_exess_inputs_SCAN_def2-TZVP_isomers_32280-32299_topology_12.json
************************************************************
**************** Running topology 14 of 20 *****************
************************************************************

************************************************************
******* Beginning RI-MGGA_X_SCAN+MGGA_C_SCAN energy ********
************************************************************

=======================================================
        MGGA_X_SCAN+MGGA_C_SCAN Energy Results         
=======================================================
E MGGA_X_SCAN+MGGA_C_SCAN: -1691.12066384
Nuclear Repulsion Energy: 4370.87931788
Electronic Energy:        -5814.1333594
XC Energy:                -247.866622
Converged:                1
# of SCF iterations:      16
SCF Time:                 31.231s

=======================================================
            Individual Calculation Summary             
=======================================================
HF Energy: -1691.1206638350495268
=======================================================


Topology 13 time: 31.413430 s, performance: SP: 0 FLOP/s, DP: 33.59 TFLOP/s
JSON file written to: json_logs/lustre_orion_chm213_scratch_ryan_dhdft_inputs_exess_exess_inputs_SCAN_def2-TZVP_isomers_32280-32299_topology_13.json
************************************************************
**************** Running topology 15 of 20 *****************
************************************************************

************************************************************
******* Beginning RI-MGGA_X_SCAN+MGGA_C_SCAN energy ********
************************************************************

=======================================================
        MGGA_X_SCAN+MGGA_C_SCAN Energy Results         
=======================================================
E MGGA_X_SCAN+MGGA_C_SCAN: -1691.12232447
Nuclear Repulsion Energy: 4307.2229736
Electronic Energy:        -5750.48571809
XC Energy:                -247.859580
Converged:                1
# of SCF iterations:      17
SCF Time:                 32.858s

=======================================================
            Individual Calculation Summary             
=======================================================
HF Energy: -1691.1223244727805195
=======================================================


Topology 14 time: 33.038303 s, performance: SP: 0 FLOP/s, DP: 33.85 TFLOP/s
JSON file written to: json_logs/lustre_orion_chm213_scratch_ryan_dhdft_inputs_exess_exess_inputs_SCAN_def2-TZVP_isomers_32280-32299_topology_14.json
************************************************************
**************** Running topology 16 of 20 *****************
************************************************************

************************************************************
******* Beginning RI-MGGA_X_SCAN+MGGA_C_SCAN energy ********
************************************************************

=======================================================
        MGGA_X_SCAN+MGGA_C_SCAN Energy Results         
=======================================================
E MGGA_X_SCAN+MGGA_C_SCAN: -1691.13005631
Nuclear Repulsion Energy: 4321.91153876
Electronic Energy:        -5765.17392056
XC Energy:                -247.867675
Converged:                1
# of SCF iterations:      16
SCF Time:                 31.269s

=======================================================
            Individual Calculation Summary             
=======================================================
HF Energy: -1691.1300563089148454
=======================================================


Topology 15 time: 31.449052 s, performance: SP: 0 FLOP/s, DP: 33.59 TFLOP/s
JSON file written to: json_logs/lustre_orion_chm213_scratch_ryan_dhdft_inputs_exess_exess_inputs_SCAN_def2-TZVP_isomers_32280-32299_topology_15.json
************************************************************
**************** Running topology 17 of 20 *****************
************************************************************

************************************************************
******* Beginning RI-MGGA_X_SCAN+MGGA_C_SCAN energy ********
************************************************************

=======================================================
        MGGA_X_SCAN+MGGA_C_SCAN Energy Results         
=======================================================
E MGGA_X_SCAN+MGGA_C_SCAN: -1691.12081802
Nuclear Repulsion Energy: 4427.88258032
Electronic Energy:        -5871.13115608
XC Energy:                -247.872242
Converged:                1
# of SCF iterations:      16
SCF Time:                 31.471s

=======================================================
            Individual Calculation Summary             
=======================================================
HF Energy: -1691.1208180197679667
=======================================================


Topology 16 time: 31.657751 s, performance: SP: 0 FLOP/s, DP: 33.35 TFLOP/s
JSON file written to: json_logs/lustre_orion_chm213_scratch_ryan_dhdft_inputs_exess_exess_inputs_SCAN_def2-TZVP_isomers_32280-32299_topology_16.json
************************************************************
**************** Running topology 18 of 20 *****************
************************************************************

************************************************************
******* Beginning RI-MGGA_X_SCAN+MGGA_C_SCAN energy ********
************************************************************

=======================================================
        MGGA_X_SCAN+MGGA_C_SCAN Energy Results         
=======================================================
E MGGA_X_SCAN+MGGA_C_SCAN: -1691.1181306
Nuclear Repulsion Energy: 4438.33767046
Electronic Energy:        -5881.58360235
XC Energy:                -247.872199
Converged:                1
# of SCF iterations:      16
SCF Time:                 31.208s

=======================================================
            Individual Calculation Summary             
=======================================================
HF Energy: -1691.1181306003766167
=======================================================


Topology 17 time: 31.394264 s, performance: SP: 0 FLOP/s, DP: 33.59 TFLOP/s
JSON file written to: json_logs/lustre_orion_chm213_scratch_ryan_dhdft_inputs_exess_exess_inputs_SCAN_def2-TZVP_isomers_32280-32299_topology_17.json
************************************************************
**************** Running topology 19 of 20 *****************
************************************************************

************************************************************
******* Beginning RI-MGGA_X_SCAN+MGGA_C_SCAN energy ********
************************************************************

=======================================================
        MGGA_X_SCAN+MGGA_C_SCAN Energy Results         
=======================================================
E MGGA_X_SCAN+MGGA_C_SCAN: -1691.11592833
Nuclear Repulsion Energy: 4440.95644765
Electronic Energy:        -5884.20274831
XC Energy:                -247.869628
Converged:                1
# of SCF iterations:      16
SCF Time:                 31.228s

=======================================================
            Individual Calculation Summary             
=======================================================
HF Energy: -1691.1159283272747871
=======================================================


Topology 18 time: 31.414781 s, performance: SP: 0 FLOP/s, DP: 33.57 TFLOP/s
JSON file written to: json_logs/lustre_orion_chm213_scratch_ryan_dhdft_inputs_exess_exess_inputs_SCAN_def2-TZVP_isomers_32280-32299_topology_18.json
************************************************************
**************** Running topology 20 of 20 *****************
************************************************************

************************************************************
******* Beginning RI-MGGA_X_SCAN+MGGA_C_SCAN energy ********
************************************************************

=======================================================
        MGGA_X_SCAN+MGGA_C_SCAN Energy Results         
=======================================================
E MGGA_X_SCAN+MGGA_C_SCAN: -1691.13143964
Nuclear Repulsion Energy: 4326.4084806
Electronic Energy:        -5769.67144634
XC Energy:                -247.868474
Converged:                1
# of SCF iterations:      16
SCF Time:                 31.261s

=======================================================
            Individual Calculation Summary             
=======================================================
HF Energy: -1691.1314396380278140
=======================================================


Topology 19 time: 31.441878 s, performance: SP: 0 FLOP/s, DP: 33.56 TFLOP/s
JSON file written to: json_logs/lustre_orion_chm213_scratch_ryan_dhdft_inputs_exess_exess_inputs_SCAN_def2-TZVP_isomers_32280-32299_topology_19.json
Total flops: SP: 0 FLOPS, DP: 21.268583 PFLOPS
Performance: SP: 0 FLOP/s, DP: 33.02 TFLOP/s

Now, a word from our sponsors... 
 The only reason Canberra has 400k inhabitants is because there's so many roundabouts that no one knows how to leave

[31mTotal processing time 644.315976 seconds[0m
[CRAYBLAS_WARNING] Application linked against multiple cray-libsci libraries

   14     | -1691.1261967007 |   1.8803e-09   |    1.5187     |    0.2623
Density calculation took 0.621422s
Tau required
   15     | -1691.1261967011 |   6.5333e-10   |    1.5188     |    0.2623
Density calculation took 0.622114s
Tau required
   16     | -1691.1261967012 |   6.4571e-11   |    1.5205     |    0.2609
Created 654106 / 2985984 significant shell pairs
Created 506692 / 2274064 significant shell pairs
Total number of grid points: 392051 (5765 per atom)
One electron integrals and orthogonalizer took 0.047689s
Created 506692 / 2274064 significant shell pairs
3C integrals and B formation took 2.036779s
Iteration |      Energy      |  DIIS Metric   | Fock Time (s) | DIIS Time (s)
----------+------------------+----------------+---------------+--------------
Density calculation took 0.663602s
Tau required
    1     | -1701.8526290444 |   1.0524e+03   |    1.7414     |    0.2969
Density calculation took 0.640768s
Tau required
    2     | -1690.3434547514 |   2.7487e+00   |    1.5561     |    0.2586
Density calculation took 0.618884s
Tau required
    3     | -1690.2491047017 |   3.2634e+00   |    1.5254     |    0.2672
Density calculation took 0.619124s
Tau required
    4     | -1691.0940242022 |   9.6518e-02   |    1.5198     |    0.2599
Density calculation took 0.618193s
Tau required
    5     | -1691.1121829730 |   2.9382e-02   |    1.5256     |    0.2701
Density calculation took 0.618236s
Tau required
    6     | -1691.1194947805 |   3.8947e-03   |    1.5222     |    0.2608
Density calculation took 0.618561s
Tau required
    7     | -1691.1204697551 |   6.3295e-04   |    1.5263     |    0.2741
Density calculation took 0.618463s
Tau required
    8     | -1691.1206259436 |   1.3113e-04   |    1.5177     |    0.2623
Density calculation took 0.618311s
Tau required
    9     | -1691.1206611058 |   9.1362e-06   |    1.5260     |    0.2612
Density calculation took 0.619408s
Tau required
   10     | -1691.1206625074 |   4.2533e-06   |    1.5192     |    0.2615
Density calculation took 0.618608s
Tau required
   11     | -1691.1206636926 |   4.7007e-07   |    1.5244     |    0.2628
Density calculation took 0.619225s
Tau required
   12     | -1691.1206637960 |   1.3191e-07   |    1.5208     |    0.2607
Density calculation took 0.618520s
Tau required
   13     | -1691.1206638280 |   2.3436e-08   |    1.5274     |    0.2626
Density calculation took 0.619634s
Tau required
   14     | -1691.1206638346 |   1.5064e-09   |    1.5193     |    0.2623
Density calculation took 0.618379s
Tau required
   15     | -1691.1206638349 |   5.3183e-10   |    1.5262     |    0.2609
Density calculation took 0.619370s
Tau required
   16     | -1691.1206638350 |   6.2305e-11   |    1.5201     |    0.2635
Created 638313 / 2985984 significant shell pairs
Created 494520 / 2274064 significant shell pairs
Total number of grid points: 392462 (5771 per atom)
One electron integrals and orthogonalizer took 0.047933s
Created 494520 / 2274064 significant shell pairs
3C integrals and B formation took 2.033439s
Iteration |      Energy      |  DIIS Metric   | Fock Time (s) | DIIS Time (s)
----------+------------------+----------------+---------------+--------------
Density calculation took 0.668664s
Tau required
    1     | -1701.8408758330 |   1.0491e+03   |    1.7489     |    0.2935
Density calculation took 0.649803s
Tau required
    2     | -1690.3444367415 |   2.7498e+00   |    1.5474     |    0.2569
Density calculation took 0.625766s
Tau required
    3     | -1690.2485112159 |   3.2715e+00   |    1.5132     |    0.2672
Density calculation took 0.625958s
Tau required
    4     | -1691.0947816257 |   1.0260e-01   |    1.5162     |    0.2588
Density calculation took 0.626910s
Tau required
    5     | -1691.1152192994 |   2.5212e-02   |    1.5114     |    0.2680
Density calculation took 0.626214s
Tau required
    6     | -1691.1207364312 |   4.8954e-03   |    1.5119     |    0.2611
Density calculation took 0.626277s
Tau required
    7     | -1691.1219275756 |   1.1615e-03   |    1.5146     |    0.2708
Density calculation took 0.626619s
Tau required
    8     | -1691.1222379840 |   2.7795e-04   |    1.5134     |    0.2617
Density calculation took 0.626307s
Tau required
    9     | -1691.1223186190 |   1.8810e-05   |    1.5112     |    0.2619
Density calculation took 0.626155s
Tau required
   10     | -1691.1223231009 |   4.7338e-06   |    1.5128     |    0.2616
Density calculation took 0.626987s
Tau required
   11     | -1691.1223243190 |   5.2708e-07   |    1.5141     |    0.2622
Density calculation took 0.626416s
Tau required
   12     | -1691.1223244261 |   1.6208e-07   |    1.5138     |    0.2614
Density calculation took 0.626343s
Tau required
   13     | -1691.1223244669 |   2.0965e-08   |    1.5131     |    0.2609
Density calculation took 0.626397s
Tau required
   14     | -1691.1223244721 |   2.2132e-09   |    1.5132     |    0.2638
Density calculation took 0.626251s
Tau required
   15     | -1691.1223244726 |   7.1221e-10   |    1.5125     |    0.2616
Density calculation took 0.626705s
Tau required
   16     | -1691.1223244728 |   1.3759e-10   |    1.5151     |    0.2623
Density calculation took 0.626894s
Tau required
   17     | -1691.1223244728 |   4.9827e-11   |    1.5114     |    0.2623
Created 643144 / 2985984 significant shell pairs
Created 498245 / 2274064 significant shell pairs
Total number of grid points: 392784 (5776 per atom)
One electron integrals and orthogonalizer took 0.048101s
Created 498245 / 2274064 significant shell pairs
3C integrals and B formation took 2.027369s
Iteration |      Energy      |  DIIS Metric   | Fock Time (s) | DIIS Time (s)
----------+------------------+----------------+---------------+--------------
Density calculation took 0.691766s
Tau required
    1     | -1701.8553232708 |   1.0511e+03   |    1.7456     |    0.2932
Density calculation took 0.646204s
Tau required
    2     | -1690.3509012643 |   2.7632e+00   |    1.5614     |    0.2567
Density calculation took 0.624497s
Tau required
    3     | -1690.2534040095 |   3.2931e+00   |    1.5252     |    0.2700
Density calculation took 0.625388s
Tau required
    4     | -1691.1055595480 |   9.1089e-02   |    1.5269     |    0.2573
Density calculation took 0.625459s
Tau required
    5     | -1691.1237541322 |   2.3354e-02   |    1.5262     |    0.2694
Density calculation took 0.626415s
Tau required
    6     | -1691.1292984398 |   2.5442e-03   |    1.5262     |    0.2608
Density calculation took 0.626309s
Tau required
    7     | -1691.1297698275 |   8.9373e-04   |    1.5258     |    0.2699
Density calculation took 0.625535s
Tau required
    8     | -1691.1299878215 |   2.1946e-04   |    1.5276     |    0.2605
Density calculation took 0.625847s
Tau required
    9     | -1691.1300520023 |   1.3612e-05   |    1.5274     |    0.2636
Density calculation took 0.625438s
Tau required
   10     | -1691.1300551094 |   4.0327e-06   |    1.5256     |    0.2599
Density calculation took 0.625989s
Tau required
   11     | -1691.1300562139 |   3.4127e-07   |    1.5266     |    0.2616
Density calculation took 0.625241s
Tau required
   12     | -1691.1300562796 |   1.0668e-07   |    1.5266     |    0.2620
Density calculation took 0.625899s
Tau required
   13     | -1691.1300563062 |   9.6409e-09   |    1.5273     |    0.2617
Density calculation took 0.625436s
Tau required
   14     | -1691.1300563085 |   1.3511e-09   |    1.5276     |    0.2621
Density calculation took 0.625987s
Tau required
   15     | -1691.1300563088 |   3.8429e-10   |    1.5264     |    0.2623
Density calculation took 0.626189s
Tau required
   16     | -1691.1300563089 |   4.7064e-11   |    1.5275     |    0.2626
Created 670607 / 2985984 significant shell pairs
Created 520158 / 2274064 significant shell pairs
Total number of grid points: 392879 (5777 per atom)
One electron integrals and orthogonalizer took 0.053121s
Created 520158 / 2274064 significant shell pairs
3C integrals and B formation took 2.089026s
Iteration |      Energy      |  DIIS Metric   | Fock Time (s) | DIIS Time (s)
----------+------------------+----------------+---------------+--------------
Density calculation took 0.666175s
Tau required
    1     | -1701.8615027658 |   1.0541e+03   |    1.7249     |    0.2934
Density calculation took 0.651275s
Tau required
    2     | -1690.3426792536 |   2.7601e+00   |    1.5630     |    0.2586
Density calculation took 0.627300s
Tau required
    3     | -1690.2440354488 |   3.3138e+00   |    1.5321     |    0.2675
Density calculation took 0.626780s
Tau required
    4     | -1691.1006069767 |   7.7592e-02   |    1.5370     |    0.2588
Density calculation took 0.626708s
Tau required
    5     | -1691.1156964252 |   1.8609e-02   |    1.5365     |    0.2704
Density calculation took 0.626944s
Tau required
    6     | -1691.1199780373 |   2.7481e-03   |    1.5329     |    0.2623
Density calculation took 0.626511s
Tau required
    7     | -1691.1205979674 |   7.3329e-04   |    1.5315     |    0.2705
Density calculation took 0.627174s
Tau required
    8     | -1691.1207881522 |   1.0262e-04   |    1.5361     |    0.2618
Density calculation took 0.626677s
Tau required
    9     | -1691.1208152465 |   9.6898e-06   |    1.5369     |    0.2633
Density calculation took 0.627424s
Tau required
   10     | -1691.1208171264 |   3.0119e-06   |    1.5372     |    0.2629
Density calculation took 0.626865s
Tau required
   11     | -1691.1208179378 |   2.8557e-07   |    1.5385     |    0.2611
Density calculation took 0.626505s
Tau required
   12     | -1691.1208179922 |   1.0107e-07   |    1.5361     |    0.2622
Density calculation took 0.626378s
Tau required
   13     | -1691.1208180172 |   8.6316e-09   |    1.5345     |    0.2629
Density calculation took 0.626841s
Tau required
   14     | -1691.1208180193 |   1.5874e-09   |    1.5365     |    0.2622
Density calculation took 0.626282s
Tau required
   15     | -1691.1208180197 |   3.9664e-10   |    1.5345     |    0.2617
Density calculation took 0.627380s
Tau required
   16     | -1691.1208180198 |   4.5803e-11   |    1.5398     |    0.2628
Created 672124 / 2985984 significant shell pairs
Created 520974 / 2274064 significant shell pairs
Total number of grid points: 392609 (5773 per atom)
One electron integrals and orthogonalizer took 0.053067s
Created 520974 / 2274064 significant shell pairs
3C integrals and B formation took 2.097865s
Iteration |      Energy      |  DIIS Metric   | Fock Time (s) | DIIS Time (s)
----------+------------------+----------------+---------------+--------------
Density calculation took 0.661309s
Tau required
    1     | -1701.8635354631 |   1.0546e+03   |    1.7528     |    0.2925
Density calculation took 0.639214s
Tau required
    2     | -1690.3402510796 |   2.7579e+00   |    1.5512     |    0.2578
Density calculation took 0.618170s
Tau required
    3     | -1690.2364948620 |   3.3269e+00   |    1.5189     |    0.2671
Density calculation took 0.618101s
Tau required
    4     | -1691.0931135230 |   9.3856e-02   |    1.5215     |    0.2594
Density calculation took 0.618330s
Tau required
    5     | -1691.1093078986 |   3.0862e-02   |    1.5137     |    0.2674
Density calculation took 0.618586s
Tau required
    6     | -1691.1166382028 |   5.0137e-03   |    1.5142     |    0.2588
Density calculation took 0.618192s
Tau required
    7     | -1691.1178709390 |   8.7869e-04   |    1.5161     |    0.2704
Density calculation took 0.618730s
Tau required
    8     | -1691.1180276910 |   3.2110e-04   |    1.5190     |    0.2625
Density calculation took 0.618173s
Tau required
    9     | -1691.1181256048 |   1.5988e-05   |    1.5183     |    0.2622
Density calculation took 0.618308s
Tau required
   10     | -1691.1181295822 |   3.5608e-06   |    1.5174     |    0.2610
Density calculation took 0.618375s
Tau required
   11     | -1691.1181304940 |   3.6995e-07   |    1.5142     |    0.2618
Density calculation took 0.618520s
Tau required
   12     | -1691.1181305611 |   1.3074e-07   |    1.5141     |    0.2638
Density calculation took 0.618598s
Tau required
   13     | -1691.1181305948 |   1.8148e-08   |    1.5120     |    0.2618
Density calculation took 0.619104s
Tau required
   14     | -1691.1181305999 |   1.7864e-09   |    1.5179     |    0.2627
Density calculation took 0.618857s
Tau required
   15     | -1691.1181306002 |   6.3921e-10   |    1.5157     |    0.2639
Density calculation took 0.618496s
Tau required
   16     | -1691.1181306004 |   5.4622e-11   |    1.5093     |    0.2627
Created 673350 / 2985984 significant shell pairs
Created 522376 / 2274064 significant shell pairs
Total number of grid points: 392722 (5775 per atom)
One electron integrals and orthogonalizer took 0.052662s
Created 522376 / 2274064 significant shell pairs
3C integrals and B formation took 2.093029s
Iteration |      Energy      |  DIIS Metric   | Fock Time (s) | DIIS Time (s)
----------+------------------+----------------+---------------+--------------
Density calculation took 0.687637s
Tau required
    1     | -1701.8573508699 |   1.0535e+03   |    1.7304     |    0.2950
Density calculation took 0.637969s
Tau required
    2     | -1690.3399473320 |   2.7522e+00   |    1.5477     |    0.2574
Density calculation took 0.617244s
Tau required
    3     | -1690.2411769540 |   3.3021e+00   |    1.5188     |    0.2681
Density calculation took 0.617449s
Tau required
    4     | -1691.0902972206 |   9.4175e-02   |    1.5152     |    0.2589
Density calculation took 0.618475s
Tau required
    5     | -1691.1055486943 |   3.5011e-02   |    1.5192     |    0.2697
Density calculation took 0.617884s
Tau required
    6     | -1691.1145554835 |   4.6029e-03   |    1.5181     |    0.2606
Density calculation took 0.617977s
Tau required
    7     | -1691.1156967821 |   7.7648e-04   |    1.5189     |    0.2710
Density calculation took 0.617446s
Tau required
    8     | -1691.1158212795 |   3.2836e-04   |    1.5156     |    0.2617
Density calculation took 0.618332s
Tau required
    9     | -1691.1159215427 |   2.1163e-05   |    1.5200     |    0.2640
Density calculation took 0.617169s
Tau required
   10     | -1691.1159270583 |   4.4945e-06   |    1.5162     |    0.2628
Density calculation took 0.617978s
Tau required
   11     | -1691.1159282518 |   2.7152e-07   |    1.5219     |    0.2630
Density calculation took 0.618281s
Tau required
   12     | -1691.1159282940 |   1.1941e-07   |    1.5162     |    0.2631
Density calculation took 0.618257s
Tau required
   13     | -1691.1159283247 |   8.9280e-09   |    1.5192     |    0.2619
Density calculation took 0.617836s
Tau required
   14     | -1691.1159283268 |   1.6176e-09   |    1.5155     |    0.2609
Density calculation took 0.617885s
Tau required
   15     | -1691.1159283272 |   3.8274e-10   |    1.5227     |    0.2626
Density calculation took 0.617682s
Tau required
   16     | -1691.1159283273 |   3.8218e-11   |    1.5162     |    0.2634
Created 644157 / 2985984 significant shell pairs
Created 498861 / 2274064 significant shell pairs
Total number of grid points: 393311 (5783 per atom)
One electron integrals and orthogonalizer took 0.048141s
Created 498861 / 2274064 significant shell pairs
3C integrals and B formation took 2.023692s
Iteration |      Energy      |  DIIS Metric   | Fock Time (s) | DIIS Time (s)
----------+------------------+----------------+---------------+--------------
Density calculation took 0.693289s
Tau required
    1     | -1701.8561020359 |   1.0511e+03   |    1.7541     |    0.2933
Density calculation took 0.646528s
Tau required
    2     | -1690.3514207602 |   2.7666e+00   |    1.5492     |    0.2580
Density calculation took 0.625548s
Tau required
    3     | -1690.2579374035 |   3.2793e+00   |    1.5278     |    0.2683
Density calculation took 0.625534s
Tau required
    4     | -1691.1092784047 |   8.1253e-02   |    1.5282     |    0.2580
Density calculation took 0.625783s
Tau required
    5     | -1691.1246709117 |   2.4415e-02   |    1.5256     |    0.2689
Density calculation took 0.625848s
Tau required
    6     | -1691.1305939405 |   2.7856e-03   |    1.5236     |    0.2607
Density calculation took 0.626146s
Tau required
    7     | -1691.1312162084 |   7.1150e-04   |    1.5289     |    0.2698
Density calculation took 0.625377s
Tau required
    8     | -1691.1314026388 |   1.2002e-04   |    1.5293     |    0.2625
Density calculation took 0.626505s
Tau required
    9     | -1691.1314346456 |   1.5680e-05   |    1.5249     |    0.2618
Density calculation took 0.625604s
Tau required
   10     | -1691.1314385222 |   3.5712e-06   |    1.5279     |    0.2624
Density calculation took 0.625580s
Tau required
   11     | -1691.1314394938 |   4.7683e-07   |    1.5250     |    0.2613
Density calculation took 0.625275s
Tau required
   12     | -1691.1314396015 |   1.2455e-07   |    1.5269     |    0.2622
Density calculation took 0.626207s
Tau required
   13     | -1691.1314396354 |   9.5058e-09   |    1.5250     |    0.2614
Density calculation took 0.625864s
Tau required
   14     | -1691.1314396377 |   1.1584e-09   |    1.5280     |    0.2610
Density calculation took 0.626047s
Tau required
   15     | -1691.1314396379 |   4.3097e-10   |    1.5242     |    0.2618
Density calculation took 0.625589s
Tau required
   16     | -1691.1314396380 |   5.6392e-11   |    1.5261     |    0.2611
Please cite the following papers for the methods used in this calculation:
 - J.L. Galvez Vallejo et. al., Toward an extreme-scale electronic structure system, J. Chem. Phys., 2023. DOI: 10.1063/5.0156399

 - R. Stocks, E. Palethorpe, and G.M.J. Barca, Multi-GPU RI-HF Energies and Analytic Gradients ─ Toward High-Throughput Ab Initio Molecular Dynamics, J. Chem. Theory Comput., 2024. DOI: 10.1021/acs.jctc.4c00877
   For:
     * RI-HF energy

 - S. Lehtola, C. Steigemann, M.J.T. Oliveira, and M.A.L. Marques, Recent developments in Libxc: A comprehensive library of functionals for density functional theory, SoftwareX, 2018. DOI: 10.1016/j.softx.2017.11.002
   For:
     * LibXC version 6.2.0

 - D.B. Williams-Young, W.A. de Jong, H.J.J. van Dam, and C. Yang, On the Efficient Evaluation of the Exchange Correlation Potential on Graphics Processing Unit Clusters, Frontiers in Chemistry, 2020. DOI: 10.3389/fchem.2020.581058
   For:
     * ExchCXX GPU implementation of exchange-correlation functionals

 - R. Stocks and G.M.J. Barca, Efficient Algorithms for GPU Accelerated Evaluation of the DFT Exchange-Correlation Functional, J. Chem. Theory Comput., 2025. DOI: 10.1021/acs.jctc.5c01229
   For:
     * GPU accelerated DFT exchange-correlation evaluation

 - J. Sun, A. Ruzsinszky, and J. P. Perdew.,  Phys. Rev. Lett. 115, 036402 (2015) DOI: 10.1103/PhysRevLett.115.036402
   For:
     * MGGA_X_SCAN XC Functional
     * MGGA_C_SCAN XC Functional

[CRAYBLAS_WARNING] Application linked against multiple cray-libsci libraries
