Total number of grid points: 392774 (5776 per atom)
Density calculation took 0.661419s
Tau required
Density calculation took 0.641109s
Tau required
Density calculation took 0.619938s
Tau required
Density calculation took 0.619576s
Tau required
Density calculation took 0.620861s
Tau required
Density calculation took 0.620039s
Tau required
Density calculation took 0.621041s
Tau required
Density calculation took 0.620323s
Tau required
Density calculation took 0.621500s
Tau required
Density calculation took 0.619588s
Tau required
Density calculation took 0.621439s
Tau required
Density calculation took 0.620375s
Tau required
Density calculation took 0.621621s
Tau required
Density calculation took 0.620626s
Tau required
Density calculation took 0.622178s
Tau required
Density calculation took 0.621291s
Tau required
Total number of grid points: 391880 (5762 per atom)
Density calculation took 0.701333s
Tau required
Density calculation took 0.640787s
Tau required
Density calculation took 0.616145s
Tau required
Density calculation took 0.615973s
Tau required
Density calculation took 0.615835s
Tau required
Density calculation took 0.615961s
Tau required
Density calculation took 0.616298s
Tau required
Density calculation took 0.616593s
Tau required
Density calculation took 0.616422s
Tau required
Density calculation took 0.616656s
Tau required
Density calculation took 0.616581s
Tau required
Density calculation took 0.616511s
Tau required
Density calculation took 0.617024s
Tau required
Density calculation took 0.616360s
Tau required
Density calculation took 0.616461s
Tau required
Density calculation took 0.615966s
Tau required
Total number of grid points: 392515 (5772 per atom)
Density calculation took 0.658322s
Tau required
Density calculation took 0.639442s
Tau required
Density calculation took 0.619249s
Tau required
Density calculation took 0.618286s
Tau required
Density calculation took 0.618995s
Tau required
Density calculation took 0.618922s
Tau required
Density calculation took 0.619614s
Tau required
Density calculation took 0.619090s
Tau required
Density calculation took 0.619226s
Tau required
Density calculation took 0.619142s
Tau required
Density calculation took 0.619704s
Tau required
Density calculation took 0.619189s
Tau required
Density calculation took 0.620046s
Tau required
Density calculation took 0.619081s
Tau required
Density calculation took 0.619901s
Tau required
Density calculation took 0.619227s
Tau required
Density calculation took 0.620023s
Tau required
Total number of grid points: 392508 (5772 per atom)
Density calculation took 0.658714s
Tau required
Density calculation took 0.641991s
Tau required
Density calculation took 0.620248s
Tau required
Density calculation took 0.622151s
Tau required
Density calculation took 0.621113s
Tau required
Density calculation took 0.622355s
Tau required
Density calculation took 0.621053s
Tau required
Density calculation took 0.622276s
Tau required
Density calculation took 0.621764s
Tau required
Density calculation took 0.622411s
Tau required
Density calculation took 0.621733s
Tau required
Density calculation took 0.622749s
Tau required
Density calculation took 0.621312s
Tau required
Density calculation took 0.622501s
Tau required
Density calculation took 0.621318s
Tau required
Density calculation took 0.622044s
Tau required
Total number of grid points: 392430 (5771 per atom)
Density calculation took 0.694818s
Tau required
Density calculation took 0.640822s
Tau required
Density calculation took 0.620163s
Tau required
Density calculation took 0.620632s
Tau required
Density calculation took 0.619872s
Tau required
Density calculation took 0.620929s
Tau required
Density calculation took 0.619823s
Tau required
Density calculation took 0.621099s
Tau required
Density calculation took 0.620425s
Tau required
Density calculation took 0.621231s
Tau required
Density calculation took 0.620646s
Tau required
Density calculation took 0.620650s
Tau required
Density calculation took 0.620190s
Tau required
Density calculation took 0.621219s
Tau required
Density calculation took 0.620512s
Tau required
Density calculation took 0.621206s
Tau required
Density calculation took 0.620426s
Tau required
Total number of grid points: 392371 (5770 per atom)
Density calculation took 0.659679s
Tau required
Density calculation took 0.644959s
Tau required
Density calculation took 0.623335s
Tau required
Density calculation took 0.621968s
Tau required
Density calculation took 0.623549s
Tau required
Density calculation took 0.622207s
Tau required
Density calculation took 0.623209s
Tau required
Density calculation took 0.622466s
Tau required
Density calculation took 0.623888s
Tau required
Density calculation took 0.622328s
Tau required
Density calculation took 0.623748s
Tau required
Density calculation took 0.622609s
Tau required
Density calculation took 0.622902s
Tau required
Density calculation took 0.622177s
Tau required
Density calculation took 0.623407s
Tau required
Density calculation took 0.622437s
Tau required
Density calculation took 0.623930s
Tau required
Total number of grid points: 391942 (5763 per atom)
Density calculation took 0.657279s
Tau required
Density calculation took 0.639653s
Tau required
Density calculation took 0.618938s
Tau required
Density calculation took 0.618820s
Tau required
Density calculation took 0.619438s
Tau required
Density calculation took 0.619538s
Tau required
Density calculation took 0.619710s
Tau required
Density calculation took 0.619647s
Tau required
Density calculation took 0.618871s
Tau required
Density calculation took 0.619725s
Tau required
Density calculation took 0.619764s
Tau required
Density calculation took 0.619705s
Tau required
Density calculation took 0.619823s
Tau required
Density calculation took 0.619354s
Tau required
Density calculation took 0.619464s
Tau required
Density calculation took 0.619811s
Tau required
Density calculation took 0.619992s
Tau required
Density calculation took 0.619164s
Tau required
Total number of grid points: 392852 (5777 per atom)
Density calculation took 0.694757s
Tau required
Density calculation took 0.638116s
Tau required
Density calculation took 0.616417s
Tau required
Density calculation took 0.616605s
Tau required
Density calculation took 0.616017s
Tau required
Density calculation took 0.616682s
Tau required
Density calculation took 0.616212s
Tau required
Density calculation took 0.617081s
Tau required
Density calculation took 0.616226s
Tau required
Density calculation took 0.617039s
Tau required
Density calculation took 0.616123s
Tau required
Density calculation took 0.617249s
Tau required
Density calculation took 0.616369s
Tau required
Density calculation took 0.617056s
Tau required
Density calculation took 0.616516s
Tau required
Density calculation took 0.616660s
Tau required
Density calculation took 0.616299s
Tau required
Density calculation took 0.617324s
Tau required
Total number of grid points: 392428 (5771 per atom)
Density calculation took 0.665153s
Tau required
Density calculation took 0.648896s
Tau required
Density calculation took 0.624391s
Tau required
Density calculation took 0.624158s
Tau required
Density calculation took 0.624127s
Tau required
Density calculation took 0.624239s
Tau required
Density calculation took 0.624429s
Tau required
Density calculation took 0.624215s
Tau required
Density calculation took 0.624236s
Tau required
Density calculation took 0.624348s
Tau required
Density calculation took 0.624334s
Tau required
Density calculation took 0.624562s
Tau required
Density calculation took 0.624182s
Tau required
Density calculation took 0.624610s
Tau required
Density calculation took 0.624783s
Tau required
Density calculation took 0.624547s
Tau required
Density calculation took 0.624604s
Tau required
Total number of grid points: 393063 (5780 per atom)
Density calculation took 0.656796s
Tau required
Density calculation took 0.642764s
Tau required
Density calculation took 0.619786s
Tau required
Density calculation took 0.620321s
Tau required
Density calculation took 0.620201s
Tau required
Density calculation took 0.619317s
Tau required
Density calculation took 0.620400s
Tau required
Density calculation took 0.620131s
Tau required
Density calculation took 0.619470s
Tau required
Density calculation took 0.619901s
Tau required
Density calculation took 0.620533s
Tau required
Density calculation took 0.620388s
Tau required
Density calculation took 0.620579s
Tau required
Density calculation took 0.619587s
Tau required
Density calculation took 0.620357s
Tau required
Density calculation took 0.620254s
Tau required
Density calculation took 0.620419s
Tau required
Total number of grid points: 392716 (5775 per atom)
Density calculation took 0.690714s
Tau required
Density calculation took 0.645650s
Tau required
Density calculation took 0.624695s
Tau required
Density calculation took 0.625354s
Tau required
Density calculation took 0.625508s
Tau required
Density calculation took 0.625225s
Tau required
Density calculation took 0.624994s
Tau required
Density calculation took 0.624595s
Tau required
Density calculation took 0.625374s
Tau required
Density calculation took 0.624952s
Tau required
Density calculation took 0.625097s
Tau required
Density calculation took 0.624897s
Tau required
Density calculation took 0.625195s
Tau required
Density calculation took 0.625398s
Tau required
Density calculation took 0.625070s
Tau required
Density calculation took 0.625108s
Tau required
Density calculation took 0.625754s
Tau required
Total number of grid points: 391986 (5764 per atom)
Density calculation took 0.658392s
Tau required
Density calculation took 0.654956s
Tau required
Density calculation took 0.622479s
Tau required
Density calculation took 0.623053s
Tau required
Density calculation took 0.622857s
Tau required
Density calculation took 0.622707s
Tau required
Density calculation took 0.623023s
Tau required
Density calculation took 0.622876s
Tau required
Density calculation took 0.623257s
Tau required
Density calculation took 0.623447s
Tau required
Density calculation took 0.623365s
Tau required
Density calculation took 0.622846s
Tau required
Density calculation took 0.623295s
Tau required
Density calculation took 0.622665s
Tau required
Density calculation took 0.622623s
Tau required
Density calculation took 0.623154s
Tau required
Density calculation took 0.623675s
Tau required
Density calculation took 0.623259s
Tau required
Total number of grid points: 392301 (5769 per atom)
Density calculation took 0.658449s
Tau required
Density calculation took 0.639334s
Tau required
Density calculation took 0.616003s
Tau required
Density calculation took 0.616199s
Tau required
Density calculation took 0.616030s
Tau required
Density calculation took 0.616684s
Tau required
Density calculation took 0.616231s
Tau required
Density calculation took 0.616545s
Tau required
Density calculation took 0.616278s
Tau required
Density calculation took 0.616637s
Tau required
Density calculation took 0.616505s
Tau required
Density calculation took 0.616573s
Tau required
Density calculation took 0.616335s
Tau required
Density calculation took 0.616701s
Tau required
Density calculation took 0.616270s
Tau required
Density calculation took 0.616728s
Tau required
Density calculation took 0.616239s
Tau required
Density calculation took 0.616653s
Tau required
Total number of grid points: 392072 (5765 per atom)
Density calculation took 0.691871s
Tau required
Density calculation took 0.646589s
Tau required
Density calculation took 0.626093s
Tau required
Density calculation took 0.625621s
Tau required
Density calculation took 0.625574s
Tau required
Density calculation took 0.626304s
Tau required
Density calculation took 0.626179s
Tau required
Density calculation took 0.625722s
Tau required
Density calculation took 0.625781s
Tau required
Density calculation took 0.625603s
Tau required
Density calculation took 0.626231s
Tau required
Density calculation took 0.625336s
Tau required
Density calculation took 0.626131s
Tau required
Density calculation took 0.625674s
Tau required
Density calculation took 0.626163s
Tau required
Density calculation took 0.626024s
Tau required
Total number of grid points: 392785 (5776 per atom)
Density calculation took 0.669920s
Tau required
Density calculation took 0.643372s
Tau required
Density calculation took 0.620734s
Tau required
Density calculation took 0.621346s
Tau required
Density calculation took 0.621093s
Tau required
Density calculation took 0.620997s
Tau required
Density calculation took 0.619847s
Tau required
Density calculation took 0.621525s
Tau required
Density calculation took 0.621121s
Tau required
Density calculation took 0.620732s
Tau required
Density calculation took 0.621322s
Tau required
Density calculation took 0.620910s
Tau required
Density calculation took 0.621016s
Tau required
Density calculation took 0.621638s
Tau required
Density calculation took 0.621126s
Tau required
Density calculation took 0.621779s
Tau required
Total number of grid points: 392944 (5778 per atom)
Density calculation took 0.687905s
Tau required
Density calculation took 0.645192s
Tau required
Density calculation took 0.622788s
Tau required
Density calculation took 0.623454s
Tau required
Density calculation took 0.621888s
Tau required
Density calculation took 0.622968s
Tau required
Density calculation took 0.621736s
Tau required
Density calculation took 0.623422s
Tau required
Density calculation took 0.621703s
Tau required
Density calculation took 0.623546s
Tau required
Density calculation took 0.622152s
Tau required
Density calculation took 0.623658s
Tau required
Density calculation took 0.622401s
Tau required
Density calculation took 0.623602s
Tau required
Density calculation took 0.621973s
Tau required
Density calculation took 0.622913s
Tau required
Density calculation took 0.622310s
Tau required
Total number of grid points: 392429 (5771 per atom)
Density calculation took 0.699450s
Tau required
Density calculation took 0.644789s
Tau required
Density calculation took 0.623706s
Tau required
Density calculation took 0.623612s
Tau required
Density calculation took 0.623229s
Tau required
Density calculation took 0.623426s
Tau required
Density calculation took 0.623464s
Tau required
Density calculation took 0.624050s
Tau required
Density calculation took 0.623431s
Tau required
Density calculation took 0.623088s
Tau required
Density calculation took 0.623732s
Tau required
Density calculation took 0.623740s
Tau required
Density calculation took 0.623243s
Tau required
Density calculation took 0.623362s
Tau required
Density calculation took 0.623856s
Tau required
Density calculation took 0.623809s
Tau required
Total number of grid points: 393148 (5781 per atom)
Density calculation took 0.704538s
Tau required
Density calculation took 0.644882s
Tau required
Density calculation took 0.622704s
Tau required
Density calculation took 0.622099s
Tau required
Density calculation took 0.623020s
Tau required
Density calculation took 0.622483s
Tau required
Density calculation took 0.622700s
Tau required
Density calculation took 0.622394s
Tau required
Density calculation took 0.622732s
Tau required
Density calculation took 0.621638s
Tau required
Density calculation took 0.623117s
Tau required
Density calculation took 0.621943s
Tau required
Density calculation took 0.622893s
Tau required
Density calculation took 0.621985s
Tau required
Density calculation took 0.622816s
Tau required
Density calculation took 0.622589s
Tau required
Total number of grid points: 392668 (5774 per atom)
Density calculation took 0.692439s
Tau required
Density calculation took 0.646140s
Tau required
Density calculation took 0.623072s
Tau required
Density calculation took 0.623119s
Tau required
Density calculation took 0.623191s
Tau required
Density calculation took 0.623089s
Tau required
Density calculation took 0.623338s
Tau required
Density calculation took 0.623389s
Tau required
Density calculation took 0.623542s
Tau required
Density calculation took 0.622730s
Tau required
Density calculation took 0.623777s
Tau required
Density calculation took 0.623363s
Tau required
Density calculation took 0.623415s
Tau required
Density calculation took 0.623546s
Tau required
Density calculation took 0.623675s
Tau required
Density calculation took 0.623575s
Tau required
Total number of grid points: 392410 (5770 per atom)
Density calculation took 0.690987s
Tau required
Density calculation took 0.649967s
Tau required
Density calculation took 0.625317s
Tau required
Density calculation took 0.625070s
Tau required
Density calculation took 0.625944s
Tau required
Density calculation took 0.625593s
Tau required
Density calculation took 0.625930s
Tau required
Density calculation took 0.625214s
Tau required
Density calculation took 0.626473s
Tau required
Density calculation took 0.625221s
Tau required
Density calculation took 0.626417s
Tau required
Density calculation took 0.624863s
Tau required
Density calculation took 0.626943s
Tau required
Density calculation took 0.624907s
Tau required
Density calculation took 0.626834s
Tau required
Density calculation took 0.625467s
Tau required
Density calculation took 0.626643s
Tau required
[CRAYBLAS_WARNING] Application linked against multiple cray-libsci libraries
===========================
        MGGA_X_SCAN+MGGA_C_SCAN Energy Results         
=======================================================
E MGGA_X_SCAN+MGGA_C_SCAN: -1691.09658871
Nuclear Repulsion Energy: 4812.65660558
Electronic Energy:        -6255.86338351
XC Energy:                -247.889811
Converged:                1
# of SCF iterations:      17
SCF Time:                 32.847s

=======================================================
            Individual Calculation Summary             
=======================================================
HF Energy: -1691.0965887062775437
=======================================================


Topology 9 time: 33.077442 s, performance: SP: 0 FLOP/s, DP: 33.57 TFLOP/s
JSON file written to: json_logs/lustre_orion_chm213_scratch_ryan_dhdft_inputs_exess_exess_inputs_SCAN_def2-TZVP_isomers_33880-33899_topology_9.json
************************************************************
**************** Running topology 11 of 20 *****************
************************************************************

************************************************************
******* Beginning RI-MGGA_X_SCAN+MGGA_C_SCAN energy ********
************************************************************

=======================================================
        MGGA_X_SCAN+MGGA_C_SCAN Energy Results         
=======================================================
E MGGA_X_SCAN+MGGA_C_SCAN: -1691.09773696
Nuclear Repulsion Energy: 4797.28007592
Electronic Energy:        -6240.48727566
XC Energy:                -247.890537
Converged:                1
# of SCF iterations:      17
SCF Time:                 33.123s

=======================================================
            Individual Calculation Summary             
=======================================================
HF Energy: -1691.0977369616666692
=======================================================


Topology 10 time: 33.352207 s, performance: SP: 0 FLOP/s, DP: 33.3 TFLOP/s
JSON file written to: json_logs/lustre_orion_chm213_scratch_ryan_dhdft_inputs_exess_exess_inputs_SCAN_def2-TZVP_isomers_33880-33899_topology_10.json
************************************************************
**************** Running topology 12 of 20 *****************
************************************************************

************************************************************
******* Beginning RI-MGGA_X_SCAN+MGGA_C_SCAN energy ********
************************************************************

=======================================================
        MGGA_X_SCAN+MGGA_C_SCAN Energy Results         
=======================================================
E MGGA_X_SCAN+MGGA_C_SCAN: -1691.09879446
Nuclear Repulsion Energy: 4959.75659658
Electronic Energy:        -6402.95240118
XC Energy:                -247.902990
Converged:                1
# of SCF iterations:      18
SCF Time:                 35.043s

=======================================================
            Individual Calculation Summary             
=======================================================
HF Energy: -1691.0987944587175207
=======================================================


Topology 11 time: 35.283583 s, performance: SP: 0 FLOP/s, DP: 33.11 TFLOP/s
JSON file written to: json_logs/lustre_orion_chm213_scratch_ryan_dhdft_inputs_exess_exess_inputs_SCAN_def2-TZVP_isomers_33880-33899_topology_11.json
************************************************************
**************** Running topology 13 of 20 *****************
************************************************************

************************************************************
******* Beginning RI-MGGA_X_SCAN+MGGA_C_SCAN energy ********
************************************************************

=======================================================
        MGGA_X_SCAN+MGGA_C_SCAN Energy Results         
=======================================================
E MGGA_X_SCAN+MGGA_C_SCAN: -1691.10017819
Nuclear Repulsion Energy: 4971.69651384
Electronic Energy:        -6414.89364642
XC Energy:                -247.903046
Converged:                1
# of SCF iterations:      18
SCF Time:                 34.648s

=======================================================
            Individual Calculation Summary             
=======================================================
HF Energy: -1691.1001781884563115
=======================================================


Topology 12 time: 34.891244 s, performance: SP: 0 FLOP/s, DP: 33.49 TFLOP/s
JSON file written to: json_logs/lustre_orion_chm213_scratch_ryan_dhdft_inputs_exess_exess_inputs_SCAN_def2-TZVP_isomers_33880-33899_topology_12.json
************************************************************
**************** Running topology 14 of 20 *****************
************************************************************

************************************************************
******* Beginning RI-MGGA_X_SCAN+MGGA_C_SCAN energy ********
************************************************************

=======================================================
        MGGA_X_SCAN+MGGA_C_SCAN Energy Results         
=======================================================
E MGGA_X_SCAN+MGGA_C_SCAN: -1691.09149572
Nuclear Repulsion Energy: 4685.20645043
Electronic Energy:        -6128.41800332
XC Energy:                -247.879943
Converged:                1
# of SCF iterations:      16
SCF Time:                 31.202s

=======================================================
            Individual Calculation Summary             
=======================================================
HF Energy: -1691.0914957150762348
=======================================================


Topology 13 time: 31.422114 s, performance: SP: 0 FLOP/s, DP: 33.42 TFLOP/s
JSON file written to: json_logs/lustre_orion_chm213_scratch_ryan_dhdft_inputs_exess_exess_inputs_SCAN_def2-TZVP_isomers_33880-33899_topology_13.json
************************************************************
**************** Running topology 15 of 20 *****************
************************************************************

************************************************************
******* Beginning RI-MGGA_X_SCAN+MGGA_C_SCAN energy ********
************************************************************

=======================================================
        MGGA_X_SCAN+MGGA_C_SCAN Energy Results         
=======================================================
E MGGA_X_SCAN+MGGA_C_SCAN: -1691.0897013
Nuclear Repulsion Energy: 4658.59377199
Electronic Energy:        -6101.80432634
XC Energy:                -247.879147
Converged:                1
# of SCF iterations:      16
SCF Time:                 31.252s

=======================================================
            Individual Calculation Summary             
=======================================================
HF Energy: -1691.0897012996615558
=======================================================


Topology 14 time: 31.471014 s, performance: SP: 0 FLOP/s, DP: 33.36 TFLOP/s
JSON file written to: json_logs/lustre_orion_chm213_scratch_ryan_dhdft_inputs_exess_exess_inputs_SCAN_def2-TZVP_isomers_33880-33899_topology_14.json
************************************************************
**************** Running topology 16 of 20 *****************
************************************************************

************************************************************
******* Beginning RI-MGGA_X_SCAN+MGGA_C_SCAN energy ********
************************************************************

=======================================================
        MGGA_X_SCAN+MGGA_C_SCAN Energy Results         
=======================================================
E MGGA_X_SCAN+MGGA_C_SCAN: -1691.09128491
Nuclear Repulsion Energy: 4700.72932896
Electronic Energy:        -6143.93765117
XC Energy:                -247.882963
Converged:                1
# of SCF iterations:      17
SCF Time:                 33.003s

=======================================================
            Individual Calculation Summary             
=======================================================
HF Energy: -1691.0912849138826459
=======================================================


Topology 15 time: 33.223550 s, performance: SP: 0 FLOP/s, DP: 33.42 TFLOP/s
JSON file written to: json_logs/lustre_orion_chm213_scratch_ryan_dhdft_inputs_exess_exess_inputs_SCAN_def2-TZVP_isomers_33880-33899_topology_15.json
************************************************************
**************** Running topology 17 of 20 *****************
************************************************************

************************************************************
******* Beginning RI-MGGA_X_SCAN+MGGA_C_SCAN energy ********
************************************************************

=======================================================
        MGGA_X_SCAN+MGGA_C_SCAN Energy Results         
=======================================================
E MGGA_X_SCAN+MGGA_C_SCAN: -1691.09548515
Nuclear Repulsion Energy: 4694.81166664
Electronic Energy:        -6138.02540337
XC Energy:                -247.881748
Converged:                1
# of SCF iterations:      16
SCF Time:                 31.195s

=======================================================
            Individual Calculation Summary             
=======================================================
HF Energy: -1691.0954851495196181
=======================================================


Topology 16 time: 31.416310 s, performance: SP: 0 FLOP/s, DP: 33.42 TFLOP/s
JSON file written to: json_logs/lustre_orion_chm213_scratch_ryan_dhdft_inputs_exess_exess_inputs_SCAN_def2-TZVP_isomers_33880-33899_topology_16.json
************************************************************
**************** Running topology 18 of 20 *****************
************************************************************

************************************************************
******* Beginning RI-MGGA_X_SCAN+MGGA_C_SCAN energy ********
************************************************************

=======================================================
        MGGA_X_SCAN+MGGA_C_SCAN Energy Results         
=======================================================
E MGGA_X_SCAN+MGGA_C_SCAN: -1691.09671047
Nuclear Repulsion Energy: 4715.26349312
Electronic Energy:        -6158.47584269
XC Energy:                -247.884361
Converged:                1
# of SCF iterations:      16
SCF Time:                 31.421s

=======================================================
            Individual Calculation Summary             
=======================================================
HF Energy: -1691.0967104732069402
=======================================================


Topology 17 time: 31.644559 s, performance: SP: 0 FLOP/s, DP: 33.21 TFLOP/s
JSON file written to: json_logs/lustre_orion_chm213_scratch_ryan_dhdft_inputs_exess_exess_inputs_SCAN_def2-TZVP_isomers_33880-33899_topology_17.json
************************************************************
**************** Running topology 19 of 20 *****************
************************************************************

************************************************************
******* Beginning RI-MGGA_X_SCAN+MGGA_C_SCAN energy ********
************************************************************

=======================================================
        MGGA_X_SCAN+MGGA_C_SCAN Energy Results         
=======================================================
E MGGA_X_SCAN+MGGA_C_SCAN: -1691.09071341
Nuclear Repulsion Energy: 4725.89663571
Electronic Energy:        -6169.10301581
XC Energy:                -247.884333
Converged:                1
# of SCF iterations:      16
SCF Time:                 31.426s

=======================================================
            Individual Calculation Summary             
=======================================================
HF Energy: -1691.0907134096125901
=======================================================


Topology 18 time: 31.651694 s, performance: SP: 0 FLOP/s, DP: 33.19 TFLOP/s
JSON file written to: json_logs/lustre_orion_chm213_scratch_ryan_dhdft_inputs_exess_exess_inputs_SCAN_def2-TZVP_isomers_33880-33899_topology_18.json
************************************************************
**************** Running topology 20 of 20 *****************
************************************************************

************************************************************
******* Beginning RI-MGGA_X_SCAN+MGGA_C_SCAN energy ********
************************************************************

=======================================================
        MGGA_X_SCAN+MGGA_C_SCAN Energy Results         
=======================================================
E MGGA_X_SCAN+MGGA_C_SCAN: -1691.09258886
Nuclear Repulsion Energy: 4677.02978338
Electronic Energy:        -6120.24285137
XC Energy:                -247.879521
Converged:                1
# of SCF iterations:      17
SCF Time:                 33.197s

=======================================================
            Individual Calculation Summary             
=======================================================
HF Energy: -1691.0925888620708974
=======================================================


Topology 19 time: 33.419029 s, performance: SP: 0 FLOP/s, DP: 33.25 TFLOP/s
JSON file written to: json_logs/lustre_orion_chm213_scratch_ryan_dhdft_inputs_exess_exess_inputs_SCAN_def2-TZVP_isomers_33880-33899_topology_19.json
Total flops: SP: 0 FLOPS, DP: 21.966396 PFLOPS
Performance: SP: 0 FLOP/s, DP: 32.84 TFLOP/s

Now, a word from our sponsors... 
 This is a horrible day. (Giuseppe, always)

[31mTotal processing time 669.153558 seconds[0m
[CRAYBLAS_WARNING] Application linked against multiple cray-libsci libraries
 1.5002     |    0.2692
Density calculation took 0.621085s
Tau required
    4     | -1690.9567985376 |   5.1617e-01   |    1.4981     |    0.2618
Density calculation took 0.620841s
Tau required
    5     | -1691.0658945487 |   1.2502e-01   |    1.4938     |    0.2719
Density calculation took 0.622410s
Tau required
    6     | -1691.0959865413 |   1.4608e-02   |    1.5000     |    0.2623
Density calculation took 0.621774s
Tau required
    7     | -1691.0994243531 |   2.4662e-03   |    1.4987     |    0.2727
Density calculation took 0.620726s
Tau required
    8     | -1691.0999666371 |   7.4192e-04   |    1.4964     |    0.2652
Density calculation took 0.621122s
Tau required
    9     | -1691.1001632991 |   5.2384e-05   |    1.4941     |    0.2647
Density calculation took 0.620810s
Tau required
   10     | -1691.1001764390 |   6.1085e-06   |    1.4987     |    0.2623
Density calculation took 0.620630s
Tau required
   11     | -1691.1001775412 |   2.2353e-06   |    1.4938     |    0.2637
Density calculation took 0.620640s
Tau required
   12     | -1691.1001780918 |   3.2464e-07   |    1.4964     |    0.2646
Density calculation took 0.620878s
Tau required
   13     | -1691.1001781689 |   6.3216e-08   |    1.4949     |    0.2613
Density calculation took 0.621011s
Tau required
   14     | -1691.1001781854 |   9.9998e-09   |    1.4956     |    0.2621
Density calculation took 0.620764s
Tau required
   15     | -1691.1001781873 |   4.1101e-09   |    1.4955     |    0.2642
Density calculation took 0.620845s
Tau required
   16     | -1691.1001781882 |   7.5836e-10   |    1.4968     |    0.2638
Density calculation took 0.621058s
Tau required
   17     | -1691.1001781884 |   1.6562e-10   |    1.4942     |    0.2642
Density calculation took 0.620930s
Tau required
   18     | -1691.1001781885 |   1.8773e-11   |    1.4972     |    0.2647
Created 750032 / 2985984 significant shell pairs
Created 582408 / 2274064 significant shell pairs
Total number of grid points: 392722 (5775 per atom)
One electron integrals and orthogonalizer took 0.052837s
Created 582408 / 2274064 significant shell pairs
3C integrals and B formation took 2.163263s
Iteration |      Energy      |  DIIS Metric   | Fock Time (s) | DIIS Time (s)
----------+------------------+----------------+---------------+--------------
Density calculation took 0.681575s
Tau required
    1     | -1701.8748956471 |   1.0631e+03   |    1.7434     |    0.2974
Density calculation took 0.643713s
Tau required
    2     | -1690.3141810718 |   2.7563e+00   |    1.5495     |    0.2599
Density calculation took 0.620606s
Tau required
    3     | -1690.1996052666 |   3.3663e+00   |    1.5094     |    0.2717
Density calculation took 0.621300s
Tau required
    4     | -1691.0622687260 |   1.0555e-01   |    1.5081     |    0.2605
Density calculation took 0.621117s
Tau required
    5     | -1691.0822871919 |   3.1681e-02   |    1.5110     |    0.2714
Density calculation took 0.621229s
Tau required
    6     | -1691.0900230060 |   4.9999e-03   |    1.5082     |    0.2621
Density calculation took 0.620778s
Tau required
    7     | -1691.0912092274 |   9.4527e-04   |    1.5086     |    0.2727
Density calculation took 0.620765s
Tau required
    8     | -1691.0914359858 |   2.1431e-04   |    1.5076     |    0.2646
Density calculation took 0.621170s
Tau required
    9     | -1691.0914904123 |   1.8012e-05   |    1.5081     |    0.2642
Density calculation took 0.621500s
Tau required
   10     | -1691.0914945947 |   3.8704e-06   |    1.5093     |    0.2626
Density calculation took 0.621609s
Tau required
   11     | -1691.0914955734 |   4.6929e-07   |    1.5086     |    0.2654
Density calculation took 0.620769s
Tau required
   12     | -1691.0914956472 |   2.1822e-07   |    1.5069     |    0.2658
Density calculation took 0.621299s
Tau required
   13     | -1691.0914957046 |   3.4803e-08   |    1.5084     |    0.2626
Density calculation took 0.621709s
Tau required
   14     | -1691.0914957145 |   2.1248e-09   |    1.5087     |    0.2636
Density calculation took 0.621286s
Tau required
   15     | -1691.0914957148 |   9.8041e-10   |    1.5075     |    0.2647
Density calculation took 0.620634s
Tau required
   16     | -1691.0914957151 |   6.3021e-11   |    1.5083     |    0.2653
Created 741262 / 2985984 significant shell pairs
Created 574987 / 2274064 significant shell pairs
Total number of grid points: 392570 (5773 per atom)
One electron integrals and orthogonalizer took 0.052781s
Created 574987 / 2274064 significant shell pairs
3C integrals and B formation took 2.162794s
Iteration |      Energy      |  DIIS Metric   | Fock Time (s) | DIIS Time (s)
----------+------------------+----------------+---------------+--------------
Density calculation took 0.651484s
Tau required
    1     | -1701.8724289331 |   1.0627e+03   |    1.7019     |    0.2970
Density calculation took 0.641934s
Tau required
    2     | -1690.3121897463 |   2.7561e+00   |    1.5470     |    0.2588
Density calculation took 0.620322s
Tau required
    3     | -1690.1954910098 |   3.3651e+00   |    1.5160     |    0.2682
Density calculation took 0.620801s
Tau required
    4     | -1691.0523081696 |   1.2998e-01   |    1.5156     |    0.2619
Density calculation took 0.620514s
Tau required
    5     | -1691.0727957964 |   5.8298e-02   |    1.5173     |    0.2706
Density calculation took 0.619870s
Tau required
    6     | -1691.0883778486 |   4.7472e-03   |    1.5162     |    0.2630
Density calculation took 0.619978s
Tau required
    7     | -1691.0893867455 |   1.0271e-03   |    1.5171     |    0.2727
Density calculation took 0.619879s
Tau required
    8     | -1691.0895893603 |   3.8057e-04   |    1.5187     |    0.2649
Density calculation took 0.620616s
Tau required
    9     | -1691.0896936801 |   2.6659e-05   |    1.5164     |    0.2643
Density calculation took 0.620525s
Tau required
   10     | -1691.0897003278 |   3.3642e-06   |    1.5157     |    0.2653
Density calculation took 0.620829s
Tau required
   11     | -1691.0897011553 |   4.9940e-07   |    1.5165     |    0.2648
Density calculation took 0.620736s
Tau required
   12     | -1691.0897012620 |   1.3255e-07   |    1.5155     |    0.2638
Density calculation took 0.620918s
Tau required
   13     | -1691.0897012966 |   1.0916e-08   |    1.5166     |    0.2636
Density calculation took 0.621032s
Tau required
   14     | -1691.0897012992 |   1.6016e-09   |    1.5165     |    0.2635
Density calculation took 0.621027s
Tau required
   15     | -1691.0897012996 |   4.3748e-10   |    1.5148     |    0.2625
Density calculation took 0.620885s
Tau required
   16     | -1691.0897012997 |   6.6427e-11   |    1.5158     |    0.2634
Created 757196 / 2985984 significant shell pairs
Created 586736 / 2274064 significant shell pairs
Total number of grid points: 393191 (5782 per atom)
One electron integrals and orthogonalizer took 0.053085s
Created 586736 / 2274064 significant shell pairs
3C integrals and B formation took 2.173877s
Iteration |      Energy      |  DIIS Metric   | Fock Time (s) | DIIS Time (s)
----------+------------------+----------------+---------------+--------------
Density calculation took 0.691251s
Tau required
    1     | -1701.8884240504 |   1.0662e+03   |    1.7343     |    0.2961
Density calculation took 0.643148s
Tau required
    2     | -1690.3083445087 |   2.7863e+00   |    1.5435     |    0.2611
Density calculation took 0.620758s
Tau required
    3     | -1690.1309347092 |   3.6428e+00   |    1.5121     |    0.2694
Density calculation took 0.622309s
Tau required
    4     | -1691.0260599812 |   2.2818e-01   |    1.5108     |    0.2606
Density calculation took 0.621815s
Tau required
    5     | -1691.0712719875 |   7.1231e-02   |    1.5099     |    0.2716
Density calculation took 0.621269s
Tau required
    6     | -1691.0891628191 |   7.6522e-03   |    1.5118     |    0.2622
Density calculation took 0.621471s
Tau required
    7     | -1691.0908173623 |   1.5333e-03   |    1.5116     |    0.2723
Density calculation took 0.622609s
Tau required
    8     | -1691.0911696070 |   3.8548e-04   |    1.5116     |    0.2642
Density calculation took 0.621313s
Tau required
    9     | -1691.0912722133 |   4.1370e-05   |    1.5101     |    0.2641
Density calculation took 0.621711s
Tau required
   10     | -1691.0912837300 |   3.9443e-06   |    1.5111     |    0.2637
Density calculation took 0.621092s
Tau required
   11     | -1691.0912845958 |   1.0968e-06   |    1.5101     |    0.2634
Density calculation took 0.621607s
Tau required
   12     | -1691.0912848731 |   1.4553e-07   |    1.5122     |    0.2633
Density calculation took 0.621157s
Tau required
   13     | -1691.0912849077 |   2.1492e-08   |    1.5100     |    0.2636
Density calculation took 0.621443s
Tau required
   14     | -1691.0912849127 |   3.8314e-09   |    1.5106     |    0.2629
Density calculation took 0.621584s
Tau required
   15     | -1691.0912849135 |   1.3005e-09   |    1.5111     |    0.2642
Density calculation took 0.621252s
Tau required
   16     | -1691.0912849138 |   2.2329e-10   |    1.5109     |    0.2617
Density calculation took 0.621307s
Tau required
   17     | -1691.0912849139 |   6.4479e-11   |    1.5135     |    0.2645
Created 753642 / 2985984 significant shell pairs
Created 584522 / 2274064 significant shell pairs
Total number of grid points: 393275 (5783 per atom)
One electron integrals and orthogonalizer took 0.052015s
Created 584522 / 2274064 significant shell pairs
3C integrals and B formation took 2.186367s
Iteration |      Energy      |  DIIS Metric   | Fock Time (s) | DIIS Time (s)
----------+------------------+----------------+---------------+--------------
Density calculation took 0.665092s
Tau required
    1     | -1701.8826724638 |   1.0640e+03   |    1.7570     |    0.2960
Density calculation took 0.647780s
Tau required
    2     | -1690.3147201181 |   2.7744e+00   |    1.5425     |    0.2584
Density calculation took 0.623443s
Tau required
    3     | -1690.1572836445 |   3.5518e+00   |    1.5041     |    0.2692
Density calculation took 0.625452s
Tau required
    4     | -1691.0381499511 |   2.0091e-01   |    1.5072     |    0.2590
Density calculation took 0.625398s
Tau required
    5     | -1691.0758048614 |   6.8548e-02   |    1.5066     |    0.2701
Density calculation took 0.624034s
Tau required
    6     | -1691.0934370618 |   7.4879e-03   |    1.5091     |    0.2613
Density calculation took 0.624447s
Tau required
    7     | -1691.0951425590 |   1.1659e-03   |    1.5068     |    0.2737
Density calculation took 0.625681s
Tau required
    8     | -1691.0953598022 |   4.3658e-04   |    1.5095     |    0.2639
Density calculation took 0.625517s
Tau required
    9     | -1691.0954751498 |   3.4765e-05   |    1.5067     |    0.2644
Density calculation took 0.625336s
Tau required
   10     | -1691.0954842518 |   3.2033e-06   |    1.5078     |    0.2630
Density calculation took 0.625636s
Tau required
   11     | -1691.0954849152 |   8.4447e-07   |    1.5058     |    0.2639
Density calculation took 0.625152s
Tau required
   12     | -1691.0954851169 |   1.1389e-07   |    1.5099     |    0.2641
Density calculation took 0.625089s
Tau required
   13     | -1691.0954851453 |   1.4502e-08   |    1.5049     |    0.2624
Density calculation took 0.625739s
Tau required
   14     | -1691.0954851485 |   3.3435e-09   |    1.5100     |    0.2635
Density calculation took 0.625078s
Tau required
   15     | -1691.0954851492 |   1.1449e-09   |    1.5066     |    0.2636
Density calculation took 0.625132s
Tau required
   16     | -1691.0954851495 |   8.8055e-11   |    1.5074     |    0.2630
Created 758364 / 2985984 significant shell pairs
Created 589168 / 2274064 significant shell pairs
Total number of grid points: 392540 (5772 per atom)
One electron integrals and orthogonalizer took 0.053107s
Created 589168 / 2274064 significant shell pairs
3C integrals and B formation took 2.177068s
Iteration |      Energy      |  DIIS Metric   | Fock Time (s) | DIIS Time (s)
----------+------------------+----------------+---------------+--------------
Density calculation took 0.665859s
Tau required
    1     | -1701.8814220439 |   1.0636e+03   |    1.7450     |    0.2962
Density calculation took 0.652057s
Tau required
    2     | -1690.3189184412 |   2.7643e+00   |    1.5550     |    0.2593
Density calculation took 0.627056s
Tau required
    3     | -1690.1993751598 |   3.4130e+00   |    1.5245     |    0.2704
Density calculation took 0.627470s
Tau required
    4     | -1691.0713704657 |   9.5689e-02   |    1.5250     |    0.2596
Density calculation took 0.627868s
Tau required
    5     | -1691.0899363026 |   2.4394e-02   |    1.5233     |    0.2706
Density calculation took 0.627004s
Tau required
    6     | -1691.0958883095 |   2.9244e-03   |    1.5225     |    0.2632
Density calculation took 0.627306s
Tau required
    7     | -1691.0964572635 |   8.9633e-04   |    1.5247     |    0.2712
Density calculation took 0.627368s
Tau required
    8     | -1691.0966696570 |   1.4110e-04   |    1.5235     |    0.2626
Density calculation took 0.627410s
Tau required
    9     | -1691.0967051371 |   1.8120e-05   |    1.5256     |    0.2622
Density calculation took 0.627011s
Tau required
   10     | -1691.0967094937 |   3.4424e-06   |    1.5235     |    0.2644
Density calculation took 0.627209s
Tau required
   11     | -1691.0967103507 |   4.4566e-07   |    1.5234     |    0.2631
Density calculation took 0.626882s
Tau required
   12     | -1691.0967104303 |   1.5603e-07   |    1.5219     |    0.2631
Density calculation took 0.627477s
Tau required
   13     | -1691.0967104677 |   1.8327e-08   |    1.5207     |    0.2627
Density calculation took 0.626982s
Tau required
   14     | -1691.0967104723 |   3.0060e-09   |    1.5245     |    0.2684
Density calculation took 0.627410s
Tau required
   15     | -1691.0967104729 |   1.0788e-09   |    1.5238     |    0.2643
Density calculation took 0.627287s
Tau required
   16     | -1691.0967104732 |   8.6770e-11   |    1.5230     |    0.2648
Created 763240 / 2985984 significant shell pairs
Created 592535 / 2274064 significant shell pairs
Total number of grid points: 392866 (5777 per atom)
One electron integrals and orthogonalizer took 0.052320s
Created 592535 / 2274064 significant shell pairs
3C integrals and B formation took 2.177514s
Iteration |      Energy      |  DIIS Metric   | Fock Time (s) | DIIS Time (s)
----------+------------------+----------------+---------------+--------------
Density calculation took 0.651055s
Tau required
    1     | -1701.8850440340 |   1.0654e+03   |    1.7405     |    0.2960
Density calculation took 0.637366s
Tau required
    2     | -1690.3120671484 |   2.7681e+00   |    1.5527     |    0.2608
Density calculation took 0.615143s
Tau required
    3     | -1690.1785167449 |   3.4679e+00   |    1.5244     |    0.2700
Density calculation took 0.615093s
Tau required
    4     | -1691.0577031767 |   1.2028e-01   |    1.5251     |    0.2620
Density calculation took 0.614933s
Tau required
    5     | -1691.0786353551 |   4.1235e-02   |    1.5225     |    0.2703
Density calculation took 0.615804s
Tau required
    6     | -1691.0890822152 |   5.7113e-03   |    1.5238     |    0.2617
Density calculation took 0.615242s
Tau required
    7     | -1691.0904514821 |   9.0627e-04   |    1.5233     |    0.2718
Density calculation took 0.615794s
Tau required
    8     | -1691.0906338493 |   2.8138e-04   |    1.5244     |    0.2643
Density calculation took 0.615678s
Tau required
    9     | -1691.0907081876 |   1.7528e-05   |    1.5235     |    0.2627
Density calculation took 0.615200s
Tau required
   10     | -1691.0907120036 |   4.5743e-06   |    1.5224     |    0.2645
Density calculation took 0.615983s
Tau required
   11     | -1691.0907130631 |   1.1105e-06   |    1.5249     |    0.2648
Density calculation took 0.615657s
Tau required
   12     | -1691.0907133555 |   1.8806e-07   |    1.5229     |    0.2630
Density calculation took 0.615792s
Tau required
   13     | -1691.0907134030 |   2.3648e-08   |    1.5243     |    0.2645
Density calculation took 0.615272s
Tau required
   14     | -1691.0907134089 |   2.5985e-09   |    1.5247     |    0.2648
Density calculation took 0.615976s
Tau required
   15     | -1691.0907134093 |   1.0362e-09   |    1.5233     |    0.2658
Density calculation took 0.615172s
Tau required
   16     | -1691.0907134096 |   9.5009e-11   |    1.5233     |    0.2644
Created 746327 / 2985984 significant shell pairs
Created 579250 / 2274064 significant shell pairs
Total number of grid points: 391369 (5755 per atom)
One electron integrals and orthogonalizer took 0.052968s
Created 579250 / 2274064 significant shell pairs
3C integrals and B formation took 2.177177s
Iteration |      Energy      |  DIIS Metric   | Fock Time (s) | DIIS Time (s)
----------+------------------+----------------+---------------+--------------
Density calculation took 0.666286s
Tau required
    1     | -1701.8727574210 |   1.0624e+03   |    1.7340     |    0.2979
Density calculation took 0.645983s
Tau required
    2     | -1690.3160154640 |   2.7518e+00   |    1.5559     |    0.2607
Density calculation took 0.624177s
Tau required
    3     | -1690.1995504583 |   3.3602e+00   |    1.5201     |    0.2706
Density calculation took 0.624412s
Tau required
    4     | -1691.0532717893 |   1.3796e-01   |    1.5218     |    0.2605
Density calculation took 0.624934s
Tau required
    5     | -1691.0758968612 |   5.8058e-02   |    1.5228     |    0.2706
Density calculation took 0.624915s
Tau required
    6     | -1691.0912125143 |   4.9939e-03   |    1.5220     |    0.2621
Density calculation took 0.624859s
Tau required
    7     | -1691.0922876633 |   9.7075e-04   |    1.5234     |    0.2724
Density calculation took 0.624757s
Tau required
    8     | -1691.0924554328 |   4.4269e-04   |    1.5238     |    0.2644
Density calculation took 0.625002s
Tau required
    9     | -1691.0925814526 |   2.5917e-05   |    1.5231     |    0.2636
Density calculation took 0.624535s
Tau required
   10     | -1691.0925878216 |   3.5884e-06   |    1.5248     |    0.2640
Density calculation took 0.624981s
Tau required
   11     | -1691.0925886993 |   5.6000e-07   |    1.5228     |    0.2655
Density calculation took 0.624632s
Tau required
   12     | -1691.0925888265 |   1.2381e-07   |    1.5227     |    0.2643
Density calculation took 0.624696s
Tau required
   13     | -1691.0925888579 |   1.4524e-08   |    1.5233     |    0.2643
Density calculation took 0.624842s
Tau required
   14     | -1691.0925888611 |   3.0174e-09   |    1.5216     |    0.2638
Density calculation took 0.624839s
Tau required
   15     | -1691.0925888618 |   9.6043e-10   |    1.5214     |    0.2648
Density calculation took 0.624697s
Tau required
   16     | -1691.0925888621 |   1.1035e-10   |    1.5242     |    0.2654
Density calculation took 0.625020s
Tau required
   17     | -1691.0925888621 |   4.9248e-11   |    1.5218     |    0.2647
Please cite the following papers for the methods used in this calculation:
 - J.L. Galvez Vallejo et. al., Toward an extreme-scale electronic structure system, J. Chem. Phys., 2023. DOI: 10.1063/5.0156399

 - R. Stocks, E. Palethorpe, and G.M.J. Barca, Multi-GPU RI-HF Energies and Analytic Gradients ─ Toward High-Throughput Ab Initio Molecular Dynamics, J. Chem. Theory Comput., 2024. DOI: 10.1021/acs.jctc.4c00877
   For:
     * RI-HF energy

 - S. Lehtola, C. Steigemann, M.J.T. Oliveira, and M.A.L. Marques, Recent developments in Libxc: A comprehensive library of functionals for density functional theory, SoftwareX, 2018. DOI: 10.1016/j.softx.2017.11.002
   For:
     * LibXC version 6.2.0

 - D.B. Williams-Young, W.A. de Jong, H.J.J. van Dam, and C. Yang, On the Efficient Evaluation of the Exchange Correlation Potential on Graphics Processing Unit Clusters, Frontiers in Chemistry, 2020. DOI: 10.3389/fchem.2020.581058
   For:
     * ExchCXX GPU implementation of exchange-correlation functionals

 - R. Stocks and G.M.J. Barca, Efficient Algorithms for GPU Accelerated Evaluation of the DFT Exchange-Correlation Functional, J. Chem. Theory Comput., 2025. DOI: 10.1021/acs.jctc.5c01229
   For:
     * GPU accelerated DFT exchange-correlation evaluation

 - J. Sun, A. Ruzsinszky, and J. P. Perdew.,  Phys. Rev. Lett. 115, 036402 (2015) DOI: 10.1103/PhysRevLett.115.036402
   For:
     * MGGA_X_SCAN XC Functional
     * MGGA_C_SCAN XC Functional

[CRAYBLAS_WARNING] Application linked against multiple cray-libsci libraries
