Total number of grid points: 299037 (5155 per atom)
Total number of grid points: 297364 (5126 per atom)
Total number of grid points: 288835 (4979 per atom)
Total number of grid points: 292006 (5034 per atom)
Total number of grid points: 292582 (5044 per atom)
Total number of grid points: 295013 (5086 per atom)
Total number of grid points: 292922 (5050 per atom)
Total number of grid points: 289385 (4989 per atom)
Total number of grid points: 287603 (4958 per atom)
Total number of grid points: 290453 (5007 per atom)
Total number of grid points: 292114 (5036 per atom)
Total number of grid points: 291942 (5033 per atom)
Total number of grid points: 298822 (5152 per atom)
Total number of grid points: 294426 (5076 per atom)
Total number of grid points: 294770 (5082 per atom)
Total number of grid points: 293583 (5061 per atom)
Total number of grid points: 294088 (5070 per atom)
Total number of grid points: 289866 (4997 per atom)
Total number of grid points: 296785 (5116 per atom)
Total number of grid points: 293071 (5052 per atom)
[CRAYBLAS_WARNING] Application linked against multiple cray-libsci libraries
4570
   10     | -1447.4994204628 |   5.8798e-06   |    1.1064     |    0.2327
   11     | -1447.4994220597 |   5.2819e-07   |    1.2670     |    0.5101
   12     | -1447.4994221780 |   1.2620e-07   |    1.3136     |    0.2999
   13     | -1447.4994222037 |   2.9661e-08   |    1.4690     |    0.3516
   14     | -1447.4994222112 |   2.5051e-09   |    1.2506     |    0.2719
   15     | -1447.4994222118 |   6.4610e-10   |    1.3533     |    0.3494
   16     | -1447.4994222118 |   4.7305e-10   |    1.6178     |    0.3280
   17     | -1447.4994222119 |   4.2525e-11   |    1.5990     |    0.3481
Created 632738 / 2214144 significant shell pairs
Created 489916 / 1684804 significant shell pairs
Total number of grid points: 290632 (5010 per atom)
One electron integrals and orthogonalizer took 0.083612s
Created 489916 / 1684804 significant shell pairs
3C integrals and B formation took 1.868490s
Iteration |      Energy      |  DIIS Metric   | Fock Time (s) | DIIS Time (s)
----------+------------------+----------------+---------------+--------------
    1     | -1456.5000518084 |   9.1277e+02   |    1.2724     |    0.3777
    2     | -1446.5855391361 |   3.4683e+00   |    1.2300     |    0.4526
    3     | -1446.0260461701 |   5.5687e+00   |    1.1555     |    0.4345
    4     | -1447.4625936644 |   1.6023e-01   |    1.1947     |    0.4130
    5     | -1447.4835805584 |   8.8755e-02   |    1.2125     |    0.3089
    6     | -1447.5054348058 |   1.1015e-02   |    1.4432     |    0.4977
    7     | -1447.5079716960 |   2.3125e-03   |    1.5740     |    0.3943
    8     | -1447.5085425078 |   4.5314e-04   |    1.3930     |    0.2306
    9     | -1447.5086584536 |   2.2127e-05   |    1.3353     |    0.2880
   10     | -1447.5086622231 |   8.9802e-06   |    1.2128     |    0.3080
   11     | -1447.5086645953 |   4.0507e-07   |    1.4612     |    0.2305
   12     | -1447.5086646459 |   2.2489e-07   |    1.5579     |    0.2305
   13     | -1447.5086646998 |   3.6857e-08   |    1.5576     |    0.2309
   14     | -1447.5086647091 |   5.0747e-09   |    1.3350     |    0.2889
   15     | -1447.5086647103 |   1.1541e-09   |    1.2120     |    0.3114
   16     | -1447.5086647105 |   4.5568e-10   |    1.4584     |    0.2306
   17     | -1447.5086647106 |   7.1522e-11   |    1.5585     |    0.2309
Created 632700 / 2214144 significant shell pairs
Created 489662 / 1684804 significant shell pairs
Total number of grid points: 288551 (4975 per atom)
One electron integrals and orthogonalizer took 0.123368s
Created 489662 / 1684804 significant shell pairs
3C integrals and B formation took 2.023928s
Iteration |      Energy      |  DIIS Metric   | Fock Time (s) | DIIS Time (s)
----------+------------------+----------------+---------------+--------------
    1     | -1456.5041483051 |   9.1400e+02   |    1.4449     |    0.3314
    2     | -1446.5824819622 |   3.4631e+00   |    1.4559     |    0.1935
    3     | -1446.0102631909 |   5.5991e+00   |    1.3870     |    0.2737
    4     | -1447.4460877765 |   2.0176e-01   |    1.2461     |    0.3124
    5     | -1447.4710829570 |   1.1750e-01   |    1.2122     |    0.3124
    6     | -1447.5009529968 |   1.2840e-02   |    1.4530     |    0.2312
    7     | -1447.5039249994 |   2.5229e-03   |    1.5526     |    0.2730
    8     | -1447.5044757907 |   6.6870e-04   |    1.5355     |    0.2891
    9     | -1447.5046505305 |   6.1176e-05   |    1.2465     |    0.3124
   10     | -1447.5046659001 |   1.4672e-05   |    1.2123     |    0.3121
   11     | -1447.5046699951 |   1.6589e-06   |    1.4535     |    0.2310
   12     | -1447.5046703983 |   3.1403e-07   |    1.5539     |    0.2313
   13     | -1447.5046704571 |   1.2018e-07   |    1.5516     |    0.2730
   14     | -1447.5046704895 |   7.7329e-09   |    1.2475     |    0.3125
   15     | -1447.5046704907 |   3.8682e-09   |    1.2122     |    0.3082
   16     | -1447.5046704914 |   1.3503e-09   |    1.4568     |    0.2315
   17     | -1447.5046704918 |   1.6052e-10   |    1.5357     |    0.2894
   18     | -1447.5046704918 |   9.5497e-11   |    1.5520     |    0.2726
Created 590079 / 2214144 significant shell pairs
Created 456508 / 1684804 significant shell pairs
Total number of grid points: 286876 (4946 per atom)
One electron integrals and orthogonalizer took 0.195362s
Created 456508 / 1684804 significant shell pairs
3C integrals and B formation took 2.059166s
Iteration |      Energy      |  DIIS Metric   | Fock Time (s) | DIIS Time (s)
----------+------------------+----------------+---------------+--------------
    1     | -1456.4868759703 |   9.0791e+02   |    1.4077     |    0.4753
    2     | -1446.5957004381 |   3.4489e+00   |    1.4248     |    0.4130
    3     | -1446.0722906518 |   5.3925e+00   |    1.3062     |    0.4129
    4     | -1447.4724148833 |   1.5434e-01   |    1.0625     |    0.4343
    5     | -1447.4986387614 |   6.2707e-02   |    1.1660     |    0.3944
    6     | -1447.5142448405 |   3.8189e-03   |    1.3728     |    0.5916
    7     | -1447.5147468443 |   1.8943e-03   |    1.3492     |    0.4169
    8     | -1447.5151986870 |   4.0510e-04   |    1.4305     |    0.2505
    9     | -1447.5153219048 |   2.0182e-05   |    1.0794     |    0.3124
   10     | -1447.5153245324 |   1.1573e-05   |    1.1662     |    0.2308
   11     | -1447.5153278163 |   6.6100e-07   |    1.4121     |    0.2953
   12     | -1447.5153279558 |   1.8621e-07   |    1.3871     |    0.2529
   13     | -1447.5153279934 |   5.9617e-08   |    1.4149     |    0.3114
   14     | -1447.5153280088 |   3.9176e-09   |    1.0827     |    0.4180
   15     | -1447.5153280097 |   9.2056e-10   |    1.1801     |    0.1917
   16     | -1447.5153280097 |   9.5937e-10   |    1.3736     |    0.2891
   17     | -1447.5153280099 |   8.2190e-11   |    1.4076     |    0.3111
Created 587912 / 2214144 significant shell pairs
Created 454858 / 1684804 significant shell pairs
Total number of grid points: 290075 (5001 per atom)
One electron integrals and orthogonalizer took 0.195246s
Created 454858 / 1684804 significant shell pairs
3C integrals and B formation took 2.058838s
Iteration |      Energy      |  DIIS Metric   | Fock Time (s) | DIIS Time (s)
----------+------------------+----------------+---------------+--------------
    1     | -1456.4774664219 |   9.0694e+02   |    1.4078     |    0.4750
    2     | -1446.5890781263 |   3.4357e+00   |    1.4278     |    0.2951
    3     | -1446.0518490411 |   5.4087e+00   |    1.3997     |    0.4255
    4     | -1447.4580766133 |   1.8055e-01   |    1.1485     |    0.2485
    5     | -1447.4909796513 |   6.5025e-02   |    1.0818     |    0.3126
    6     | -1447.5068891482 |   5.2344e-03   |    1.4150     |    0.3074
    7     | -1447.5076861333 |   2.2562e-03   |    1.4367     |    0.2488
    8     | -1447.5082666053 |   5.3802e-04   |    1.3724     |    0.2893
    9     | -1447.5084253676 |   2.0567e-05   |    1.1644     |    0.1917
   10     | -1447.5084275358 |   1.2801e-05   |    1.0834     |    0.3124
   11     | -1447.5084311575 |   6.2531e-07   |    1.4152     |    0.3121
   12     | -1447.5084312490 |   3.0145e-07   |    1.4320     |    0.2490
   13     | -1447.5084313129 |   9.3133e-08   |    1.3731     |    0.2894
   14     | -1447.5084313369 |   6.2542e-09   |    1.1656     |    0.1920
   15     | -1447.5084313383 |   1.4815e-09   |    1.0816     |    0.3126
   16     | -1447.5084313384 |   9.8881e-10   |    1.4148     |    0.3074
   17     | -1447.5084313386 |   2.2840e-10   |    1.4368     |    0.2486
   18     | -1447.5084313387 |   4.5760e-11   |    1.3728     |    0.2896
Created 612481 / 2214144 significant shell pairs
Created 473630 / 1684804 significant shell pairs
Total number of grid points: 287405 (4955 per atom)
One electron integrals and orthogonalizer took 0.043271s
Created 473630 / 1684804 significant shell pairs
3C integrals and B formation took 2.057589s
Iteration |      Energy      |  DIIS Metric   | Fock Time (s) | DIIS Time (s)
----------+------------------+----------------+---------------+--------------
    1     | -1456.4913721511 |   9.1153e+02   |    1.4369     |    0.4110
    2     | -1446.5831302400 |   3.4518e+00   |    1.4139     |    0.3090
    3     | -1446.0230635027 |   5.5071e+00   |    1.4361     |    0.2486
    4     | -1447.4415590920 |   2.1619e-01   |    1.0818     |    0.3124
    5     | -1447.4726206530 |   1.1383e-01   |    1.2123     |    0.3125
    6     | -1447.5021803314 |   1.0566e-02   |    1.4314     |    0.2888
    7     | -1447.5045302342 |   2.0082e-03   |    1.4106     |    0.3136
    8     | -1447.5049947043 |   5.4322e-04   |    1.5157     |    0.3094
    9     | -1447.5051361748 |   4.3514e-05   |    1.1669     |    0.1925
   10     | -1447.5051444894 |   1.6362e-05   |    1.0819     |    0.3125
   11     | -1447.5051490849 |   1.6631e-06   |    1.4154     |    0.3118
   12     | -1447.5051494977 |   2.0568e-07   |    1.4324     |    0.2487
   13     | -1447.5051495301 |   9.0980e-08   |    1.3730     |    0.2889
   14     | -1447.5051495535 |   6.4886e-09   |    1.1679     |    0.1923
   15     | -1447.5051495544 |   2.9178e-09   |    1.0853     |    0.3124
   16     | -1447.5051495550 |   9.2845e-10   |    1.4155     |    0.3115
   17     | -1447.5051495552 |   1.1833e-10   |    1.4330     |    0.2487
   18     | -1447.5051495552 |   6.3790e-11   |    1.3729     |    0.2892
Created 639968 / 2214144 significant shell pairs
Created 495608 / 1684804 significant shell pairs
Total number of grid points: 294742 (5081 per atom)
One electron integrals and orthogonalizer took 0.194568s
Created 495608 / 1684804 significant shell pairs
3C integrals and B formation took 2.106887s
Iteration |      Energy      |  DIIS Metric   | Fock Time (s) | DIIS Time (s)
----------+------------------+----------------+---------------+--------------
    1     | -1456.5130628631 |   9.1416e+02   |    1.6422     |    0.5104
    2     | -1446.5884356313 |   3.4817e+00   |    1.4632     |    0.1925
    3     | -1446.0267982316 |   5.6250e+00   |    1.3926     |    0.2311
    4     | -1447.4711523998 |   1.4466e-01   |    1.3333     |    0.2886
    5     | -1447.4871884230 |   9.0028e-02   |    1.2124     |    0.3122
    6     | -1447.5106775543 |   6.5449e-03   |    1.4569     |    0.2310
    7     | -1447.5118711891 |   2.2544e-03   |    1.5575     |    0.2312
    8     | -1447.5124532269 |   2.8058e-04   |    1.5553     |    0.2311
    9     | -1447.5125197648 |   4.3298e-05   |    1.3331     |    0.2889
   10     | -1447.5125305905 |   7.9633e-06   |    1.2126     |    0.3118
   11     | -1447.5125325725 |   7.2331e-07   |    1.4570     |    0.2312
   12     | -1447.5125326989 |   2.9824e-07   |    1.5567     |    0.2311
   13     | -1447.5125327719 |   4.1775e-08   |    1.5552     |    0.2306
   14     | -1447.5125327817 |   4.8122e-09   |    1.3329     |    0.2898
   15     | -1447.5125327826 |   1.7573e-09   |    1.2124     |    0.3116
   16     | -1447.5125327830 |   3.6911e-10   |    1.4577     |    0.2312
   17     | -1447.5125327831 |   6.6923e-11   |    1.5572     |    0.2311
Created 631780 / 2214144 significant shell pairs
Created 489352 / 1684804 significant shell pairs
Total number of grid points: 298132 (5140 per atom)
One electron integrals and orthogonalizer took 0.179107s
Created 489352 / 1684804 significant shell pairs
3C integrals and B formation took 2.107132s
Iteration |      Energy      |  DIIS Metric   | Fock Time (s) | DIIS Time (s)
----------+------------------+----------------+---------------+--------------
    1     | -1456.4992640532 |   9.1258e+02   |    1.5973     |    0.3368
    2     | -1446.5869263646 |   3.4628e+00   |    1.4599     |    0.2326
    3     | -1446.0265932703 |   5.5633e+00   |    1.5650     |    0.2321
    4     | -1447.4569358080 |   1.8234e-01   |    1.3330     |    0.2887
    5     | -1447.4822834224 |   9.5080e-02   |    1.3338     |    0.2487
    6     | -1447.5071357648 |   7.5795e-03   |    1.4818     |    0.4129
    7     | -1447.5086210579 |   2.1719e-03   |    1.4700     |    0.1950
    8     | -1447.5090502765 |   6.9734e-04   |    1.4757     |    0.2570
    9     | -1447.5092443176 |   4.9764e-05   |    1.2018     |    0.2730
   10     | -1447.5092565948 |   1.1237e-05   |    1.3335     |    0.2485
   11     | -1447.5092594845 |   1.0459e-06   |    1.4824     |    0.4132
   12     | -1447.5092596872 |   3.0421e-07   |    1.4718     |    0.1923
   13     | -1447.5092597488 |   9.8008e-08   |    1.4788     |    0.2712
   14     | -1447.5092597757 |   3.4740e-09   |    1.1715     |    0.2890
   15     | -1447.5092597762 |   1.5390e-09   |    1.3337     |    0.2488
   16     | -1447.5092597765 |   5.4999e-10   |    1.4819     |    0.4128
   17     | -1447.5092597766 |   9.4482e-11   |    1.4713     |    0.1921
Created 630973 / 2214144 significant shell pairs
Created 488499 / 1684804 significant shell pairs
Total number of grid points: 288647 (4976 per atom)
One electron integrals and orthogonalizer took 0.137871s
Created 488499 / 1684804 significant shell pairs
3C integrals and B formation took 2.104370s
Iteration |      Energy      |  DIIS Metric   | Fock Time (s) | DIIS Time (s)
----------+------------------+----------------+---------------+--------------
    1     | -1456.4992800054 |   9.1290e+02   |    1.5631     |    0.2943
    2     | -1446.5815714677 |   3.4652e+00   |    1.5300     |    0.2899
    3     | -1446.0192429638 |   5.5768e+00   |    1.5350     |    0.2887
    4     | -1447.4491670558 |   1.8831e-01   |    1.2450     |    0.3120
    5     | -1447.4714403768 |   1.1227e-01   |    1.2129     |    0.3119
    6     | -1447.5005610317 |   1.0870e-02   |    1.4516     |    0.2306
    7     | -1447.5030658234 |   2.0796e-03   |    1.5368     |    0.2889
    8     | -1447.5035366802 |   5.3605e-04   |    1.5367     |    0.2885
    9     | -1447.5036738456 |   4.0169e-05   |    1.2451     |    0.3120
   10     | -1447.5036832485 |   8.9979e-06   |    1.2125     |    0.3118
   11     | -1447.5036856240 |   7.7933e-07   |    1.4523     |    0.2308
   12     | -1447.5036857748 |   2.5360e-07   |    1.5366     |    0.2883
   13     | -1447.5036858288 |   6.9024e-08   |    1.5370     |    0.2884
   14     | -1447.5036858470 |   6.3972e-09   |    1.2460     |    0.3127
   15     | -1447.5036858484 |   1.7228e-09   |    1.2123     |    0.3081
   16     | -1447.5036858487 |   7.7285e-10   |    1.4566     |    0.2312
   17     | -1447.5036858489 |   8.8051e-11   |    1.5362     |    0.28===Created 665699 / 2214144 significant shell pairs
Created 514883 / 1684804 significant shell pairs
Total number of grid points: 286996 (4948 per atom)
One electron integrals and orthogonalizer took 0.178469s
Created 514883 / 1684804 significant shell pairs
3C integrals and B formation took 2.109767s
Iteration |      Energy      |  DIIS Metric   | Fock Time (s) | DIIS Time (s)
----------+------------------+----------------+---------------+--------------
    1     | -1456.5203604975 |   9.1706e+02   |    1.6404     |    0.5103
    2     | -1446.5810368747 |   3.5127e+00   |    1.5172     |    0.3094
    3     | -1445.8983968676 |   6.0681e+00   |    1.4657     |    0.1940
    4     | -1447.4004560341 |   3.8464e-01   |    1.1679     |    0.2885
    5     | -1447.4614879575 |   1.8656e-01   |    1.2261     |    0.3581
    6     | -1447.5078080262 |   1.9972e-02   |    1.4032     |    0.2313
    7     | -1447.5125897756 |   2.8939e-03   |    1.5591     |    0.2309
    8     | -1447.5131616261 |   1.0402e-03   |    1.5611     |    0.2321
    9     | -1447.5134308738 |   6.0553e-05   |    1.3325     |    0.2881
   10     | -1447.5134439346 |   1.6615e-05   |    1.2278     |    0.3398
   11     | -1447.5134481445 |   2.6970e-06   |    1.4172     |    0.=======================================================
                 SVWN5 Energy Results                  
=======================================================
E SVWN5               : -1447.51344891
Nuclear Repulsion Energy: 3871.323424
Electronic Energy:        -5118.53210768
XC Energy:                -200.304765
Converged:                1
# of SCF iterations:      18
SCF Time:                 33.901s

=======================================================
            Individual Calculation Summary         Created 589640 / 2214144 significant shell pairs
Created 455862 / 1684804 significant shell pairs
Total number of grid points: 290786 (5013 per atom)
One electron integrals and orthogonalizer took 0.042705s
Created 455862 / 1684804 significant shell pairs
3C integrals and B formation took 2.054415s
Iteration |      Energy      |  DIIS Metric   | Fock Time (s) | DIIS Time (s)
----------+------------------+----------------+---------------+--------------
    1     | -1456.4801582700 |   9.0732e+02   |    1.4408     |    0.4111
    2     | -1446.5927821332 |   3.4602e+00   |    1.4142     |    0.3087
    3     | -1446.0490155600 |   5.4369e+00   |    1.4360     |    0.2484
    4     | -1447.4511907568 |   2.1646e-01   |    1.0823     |  =======================================================
                 SVWN5 Energy Results                  
=======================================================
E SVWN5               : -1447.51603635
Nuclear Repulsion Energy: 3656.1336229
Electronic Energy:        -4903.36298927
XC Energy:                -200.286670
Converged:                1
# of SCF iterations:      18
SCF Time:                 32.081s

=======================================================
            Individual Calculation Summary             
=======================================================
HF Energy: -1447.5160363481834338
=======================================================


Topology 10 time: 32.270469 s, performance: SP: 0 FLOP/s, DP: 319.7 GFLOP/s
JSON file written to: json_logs/lustre_orion_chm213_scratch_ryan_dhdft_inputs_exess_exess_inputs_SVWN5_def2-TZVP_isomers_3900-3919_topology_10.json
************************************************************
**************** Running topology 12 of 20 *****************
**********************Created 562293 / 2214144 significant shell pairs
Created 434492 / 1684804 significant shell pairs
Total number of grid points: 292557 (5044 per atom)
One electron integrals and orthogonalizer took 0.194653s
Created 434492 / =======================================================
                 SVWN5 Energy Results                  
=======================================================
E SVWN5               : -1447.51899185
Nuclear Repulsion Energy: 3569.62510621
Electronic Energy:        -4816.86524116
XC Energy:                -200.278857
Converged:                1
# of SCF iterations:      18
SCF Time:                 31.786s

=======================================================
            Individual Calculation Summary             
=======================================================
HF Energy: -1447.5189918502437649
=======================================================


Topology 11 time: 31.971640 s, performance: SP: 0 FLOP/s, DP: 309.1 GFLOP/s
JSON file written to: json_logs/lustre_orion_chm213_scratch_ryan_dhdft_inputs_exess_exess_inputs_SVWN5_def2-TZVP_isomers_3900-3919_topology_11.json
************************************************************
**************** Running topology 13 of 20 *****************
************************************************************

************************************************************
**************** Beginning RI-SVWN5 energy *****************
************************************************************

=======================================================
                 SVWN5 Energy Results                  
=======================================================
E SVWN5               : -1447.52220216
Nuclear Repulsion Energy: 3560.67027804
Electronic Energy:        -4807.90788417
XC Energy:                -200.284596
Converged:                1
# of SCF iterations:      17
SCF Time:                 30.119s

=======================================================
            Individual Calculation Summary             
=======================================================
HF Energy: -1447.5222021636959653
=======================================================


Topology 12 time: 30.306172 s, performance: SP: 0 FLOP/s, DP: 323.6 GFLOP/s
JSON file written to: json_logs/lustre_orion_chm213_scratch_ryan_dhdft_inputs_exess_exess_inputs_SVWN5_def2-TZVP_isomers_3900-3919_topology_12.json
************************************************************
**************** Running topology 14 of 20 *****************
************************************************************

************************************************************
**************** Beginning RI-SVWN5 energy *****************
************************************************************

=======================================================
                 SVWN5 Energy Results                  
=======================================================
E SVWN5               : -1447.52769793
Nuclear Repulsion Energy: 3513.54298993
Electronic Energy:        -4760.79154139
XC Energy:                -200.279146
Converged:                1
# of SCF iterations:      18
SCF Time:                 29.663s

=======================================================
            Individual Calculation Summary             
=======================================================
HF Energy: -1447.5276979253683294
=======================================================


Topology 13 time: 29.849421 s, performance: SP: 0 FLOP/s, DP: 323.3 GFLOP/s
JSON file written to: json_logs/lustre_orion_chm213_scratch_ryan_dhdft_inputs_exess_exess_inputs_SVWN5_def2-TZVP_isomers_3900-3919_topology_13.json
************************************************************
**************** Running topology 15 of 20 *****************
************************************************************

************************************************************
**************** Beginning RI-SVWN5 energy *****************
************************************************************

=======================================================
                 SVWN5 Energy Results                  
=======================================================
E SVWN5               : -1447.52827637
Nuclear Repulsion Energy: 3497.36035564
Electronic Energy:        -4744.60934963
XC Energy:                -200.279282
Converged:                1
# of SCF iterations:      18
SCF Time:                 29.657s

=======================================================
            Individual Calculation Summary             
=======================================================
HF Energy: -1447.5282763654245173
=======================================================


Topology 14 time: 29.843258 s, performance: SP: 0 FLOP/s, DP: 321.6 GFLOP/s
JSON file written to: json_logs/lustre_orion_chm213_scratch_ryan_dhdft_inputs_exess_exess_inputs_SVWN5_def2-TZVP_isomers_3900-3919_topology_14.json
************************************************************
**************** Running topology 16 of 20 *****************
************************************************************

************************************************************
**************** Beginning RI-SVWN5 energy *****************
************************************************************

=======================================================
                 SVWN5 Energy Results                  
=======================================================
E SVWN5               : -1447.51659094
Nuclear Repulsion Energy: 3613.57627751
Electronic Energy:        -4860.80773138
XC Energy:                -200.285137
Converged:                1
# of SCF iterations:      18
SCF Time:                 31.922s

=======================================================
            Individual Calculation Summary             
=======================================================
HF Energy: -1447.5165909423121775
=======================================================


Topology 15 time: 32.119334 s, performance: SP: 0 FLOP/s, DP: 315.3 GFLOP/s
JSON file written to: json_logs/lustre_orion_chm213_scratch_ryan_dhdft_inputs_exess_exess_inputs_SVWN5_def2-TZVP_isomers_3900-3919_topology_15.json
************************************************************
**************** Running topology 17 of 20 *****************
************************************************************

************************************************************
**************** Beginning RI-SVWN5 energy *****************
************************************************************

=======================================================
                 SVWN5 Energy Results                  
=======================================================
E SVWN5               : -1447.5163496
Nuclear Repulsion Energy: 3589.62230245
Electronic Energy:        -4836.85457805
XC Energy:                -200.284074
Converged:                1
# of SCF iterations:      18
SCF Time:                 33.301s

=======================================================
            Individual Calculation Summary             
=======================================================
HF Energy: -1447.5163495964975482
=======================================================


Topology 16 time: 33.495320 s, performance: SP: 0 FLOP/s, DP: 299.2 GFLOP/s
JSON file written to: json_logs/lustre_orion_chm213_scratch_ryan_dhdft_inputs_exess_exess_inputs_SVWN5_def2-TZVP_isomers_3900-3919_topology_16.json
************************************************************
**************** Running topology 18 of 20 *****************
************************************************************

************************************************************
**************** Beginning RI-SVWN5 energy *****************
************************************************************

=======================================================
                 SVWN5 Energy Results                  
=======================================================
E SVWN5               : -1447.52072641
Nuclear Repulsion Energy: 3507.60903425
Electronic Energy:        -4754.85383592
XC Energy:                -200.275925
Converged:                1
# of SCF iterations:      18
SCF Time:                 29.816s

=======================================================
            Individual Calculation Summary             
=======================================================
HF Energy: -1447.5207264137759466
=======================================================


Topology 17 time: 30.009234 s, performance: SP: 0 FLOP/s, DP: 321.8 GFLOP/s
JSON file written to: json_logs/lustre_orion_chm213_scratch_ryan_dhdft_inputs_exess_exess_inputs_SVWN5_def2-TZVP_isomers_3900-3919_topology_17.json
************************************************************
**************** Running topology 19 of 20 *****************
************************************************************

************************************************************
**************** Beginning RI-SVWN5 energy *****************
************************************************************

=======================================================
                 SVWN5 Energy Results                  
=======================================================
E SVWN5               : -1447.52232404
Nuclear Repulsion Energy: 3508.6184491
Electronic Energy:        -4755.86436605
XC Energy:                -200.276407
Converged:                1
# of SCF iterations:      18
SCF Time:                 30.257s

=======================================================
            Individual Calculation Summary             
=======================================================
HF Energy: -1447.5223240430836995
=======================================================


Topology 18 time: 30.449235 s, performance: SP: 0 FLOP/s, DP: 317.2 GFLOP/s
JSON file written to: json_logs/lustre_orion_chm213_scratch_ryan_dhdft_inputs_exess_exess_inputs_SVWN5_def2-TZVP_isomers_3900-3919_topology_18.json
************************************************************
**************** Running topology 20 of 20 *****************
************************************************************

************************************************************
**************** Beginning RI-SVWN5 energy *****************
************************************************************

=======================================================
                 SVWN5 Energy Results                  
=======================================================
E SVWN5               : -1447.51536483
Nuclear Repulsion Energy: 3597.800145
Electronic Energy:        -4845.03237921
XC Energy:                -200.283131
Converged:                1
# of SCF iterations:      17
SCF Time:                 30.254s

=======================================================
            Individual Calculation Summary             
=======================================================
HF Energy: -1447.5153648307270942
=======================================================


Topology 19 time: 30.457624 s, performance: SP: 0 FLOP/s, DP: 327.7 GFLOP/s
JSON file written to: json_logs/lustre_orion_chm213_scratch_ryan_dhdft_inputs_exess_exess_inputs_SVWN5_def2-TZVP_isomers_3900-3919_topology_19.json
Total flops: SP: 0 FLOPS, DP: 206.9938 TFLOPS
Performance: SP: 0 FLOP/s, DP: 321.9 GFLOP/s

Now, a word from our sponsors... 
 Like using a bidet without wiping! An absolute disaster. (A random discussion, 2019)

[31mTotal processing time 643.332724 seconds[0m
[CRAYBLAS_WARNING] Application linked against multiple cray-libsci libraries
.3122
    8     | -1447.5205583067 |   5.2221e-04   |    1.3651     |    0.1912
    9     | -1447.5207160587 |   3.4139e-05   |    0.9857     |    0.1911
   10     | -1447.5207235377 |   1.0052e-05   |    0.9856     |    0.1909
   11     | -1447.5207263128 |   3.5596e-07   |    1.2356     |    0.2949
   12     | -1447.5207263663 |   1.6827e-07   |    1.3806     |    0.2589
   13     | -1447.5207264059 |   2.9633e-08   |    1.3652     |    0.1909
   14     | -1447.5207264131 |   2.4040e-09   |    0.9854     |    0.1911
   15     | -1447.5207264136 |   7.0792e-10   |    0.9857     |    0.1909
   16     | -1447.5207264135 |   9.1299e-10   |    1.2367     |    0.3107
   17     | -1447.5207264137 |   1.3088e-10   |    1.3658     |    0.2580
   18     | -1447.5207264138 |   2.8769e-11   |    1.3663     |    0.1913
Created 548528 / 2214144 significant shell pairs
Created 423422 / 1684804 significant shell pairs
Total number of grid points: 290667 (5011 per atom)
One electron integrals and orthogonalizer took 0.134903s
Created 423422 / 1684804 significant shell pairs
3C integrals and B formation took 2.053953s
Iteration |      Energy      |  DIIS Metric   | Fock Time (s) | DIIS Time (s)
----------+------------------+----------------+---------------+--------------
    1     | -1456.4644140752 |   9.0087e+02   |    1.4120     |    0.4747
    2     | -1446.5975827629 |   3.4731e+00   |    1.2570     |    0.3135
    3     | -1446.0719334881 |   5.4266e+00   |    1.3622     |    0.1938
    4     | -1447.4818413547 |   1.4867e-01   |    1.0467     |    0.3081
    5     | -1447.5088280138 |   5.1410e-02   |    1.0539     |    0.2647
    6     | -1447.5205346612 |   5.4510e-03   |    1.3564     |    0.3322
    7     | -1447.5213193644 |   2.8174e-03   |    1.3125     |    0.3135
    8     | -1447.5221921192 |   4.1906e-04   |    1.2541     |    0.2635
    9     | -1447.5223161148 |   2.7421e-05   |    1.1508     |    0.2314
   10     | -1447.5223215316 |   9.1843e-06   |    1.1465     |    0.1918
   11     | -1447.5223238643 |   6.0473e-07   |    1.2407     |    0.2955
   12     | -1447.5223239300 |   3.6192e-07   |    1.2588     |    0.3125
   13     | -1447.5223240222 |   7.4608e-08   |    1.3634     |    0.1918
   14     | -1447.5223240417 |   4.9861e-09   |    0.9849     |    0.1915
   15     | -1447.5223240428 |   1.0053e-09   |    0.9851     |    0.1917
   16     | -1447.5223240426 |   1.4647e-09   |    1.2407     |    0.2952
   17     | -1447.5223240430 |   2.2483e-10   |    1.3768     |    0.2628
   18     | -1447.5223240431 |   4.3350e-11   |    1.3636     |    0.1919
Created 571698 / 2214144 significant shell pairs
Created 442076 / 1684804 significant shell pairs
Total number of grid points: 295243 (5090 per atom)
One electron integrals and orthogonalizer took 0.082868s
Created 442076 / 1684804 significant shell pairs
3C integrals and B formation took 1.983220s
Iteration |      Energy      |  DIIS Metric   | Fock Time (s) | DIIS Time (s)
----------+------------------+----------------+---------------+--------------
    1     | -1456.4750015225 |   9.0480e+02   |    1.4081     |    0.4747
    2     | -1446.5925977997 |   3.4597e+00   |    1.3958     |    0.2440
    3     | -1446.0583433562 |   5.4499e+00   |    1.4147     |    0.3115
    4     | -1447.4734228792 |   1.5181e-01   |    1.0820     |    0.4188
    5     | -1447.4951755556 |   7.0728e-02   |    1.1274     |    0.2688
    6     | -1447.5103090435 |   1.5381e-02   |    1.3733     |    0.2888
    7     | -1447.5147281706 |   1.9440e-03   |    1.4109     |    0.3125
    8     | -1447.5152818402 |   3.0342e-04   |    1.5170     |    0.3087
    9     | -1447.5153597253 |   1.8367e-05   |    1.1619     |    0.1909
   10     | -1447.5153627359 |   7.4316e-06   |    1.0800     |    0.3120
   11     | -1447.5153647312 |   3.6295e-07   |    1.4161     |    0.3084
   12     | -1447.5153647850 |   1.6054e-07   |    1.4158     |    0.2680
   13     | -1447.5153648217 |   3.1412e-08   |    1.3738     |    0.2885
   14     | -1447.5153648298 |   3.2207e-09   |    1.1616     |    0.1909
   15     | -1447.5153648306 |   5.8646e-10   |    1.0789     |    0.3120
   16     | -1447.5153648303 |   1.2311e-09   |    1.4157     |    0.3089
   17     | -1447.5153648307 |   7.6204e-11   |    1.4159     |    0.2678
Please cite the following papers for the methods used in this calculation:
 - J.L. Galvez Vallejo et. al., Toward an extreme-scale electronic structure system, J. Chem. Phys., 2023. DOI: 10.1063/5.0156399

 - R. Stocks, E. Palethorpe, and G.M.J. Barca, Multi-GPU RI-HF Energies and Analytic Gradients ─ Toward High-Throughput Ab Initio Molecular Dynamics, J. Chem. Theory Comput., 2024. DOI: 10.1021/acs.jctc.4c00877
   For:
     * RI-HF energy

 - D.B. Williams-Young, W.A. de Jong, H.J.J. van Dam, and C. Yang, On the Efficient Evaluation of the Exchange Correlation Potential on Graphics Processing Unit Clusters, Frontiers in Chemistry, 2020. DOI: 10.3389/fchem.2020.581058
   For:
     * GauXC implementation of exchange-correlation integration

 - R. Stocks and G.M.J. Barca, Efficient Algorithms for GPU Accelerated Evaluation of the DFT Exchange-Correlation Functional, J. Chem. Theory Comput., 2025. DOI: 10.1021/acs.jctc.5c01229
   For:
     * GPU accelerated DFT exchange-correlation evaluation

 - P. A. M. Dirac.,  Math. Proc. Cambridge Philos. Soc. 26, 376 (1930) DOI: 10.1017/S0305004100016108
   For:
     * lda_x XC Functional

 - S. H. Vosko, L. Wilk, and M. Nusair.,  Can. J. Phys. 58, 1200 (1980) DOI: 10.1139/p80-159
   For:
     * lda_c_vwn XC Functional

[CRAYBLAS_WARNING] Application linked against multiple cray-libsci libraries
