Total number of grid points: 270762 (5014 per atom)
Total number of grid points: 278387 (5155 per atom)
Total number of grid points: 267180 (4947 per atom)
Total number of grid points: 271589 (5029 per atom)
Total number of grid points: 270045 (5000 per atom)
Total number of grid points: 272588 (5047 per atom)
Total number of grid points: 274366 (5080 per atom)
Total number of grid points: 270292 (5005 per atom)
Total number of grid points: 274006 (5074 per atom)
Total number of grid points: 267417 (4952 per atom)
Total number of grid points: 269443 (4989 per atom)
Total number of grid points: 275738 (5106 per atom)
Total number of grid points: 271081 (5020 per atom)
Total number of grid points: 272724 (5050 per atom)
Total number of grid points: 271973 (5036 per atom)
Total number of grid points: 272140 (5039 per atom)
Total number of grid points: 275000 (5092 per atom)
Total number of grid points: 273420 (5063 per atom)
Total number of grid points: 273584 (5066 per atom)
Total number of grid points: 271560 (5028 per atom)
[CRAYBLAS_WARNING] Application linked against multiple cray-libsci libraries
3037
   10     | -1370.7930614732 |   1.3280e-05   |    0.7923     |    0.1690
   11     | -1370.7930648027 |   1.7197e-06   |    0.9659     |    0.3846
   12     | -1370.7930652067 |   2.7437e-07   |    0.9324     |    0.2032
   13     | -1370.7930652568 |   1.0511e-07   |    0.9313     |    0.2852
   14     | -1370.7930652854 |   4.0558e-09   |    0.9114     |    0.3262
   15     | -1370.7930652858 |   2.5335e-09   |    0.8691     |    0.2553
   16     | -1370.7930652860 |   1.3274e-09   |    1.0068     |    0.2519
   17     | -1370.7930652864 |   2.2843e-10   |    1.0481     |    0.3667
   18     | -1370.7930652865 |   4.4685e-11   |    1.0956     |    0.2451
Created 551825 / 1971216 significant shell pairs
Created 425875 / 1498176 significant shell pairs
Total number of grid points: 273765 (5069 per atom)
One electron integrals and orthogonalizer took 0.034814s
Created 425875 / 1498176 significant shell pairs
3C integrals and B formation took 1.782220s
Iteration |      Energy      |  DIIS Metric   | Fock Time (s) | DIIS Time (s)
----------+------------------+----------------+---------------+--------------
    1     | -1379.3991683955 |   8.6289e+02   |    1.1248     |    0.3490
    2     | -1369.9502852369 |   3.2159e+00   |    0.8910     |    0.3778
    3     | -1369.4762371205 |   4.9911e+00   |    0.9714     |    0.3739
    4     | -1370.7706986477 |   1.2817e-01   |    0.7660     |    0.3374
    5     | -1370.7914827171 |   5.3351e-02   |    0.7606     |    0.4163
    6     | -1370.8045773988 |   3.9001e-03   |    0.9693     |    0.2965
    7     | -1370.8052444433 |   1.5714e-03   |    0.8881     |    0.3772
    8     | -1370.8056067316 |   3.0900e-04   |    0.9717     |    0.2555
    9     | -1370.8056907377 |   4.0397e-05   |    0.8412     |    0.2449
   10     | -1370.8057000081 |   1.3226e-05   |    0.8483     |    0.3037
   11     | -1370.8057041099 |   7.5628e-07   |    0.9698     |    0.2048
   12     | -1370.8057042486 |   2.8664e-07   |    0.9762     |    0.2866
   13     | -1370.8057043131 |   7.2286e-08   |    0.8936     |    0.1848
   14     | -1370.8057043314 |   3.9019e-09   |    0.8325     |    0.1864
   15     | -1370.8057043322 |   1.3261e-09   |    0.8294     |    0.1859
   16     | -1370.8057043324 |   8.0101e-10   |    1.0488     |    0.2369
   17     | -1370.8057043326 |   8.4373e-11   |    1.0521     |    0.3255
Created 567578 / 1971216 significant shell pairs
Created 439006 / 1498176 significant shell pairs
Total number of grid points: 271423 (5026 per atom)
One electron integrals and orthogonalizer took 0.082011s
Created 439006 / 1498176 significant shell pairs
3C integrals and B formation took 1.685513s
Iteration |      Energy      |  DIIS Metric   | Fock Time (s) | DIIS Time (s)
----------+------------------+----------------+---------------+--------------
    1     | -1379.3901564316 |   8.6388e+02   |    0.9925     |    0.3501
    2     | -1369.9475961767 |   3.1711e+00   |    0.8947     |    0.1881
    3     | -1369.4791758997 |   4.8668e+00   |    1.0676     |    0.2307
    4     | -1370.7518935909 |   1.5980e-01   |    0.8477     |    0.1864
    5     | -1370.7778684914 |   6.9482e-02   |    0.8476     |    0.1860
    6     | -1370.7943905950 |   1.0600e-02   |    1.0417     |    0.3249
    7     | -1370.7970027644 |   2.1122e-03   |    0.9750     |    0.2110
    8     | -1370.7975117658 |   5.7108e-04   |    0.9765     |    0.2859
    9     | -1370.7976733823 |   6.0098e-05   |    0.8456     |    0.2415
   10     | -1370.7976888826 |   1.2305e-05   |    0.8189     |    0.2433
   11     | -1370.7976920692 |   1.7081e-06   |    1.0692     |    0.2440
   12     | -1370.7976925183 |   1.5813e-07   |    1.0548     |    0.3247
   13     | -1370.7976925425 |   7.2294e-08   |    0.9760     |    0.2051
   14     | -1370.7976925614 |   3.7407e-09   |    0.8902     |    0.2064
   15     | -1370.7976925619 |   2.1162e-09   |    0.9331     |    0.2858
   16     | -1370.7976925623 |   5.8414e-10   |    0.9002     |    0.1859
   17     | -1370.7976925625 |   1.5001e-10   |    1.0703     |    0.2310
   18     | -1370.7976925625 |   4.2362e-11   |    1.0400     |    0.3256
Created 542087 / 1971216 significant shell pairs
Created 418278 / 1498176 significant shell pairs
Total number of grid points: 273730 (5069 per atom)
One electron integrals and orthogonalizer took 0.077077s
Created 418278 / 1498176 significant shell pairs
3C integrals and B formation took 1.627616s
Iteration |      Energy      |  DIIS Metric   | Fock Time (s) | DIIS Time (s)
----------+------------------+----------------+---------------+--------------
    1     | -1379.3964967233 |   8.6268e+02   |    1.0068     |    0.2760
    2     | -1369.9558234344 |   3.2032e+00   |    0.9692     |    0.4324
    3     | -1369.4790161787 |   4.9371e+00   |    0.9598     |    0.4589
    4     | -1370.7637832599 |   1.6740e-01   |    0.7502     |    0.3912
    5     | -1370.7911435066 |   7.3703e-02   |    0.7430     |    0.4266
    6     | -1370.8091067743 |   6.6392e-03   |    0.9700     |    0.3415
    7     | -1370.8103623907 |   2.2305e-03   |    0.8799     |    0.4220
    8     | -1370.8108892493 |   6.6417e-04   |    0.9600     |    0.3407
    9     | -1370.8110865786 |   2.8119e-05   |    0.8242     |    0.2340
   10     | -1370.8110920087 |   8.5923e-06   |    0.8240     |    0.2342
   11     | -1370.8110942371 |   8.3780e-07   |    0.9662     |    0.2158
   12     | -1370.8110944311 |   1.6578e-07   |    1.0023     |    0.2052
   13     | -1370.8110944584 |   6.9961e-08   |    0.9995     |    0.2749
   14     | -1370.8110944785 |   3.9405e-09   |    0.8276     |    0.2440
   15     | -1370.8110944794 |   8.6683e-10   |    0.8149     |    0.2453
   16     | -1370.8110944793 |   9.9628e-10   |    0.8598     |    0.2302
   17     | -1370.8110944796 |   9.4263e-11   |    1.0301     |    0.2454
Created 538389 / 1971216 significant shell pairs
Created 415770 / 1498176 significant shell pairs
Total number of grid points: 274734 (5087 per atom)
One electron integrals and orthogonalizer took 0.035930s
Created 415770 / 1498176 significant shell pairs
3C integrals and B formation took 1.563361s
Iteration |      Energy      |  DIIS Metric   | Fock Time (s) | DIIS Time (s)
----------+------------------+----------------+---------------+--------------
    1     | -1379.3839122800 |   8.6107e+02   |    1.0379     |    0.3246
    2     | -1369.9506258462 |   3.1907e+00   |    0.9578     |    0.2824
    3     | -1369.4732007218 |   4.9146e+00   |    0.9170     |    0.1680
    4     | -1370.7540197060 |   1.8436e-01   |    0.8282     |    0.2024
    5     | -1370.7867598687 |   6.9346e-02   |    0.8536     |    0.2040
    6     | -1370.8029421320 |   8.1187e-03   |    0.9477     |    0.2388
    7     | -1370.8046117559 |   2.4402e-03   |    0.9567     |    0.2400
    8     | -1370.8052206627 |   7.0001e-04   |    0.9079     |    0.1622
    9     | -1370.8054265628 |   3.3053e-05   |    0.8192     |    0.2376
   10     | -1370.8054331988 |   9.6883e-06   |    0.8166     |    0.2394
   11     | -1370.8054357320 |   8.9963e-07   |    1.0265     |    0.2399
   12     | -1370.8054359483 |   1.3759e-07   |    0.9376     |    0.3443
   13     | -1370.8054359737 |   4.8590e-08   |    0.9583     |    0.3023
   14     | -1370.8054359863 |   3.3766e-09   |    0.7407     |    0.2352
   15     | -1370.8054359870 |   9.2569e-10   |    0.7426     |    0.3151
   16     | -1370.8054359869 |   1.0952e-09   |    0.9561     |    0.2821
   17     | -1370.8054359872 |   9.4049e-11   |    0.9169     |    0.1643
Created 561665 / 1971216 significant shell pairs
Created 433995 / 1498176 significant shell pairs
Total number of grid points: 268452 (4971 per atom)
One electron integrals and orthogonalizer took 0.115681s
Created 433995 / 1498176 significant shell pairs
3C integrals and B formation took 1.647406s
Iteration |      Energy      |  DIIS Metric   | Fock Time (s) | DIIS Time (s)
----------+------------------+----------------+---------------+--------------
    1     | -1379.3939498048 |   8.6412e+02   |    1.0509     |    0.2731
    2     | -1369.9509857037 |   3.1769e+00   |    1.0476     |    0.3245
    3     | -1369.4833454911 |   4.8569e+00   |    0.9765     |    0.2103
    4     | -1370.7538123119 |   1.6758e-01   |    0.8847     |    0.2026
    5     | -1370.7816728799 |   7.5409e-02   |    0.9307     |    0.2491
    6     | -1370.8007925820 |   6.4364e-03   |    0.9774     |    0.1875
    7     | -1370.8021053620 |   1.6294e-03   |    1.0635     |    0.2347
    8     | -1370.8025052934 |   3.2482e-04   |    1.0358     |    0.3281
    9     | -1370.8025928636 |   1.8619e-05   |    0.7647     |    0.3004
   10     | -1370.8025947971 |   1.1589e-05   |    0.7566     |    0.3002
   11     | -1370.8025980599 |   1.2275e-06   |    0.9645     |    0.2048
   12     | -1370.8025984005 |   1.7670e-07   |    0.9770     |    0.2875
   13     | -1370.8025984375 |   5.3423e-08   |    0.8906     |    0.1860
   14     | -1370.8025984513 |   3.8699e-09   |    0.8271     |    0.2307
   15     | -1370.8025984520 |   1.5481e-09   |    0.8282     |    0.2310
   16     | -1370.8025984523 |   3.9748e-10   |    1.0639     |    0.2361
   17     | -1370.8025984524 |   8.2273e-11   |    1.0346     |    0.3259
Created 554435 / 1971216 significant shell pairs
Created 428153 / 1498176 significant shell pairs
Total number of grid points: 275615 (5103 per atom)
One electron integrals and orthogonalizer took 0.081996s
Created 428153 / 1498176 significant shell pairs
3C integrals and B formation took 1.684732s
Iteration |      Energy      |  DIIS Metric   | Fock Time (s) | DIIS Time (s)
----------+------------------+----------------+---------------+--------------
    1     | -1379.3769654671 |   8.6277e+02   |    1.3242     |    0.3155
    2     | -1369.9380107055 |   3.1596e+00   |    1.0656     |    0.1942
    3     | -1369.4623380912 |   4.8585e+00   |    1.0109     |    0.1694
    4     | -1370.7273087206 |   1.9916e-01   |    0.9275     |    0.2427
    5     | -1370.7530667318 |   1.0808e-01   |    0.9289     |    0.2492
    6     | -1370.7773872853 |   2.5819e-02   |    1.0677     |    0.2432
    7     | -1370.7853604864 |   3.4507e-03   |    1.0552     |    0.3252
    8     | -1370.7861988277 |   1.2949e-03   |    0.9752     |    0.2048
    9     | -1370.7865682884 |   1.8066e-04   |    0.8933     |    0.1641
   10     | -1370.7866212251 |   1.5155e-05   |    0.9315     |    0.2432
   11     | -1370.7866243880 |   5.0488e-06   |    0.9890     |    0.1855
   12     | -1370.7866257818 |   3.7260e-07   |    1.0724     |    0.2296
   13     | -1370.7866258269 |   2.0315e-07   |    1.0401     |    0.3247
   14     | -1370.7866258802 |   1.5911e-08   |    0.7654     |    0.2556
   15     | -1370.7866258834 |   5.6765e-09   |    0.7621     |    0.2558
   16     | -1370.7866258806 |   1.1731e-08   |    0.9727     |    0.2052
   17     | -1370.7866258848 |   7.3742e-10   |    0.9826     |    0.2028
   18     | -1370.7866258849 |   2.4769e-10   |    0.9004     |    0.1862
   19     | -1370.7866258850 |   9.3698e-11   |    0.8306     |    0.1859
Created 539229 / 1971216 significant shell pairs
Created 415889 / 1498176 significant shell pairs
Total number of grid points: 271577 (5029 per atom)
One electron integrals and orthogonalizer took 0.076875s
Created 415889 / 1498176 significant shell pairs
3C integrals and B formation took 1.647154s
Iteration |      Energy      |  DIIS Metric   | Fock Time (s) | DIIS Time (s)
----------+------------------+----------------+---------------+--------------
    1     | -1379.3857552824 |   8.6190e+02   |    1.1888     |    0.4778
    2     | -1369.9460232963 |   3.1935e+00   |    0.9750     |    0.2155
    3     | -1369.4632593960 |   4.9444e+00   |    1.0045     |    0.1674
    4     | -1370.7481451772 |   1.8156e-01   |    0.9103     |    0.1610
    5     | -1370.7791091923 |   7.6464e-02   |    0.8948     |    0.1682
    6     | -1370.7985433598 |   5.2467e-03   |    0.9878     |    0.2557
    7     | -1370.7989985092 |   3.3012e-03   |    0.8815     |    0.2283
    8     | -1370.7998732711 |   8.7510e-04   |    1.0306     |    0.2436
    9     | -1370.8001502616 |   8.0369e-05   |    0.8372     |    0.2456
   10     | -1370.8001723767 |   1.0443e-05   |    0.8314     |    0.1865
   11     | -1370.8001747942 |   1.7449e-06   |    1.0333     |    0.3271
   12     | -1370.8001752251 |   2.7386e-07   |    0.9709     |    0.2873
   13     | -1370.8001752771 |   9.6805e-08   |    0.9727     |    0.3281
   14     | -1370.8001753013 |   5.2717e-09   |    0.8316     |    0.2356
   15     | -1370.8001753020 |   3.1982e-09   |    0.8309     |    0.2413
   16     | -1370.8001753027 |   8.9737e-10   |    0.8646     |    0.2313
   17     | -1370.8001753029 |   2.9641e-10   |    1.0321     |    0.2449
   18     | -1370.8001753030 |   9.3577e-11   |    1.0535     |    0.2436
Created 536857 / 1971216 significant shell pairs
Created 413977 / 1498176 significant shell pairs
Total number of grid points: 270229 (5004 per atom)
One electron integrals and orthogonalizer took 0.076939s
Created 413977 / 1498176 significant shell pairs
3C integrals and B formation took 1.647101s
Iteration |      Energy      |  DIIS Metric   | Fock Time (s) | DIIS Time (s)
----------+------------------+----------------+---------------+--------------
    1     | -1379.3869414709 |   8.6200e+02   |    1.1889     |    0.4789
    2     | -1369.9471404185 |   3.1935e+00   |    1.0649     |    0.1932
    3     | -1369.4648847894 |   4.9434e+00   |    1.0027     |    0.2105
    4     | -1370.7498817803 |   1.7906e-01   |    0.9119     |    0.1620
    5     | -1370.7799396555 |   7.6980e-02   |    0.9054     |    0.2484
    6     | -1370.7991666987 |   6.3695e-03   |    0.9741     |    0.2299
    7     | -1370.7997699505 |   3.9359e-03   |    1.0324     |    0.2538
    8     | -1370.8009332954 |   8.9431e-04   |    1.0455     |    0.2431
    9     | -1370.8012148112 |   7.2731e-05   |    0.8412     |    0.3117
   10     | -1370.8012332804 |   1.1223e-05   |    0.7543     |    0.3032
   11     | -1370.8012359250 |   1.7728e-06   |    0.9644     |    0.2046
   12     | -1370.8012363636 |   2.1939e-07   |    0.9718     |    0.2455
   13     | -1370.8012364038 |   7.7815e-08   |    0.9701     |    0.2330
   14     | -1370.8012364235 |   3.0456e-09   |    0.8226     |    0.2344
   15     | -1370.8012364233 |   3.5976e-09   |    0.8=======================================================
                 SVWN5 Energy Results                  
=======================================================
E SVWN5               : -1370.80123642
Nuclear Repulsion Energy: 3317.7920Created 548087 / 1971216 significant shell pairs
Created 422699 / 1498176 significant shell pairs
Total number of grid points: 274891 (5090 per atom)
One electron integrals and orthogonalizer took 0.077323s
Created 422699 / 1498176 significant shell pairs
3C integrals and B formation took 1.650487s
Iteration |      Energy      |  DIIS Metric   | Fock Time (s) | DIIS Time (s)
----------+------------------+----------------+---------------+--------------
    1     | -1379.3760215909 |   8.6264e+02   |    1.1885     |    0.4778
    2     | -1369.9363467208 |   3.1601e+00   |    1.0658     |    0.1932
    3     | -1369.4613210090 |   4.8599e+00   |    1.0061     |    0.1677
    4     | -1370.7268427622 |   1.9995e-01   |    0.9107     |    0.1615
    5     | -1370.7583039635 |   9.2031e-02   |    0.9063     |    0.2493
    6     | -1370.7793416053 |   1.6675e-02   |    0.9781     |    0.1855
    7     | -1370.7836897318 |   3.7625e-03   |    1.0348     |    0.2513
    8     | -1370.7846012276 |   1.4458e-03   | =======================================================
                 SVWN5 Energy Results                  
=======================================================
E SVWN5               : -1370.7851224
Nuclear Repulsion Energy: 3355.87233897
Electronic Energy:        -4537.23598288
XC Energy:                -189.421478
Converged:                1
# of SCF iterations:      19
SCF Time:                 25.279s

=======================================================
            Individual Calculation Summary             
=======================================================
HF Energy: -1370.7851223987865978
=======================================================


Topology 9 time: 25.449041 s, performance: SP: 0 FLOP/s, DP: 336.6 GFLOP/s
JSON file written to: json_logs/lustre_orion_chm213_scratch_ryan_dhdft_inputs_exess_exesCreated 560910 / 1971216 significant shell pairs
Created 433242 / 1498176 significant shell pairs
Total number of grid points: 273210 (5059 per atom)
One electron integrals and orthogonalizer took 0.099184s
Created 433242 / 1498176 significant shell pairs
3C integrals and B formation took 1.686070s
Iteration |      Energy      |  DIIS Metric   | Fock Time (s) | DIIS Time (s)
----------+------------------+----------------+=======================================================
                 SVWN5 Energy Results                  
=======================================================
E SVWN5               : -1370.79010745
Nuclear Repulsion Energy: 3397.29492537
Electronic Energy:        -4578.65596116
XC Energy:                -189.429072
Converged:                1
# of SCF iterations:      18
SCF Time:                 24.291s

=======================================================
            Individual Calculation Summary             
=======================================================
HF Energy: -1370.7901074526432694
=======================================================


Topology 10 time: 24.465805 s, performance: SP: 0 FLOP/s, DP: 356.1 GFLOP/s
JSON file written to: json_logs/lustre_orion_chm213_scratch_ryan_dhdft_inputs_exess_exess_inputs_SVWN5_def2-TZVP_isomers_960-979_topology_10.json
************************************************************
**************** Running topology 12 of 20 *****************
************************************************************

************************************************************
**************** Beginning RI-SVWN5 energy *****************
************************************************************

=======================================================
                 SVWN5 Energy Results                  
=======================================================
E SVWN5               : -1370.80162639
Nuclear Repulsion Energy: 3345.21066886
Electronic Energy:        -4526.58054848
XC Energy:                -189.431747
Converged:                1
# of SCF iterations:      18
SCF Time:                 23.982s

=======================================================
            Individual Calculation Summary             
=======================================================
HF Energy: -1370.8016263898505258
=======================================================


Topology 11 time: 24.154801 s, performance: SP: 0 FLOP/s, DP: 352.3 GFLOP/s
JSON file written to: json_logs/lustre_orion_chm213_scratch_ryan_dhdft_inputs_exess_exess_inputs_SVWN5_def2-TZVP_isomers_960-979_topology_11.json
************************************************************
**************** Running topology 13 of 20 *****************
************************************************************

************************************************************
**************** Beginning RI-SVWN5 energy *****************
************************************************************

=======================================================
                 SVWN5 Energy Results                  
=======================================================
E SVWN5               : -1370.79544407
Nuclear Repulsion Energy: 3310.28553532
Electronic Energy:        -4491.65847733
XC Energy:                -189.422502
Converged:                1
# of SCF iterations:      19
SCF Time:                 24.678s

=======================================================
            Individual Calculation Summary             
=======================================================
HF Energy: -1370.7954440743883424
=======================================================


Topology 12 time: 24.849692 s, performance: SP: 0 FLOP/s, DP: 337.1 GFLOP/s
JSON file written to: json_logs/lustre_orion_chm213_scratch_ryan_dhdft_inputs_exess_exess_inputs_SVWN5_def2-TZVP_isomers_960-979_topology_12.json
************************************************************
**************** Running topology 14 of 20 *****************
************************************************************

************************************************************
**************** Beginning RI-SVWN5 energy *****************
************************************************************

=======================================================
                 SVWN5 Energy Results                  
=======================================================
E SVWN5               : -1370.80039863
Nuclear Repulsion Energy: 3326.24164181
Electronic Energy:        -4507.61734095
XC Energy:                -189.424699
Converged:                1
# of SCF iterations:      18
SCF Time:                 24.234s

=======================================================
            Individual Calculation Summary             
=======================================================
HF Energy: -1370.8003986269904999
=======================================================


Topology 13 time: 24.407968 s, performance: SP: 0 FLOP/s, DP: 343.2 GFLOP/s
JSON file written to: json_logs/lustre_orion_chm213_scratch_ryan_dhdft_inputs_exess_exess_inputs_SVWN5_def2-TZVP_isomers_960-979_topology_13.json
************************************************************
**************** Running topology 15 of 20 *****************
************************************************************

************************************************************
**************** Beginning RI-SVWN5 energy *****************
************************************************************

=======================================================
                 SVWN5 Energy Results                  
=======================================================
E SVWN5               : -1370.78886495
Nuclear Repulsion Energy: 3382.12805005
Electronic Energy:        -4563.49396039
XC Energy:                -189.422955
Converged:                1
# of SCF iterations:      19
SCF Time:                 25.29s

=======================================================
            Individual Calculation Summary             
=======================================================
HF Energy: -1370.7888649489500494
=======================================================


Topology 14 time: 25.471138 s, performance: SP: 0 FLOP/s, DP: 341.4 GFLOP/s
JSON file written to: json_logs/lustre_orion_chm213_scratch_ryan_dhdft_inputs_exess_exess_inputs_SVWN5_def2-TZVP_isomers_960-979_topology_14.json
************************************************************
**************** Running topology 16 of 20 *****************
************************************************************

************************************************************
**************** Beginning RI-SVWN5 energy *****************
************************************************************

=======================================================
                 SVWN5 Energy Results                  
=======================================================
E SVWN5               : -1370.79595505
Nuclear Repulsion Energy: 3323.56842353
Electronic Energy:        -4504.94532315
XC Energy:                -189.419055
Converged:                1
# of SCF iterations:      19
SCF Time:                 24.793s

=======================================================
            Individual Calculation Summary             
=======================================================
HF Energy: -1370.7959550483351450
=======================================================


Topology 15 time: 24.967234 s, performance: SP: 0 FLOP/s, DP: 337.6 GFLOP/s
JSON file written to: json_logs/lustre_orion_chm213_scratch_ryan_dhdft_inputs_exess_exess_inputs_SVWN5_def2-TZVP_isomers_960-979_topology_15.json
************************************************************
**************** Running topology 17 of 20 *****************
************************************************************

************************************************************
**************** Beginning RI-SVWN5 energy *****************
************************************************************

=======================================================
                 SVWN5 Energy Results                  
=======================================================
E SVWN5               : -1370.7887518
Nuclear Repulsion Energy: 3353.79060545
Electronic Energy:        -4535.15683621
XC Energy:                -189.422521
Converged:                1
# of SCF iterations:      18
SCF Time:                 24.242s

=======================================================
            Individual Calculation Summary             
=======================================================
HF Energy: -1370.7887517996430233
=======================================================


Topology 16 time: 24.421219 s, performance: SP: 0 FLOP/s, DP: 349.5 GFLOP/s
JSON file written to: json_logs/lustre_orion_chm213_scratch_ryan_dhdft_inputs_exess_exess_inputs_SVWN5_def2-TZVP_isomers_960-979_topology_16.json
************************************************************
**************** Running topology 18 of 20 *****************
************************************************************

************************************************************
**************** Beginning RI-SVWN5 energy *****************
************************************************************

=======================================================
                 SVWN5 Energy Results                  
=======================================================
E SVWN5               : -1370.80049173
Nuclear Repulsion Energy: 3352.31388432
Electronic Energy:        -4533.68938839
XC Energy:                -189.424988
Converged:                1
# of SCF iterations:      18
SCF Time:                 24.504s

=======================================================
            Individual Calculation Summary             
=======================================================
HF Energy: -1370.8004917283806208
=======================================================


Topology 17 time: 24.683840 s, performance: SP: 0 FLOP/s, DP: 345.6 GFLOP/s
JSON file written to: json_logs/lustre_orion_chm213_scratch_ryan_dhdft_inputs_exess_exess_inputs_SVWN5_def2-TZVP_isomers_960-979_topology_17.json
************************************************************
**************** Running topology 19 of 20 *****************
************************************************************

************************************************************
**************** Beginning RI-SVWN5 energy *****************
************************************************************

=======================================================
                 SVWN5 Energy Results                  
=======================================================
E SVWN5               : -1370.80083486
Nuclear Repulsion Energy: 3361.8691502
Electronic Energy:        -4543.23856953
XC Energy:                -189.431416
Converged:                1
# of SCF iterations:      17
SCF Time:                 22.692s

=======================================================
            Individual Calculation Summary             
=======================================================
HF Energy: -1370.8008348580801794
=======================================================


Topology 18 time: 22.876675 s, performance: SP: 0 FLOP/s, DP: 373.6 GFLOP/s
JSON file written to: json_logs/lustre_orion_chm213_scratch_ryan_dhdft_inputs_exess_exess_inputs_SVWN5_def2-TZVP_isomers_960-979_topology_18.json
************************************************************
**************** Running topology 20 of 20 *****************
************************************************************

************************************************************
**************** Beginning RI-SVWN5 energy *****************
************************************************************

=======================================================
                 SVWN5 Energy Results                  
=======================================================
E SVWN5               : -1370.80076582
Nuclear Repulsion Energy: 3339.38589112
Electronic Energy:        -4520.76245747
XC Energy:                -189.424199
Converged:                1
# of SCF iterations:      18
SCF Time:                 24.234s

=======================================================
            Individual Calculation Summary             
=======================================================
HF Energy: -1370.8007658178769361
=======================================================


Topology 19 time: 24.415653 s, performance: SP: 0 FLOP/s, DP: 346.3 GFLOP/s
JSON file written to: json_logs/lustre_orion_chm213_scratch_ryan_dhdft_inputs_exess_exess_inputs_SVWN5_def2-TZVP_isomers_960-979_topology_19.json
Total flops: SP: 0 FLOPS, DP: 170.60765 TFLOPS
Performance: SP: 0 FLOP/s, DP: 345.9 GFLOP/s

Now, a word from our sponsors... 
 Mathematics does not exist as 7 am! (Giuseppe, 2024)

[31mTotal processing time 493.551482 seconds[0m
[CRAYBLAS_WARNING] Application linked against multiple cray-libsci libraries
tion |      Energy      |  DIIS Metric   | Fock Time (s) | DIIS Time (s)
----------+------------------+----------------+---------------+--------------
    1     | -1379.3880120650 |   8.6195e+02   |    1.1878     |    0.4778
    2     | -1369.9465873080 |   3.1959e+00   |    1.0662     |    0.1934
    3     | -1369.4580742290 |   4.9927e+00   |    1.0101     |    0.1679
    4     | -1370.7505608645 |   1.7824e-01   |    0.9263     |    0.2433
    5     | -1370.7791912048 |   7.6033e-02   |    0.9276     |    0.2502
    6     | -1370.7981197784 |   7.3040e-03   |    1.0663     |    0.2455
    7     | -1370.7988517333 |   4.4255e-03   |    1.0581     |    0.3246
    8     | -1370.8000688263 |   1.2052e-03   |    0.9747     |    0.2049
    9     | -1370.8004613027 |   1.0168e-04   |    0.8916     |    0.2059
   10     | -1370.8004887625 |   1.0665e-05   |    0.9311     |    0.2429
   11     | -1370.8004911278 |   2.1052e-06   |    0.9847     |    0.1859
   12     | -1370.8004916574 |   2.4589e-07   |    1.0408     |    0.2453
   13     | -1370.8004917000 |   1.0143e-07   |    1.0553     |    0.3268
   14     | -1370.8004917274 |   3.7675e-09   |    0.7635     |    0.2969
   15     | -1370.8004917277 |   2.3918e-09   |    0.7593     |    0.2979
   16     | -1370.8004917281 |   8.1579e-10   |    0.9698     |    0.2048
   17     | -1370.8004917283 |   2.6268e-10   |    0.9813     |    0.2862
   18     | -1370.8004917284 |   7.8506e-11   |    0.8976     |    0.1854
Created 553493 / 1971216 significant shell pairs
Created 426717 / 1498176 significant shell pairs
Total number of grid points: 273518 (5065 per atom)
One electron integrals and orthogonalizer took 0.075941s
Created 426717 / 1498176 significant shell pairs
3C integrals and B formation took 1.655403s
Iteration |      Energy      |  DIIS Metric   | Fock Time (s) | DIIS Time (s)
----------+------------------+----------------+---------------+--------------
    1     | -1379.3951224632 |   8.6263e+02   |    1.1887     |    0.4776
    2     | -1369.9454838737 |   3.2143e+00   |    0.9751     |    0.2162
    3     | -1369.4692420700 |   4.9963e+00   |    1.0025     |    0.2092
    4     | -1370.7674876025 |   1.1886e-01   |    0.9122     |    0.1623
    5     | -1370.7851919407 |   5.8719e-02   |    0.8937     |    0.1694
    6     | -1370.7998498552 |   3.5307e-03   |    0.9850     |    0.2574
    7     | -1370.8003871808 |   1.5213e-03   |    0.8807     |    0.2307
    8     | -1370.8007771338 |   2.0608e-04   |    1.0302     |    0.2450
    9     | -1370.8008309250 |   1.3971e-05   |    0.8188     |    0.2460
   10     | -1370.8008340154 |   2.9487e-06   |    0.8283     |    0.2450
   11     | -1370.8008348011 |   1.8790e-07   |    1.0328     |    0.3259
   12     | -1370.8008348271 |   1.0358e-07   |    0.9695     |    0.2815
   13     | -1370.8008348547 |   1.2734e-08   |    0.9651     |    0.1640
   14     | -1370.8008348578 |   9.7136e-10   |    0.8926     |    0.1624
   15     | -1370.8008348580 |   2.8608e-10   |    0.9050     |    0.2419
   16     | -1370.8008348581 |   1.1490e-10   |    0.9727     |    0.2383
   17     | -1370.8008348581 |   2.3690e-11   |    1.0325     |    0.2431
Created 543036 / 1971216 significant shell pairs
Created 418987 / 1498176 significant shell pairs
Total number of grid points: 275714 (5105 per atom)
One electron integrals and orthogonalizer took 0.076787s
Created 418987 / 1498176 significant shell pairs
3C integrals and B formation took 1.657099s
Iteration |      Energy      |  DIIS Metric   | Fock Time (s) | DIIS Time (s)
----------+------------------+----------------+---------------+--------------
    1     | -1379.3848643368 |   8.6139e+02   |    1.1866     |    0.4917
    2     | -1369.9463755951 |   3.1989e+00   |    1.0635     |    0.2034
    3     | -1369.4704276689 |   4.9503e+00   |    0.9924     |    0.1682
    4     | -1370.7591633834 |   1.4852e-01   |    0.9231     |    0.2409
    5     | -1370.7822815444 |   6.7767e-02   |    0.9185     |    0.2395
    6     | -1370.7988535918 |   5.7929e-03   |    0.8849     |    0.1865
    7     | -1370.7992173775 |   4.1581e-03   |    1.0355     |    0.2507
    8     | -1370.8003860903 |   1.0854e-03   |    1.0472     |    0.3252
    9     | -1370.8007483883 |   5.6844e-05   |    0.7608     |    0.3065
   10     | -1370.8007630121 |   9.9811e-06   |    0.7552     |    0.3022
   11     | -1370.8007653651 |   1.5161e-06   |    0.9670     |    0.2046
   12     | -1370.8007657222 |   3.2010e-07   |    0.9777     |    0.2862
   13     | -1370.8007657918 |   9.0426e-08   |    0.8918     |    0.2277
   14     | -1370.8007658164 |   5.0612e-09   |    0.8264     |    0.2304
   15     | -1370.8007658174 |   1.9321e-09   |    0.8264     |    0.2312
   16     | -1370.8007658174 |   1.5522e-09   |    1.0358     |    0.2467
   17     | -1370.8007658177 |   4.4047e-10   |    1.0547     |    0.3233
   18     | -1370.8007658179 |   6.4635e-11   |    0.9729     |    0.2048
Please cite the following papers for the methods used in this calculation:
 - J.L. Galvez Vallejo et. al., Toward an extreme-scale electronic structure system, J. Chem. Phys., 2023. DOI: 10.1063/5.0156399

 - R. Stocks, E. Palethorpe, and G.M.J. Barca, Multi-GPU RI-HF Energies and Analytic Gradients ─ Toward High-Throughput Ab Initio Molecular Dynamics, J. Chem. Theory Comput., 2024. DOI: 10.1021/acs.jctc.4c00877
   For:
     * RI-HF energy

 - D.B. Williams-Young, W.A. de Jong, H.J.J. van Dam, and C. Yang, On the Efficient Evaluation of the Exchange Correlation Potential on Graphics Processing Unit Clusters, Frontiers in Chemistry, 2020. DOI: 10.3389/fchem.2020.581058
   For:
     * GauXC implementation of exchange-correlation integration

 - R. Stocks and G.M.J. Barca, Efficient Algorithms for GPU Accelerated Evaluation of the DFT Exchange-Correlation Functional, J. Chem. Theory Comput., 2025. DOI: 10.1021/acs.jctc.5c01229
   For:
     * GPU accelerated DFT exchange-correlation evaluation

 - P. A. M. Dirac.,  Math. Proc. Cambridge Philos. Soc. 26, 376 (1930) DOI: 10.1017/S0305004100016108
   For:
     * lda_x XC Functional

 - S. H. Vosko, L. Wilk, and M. Nusair.,  Can. J. Phys. 58, 1200 (1980) DOI: 10.1139/p80-159
   For:
     * lda_c_vwn XC Functional

[CRAYBLAS_WARNING] Application linked against multiple cray-libsci libraries
