Total number of grid points: 292951 (5050 per atom)
Total number of grid points: 296567 (5113 per atom)
Total number of grid points: 293196 (5055 per atom)
Total number of grid points: 289975 (4999 per atom)
Total number of grid points: 298440 (5145 per atom)
Total number of grid points: 290216 (5003 per atom)
Total number of grid points: 296071 (5104 per atom)
Total number of grid points: 295674 (5097 per atom)
Total number of grid points: 295453 (5094 per atom)
Total number of grid points: 295365 (5092 per atom)
Total number of grid points: 287378 (4954 per atom)
Total number of grid points: 298267 (5142 per atom)
Total number of grid points: 290280 (5004 per atom)
Total number of grid points: 291918 (5033 per atom)
Total number of grid points: 291796 (5030 per atom)
Total number of grid points: 288310 (4970 per atom)
Total number of grid points: 293324 (5057 per atom)
Total number of grid points: 292315 (5039 per atom)
Total number of grid points: 288889 (4980 per atom)
Total number of grid points: 298719 (5150 per atom)
[CRAYBLAS_WARNING] Application linked against multiple cray-libsci libraries
3362
   10     | -1447.5225541150 |   8.4679e-06   |    0.9258     |    0.2743
   11     | -1447.5225564947 |   4.0049e-07   |    1.1281     |    0.5529
   12     | -1447.5225565510 |   2.1061e-07   |    1.0692     |    0.2293
   13     | -1447.5225565995 |   3.9509e-08   |    1.0693     |    0.3008
   14     | -1447.5225566090 |   5.0031e-09   |    1.0586     |    0.2329
   15     | -1447.5225566102 |   8.1063e-10   |    1.0088     |    0.2092
   16     | -1447.5225566102 |   9.7811e-10   |    1.2106     |    0.2489
   17     | -1447.5225566104 |   9.3355e-11   |    1.0899     |    0.3104
Created 585091 / 2214144 significant shell pairs
Created 453280 / 1684804 significant shell pairs
Total number of grid points: 289996 (4999 per atom)
One electron integrals and orthogonalizer took 0.098378s
Created 453280 / 1684804 significant shell pairs
3C integrals and B formation took 1.812341s
Iteration |      Energy      |  DIIS Metric   | Fock Time (s) | DIIS Time (s)
----------+------------------+----------------+---------------+--------------
    1     | -1456.4846063858 |   9.0630e+02   |    1.2979     |    0.5668
    2     | -1446.5972685678 |   3.4655e+00   |    1.0891     |    0.3723
    3     | -1446.0494955964 |   5.4993e+00   |    1.3322     |    0.3718
    4     | -1447.4713313259 |   1.8045e-01   |    1.1298     |    0.6349
    5     | -1447.4988186982 |   8.1854e-02   |    1.0214     |    0.3969
    6     | -1447.5196282539 |   7.2491e-03   |    1.3714     |    0.4175
    7     | -1447.5211453916 |   1.9000e-03   |    1.2067     |    0.4124
    8     | -1447.5215610764 |   6.0137e-04   |    1.2931     |    0.3427
    9     | -1447.5217339910 |   5.3290e-05   |    0.9545     |    0.4518
   10     | -1447.5217456569 |   1.6429e-05   |    0.9993     |    0.2739
   11     | -1447.5217504918 |   1.2166e-06   |    1.3728     |    0.2700
   12     | -1447.5217507875 |   2.0060e-07   |    1.0897     |    0.2696
   13     | -1447.5217508189 |   8.5650e-08   |    1.3748     |    0.2496
   14     | -1447.5217508413 |   3.6718e-09   |    1.0816     |    0.2724
   15     | -1447.5217508419 |   1.6467e-09   |    1.0863     |    0.2959
   16     | -1447.5217508419 |   1.3747e-09   |    1.1880     |    0.4514
   17     | -1447.5217508423 |   9.8977e-11   |    1.2126     |    0.2895
Created 604711 / 2214144 significant shell pairs
Created 467801 / 1684804 significant shell pairs
Total number of grid points: 291914 (5033 per atom)
One electron integrals and orthogonalizer took 0.083665s
Created 467801 / 1684804 significant shell pairs
3C integrals and B formation took 1.858715s
Iteration |      Energy      |  DIIS Metric   | Fock Time (s) | DIIS Time (s)
----------+------------------+----------------+---------------+--------------
    1     | -1456.4803309601 |   9.0839e+02   |    1.4243     |    0.3502
    2     | -1446.5856295510 |   3.4599e+00   |    1.1777     |    0.2746
    3     | -1446.0218551966 |   5.5390e+00   |    1.4138     |    0.3142
    4     | -1447.4420480148 |   2.3523e-01   |    0.9772     |    0.3544
    5     | -1447.4788043492 |   1.0921e-01   |    1.0900     |    0.2905
    6     | -1447.5068101616 |   8.8895e-03   |    1.4148     |    0.3504
    7     | -1447.5086078856 |   2.1848e-03   |    1.1773     |    0.2728
    8     | -1447.5090270798 |   7.9865e-04   |    1.2942     |    0.3422
    9     | -1447.5092425353 |   7.6084e-05   |    0.9356     |    0.4725
   10     | -1447.5092610658 |   2.0534e-05   |    1.0003     |    0.2747
   11     | -1447.5092664294 |   4.8530e-06   |    1.3721     |    0.2701
   12     | -1447.5092678599 |   3.6947e-07   |    1.1102     |    0.2498
   13     | -1447.5092679123 |   1.9092e-07   |    1.3744     |    0.2503
   14     | -1447.5092679647 |   9.4655e-09   |    1.0833     |    0.2725
   15     | -1447.5092679659 |   5.2984e-09   |    1.0866     |    0.2963
   16     | -1447.5092679669 |   1.6906e-09   |    1.1879     |    0.4507
   17     | -1447.5092679674 |   2.5297e-10   |    1.2136     |    0.2904
   18     | -1447.5092679674 |   1.6464e-10   |    1.4143     |    0.2680
   19     | -1447.5092679674 |   3.9464e-11   |    0.9380     |    0.2563
Created 605900 / 2214144 significant shell pairs
Created 468598 / 1684804 significant shell pairs
Total number of grid points: 294942 (5085 per atom)
One electron integrals and orthogonalizer took 0.124329s
Created 468598 / 1684804 significant shell pairs
3C integrals and B formation took 1.829642s
Iteration |      Energy      |  DIIS Metric   | Fock Time (s) | DIIS Time (s)
----------+------------------+----------------+---------------+--------------
    1     | -1456.4926207503 |   9.1026e+02   |    1.2897     |    0.4366
    2     | -1446.5880123300 |   3.4770e+00   |    1.2186     |    0.5178
    3     | -1446.0220715981 |   5.5831e+00   |    1.1862     |    0.3561
    4     | -1447.4590920081 |   1.8656e-01   |    1.2078     |    0.3747
    5     | -1447.4785044372 |   1.1833e-01   |    1.0097     |    0.4353
    6     | -1447.5100847520 |   1.2801e-02   |    1.3093     |    0.4769
    7     | -1447.5132792271 |   2.6844e-03   |    1.3731     |    0.4175
    8     | -1447.5140153029 |   5.6004e-04   |    1.2075     |    0.3306
    9     | -1447.5141582287 |   6.4790e-05   |    1.1294     |    0.2507
   10     | -1447.5141732572 |   1.3043e-05   |    1.0661     |    0.4142
   11     | -1447.5141766451 |   1.6071e-06   |    1.2462     |    0.3994
   12     | -1447.5141770453 |   2.1652e-07   |    1.4152     |    0.2703
   13     | -1447.5141770836 |   8.7199e-08   |    1.1843     |    0.3371
   14     | -1447.5141771078 |   5.7547e-09   |    1.1460     |    0.2920
   15     | -1447.5141771087 |   2.8529e-09   |    0.9461     |    0.4143
   16     | -1447.5141771090 |   1.3029e-09   |    1.3543     |    0.2900
   17     | -1447.5141771094 |   1.5067e-10   |    1.4154     |    0.2701
   18     | -1447.5141771094 |   5.1384e-11   |    1.1817     |    0.3371
Created 567476 / 2214144 significant shell pairs
Created 438434 / 1684804 significant shell pairs
Total number of grid points: 294200 (5072 per atom)
One electron integrals and orthogonalizer took 0.083494s
Created 438434 / 1684804 significant shell pairs
3C integrals and B formation took 1.843112s
Iteration |      Energy      |  DIIS Metric   | Fock Time (s) | DIIS Time (s)
----------+------------------+----------------+---------------+--------------
    1     | -1456.4805774635 |   9.0558e+02   |    1.3306     |    0.3737
    2     | -1446.5981658000 |   3.4623e+00   |    1.3714     |    0.2681
    3     | -1446.0615481867 |   5.4387e+00   |    1.0304     |    0.2498
    4     | -1447.4730300963 |   1.7046e-01   |    1.1985     |    0.2161
    5     | -1447.5004480262 |   7.6090e-02   |    0.9279     |    0.2731
    6     | -1447.5196292943 |   5.8339e-03   |    1.3725     |    0.2507
    7     | -1447.5205233066 |   2.6323e-03   |    1.3131     |    0.4753
    8     | -1447.5212149982 |   6.8507e-04   |    1.2125     |    0.2896
    9     | -1447.5214259643 |   2.9958e-05   |    1.2115     |    0.2705
   10     | -1447.5214319136 |   1.0020e-05   |    0.9386     |    0.2580
   11     | -1447.5214345537 |   1.0922e-06   |    1.3147     |    0.2283
   12     | -1447.5214347924 |   2.5869e-07   |    1.2120     |    0.3304
   13     | -1447.5214348442 |   7.7551e-08   |    1.2939     |    0.3308
   14     | -1447.5214348643 |   3.1481e-09   |    0.9995     |    0.3372
   15     | -1447.5214348648 |   1.3834e-09   |    1.0110     |    0.2447
   16     | -1447.5214348649 |   7.9232e-10   |    1.1999     |    0.3307
   17     | -1447.5214348651 |   1.1590e-10   |    1.0904     |    0.2901
   18     | -1447.5214348651 |   3.7888e-11   |    1.3699     |    0.2154
Created 563013 / 2214144 significant shell pairs
Created 434993 / 1684804 significant shell pairs
Total number of grid points: 297259 (5125 per atom)
One electron integrals and orthogonalizer took 0.173993s
Created 434993 / 1684804 significant shell pairs
3C integrals and B formation took 1.799650s
Iteration |      Energy      |  DIIS Metric   | Fock Time (s) | DIIS Time (s)
----------+------------------+----------------+---------------+--------------
    1     | -1456.4696139223 |   9.0424e+02   |    1.1825     |    0.3555
    2     | -1446.5933391263 |   3.4509e+00   |    1.2921     |    0.3318
    3     | -1446.0545407036 |   5.4248e+00   |    1.2912     |    0.3303
    4     | -1447.4650768832 |   1.8457e-01   |    1.0899     |    0.2899
    5     | -1447.4980951067 |   6.8034e-02   |    1.1252     |    0.2330
    6     | -1447.5149950798 |   5.0881e-03   |    1.0901     |    0.3135
    7     | -1447.5158719102 |   1.8735e-03   |    1.3296     |    0.2738
    8     | -1447.5162644633 |   6.7197e-04   |    1.3118     |    0.3375
    9     | -1447.5164741279 |   3.0640e-05   |    1.0087     |    0.2447
   10     | -1447.5164800116 |   1.2297e-05   |    0.9063     |    0.3382
   11     | -1447.5164835239 |   8.7307e-07   |    1.2285     |    0.2492
   12     | -1447.5164836940 |   2.8334e-07   |    1.3725     |    0.2713
   13     | -1447.5164837567 |   7.1315e-08   |    1.0295     |    0.2498
   14     | -1447.5164837748 |   2.6430e-09   |    1.1902     |    0.2157
   15     | -1447.5164837751 |   1.3988e-09   |    0.9250     |    0.2723
   16     | -1447.5164837753 |   7.9302e-10   |    1.3303     |    0.2563
   17     | -1447.5164837755 |   8.6159e-11   |    1.3280     |    0.3376
Created 578335 / 2214144 significant shell pairs
Created 446884 / 1684804 significant shell pairs
Total number of grid points: 292615 (5045 per atom)
One electron integrals and orthogonalizer took 0.083171s
Created 446884 / 1684804 significant shell pairs
3C integrals and B formation took 2.174197s
Iteration |      Energy      |  DIIS Metric   | Fock Time (s) | DIIS Time (s)
----------+------------------+----------------+---------------+--------------
    1     | -1456.4769515638 |   9.0667e+02   |    1.1083     |    0.2959
    2     | -1446.5931914445 |   3.4453e+00   |    1.3619     |    0.2155
    3     | -1446.0625649771 |   5.3931e+00   |    1.1689     |    0.3542
    4     | -1447.4646417500 |   1.7491e-01   |    1.0779     |    0.2556
    5     | -1447.4930074953 |   7.8006e-02   |    1.0644     |    0.2502
    6     | -1447.5128245284 |   4.7279e-03   |    1.2939     |    0.4311
    7     | -1447.5136493191 |   1.6169e-03   |    1.1906     |    0.3548
    8     | -1447.5139996234 |   4.1564e-04   |    1.1019     |    0.2543
    9     | -1447.5141129127 |   3.0081e-05   |    1.1558     |    0.2178
   10     | -1447.5141178363 |   1.3548e-05   |    1.0044     |    0.2564
   11     | -1447.5141219614 |   1.4303e-06   |    1.3256     |    0.2977
   12     | -1447.5141223330 |   2.7999e-07   |    1.3273     |    0.3372
   13     | -1447.5141223936 |   8.0335e-08   |    1.2297     |    0.2503
   14     | -1447.5141224138 |   5.9206e-09   |    1.0734     |    0.2731
   15     | -1447.5141224149 |   1.9343e-09   |    1.0902     |    0.2898
   16     | -1447.5141224152 |   9.5986e-10   |    1.3684     |    0.2153
   17     | -1447.5141224154 |   1.1443e-10   |    1.1746     |    0.3370
   18     | -1447.5141224155 |   5.6284e-11   |    1.2639     |    0.3371
Created 630845 / 2214144 significant shell pairs
Created 488307 / 1684804 significant shell pairs
Total number of grid points: 283345 (4885 per atom)
One electron integrals and orthogonalizer took 0.083821s
Created 488307 / 1684804 significant shell pairs
3C integrals and B formation took 1.877188s
Iteration |      Energy      |  DIIS Metric   | Fock Time (s) | DIIS Time (s)
----------+------------------+----------------+---------------+--------------
    1     | -1456.4883966187 |   9.1203e+02   |    1.3629     |    0.3771
    2     | -1446.5735310721 |   3.4531e+00   |    1.1663     |    0.2507
    3     | -1445.9930686664 |   5.6314e+00   |    1.3334     |    0.2730
    4     | -1447.4313959022 |   2.2927e-01   |    1.0947     |    0.3372
    5     | -1447.4670198873 |   1.0152e-01   |    1.1486     |    0.2895
    6     | -1447.4919336646 |   1.1137e-02   |    1.1868     |    0.4347
    7     | -1447.4941284891 |   3.1885e-03   |    1.2138     |    0.2900
    8     | -1447.4947822254 |   1.1291e-03   |    1.4147     |    0.2695
    9     | -1447.4951091565 |   1.3497e-04   |    1.0885     |    0.3371
   10     | -1447.4951456881 |   2.2141e-05   |    1.1489     |    0.2490
   11     | -1447.4951512738 |   4.3892e-06   |    1.3067     |    0.4394
   12     | -1447.4951524656 |   4.3426e-07   |    1.2126     |    0.2903
   13     | -1447.4951525353 |   2.0656e-07   |    1.4145     |    0.2695
   14     | -1447.4951525927 |   1.2851e-08   |    1.0884     |    0.3371
   15     | -1447.4951525949 |   4.8307e-09   |    1.1492     |    0.2488
   16     | -1447.4951525957 |   1.8167e-09   |    1.3073     |    0.4384
   17     | -1447.4951525961 |   4.2853e-10   |    1.2137     |    0.2895
   18     | -1447.4951525962 |   2.0052e-10   |    1.4154     |    0.2673
   19     | -1447.4951525963 |   4.3437e-11   |    1.0905     |    0.3372
Created 626908 / 2214144 significant shell pairs
Created 485132 / 1684804 significant shell pairs
Total number of grid points: 296824 (5117 per atom)
One electron integrals and orthogonalizer took 0.084138s
Created 485132 / 1684804 significant shell pairs
3C integrals and B formation took 2.036016s
Iteration |      Energy      |  DIIS Metric   | Fock Time (s) | DIIS Time (s)
----------+------------------+----------------+---------------+--------------
    1     | -1456.4912873017 |   9.1232e+02   |    1.4426     |    0.2960
    2     | -1446.5782379496 |   3.4519e+00   |    1.4079     |    0.2660
    3     | -1446.0039852608 |   5.5889e+00   |    1.2350     |    0.3303
    4     | -1447.4380545852 |   2.1922e-01   |    1.2119     |    0.3313
    5     | -1447.4708672835 |   1.0141e-01   |    1.0492     |    0.4520
    6     | -1447.4950969832 |   1.5981e-02   |    1.2126     |    0.2903
    7     | -1447.4991686117 |   3.0277e-03   |    1.4143     |    0.2734
    8     | -1447.4999354015 |   8.6596e-04   |    1.2455     |    0.2729
    9     | -1447.5001733495 |   6.7608e-05   |    1.1312     |    0.2898
   10     | -1447.5001883152 |   1.6760e-05   |    0.9523     |    0.4144
   11     | -1447.5001924752 |   2.8439e-06   |    1.3541     |    0.2904
   12     | -1447.5001932127 |   2.9782e-07   |    1.4146     |    0.2704
   13     | -1447.5001932551 |   1.4877e-07   |    1.2319     |    0.3307=======================================================
                 SVWN5 Energy Results                  
=======================================================
E SVWN5               : -1447.5001933
Nuclear Repulsion Energy: 3763.53226748
Electronic Energy:        -5010.74006379
XC Energy:                -200.292397
Converged:                1
# of SCF iterations:      19
SCF Time:                 32.533s

============================Created 635392 / 2214144 significant shell pairs
Created 492350 / 1684804 significant shell pairs
Total number of grid points: 291928 (5033 per atom)
One electron integrals and orthogonalizer took 0.084485s
Created 492350 / 1684804 significant shell pairs
3C integrals and B formation took 1.875495s
Iteration |      Energy      |  DIIS Metric   | Fock Time (s) | DIIS Time (s)
----------+------------------+----------------+---------------+--------------
    1     | -1456.4862278514 |   9.1072e+02   |    1.2210     |    0.3966
    2     | -1446.5843206341 |   3.4516e+00   |    1.2125     |    0.2905
    3     | -1446.0143544035 |   5.5655e+00   |    1.4143     |    0.2735
    4     | -1447.4280821247 |   2.5697e-01   |    1.0898     |    0.3370
    5     | -1447.4510298319 |   1.6706e-01   |    1.1484     |    0.2=======================================================
                 SVWN5 Energy Results                  
=======================================================
E SVWN5               : -1447.50582557
Nuclear Repulsion Energy: 3789.38274275
Electronic Energy:        -5036.59780744
XC Energy:                -200.290761
Converged:                1
# of SCF iterations:      18
SCF Time:                 30.629s

=======================================================
            Individual Calculation Summary             
=======================================================
HF Energy: -1447.5058255666167497
=======================================================


Topology 9 time: 30.825877 s, performance: SP: 0 FLOP/s, DP: 358.8 GFLOP/s
JSON file written to: json_logs/lustre_orion_chm213_scratch_ryan_dhdft_inputs_exess_exess_inputs_SVWN5_def2-TZVP_isomers_2700-2719_topology_9.json
************************************************************
*****Created 592181 / 2214144 significant shell pairs
Created 459316 / 1684804 significant shell pairs
Total number of grid points: 288242 (4969 per atom)
One electron integrals and orthogonalizer took 0.043122s
Created 459316 / 1684804 significant shell pairs
3C integrals and B formation took 1.783142s
It=======================================================
                 SVWN5 Energy Results                  
=======================================================
E SVWN5               : -1447.5195953
Nuclear Repulsion Energy: 3668.01468762
Electronic Energy:        -4915.25287983
XC Energy:                -200.281403
Converged:                1
# of SCF iterations:      18
SCF Time:                 29.966s

=======================================================
            Individual Calculation Summary             
=======================================================
HF Energy: -1447.5195953047509647
=======================================================


Topology 10 time: 30.153518 s, performance: SP: 0 FLOP/s, DP: 344.5 GFLOP/s
JSON file written to: json_logs/lustre_orion_chm213_scratch_ryan_dhdft_inputs_exess_exess_inputs_SVWN5_def2-TZVP_isomers_2700-2719_topology_10.json
************************************************************
**************** Running topology 12 of 20 *****************
************************************************************

************************************************************
**************** Beginning RI-SVWN5 energy *****************
************************************************************

=======================================================
                 SVWN5 Energy Results                  
=======================================================
E SVWN5               : -1447.52237272
Nuclear Repulsion Energy: 3589.66696345
Electronic Energy:        -4836.91489486
XC Energy:                -200.274441
Converged:                1
# of SCF iterations:      17
SCF Time:                 27.477s

=======================================================
            Individual Calculation Summary             
=======================================================
HF Energy: -1447.5223727189186320
=======================================================


Topology 11 time: 27.659675 s, performance: SP: 0 FLOP/s, DP: 358.2 GFLOP/s
JSON file written to: json_logs/lustre_orion_chm213_scratch_ryan_dhdft_inputs_exess_exess_inputs_SVWN5_def2-TZVP_isomers_2700-2719_topology_11.json
************************************************************
**************** Running topology 13 of 20 *****************
************************************************************

************************************************************
**************** Beginning RI-SVWN5 energy *****************
************************************************************

=======================================================
                 SVWN5 Energy Results                  
=======================================================
E SVWN5               : -1447.52802877
Nuclear Repulsion Energy: 3592.57264651
Electronic Energy:        -4839.81884441
XC Energy:                -200.281831
Converged:                1
# of SCF iterations:      17
SCF Time:                 27.616s

=======================================================
            Individual Calculation Summary             
=======================================================
HF Energy: -1447.5280287650700757
=======================================================


Topology 12 time: 27.803008 s, performance: SP: 0 FLOP/s, DP: 357.7 GFLOP/s
JSON file written to: json_logs/lustre_orion_chm213_scratch_ryan_dhdft_inputs_exess_exess_inputs_SVWN5_def2-TZVP_isomers_2700-2719_topology_12.json
************************************************************
**************** Running topology 14 of 20 *****************
************************************************************

************************************************************
**************** Beginning RI-SVWN5 energy *****************
************************************************************

=======================================================
                 SVWN5 Energy Results                  
=======================================================
E SVWN5               : -1447.51323596
Nuclear Repulsion Energy: 3652.5365476
Electronic Energy:        -4899.77103746
XC Energy:                -200.278746
Converged:                1
# of SCF iterations:      18
SCF Time:                 30.171s

=======================================================
            Individual Calculation Summary             
=======================================================
HF Energy: -1447.5132359612871369
=======================================================


Topology 13 time: 30.362199 s, performance: SP: 0 FLOP/s, DP: 339.7 GFLOP/s
JSON file written to: json_logs/lustre_orion_chm213_scratch_ryan_dhdft_inputs_exess_exess_inputs_SVWN5_def2-TZVP_isomers_2700-2719_topology_13.json
************************************************************
**************** Running topology 15 of 20 *****************
************************************************************

************************************************************
**************** Beginning RI-SVWN5 energy *****************
************************************************************

=======================================================
                 SVWN5 Energy Results                  
=======================================================
E SVWN5               : -1447.53000364
Nuclear Repulsion Energy: 3615.972943
Electronic Energy:        -4863.22032066
XC Energy:                -200.282626
Converged:                1
# of SCF iterations:      18
SCF Time:                 29.105s

=======================================================
            Individual Calculation Summary             
=======================================================
HF Energy: -1447.5300036419562275
=======================================================


Topology 14 time: 29.295195 s, performance: SP: 0 FLOP/s, DP: 345.2 GFLOP/s
JSON file written to: json_logs/lustre_orion_chm213_scratch_ryan_dhdft_inputs_exess_exess_inputs_SVWN5_def2-TZVP_isomers_2700-2719_topology_14.json
************************************************************
**************** Running topology 16 of 20 *****************
************************************************************

************************************************************
**************** Beginning RI-SVWN5 energy *****************
************************************************************

=======================================================
                 SVWN5 Energy Results                  
=======================================================
E SVWN5               : -1447.5239097
Nuclear Repulsion Energy: 3600.38689184
Electronic Energy:        -4847.63022055
XC Energy:                -200.280581
Converged:                1
# of SCF iterations:      17
SCF Time:                 27.666s

=======================================================
            Individual Calculation Summary             
=======================================================
HF Energy: -1447.5239096990253529
=======================================================


Topology 15 time: 27.854276 s, performance: SP: 0 FLOP/s, DP: 358.8 GFLOP/s
JSON file written to: json_logs/lustre_orion_chm213_scratch_ryan_dhdft_inputs_exess_exess_inputs_SVWN5_def2-TZVP_isomers_2700-2719_topology_15.json
************************************************************
**************** Running topology 17 of 20 *****************
************************************************************

************************************************************
**************** Beginning RI-SVWN5 energy *****************
************************************************************

=======================================================
                 SVWN5 Energy Results                  
=======================================================
E SVWN5               : -1447.50709157
Nuclear Repulsion Energy: 3629.33708916
Electronic Energy:        -4876.56756375
XC Energy:                -200.276617
Converged:                1
# of SCF iterations:      19
SCF Time:                 30.756s

=======================================================
            Individual Calculation Summary             
=======================================================
HF Energy: -1447.5070915681360475
=======================================================


Topology 16 time: 30.951125 s, performance: SP: 0 FLOP/s, DP: 331.5 GFLOP/s
JSON file written to: json_logs/lustre_orion_chm213_scratch_ryan_dhdft_inputs_exess_exess_inputs_SVWN5_def2-TZVP_isomers_2700-2719_topology_16.json
************************************************************
**************** Running topology 18 of 20 *****************
************************************************************

************************************************************
**************** Beginning RI-SVWN5 energy *****************
************************************************************

=======================================================
                 SVWN5 Energy Results                  
=======================================================
E SVWN5               : -1447.52539417
Nuclear Repulsion Energy: 3567.13599885
Electronic Energy:        -4814.38117122
XC Energy:                -200.280222
Converged:                1
# of SCF iterations:      18
SCF Time:                 28.19s

=======================================================
            Individual Calculation Summary             
=======================================================
HF Energy: -1447.5253941669427604
=======================================================


Topology 17 time: 28.380727 s, performance: SP: 0 FLOP/s, DP: 348.8 GFLOP/s
JSON file written to: json_logs/lustre_orion_chm213_scratch_ryan_dhdft_inputs_exess_exess_inputs_SVWN5_def2-TZVP_isomers_2700-2719_topology_17.json
************************************************************
**************** Running topology 19 of 20 *****************
************************************************************

************************************************************
**************** Beginning RI-SVWN5 energy *****************
************************************************************

=======================================================
                 SVWN5 Energy Results                  
=======================================================
E SVWN5               : -1447.52540392
Nuclear Repulsion Energy: 3582.69744799
Electronic Energy:        -4829.94263345
XC Energy:                -200.280218
Converged:                1
# of SCF iterations:      18
SCF Time:                 29.552s

=======================================================
            Individual Calculation Summary             
=======================================================
HF Energy: -1447.5254039166386519
=======================================================


Topology 18 time: 29.743857 s, performance: SP: 0 FLOP/s, DP: 334.4 GFLOP/s
JSON file written to: json_logs/lustre_orion_chm213_scratch_ryan_dhdft_inputs_exess_exess_inputs_SVWN5_def2-TZVP_isomers_2700-2719_topology_18.json
************************************************************
**************** Running topology 20 of 20 *****************
************************************************************

************************************************************
**************** Beginning RI-SVWN5 energy *****************
************************************************************

=======================================================
                 SVWN5 Energy Results                  
=======================================================
E SVWN5               : -1447.52513034
Nuclear Repulsion Energy: 3573.69087283
Electronic Energy:        -4820.93574781
XC Energy:                -200.280255
Converged:                1
# of SCF iterations:      18
SCF Time:                 28.538s

=======================================================
            Individual Calculation Summary             
=======================================================
HF Energy: -1447.5251303437605657
=======================================================


Topology 19 time: 28.731582 s, performance: SP: 0 FLOP/s, DP: 344.1 GFLOP/s
JSON file written to: json_logs/lustre_orion_chm213_scratch_ryan_dhdft_inputs_exess_exess_inputs_SVWN5_def2-TZVP_isomers_2700-2719_topology_19.json
Total flops: SP: 0 FLOPS, DP: 205.19022 TFLOPS
Performance: SP: 0 FLOP/s, DP: 340.5 GFLOP/s

Now, a word from our sponsors... 
 New proverb - 'To ask for the bathroom' meaning to find a bug in someone's code. (Zoe, 2021) 

[31mTotal processing time 602.810858 seconds[0m
[CRAYBLAS_WARNING] Application linked against multiple cray-libsci libraries
    | -1446.0542498907 |   5.5054e+00   |    1.1456     |    0.2744
    4     | -1447.4815632693 |   1.5847e-01   |    1.0600     |    0.3185
    5     | -1447.5062603098 |   6.9696e-02   |    0.9688     |    0.2507
    6     | -1447.5237092411 |   5.8419e-03   |    1.1612     |    0.2736
    7     | -1447.5248639634 |   1.7631e-03   |    1.0771     |    0.2624
    8     | -1447.5252167728 |   5.4556e-04   |    1.2849     |    0.2159
    9     | -1447.5253730251 |   6.2476e-05   |    0.9190     |    0.2977
   10     | -1447.5253889469 |   1.6584e-05   |    1.1253     |    0.2151
   11     | -1447.5253937208 |   1.5289e-06   |    1.0164     |    0.2565
   12     | -1447.5253940894 |   2.6612e-07   |    1.2436     |    0.2984
   13     | -1447.5253941391 |   1.0224e-07   |    1.3088     |    0.3907
   14     | -1447.5253941652 |   6.3184e-09   |    1.0063     |    0.2447
   15     | -1447.5253941664 |   2.0523e-09   |    0.8984     |    0.3374
   16     | -1447.5253941665 |   1.5677e-09   |    1.1432     |    0.2740
   17     | -1447.5253941669 |   1.8271e-10   |    1.1623     |    0.2741
   18     | -1447.5253941669 |   8.4020e-11   |    1.0768     |    0.2625
Created 565567 / 2214144 significant shell pairs
Created 437573 / 1684804 significant shell pairs
Total number of grid points: 293543 (5061 per atom)
One electron integrals and orthogonalizer took 0.194888s
Created 437573 / 1684804 significant shell pairs
3C integrals and B formation took 1.854577s
Iteration |      Energy      |  DIIS Metric   | Fock Time (s) | DIIS Time (s)
----------+------------------+----------------+---------------+--------------
    1     | -1456.4734783464 |   9.0229e+02   |    1.2979     |    0.4363
    2     | -1446.5973273694 |   3.4848e+00   |    1.1869     |    0.4531
    3     | -1446.0526199012 |   5.5094e+00   |    1.2111     |    0.2896
    4     | -1447.4808451718 |   1.5994e-01   |    1.1115     |    0.2336
    5     | -1447.5056320204 |   7.1124e-02   |    0.9966     |    0.2610
    6     | -1447.5236487913 |   6.0163e-03   |    1.2881     |    0.2154
    7     | -1447.5248433523 |   1.8226e-03   |    1.2088     |    0.3500
    8     | -1447.5252071577 |   6.0442e-04   |    1.2939     |    0.3310
    9     | -1447.5253813233 |   6.7337e-05   |    0.9980     |    0.3374
   10     | -1447.5253991939 |   1.5413e-05   |    1.0095     |    0.2447
   11     | -1447.5254034900 |   1.4327e-06   |    1.1994     |    0.3301
   12     | -1447.5254038285 |   2.9699e-07   |    1.0910     |    0.2897
   13     | -1447.5254038863 |   1.1062e-07   |    1.3701     |    0.2151
   14     | -1447.5254039149 |   6.2899e-09   |    0.9271     |    0.2561
   15     | -1447.5254039162 |   1.7989e-09   |    1.1330     |    0.2153
   16     | -1447.5254039161 |   1.8245e-09   |    1.2090     |    0.3500
   17     | -1447.5254039166 |   1.7086e-10   |    1.2939     |    0.3304
   18     | -1447.5254039166 |   8.5927e-11   |    1.2925     |    0.3306
Created 561842 / 2214144 significant shell pairs
Created 434717 / 1684804 significant shell pairs
Total number of grid points: 287258 (4952 per atom)
One electron integrals and orthogonalizer took 0.083507s
Created 434717 / 1684804 significant shell pairs
3C integrals and B formation took 1.933500s
Iteration |      Energy      |  DIIS Metric   | Fock Time (s) | DIIS Time (s)
----------+------------------+----------------+---------------+--------------
    1     | -1456.4735179403 |   9.0237e+02   |    1.1015     |    0.2966
    2     | -1446.5974124177 |   3.4835e+00   |    1.3583     |    0.2161
    3     | -1446.0462198964 |   5.5406e+00   |    1.0100     |    0.2755
    4     | -1447.4793750251 |   1.6812e-01   |    1.1118     |    0.2341
    5     | -1447.5094132094 |   5.8764e-02   |    1.0477     |    0.2504
    6     | -1447.5239256202 |   4.1858e-03   |    1.1665     |    0.2565
    7     | -1447.5245704572 |   1.7894e-03   |    1.3093     |    0.3945
    8     | -1447.5249475819 |   5.5605e-04   |    1.1434     |    0.2751
    9     | -1447.5251184739 |   3.4681e-05   |    1.0686     |    0.2730
   10     | -1447.5251253558 |   1.5533e-05   |    1.0905     |    0.2902
   11     | -1447.5251300435 |   1.0751e-06   |    1.3668     |    0.2307
   12     | -1447.5251302814 |   2.2421e-07   |    1.1618     |    0.3374
   13     | -1447.5251303255 |   6.7999e-08   |    1.1019     |    0.2559
   14     | -1447.5251303425 |   4.1619e-09   |    1.0053     |    0.2725
   15     | -1447.5251303434 |   1.3983e-09   |    1.0762     |    0.2965
   16     | -1447.5251303435 |   7.8074e-10   |    1.1314     |    0.3374
   17     | -1447.5251303437 |   1.1390e-10   |    1.1434     |    0.2755
   18     | -1447.5251303438 |   4.5727e-11   |    1.1640     |    0.2742
Please cite the following papers for the methods used in this calculation:
 - J.L. Galvez Vallejo et. al., Toward an extreme-scale electronic structure system, J. Chem. Phys., 2023. DOI: 10.1063/5.0156399

 - R. Stocks, E. Palethorpe, and G.M.J. Barca, Multi-GPU RI-HF Energies and Analytic Gradients ─ Toward High-Throughput Ab Initio Molecular Dynamics, J. Chem. Theory Comput., 2024. DOI: 10.1021/acs.jctc.4c00877
   For:
     * RI-HF energy

 - D.B. Williams-Young, W.A. de Jong, H.J.J. van Dam, and C. Yang, On the Efficient Evaluation of the Exchange Correlation Potential on Graphics Processing Unit Clusters, Frontiers in Chemistry, 2020. DOI: 10.3389/fchem.2020.581058
   For:
     * GauXC implementation of exchange-correlation integration

 - R. Stocks and G.M.J. Barca, Efficient Algorithms for GPU Accelerated Evaluation of the DFT Exchange-Correlation Functional, J. Chem. Theory Comput., 2025. DOI: 10.1021/acs.jctc.5c01229
   For:
     * GPU accelerated DFT exchange-correlation evaluation

 - P. A. M. Dirac.,  Math. Proc. Cambridge Philos. Soc. 26, 376 (1930) DOI: 10.1017/S0305004100016108
   For:
     * lda_x XC Functional

 - S. H. Vosko, L. Wilk, and M. Nusair.,  Can. J. Phys. 58, 1200 (1980) DOI: 10.1139/p80-159
   For:
     * lda_c_vwn XC Functional

[CRAYBLAS_WARNING] Application linked against multiple cray-libsci libraries
