Total number of grid points: 350050 (5147 per atom)
Total number of grid points: 343421 (5050 per atom)
Total number of grid points: 339612 (4994 per atom)
Total number of grid points: 342811 (5041 per atom)
Total number of grid points: 346976 (5102 per atom)
Total number of grid points: 340784 (5011 per atom)
Total number of grid points: 340494 (5007 per atom)
Total number of grid points: 341834 (5026 per atom)
Total number of grid points: 343513 (5051 per atom)
Total number of grid points: 344668 (5068 per atom)
Total number of grid points: 350710 (5157 per atom)
Total number of grid points: 343344 (5049 per atom)
Total number of grid points: 340109 (5001 per atom)
Total number of grid points: 345785 (5085 per atom)
Total number of grid points: 343788 (5055 per atom)
Total number of grid points: 349501 (5139 per atom)
Total number of grid points: 339673 (4995 per atom)
Total number of grid points: 343409 (5050 per atom)
Total number of grid points: 343938 (5057 per atom)
Total number of grid points: 347093 (5104 per atom)
[CRAYBLAS_WARNING] Application linked against multiple cray-libsci libraries
5536
   10     | -1676.5273407449 |   3.7348e-05   |    1.6241     |    0.3840
   11     | -1676.5273486165 |   9.3558e-06   |    1.9602     |    0.6346
   12     | -1676.5273508592 |   1.1889e-06   |    1.9198     |    0.3483
   13     | -1676.5273509966 |   7.4154e-07   |    1.7605     |    0.3928
   14     | -1676.5273512096 |   5.2644e-08   |    1.3954     |    0.3925
   15     | -1676.5273512111 |   5.0107e-08   |    1.3958     |    0.3928
   16     | -1676.5273512237 |   3.5395e-09   |    1.5977     |    0.3930
   17     | -1676.5273512245 |   4.5582e-10   |    1.6795     |    0.3940
   18     | -1676.5273512246 |   2.8196e-10   |    1.6387     |    0.4345
   19     | -1676.5273512246 |   1.0758e-10   |    1.5168     |    0.3927
   20     | -1676.5273512246 |   1.0588e-11   |    1.3955     |    0.3927
Created 787408 / 2985984 significant shell pairs
Created 612581 / 2274064 significant shell pairs
Total number of grid points: 345750 (5084 per atom)
One electron integrals and orthogonalizer took 0.139514s
Created 612581 / 2274064 significant shell pairs
3C integrals and B formation took 3.040967s
Iteration |      Energy      |  DIIS Metric   | Fock Time (s) | DIIS Time (s)
----------+------------------+----------------+---------------+--------------
    1     | -1686.8487418033 |   1.0526e+03   |    1.6117     |    0.6715
    2     | -1675.4293725470 |   4.1213e+00   |    1.7760     |    0.6274
    3     | -1674.6093129140 |   7.1133e+00   |    1.5163     |    0.6351
    4     | -1676.3128805889 |   6.7333e-01   |    1.7188     |    0.5641
    5     | -1676.4584326164 |   2.2466e-01   |    1.4679     |    0.6704
    6     | -1676.5209355493 |   1.8139e-02   |    1.5813     |    0.7732
    7     | -1676.5241615629 |   6.0471e-03   |    1.9225     |    0.5661
    8     | -1676.5254753624 |   1.6074e-03   |    1.4648     |    0.5558
    9     | -1676.5258808378 |   9.9961e-05   |    1.7498     |    0.4243
   10     | -1676.5259017467 |   2.7519e-05   |    1.5152     |    0.4737
   11     | -1676.5259087379 |   4.5274e-06   |    1.5853     |    0.6469
   12     | -1676.5259099952 |   3.7544e-07   |    1.5606     |    0.4702
   13     | -1676.5259100751 |   1.1370e-07   |    1.6409     |    0.3899
   14     | -1676.5259100924 |   4.5220e-08   |    1.5955     |    0.4332
   15     | -1676.5259101027 |   1.2687e-08   |    1.5564     |    0.4760
   16     | -1676.5259101061 |   1.0639e-09   |    1.4744     |    0.5561
   17     | -1676.5259101063 |   1.1094e-10   |    1.8000     |    0.4735
   18     | -1676.5259101063 |   1.0610e-10   |    1.6018     |    0.4310
   19     | -1676.5259101064 |   2.3062e-11   |    1.4902     |    0.5061
Created 788438 / 2985984 significant shell pairs
Created 612600 / 2274064 significant shell pairs
Total number of grid points: 340287 (5004 per atom)
One electron integrals and orthogonalizer took 0.101000s
Created 612600 / 2274064 significant shell pairs
3C integrals and B formation took 2.694826s
Iteration |      Energy      |  DIIS Metric   | Fock Time (s) | DIIS Time (s)
----------+------------------+----------------+---------------+--------------
    1     | -1686.8579769262 |   1.0542e+03   |    1.7874     |    0.6298
    2     | -1675.4327991815 |   4.1236e+00   |    1.7535     |    0.3773
    3     | -1674.5730621693 |   7.2595e+00   |    1.4323     |    0.4654
    4     | -1676.2680318251 |   8.4118e-01   |    1.7995     |    0.5108
    5     | -1676.4643957637 |   2.1866e-01   |    1.3156     |    0.4706
    6     | -1676.5236697244 |   2.2000e-02   |    1.5595     |    0.6734
    7     | -1676.5280027602 |   5.8879e-03   |    1.5497     |    0.4799
    8     | -1676.5292475858 |   1.7127e-03   |    1.6314     |    0.3836
    9     | -1676.5296900210 |   1.0691e-04   |    1.5400     |    0.4646
   10     | -1676.5297112164 |   3.3066e-05   |    1.5568     |    0.4757
   11     | -1676.5297194367 |   4.6794e-06   |    1.4735     |    0.5555
   12     | -1676.5297206717 |   4.7685e-07   |    1.7498     |    0.4245
   13     | -1676.5297207722 |   1.3897e-07   |    1.5478     |    0.3840
   14     | -1676.5297207632 |   1.5875e-07   |    1.4358     |    0.5961
   15     | -1676.5297208079 |   1.7516e-08   |    1.5436     |    0.3427
   16     | -1676.5297208121 |   2.1339e-09   |    1.6290     |    0.4002
   17     | -1676.5297208127 |   1.7558e-10   |    1.8672     |    0.4649
   18     | -1676.5297208127 |   2.0485e-10   |    1.7488     |    0.3673
   19     | -1676.5297208127 |   4.5153e-11   |    1.1946     |    0.3852
Created 789147 / 2985984 significant shell pairs
Created 612791 / 2274064 significant shell pairs
Total number of grid points: 346397 (5094 per atom)
One electron integrals and orthogonalizer took 0.140548s
Created 612791 / 2274064 significant shell pairs
3C integrals and B formation took 3.116323s
Iteration |      Energy      |  DIIS Metric   | Fock Time (s) | DIIS Time (s)
----------+------------------+----------------+---------------+--------------
    1     | -1686.8713686833 |   1.0556e+03   |    1.6008     |    0.6761
    2     | -1675.4385658952 |   4.1414e+00   |    1.7707     |    0.6276
    3     | -1674.5884375941 |   7.2918e+00   |    1.5978     |    0.5926
    4     | -1676.3227129509 |   7.1131e-01   |    1.6797     |    0.5651
    5     | -1676.4761709924 |   2.1084e-01   |    1.4683     |    0.6706
    6     | -1676.5323063887 |   1.9201e-02   |    1.5870     |    0.7693
    7     | -1676.5360267459 |   5.4839e-03   |    1.9218     |    0.5722
    8     | -1676.5371321134 |   1.6456e-03   |    1.4579     |    0.5555
    9     | -1676.5375388049 |   1.3246e-04   |    1.7454     |    0.4246
   10     | -1676.5375707634 |   2.5416e-05   |    1.5155     |    0.4743
   11     | -1676.5375772837 |   4.0543e-06   |    1.5907     |    0.6402
   12     | -1676.5375783709 |   3.6969e-07   |    1.7198     |    0.5152
   13     | -1676.5375784251 |   2.0311e-07   |    1.5979     |    0.4340
   14     | -1676.5375784707 |   3.0766e-08   |    1.8402     |    0.3933
   15     | -1676.5375784763 |   1.2174e-08   |    1.6394     |    0.4305
   16     | -1676.5375784794 |   1.2078e-09   |    1.4282     |    0.4240
   17     | -1676.5375784797 |   1.5474e-10   |    1.6508     |    0.3441
   18     | -1676.5375784797 |   1.2776e-10   |    1.7202     |    0.3902
   19     | -1676.5375784798 |   3.5663e-11   |    1.7999     |    0.5396
Created 765576 / 2985984 significant shell pairs
Created 594539 / 2274064 significant shell pairs
Total number of grid points: 349149 (5134 per atom)
One electron integrals and orthogonalizer took 0.094769s
Created 594539 / 2274064 significant shell pairs
3C integrals and B formation took 2.778671s
Iteration |      Energy      |  DIIS Metric   | Fock Time (s) | DIIS Time (s)
----------+------------------+----------------+---------------+--------------
    1     | -1686.8523368348 |   1.0521e+03   |    1.8696     |    0.5544
    2     | -1675.4351388119 |   4.1272e+00   |    1.6377     |    0.3950
    3     | -1674.6244335496 |   7.1255e+00   |    1.5496     |    0.6400
    4     | -1676.3544245803 |   5.9927e-01   |    1.4265     |    0.3856
    5     | -1676.4693230359 |   2.2032e-01   |    1.4335     |    0.3694
    6     | -1676.5282209175 |   1.8885e-02   |    1.7534     |    0.3386
    7     | -1676.5321193930 |   4.3473e-03   |    1.8292     |    0.4643
    8     | -1676.5329004354 |   1.6454e-03   |    1.4889     |    0.3800
    9     | -1676.5333311159 |   1.0201e-04   |    1.4325     |    0.5556
   10     | -1676.5333537717 |   2.5562e-05   |    1.5911     |    0.3836
   11     | -1676.5333604790 |   3.6487e-06   |    1.4756     |    0.6366
   12     | -1676.5333614547 |   3.4860e-07   |    1.6421     |    0.4687
   13     | -1676.5333615092 |   1.7054e-07   |    1.7176     |    0.3935
   14     | -1676.5333615530 |   8.0237e-09   |    1.7542     |    0.3434
   15     | -1676.5333615515 |   1.2704e-08   |    1.5141     |    0.3926
   16     | -1676.5333615551 |   8.7414e-10   |    1.4710     |    0.3439
   17     | -1676.5333615553 |   6.2155e-11   |    1.6290     |    0.3999
Created 779614 / 2985984 significant shell pairs
Created 606218 / 2274064 significant shell pairs
Total number of grid points: 351143 (5163 per atom)
One electron integrals and orthogonalizer took 0.100243s
Created 606218 / 2274064 significant shell pairs
3C integrals and B formation took 3.010701s
Iteration |      Energy      |  DIIS Metric   | Fock Time (s) | DIIS Time (s)
----------+------------------+----------------+---------------+--------------
    1     | -1686.8519725090 |   1.0525e+03   |    1.8008     |    0.5943
    2     | -1675.4335158405 |   4.1278e+00   |    1.5567     |    0.3518
    3     | -1674.6259037842 |   7.0998e+00   |    1.6373     |    0.4722
    4     | -1676.3565104469 |   5.7827e-01   |    1.5651     |    0.4240
    5     | -1676.4667021373 |   2.2553e-01   |    1.3943     |    0.3917
    6     | -1676.5264585543 |   1.9492e-02   |    1.8405     |    0.4325
    7     | -1676.5302548601 |   5.3396e-03   |    1.8816     |    0.4729
    8     | -1676.5313394578 |   1.6342e-03   |    1.4747     |    0.4340
    9     | -1676.5317737141 |   6.8251e-05   |    1.7059     |    0.4245
   10     | -1676.5317870222 |   1.9608e-05   |    1.4340     |    0.3948
   11     | -1676.5317917096 |   3.4835e-06   |    1.5598     |    0.6306
   12     | -1676.5317926618 |   3.5547e-07   |    1.6381     |    0.4738
   13     | -1676.5317927309 |   1.3210e-07   |    1.6380     |    0.4332
   14     | -1676.5317927670 |   6.7921e-09   |    1.7004     |    0.3438
   15     | -1676.5317927640 |   1.7318e-08   |    1.6769     |    0.3950
   16     | -1676.5317927687 |   6.3188e-10   |    1.4763     |    0.5925
   17     | -1676.5317927689 |   3.6662e-11   |    1.6488     |    0.3439
Created 846726 / 2985984 significant shell pairs
Created 656293 / 2274064 significant shell pairs
Total number of grid points: 344802 (5070 per atom)
One electron integrals and orthogonalizer took 0.141140s
Created 656293 / 2274064 significant shell pairs
3C integrals and B formation took 3.192380s
Iteration |      Energy      |  DIIS Metric   | Fock Time (s) | DIIS Time (s)
----------+------------------+----------------+---------------+--------------
    1     | -1686.8966127921 |   1.0632e+03   |    1.9177     |    0.5809
    2     | -1675.4284024855 |   4.1774e+00   |    1.5062     |    0.4651
    3     | -1674.4019938516 |   8.0099e+00   |    1.8672     |    0.3439
    4     | -1676.1784696756 |   1.1678e+00   |    1.5568     |    0.4741
    5     | -1676.4626877669 |   2.3999e-01   |    1.6767     |    0.4337
    6     | -1676.5234072074 |   3.4217e-02   |    1.9053     |    0.3858
    7     | -1676.5294353163 |   1.2422e-02   |    1.4982     |    0.4661
    8     | -1676.5321355153 |   3.4162e-03   |    1.8808     |    0.5152
    9     | -1676.5329745281 |   2.6608e-04   |    1.4617     |    0.3668
   10     | -1676.5330413228 |   3.3852e-05   |    1.5787     |    0.5059
   11     | -1676.5330496527 |   6.1915e-06   |    1.7413     |    0.4252
   12     | -1676.5330512754 |   7.0210e-07   |    1.6159     |    0.4143
   13     | -1676.5330514218 |   1.8358e-07   |    2.0282     |    0.3613
   14     | -1676.5330513665 |   3.4801e-07   |    1.6582     |    0.4743
   15     | -1676.5330514654 |   2.4388e-08   |    1.5570     |    0.4737
   16     | -1676.5330514704 |   5.5076e-09   |    1.7835     |    0.4238
   17     | -1676.5330514716 |   1.0763e-09   |    1.6615     |    0.3436
   18     | -1676.5330514718 |   5.7221e-10   |    1.8262     |    0.3439
   19     | -1676.5330514719 |   2.1323e-10   |    1.7005     |    0.3701
   20     | -1676.5330514719 |   2.0541e-11   |    1.3128     |    0.5554
Created 763119 / 2985984 significant shell pairs
Created 592048 / 2274064 significant shell pairs
Total number of grid points: 340792 (5011 per atom)
One electron integrals and orthogonalizer took 0.095595s
Created 592048 / 2274064 significant shell pairs
3C integrals and B formation took 2.796324s
Iteration |      Energy      |  DIIS Metric   | Fock Time (s) | DIIS Time (s)
----------+------------------+----------------+---------------+--------------
    1     | -1686.8545101465 |   1.0537e+03   |    1.4114     |    0.8667
    2     | -1675.4313909173 |   4.1120e+00   |    1.7498     |    0.3466
    3     | -1674.6557315068 |   6.9628e+00   |    1.5590     |    0.3429
    4     | -1676.3510291992 |   5.6411e-01   |    1.6368     |    0.3922
    5     | -1676.4576381715 |   2.2767e-01   |    1.3423     |    0.4247
    6     | -1676.5205537043 |   1.7424e-02   |    1.5784     |    0.3440
    7     | -1676.5239606653 |   4.6132e-03   |    1.6151     |    0.4136
    8     | -1676.5249225626 |   1.3069e-03   |    1.7399     |    0.3674
    9     | -1676.5252649050 |   7.8409e-05   |    1.1670     |    0.4759
   10     | -1676.5252806808 |   2.2688e-05   |    1.4321     |    0.5556
   11     | -1676.5252861388 |   3.5740e-06   |    1.7982     |    0.4008
   12     | -1676.5252871143 |   3.8105e-07   |    1.3713     |    0.4240
   13     | -1676.5252871912 |   1.3435e-07   |    1.6214     |    0.3664
   14     | -1676.5252872279 |   7.6044e-09   |    1.3130     |    0.4741
   15     | -1=======================================================
                 SVWN5 Energy Results                  
=======================================================
E SVWN5               : -1676.52528723
NCreated 761905 / 2985984 significant shell pairs
Created 591309 / 2274064 significant shell pairs
Total number of grid points: 345903 (5086 per atom)
One electron integrals and orthogonalizer took 0.095420s
Created 591309 / 2274064 significant shell pairs
3C integrals and B formation took 2.835698s
Iteration |      Energy      |  DIIS Metric   | Fock Time (s) | DIIS Time (s)
----------+------------------+----------------+---------------+--------------
    1     | -1686.8430677988 |   1.0520e+03   |    1.6330     |    0.3976
    2     | -1675.4271393005 |   4.1011e+00   |    1.6253     |    0.4038
    3     | -1674.6476567140 |   6.9520e+00   |    1.7495     |    0.3674
    4     | -1676.3412781403 |   5.8300e-01   |    1.1922     |    0.3856
    5     | -1676.4525123255 |   2.2920e-01   |    1.4324     |    0.5541
    6     | -1676.5156970637 |   1.8501e-02   |    1.8001     |    0.4000
    7     | -1676.5194309478 |   4.4191e-03   |    1.3787     |    0.4241
    8     | -1676.5202859204 |   1.4994e-03   |    1.6319     |    0.3978
    9     | -1=======================================================
                 SVWN5 Energy Results                  
=======================================================
E SVWN5               : -1676.5207076
Nuclear Repulsion Energy: 4712.95290763
Electronic Energy:        -6157.28058025
XC Energy:                -232.193035
Converged:                1
# of SCF iterations:      18
SCF Time:                 39.794s

=======================================================
            Individual Calculation Summary             
=======================================================
HF Energy: -1676.5207075979285491
=======================================================


Topology 8 time: 40.042225 s, performance: SP: 0 Created 880822 / 2985984 significant shell pairs
Created 683398 / 2274064 significant shell pairs
Total number of grid points: 340569 (5008 per atom)
One electron integrals and orthogonalizer took 0.170647s
Created 683398 / 2274064 significant shell pairs
3C integrals and B formation took 2.855297s
Iteration |      Energy      |  DIIS Metric   | Fock Time (s) | DIIS Time (s)
----------+------------------+----------------+---------------+--------------
    1     | -1686.8790820701 |   1.0571e+03   |    1.9530     |    0.6292
    2     | -=======================================================
                 SVWN5 Energy Results                  
=======================================================
E SVWN5               : -1676.52818236
Nuclear Repulsion Energy: 5043.73999421
Electronic Energy:        -6488.06030746
XC Energy:                -232.207869
Converged:                1
# of SCF iterations:      19
SCF Time:                 44.998s

=======================================================
            Individual Calculation Summary             
=======================================================
HF Energy: -1676.5281823625659854
=======================================================


Topology 9 time: 45.280286 s, performance: SP: 0 FLOP/s, DP: 452.3 GFLOP/s
JSON file written to: json_logs/lustre_orion_chm213_scratch_ryan_dhdft_inputs_exess_exess_inputs_SVWN5_def2-TZVP_isomers_34540-34559_topology_9.json
************************************************************
**************** Running topology 11 of 20 *****************
************************************************************

************************************************************
**************** Beginning RI-SVWN5 energy *****************
************************************************************

=======================================================
                 SVWN5 Energy Results                  
=======================================================
E SVWN5               : -1676.52877349
Nuclear Repulsion Energy: 4950.45043431
Electronic Energy:        -6394.7799835
XC Energy:                -232.199224
Converged:                1
# of SCF iterations:      19
SCF Time:                 44.352s

=======================================================
            Individual Calculation Summary             
=======================================================
HF Energy: -1676.5287734862840807
=======================================================


Topology 10 time: 44.625678 s, performance: SP: 0 FLOP/s, DP: 442.6 GFLOP/s
JSON file written to: json_logs/lustre_orion_chm213_scratch_ryan_dhdft_inputs_exess_exess_inputs_SVWN5_def2-TZVP_isomers_34540-34559_topology_10.json
************************************************************
**************** Running topology 12 of 20 *****************
************************************************************

************************************************************
**************** Beginning RI-SVWN5 energy *****************
************************************************************

=======================================================
                 SVWN5 Energy Results                  
=======================================================
E SVWN5               : -1676.53334441
Nuclear Repulsion Energy: 4905.52635488
Electronic Energy:        -6349.85855485
XC Energy:                -232.201144
Converged:                1
# of SCF iterations:      19
SCF Time:                 44.476s

=======================================================
            Individual Calculation Summary             
=======================================================
HF Energy: -1676.5333444086656982
=======================================================


Topology 11 time: 44.750507 s, performance: SP: 0 FLOP/s, DP: 433.8 GFLOP/s
JSON file written to: json_logs/lustre_orion_chm213_scratch_ryan_dhdft_inputs_exess_exess_inputs_SVWN5_def2-TZVP_isomers_34540-34559_topology_11.json
************************************************************
**************** Running topology 13 of 20 *****************
************************************************************

************************************************************
**************** Beginning RI-SVWN5 energy *****************
************************************************************

=======================================================
                 SVWN5 Energy Results                  
=======================================================
E SVWN5               : -1676.54304184
Nuclear Repulsion Energy: 4760.30101557
Electronic Energy:        -6204.65261583
XC Energy:                -232.191442
Converged:                1
# of SCF iterations:      17
SCF Time:                 38.947s

=======================================================
            Individual Calculation Summary             
=======================================================
HF Energy: -1676.5430418412920517
=======================================================


Topology 12 time: 39.207765 s, performance: SP: 0 FLOP/s, DP: 462.5 GFLOP/s
JSON file written to: json_logs/lustre_orion_chm213_scratch_ryan_dhdft_inputs_exess_exess_inputs_SVWN5_def2-TZVP_isomers_34540-34559_topology_12.json
************************************************************
**************** Running topology 14 of 20 *****************
************************************************************

************************************************************
**************** Beginning RI-SVWN5 energy *****************
************************************************************

=======================================================
                 SVWN5 Energy Results                  
=======================================================
E SVWN5               : -1676.54036455
Nuclear Repulsion Energy: 4651.78058153
Electronic Energy:        -6096.13457164
XC Energy:                -232.186374
Converged:                1
# of SCF iterations:      18
SCF Time:                 40.222s

=======================================================
            Individual Calculation Summary             
=======================================================
HF Energy: -1676.5403645502963172
=======================================================


Topology 13 time: 40.477094 s, performance: SP: 0 FLOP/s, DP: 430.3 GFLOP/s
JSON file written to: json_logs/lustre_orion_chm213_scratch_ryan_dhdft_inputs_exess_exess_inputs_SVWN5_def2-TZVP_isomers_34540-34559_topology_13.json
************************************************************
**************** Running topology 15 of 20 *****************
************************************************************

************************************************************
**************** Beginning RI-SVWN5 energy *****************
************************************************************

=======================================================
                 SVWN5 Energy Results                  
=======================================================
E SVWN5               : -1676.53893322
Nuclear Repulsion Energy: 4711.89229073
Electronic Energy:        -6156.23711291
XC Energy:                -232.194111
Converged:                1
# of SCF iterations:      18
SCF Time:                 39.658s

=======================================================
            Individual Calculation Summary             
=======================================================
HF Energy: -1676.5389332237546114
=======================================================


Topology 14 time: 39.925108 s, performance: SP: 0 FLOP/s, DP: 446.9 GFLOP/s
JSON file written to: json_logs/lustre_orion_chm213_scratch_ryan_dhdft_inputs_exess_exess_inputs_SVWN5_def2-TZVP_isomers_34540-34559_topology_14.json
************************************************************
**************** Running topology 16 of 20 *****************
************************************************************

************************************************************
**************** Beginning RI-SVWN5 energy *****************
************************************************************

=======================================================
                 SVWN5 Energy Results                  
=======================================================
E SVWN5               : -1676.53934793
Nuclear Repulsion Energy: 4726.49464488
Electronic Energy:        -6170.84148748
XC Energy:                -232.192505
Converged:                1
# of SCF iterations:      18
SCF Time:                 40.445s

=======================================================
            Individual Calculation Summary             
=======================================================
HF Energy: -1676.5393479297058548
=======================================================


Topology 15 time: 40.714969 s, performance: SP: 0 FLOP/s, DP: 440.8 GFLOP/s
JSON file written to: json_logs/lustre_orion_chm213_scratch_ryan_dhdft_inputs_exess_exess_inputs_SVWN5_def2-TZVP_isomers_34540-34559_topology_15.json
************************************************************
**************** Running topology 17 of 20 *****************
************************************************************

************************************************************
**************** Beginning RI-SVWN5 energy *****************
************************************************************

=======================================================
                 SVWN5 Energy Results                  
=======================================================
E SVWN5               : -1676.53932251
Nuclear Repulsion Energy: 4676.71049886
Electronic Energy:        -6121.06321278
XC Energy:                -232.186609
Converged:                1
# of SCF iterations:      18
SCF Time:                 40.93s

=======================================================
            Individual Calculation Summary             
=======================================================
HF Energy: -1676.5393225083030302
=======================================================


Topology 16 time: 41.191124 s, performance: SP: 0 FLOP/s, DP: 427.4 GFLOP/s
JSON file written to: json_logs/lustre_orion_chm213_scratch_ryan_dhdft_inputs_exess_exess_inputs_SVWN5_def2-TZVP_isomers_34540-34559_topology_16.json
************************************************************
**************** Running topology 18 of 20 *****************
************************************************************

************************************************************
**************** Beginning RI-SVWN5 energy *****************
************************************************************

=======================================================
                 SVWN5 Energy Results                  
=======================================================
E SVWN5               : -1676.53910538
Nuclear Repulsion Energy: 4741.067032
Electronic Energy:        -6185.41875919
XC Energy:                -232.187378
Converged:                1
# of SCF iterations:      18
SCF Time:                 41.002s

=======================================================
            Individual Calculation Summary             
=======================================================
HF Energy: -1676.5391053761554758
=======================================================


Topology 17 time: 41.275168 s, performance: SP: 0 FLOP/s, DP: 436.9 GFLOP/s
JSON file written to: json_logs/lustre_orion_chm213_scratch_ryan_dhdft_inputs_exess_exess_inputs_SVWN5_def2-TZVP_isomers_34540-34559_topology_17.json
************************************************************
**************** Running topology 19 of 20 *****************
************************************************************

************************************************************
**************** Beginning RI-SVWN5 energy *****************
************************************************************

=======================================================
                 SVWN5 Energy Results                  
=======================================================
E SVWN5               : -1676.5386485
Nuclear Repulsion Energy: 4875.6315202
Electronic Energy:        -6319.9714235
XC Energy:                -232.198745
Converged:                1
# of SCF iterations:      17
SCF Time:                 40.237s

=======================================================
            Individual Calculation Summary             
=======================================================
HF Energy: -1676.5386484970749734
=======================================================


Topology 18 time: 40.526159 s, performance: SP: 0 FLOP/s, DP: 468.8 GFLOP/s
JSON file written to: json_logs/lustre_orion_chm213_scratch_ryan_dhdft_inputs_exess_exess_inputs_SVWN5_def2-TZVP_isomers_34540-34559_topology_18.json
************************************************************
**************** Running topology 20 of 20 *****************
************************************************************

************************************************************
**************** Beginning RI-SVWN5 energy *****************
************************************************************

=======================================================
                 SVWN5 Energy Results                  
=======================================================
E SVWN5               : -1676.54198723
Nuclear Repulsion Energy: 4680.53564959
Electronic Energy:        -6124.88106568
XC Energy:                -232.196571
Converged:                1
# of SCF iterations:      17
SCF Time:                 38.466s

=======================================================
            Individual Calculation Summary             
=======================================================
HF Energy: -1676.5419872339959966
=======================================================


Topology 19 time: 38.736404 s, performance: SP: 0 FLOP/s, DP: 451.7 GFLOP/s
JSON file written to: json_logs/lustre_orion_chm213_scratch_ryan_dhdft_inputs_exess_exess_inputs_SVWN5_def2-TZVP_isomers_34540-34559_topology_19.json
Total flops: SP: 0 FLOPS, DP: 372.15467 TFLOPS
Performance: SP: 0 FLOP/s, DP: 437 GFLOP/s

Now, a word from our sponsors... 
 Kenyan coffee tends to taste like tomato

[31mTotal processing time 851.922723 seconds[0m
[CRAYBLAS_WARNING] Application linked against multiple cray-libsci libraries
reated 766145 / 2985984 significant shell pairs
Created 597243 / 2274064 significant shell pairs
Total number of grid points: 341847 (5027 per atom)
One electron integrals and orthogonalizer took 0.175369s
Created 597243 / 2274064 significant shell pairs
3C integrals and B formation took 3.011434s
Iteration |      Energy      |  DIIS Metric   | Fock Time (s) | DIIS Time (s)
----------+------------------+----------------+---------------+--------------
    1     | -1686.8351799619 |   1.0457e+03   |    1.4787     |    0.5546
    2     | -1675.4509056468 |   4.0794e+00   |    1.6321     |    0.4247
    3     | -1674.7637767459 |   6.5763e+00   |    1.5919     |    0.4376
    4     | -1676.4375332222 |   3.2856e-01   |    1.4828     |    0.5063
    5     | -1676.4853600359 |   1.7963e-01   |    1.5629     |    0.4654
    6     | -1676.5355711344 |   1.3103e-02   |    1.6305     |    0.3931
    7     | -1676.5382195276 |   3.0007e-03   |    1.6338     |    0.4829
    8     | -1676.5387907020 |   1.1127e-03   |    1.8306     |    0.3838
    9     | -1676.5390929464 |   4.3599e-05   |    1.1510     |    0.5560
   10     | -1676.5391011680 |   1.5172e-05   |    1.7371     |    0.4248
   11     | -1676.5391050477 |   1.1288e-06   |    1.5489     |    0.3843
   12     | -1676.5391053027 |   2.4138e-07   |    1.5563     |    0.4737
   13     | -1676.5391053527 |   8.4050e-08   |    1.7545     |    0.4775
   14     | -1676.5391053742 |   6.6202e-09   |    1.3946     |    0.3928
   15     | -1676.5391053738 |   7.5690e-09   |    1.6912     |    0.3386
   16     | -1676.5391053761 |   3.1692e-10   |    1.7531     |    0.4647
   17     | -1676.5391053761 |   1.1987e-10   |    1.4277     |    0.3857
   18     | -1676.5391053762 |   2.7223e-11   |    1.7925     |    0.3840
Created 817529 / 2985984 significant shell pairs
Created 635624 / 2274064 significant shell pairs
Total number of grid points: 344706 (5069 per atom)
One electron integrals and orthogonalizer took 0.142579s
Created 635624 / 2274064 significant shell pairs
3C integrals and B formation took 3.320352s
Iteration |      Energy      |  DIIS Metric   | Fock Time (s) | DIIS Time (s)
----------+------------------+----------------+---------------+--------------
    1     | -1686.8602946786 |   1.0512e+03   |    1.6893     |    0.5132
    2     | -1675.4428229605 |   4.1294e+00   |    1.5974     |    0.4334
    3     | -1674.6091877827 |   7.1943e+00   |    2.0027     |    0.4107
    4     | -1676.3219834138 |   6.8787e-01   |    1.6577     |    0.4731
    5     | -1676.4746733195 |   2.1137e-01   |    1.4667     |    0.5058
    6     | -1676.5319755819 |   2.3585e-02   |    1.7725     |    0.4240
    7     | -1676.5366221494 |   6.6704e-03   |    1.6519     |    0.3437
    8     | -1676.5381559051 |   1.7992e-03   |    1.7189     |    0.3932
    9     | -1676.5385996471 |   1.7427e-04   |    1.6517     |    0.3675
   10     | -1676.5386409499 |   2.6972e-05   |    1.2883     |    0.5561
   11     | -1676.5386474665 |   3.6256e-06   |    1.8790     |    0.5153
   12     | -1676.5386483745 |   4.1924e-07   |    1.5568     |    0.3527
   13     | -1676.5386484527 |   1.6419e-07   |    1.6371     |    0.4739
   14     | -1676.5386484897 |   2.4261e-08   |    1.5727     |    0.4242
   15     | -1676.5386484940 |   1.0780e-08   |    1.4146     |    0.3433
   16     | -1676.5386484967 |   1.3756e-09   |    1.8409     |    0.4334
   17     | -1676.5386484971 |   9.2711e-11   |    1.8813     |    0.4741
Created 746192 / 2985984 significant shell pairs
Created 580823 / 2274064 significant shell pairs
Total number of grid points: 341245 (5018 per atom)
One electron integrals and orthogonalizer took 0.135268s
Created 580823 / 2274064 significant shell pairs
3C integrals and B formation took 3.042182s
Iteration |      Energy      |  DIIS Metric   | Fock Time (s) | DIIS Time (s)
----------+------------------+----------------+---------------+--------------
    1     | -1686.8459618219 |   1.0472e+03   |    1.7043     |    0.5107
    2     | -1675.4498596816 |   4.1103e+00   |    1.4705     |    0.5562
    3     | -1674.7681716959 |   6.6505e+00   |    1.7418     |    0.4246
    4     | -1676.4686768399 |   2.4568e-01   |    1.4184     |    0.3196
    5     | -1676.4926482072 |   1.6633e-01   |    1.3534     |    0.4240
    6     | -1676.5394290361 |   9.4093e-03   |    1.6211     |    0.4896
    7     | -1676.5414047882 |   1.9761e-03   |    1.6996     |    0.4088
    8     | -1676.5417959234 |   6.3381e-04   |    1.8578     |    0.4653
    9     | -1676.5419764566 |   3.6244e-05   |    1.5043     |    0.4649
   10     | -1676.5419839201 |   1.2083e-05   |    1.2148     |    0.3839
   11     | -1676.5419870674 |   5.7418e-07   |    1.9208     |    0.3934
   12     | -1676.5419871788 |   2.0084e-07   |    1.7180     |    0.4005
   13     | -1676.5419872228 |   4.0011e-08   |    1.3706     |    0.4240
   14     | -1676.5419872321 |   6.3758e-09   |    1.4752     |    0.5147
   15     | -1676.5419872334 |   2.1032e-09   |    1.3128     |    0.4741
   16     | -1676.5419872339 |   5.1331e-10   |    1.4660     |    0.5059
   17     | -1676.5419872340 |   6.6588e-11   |    1.7416     |    0.3469
Please cite the following papers for the methods used in this calculation:
 - J.L. Galvez Vallejo et. al., Toward an extreme-scale electronic structure system, J. Chem. Phys., 2023. DOI: 10.1063/5.0156399

 - R. Stocks, E. Palethorpe, and G.M.J. Barca, Multi-GPU RI-HF Energies and Analytic Gradients ─ Toward High-Throughput Ab Initio Molecular Dynamics, J. Chem. Theory Comput., 2024. DOI: 10.1021/acs.jctc.4c00877
   For:
     * RI-HF energy

 - D.B. Williams-Young, W.A. de Jong, H.J.J. van Dam, and C. Yang, On the Efficient Evaluation of the Exchange Correlation Potential on Graphics Processing Unit Clusters, Frontiers in Chemistry, 2020. DOI: 10.3389/fchem.2020.581058
   For:
     * GauXC implementation of exchange-correlation integration

 - R. Stocks and G.M.J. Barca, Efficient Algorithms for GPU Accelerated Evaluation of the DFT Exchange-Correlation Functional, J. Chem. Theory Comput., 2025. DOI: 10.1021/acs.jctc.5c01229
   For:
     * GPU accelerated DFT exchange-correlation evaluation

 - P. A. M. Dirac.,  Math. Proc. Cambridge Philos. Soc. 26, 376 (1930) DOI: 10.1017/S0305004100016108
   For:
     * lda_x XC Functional

 - S. H. Vosko, L. Wilk, and M. Nusair.,  Can. J. Phys. 58, 1200 (1980) DOI: 10.1139/p80-159
   For:
     * lda_c_vwn XC Functional

[CRAYBLAS_WARNING] Application linked against multiple cray-libsci libraries
