Total number of grid points: 342909 (5042 per atom)
Total number of grid points: 339932 (4999 per atom)
Total number of grid points: 344440 (5065 per atom)
Total number of grid points: 337662 (4965 per atom)
Total number of grid points: 342077 (5030 per atom)
Total number of grid points: 346153 (5090 per atom)
Total number of grid points: 342518 (5037 per atom)
Total number of grid points: 342568 (5037 per atom)
Total number of grid points: 344607 (5067 per atom)
Total number of grid points: 337833 (4968 per atom)
Total number of grid points: 347864 (5115 per atom)
Total number of grid points: 343990 (5058 per atom)
Total number of grid points: 344350 (5063 per atom)
Total number of grid points: 348232 (5121 per atom)
Total number of grid points: 342967 (5043 per atom)
Total number of grid points: 340758 (5011 per atom)
Total number of grid points: 346082 (5089 per atom)
Total number of grid points: 347125 (5104 per atom)
Total number of grid points: 341179 (5017 per atom)
Total number of grid points: 342515 (5036 per atom)
[CRAYBLAS_WARNING] Application linked against multiple cray-libsci libraries
6343
   10     | -1676.5332126142 |   1.6995e-05   |    1.0902     |    0.3020
   11     | -1676.5332169893 |   1.9751e-06   |    1.2316     |    0.5116
   12     | -1676.5332174737 |   4.0025e-07   |    1.2320     |    0.3124
   13     | -1676.5332175670 |   1.0500e-07   |    1.3073     |    0.4312
   14     | -1676.5332175937 |   7.1444e-09   |    1.1100     |    0.4311
   15     | -1676.5332175950 |   2.8323e-09   |    1.1096     |    0.4312
   16     | -1676.5332175931 |   7.8300e-09   |    1.3545     |    0.3903
   17     | -1676.5332175957 |   2.8450e-10   |    1.4114     |    0.4218
   18     | -1676.5332175957 |   8.9964e-11   |    1.2332     |    0.4730
Created 681452 / 2985984 significant shell pairs
Created 529236 / 2274064 significant shell pairs
Total number of grid points: 346666 (5098 per atom)
One electron integrals and orthogonalizer took 0.174730s
Created 529236 / 2274064 significant shell pairs
3C integrals and B formation took 2.771231s
Iteration |      Energy      |  DIIS Metric   | Fock Time (s) | DIIS Time (s)
----------+------------------+----------------+---------------+--------------
    1     | -1686.8215851402 |   1.0419e+03   |    1.4476     |    0.6251
    2     | -1675.4473785279 |   4.0852e+00   |    1.3142     |    0.6344
    3     | -1674.7976852667 |   6.5222e+00   |    1.4807     |    0.5077
    4     | -1676.4852413956 |   1.8293e-01   |    1.3136     |    0.5938
    5     | -1676.5156267085 |   7.1864e-02   |    1.3202     |    0.6272
    6     | -1676.5331175182 |   7.5476e-03   |    1.5579     |    0.5121
    7     | -1676.5344414334 |   2.9052e-03   |    1.5987     |    0.6344
    8     | -1676.5351023934 |   9.5891e-04   |    1.6790     |    0.3905
    9     | -1676.5353927522 |   6.6064e-05   |    1.2746     |    0.4719
   10     | -1676.5354074153 |   1.9482e-05   |    1.2324     |    0.4322
   11     | -1676.5354125157 |   2.1329e-06   |    1.4755     |    0.5127
   12     | -1676.5354130206 |   3.6302e-07   |    1.4757     |    0.3909
   13     | -1676.5354130890 |   1.3229e-07   |    1.5986     |    0.3905
   14     | -1676.5354131227 |   8.2990e-09   |    1.2741     |    0.4723
   15     | -1676.5354131243 |   2.7396e-09   |    1.2322     |    0.4320
   16     | -1676.5354131243 |   2.5005e-09   |    1.4758     |    0.5127
   17     | -1676.5354131250 |   3.2845e-10   |    1.4751     |    0.3913
   18     | -1676.5354131251 |   1.1940e-10   |    1.5988     |    0.3902
   19     | -1676.5354131251 |   5.1549e-11   |    1.2746     |    0.4721
Created 669402 / 2985984 significant shell pairs
Created 519370 / 2274064 significant shell pairs
Total number of grid points: 339189 (4988 per atom)
One electron integrals and orthogonalizer took 0.052534s
Created 519370 / 2274064 significant shell pairs
3C integrals and B formation took 2.720795s
Iteration |      Energy      |  DIIS Metric   | Fock Time (s) | DIIS Time (s)
----------+------------------+----------------+---------------+--------------
    1     | -1686.8264464457 |   1.0413e+03   |    1.5094     |    0.4634
    2     | -1675.4544682015 |   4.0959e+00   |    1.5396     |    0.3429
    3     | -1674.7992935598 |   6.5536e+00   |    1.3788     |    0.4226
    4     | -1676.4868623267 |   2.0235e-01   |    1.2298     |    0.4336
    5     | -1676.5028712063 |   1.3136e-01   |    1.2618     |    0.4639
    6     | -1676.5360058401 |   2.3792e-02   |    1.5029     |    0.3826
    7     | -1676.5432205686 |   1.7827e-03   |    1.5707     |    0.3764
    8     | -1676.5435689236 |   7.6123e-04   |    1.2604     |    0.3409
    9     | -1676.5437739606 |   3.5993e-05   |    1.2294     |    0.4330
   10     | -1676.5437798850 |   1.4764e-05   |    1.3550     |    0.4313
   11     | -1676.5437838335 |   9.9903e-07   |    1.5417     |    0.3418
   12     | -1676.5437840463 |   2.5027e-07   |    1.3814     |    0.4225
   13     | -1676.5437840975 |   7.6944e-08   |    1.3824     |    0.3629
   14     | -1676.5437841166 |   6.0287e-09   |    1.3932     |    0.5132
   15     | -1676.5437841177 |   2.3539e-09   |    1.3546     |    0.4318
   16     | -1676.5437841164 |   5.9428e-09   |    1.5429     |    0.3417
   17     | -1676.5437841184 |   2.0342e-10   |    1.4364     |    0.3874
   18     | -1676.5437841184 |   3.8187e-11   |    1.3848     |    0.3572
Created 670912 / 2985984 significant shell pairs
Created 520159 / 2274064 significant shell pairs
Total number of grid points: 342977 (5043 per atom)
One electron integrals and orthogonalizer took 0.094708s
Created 520159 / 2274064 significant shell pairs
3C integrals and B formation took 2.619184s
Iteration |      Energy      |  DIIS Metric   | Fock Time (s) | DIIS Time (s)
----------+------------------+----------------+---------------+--------------
    1     | -1686.8230479131 |   1.0426e+03   |    1.5824     |    0.5532
    2     | -1675.4478034634 |   4.0812e+00   |    1.3895     |    0.7067
    3     | -1674.8012656484 |   6.4959e+00   |    1.3112     |    0.6364
    4     | -1676.4851819957 |   1.8187e-01   |    1.2322     |    0.5130
    5     | -1676.5073049569 |   9.7706e-02   |    1.3223     |    0.5440
    6     | -1676.5308083900 |   1.6153e-02   |    1.4728     |    0.6377
    7     | -1676.5352335938 |   2.2446e-03   |    1.5082     |    0.4637
    8     | -1676.5357187912 |   8.3292e-04   |    1.5501     |    0.3419
    9     | -1676.5359478403 |   4.5919e-05   |    1.2742     |    0.4689
   10     | -1676.5359573121 |   1.2360e-05   |    1.3169     |    0.4297
   11     | -1676.5359605028 |   9.3050e-07   |    1.4311     |    0.4200
   12     | -1676.5359606893 |   2.6155e-07   |    1.5006     |    0.3753
   13     | -1676.5359607352 |   1.0879e-07   |    1.5602     |    0.3354
   14     | -1676.5359607631 |   8.6483e-09   |    1.2805     |    0.4721
   15     | -1676.5359607651 |   1.8414e-09   |    1.3141     |    0.4317
   16     | -1676.5359607644 |   3.8364e-09   |    1.4287     |    0.4222
   17     | -1676.5359607656 |   1.9899e-10   |    1.4966     |    0.3819
   18     | -1676.5359607657 |   7.1270e-11   |    1.5528     |    0.3417
Created 693009 / 2985984 significant shell pairs
Created 537710 / 2274064 significant shell pairs
Total number of grid points: 350478 (5154 per atom)
One electron integrals and orthogonalizer took 0.053988s
Created 537710 / 2274064 significant shell pairs
3C integrals and B formation took 2.621751s
Iteration |      Energy      |  DIIS Metric   | Fock Time (s) | DIIS Time (s)
----------+------------------+----------------+---------------+--------------
    1     | -1686.8305678779 |   1.0440e+03   |    1.6255     |    0.5059
    2     | -1675.4442181881 |   4.0925e+00   |    1.5223     |    0.4319
    3     | -1674.7880459951 |   6.5797e+00   |    1.5577     |    0.4310
    4     | -1676.4924212901 |   1.4904e-01   |    1.3539     |    0.5124
    5     | -1676.5164378825 |   6.1407e-02   |    1.1518     |    0.3901
    6     | -1676.5302292391 |   8.6627e-03   |    1.6381     |    0.4319
    7     | -1676.5318401871 |   3.2220e-03   |    1.4758     |    0.5121
    8     | -1676.5326888640 |   6.4833e-04   |    1.4771     |    0.3910
    9     | -1676.5328737696 |   4.4305e-05   |    1.2726     |    0.5127
   10     | -1676.5328827313 |   1.4932e-05   |    1.1518     |    0.3906
   11     | -1676.5328867138 |   9.6018e-07   |    1.6384     |    0.4319
   12     | -1676.5328868802 |   3.7747e-07   |    1.4757     |    0.5127
   13     | -1676.5328869604 |   1.1287e-07   |    1.4770     |    0.3906
   14     | -1676.5328869900 |   8.4931e-09   |    1.2728     |    0.5130
   15     | -1676.5328869920 |   1.9390e-09   |    1.1519     |    0.3908
   16     | -1676.5328869918 |   2.3467e-09   |    1.6378     |    0.4323
   17     | -1676.5328869925 |   3.7042e-10   |    1.4754     |    0.5125
   18     | -1676.5328869925 |   7.7759e-11   |    1.4763     |    0.3909
Created 679363 / 2985984 significant shell pairs
Created 527937 / 2274064 significant shell pairs
Total number of grid points: 345350 (5078 per atom)
One electron integrals and orthogonalizer took 0.094844s
Created 527937 / 2274064 significant shell pairs
3C integrals and B formation took 2.799311s
Iteration |      Energy      |  DIIS Metric   | Fock Time (s) | DIIS Time (s)
----------+------------------+----------------+---------------+--------------
    1     | -1686.8130243518 |   1.0408e+03   |    1.5824     |    0.4093
    2     | -1675.4450225110 |   4.0763e+00   |    1.7171     |    0.3521
    3     | -1674.7910725350 |   6.5139e+00   |    1.4776     |    0.4708
    4     | -1676.4793399482 |   1.9895e-01   |    1.2738     |    0.3907
    5     | -1676.5146792260 |   6.8663e-02   |    1.2715     |    0.4741
    6     | -1676.5314390777 |   7.2327e-03   |    1.3917     |    0.3540
    7     | -1676.5329077470 |   2.0976e-03   |    1.5299     |    0.3761
    8     | -1676.5333529461 |   7.0612e-04   |    1.4717     |    0.3951
    9     | -1676.5335585938 |   4.6253e-05   |    1.2731     |    0.5129
   10     | -1676.5335666891 |   2.1513e-05   |    1.1503     |    0.3911
   11     | -1676.5335727772 |   1.7480e-06   |    1.6364     |    0.4331
   12     | -1676.5335731868 |   3.4471e-07   |    1.4744     |    0.5127
   13     | -1676.5335732482 |   1.4302e-07   |    1.4692     |    0.3171
   14     | -1676.5335732852 |   1.0784e-08   |    1.3545     |    0.5126
   15     | -1676.5335732879 |   1.9230e-09   |    1.1501     |    0.3916
   16     | -1676.5335732877 |   2.4825e-09   |    1.6365     |    0.4328
   17     | -1676.5335732884 |   2.0562e-10   |    1.4751     |    0.5127
   18     | -1676.5335732884 |   1.0036e-10   |    1.4707     |    0.3154
   19     | -1676.5335732884 |   4.0187e-11   |    1.3536     |    0.5127
Created 666217 / 2985984 significant shell pairs
Created 517160 / 2274064 significant shell pairs
Total number of grid points: 347758 (5114 per atom)
One electron integrals and orthogonalizer took 0.093854s
Created 517160 / 2274064 significant shell pairs
3C integrals and B formation took 2.588297s
Iteration |      Energy      |  DIIS Metric   | Fock Time (s) | DIIS Time (s)
----------+------------------+----------------+---------------+--------------
    1     | -1686.8182504747 |   1.0402e+03   |    1.5220     |    0.5076
    2     | -1675.4520715829 |   4.0878e+00   |    1.5017     |    0.3825
    3     | -1674.7938195429 |   6.5436e+00   |    1.5520     |    0.3425
    4     | -1676.4843562114 |   2.0928e-01   |    1.2465     |    0.4173
    5     | -1676.5114547463 |   1.0250e-01   |    1.3944     |    0.4314
    6     | -1676.5351809262 |   2.1060e-02   |    1.4293     |    0.4223
    7     | -1676.5414076303 |   1.7458e-03   |    1.5078     |    0.3819
    8     | -1676.5417661966 |   6.9883e-04   |    1.5508     |    0.3423
    9     | -1676.5419597165 |   2.9761e-05   |    1.2729     |    0.4719
   10     | -1676.5419644994 |   1.2873e-05   |    1.3133     |    0.4320
   11     | -1676.5419678966 |   8.0718e-07   |    1.4299     |    0.4223
   12     | -1676.5419680648 |   2.1600e-07   |    1.5061     |    0.3820
   13     | -1676.5419681085 |   6.8550e-08   |    1.5536     |    0.3420
   14     | -1676.5419681257 |   4.6272e-09   |    1.2721     |    0.4724
   15     | -1676.5419681266 |   1.4390e-09   |    1.3142     |    0.4320
   16     | -1676.5419681257 |   4.1588e-09   |    1.4295     |    0.4220
   17     | -1676.5419681270 |   1.5924e-10   |    1.5076     |    0.3819
   18     | -1676.5419681270 |   2.7450e-11   |    1.5514     |    0.3413
Created 688736 / 2985984 significant shell pairs
Created 535409 / 2274064 significant shell pairs
Total number of grid points: 341178 (5017 per atom)
One electron integrals and orthogonalizer took 0.054053s
Created 535409 / 2274064 significant shell pairs
3C integrals and B formation took 2.603376s
Iteration |      Energy      |  DIIS Metric   | Fock Time (s) | DIIS Time (s)
----------+------------------+----------------+---------------+--------------
    1     | -1686.8345779840 |   1.0426e+03   |    1.4786     |    0.5118
    2     | -1675.4522665762 |   4.1046e+00   |    1.4712     |    0.3147
    3     | -1674.7807251928 |   6.6506e+00   |    1.6800     |    0.3901
    4     | -1676.4938928549 |   1.8470e-01   |    1.2744     |    0.4725
    5     | -1676.5190550926 |   8.6494e-02   |    1.2327     |    0.4316
    6     | -1676.5395958584 |   1.3973e-02   |    1.4745     |    0.5127
    7     | -1676.5432876358 |   1.8000e-03   |    1.4719     |    0.3944
    8     | -1676.5436789158 |   5.6771e-04   |    1.5983     |    0.3904
    9     | -1676.5438285811 |   4.7997e-05   |    1.2749     |    0.4724
   10     | -1676.5438371726 |   1.9086e-05   |    1.2322     |    0.4319
   11     | -1676.5438424783 |   9.8602e-07   |    1.4743     |    0.5130
   12     | -1676.5438426659 |   3.4802e-07   |    1.4718     |    0.3953
   13     | -1676.5438427427 |   9.3510e-08   |    1.5984     |    0.3905
   14     | -1676.5438427682 |   5.6103e-09   |    1.2740     |    0.4721
   15     | -1676.5438427693 |   1.8513e-09   |    1.2326     |    0.4321
   16     | -1676.5438427686 |   3.7060e-09   |    1.4742     |    0.5128
   17     | -1676.5438427698 |   1.5458e-10   |    1.4694     |    0.3164
   18     | -1=======================================================
    Created 664104 / 2985984 significant shell pairs
Created 515417 / 2274064 significant shell pairs
Total number of grid points: 337791 (4967 per atom)
One electron integrals and orthogonalizer took 0.054165s
Created 515417 / 2274064 significant shell pairs
3C integrals and B formation took 2.500448s
Iteration |      Energy      |  DIIS Metric   | Fock Time (s) | DIIS Time (s)
----------+------------------+----------------+---------------+--------------
    1     | -1686.8206799581 |   1.0404e+03   |    1.4458     |    0.4826
    2     | -1675.4524179219 |   4.0986e+00   |    1.4964     |    0.3825
    3     | -1674.7960101297 |   6.5481e+00   |    1.5415     |    0.3427
    4     | -1676.4961702774 |   1.7832e-01   |    1.2284     |    0.4225
    5     | -1676.5238032664 |   7.6162e-02   |    1.3926     |    0.4321
    6     | -1676.5405123709 |   1.3830e-02   |    1.4208     |    0.4222
    7     | -1676.5441158392 |   2.2221e-03   |    1.4977     |    0.3824
    8     | -1676.5446696719 |   5.6862e-04   |    1.5417     |    0.3430
    9     | -1676.5448252779 |   2.9440e-05   |    1.2216     |    0.4219
   10     | -1676.5448300762 |   1.1915e-05   |    1.3935     |    0.4319
   11     | -1=======================================================
                 SVWN5 Energy Results                  
=======================================================
E SVWN5               : -1676.54483355
Nuclear Repulsion Energy: 4419.838526
Electronic Energy:        -5864.2019401
XC Energy:                -232.181419
Converged:                1
# of SCF iterations:      18
SCF Time:                 36.753s

=======================================================
            Individual Calculation Summary             
===================================================Created 681823 / 2985984 significant shell pairs
Created 529729 / 2274064 significant shell pairs
Total number of grid points: 346947 (5102 per atom)
One electron integrals and orthogonalizer took 0.053578s
Created 529729 / 2274064 significant shell pairs
3C integrals and B formation took 2.602283s
Iteration |      Energy      |  DIIS Metric   | Fock Time (s) | DIIS Time (s)
----------+------------------+----------------+---------------+--------------
    1     | -1686.8304016954 |   1.0420e+03   |    1.4798     |    0.5123
    2     | -1675.4508810179 |   4.1023e+00   |    1.4647     |    0.3214
    3     | -1674.7896766086 |   6.6048e+00   |    1.6526     |    0.3370
    4    =======================================================
                 SVWN5 Energy Results                  
=======================================================
E SVWN5               : -1676.54177615
Nuclear Repulsion Energy: 4472.96433763
Electronic Energy:        -5917.31862297
XC Energy:                -232.187491
Converged:                1
# of SCF iterations:      18
SCF Time:                 36.838s

=======================================================
            Individual Calculation Summary             
=======================================================
HF Energy: -1676.5417761466808315
=======================================================


Topology 9 time: 37.063572 s, performance: SP: 0 FLOP/s, DP: 436.5 GFLOP/s
JSON file written to: json_logs/lustre_orion_chm213_scratch_ryan_dhdft_inputs_exess_exess_inputs_SVWN5_def2-TZVP_isomers_34960-34979_topology_9.json
************************************************************
**************** Running topology 11 of 20 *****************
************************************************************

***************Created 651425 / 2985984 significant shell pairs
Created 504832 / 2274064 significant shell pairs
Total number of grid points: 346769 (5099 per atom)
One electron integr=======================================================
                 SVWN5 Energy Results                  
=======================================================
E SVWN5               : -1676.54295216
Nuclear Repulsion Energy: 4347.04353522
Electronic Energy:        -5791.40664818
XC Energy:                -232.179839
Converged:                1
# of SCF iterations:      18
SCF Time:                 36.843s

=======================================================
            Individual Calculation Summary             
=======================================================
HF Energy: -1676.5429521551341168
=======================================================


Topology 10 time: 37.059372 s, performance: SP: 0 FLOP/s, DP: 418.2 GFLOP/s
JSON file written to: json_logs/lustre_orion_chm213_scratch_ryan_dhdft_inputs_exess_exess_inputs_SVWN5_def2-TZVP_isomers_34960-34979_topology_10.json
************************************************************
**************** Running topology 12 of 20 *****************
************************************************************

************************************************************
**************** Beginning RI-SVWN5 energy *****************
************************************************************

=======================================================
                 SVWN5 Energy Results                  
=======================================================
E SVWN5               : -1676.54265967
Nuclear Repulsion Energy: 4374.8055317
Electronic Energy:        -5819.16834
XC Energy:                -232.179851
Converged:                1
# of SCF iterations:      17
SCF Time:                 34.033s

=======================================================
            Individual Calculation Summary             
=======================================================
HF Energy: -1676.5426596659972347
=======================================================


Topology 11 time: 34.254150 s, performance: SP: 0 FLOP/s, DP: 452.7 GFLOP/s
JSON file written to: json_logs/lustre_orion_chm213_scratch_ryan_dhdft_inputs_exess_exess_inputs_SVWN5_def2-TZVP_isomers_34960-34979_topology_11.json
************************************************************
**************** Running topology 13 of 20 *****************
************************************************************

************************************************************
**************** Beginning RI-SVWN5 energy *****************
************************************************************

=======================================================
                 SVWN5 Energy Results                  
=======================================================
E SVWN5               : -1676.54297375
Nuclear Repulsion Energy: 4428.60071432
Electronic Energy:        -5872.96280565
XC Energy:                -232.180882
Converged:                1
# of SCF iterations:      18
SCF Time:                 35.652s

=======================================================
            Individual Calculation Summary             
=======================================================
HF Energy: -1676.5429737460217439
=======================================================


Topology 12 time: 35.879150 s, performance: SP: 0 FLOP/s, DP: 441.6 GFLOP/s
JSON file written to: json_logs/lustre_orion_chm213_scratch_ryan_dhdft_inputs_exess_exess_inputs_SVWN5_def2-TZVP_isomers_34960-34979_topology_12.json
************************************************************
**************** Running topology 14 of 20 *****************
************************************************************

************************************************************
**************** Beginning RI-SVWN5 energy *****************
************************************************************

=======================================================
                 SVWN5 Energy Results                  
=======================================================
E SVWN5               : -1676.54062477
Nuclear Repulsion Energy: 4377.72934259
Electronic Energy:        -5822.09141169
XC Energy:                -232.178556
Converged:                1
# of SCF iterations:      18
SCF Time:                 36.427s

=======================================================
            Individual Calculation Summary             
=======================================================
HF Energy: -1676.5406247664686816
=======================================================


Topology 13 time: 36.651653 s, performance: SP: 0 FLOP/s, DP: 426.9 GFLOP/s
JSON file written to: json_logs/lustre_orion_chm213_scratch_ryan_dhdft_inputs_exess_exess_inputs_SVWN5_def2-TZVP_isomers_34960-34979_topology_13.json
************************************************************
**************** Running topology 15 of 20 *****************
************************************************************

************************************************************
**************** Beginning RI-SVWN5 energy *****************
************************************************************

=======================================================
                 SVWN5 Energy Results                  
=======================================================
E SVWN5               : -1676.53100931
Nuclear Repulsion Energy: 4395.08271308
Electronic Energy:        -5839.43590133
XC Energy:                -232.177821
Converged:                1
# of SCF iterations:      18
SCF Time:                 36.463s

=======================================================
            Individual Calculation Summary             
=======================================================
HF Energy: -1676.5310093111088463
=======================================================


Topology 14 time: 36.691999 s, performance: SP: 0 FLOP/s, DP: 428.6 GFLOP/s
JSON file written to: json_logs/lustre_orion_chm213_scratch_ryan_dhdft_inputs_exess_exess_inputs_SVWN5_def2-TZVP_isomers_34960-34979_topology_14.json
************************************************************
**************** Running topology 16 of 20 *****************
************************************************************

************************************************************
**************** Beginning RI-SVWN5 energy *****************
************************************************************

=======================================================
                 SVWN5 Energy Results                  
=======================================================
E SVWN5               : -1676.53117555
Nuclear Repulsion Energy: 4440.83498206
Electronic Energy:        -5885.18923484
XC Energy:                -232.176923
Converged:                1
# of SCF iterations:      18
SCF Time:                 36.942s

=======================================================
            Individual Calculation Summary             
=======================================================
HF Energy: -1676.5311755517318488
=======================================================


Topology 15 time: 37.176100 s, performance: SP: 0 FLOP/s, DP: 428.9 GFLOP/s
JSON file written to: json_logs/lustre_orion_chm213_scratch_ryan_dhdft_inputs_exess_exess_inputs_SVWN5_def2-TZVP_isomers_34960-34979_topology_15.json
************************************************************
**************** Running topology 17 of 20 *****************
************************************************************

************************************************************
**************** Beginning RI-SVWN5 energy *****************
************************************************************

=======================================================
                 SVWN5 Energy Results                  
=======================================================
E SVWN5               : -1676.54211926
Nuclear Repulsion Energy: 4490.94397622
Electronic Energy:        -5935.30608069
XC Energy:                -232.180015
Converged:                1
# of SCF iterations:      18
SCF Time:                 36.905s

=======================================================
            Individual Calculation Summary             
=======================================================
HF Energy: -1676.5421192607018384
=======================================================


Topology 16 time: 37.143080 s, performance: SP: 0 FLOP/s, DP: 437.1 GFLOP/s
JSON file written to: json_logs/lustre_orion_chm213_scratch_ryan_dhdft_inputs_exess_exess_inputs_SVWN5_def2-TZVP_isomers_34960-34979_topology_16.json
************************************************************
**************** Running topology 18 of 20 *****************
************************************************************

************************************************************
**************** Beginning RI-SVWN5 energy *****************
************************************************************

=======================================================
                 SVWN5 Energy Results                  
=======================================================
E SVWN5               : -1676.54300883
Nuclear Repulsion Energy: 4533.34474472
Electronic Energy:        -5977.69913564
XC Energy:                -232.188618
Converged:                1
# of SCF iterations:      17
SCF Time:                 35.27s

=======================================================
            Individual Calculation Summary             
=======================================================
HF Energy: -1676.5430088308050927
=======================================================


Topology 17 time: 35.515058 s, performance: SP: 0 FLOP/s, DP: 463.9 GFLOP/s
JSON file written to: json_logs/lustre_orion_chm213_scratch_ryan_dhdft_inputs_exess_exess_inputs_SVWN5_def2-TZVP_isomers_34960-34979_topology_17.json
************************************************************
**************** Running topology 19 of 20 *****************
************************************************************

************************************************************
**************** Beginning RI-SVWN5 energy *****************
************************************************************

=======================================================
                 SVWN5 Energy Results                  
=======================================================
E SVWN5               : -1676.54412413
Nuclear Repulsion Energy: 4391.78386834
Electronic Energy:        -5836.14743538
XC Energy:                -232.180557
Converged:                1
# of SCF iterations:      18
SCF Time:                 36.366s

=======================================================
            Individual Calculation Summary             
=======================================================
HF Energy: -1676.5441241334619917
=======================================================


Topology 18 time: 36.606548 s, performance: SP: 0 FLOP/s, DP: 429.5 GFLOP/s
JSON file written to: json_logs/lustre_orion_chm213_scratch_ryan_dhdft_inputs_exess_exess_inputs_SVWN5_def2-TZVP_isomers_34960-34979_topology_18.json
************************************************************
**************** Running topology 20 of 20 *****************
************************************************************

************************************************************
**************** Beginning RI-SVWN5 energy *****************
************************************************************

=======================================================
                 SVWN5 Energy Results                  
=======================================================
E SVWN5               : -1676.5438428
Nuclear Repulsion Energy: 4417.95156202
Electronic Energy:        -5862.31513149
XC Energy:                -232.180273
Converged:                1
# of SCF iterations:      18
SCF Time:                 36.406s

=======================================================
            Individual Calculation Summary             
=======================================================
HF Energy: -1676.5438427994386075
=======================================================


Topology 19 time: 36.648280 s, performance: SP: 0 FLOP/s, DP: 431.3 GFLOP/s
JSON file written to: json_logs/lustre_orion_chm213_scratch_ryan_dhdft_inputs_exess_exess_inputs_SVWN5_def2-TZVP_isomers_34960-34979_topology_19.json
Total flops: SP: 0 FLOPS, DP: 318.84042 TFLOPS
Performance: SP: 0 FLOP/s, DP: 427.9 GFLOP/s

Now, a word from our sponsors... 
 If you find an item that you cannot identify, do not touch, tamper with or disturb it in any way. (The ACT warning about Unexploded Ordinance (UXO) around Mount Ainslie

[31mTotal processing time 745.397597 seconds[0m
[CRAYBLAS_WARNING] Application linked against multiple cray-libsci libraries
3   |    1.6323     |    0.5075
    2     | -1675.4529762514 |   4.0989e+00   |    1.5622     |    0.3922
    3     | -1674.7943007518 |   6.5864e+00   |    1.4267     |    0.3971
    4     | -1676.4878323210 |   1.9161e-01   |    1.2725     |    0.5138
    5     | -1676.4952029271 |   1.4943e-01   |    1.1519     |    0.3905
    6     | -1676.5368336136 |   2.0223e-02   |    1.6375     |    0.4317
    7     | -1676.5423867043 |   2.0599e-03   |    1.4757     |    0.5128
    8     | -1676.5427731864 |   8.4397e-04   |    1.4713     |    0.3149
    9     | -1676.5429900964 |   6.5406e-05   |    1.3540     |    0.5126
   10     | -1676.5430033305 |   1.9608e-05   |    1.1522     |    0.3911
   11     | -1676.5430084645 |   1.2797e-06   |    1.6370     |    0.4324
   12     | -1676.5430087122 |   4.1385e-07   |    1.4762     |    0.5128
   13     | -1676.5430088057 |   9.0706e-08   |    1.4695     |    0.3164
   14     | -1676.5430088290 |   6.0495e-09   |    1.3538     |    0.5130
   15     | -1676.5430088302 |   2.0927e-09   |    1.1521     |    0.3908
   16     | -1676.5430088295 |   4.1761e-09   |    1.6373     |    0.4322
   17     | -1676.5430088308 |   8.7869e-11   |    1.4758     |    0.5130
Created 661554 / 2985984 significant shell pairs
Created 513122 / 2274064 significant shell pairs
Total number of grid points: 344780 (5070 per atom)
One electron integrals and orthogonalizer took 0.095376s
Created 513122 / 2274064 significant shell pairs
3C integrals and B formation took 2.795487s
Iteration |      Energy      |  DIIS Metric   | Fock Time (s) | DIIS Time (s)
----------+------------------+----------------+---------------+--------------
    1     | -1686.8184349539 |   1.0401e+03   |    1.3899     |    0.7071
    2     | -1675.4526716098 |   4.0935e+00   |    1.2572     |    0.3413
    3     | -1674.8085943281 |   6.4856e+00   |    1.5804     |    0.3219
    4     | -1676.4905138393 |   1.8419e-01   |    1.3238     |    0.3412
    5     | -1676.4980444213 |   1.4393e-01   |    1.2703     |    0.5147
    6     | -1676.5369831321 |   2.2909e-02   |    1.2572     |    0.4966
    7     | -1676.5435580031 |   1.8703e-03   |    1.5227     |    0.3922
    8     | -1676.5439389091 |   6.5900e-04   |    1.5818     |    0.3023
    9     | -1676.5441092483 |   5.0493e-05   |    1.3016     |    0.3824
   10     | -1676.5441189931 |   1.7391e-05   |    1.2272     |    0.4631
   11     | -1676.5441238401 |   1.0504e-06   |    1.2571     |    0.3414
   12     | -1676.5441240519 |   2.8083e-07   |    1.5796     |    0.3012
   13     | -1676.5441241096 |   8.3840e-08   |    1.4220     |    0.4642
   14     | -1676.5441241305 |   1.0353e-08   |    1.1914     |    0.4731
   15     | -1676.5441241330 |   1.6877e-09   |    1.2231     |    0.4224
   16     | -1676.5441241318 |   4.9892e-09   |    1.5401     |    0.3671
   17     | -1676.5441241334 |   1.2179e-10   |    1.5799     |    0.3023
   18     | -1676.5441241335 |   7.5299e-11   |    1.4134     |    0.3415
Created 664778 / 2985984 significant shell pairs
Created 516166 / 2274064 significant shell pairs
Total number of grid points: 347409 (5108 per atom)
One electron integrals and orthogonalizer took 0.095224s
Created 516166 / 2274064 significant shell pairs
3C integrals and B formation took 2.633342s
Iteration |      Energy      |  DIIS Metric   | Fock Time (s) | DIIS Time (s)
----------+------------------+----------------+---------------+--------------
    1     | -1686.8177542915 |   1.0400e+03   |    1.5863     |    0.4087
    2     | -1675.4525269283 |   4.0939e+00   |    1.6658     |    0.3012
    3     | -1674.8087759061 |   6.4865e+00   |    1.4247     |    0.4644
    4     | -1676.4921782920 |   1.7899e-01   |    1.2073     |    0.3419
    5     | -1676.5024698593 |   1.3149e-01   |    1.2256     |    0.4226
    6     | -1676.5365151049 |   2.3282e-02   |    1.5449     |    0.3626
    7     | -1676.5432510250 |   1.9290e-03   |    1.5045     |    0.3817
    8     | -1676.5436684153 |   6.2950e-04   |    1.4577     |    0.3284
    9     | -1676.5438310321 |   4.1676e-05   |    1.3515     |    0.5147
   10     | -1676.5438389341 |   1.3526e-05   |    1.1055     |    0.3412
   11     | -1676.5438424565 |   1.2006e-06   |    1.6682     |    0.3010
   12     | -1676.5438427064 |   3.1059e-07   |    1.4274     |    0.4643
   13     | -1676.5438427772 |   7.7522e-08   |    1.5016     |    0.3832
   14     | -1676.5438427972 |   7.9977e-09   |    1.2249     |    0.3411
   15     | -1676.5438427990 |   1.5492e-09   |    1.2296     |    0.4337
   16     | -1676.5438427979 |   4.8317e-09   |    1.4221     |    0.4229
   17     | -1676.5438427994 |   1.2063e-10   |    1.4758     |    0.4319
   18     | -1676.5438427994 |   6.3684e-11   |    1.5444     |    0.3428
Please cite the following papers for the methods used in this calculation:
 - J.L. Galvez Vallejo et. al., Toward an extreme-scale electronic structure system, J. Chem. Phys., 2023. DOI: 10.1063/5.0156399

 - R. Stocks, E. Palethorpe, and G.M.J. Barca, Multi-GPU RI-HF Energies and Analytic Gradients ─ Toward High-Throughput Ab Initio Molecular Dynamics, J. Chem. Theory Comput., 2024. DOI: 10.1021/acs.jctc.4c00877
   For:
     * RI-HF energy

 - D.B. Williams-Young, W.A. de Jong, H.J.J. van Dam, and C. Yang, On the Efficient Evaluation of the Exchange Correlation Potential on Graphics Processing Unit Clusters, Frontiers in Chemistry, 2020. DOI: 10.3389/fchem.2020.581058
   For:
     * GauXC implementation of exchange-correlation integration

 - R. Stocks and G.M.J. Barca, Efficient Algorithms for GPU Accelerated Evaluation of the DFT Exchange-Correlation Functional, J. Chem. Theory Comput., 2025. DOI: 10.1021/acs.jctc.5c01229
   For:
     * GPU accelerated DFT exchange-correlation evaluation

 - P. A. M. Dirac.,  Math. Proc. Cambridge Philos. Soc. 26, 376 (1930) DOI: 10.1017/S0305004100016108
   For:
     * lda_x XC Functional

 - S. H. Vosko, L. Wilk, and M. Nusair.,  Can. J. Phys. 58, 1200 (1980) DOI: 10.1139/p80-159
   For:
     * lda_c_vwn XC Functional

[CRAYBLAS_WARNING] Application linked against multiple cray-libsci libraries
