Total number of grid points: 277688 (4958 per atom)
Total number of grid points: 280364 (5006 per atom)
Total number of grid points: 283762 (5067 per atom)
Total number of grid points: 279863 (4997 per atom)
Total number of grid points: 288365 (5149 per atom)
Total number of grid points: 281465 (5026 per atom)
Total number of grid points: 284280 (5076 per atom)
Total number of grid points: 278159 (4967 per atom)
Total number of grid points: 284162 (5074 per atom)
Total number of grid points: 272228 (4861 per atom)
Total number of grid points: 282262 (5040 per atom)
Total number of grid points: 284291 (5076 per atom)
Total number of grid points: 286107 (5109 per atom)
Total number of grid points: 283210 (5057 per atom)
Total number of grid points: 278642 (4975 per atom)
Total number of grid points: 285911 (5105 per atom)
Total number of grid points: 279888 (4998 per atom)
Total number of grid points: 279736 (4995 per atom)
Total number of grid points: 278993 (4982 per atom)
Total number of grid points: 285815 (5103 per atom)
[CRAYBLAS_WARNING] Application linked against multiple cray-libsci libraries
3358
   10     | -1371.9225188418 |   8.3621e-06   |    0.8087     |    0.2551
   11     | -1371.9225209842 |   4.4741e-07   |    0.9817     |    0.4693
   12     | -1371.9225210534 |   1.9548e-07   |    0.9820     |    0.1861
   13     | -1371.9225210989 |   4.1069e-08   |    1.0924     |    0.2043
   14     | -1371.9225211090 |   4.3638e-09   |    1.2676     |    0.2442
   15     | -1371.9225211099 |   1.0363e-09   |    1.1481     |    0.2072
   16     | -1371.9225211100 |   5.9447e-10   |    1.3348     |    0.3112
   17     | -1371.9225211101 |   5.1118e-11   |    1.3200     |    0.2373
Created 549926 / 2005056 significant shell pairs
Created 425935 / 1527696 significant shell pairs
Total number of grid points: 282197 (5039 per atom)
One electron integrals and orthogonalizer took 0.082986s
Created 425935 / 1527696 significant shell pairs
3C integrals and B formation took 1.656492s
Iteration |      Energy      |  DIIS Metric   | Fock Time (s) | DIIS Time (s)
----------+------------------+----------------+---------------+--------------
    1     | -1380.2979424383 |   8.5329e+02   |    1.3388     |    0.2718
    2     | -1371.0131714632 |   3.3846e+00   |    1.3686     |    0.4581
    3     | -1370.4509508371 |   5.5209e+00   |    1.1377     |    0.3841
    4     | -1371.8786882024 |   1.2639e-01   |    1.0475     |    0.4680
    5     | -1371.8877855747 |   9.0070e-02   |    0.9780     |    0.3368
    6     | -1371.9109424325 |   1.0314e-02   |    1.2896     |    0.3741
    7     | -1371.9134747741 |   2.0617e-03   |    1.3304     |    0.3362
    8     | -1371.9139669224 |   6.0881e-04   |    1.3488     |    0.2885
    9     | -1371.9141442333 |   3.9241e-05   |    1.1692     |    0.2142
   10     | -1371.9141511361 |   1.5969e-05   |    1.1833     |    0.2146
   11     | -1371.9141552188 |   1.3274e-06   |    1.1831     |    0.2140
   12     | -1371.9141555343 |   2.5545e-07   |    1.3690     |    0.1861
   13     | -1371.9141555890 |   6.8975e-08   |    1.2093     |    0.1867
   14     | -1371.9141556071 |   7.1107e-09   |    1.0080     |    0.2142
   15     | -1371.9141556087 |   1.6455e-09   |    1.0814     |    0.3300
   16     | -1371.9141556086 |   1.7380e-09   |    1.1947     |    0.2141
   17     | -1371.9141556091 |   1.7186e-10   |    1.1837     |    0.2144
   18     | -1371.9141556091 |   7.7620e-11   |    1.3696     |    0.1872
Created 566000 / 2005056 significant shell pairs
Created 438570 / 1527696 significant shell pairs
Total number of grid points: 283198 (5057 per atom)
One electron integrals and orthogonalizer took 0.123474s
Created 438570 / 1527696 significant shell pairs
3C integrals and B formation took 1.730898s
Iteration |      Energy      |  DIIS Metric   | Fock Time (s) | DIIS Time (s)
----------+------------------+----------------+---------------+--------------
    1     | -1380.2993365889 |   8.5331e+02   |    1.3434     |    0.2744
    2     | -1371.0141665098 |   3.3825e+00   |    1.1829     |    0.2144
    3     | -1370.4523224136 |   5.5197e+00   |    1.3855     |    0.1870
    4     | -1371.8809405236 |   1.1791e-01   |    1.0505     |    0.2091
    5     | -1371.8938890729 |   7.0457e-02   |    1.2108     |    0.2093
    6     | -1371.9103856474 |   1.0655e-02   |    1.3611     |    0.3329
    7     | -1371.9129047917 |   2.5654e-03   |    1.2318     |    0.3143
    8     | -1371.9136003094 |   5.3206e-04   |    1.1407     |    0.2798
    9     | -1371.9137453617 |   4.1708e-05   |    1.0185     |    0.3361
   10     | -1371.9137530033 |   1.5552e-05   |    0.9251     |    0.1861
   11     | -1371.9137570887 |   1.1517e-06   |    1.2541     |    0.3128
   12     | -1371.9137573553 |   2.3484e-07   |    1.2310     |    0.3144
   13     | -1371.9137574076 |   5.7587e-08   |    1.3086     |    0.2080
   14     | -1371.9137574226 |   3.6669e-09   |    1.0527     |    0.2712
   15     | -1371.9137574232 |   1.6620e-09   |    1.0197     |    0.3375
   16     | -1371.9137574234 |   8.0410e-10   |    1.1350     |    0.3660
   17     | -1371.9137574236 |   1.5443e-10   |    1.3660     |    0.2998
   18     | -1371.9137574237 |   3.9350e-11   |    1.2281     |    0.3140
Created 562157 / 2005056 significant shell pairs
Created 435749 / 1527696 significant shell pairs
Total number of grid points: 284017 (5071 per atom)
One electron integrals and orthogonalizer took 0.123147s
Created 435749 / 1527696 significant shell pairs
3C integrals and B formation took 1.826479s
Iteration |      Energy      |  DIIS Metric   | Fock Time (s) | DIIS Time (s)
----------+------------------+----------------+---------------+--------------
    1     | -1380.3074572905 |   8.5421e+02   |    1.2583     |    0.3377
    2     | -1371.0187053794 |   3.3890e+00   |    1.3420     |    0.4584
    3     | -1370.4571495913 |   5.5175e+00   |    1.3489     |    0.4283
    4     | -1371.8854722252 |   1.2505e-01   |    1.0712     |    0.3693
    5     | -1371.9047312296 |   5.8215e-02   |    1.0518     |    0.3688
    6     | -1371.9189200392 |   3.8516e-03   |    1.2084     |    0.4584
    7     | -1371.9194516948 |   1.7930e-03   |    1.1351     |    0.3863
    8     | -1371.9199296256 |   2.4243e-04   |    1.3463     |    0.2975
    9     | -1371.9199932685 |   2.4833e-05   |    1.0141     |    0.2062
   10     | -1371.9199979859 |   9.1173e-06   |    0.9825     |    0.2147
   11     | -1371.9200005065 |   5.2468e-07   |    1.2434     |    0.2960
   12     | -1371.9200006030 |   1.8542e-07   |    1.3111     |    0.2500
   13     | -1371.9200006430 |   4.1969e-08   |    1.3291     |    0.1870
   14     | -1371.9200006532 |   4.8627e-09   |    1.0373     |    0.3256
   15     | -1371.9200006544 |   7.0870e-10   |    1.0931     |    0.3265
   16     | -1371.9200006544 |   7.8928e-10   |    1.3120     |    0.2703
   17     | -1371.9200006546 |   1.0199e-10   |    1.1816     |    0.3374
   18     | -1371.9200006546 |   2.2461e-11   |    1.3482     |    0.2743
Created 548954 / 2005056 significant shell pairs
Created 425080 / 1527696 significant shell pairs
Total number of grid points: 282121 (5037 per atom)
One electron integrals and orthogonalizer took 0.174393s
Created 425080 / 1527696 significant shell pairs
3C integrals and B formation took 1.718425s
Iteration |      Energy      |  DIIS Metric   | Fock Time (s) | DIIS Time (s)
----------+------------------+----------------+---------------+--------------
    1     | -1380.3037827986 |   8.5338e+02   |    1.1790     |    0.3627
    2     | -1371.0183564098 |   3.3943e+00   |    1.2745     |    0.2857
    3     | -1370.4626365935 |   5.5159e+00   |    1.1885     |    0.2143
    4     | -1371.8846614398 |   1.2857e-01   |    1.0654     |    0.2992
    5     | -1371.9017046185 |   6.6603e-02   |    1.1201     |    0.2994
    6     | -1371.9182878404 |   5.1722e-03   |    1.2322     |    0.2145
    7     | -1371.9192630862 |   1.6072e-03   |    1.1779     |    0.2147
    8     | -1371.9196196193 |   3.5393e-04   |    1.1783     |    0.2145
    9     | -1371.9197200278 |   2.7257e-05   |    1.0654     |    0.3012
   10     | -1371.9197255227 |   9.0473e-06   |    1.1013     |    0.3195
   11     | -1371.9197279801 |   3.3237e-07   |    1.2297     |    0.2144
   12     | -1371.9197280243 |   1.7662e-07   |    1.1790     |    0.2143
   13     | -1371.9197280678 |   2.6232e-08   |    1.1787     |    0.2141
   14     | -1371.9197280741 |   2.6511e-09   |    1.0660     |    0.2992
   15     | -1371.9197280747 |   7.7446e-10   |    1.1191     |    0.3030
   16     | -1371.9197280746 |   9.2662e-10   |    1.2305     |    0.2142
   17     | -1371.9197280749 |   5.0493e-11   |    1.1788     |    0.2144
Created 565744 / 2005056 significant shell pairs
Created 438365 / 1527696 significant shell pairs
Total number of grid points: 274818 (4907 per atom)
One electron integrals and orthogonalizer took 0.173634s
Created 438365 / 1527696 significant shell pairs
3C integrals and B formation took 1.870095s
Iteration |      Energy      |  DIIS Metric   | Fock Time (s) | DIIS Time (s)
----------+------------------+----------------+---------------+--------------
    1     | -1380.3103256107 |   8.5534e+02   |    1.2800     |    0.3549
    2     | -1371.0165754923 |   3.4138e+00   |    1.1815     |    0.2144
    3     | -1370.4252408399 |   5.6531e+00   |    1.3637     |    0.2320
    4     | -1371.8688760005 |   1.8599e-01   |    1.0333     |    0.2114
    5     | -1371.8902971356 |   1.1421e-01   |    1.1835     |    0.2141
    6     | -1371.9201640545 |   8.2025e-03   |    1.1823     |    0.2147
    7     | -1371.9217564693 |   2.3008e-03   |    1.3626     |    0.2319
    8     | -1371.9222596644 |   6.9192e-04   |    1.2050     |    0.1867
    9     | -1371.9224539419 |   3.1330e-05   |    1.0082     |    0.2144
   10     | -1371.9224604893 |   8.7909e-06   |    1.0659     |    0.2987
   11     | -1371.9224627552 |   4.1926e-07   |    1.2384     |    0.2142
   12     | -1371.9224628119 |   2.1022e-07   |    1.1817     |    0.2144
   13     | -1371.9224628606 |   4.0021e-08   |    1.3631     |    0.2334
   14     | -1371.9224628707 |   6.1509e-09   |    1.0504     |    0.1953
   15     | -1371.9224628722 |   1.0707e-09   |    1.2086     |    0.2111
   16     | -1371.9224628723 |   7.0943e-10   |    1.1817     |    0.2146
   17     | -1371.9224628725 |   9.9342e-11   |    1.3632     |    0.2327
Created 564297 / 2005056 significant shell pairs
Created 437490 / 1527696 significant shell pairs
Total number of grid points: 284882 (5087 per atom)
One electron integrals and orthogonalizer took 0.122925s
Created 437490 / 1527696 significant shell pairs
3C integrals and B formation took 1.810276s
Iteration |      Energy      |  DIIS Metric   | Fock Time (s) | DIIS Time (s)
----------+------------------+----------------+---------------+--------------
    1     | -1380.3037312985 |   8.5422e+02   |    1.2688     |    0.3563
    2     | -1371.0174641562 |   3.4024e+00   |    1.2264     |    0.2745
    3     | -1370.4297337065 |   5.5999e+00   |    1.3726     |    0.1872
    4     | -1371.8661019075 |   1.9602e-01   |    1.0072     |    0.2143
    5     | -1371.8903555813 |   1.1445e-01   |    1.1815     |    0.2143
    6     | -1371.9203808870 |   9.6814e-03   |    1.1822     |    0.2144
    7     | -1371.9225469390 |   1.7529e-03   |    1.3731     |    0.1870
    8     | -1371.9229470551 |   4.0334e-04   |    1.2371     |    0.1836
    9     | -1371.9230481156 |   2.7468e-05   |    1.0080     |    0.2143
   10     | -1371.9230528264 |   1.1488e-05   |    1.0817     |    0.3300
   11     | -1371.9230559972 |   7.9371e-07   |    1.1942     |    0.2142
   12     | -1371.9230561682 |   1.9794e-07   |    1.1822     |    0.2145
   13     | -1371.9230562091 |   5.4235e-08   |    1.3750     |    0.1870
   14     | -1371.9230562220 |   5.8848e-09   |    1.0063     |    0.2142
   15     | -1371.9230562233 |   1.4236e-09   |    1.1822     |    0.2144
   16     | -1371.9230562234 |   1.0395e-09   |    1.1816     |    0.2142
   17     | -1371.9230562237 |   6.9562e-11   |    1.3724     |    0.1867
Created 543814 / 2005056 significant shell pairs
Created 421862 / 1527696 significant shell pairs
Total number of grid points: 278826 (4979 per atom)
One electron integrals and orthogonalizer took 0.122799s
Created 421862 / 1527696 significant shell pairs
3C integrals and B formation took 1.813850s
Iteration |      Energy      |  DIIS Metric   | Fock Time (s) | DIIS Time (s)
----------+------------------+----------------+---------------+--------------
    1     | -1380.3018820500 |   8.5125e+02   |    1.1893     |    0.2471
    2     | -1371.0250198954 |   3.4050e+00   |    1.2176     |    0.2704
    3     | -1370.4625587168 |   5.5384e+00   |    1.2999     |    0.2923
    4     | -1371.8923942632 |   1.3697e-01   |    1.0689     |    0.2992
    5     | -1371.9153945329 |   5.2773e-02   |    1.1216     |    0.3014
    6     | -1371.9283443092 |   3.6553e-03   |    1.2322     |    0.2146
    7     | -1371.9288814867 |   1.7271e-03   |    1.1788     |    0.2145
    8     | -1371.9293111827 |   2.4953e-04   |    1.1810     |    0.2144
    9     | -1371.9293778249 |   1.5087e-05   |    1.0655     |    0.2994
   10     | -1371.9293807957 |   4.0208e-06   |    1.1210     |    0.2994
   11     | -1371.9293818579 |   1.9002e-07   |    1.2332     |    0.2145
   12     | -1371.9293818736 |   1.3390e-07   |    1.1794     |    0.2143
   13     | -1371.9293819093 |   1.6487e-08   |    1.1783     |    0.2141
   14     | -1371.9293819133 |   2.8817e-09   |    1.0662     |    0.2990
   15     | -1371.9293819140 |   5.0033e-10   |    1.1217     |    0.3011
   16     | -1371.9293819140 |   5.6454e-10   |    1.2312     |    0.2146
   17     | -1371.9293819142 |   6.0248e-11   |    1.1793     |    0.2144
Created 554202 / 2005056 significant shell pairs
Created 429849 / 1527696 significant shell pairs
Total number of grid points: 284892 (5087 per atom)
One electron integrals and orthogonalizer took 0.171956s
Created 429849 / 1527696 significant shell pairs
3C integrals and B formation took 1.813011s
Iteration |      Energy      |  DIIS Metric   | Fock Time (s) | DIIS Time (s)
----------+------------------+----------------+---------------+--------------
    1     | -1380.2888145147 |   8.5144e+02   |    1.2682     |    0.3568
    2     | -1371.0146325191 |   3.3794e+00   |    1.2267     |    0.2744
    3     | -1370.4536668156 |   5.5027e+00   |    1.3771     |    0.1868
    4     | -1371.8782966493 |   1.3559e-01   |    1.0076     |    0.2143
    5     | -1371.8984248672 |   5.9445e-02   |    1.1826     |    0.2144
    6     | -1371.9119774185 |   1.0517e-02   |    1.1829     |    0.2142
    7     | -1371.9146603345 |   2.1797e-03   |    1.3766     |    0.1867
    8     | -1371.9152350832 |   4.5756e-04   |    1.2555     |    0.1677
    9     | -1371.9153550648 |   3.7945e-05   |    1.0042     |    0.2146
   10     | -1371.9153636124 |   1.0354e-05   |    1.0833     |    0.2897
   11     | -1371.9153662924 |   9.1544e-07   |    1.1887     |    0.2141
   12     | -1371.9153664898 |   2.0378e-07   |    1.1832     |    0.2143
   13     | -1371.9153665350 |   4.1923e-08   |    1.3768     |    0.1871
   14     | -1371.9153665457 |   2.1906e-09   |    1.0077     |    0.2144
   15     | -1371.9153665460 |   1.1604e-09   |    1.1815     |    0.2144
   16     | -1371.9153665461 |   8.4907e-10   |    1.1822     |    0.2141
   17     | -1371.9153665463 |   8.8807e-11   |    1.3771     |    0.187==Created 564141 / 2005056 significant shell pairs
Created 437589 / 1527696 significant shell pairs
Total number of grid points: 283488 (5062 per atom)
One electron integrals and orthogonalizer took 0.123718s
Created 437589 / 1527696 significant shell pairs
3C integrals and B formation took 1.813137s
Iteration |      Energy      |  DIIS Metric   | Fock Time (s) | DIIS Time (s)
----------+------------------+----------------+---------------+--------------
    1     | -1380.2928757082 |   8.5230e+02   |    1.2676     |    0.3569
    2     | -1371.0157148321 |   3.3687e+00   |    1.2260     |    0.2742
    3     | -1370.4584195767 |   5.4589e+00   |    1.3710     |    0.1865
    4     | -1371.8720231794 |   1.5019e-01   |    1.0085     |    0.2143
    5     | -1371.8884319576 |   8.7102e-02   |    1.1833     |    0.2147
    6     | -1371.9106774452 |   1.3397e-02   |    1.1829     |    0.2143
    7     | -1371.9142784296 |   1.9983e-03   |    1.3699     |    0.1868
    8     | -1371.9147470640 |   5.7272e-04   |    1.2116     |    0.1868
    9     | -1371.9148997355 |   4.4621e-05   |    1.0081     |    0.2141
   10     | -1371.9149095810 |   1.2261e-05   |    1.0810     |    0.3306
   11     | -1371.9149126737 |   1.0617e-06   |    1.1931     |    0.2=======================================================
                 SVWN5 Energy Results                  
=======================================================
E SVWN5               : -1371.91491297
Nuclear Repulsion Energy: 3417.17895263
Electronic Energy:        -4599.00201929
XC Energy:                -190.091846
Converged:                1
# of SCF iterations:      17
SCF Time:                 27.025s

==============================Created 555534 / 2005056 significant shell pairs
Created 430997 / 1527696 significant shell pairs
Total number of grid points: 281119 (5019 per atom)
One electron integrals and orthogonalizer took 0.123635s
Created 430997 / 1527696 significant shell pairs
3C integrals and B formation took 1.814531s
Iteration |      Energy      |  DIIS Metric   | Fock Time (s) | DIIS Time (s)
----------+------------------+----------------+---------------+--------------
    1     | -1380.2971330549 |   8.5235e+02   |    1.2182     |    0.3784
    2     | -1371.0217581488 |   3.3790e+00   |    1.1819     |    0.2857
    3     | -1370.4695064887 |   5.4511e+00   |    1.1913     |    0.2145
    4     | -1371.8856691681 |   1.3432e-01   |    1.0659     |    0.3011
    5     | -1371.9081350785 |   5.5283e-02   |    1.1201     |    0=======================================================
                 SVWN5 Energy Results                  
=======================================================
E SVWN5               : -1371.92277961
Nuclear Repulsion Energy: 3395.70880911
Electronic Energy:        -4577.53739775
XC Energy:                -190.094191
Converged:                1
# of SCF iterations:      17
SCF Time:                 27.027s

=======================================================
            Individual Calculation Summary             
=======================================================
HF Energy: -1371.9227796073162153
=======================================================


Topology 10 time: 27.195189 s, performance: SP: 0 FLOP/s, DP: 323.8 GFLOP/s
JSON file written to: json_logs/lustre_orion_chm213_scratch_ryan_dhdft_inputs_exess_exess_inputs_SVWN5_def2-TZVP_isomers_2080-2099_topology_Created 561020 / 2005056 significant shell pairs
Created 434761 / 1527696 significant shell pairs
Total number of grid points: 290303 (5183 per atom)
One electron integrals and orthogonalizer took 0.123849s
Created 434761 / 1527696 significant shell pairs
3C integrals and B formation took 1.813548s
Iteration |      Energy      |  DIIS Metric   | Fock Time (s) | DIIS Time (s=======================================================
                 SVWN5 Energy Results                  
=======================================================
E SVWN5               : -1371.9129279
Nuclear Repulsion Energy: 3411.3636607
Electronic Energy:        -4593.18733529
XC Energy:                -190.089253
Converged:                1
# of SCF iterations:      18
SCF Time:                 28.442s

=======================================================
            Individual Calculation Summary             
=======================================================
HF Energy: -1371.9129278958155282
=======================================================


Topology 11 time: 28.612979 s, performance: SP: 0 FLOP/s, DP: 311.8 GFLOP/s
JSON file written to: json_logs/lustre_orion_chm213_scratch_ryan_dhdft_inputs_exess_exess_inputs_SVWN5_def2-TZVP_isomers_2080-2099_topology_11.json
************************************************************
**************** Running topology 13 of 20 *****************
************************************************************

************************************************************
**************** Beginning RI-SVWN5 energy *****************
************************************************************

=======================================================
                 SVWN5 Energy Results                  
=======================================================
E SVWN5               : -1371.90653623
Nuclear Repulsion Energy: 3412.91028105
Electronic Energy:        -4594.72803019
XC Energy:                -190.088787
Converged:                1
# of SCF iterations:      18
SCF Time:                 28.442s

=======================================================
            Individual Calculation Summary             
=======================================================
HF Energy: -1371.9065362264132091
=======================================================


Topology 12 time: 28.615588 s, performance: SP: 0 FLOP/s, DP: 312.8 GFLOP/s
JSON file written to: json_logs/lustre_orion_chm213_scratch_ryan_dhdft_inputs_exess_exess_inputs_SVWN5_def2-TZVP_isomers_2080-2099_topology_12.json
************************************************************
**************** Running topology 14 of 20 *****************
************************************************************

************************************************************
**************** Beginning RI-SVWN5 energy *****************
************************************************************

=======================================================
                 SVWN5 Energy Results                  
=======================================================
E SVWN5               : -1371.91657443
Nuclear Repulsion Energy: 3391.10324327
Electronic Energy:        -4572.92882592
XC Energy:                -190.090992
Converged:                1
# of SCF iterations:      18
SCF Time:                 28.931s

=======================================================
            Individual Calculation Summary             
=======================================================
HF Energy: -1371.9165744317303961
=======================================================


Topology 13 time: 29.105444 s, performance: SP: 0 FLOP/s, DP: 303.8 GFLOP/s
JSON file written to: json_logs/lustre_orion_chm213_scratch_ryan_dhdft_inputs_exess_exess_inputs_SVWN5_def2-TZVP_isomers_2080-2099_topology_13.json
************************************************************
**************** Running topology 15 of 20 *****************
************************************************************

************************************************************
**************** Beginning RI-SVWN5 energy *****************
************************************************************

=======================================================
                 SVWN5 Energy Results                  
=======================================================
E SVWN5               : -1371.91633419
Nuclear Repulsion Energy: 3413.14249073
Electronic Energy:        -4594.96158431
XC Energy:                -190.097241
Converged:                1
# of SCF iterations:      18
SCF Time:                 28.481s

=======================================================
            Individual Calculation Summary             
=======================================================
HF Energy: -1371.9163341910639247
=======================================================


Topology 14 time: 28.657165 s, performance: SP: 0 FLOP/s, DP: 312.1 GFLOP/s
JSON file written to: json_logs/lustre_orion_chm213_scratch_ryan_dhdft_inputs_exess_exess_inputs_SVWN5_def2-TZVP_isomers_2080-2099_topology_14.json
************************************************************
**************** Running topology 16 of 20 *****************
************************************************************

************************************************************
**************** Beginning RI-SVWN5 energy *****************
************************************************************

=======================================================
                 SVWN5 Energy Results                  
=======================================================
E SVWN5               : -1371.92742309
Nuclear Repulsion Energy: 3358.67325083
Electronic Energy:        -4540.50753233
XC Energy:                -190.093142
Converged:                1
# of SCF iterations:      17
SCF Time:                 26.845s

=======================================================
            Individual Calculation Summary             
=======================================================
HF Energy: -1371.9274230939718109
=======================================================


Topology 15 time: 27.016377 s, performance: SP: 0 FLOP/s, DP: 318.7 GFLOP/s
JSON file written to: json_logs/lustre_orion_chm213_scratch_ryan_dhdft_inputs_exess_exess_inputs_SVWN5_def2-TZVP_isomers_2080-2099_topology_15.json
************************************************************
**************** Running topology 17 of 20 *****************
************************************************************

************************************************************
**************** Beginning RI-SVWN5 energy *****************
************************************************************

=======================================================
                 SVWN5 Energy Results                  
=======================================================
E SVWN5               : -1371.91953422
Nuclear Repulsion Energy: 3403.70379121
Electronic Energy:        -4585.53026912
XC Energy:                -190.093056
Converged:                1
# of SCF iterations:      17
SCF Time:                 27.676s

=======================================================
            Individual Calculation Summary             
=======================================================
HF Energy: -1371.9195342235752832
=======================================================


Topology 16 time: 27.852616 s, performance: SP: 0 FLOP/s, DP: 318 GFLOP/s
JSON file written to: json_logs/lustre_orion_chm213_scratch_ryan_dhdft_inputs_exess_exess_inputs_SVWN5_def2-TZVP_isomers_2080-2099_topology_16.json
************************************************************
**************** Running topology 18 of 20 *****************
************************************************************

************************************************************
**************** Beginning RI-SVWN5 energy *****************
************************************************************

=======================================================
                 SVWN5 Energy Results                  
=======================================================
E SVWN5               : -1371.9188332
Nuclear Repulsion Energy: 3392.59363724
Electronic Energy:        -4574.41957744
XC Energy:                -190.092893
Converged:                1
# of SCF iterations:      17
SCF Time:                 27.344s

=======================================================
            Individual Calculation Summary             
=======================================================
HF Energy: -1371.9188332035469102
=======================================================


Topology 17 time: 27.521288 s, performance: SP: 0 FLOP/s, DP: 318.7 GFLOP/s
JSON file written to: json_logs/lustre_orion_chm213_scratch_ryan_dhdft_inputs_exess_exess_inputs_SVWN5_def2-TZVP_isomers_2080-2099_topology_17.json
************************************************************
**************** Running topology 19 of 20 *****************
************************************************************

************************************************************
**************** Beginning RI-SVWN5 energy *****************
************************************************************

=======================================================
                 SVWN5 Energy Results                  
=======================================================
E SVWN5               : -1371.90451688
Nuclear Repulsion Energy: 3400.79234683
Electronic Energy:        -4582.60896249
XC Energy:                -190.087901
Converged:                1
# of SCF iterations:      18
SCF Time:                 29.32s

=======================================================
            Individual Calculation Summary             
=======================================================
HF Energy: -1371.9045168771938279
=======================================================


Topology 18 time: 29.499326 s, performance: SP: 0 FLOP/s, DP: 301.9 GFLOP/s
JSON file written to: json_logs/lustre_orion_chm213_scratch_ryan_dhdft_inputs_exess_exess_inputs_SVWN5_def2-TZVP_isomers_2080-2099_topology_18.json
************************************************************
**************** Running topology 20 of 20 *****************
************************************************************

************************************************************
**************** Beginning RI-SVWN5 energy *****************
************************************************************

=======================================================
                 SVWN5 Energy Results                  
=======================================================
E SVWN5               : -1371.91436525
Nuclear Repulsion Energy: 3373.10340203
Electronic Energy:        -4554.92786182
XC Energy:                -190.089905
Converged:                1
# of SCF iterations:      18
SCF Time:                 28.417s

=======================================================
            Individual Calculation Summary             
=======================================================
HF Energy: -1371.9143652465108971
=======================================================


Topology 19 time: 28.596079 s, performance: SP: 0 FLOP/s, DP: 306.1 GFLOP/s
JSON file written to: json_logs/lustre_orion_chm213_scratch_ryan_dhdft_inputs_exess_exess_inputs_SVWN5_def2-TZVP_isomers_2080-2099_topology_19.json
Total flops: SP: 0 FLOPS, DP: 176.99087 TFLOPS
Performance: SP: 0 FLOP/s, DP: 311.1 GFLOP/s

Now, a word from our sponsors... 
 Nothing like doing a set of dgemms by using dspmv and then dgemv

[31mTotal processing time 569.179744 seconds[0m
[CRAYBLAS_WARNING] Application linked against multiple cray-libsci libraries
1.0782     |    0.2880
   11     | -1371.9188328859 |   1.0590e-06   |    1.2365     |    0.2285
   12     | -1371.9188331440 |   1.9485e-07   |    1.3627     |    0.1871
   13     | -1371.9188331794 |   8.2528e-08   |    1.2095     |    0.1870
   14     | -1371.9188332020 |   5.1989e-09   |    1.0060     |    0.2143
   15     | -1371.9188332031 |   1.8196e-09   |    1.1807     |    0.2287
   16     | -1371.9188332034 |   5.5612e-10   |    1.3620     |    0.3329
   17     | -1371.9188332035 |   7.7272e-11   |    1.1451     |    0.3364
Created 559660 / 2005056 significant shell pairs
Created 433770 / 1527696 significant shell pairs
Total number of grid points: 287347 (5131 per atom)
One electron integrals and orthogonalizer took 0.123232s
Created 433770 / 1527696 significant shell pairs
3C integrals and B formation took 1.821374s
Iteration |      Energy      |  DIIS Metric   | Fock Time (s) | DIIS Time (s)
----------+------------------+----------------+---------------+--------------
    1     | -1380.2867741383 |   8.5132e+02   |    1.2227     |    0.3784
    2     | -1371.0075829514 |   3.3662e+00   |    1.2269     |    0.2744
    3     | -1370.4534188060 |   5.4666e+00   |    1.3742     |    0.1868
    4     | -1371.8612043672 |   1.5467e-01   |    1.0086     |    0.2144
    5     | -1371.8659161828 |   1.1828e-01   |    1.1829     |    0.2287
    6     | -1371.8928257096 |   3.3221e-02   |    1.3679     |    0.3329
    7     | -1371.9037497508 |   2.2349e-03   |    1.2310     |    0.3146
    8     | -1371.9043106517 |   7.2584e-04   |    1.1411     |    0.2793
    9     | -1371.9045028493 |   4.9744e-05   |    1.1058     |    0.3146
   10     | -1371.9045127468 |   1.4882e-05   |    0.9249     |    0.1880
   11     | -1371.9045163319 |   1.7903e-06   |    1.2543     |    0.3105
   12     | -1371.9045167786 |   3.3209e-07   |    1.2316     |    0.3148
   13     | -1371.9045168595 |   6.5177e-08   |    1.3286     |    0.2095
   14     | -1371.9045168758 |   4.6868e-09   |    0.9765     |    0.2153
   15     | -1371.9045168763 |   2.6426e-09   |    1.0246     |    0.3138
   16     | -1371.9045168760 |   3.4549e-09   |    1.1361     |    0.3661
   17     | -1371.9045168772 |   1.6167e-10   |    1.3672     |    0.2968
   18     | -1371.9045168772 |   3.1068e-11   |    1.2574     |    0.2557
Created 549154 / 2005056 significant shell pairs
Created 425535 / 1527696 significant shell pairs
Total number of grid points: 278696 (4976 per atom)
One electron integrals and orthogonalizer took 0.042443s
Created 425535 / 1527696 significant shell pairs
3C integrals and B formation took 1.825502s
Iteration |      Energy      |  DIIS Metric   | Fock Time (s) | DIIS Time (s)
----------+------------------+----------------+---------------+--------------
    1     | -1380.2889985915 |   8.5151e+02   |    1.1869     |    0.2473
    2     | -1371.0148952515 |   3.3730e+00   |    1.2406     |    0.3659
    3     | -1370.4623667736 |   5.4381e+00   |    1.1899     |    0.2142
    4     | -1371.8754062382 |   1.3719e-01   |    1.1813     |    0.2144
    5     | -1371.8911737985 |   8.2566e-02   |    1.0656     |    0.2994
    6     | -1371.9111459977 |   1.0719e-02   |    1.2335     |    0.2143
    7     | -1371.9136455099 |   2.1910e-03   |    1.1812     |    0.2146
    8     | -1371.9141601972 |   6.6066e-04   |    1.3495     |    0.2463
    9     | -1371.9143536289 |   3.7579e-05   |    1.0037     |    0.2143
   10     | -1371.9143615703 |   1.2444e-05   |    1.1816     |    0.2144
   11     | -1371.9143649212 |   1.1290e-06   |    1.1798     |    0.2142
   12     | -1371.9143651836 |   2.1987e-07   |    1.3497     |    0.2465
   13     | -1371.9143652231 |   8.4786e-08   |    1.1983     |    0.1866
   14     | -1371.9143652446 |   6.6076e-09   |    1.0064     |    0.2143
   15     | -1371.9143652461 |   1.5563e-09   |    1.0660     |    0.2987
   16     | -1371.9143652461 |   1.4507e-09   |    1.2365     |    0.2142
   17     | -1371.9143652465 |   1.8182e-10   |    1.1813     |    0.2142
   18     | -1371.9143652465 |   6.4836e-11   |    1.3497     |    0.2457
Please cite the following papers for the methods used in this calculation:
 - J.L. Galvez Vallejo et. al., Toward an extreme-scale electronic structure system, J. Chem. Phys., 2023. DOI: 10.1063/5.0156399

 - R. Stocks, E. Palethorpe, and G.M.J. Barca, Multi-GPU RI-HF Energies and Analytic Gradients ─ Toward High-Throughput Ab Initio Molecular Dynamics, J. Chem. Theory Comput., 2024. DOI: 10.1021/acs.jctc.4c00877
   For:
     * RI-HF energy

 - D.B. Williams-Young, W.A. de Jong, H.J.J. van Dam, and C. Yang, On the Efficient Evaluation of the Exchange Correlation Potential on Graphics Processing Unit Clusters, Frontiers in Chemistry, 2020. DOI: 10.3389/fchem.2020.581058
   For:
     * GauXC implementation of exchange-correlation integration

 - R. Stocks and G.M.J. Barca, Efficient Algorithms for GPU Accelerated Evaluation of the DFT Exchange-Correlation Functional, J. Chem. Theory Comput., 2025. DOI: 10.1021/acs.jctc.5c01229
   For:
     * GPU accelerated DFT exchange-correlation evaluation

 - P. A. M. Dirac.,  Math. Proc. Cambridge Philos. Soc. 26, 376 (1930) DOI: 10.1017/S0305004100016108
   For:
     * lda_x XC Functional

 - S. H. Vosko, L. Wilk, and M. Nusair.,  Can. J. Phys. 58, 1200 (1980) DOI: 10.1139/p80-159
   For:
     * lda_c_vwn XC Functional

[CRAYBLAS_WARNING] Application linked against multiple cray-libsci libraries
