Total number of grid points: 343320 (5048 per atom)
Total number of grid points: 344986 (5073 per atom)
Total number of grid points: 342885 (5042 per atom)
Total number of grid points: 342939 (5043 per atom)
Total number of grid points: 344652 (5068 per atom)
Total number of grid points: 346466 (5095 per atom)
Total number of grid points: 341714 (5025 per atom)
Total number of grid points: 346698 (5098 per atom)
Total number of grid points: 345366 (5078 per atom)
Total number of grid points: 340713 (5010 per atom)
Total number of grid points: 341359 (5019 per atom)
Total number of grid points: 348672 (5127 per atom)
Total number of grid points: 343387 (5049 per atom)
Total number of grid points: 346467 (5095 per atom)
Total number of grid points: 342679 (5039 per atom)
Total number of grid points: 342583 (5037 per atom)
Total number of grid points: 340832 (5012 per atom)
Total number of grid points: 347284 (5107 per atom)
Total number of grid points: 341512 (5022 per atom)
Total number of grid points: 338517 (4978 per atom)
[CRAYBLAS_WARNING] Application linked against multiple cray-libsci libraries
6350
   10     | -1676.5325643016 |   1.9595e-05   |    1.3120     |    0.3516
   11     | -1676.5325692003 |   2.8465e-06   |    1.5955     |    0.6350
   12     | -1676.5325699438 |   1.8466e-07   |    1.4694     |    0.4635
   13     | -1676.5325699670 |   9.4155e-08   |    1.5579     |    0.3425
   14     | -1676.5325699903 |   1.2550e-08   |    1.3926     |    0.5150
   15     | -1676.5325699918 |   7.4618e-09   |    1.5808     |    0.3846
   16     | -1676.5325699935 |   1.3250e-09   |    1.5906     |    0.3149
   17     | -1676.5325699938 |   1.8049e-10   |    1.5916     |    0.4768
   18     | -1676.5325699938 |   6.9351e-11   |    1.5703     |    0.3780
Created 740451 / 2985984 significant shell pairs
Created 575617 / 2274064 significant shell pairs
Total number of grid points: 344155 (5061 per atom)
One electron integrals and orthogonalizer took 0.174873s
Created 575617 / 2274064 significant shell pairs
3C integrals and B formation took 2.753315s
Iteration |      Energy      |  DIIS Metric   | Fock Time (s) | DIIS Time (s)
----------+------------------+----------------+---------------+--------------
    1     | -1686.8362456284 |   1.0479e+03   |    1.5982     |    0.5904
    2     | -1675.4347176359 |   4.0510e+00   |    1.5351     |    0.5060
    3     | -1674.7953056591 |   6.4925e+00   |    1.5553     |    0.5562
    4     | -1676.4645812541 |   1.7492e-01   |    1.3394     |    0.5664
    5     | -1676.4856369687 |   8.9624e-02   |    1.2843     |    0.6210
    6     | -1676.5078383012 |   1.5272e-02   |    1.5029     |    0.5713
    7     | -1676.5111875326 |   5.0503e-03   |    1.4570     |    0.5430
    8     | -1676.5126595289 |   9.6546e-04   |    1.4786     |    0.4714
    9     | -1676.5129155174 |   3.9981e-05   |    1.2631     |    0.3364
   10     | -1676.5129225477 |   1.4980e-05   |    1.3591     |    0.4215
   11     | -1676.5129264935 |   7.8360e-07   |    1.4787     |    0.4737
   12     | -1676.5129266280 |   2.9478e-07   |    1.5750     |    0.3727
   13     | -1676.5129266891 |   7.5219e-08   |    1.5359     |    0.3832
   14     | -1676.5129267089 |   5.0220e-09   |    1.2046     |    0.3377
   15     | -1676.5129267099 |   1.1945e-09   |    1.2450     |    0.3382
   16     | -1676.5129267092 |   2.8231e-09   |    1.5746     |    0.3838
   17     | -1676.5129267101 |   3.5120e-10   |    1.4760     |    0.4751
   18     | -1676.5129267102 |   3.9234e-11   |    1.5152     |    0.4339
Created 735802 / 2985984 significant shell pairs
Created 572529 / 2274064 significant shell pairs
Total number of grid points: 347192 (5105 per atom)
One electron integrals and orthogonalizer took 0.095083s
Created 572529 / 2274064 significant shell pairs
3C integrals and B formation took 2.670529s
Iteration |      Energy      |  DIIS Metric   | Fock Time (s) | DIIS Time (s)
----------+------------------+----------------+---------------+--------------
    1     | -1686.8416852542 |   1.0486e+03   |    1.5871     |    0.3843
    2     | -1675.4384529152 |   4.0546e+00   |    1.5972     |    0.3911
    3     | -1674.7893138274 |   6.5098e+00   |    1.5813     |    0.3836
    4     | -1676.4714391393 |   1.7674e-01   |    1.3514     |    0.4757
    5     | -1676.4997106072 |   7.2518e-02   |    1.2223     |    0.4245
    6     | -1676.5167176774 |   8.4575e-03   |    1.5411     |    0.3837
    7     | -1676.5182214669 |   2.9615e-03   |    1.4760     |    0.3914
    8     | -1676.5188777587 |   7.7659e-04   |    1.5821     |    0.3836
    9     | -1676.5191175872 |   5.7916e-05   |    1.3529     |    0.4753
   10     | -1676.5191314190 |   1.4886e-05   |    1.2194     |    0.4248
   11     | -1676.5191351919 |   1.3719e-06   |    1.5367     |    0.3834
   12     | -1676.5191354993 |   2.7943e-07   |    1.4759     |    0.3924
   13     | -1676.5191355497 |   1.0532e-07   |    1.5828     |    0.3839
   14     | -1676.5191355766 |   8.2778e-09   |    1.3525     |    0.4751
   15     | -1676.5191355783 |   2.3013e-09   |    1.2212     |    0.4246
   16     | -1676.5191355782 |   2.7568e-09   |    1.5386     |    0.3832
   17     | -1676.5191355788 |   3.2058e-10   |    1.4988     |    0.3430
   18     | -1676.5191355789 |   1.0749e-10   |    1.5796     |    0.3837
   19     | -1676.5191355789 |   3.7653e-11   |    1.3504     |    0.4775
Created 732324 / 2985984 significant shell pairs
Created 569047 / 2274064 significant shell pairs
Total number of grid points: 346518 (5095 per atom)
One electron integrals and orthogonalizer took 0.135288s
Created 569047 / 2274064 significant shell pairs
3C integrals and B formation took 2.674929s
Iteration |      Energy      |  DIIS Metric   | Fock Time (s) | DIIS Time (s)
----------+------------------+----------------+---------------+--------------
    1     | -1686.8448687546 |   1.0502e+03   |    1.4214     |    0.4240
    2     | -1675.4389490472 |   4.0714e+00   |    1.5569     |    0.5947
    3     | -1674.7628010865 |   6.6155e+00   |    1.4756     |    0.5942
    4     | -1676.4529399121 |   2.5043e-01   |    1.2953     |    0.5058
    5     | -1676.4826025467 |   1.4340e-01   |    1.3035     |    0.5233
    6     | -1676.5203666403 |   1.2154e-02   |    1.4981     |    0.6761
    7     | -1676.5229131786 |   2.7589e-03   |    1.5294     |    0.6273
    8     | -1676.5233542622 |   1.3662e-03   |    1.5285     |    0.3832
    9     | -1676.5237784904 |   7.2902e-05   |    1.1811     |    0.3428
   10     | -1676.5237938975 |   2.0421e-05   |    1.2192     |    0.3436
   11     | -1676.5237988090 |   2.8793e-06   |    1.5561     |    0.4332
   12     | -1676.5237995264 |   2.8507e-07   |    1.4094     |    0.3430
   13     | -1676.5237995651 |   1.4772e-07   |    1.4746     |    0.3922
   14     | -1676.5237996025 |   1.1312e-08   |    1.2960     |    0.3842
   15     | -1676.5237996048 |   3.3430e-09   |    1.1735     |    0.3833
   16     | -1676.5237996050 |   2.6449e-09   |    1.4098     |    0.3436
   17     | -1676.5237996058 |   2.3621e-10   |    1.5566     |    0.4335
   18     | -1676.5237996058 |   1.4594e-10   |    1.4077     |    0.3428
   19     | -1676.5237996058 |   2.7130e-11   |    1.2213     |    0.3433
Created 730476 / 2985984 significant shell pairs
Created 567549 / 2274064 significant shell pairs
Total number of grid points: 342959 (5043 per atom)
One electron integrals and orthogonalizer took 0.135480s
Created 567549 / 2274064 significant shell pairs
3C integrals and B formation took 2.667950s
Iteration |      Energy      |  DIIS Metric   | Fock Time (s) | DIIS Time (s)
----------+------------------+----------------+---------------+--------------
    1     | -1686.8452713414 |   1.0505e+03   |    1.4145     |    0.4243
    2     | -1675.4353668632 |   4.0758e+00   |    1.5563     |    0.4739
    3     | -1674.7596776611 |   6.6163e+00   |    1.5273     |    0.3434
    4     | -1676.4564253322 |   2.2950e-01   |    1.2861     |    0.4238
    5     | -1676.4828810138 |   1.3677e-01   |    1.2326     |    0.4728
    6     | -1676.5184524580 |   1.0805e-02   |    1.5260     |    0.3437
    7     | -1676.5205733738 |   2.9633e-03   |    1.4346     |    0.4327
    8     | -1676.5211151323 |   1.2443e-03   |    1.4752     |    0.3528
    9     | -1676.5214950224 |   7.3057e-05   |    1.2509     |    0.3492
   10     | -1676.5215120325 |   1.6742e-05   |    1.3487     |    0.4241
   11     | -1676.5215161136 |   2.2443e-06   |    1.4748     |    0.4741
   12     | -1676.5215166531 |   2.9491e-07   |    1.4354     |    0.5149
   13     | -1676.5215166937 |   1.5146e-07   |    1.4748     |    0.3524
   14     | -1676.5215167315 |   1.3101e-08   |    1.3002     |    0.3431
   15     | -1676.5215167343 |   3.5512e-09   |    1.2195     |    0.3435
   16     | -1676.5215167347 |   2.3462e-09   |    1.4352     |    0.4340
   17     | -1676.5215167353 |   2.2493e-10   |    1.4747     |    0.3525
   18     | -1676.5215167353 |   1.7822e-10   |    1.4348     |    0.5146
   19     | -1676.5215167354 |   2.3354e-11   |    1.2732     |    0.4332
Created 760116 / 2985984 significant shell pairs
Created 591134 / 2274064 significant shell pairs
Total number of grid points: 337098 (4957 per atom)
One electron integrals and orthogonalizer took 0.135591s
Created 591134 / 2274064 significant shell pairs
3C integrals and B formation took 2.691648s
Iteration |      Energy      |  DIIS Metric   | Fock Time (s) | DIIS Time (s)
----------+------------------+----------------+---------------+--------------
    1     | -1686.8546218961 |   1.0518e+03   |    1.4948     |    0.3841
    2     | -1675.4391046993 |   4.0872e+00   |    1.5566     |    0.3914
    3     | -1674.7529741666 |   6.7040e+00   |    1.5337     |    0.3839
    4     | -1676.4623922147 |   2.1909e-01   |    1.1862     |    0.3430
    5     | -1676.4870415357 |   1.2996e-01   |    1.2267     |    0.3438
    6     | -1676.5217655026 |   1.1705e-02   |    1.5741     |    0.3838
    7     | -1676.5237955635 |   4.3750e-03   |    1.4766     |    0.4740
    8     | -1676.5248472944 |   1.1516e-03   |    1.5151     |    0.4341
    9     | -1676.5251688179 |   6.2868e-05   |    1.2989     |    0.3834
   10     | -1676.5251827649 |   1.4955e-05   |    1.1862     |    0.3433
   11     | -1676.5251864385 |   1.3083e-06   |    1.5312     |    0.4240
   12     | -1676.5251867184 |   3.1998e-07   |    1.4938     |    0.3834
   13     | -1676.5251867835 |   1.0046e-07   |    1.5564     |    0.3929
   14     | -1676.5251868082 |   6.4208e-09   |    1.2918     |    0.3835
   15     | -1676.5251868092 |   2.8963e-09   |    1.1796     |    0.3837
   16     | -1676.5251868096 |   1.4930e-09   |    1.4760     |    0.3925
   17     | -1676.5251868100 |   2.6999e-10   |    1.5756     |    0.3837
   18     | -1676.5251868100 |   6.1674e-11   |    1.5347     |    0.3434
Created 733853 / 2985984 significant shell pairs
Created 570007 / 2274064 significant shell pairs
Total number of grid points: 339196 (4988 per atom)
One electron integrals and orthogonalizer took 0.135499s
Created 570007 / 2274064 significant shell pairs
3C integrals and B formation took 2.675456s
Iteration |      Energy      |  DIIS Metric   | Fock Time (s) | DIIS Time (s)
----------+------------------+----------------+---------------+--------------
    1     | -1686.8415100905 |   1.0493e+03   |    1.4769     |    0.5135
    2     | -1675.4349198868 |   4.0872e+00   |    1.5562     |    0.3521
    3     | -1674.7619318978 |   6.6391e+00   |    1.5300     |    0.3434
    4     | -1676.4623847429 |   2.1089e-01   |    1.2890     |    0.4238
    5     | -1676.4797638508 |   1.4070e-01   |    1.2327     |    0.4732
    6     | -1676.5176130626 |   1.5709e-02   |    1.5278     |    0.3434
    7     | -1676.5215101818 |   2.5068e-03   |    1.5569     |    0.4321
    8     | -1676.5219377781 |   1.1218e-03   |    1.4762     |    0.4754
    9     | -1676.5222744915 |   5.0341e-05   |    1.2134     |    0.4244
   10     | -1676.5222853146 |   1.1911e-05   |    1.2967     |    0.3836
   11     | -1676.5222881996 |   9.3201e-07   |    1.4761     |    0.4758
   12     | -1676.5222883793 |   2.8023e-07   |    1.5155     |    0.4340
   13     | -1676.5222884402 |   6.9824e-08   |    1.5267     |    0.3427
   14     | -1676.5222884582 |   6.4836e-09   |    1.2218     |    0.3434
   15     | -1676.5222884593 |   2.4490e-09   |    1.2884     |    0.4236
   16     | -1676.5222884591 |   2.9640e-09   |    1.4770     |    0.4736
   17     | -1676.5222884600 |   1.1377e-10   |    1.5564     |    0.3923
   18     | -1676.5222884600 |   7.8560e-11   |    1.5294     |    0.3836
Created 722869 / 2985984 significant shell pairs
Created 561198 / 2274064 significant shell pairs
Total number of grid points: 344230 (5062 per atom)
One electron integrals and orthogonalizer took 0.054338s
Created 561198 / 2274064 significant shell pairs
3C integrals and B formation took 2.681860s
Iteration |      Energy      |  DIIS Metric   | Fock Time (s) | DIIS Time (s)
----------+------------------+----------------+---------------+--------------
    1     | -1686.8401476533 |   1.0496e+03   |    1.4446     |    0.4734
    2     | -1675.4352540555 |   4.0808e+00   |    1.5559     |    0.3919
    3     | -1674.7675326049 |   6.5990e+00   |    1.5312     |    0.3838
    4     | -1676.4606341231 |   2.1324e-01   |    1.1819     |    0.3430
    5     | -1676.4804861070 |   1.4192e-01   |    1.2221     |    0.3438
    6     | -1676.5192007478 |   1.1026e-02   |    1.5558     |    0.4327
    7     | -1676.5216503777 |   1.9915e-03   |    1.4766     |    0.4741
    8     | -1676.5219921774 |   8.3199e-04   |    1.5149     |    0.4340
    9     | -1676.5222204172 |   5.1303e-05   |    1.2941     |    0.3834
   10     | -1676.5222309540 |   1.7227e-05   |    1.1810     |    0.3429
   11     | -1676.5222353629 |   2.6429e-06   |    1.5278     |    0.4236
   12     | -1676.5222360916 |   3.3808e-07   |    1.4774     |    0.4739
   13     | -1676.5222361581 |   1.1632e-07   |    1.5558     |    0.3920
   14     | -1676.5222361875 |   8.8319e-09   |    1.2974     |    0.3836
   15     | -1676.5222361891 |   3.5403e-09   |    1.1749     |    0.3833
   16     | -1676.5222361897 |   1.1296e-09   |    1.4761     |    0.3923
   17     | -16=======================================================
                 SVWN5 Energy Results                  
=====================Created 725974 / 2985984 significant shell pairs
Created 563988 / 2274064 significant shell pairs
Total number of grid points: 339251 (4988 per atom)
One electron integrals and orthogonalizer took 0.136152s
Created 563988 / 2274064 significant shell pairs
3C integrals and B formation took 2.665694s
Iteration |      Energy      |  DIIS Metric   | Fock Time (s) | DIIS Time (s)
----------+------------------+----------------+---------------+--------------
    1     | -1686.8374428863 |   1.0480e+03   |    1.4856     |    0.5132
    2     | -1675.4357867509 |   4.0543e+00   |    1.5571     |    0.3513
    3     | -1674.7917469925 |   6.4898e+00   |    1.5265     |    0.3435
    4     | -1676.4651969763 |   1.8304e-01   |    1.2885     |    0.4241
    5     | -1676.4858827540 |   1.0419e-01   |    1.2326     |    0.4727
    6     | -1676.5110839279 |   1.5500e-02   |    1.5297     |    0.3438
    7     | -1676.5150788180 |   2.2805e-03   |    1.5567     |    0.4317
    8     | -1676.5155523850 |   8.7352e-04   |    1.4079     |    0.3429
    9     | -1676.5157892424 |   8.5258e-05   |    1.2216     |    0.3434
   10     | -16=======================================================
                 SVWN5 Energy Results                  
=======================================================
E SVWN5               : -1676.51581566
Nuclear Repulsion Energy: 4620.46901216
Electronic Energy:        -6064.79016391
XC Energy:                -232.194664
Converged:                1
# of SCF iterations:      19
SCF Time:                 38.099s

=======================================================
            Individual Calculation Summary             
=======================================================
HF Energy: -1676.5158156633240196
=======================================================


Topology 8 time: 38.333604 s, performance: SP: Created 721601 / 2985984 significant shell pairs
Created 559997 / 2274064 significant shell pairs
Total number of grid points: 345055 (5074 per atom)
One electron integrals and orthogonalizer took 0.136172s
Created 559997 / 2274064 significant shell pairs
3C integrals and B formation took 2.683324s
Iteration |      Energy      |  DIIS Metric   | Fock Time (s) | DIIS Time (s)
----------+------------------+----------------+---------------+--------------
    1     | -1686.8367426647 |   1.0492e+03   |    1.4763     |    0.4734
    2     | -16=======================================================
                 SVWN5 Energy Results                  
=======================================================
E SVWN5               : -1676.51718824
Nuclear Repulsion Energy: 4598.30252968
Electronic Energy:        -6042.62381413
XC Energy:                -232.195904
Converged:                1
# of SCF iterations:      18
SCF Time:                 35.986s

=======================================================
            Individual Calculation Summary             
=======================================================
HF Energy: -1676.5171882368128990
=======================================================


Topology 9 time: 36.220975 s, performance: SP: 0 FLOP/s, DP: 469.6 GFLOP/s
JSON file written to: json_logs/lustre_orion_chm213_scratch_ryan_dhdft_inputs_exess_exess_inputs_SVWN5_def2-TZVP_isomers_37520-37539_topology_9.json
************************************************************
**************** Running topology 11 of 20 *****************
************************************************************

************************************************************
**************** Beginning RI-SVWN5 energy *****************
***********************************Created 717685 / 2985984 si=======================================================
                 SVWN5 Energy Results                  
=======================================================
E SVWN5               : -1676.51911778
Nuclear Repulsion Energy: 4589.79853885
Electronic Energy:        -6034.12169887
XC Energy:                -232.195958
Converged:                1
# of SCF iterations:      19
SCF Time:                 37.337s

=======================================================
            Individual Calculation Summary             
=======================================================
HF Energy: -1676.5191177798851641
=======================================================


Topology 10 time: 37.571702 s, performance: SP: 0 FLOP/s, DP: 452.8 GFLOP/s
JSON file written to: json_logs/lustre_orion_chm213_scratch_ryan_dhdft_inputs_exess_exess_inputs_SVWN5_def2-TZVP_isomers_37520-37539_topology_10.json
************************************************************
**************** Running topology 12 of 20 *****************
************************************************************

************************************************************
**************** Beginning RI-SVWN5 energy *****************
************************************************************

=======================================================
                 SVWN5 Energy Results                  
=======================================================
E SVWN5               : -1676.5229934
Nuclear Repulsion Energy: 4656.90951025
Electronic Energy:        -6101.23121484
XC Energy:                -232.201289
Converged:                1
# of SCF iterations:      18
SCF Time:                 35.737s

=======================================================
            Individual Calculation Summary             
=======================================================
HF Energy: -1676.5229934038013653
=======================================================


Topology 11 time: 35.980425 s, performance: SP: 0 FLOP/s, DP: 481.9 GFLOP/s
JSON file written to: json_logs/lustre_orion_chm213_scratch_ryan_dhdft_inputs_exess_exess_inputs_SVWN5_def2-TZVP_isomers_37520-37539_topology_11.json
************************************************************
**************** Running topology 13 of 20 *****************
************************************************************

************************************************************
**************** Beginning RI-SVWN5 energy *****************
************************************************************

=======================================================
                 SVWN5 Energy Results                  
=======================================================
E SVWN5               : -1676.52337109
Nuclear Repulsion Energy: 4667.50932016
Electronic Energy:        -6111.83567664
XC Energy:                -232.197015
Converged:                1
# of SCF iterations:      19
SCF Time:                 38.529s

=======================================================
            Individual Calculation Summary             
=======================================================
HF Energy: -1676.5233710869342758
=======================================================


Topology 12 time: 38.773306 s, performance: SP: 0 FLOP/s, DP: 451.9 GFLOP/s
JSON file written to: json_logs/lustre_orion_chm213_scratch_ryan_dhdft_inputs_exess_exess_inputs_SVWN5_def2-TZVP_isomers_37520-37539_topology_12.json
************************************************************
**************** Running topology 14 of 20 *****************
************************************************************

************************************************************
**************** Beginning RI-SVWN5 energy *****************
************************************************************

=======================================================
                 SVWN5 Energy Results                  
=======================================================
E SVWN5               : -1676.51737879
Nuclear Repulsion Energy: 4696.085096
Electronic Energy:        -6140.40780567
XC Energy:                -232.194669
Converged:                1
# of SCF iterations:      19
SCF Time:                 38.643s

=======================================================
            Individual Calculation Summary             
=======================================================
HF Energy: -1676.5173787942271701
=======================================================


Topology 13 time: 38.893913 s, performance: SP: 0 FLOP/s, DP: 457.5 GFLOP/s
JSON file written to: json_logs/lustre_orion_chm213_scratch_ryan_dhdft_inputs_exess_exess_inputs_SVWN5_def2-TZVP_isomers_37520-37539_topology_13.json
************************************************************
**************** Running topology 15 of 20 *****************
************************************************************

************************************************************
**************** Beginning RI-SVWN5 energy *****************
************************************************************

=======================================================
                 SVWN5 Energy Results                  
=======================================================
E SVWN5               : -1676.52089203
Nuclear Repulsion Energy: 4655.62000119
Electronic Energy:        -6099.94521085
XC Energy:                -232.195682
Converged:                1
# of SCF iterations:      19
SCF Time:                 38.246s

=======================================================
            Individual Calculation Summary             
=======================================================
HF Energy: -1676.5208920259165097
=======================================================


Topology 14 time: 38.492465 s, performance: SP: 0 FLOP/s, DP: 454.2 GFLOP/s
JSON file written to: json_logs/lustre_orion_chm213_scratch_ryan_dhdft_inputs_exess_exess_inputs_SVWN5_def2-TZVP_isomers_37520-37539_topology_14.json
************************************************************
**************** Running topology 16 of 20 *****************
************************************************************

************************************************************
**************** Beginning RI-SVWN5 energy *****************
************************************************************

=======================================================
                 SVWN5 Energy Results                  
=======================================================
E SVWN5               : -1676.51832413
Nuclear Repulsion Energy: 4641.25509547
Electronic Energy:        -6085.5772082
XC Energy:                -232.196211
Converged:                1
# of SCF iterations:      19
SCF Time:                 38.406s

=======================================================
            Individual Calculation Summary             
=======================================================
HF Energy: -1676.5183241309605364
=======================================================


Topology 15 time: 38.656893 s, performance: SP: 0 FLOP/s, DP: 449.9 GFLOP/s
JSON file written to: json_logs/lustre_orion_chm213_scratch_ryan_dhdft_inputs_exess_exess_inputs_SVWN5_def2-TZVP_isomers_37520-37539_topology_15.json
************************************************************
**************** Running topology 17 of 20 *****************
************************************************************

************************************************************
**************** Beginning RI-SVWN5 energy *****************
************************************************************

=======================================================
                 SVWN5 Energy Results                  
=======================================================
E SVWN5               : -1676.52289256
Nuclear Repulsion Energy: 4696.40166239
Electronic Energy:        -6140.72377553
XC Energy:                -232.200779
Converged:                1
# of SCF iterations:      19
SCF Time:                 38.826s

=======================================================
            Individual Calculation Summary             
=======================================================
HF Energy: -1676.5228925567848819
=======================================================


Topology 16 time: 39.079598 s, performance: SP: 0 FLOP/s, DP: 454.5 GFLOP/s
JSON file written to: json_logs/lustre_orion_chm213_scratch_ryan_dhdft_inputs_exess_exess_inputs_SVWN5_def2-TZVP_isomers_37520-37539_topology_16.json
************************************************************
**************** Running topology 18 of 20 *****************
************************************************************

************************************************************
**************** Beginning RI-SVWN5 energy *****************
************************************************************

=======================================================
                 SVWN5 Energy Results                  
=======================================================
E SVWN5               : -1676.52149653
Nuclear Repulsion Energy: 4694.43826275
Electronic Energy:        -6138.76346174
XC Energy:                -232.196298
Converged:                1
# of SCF iterations:      18
SCF Time:                 37.116s

=======================================================
            Individual Calculation Summary             
=======================================================
HF Energy: -1676.5214965324682908
=======================================================


Topology 17 time: 37.371249 s, performance: SP: 0 FLOP/s, DP: 472.5 GFLOP/s
JSON file written to: json_logs/lustre_orion_chm213_scratch_ryan_dhdft_inputs_exess_exess_inputs_SVWN5_def2-TZVP_isomers_37520-37539_topology_17.json
************************************************************
**************** Running topology 19 of 20 *****************
************************************************************

************************************************************
**************** Beginning RI-SVWN5 energy *****************
************************************************************

=======================================================
                 SVWN5 Energy Results                  
=======================================================
E SVWN5               : -1676.52287518
Nuclear Repulsion Energy: 4722.61658811
Electronic Energy:        -6166.93953651
XC Energy:                -232.199927
Converged:                1
# of SCF iterations:      18
SCF Time:                 37.617s

=======================================================
            Individual Calculation Summary             
=======================================================
HF Energy: -1676.5228751807435401
=======================================================


Topology 18 time: 37.879154 s, performance: SP: 0 FLOP/s, DP: 471.9 GFLOP/s
JSON file written to: json_logs/lustre_orion_chm213_scratch_ryan_dhdft_inputs_exess_exess_inputs_SVWN5_def2-TZVP_isomers_37520-37539_topology_18.json
************************************************************
**************** Running topology 20 of 20 *****************
************************************************************

************************************************************
**************** Beginning RI-SVWN5 energy *****************
************************************************************

=======================================================
                 SVWN5 Energy Results                  
=======================================================
E SVWN5               : -1676.53048135
Nuclear Repulsion Energy: 4720.14965181
Electronic Energy:        -6164.47685823
XC Energy:                -232.203275
Converged:                1
# of SCF iterations:      18
SCF Time:                 38.218s

=======================================================
            Individual Calculation Summary             
=======================================================
HF Energy: -1676.5304813488819491
=======================================================


Topology 19 time: 38.483197 s, performance: SP: 0 FLOP/s, DP: 463.9 GFLOP/s
JSON file written to: json_logs/lustre_orion_chm213_scratch_ryan_dhdft_inputs_exess_exess_inputs_SVWN5_def2-TZVP_isomers_37520-37539_topology_19.json
Total flops: SP: 0 FLOPS, DP: 349.83408 TFLOPS
Performance: SP: 0 FLOP/s, DP: 454.4 GFLOP/s

Now, a word from our sponsors... 
 Unfortunately Rush is still very much in the box

[31mTotal processing time 770.201008 seconds[0m
[CRAYBLAS_WARNING] Application linked against multiple cray-libsci libraries
6.5228925557 |   3.4103e-09   |    1.5347     |    0.3430
   17     | -1676.5228925567 |   2.9014e-10   |    1.5343     |    0.4240
   18     | -1676.5228925568 |   1.0418e-10   |    1.4959     |    0.3838
   19     | -1676.5228925568 |   3.2776e-11   |    1.2591     |    0.3413
Created 750651 / 2985984 significant shell pairs
Created 583574 / 2274064 significant shell pairs
Total number of grid points: 345132 (5075 per atom)
One electron integrals and orthogonalizer took 0.136244s
Created 583574 / 2274064 significant shell pairs
3C integrals and B formation took 2.673738s
Iteration |      Energy      |  DIIS Metric   | Fock Time (s) | DIIS Time (s)
----------+------------------+----------------+---------------+--------------
    1     | -1686.8418665490 |   1.0496e+03   |    1.4865     |    0.5463
    2     | -1675.4368143096 |   4.0749e+00   |    1.5373     |    0.3841
    3     | -1674.7701293329 |   6.5985e+00   |    1.4937     |    0.3426
    4     | -1676.4714038375 |   1.7865e-01   |    1.3553     |    0.4315
    5     | -1676.4959589661 |   8.8658e-02   |    1.2981     |    0.3835
    6     | -1676.5177936509 |   1.1780e-02   |    1.4959     |    0.3431
    7     | -1676.5203073243 |   3.5690e-03   |    1.5812     |    0.3837
    8     | -1676.5213012704 |   6.9044e-04   |    1.5378     |    0.3437
    9     | -1676.5214830311 |   4.6306e-05   |    1.2933     |    0.4241
   10     | -1676.5214903478 |   2.1721e-05   |    1.2545     |    0.3840
   11     | -1676.5214959797 |   2.0594e-06   |    1.5385     |    0.3438
   12     | -1676.5214964586 |   2.6860e-07   |    1.5784     |    0.3836
   13     | -1676.5214965013 |   1.1183e-07   |    1.4968     |    0.3853
   14     | -1676.5214965297 |   9.7109e-09   |    1.2198     |    0.4244
   15     | -1676.5214965319 |   2.0501e-09   |    1.2900     |    0.3837
   16     | -1676.5214965319 |   1.6942e-09   |    1.4950     |    0.3855
   17     | -1676.5214965324 |   2.0821e-10   |    1.5365     |    0.3436
   18     | -1676.5214965325 |   8.4922e-11   |    1.5342     |    0.3430
Created 761071 / 2985984 significant shell pairs
Created 591564 / 2274064 significant shell pairs
Total number of grid points: 343288 (5048 per atom)
One electron integrals and orthogonalizer took 0.054843s
Created 591564 / 2274064 significant shell pairs
3C integrals and B formation took 2.689233s
Iteration |      Energy      |  DIIS Metric   | Fock Time (s) | DIIS Time (s)
----------+------------------+----------------+---------------+--------------
    1     | -1686.8474354499 |   1.0506e+03   |    1.6141     |    0.4241
    2     | -1675.4396502656 |   4.0713e+00   |    1.5792     |    0.3838
    3     | -1674.7761861411 |   6.5496e+00   |    1.6150     |    0.3428
    4     | -1676.4564662478 |   2.2024e-01   |    1.3544     |    0.4324
    5     | -1676.4707226916 |   1.7291e-01   |    1.2977     |    0.3837
    6     | -1676.5186815732 |   1.4324e-02   |    1.4957     |    0.3431
    7     | -1676.5219260184 |   2.9881e-03   |    1.5797     |    0.3840
    8     | -1676.5225691107 |   1.0435e-03   |    1.6167     |    0.3428
    9     | -1676.5228510669 |   8.0298e-05   |    1.3536     |    0.4337
   10     | -1676.5228688892 |   2.1494e-05   |    1.2964     |    0.3836
   11     | -1676.5228741268 |   3.6484e-06   |    1.4965     |    0.3426
   12     | -1676.5228751029 |   2.8137e-07   |    1.5806     |    0.3840
   13     | -1676.5228751484 |   1.1688e-07   |    1.6149     |    0.3432
   14     | -1676.5228751784 |   8.2604e-09   |    1.3534     |    0.4340
   15     | -1676.5228751791 |   5.5258e-09   |    1.2981     |    0.3833
   16     | -1676.5228751805 |   9.0678e-10   |    1.4946     |    0.3431
   17     | -1676.5228751807 |   2.7874e-10   |    1.5795     |    0.3837
   18     | -1676.5228751807 |   6.1335e-11   |    1.6153     |    0.3434
Created 759422 / 2985984 significant shell pairs
Created 590747 / 2274064 significant shell pairs
Total number of grid points: 346188 (5091 per atom)
One electron integrals and orthogonalizer took 0.100244s
Created 590747 / 2274064 significant shell pairs
3C integrals and B formation took 2.826015s
Iteration |      Energy      |  DIIS Metric   | Fock Time (s) | DIIS Time (s)
----------+------------------+----------------+---------------+--------------
    1     | -1686.8533546457 |   1.0506e+03   |    1.6408     |    0.4742
    2     | -1675.4484389288 |   4.0679e+00   |    1.6211     |    0.3440
    3     | -1674.8094391901 |   6.4544e+00   |    1.6348     |    0.4752
    4     | -1676.4759723024 |   1.8805e-01   |    1.3516     |    0.4785
    5     | -1676.4976045971 |   1.1659e-01   |    1.3746     |    0.4242
    6     | -1676.5276043015 |   1.0214e-02   |    1.5029     |    0.3839
    7     | -1676.5297578860 |   2.4129e-03   |    1.5813     |    0.4883
    8     | -1676.5303375348 |   5.1948e-04   |    1.5014     |    0.3842
    9     | -1676.5304634103 |   5.9393e-05   |    1.3528     |    0.3927
   10     | -1676.5304765099 |   1.6192e-05   |    1.3736     |    0.3438
   11     | -1676.5304809909 |   1.2340e-06   |    1.5440     |    0.3431
   12     | -1676.5304812856 |   2.2645e-07   |    1.5493     |    0.4243
   13     | -1676.5304813301 |   6.9486e-08   |    1.5004     |    0.3839
   14     | -1676.5304813469 |   7.0079e-09   |    1.3516     |    0.3928
   15     | -1676.5304813483 |   2.0101e-09   |    1.3738     |    0.3435
   16     | -1676.5304813485 |   1.2863e-09   |    1.5436     |    0.3432
   17     | -1676.5304813489 |   1.3386e-10   |    1.5498     |    0.4240
   18     | -1676.5304813489 |   5.7664e-11   |    1.5011     |    0.3841
Please cite the following papers for the methods used in this calculation:
 - J.L. Galvez Vallejo et. al., Toward an extreme-scale electronic structure system, J. Chem. Phys., 2023. DOI: 10.1063/5.0156399

 - R. Stocks, E. Palethorpe, and G.M.J. Barca, Multi-GPU RI-HF Energies and Analytic Gradients ─ Toward High-Throughput Ab Initio Molecular Dynamics, J. Chem. Theory Comput., 2024. DOI: 10.1021/acs.jctc.4c00877
   For:
     * RI-HF energy

 - D.B. Williams-Young, W.A. de Jong, H.J.J. van Dam, and C. Yang, On the Efficient Evaluation of the Exchange Correlation Potential on Graphics Processing Unit Clusters, Frontiers in Chemistry, 2020. DOI: 10.3389/fchem.2020.581058
   For:
     * GauXC implementation of exchange-correlation integration

 - R. Stocks and G.M.J. Barca, Efficient Algorithms for GPU Accelerated Evaluation of the DFT Exchange-Correlation Functional, J. Chem. Theory Comput., 2025. DOI: 10.1021/acs.jctc.5c01229
   For:
     * GPU accelerated DFT exchange-correlation evaluation

 - P. A. M. Dirac.,  Math. Proc. Cambridge Philos. Soc. 26, 376 (1930) DOI: 10.1017/S0305004100016108
   For:
     * lda_x XC Functional

 - S. H. Vosko, L. Wilk, and M. Nusair.,  Can. J. Phys. 58, 1200 (1980) DOI: 10.1139/p80-159
   For:
     * lda_c_vwn XC Functional

[CRAYBLAS_WARNING] Application linked against multiple cray-libsci libraries
