Total number of grid points: 345240 (5077 per atom)
Total number of grid points: 342849 (5041 per atom)
Total number of grid points: 345172 (5076 per atom)
Total number of grid points: 343379 (5049 per atom)
Total number of grid points: 347927 (5116 per atom)
Total number of grid points: 345625 (5082 per atom)
Total number of grid points: 349239 (5135 per atom)
Total number of grid points: 346478 (5095 per atom)
Total number of grid points: 338531 (4978 per atom)
Total number of grid points: 346919 (5101 per atom)
Total number of grid points: 339470 (4992 per atom)
Total number of grid points: 345574 (5081 per atom)
Total number of grid points: 346268 (5092 per atom)
Total number of grid points: 345301 (5077 per atom)
Total number of grid points: 342772 (5040 per atom)
Total number of grid points: 339936 (4999 per atom)
Total number of grid points: 344484 (5065 per atom)
Total number of grid points: 342212 (5032 per atom)
Total number of grid points: 338651 (4980 per atom)
Total number of grid points: 340354 (5005 per atom)
[CRAYBLAS_WARNING] Application linked against multiple cray-libsci libraries
4824
   10     | -1691.7650334297 |   8.8530e-06   |    1.1661     |    0.3609
   11     | -1691.7650358763 |   3.5957e-07   |    1.3758     |    0.5539
   12     | -1691.7650358754 |   1.8885e-07   |    1.3752     |    0.3189
   13     | -1691.7650359436 |   3.6823e-08   |    1.5873     |    0.4397
   14     | -1691.7650359578 |   5.4054e-09   |    1.5488     |    0.3515
   15     | -1691.7650359591 |   6.6876e-10   |    1.3788     |    0.3662
   16     | -1691.7650359524 |   3.7861e-10   |    1.6775     |    0.4339
   17     | -1691.7650359593 |   3.8283e-11   |    1.4747     |    0.4748
Created 701315 / 2985984 significant shell pairs
Created 544634 / 2274064 significant shell pairs
Total number of grid points: 346931 (5101 per atom)
One electron integrals and orthogonalizer took 0.092818s
Created 544634 / 2274064 significant shell pairs
3C integrals and B formation took 2.675273s
Iteration |      Energy      |  DIIS Metric   | Fock Time (s) | DIIS Time (s)
----------+------------------+----------------+---------------+--------------
    1     | -1702.1975990383 |   1.0355e+03   |    1.4694     |    0.4656
    2     | -1690.7920705535 |   3.6137e+00   |    1.5956     |    0.6364
    3     | -1690.3596280013 |   5.3761e+00   |    1.4346     |    0.5566
    4     | -1691.7454720241 |   1.2500e-01   |    1.3116     |    0.6399
    5     | -1691.7624168128 |   5.9092e-02   |    1.3090     |    0.6395
    6     | -1691.7779572200 |   5.9546e-03   |    1.5927     |    0.6364
    7     | -1691.7793747044 |   8.9744e-04   |    1.4347     |    0.5563
    8     | -1691.7795574901 |   2.2983e-04   |    1.5933     |    0.3541
    9     | -1691.7796191590 |   1.7083e-05   |    1.3084     |    0.3954
   10     | -1691.7796227247 |   5.0737e-06   |    1.2475     |    0.3437
   11     | -1691.7796240827 |   4.1110e-07   |    1.5168     |    0.3567
   12     | -1691.7796241527 |   1.3033e-07   |    1.5931     |    0.3537
   13     | -1691.7796241762 |   2.7151e-08   |    1.5684     |    0.3828
   14     | -1691.7796241968 |   2.7964e-09   |    1.3085     |    0.3930
   15     | -1691.7796241973 |   8.8590e-10   |    1.2472     |    0.3435
   16     | -1691.7796241974 |   6.3227e-10   |    1.5167     |    0.3532
   17     | -1691.7796241975 |   4.8770e-11   |    1.5940     |    0.3546
Created 726494 / 2985984 significant shell pairs
Created 564516 / 2274064 significant shell pairs
Total number of grid points: 337835 (4968 per atom)
One electron integrals and orthogonalizer took 0.135646s
Created 564516 / 2274064 significant shell pairs
3C integrals and B formation took 2.664121s
Iteration |      Energy      |  DIIS Metric   | Fock Time (s) | DIIS Time (s)
----------+------------------+----------------+---------------+--------------
    1     | -1702.2134165264 |   1.0385e+03   |    1.4516     |    0.5144
    2     | -1690.7888902967 |   3.6226e+00   |    1.5554     |    0.4348
    3     | -1690.3471615847 |   5.4502e+00   |    1.5956     |    0.3524
    4     | -1691.7488102147 |   1.0422e-01   |    1.3230     |    0.3437
    5     | -1691.7657894408 |   3.7128e-02   |    1.2530     |    0.3434
    6     | -1691.7752415929 |   4.3516e-03   |    1.5675     |    0.3435
    7     | -1691.7761763827 |   1.0900e-03   |    1.5167     |    0.3526
    8     | -1691.7764208426 |   1.8064e-04   |    1.5965     |    0.3541
    9     | -1691.7764672294 |   2.3998e-05   |    1.3220     |    0.3433
   10     | -1691.7764724708 |   5.2276e-06   |    1.2556     |    0.3434
   11     | -1691.7764738910 |   3.6093e-07   |    1.5172     |    0.3565
   12     | -1691.7764739244 |   1.5894e-07   |    1.5932     |    0.3539
   13     | -1691.7764739629 |   2.8237e-08   |    1.5961     |    0.3535
   14     | -1691.7764739654 |   2.6960e-09   |    1.3238     |    0.3437
   15     | -1691.7764739659 |   7.8107e-10   |    1.2533     |    0.3435
   16     | -1691.7764739660 |   5.6233e-10   |    1.5163     |    0.3538
   17     | -1691.7764739661 |   3.9623e-11   |    1.5964     |    0.3540
Created 717729 / 2985984 significant shell pairs
Created 557742 / 2274064 significant shell pairs
Total number of grid points: 347339 (5107 per atom)
One electron integrals and orthogonalizer took 0.135065s
Created 557742 / 2274064 significant shell pairs
3C integrals and B formation took 2.668202s
Iteration |      Energy      |  DIIS Metric   | Fock Time (s) | DIIS Time (s)
----------+------------------+----------------+---------------+--------------
    1     | -1702.1978504474 |   1.0356e+03   |    1.4468     |    0.5586
    2     | -1690.7931021661 |   3.6091e+00   |    1.5933     |    0.6358
    3     | -1690.3561992681 |   5.3929e+00   |    1.5560     |    0.5141
    4     | -1691.7400530759 |   1.4363e-01   |    1.2547     |    0.5905
    5     | -1691.7606486589 |   6.2775e-02   |    1.3226     |    0.5907
    6     | -1691.7770928722 |   6.7237e-03   |    1.5924     |    0.6363
    7     | -1691.7787311924 |   8.6789e-04   |    1.5562     |    0.5143
    8     | -1691.7788877504 |   2.9331e-04   |    1.5163     |    0.3536
    9     | -1691.7789666393 |   1.7007e-05   |    1.3249     |    0.3435
   10     | -1691.7789698692 |   5.0122e-06   |    1.2554     |    0.3436
   11     | -1691.7789711520 |   4.1355e-07   |    1.5172     |    0.3534
   12     | -1691.7789712417 |   1.3502e-07   |    1.5963     |    0.3572
   13     | -1691.7789712252 |   3.4586e-08   |    1.5927     |    0.3539
   14     | -1691.7789712458 |   4.2305e-09   |    1.3243     |    0.3435
   15     | -1691.7789712499 |   6.7794e-10   |    1.2553     |    0.3437
   16     | -1691.7789712499 |   8.6098e-10   |    1.5161     |    0.3540
   17     | -1691.7789712501 |   5.3591e-11   |    1.5956     |    0.3542
Created 704764 / 2985984 significant shell pairs
Created 547280 / 2274064 significant shell pairs
Total number of grid points: 342463 (5036 per atom)
One electron integrals and orthogonalizer took 0.135065s
Created 547280 / 2274064 significant shell pairs
3C integrals and B formation took 2.662432s
Iteration |      Energy      |  DIIS Metric   | Fock Time (s) | DIIS Time (s)
----------+------------------+----------------+---------------+--------------
    1     | -1702.2006678812 |   1.0361e+03   |    1.4523     |    0.5589
    2     | -1690.7931951859 |   3.6122e+00   |    1.5928     |    0.3546
    3     | -1690.3528922805 |   5.4103e+00   |    1.5496     |    0.3846
    4     | -1691.7381459012 |   1.5186e-01   |    1.3125     |    0.3926
    5     | -1691.7558167480 |   7.8583e-02   |    1.2444     |    0.3434
    6     | -1691.7775007835 |   8.0563e-03   |    1.5162     |    0.3527
    7     | -1691.7796367631 |   7.7563e-04   |    1.5508     |    0.3879
    8     | -1691.7797718210 |   3.0536e-04   |    1.5923     |    0.3542
    9     | -1691.7798586328 |   1.9806e-05   |    1.3072     |    0.3970
   10     | -1691.7798618323 |   8.8292e-06   |    1.2464     |    0.3434
   11     | -1691.7798643157 |   4.8726e-07   |    1.5166     |    0.3530
   12     | -1691.7798644437 |   1.3687e-07   |    1.5934     |    0.3558
   13     | -1691.7798644223 |   3.7501e-08   |    1.5686     |    0.3801
   14     | -1691.7798644448 |   3.6493e-09   |    1.3115     |    0.3933
   15     | -1691.7798644388 |   8.5021e-10   |    1.2445     |    0.3435
   16     | -1691.7798644457 |   9.5071e-10   |    1.5168     |    0.3538
   17     | -1691.7798644460 |   4.6320e-11   |    1.5496     |    0.3848
Created 780051 / 2985984 significant shell pairs
Created 606159 / 2274064 significant shell pairs
Total number of grid points: 347727 (5113 per atom)
One electron integrals and orthogonalizer took 0.181035s
Created 606159 / 2274064 significant shell pairs
3C integrals and B formation took 2.883879s
Iteration |      Energy      |  DIIS Metric   | Fock Time (s) | DIIS Time (s)
----------+------------------+----------------+---------------+--------------
    1     | -1702.2256132021 |   1.0433e+03   |    1.7005     |    0.4342
    2     | -1690.7815979929 |   3.6798e+00   |    1.5925     |    0.3439
    3     | -1690.2131078312 |   5.9383e+00   |    1.5917     |    0.3438
    4     | -1691.6756234323 |   3.6586e-01   |    1.4348     |    0.4349
    5     | -1691.7382371931 |   1.5667e-01   |    1.3933     |    0.5141
    6     | -1691.7791798455 |   1.1409e-02   |    1.6378     |    0.3535
    7     | -1691.7816602471 |   2.4175e-03   |    1.6307     |    0.3971
    8     | -1691.7821112339 |   9.0768e-04   |    1.5927     |    0.3433
    9     | -1691.7823481586 |   6.0562e-05   |    1.4371     |    0.4384
   10     | -1691.7823620571 |   1.2201e-05   |    1.3891     |    0.5149
   11     | -1691.7823649791 |   1.3826e-06   |    1.6579     |    0.3336
   12     | -1691.7823653157 |   1.2947e-07   |    1.6321     |    0.3973
   13     | -1691.7823653060 |   7.6687e-08   |    1.6110     |    0.3382
   14     | -1691.7823653470 |   5.0108e-09   |    1.4355     |    0.4342
   15     | -1691.7823653597 |   3.2599e-09   |    1.3936     |    0.5147
   16     | -1691.7823653483 |   3.3478e-10   |    1.6584     |    0.3323
   17     | -1691.7823653484 |   9.0813e-11   |    1.6305     |    0.3205
Created 779629 / 2985984 significant shell pairs
Created 605626 / 2274064 significant shell pairs
Total number of grid points: 342258 (5033 per atom)
One electron integrals and orthogonalizer took 0.181206s
Created 605626 / 2274064 significant shell pairs
3C integrals and B formation took 2.874709s
Iteration |      Energy      |  DIIS Metric   | Fock Time (s) | DIIS Time (s)
----------+------------------+----------------+---------------+--------------
    1     | -1702.2165148310 |   1.0430e+03   |    1.5344     |    0.4690
    2     | -1690.7768666760 |   3.6517e+00   |    1.6195     |    0.3271
    3     | -1690.2315508968 |   5.8260e+00   |    1.6198     |    0.3274
    4     | -1691.6664788705 |   3.6979e-01   |    1.3445     |    0.3439
    5     | -1691.7340167140 |   1.3661e-01   |    1.3452     |    0.4250
    6     | -1691.7699384079 |   8.8990e-03   |    1.5840     |    0.3885
    7     | -1691.7716977745 |   2.2825e-03   |    1.6196     |    0.4057
    8     | -1691.7721181706 |   8.1123e-04   |    1.5826     |    0.3436
    9     | -1691.7723226390 |   8.0704e-05   |    1.3464     |    0.4245
   10     | -1691.7723432368 |   1.3002e-05   |    1.3543     |    0.3933
   11     | -1691.7723464961 |   1.8726e-06   |    1.5856     |    0.3438
   12     | -1691.7723470710 |   1.0765e-07   |    1.5819     |    0.3437
   13     | -1691.7723470759 |   7.4675e-08   |    1.5847     |    0.3439
   14     | -1691.7723470880 |   5.4237e-09   |    1.3459     |    0.4248
   15     | -1691.7723470928 |   1.8671e-09   |    1.3546     |    0.3936
   16     | -1691.7723470894 |   3.8896e-10   |    1.5819     |    0.3441
   17     | -1691.7723470933 |   8.0176e-11   |    1.5827     |    0.3440
Created 755026 / 2985984 significant shell pairs
Created 585600 / 2274064 significant shell pairs
Total number of grid points: 350271 (5151 per atom)
One electron integrals and orthogonalizer took 0.095024s
Created 585600 / 2274064 significant shell pairs
3C integrals and B formation took 2.718962s
Iteration |      Energy      |  DIIS Metric   | Fock Time (s) | DIIS Time (s)
----------+------------------+----------------+---------------+--------------
    1     | -1702.2164562151 |   1.0435e+03   |    1.6441     |    0.5590
    2     | -1690.7727112893 |   3.6587e+00   |    1.6263     |    0.3184
    3     | -1690.2252379845 |   5.8531e+00   |    1.6284     |    0.3992
    4     | -1691.6740434056 |   3.3141e-01   |    1.4349     |    0.4337
    5     | -1691.7297575163 |   1.4222e-01   |    1.3934     |    0.5143
    6     | -1691.7667452474 |   1.0250e-02   |    1.6101     |    0.3803
    7     | -1691.7689293864 |   2.0701e-03   |    1.6297     |    0.3979
    8     | -1691.7693671395 |   5.6250e-04   |    1.5902     |    0.3433
    9     | -1691.7695098015 |   4.4057e-05   |    1.4349     |    0.4342
   10     | -1691.7695184051 |   1.3415e-05   |    1.3938     |    0.5147
   11     | -1691.7695219934 |   1.6847e-06   |    1.5931     |    0.3852
   12     | -1691.7695224238 |   1.3442e-07   |    1.6303     |    0.3202
   13     | -1691.7695224484 |   8.8553e-08   |    1.6247     |    0.3208
   14     | -1691.7695224786 |   6.4950e-09   |    1.3940     |    0.5150
   15     | -1691.7695224826 |   2.8307e-09   |    1.3609     |    0.3440
   16     | -1691.7695224834 |   2.1119e-10   |    1.6102     |    0.3386
   17     | -1691.7695224834 |   5.0801e-11   |    1.5907     |    0.3438
Created 748608 / 2985984 significant shell pairs
Created 581625 / 2274064 significant shell pairs
Total number of grid points: 348383 (5123 per atom)
One electron integrals and orthogonalizer took 0.094913s
Created 581625 / 2274064 significant shell pairs
3C integrals and B formation took 2.732843s
Iteration |      Energy      |  DIIS Metric   | Fock Time (s) | DIIS Time (s)
----------+------------------+----------------+---------------+--------------
    1     | -1702.2060643014 |   1.0410e+03   |    1.6299     |    0.5589
    2     | -1690.7797082212 |   3.6274e+00   |    1.6180     |    0.3290
    3     | -1690.3115830036 |   5.5059e+00   |    1.6192     |    0.3274
    4     | -1691.7148917342 |   1.9530e-01   |    1.3439     |    0.3443
    5     | -1691.7422173024 |   9.7677e-02   |    1.3462     |    0.4249
    6     | -1691.7690885138 |   5.5570e-03   |    1.5836     |    0.3851
    7     | -1691.7703142753 |   1.0863e-03   |    1.6189     |    0.3291
    8     | -1691.7705419065 |   3.0244e-04   |    1.6216     |    0.3281
    9     | -1691.7706213279 |   2.3530e-05   |    1.3438     |    0.3439
   10     | -1691.7706256565 |   8.2054e-06   |    1.3473     |    0.4248
   11     | -1691.7706278672 |   4.5035e-07   |    1.5814     |    0.3849
   12     | -1691.7706279394 |   1.5712e-07   |    1.6211     |    0.3294
   13     | -1691.7706279595 |   4.2166e-08   |    1.6206     |    0.3265
   14     | -1691.7706279916 |   4.7236e-09   |    1.3456     |    0.3434
   15     | -1691.7706279923 |   8.0828e-10   |    1.3477     |    0.4249
   16     | -1691.7706279806 |   4.1271e-10   |    1.5827     |    0.3848
   17     | -1691.7706279871 |   3.4507e-11   |    1.6209     |    0.3280
Created 761059 / 2985984 significant shell pairs
Created 592322 / 2274064 significant shell pairs
Total number of grid points: 336616 (4950 per atom)
One electron integrals and orthogonalizer took 0.139597s
Created 592322 / 2274064 significant shell pairs
3C integrals and B formation took 2.789220s
Iteration |      Energy      |  DIIS Metric   | Fock Time (s) | DIIS Time (s)
----------+------------------+----------------+---------------+--------------
    1     | -1702.2099914651 |   1.0394e+03   |    1.5768     |    0.5466
    2     | -1690.7859750636 |   3.6117e+00   |    1.5754     |    0.3892
    3     | -1690.3230019763 |   5.4969e+00   |    1.6119     |    0.3324
    4     | -1691.7309594124 |   1.5373e-01   |    1.3424     |    0.3448
    5     | -1691.7536134285 |   6.9547e-02   |    1.3426     |    0.4249
    6     | -1691.7716652135 |   6.2932e-03   |    1.5772     |    0.3879
    7     | -1691.7729992948 |   1.5462e-03   |    1.6116     |    0.3339
    8     | -1691.7733468068 |   4.2342e-04   |    1.6163     |    0.3317
    9     | -1691.7734586370 |   3.8037e-05   |    1.3435     |    0.3436
   10     | -1691.7734672380 |   8.8075e-06   |    1.3428     |    0.4249
   11     | -1691.7734694260 |   1.1237e-06   |    1.5754     |    0.3890
   12     | -1691.7734697489 |   1.3893e-07   |    1.6119     |    0.3331
   13     | -1691.7734697428 |   5.6423e-08   |    1.6167     |    0.3309
   14     | -1691.7734697763 |   5.4865e-09   |    1.3429     |    0.3434
   15     | -1691.7734=======================================================
          GGA_X_B88+GGA_C_P86 Energy Results           
=======================================================
E GGA_X_B88+GGA_C_P86 : -1691.77Created 768915 / 2985984 significant shell pairs
Created 597471 / 2274064 significant shell pairs
Total number of grid points: 345392 (5079 per atom)
One electron integrals and orthogonalizer took 0.099764s
Created 597471 / 2274064 significant shell pairs
3C integrals and B formation took 2.860719s
Iteration |      Energy      |  DIIS Metric   | Fock Time (s) | DIIS Time (s)
----------+------------------+----------------+---------------+--------------
    1     | -1702.2217497322 |   1.0443e+03   |    1.5300     |    0.4700
    2     | -1690.7670264785 |   3.6373e+00   |    1.6180     |    0.3276
    3     | -1690.2822938704 |   5.6457e+00   |    1.6197     |    0.3274
    4     | -1691.7159966064 |   1.5268e-01   |    1.3467     |    0.3437
    5     | -1691.7342344235 |   8.0626e-02   |    1.3469     |    0.4252
    6     | -1691.7556976697 |   5.7326e-03   |    1.5829     |    0.3848
    7     | -1691.7568517504 |   1.6102e-03   |    1.6210     |    0.3268
    8     | -1691.7572428623 |   2.1329e-04   |    1.6225     |    0.3274
    9     | -1691.757=======================================================
          GGA_X_B88+GGA_C_P86 Energy Results           
=======================================================
E GGA_X_B88+GGA_C_P86 : -1691.75730208
Nuclear Repulsion Energy: 4749.48715466
Electronic Energy:        -6192.64326582
XC Energy:                -248.601191
Converged:                1
# of SCF iterations:      17
SCF Time:                 35.764s

=======================================================
            Individual Calculation Summary             
=======================================================
HF Energy: -1691.7573020809800255
=========================Created 759370 / 2985984 significant shell pairs
Created 590517 / 2274064 significant shell pairs
Total number of grid points: 335105 (4928 per atom)
One electron integrals and orthogonalizer took 0.181137s
Created 590517 / 2274064 significant shell pairs
3C integrals and B formation took 2.928614s
Iteration |      Energy      |  DIIS Metric   | Fock Time (s) | DIIS Time (s)
----------+------------------+----------------+---------------+--------------
    1     | -1702.2141817378 |   1.0416e+03   |    1.4534     |    0.5550
    2     | -1690.7785991355 |   3.6180e+00   |    1.5966     |    0.3467
    3     | -1690.3189=======================================================
          GGA_X_B88+GGA_C_P86 Energy Results           
=======================================================
E GGA_X_B88+GGA_C_P86 : -1691.76583955
Nuclear Repulsion Energy: 4723.36633593
Electronic Energy:        -6166.53503098
XC Energy:                -248.597144
Converged:                1
# of SCF iterations:      17
SCF Time:                 35.285s

=======================================================
            Individual Calculation Summary             
=======================================================
HF Energy: -1691.7658395508278772
=======================================================


Topology 11 time: 35.539423 s, performance: SP: 0 FLOP/s, DP: 499.8 GFLOP/s
JSON file written to: json_logs/lustre_orion_chm213_scratch_ryan_dhdft_inputs_exess_exess_inputs_BP86_def2-TZVP_isomers_31020-31039_topology_11.json
************************************************************
**************** Running topology 13 of 20 *****************
************************************************************

*Created 755984 / 2985984 significant shell pairs
Created 587407 / 2274064 significant shell pairs
Total number of grid points: 342588 (5038 per atom)
One electron integrals and orthog=======================================================
          GGA_X_B88+GGA_C_P86 Energy Results           
=======================================================
E GGA_X_B88+GGA_C_P86 : -1691.7629618
Nuclear Repulsion Energy: 4709.52395035
Electronic Energy:        -6152.68911059
XC Energy:                -248.597802
Converged:                1
# of SCF iterations:      17
SCF Time:                 35.44s

=======================================================
            Individual Calculation Summary             
=======================================================
HF Energy: -1691.7629618027172000
=======================================================


Topology 12 time: 35.694832 s, performance: SP: 0 FLOP/s, DP: 495.2 GFLOP/s
JSON file written to: json_logs/lustre_orion_chm213_scratch_ryan_dhdft_inputs_exess_exess_inputs_BP86_def2-TZVP_isomers_31020-31039_topology_12.json
************************************************************
**************** Running topology 14 of 20 *****************
************************************************************

************************************************************
********* Beginning RI-GGA_X_B88+GGA_C_P86 energy **********
************************************************************

=======================================================
          GGA_X_B88+GGA_C_P86 Energy Results           
=======================================================
E GGA_X_B88+GGA_C_P86 : -1691.76022483
Nuclear Repulsion Energy: 4696.0488519
Electronic Energy:        -6139.21299724
XC Energy:                -248.596079
Converged:                1
# of SCF iterations:      17
SCF Time:                 34.639s

=======================================================
            Individual Calculation Summary             
=======================================================
HF Energy: -1691.7602248268945004
=======================================================


Topology 13 time: 34.894080 s, performance: SP: 0 FLOP/s, DP: 504.2 GFLOP/s
JSON file written to: json_logs/lustre_orion_chm213_scratch_ryan_dhdft_inputs_exess_exess_inputs_BP86_def2-TZVP_isomers_31020-31039_topology_13.json
************************************************************
**************** Running topology 15 of 20 *****************
************************************************************

************************************************************
********* Beginning RI-GGA_X_B88+GGA_C_P86 energy **********
************************************************************

=======================================================
          GGA_X_B88+GGA_C_P86 Energy Results           
=======================================================
E GGA_X_B88+GGA_C_P86 : -1691.7769163
Nuclear Repulsion Energy: 4767.64012873
Electronic Energy:        -6210.81855027
XC Energy:                -248.598495
Converged:                1
# of SCF iterations:      17
SCF Time:                 36.49s

=======================================================
            Individual Calculation Summary             
=======================================================
HF Energy: -1691.7769162962699738
=======================================================


Topology 14 time: 36.757934 s, performance: SP: 0 FLOP/s, DP: 491.6 GFLOP/s
JSON file written to: json_logs/lustre_orion_chm213_scratch_ryan_dhdft_inputs_exess_exess_inputs_BP86_def2-TZVP_isomers_31020-31039_topology_14.json
************************************************************
**************** Running topology 16 of 20 *****************
************************************************************

************************************************************
********* Beginning RI-GGA_X_B88+GGA_C_P86 energy **********
************************************************************

=======================================================
          GGA_X_B88+GGA_C_P86 Energy Results           
=======================================================
E GGA_X_B88+GGA_C_P86 : -1691.76613334
Nuclear Repulsion Energy: 4729.03416765
Electronic Energy:        -6172.209752
XC Energy:                -248.590549
Converged:                1
# of SCF iterations:      17
SCF Time:                 35.844s

=======================================================
            Individual Calculation Summary             
=======================================================
HF Energy: -1691.7661333392029519
=======================================================


Topology 15 time: 36.111956 s, performance: SP: 0 FLOP/s, DP: 493.4 GFLOP/s
JSON file written to: json_logs/lustre_orion_chm213_scratch_ryan_dhdft_inputs_exess_exess_inputs_BP86_def2-TZVP_isomers_31020-31039_topology_15.json
************************************************************
**************** Running topology 17 of 20 *****************
************************************************************

************************************************************
********* Beginning RI-GGA_X_B88+GGA_C_P86 energy **********
************************************************************

=======================================================
          GGA_X_B88+GGA_C_P86 Energy Results           
=======================================================
E GGA_X_B88+GGA_C_P86 : -1691.76588644
Nuclear Repulsion Energy: 4705.95749323
Electronic Energy:        -6149.12965987
XC Energy:                -248.593720
Converged:                1
# of SCF iterations:      17
SCF Time:                 35.832s

=======================================================
            Individual Calculation Summary             
=======================================================
HF Energy: -1691.7658864406755583
=======================================================


Topology 16 time: 36.096625 s, performance: SP: 0 FLOP/s, DP: 488.4 GFLOP/s
JSON file written to: json_logs/lustre_orion_chm213_scratch_ryan_dhdft_inputs_exess_exess_inputs_BP86_def2-TZVP_isomers_31020-31039_topology_16.json
************************************************************
**************** Running topology 18 of 20 *****************
************************************************************

************************************************************
********* Beginning RI-GGA_X_B88+GGA_C_P86 energy **********
************************************************************

=======================================================
          GGA_X_B88+GGA_C_P86 Energy Results           
=======================================================
E GGA_X_B88+GGA_C_P86 : -1691.76611258
Nuclear Repulsion Energy: 4686.72301409
Electronic Energy:        -6129.89957438
XC Energy:                -248.589552
Converged:                1
# of SCF iterations:      17
SCF Time:                 34.866s

=======================================================
            Individual Calculation Summary             
=======================================================
HF Energy: -1691.7661125804083895
=======================================================


Topology 17 time: 35.132481 s, performance: SP: 0 FLOP/s, DP: 498.6 GFLOP/s
JSON file written to: json_logs/lustre_orion_chm213_scratch_ryan_dhdft_inputs_exess_exess_inputs_BP86_def2-TZVP_isomers_31020-31039_topology_17.json
************************************************************
**************** Running topology 19 of 20 *****************
************************************************************

************************************************************
********* Beginning RI-GGA_X_B88+GGA_C_P86 energy **********
************************************************************

=======================================================
          GGA_X_B88+GGA_C_P86 Energy Results           
=======================================================
E GGA_X_B88+GGA_C_P86 : -1691.76479927
Nuclear Repulsion Energy: 4644.01127729
Electronic Energy:        -6087.18733486
XC Energy:                -248.588742
Converged:                1
# of SCF iterations:      17
SCF Time:                 34.871s

=======================================================
            Individual Calculation Summary             
=======================================================
HF Energy: -1691.7647992714873908
=======================================================


Topology 18 time: 35.136287 s, performance: SP: 0 FLOP/s, DP: 489.6 GFLOP/s
JSON file written to: json_logs/lustre_orion_chm213_scratch_ryan_dhdft_inputs_exess_exess_inputs_BP86_def2-TZVP_isomers_31020-31039_topology_18.json
************************************************************
**************** Running topology 20 of 20 *****************
************************************************************

************************************************************
********* Beginning RI-GGA_X_B88+GGA_C_P86 energy **********
************************************************************

=======================================================
          GGA_X_B88+GGA_C_P86 Energy Results           
=======================================================
E GGA_X_B88+GGA_C_P86 : -1691.76743022
Nuclear Repulsion Energy: 4692.60420245
Electronic Energy:        -6135.77457556
XC Energy:                -248.597057
Converged:                1
# of SCF iterations:      17
SCF Time:                 35.748s

=======================================================
            Individual Calculation Summary             
=======================================================
HF Energy: -1691.7674302156601698
=======================================================


Topology 19 time: 36.016407 s, performance: SP: 0 FLOP/s, DP: 487.2 GFLOP/s
JSON file written to: json_logs/lustre_orion_chm213_scratch_ryan_dhdft_inputs_exess_exess_inputs_BP86_def2-TZVP_isomers_31020-31039_topology_19.json
Total flops: SP: 0 FLOPS, DP: 350.57534 TFLOPS
Performance: SP: 0 FLOP/s, DP: 483.8 GFLOP/s

Now, a word from our sponsors... 
 Is it a swear word or is the Fock matrix times U matrix? Ryan and Jorge discussing Fortran naming schemes

[31mTotal processing time 724.844813 seconds[0m
[CRAYBLAS_WARNING] Application linked against multiple cray-libsci libraries
ed 570194 / 2274064 significant shell pairs
Total number of grid points: 342330 (5034 per atom)
One electron integrals and orthogonalizer took 0.095859s
Created 570194 / 2274064 significant shell pairs
3C integrals and B formation took 2.731025s
Iteration |      Energy      |  DIIS Metric   | Fock Time (s) | DIIS Time (s)
----------+------------------+----------------+---------------+--------------
    1     | -1702.1981139357 |   1.0388e+03   |    1.5868     |    0.5471
    2     | -1690.7771693317 |   3.6122e+00   |    1.5559     |    0.4359
    3     | -1690.3132414767 |   5.4796e+00   |    1.5940     |    0.3546
    4     | -1691.7127920802 |   1.8550e-01   |    1.3220     |    0.3439
    5     | -1691.7396617838 |   8.9156e-02   |    1.2486     |    0.3437
    6     | -1691.7630698566 |   6.4415e-03   |    1.5658     |    0.3437
    7     | -1691.7644475885 |   1.2246e-03   |    1.5658     |    0.3437
    8     | -1691.7646616420 |   4.5983e-04   |    1.5641     |    0.3855
    9     | -1691.7647903515 |   2.9672e-05   |    1.2492     |    0.3442
   10     | -1691.7647960262 |   1.0874e-05   |    1.2481     |    0.3437
   11     | -1691.7647989740 |   1.1305e-06   |    1.5645     |    0.3434
   12     | -1691.7647992484 |   1.1105e-07   |    1.5635     |    0.3860
   13     | -1691.7647992283 |   6.8747e-08   |    1.5654     |    0.3436
   14     | -1691.7647992695 |   6.7340e-09   |    1.2498     |    0.3439
   15     | -1691.7647992712 |   1.0671e-09   |    1.2506     |    0.3437
   16     | -1691.7647992713 |   7.2869e-10   |    1.5644     |    0.3437
   17     | -1691.7647992715 |   6.6190e-11   |    1.5646     |    0.3441
Created 750350 / 2985984 significant shell pairs
Created 582715 / 2274064 significant shell pairs
Total number of grid points: 341351 (5019 per atom)
One electron integrals and orthogonalizer took 0.095892s
Created 582715 / 2274064 significant shell pairs
3C integrals and B formation took 2.739033s
Iteration |      Energy      |  DIIS Metric   | Fock Time (s) | DIIS Time (s)
----------+------------------+----------------+---------------+--------------
    1     | -1702.2112869087 |   1.0421e+03   |    1.6234     |    0.4338
    2     | -1690.7739077571 |   3.6464e+00   |    1.6147     |    0.3344
    3     | -1690.2916163922 |   5.6126e+00   |    1.6162     |    0.3309
    4     | -1691.7184731174 |   1.6986e-01   |    1.3389     |    0.3439
    5     | -1691.7383882093 |   9.5646e-02   |    1.3424     |    0.4250
    6     | -1691.7660312040 |   5.1178e-03   |    1.5761     |    0.3855
    7     | -1691.7670888210 |   1.2272e-03   |    1.6156     |    0.3327
    8     | -1691.7673683580 |   2.2218e-04   |    1.6161     |    0.3329
    9     | -1691.7674238388 |   2.2899e-05   |    1.3402     |    0.3437
   10     | -1691.7674286647 |   5.6771e-06   |    1.3417     |    0.4248
   11     | -1691.7674300669 |   4.7421e-07   |    1.5777     |    0.3858
   12     | -1691.7674301877 |   1.3222e-07   |    1.6160     |    0.3352
   13     | -1691.7674302071 |   2.9181e-08   |    1.6121     |    0.3363
   14     | -1691.7674302147 |   4.7885e-09   |    1.3374     |    0.3440
   15     | -1691.7674302068 |   9.1513e-10   |    1.3414     |    0.4249
   16     | -1691.7674302155 |   4.8965e-10   |    1.5766     |    0.3890
   17     | -1691.7674302157 |   2.2559e-11   |    1.6108     |    0.3339
Please cite the following papers for the methods used in this calculation:
 - J.L. Galvez Vallejo et. al., Toward an extreme-scale electronic structure system, J. Chem. Phys., 2023. DOI: 10.1063/5.0156399

 - R. Stocks, E. Palethorpe, and G.M.J. Barca, Multi-GPU RI-HF Energies and Analytic Gradients ─ Toward High-Throughput Ab Initio Molecular Dynamics, J. Chem. Theory Comput., 2024. DOI: 10.1021/acs.jctc.4c00877
   For:
     * RI-HF energy

 - D.B. Williams-Young, W.A. de Jong, H.J.J. van Dam, and C. Yang, On the Efficient Evaluation of the Exchange Correlation Potential on Graphics Processing Unit Clusters, Frontiers in Chemistry, 2020. DOI: 10.3389/fchem.2020.581058
   For:
     * GauXC implementation of exchange-correlation integration

 - R. Stocks and G.M.J. Barca, Efficient Algorithms for GPU Accelerated Evaluation of the DFT Exchange-Correlation Functional, J. Chem. Theory Comput., 2025. DOI: 10.1021/acs.jctc.5c01229
   For:
     * GPU accelerated DFT exchange-correlation evaluation

 - A. D. Becke.,  Phys. Rev. A 38, 3098 (1988) DOI: 10.1103/PhysRevA.38.3098
   For:
     * GGA_X_B88 XC Functional

 - J. P. Perdew.,  Phys. Rev. B 33, 8822 (1986) DOI: 10.1103/PhysRevB.33.8822
   For:
     * GGA_C_P86 XC Functional

[CRAYBLAS_WARNING] Application linked against multiple cray-libsci libraries
