Total number of grid points: 344762 (5070 per atom)
Total number of grid points: 343804 (5055 per atom)
Total number of grid points: 343544 (5052 per atom)
Total number of grid points: 347040 (5103 per atom)
Total number of grid points: 346219 (5091 per atom)
Total number of grid points: 341526 (5022 per atom)
Total number of grid points: 341092 (5016 per atom)
Total number of grid points: 341382 (5020 per atom)
Total number of grid points: 340765 (5011 per atom)
Total number of grid points: 342393 (5035 per atom)
Total number of grid points: 346359 (5093 per atom)
Total number of grid points: 345593 (5082 per atom)
Total number of grid points: 344624 (5068 per atom)
Total number of grid points: 344261 (5062 per atom)
Total number of grid points: 342651 (5038 per atom)
Total number of grid points: 344137 (5060 per atom)
Total number of grid points: 344695 (5069 per atom)
Total number of grid points: 342538 (5037 per atom)
Total number of grid points: 347201 (5105 per atom)
Total number of grid points: 337931 (4969 per atom)
[CRAYBLAS_WARNING] Application linked against multiple cray-libsci libraries
5982
   10     | -1691.7918370538 |   4.0192e-06   |    1.1353     |    0.3426
   11     | -1691.7918380861 |   3.1541e-07   |    1.3493     |    0.5556
   12     | -1691.7918381597 |   1.2226e-07   |    1.2675     |    0.4290
   13     | -1691.7918381732 |   2.5154e-08   |    1.5537     |    0.5407
   14     | -1691.7918381887 |   2.4088e-09   |    1.3283     |    0.3920
   15     | -1691.7918381892 |   5.7099e-10   |    1.5542     |    0.3924
   16     | -1691.7918381892 |   5.2850e-10   |    1.5565     |    0.3919
   17     | -1691.7918381894 |   5.5647e-11   |    1.5563     |    0.3922
Created 700576 / 2985984 significant shell pairs
Created 543653 / 2274064 significant shell pairs
Total number of grid points: 348057 (5118 per atom)
One electron integrals and orthogonalizer took 0.093516s
Created 543653 / 2274064 significant shell pairs
3C integrals and B formation took 2.695117s
Iteration |      Energy      |  DIIS Metric   | Fock Time (s) | DIIS Time (s)
----------+------------------+----------------+---------------+--------------
    1     | -1702.1949428067 |   1.0350e+03   |    1.7499     |    0.7474
    2     | -1690.7914951593 |   3.6138e+00   |    1.5219     |    0.6362
    3     | -1690.3527885743 |   5.4093e+00   |    1.5560     |    0.5557
    4     | -1691.7401834253 |   1.4150e-01   |    1.2981     |    0.4824
    5     | -1691.7606600508 |   6.0429e-02   |    1.4074     |    0.6854
    6     | -1691.7765638073 |   6.4992e-03   |    1.5560     |    0.5551
    7     | -1691.7781980105 |   8.4119e-04   |    1.4770     |    0.6740
    8     | -1691.7783707432 |   2.2872e-04   |    1.5557     |    0.4327
    9     | -1691.7784287975 |   2.1580e-05   |    1.3130     |    0.4323
   10     | -1691.7784331807 |   5.6645e-06   |    1.4351     |    0.5150
   11     | -1691.7784346349 |   4.1604e-07   |    1.5559     |    0.4329
   12     | -1691.7784346843 |   1.1910e-07   |    1.5567     |    0.3919
   13     | -1691.7784347274 |   3.0165e-08   |    1.5563     |    0.5491
   14     | -1691.7784347373 |   3.4971e-09   |    1.3039     |    0.3594
   15     | -1691.7784347382 |   4.9688e-10   |    1.3767     |    0.4334
   16     | -1691.7784347382 |   6.1000e-10   |    1.5168     |    0.6709
   17     | -1691.7784347384 |   2.5197e-11   |    1.5219     |    0.4324
Created 727574 / 2985984 significant shell pairs
Created 565389 / 2274064 significant shell pairs
Total number of grid points: 340901 (5013 per atom)
One electron integrals and orthogonalizer took 0.095323s
Created 565389 / 2274064 significant shell pairs
3C integrals and B formation took 2.665097s
Iteration |      Energy      |  DIIS Metric   | Fock Time (s) | DIIS Time (s)
----------+------------------+----------------+---------------+--------------
    1     | -1702.2040347782 |   1.0377e+03   |    1.5988     |    0.4273
    2     | -1690.7865630298 |   3.6308e+00   |    1.7245     |    0.6759
    3     | -1690.3190270335 |   5.5383e+00   |    1.6747     |    0.4775
    4     | -1691.7263764800 |   1.8319e-01   |    1.3766     |    0.3435
    5     | -1691.7493506504 |   9.3459e-02   |    1.3930     |    0.3930
    6     | -1691.7747537180 |   8.0773e-03   |    1.6823     |    0.4704
    7     | -1691.7767084877 |   9.4756e-04   |    1.5565     |    0.5485
    8     | -1691.7768826315 |   3.2299e-04   |    1.5208     |    0.4329
    9     | -1691.7769656091 |   2.1198e-05   |    1.4345     |    0.5151
   10     | -1691.7769692588 |   7.9848e-06   |    1.3929     |    0.3934
   11     | -1691.7769714247 |   4.4938e-07   |    1.6825     |    0.4712
   12     | -1691.7769715270 |   1.6916e-07   |    1.5564     |    0.5492
   13     | -1691.7769715412 |   5.1729e-08   |    1.6408     |    0.4351
   14     | -1691.7769715648 |   2.5913e-09   |    1.4594     |    0.3431
   15     | -1691.7769715589 |   8.9571e-10   |    1.3935     |    0.3931
   16     | -1691.7769715591 |   5.0122e-10   |    1.6828     |    0.4710
   17     | -1691.7769715592 |   3.2612e-11   |    1.5561     |    0.5492
Created 733461 / 2985984 significant shell pairs
Created 569638 / 2274064 significant shell pairs
Total number of grid points: 343981 (5058 per atom)
One electron integrals and orthogonalizer took 0.174846s
Created 569638 / 2274064 significant shell pairs
3C integrals and B formation took 2.647940s
Iteration |      Energy      |  DIIS Metric   | Fock Time (s) | DIIS Time (s)
----------+------------------+----------------+---------------+--------------
    1     | -1702.2026662591 |   1.0396e+03   |    1.5547     |    0.5480
    2     | -1690.7775781110 |   3.6236e+00   |    1.5224     |    0.6362
    3     | -1690.3231562733 |   5.5008e+00   |    1.5560     |    0.5548
    4     | -1691.7264387815 |   1.4457e-01   |    1.3874     |    0.5454
    5     | -1691.7457633399 |   6.7588e-02   |    1.4348     |    0.8735
    6     | -1691.7641618744 |   5.1084e-03   |    1.5221     |    0.6358
    7     | -1691.7652958792 |   9.5921e-04   |    1.5562     |    0.5552
    8     | -1691.7654956766 |   2.2737e-04   |    1.6749     |    0.4766
    9     | -1691.7655506060 |   3.1222e-05   |    1.3775     |    0.3469
   10     | -1691.7655572603 |   7.5196e-06   |    1.3897     |    0.3931
   11     | -1691.7655594198 |   2.9043e-07   |    1.6804     |    0.4711
   12     | -1691.7655594326 |   1.1393e-07   |    1.5559     |    0.5493
   13     | -1691.7655594620 |   2.6032e-08   |    1.5223     |    0.4324
   14     | -1691.7655594649 |   3.6477e-09   |    1.4351     |    0.5146
   15     | -1691.7655594725 |   2.9657e-10   |    1.3937     |    0.3936
   16     | -1691.7655594659 |   1.5591e-10   |    1.6791     |    0.4741
   17     | -1691.7655594726 |   1.0763e-11   |    1.5560     |    0.5493
Created 693396 / 2985984 significant shell pairs
Created 537910 / 2274064 significant shell pairs
Total number of grid points: 337749 (4966 per atom)
One electron integrals and orthogonalizer took 0.256070s
Created 537910 / 2274064 significant shell pairs
3C integrals and B formation took 2.685573s
Iteration |      Energy      |  DIIS Metric   | Fock Time (s) | DIIS Time (s)
----------+------------------+----------------+---------------+--------------
    1     | -1702.1963434239 |   1.0352e+03   |    1.6440     |    0.5543
    2     | -1690.7908072908 |   3.6164e+00   |    1.4955     |    0.4247
    3     | -1690.3580769585 |   5.3815e+00   |    1.5551     |    0.5488
    4     | -1691.7468544596 |   1.1772e-01   |    1.2785     |    0.3957
    5     | -1691.7651805228 |   4.7950e-02   |    1.2684     |    0.4322
    6     | -1691.7773291193 |   4.8989e-03   |    1.5922     |    0.4582
    7     | -1691.7784580573 |   9.0776e-04   |    1.4752     |    0.3833
    8     | -1691.7786633899 |   1.7000e-04   |    1.4952     |    0.4244
    9     | -1691.7787062097 |   2.2828e-05   |    1.3531     |    0.3933
   10     | -1691.7787112887 |   5.1046e-06   |    1.3938     |    0.3932
   11     | -1691.7787125719 |   3.3839e-07   |    1.5439     |    0.3428
   12     | -1691.7787126306 |   1.1615e-07   |    1.5912     |    0.3440
   13     | -1691.7787126668 |   2.6739e-08   |    1.4691     |    0.4649
   14     | -1691.7787126676 |   3.4456e-09   |    1.1860     |    0.3433
   15     | -1691.7787126744 |   7.2628e-10   |    1.3111     |    0.4341
   16     | -1691.7787126744 |   5.4794e-10   |    1.6367     |    0.5492
   17     | -1691.7787126746 |   4.3363e-11   |    1.4714     |    0.3164
Created 705185 / 2985984 significant shell pairs
Created 546696 / 2274064 significant shell pairs
Total number of grid points: 345033 (5074 per atom)
One electron integrals and orthogonalizer took 0.094780s
Created 546696 / 2274064 significant shell pairs
3C integrals and B formation took 2.610191s
Iteration |      Energy      |  DIIS Metric   | Fock Time (s) | DIIS Time (s)
----------+------------------+----------------+---------------+--------------
    1     | -1702.2020827650 |   1.0375e+03   |    1.5876     |    0.5489
    2     | -1690.7872808229 |   3.6314e+00   |    1.4744     |    0.3572
    3     | -1690.3206123722 |   5.5209e+00   |    1.5566     |    0.5482
    4     | -1691.7247703662 |   1.8738e-01   |    1.3000     |    0.3572
    5     | -1691.7488271291 |   9.9431e-02   |    1.2586     |    0.4319
    6     | -1691.7760455178 |   7.1335e-03   |    1.6376     |    0.6708
    7     | -1691.7776196053 |   1.1270e-03   |    1.5186     |    0.4353
    8     | -1691.7777978934 |   4.7968e-04   |    1.6375     |    0.6709
    9     | -1691.7779263478 |   2.4397e-05   |    1.2997     |    0.3576
   10     | -1691.7779315566 |   6.8742e-06   |    1.2576     |    0.4326
   11     | -1691.7779332467 |   5.0968e-07   |    1.6380     |    0.6709
   12     | -1691.7779333310 |   1.5722e-07   |    1.5192     |    0.4342
   13     | -1691.7779333379 |   4.4610e-08   |    1.6378     |    0.6708
   14     | -1691.7779333654 |   4.4490e-09   |    1.2988     |    0.3576
   15     | -1691.7779333602 |   8.5658e-10   |    1.2575     |    0.4328
   16     | -1691.7779333666 |   6.1783e-10   |    1.6378     |    0.6709
   17     | -1691.7779333667 |   2.9768e-11   |    1.4947     |    0.3152
Created 722335 / 2985984 significant shell pairs
Created 560907 / 2274064 significant shell pairs
Total number of grid points: 345710 (5083 per atom)
One electron integrals and orthogonalizer took 0.163663s
Created 560907 / 2274064 significant shell pairs
3C integrals and B formation took 2.684835s
Iteration |      Energy      |  DIIS Metric   | Fock Time (s) | DIIS Time (s)
----------+------------------+----------------+---------------+--------------
    1     | -1702.2040467547 |   1.0377e+03   |    1.5992     |    0.3934
    2     | -1690.7899637362 |   3.6304e+00   |    1.6650     |    0.4262
    3     | -1690.3241314332 |   5.5203e+00   |    1.5545     |    0.4327
    4     | -1691.7327391557 |   1.7382e-01   |    1.3342     |    0.3432
    5     | -1691.7545380690 |   9.1054e-02   |    1.4340     |    0.5151
    6     | -1691.7794227979 |   6.2699e-03   |    1.5555     |    0.4325
    7     | -1691.7808621441 |   9.1281e-04   |    1.5573     |    0.3915
    8     | -1691.7810242040 |   3.4325e-04   |    1.5558     |    0.5494
    9     | -1691.7811137853 |   2.2906e-05   |    1.3912     |    0.3432
   10     | -1691.7811169024 |   1.1643e-05   |    1.4664     |    0.4652
   11     | -1691.7811202216 |   5.3624e-07   |    1.4509     |    0.5493
   12     | -1691.7811202796 |   1.4135e-07   |    1.5220     |    0.4326
   13     | -1691.7811203142 |   5.4426e-08   |    1.6380     |    0.6709
   14     | -1691.7811203276 |   4.3311e-09   |    1.3947     |    0.3436
   15     | -1691.7811203399 |   9.4648e-10   |    1.4655     |    0.4653
   16     | -1691.7811203287 |   6.8089e-10   |    1.4504     |    0.5494
   17     | -1691.7811203289 |   5.0622e-11   |    1.6429     |    0.4337
Created 731519 / 2985984 significant shell pairs
Created 567570 / 2274064 significant shell pairs
Total number of grid points: 348303 (5122 per atom)
One electron integrals and orthogonalizer took 0.135689s
Created 567570 / 2274064 significant shell pairs
3C integrals and B formation took 2.655462s
Iteration |      Energy      |  DIIS Metric   | Fock Time (s) | DIIS Time (s)
----------+------------------+----------------+---------------+--------------
    1     | -1702.2054895231 |   1.0406e+03   |    1.6861     |    0.4237
    2     | -1690.7754540066 |   3.6269e+00   |    1.6632     |    0.4230
    3     | -1690.3084768289 |   5.5410e+00   |    1.6858     |    0.4674
    4     | -1691.7213531152 |   1.5647e-01   |    1.4345     |    0.3144
    5     | -1691.7408976666 |   8.0355e-02   |    1.4120     |    0.3698
    6     | -1691.7636599288 |   4.8162e-03   |    1.6898     |    0.4245
    7     | -1691.7647027779 |   1.0168e-03   |    1.6629     |    0.4181
    8     | -1691.7649125573 |   2.7756e-04   |    1.6434     |    0.4336
    9     | -1691.7649831824 |   2.6891e-05   |    1.3356     |    0.4246
   10     | -1691.7649885769 |   7.8916e-06   |    1.4150     |    0.3703
   11     | -1691.7649908610 |   3.3507e-07   |    1.6895     |    0.4247
   12     | -1691.7649908911 |   1.3634e-07   |    1.6627     |    0.4180
   13     | -1691.7649909152 |   3.3424e-08   |    1.6436     |    0.4337
   14     | -1691.7649909430 |   4.5419e-09   |    1.3346     |    0.4248
   15     | -1691.7649909441 |   5.9276e-10   |    1.4148     |    0.3703
   16     | -1691.7649909349 |   4.2006e-10   |    1.6905     |    0.4244
   17     | -1691.7649909443 |   2.5395e-11   |    1.6604     |    0.4179
Created 691766 / 2985984 significant shell pairs
Created 536371 / 2274064 significant shell pairs
Total number of grid points: 345932 (5087 per atom)
One electron integrals and orthogonalizer took 0.253668s
Created 536371 / 2274064 significant shell pairs
3C integrals and B formation took 2.688780s
Iteration |      Energy      |  DIIS Metric   | Fock Time (s) | DIIS Time (s)
----------+------------------+----------------+---------------+--------------
    1     | -1702.2019640838 |   1.0361e+03   |    1.6407     |    0.5519
    2     | -1690.7905848442 |   3.6192e+00   |    1.4969     |    0.4247
    3     | -1690.3521621507 |   5.4020e+00   |    1.5552     |    0.5488
    4     | -1691.7439209024 |   1.2681e-01   |    1.2785     |    0.3934
    5     | -1691.7592792781 |   6.7369e-02   |    1.2716     |    0.4329
    6     | -1691.7774079767 |   6.0554e-03   |    1.6347     |    0.4273
    7     | -1691.7788582395 |   8.9544e-04   |    1.4780     |    0.3834
    8     | -1691.7790431766 |   2.4102e-04   |    1.4974     |    0.4243
    9     | -1691.7791072811 |   2.0435e-05   |    1.3534     |    0.3936
   10     | -1691.7791115009 |   5.8478e-06   |    1.3934     |    0.3935
   11     | -1691.7791129665 |   3.7719e-07   |    1.5452     |    0.3428
   12     | -1691.7791129991 |   1.3346e-07   |    1.6102     |    0.3390
   13     | -1691.7791130320 |   3.0255e-08   |    1.4689     |    0.4644
   14     | -1691.7791130535 |   2.4517e-09   |    1.1868     |    0.3438
   15     | -1691.7791130467 |   7.5773e-10   |    1.3099     |    0.4347
   16     | -1691.7791130537 |   6.6411e-10   |    1.6367     |    0.5493
   17     | -1691.7791130539 |   3.8045e-11   |    1.4739     |    0.3192
Created 703582 / 2985984 significant shell pairs
Created 545532 / 2274064 significant shell pairs
Total number of grid points: 339895 (4998 per atom)
One electron integrals and orthogonalizer took 0.094910s
Created 545532 / 2274064 significant shell pairs
3C integrals and B formation took 2.597027s
Iteration |      Energy      |  DIIS Metric   | Fock Time (s) | DIIS Time (s)
----------+------------------+----------------+---------------+--------------
    1     | -1702.2119936200 |   1.0384e+03   |    1.6036     |    0.3929
    2     | -1690.7886031775 |   3.6271e+00   |    1.4730     |    0.5488
    3     | -1690.3388981368 |   5.4759e+00   |    1.6820     |    0.4343
    4     | -1691.7490518976 |   1.0782e-01   |    1.3131     |    0.4328
    5     | -1691.7639039851 |   4.9911e-02   |    1.4344     |    0.5141
    6     | -1691.7767570182 |   5.0954e-03   |    1.5561     |    0.4327
    7     | -1691.7778883977 |   1.0895e-03   |    1.5083     |    0.4244
    8     | -1691.7781332551 |   2.0468e-04   |    1.5566     |    0.5494
    9     | -1691.7781832180 |   2.5907e-05   |    1.3016     |    0.3581
   10     | -1691.7781888899 |   5.6970e-06   |    1.3778     |    0.4336
   11     | -1691.7781903627 |   3.2366e-07   |    1.5162     |    0.6710
   12     | -1691.7781904446 |   1.5104e-07   |    1.5199     |    0.4332
   13     | -1691.7781904487 |   2.8100e-08   |    1.6377     |    0.6710
   14     | -1691.7781904603 |   2.5424e-09   |    1.3032     |    0.3588
   15     | -169=======================================================
          GGA_X_B88+GGA_C_P86 Energy Results           
=======================================================
E GGA_X_B88+GGA_C_P86 : -1691.77819046Created 726300 / 2985984 significant shell pairs
Created 563786 / 2274064 significant shell pairs
Total number of grid points: 344920 (5072 per atom)
One electron integrals and orthogonalizer took 0.095505s
Created 563786 / 2274064 significant shell pairs
3C integrals and B formation took 2.757531s
Iteration |      Energy      |  DIIS Metric   | Fock Time (s) | DIIS Time (s)
----------+------------------+----------------+---------------+--------------
    1     | -1702.2044428839 |   1.0395e+03   |    1.5321     |    0.6299
    2     | -1690.7774491883 |   3.6052e+00   |    1.6621     |    0.4180
    3     | -1690.3293878881 |   5.4482e+00   |    1.6852     |    0.4725
    4     | -1691.7282213440 |   1.3140e-01   |    1.4343     |    0.3119
    5     | -1691.7441348055 |   6.4346e-02   |    1.4126     |    0.3726
    6     | -1691.7608078210 |   8.1388e-03   |    1.6893     |    0.4242
    7     | -1691.7629049144 |   8.6728e-04   |    1.6568     |    0.4180
    8     | -1691.7630868920 |   1.8354e-04   |    1.6849     |    0.4742
    9     | -16=======================================================
          GGA_X_B88+GGA_C_P86 Energy Results           
=======================================================
E GGA_X_B88+GGA_C_P86 : -1691.76313957
Nuclear Repulsion Energy: 4611.01826633
Electronic Energy:        -6054.1888837
XC Energy:                -248.592522
Converged:                1
# of SCF iterations:      17
SCF Time:                 37.967s

=======================================================
            Individual Calculation Summary             
=======================================================
HF Energy: -1691.7631395674052328
================================Created 704570 / 2985984 significant shell pairs
Created 546241 / 2274064 significant shell pairs
Total number of grid points: 344434 (5065 per atom)
One electron integrals and orthogonalizer took 0.094662s
Created 546241 / 2274064 significant shell pairs
3C integrals and B formation took 2.755875s
Iteration |      Energy      |  DIIS Metric   | Fock Time (s) | DIIS Time (s)
----------+------------------+----------------+---------------+--------------
    1     | -1702.2070987934 |   1.0380e+03   |    1.5729     |    0.4201
    2     | -1690.7918889085 |   3.6343e+00   |    1.4689     |    0.3562
    3     | -16=======================================================
          GGA_X_B88+GGA_C_P86 Energy Results           
=======================================================
E GGA_X_B88+GGA_C_P86 : -1691.78391972
Nuclear Repulsion Energy: 4530.49887084
Electronic Energy:        -5973.68955973
XC Energy:                -248.593231
Converged:                1
# of SCF iterations:      17
SCF Time:                 36.413s

=======================================================
            Individual Calculation Summary             
=======================================================
HF Energy: -1691.7839197201833485
=======================================================


Topology 11 time: 36.651950 s, performance: SP: 0 FLOP/s, DP: 451.5 GFLOP/s
JSON file written to: json_logs/lustre_orion_chm213_scratch_ryan_dhdft_inputs_exess_exess_inputs_BP86_def2-TZVP_isomers_18740-18759_topology_11.json
************************************************************
**************** Running topology 13 of 20 *****************
************************************************************

********Created 696254 / 2985984 significant shell pairs
Created 539530 / 2274064 significant shell pairs
Total number of grid points: 344886 (5071 per atom)
One electron integrals and=======================================================
          GGA_X_B88+GGA_C_P86 Energy Results           
=======================================================
E GGA_X_B88+GGA_C_P86 : -1691.78162113
Nuclear Repulsion Energy: 4498.6284002
Electronic Energy:        -5941.81872565
XC Energy:                -248.591296
Converged:                1
# of SCF iterations:      17
SCF Time:                 36.057s

=======================================================
            Individual Calculation Summary             
=======================================================
HF Energy: -1691.7816211286176440
=======================================================


Topology 12 time: 36.294901 s, performance: SP: 0 FLOP/s, DP: 450.8 GFLOP/s
JSON file written to: json_logs/lustre_orion_chm213_scratch_ryan_dhdft_inputs_exess_exess_inputs_BP86_def2-TZVP_isomers_18740-18759_topology_12.json
************************************************************
**************** Running topology 14 of 20 *****************
************************************************************

************************************************************
********* Beginning RI-GGA_X_B88+GGA_C_P86 energy **********
************************************************************

=======================================================
          GGA_X_B88+GGA_C_P86 Energy Results           
=======================================================
E GGA_X_B88+GGA_C_P86 : -1691.78291252
Nuclear Repulsion Energy: 4504.9408989
Electronic Energy:        -5948.12954666
XC Energy:                -248.594265
Converged:                1
# of SCF iterations:      17
SCF Time:                 36.006s

=======================================================
            Individual Calculation Summary             
=======================================================
HF Energy: -1691.7829125170931093
=======================================================


Topology 13 time: 36.249477 s, performance: SP: 0 FLOP/s, DP: 451.6 GFLOP/s
JSON file written to: json_logs/lustre_orion_chm213_scratch_ryan_dhdft_inputs_exess_exess_inputs_BP86_def2-TZVP_isomers_18740-18759_topology_13.json
************************************************************
**************** Running topology 15 of 20 *****************
************************************************************

************************************************************
********* Beginning RI-GGA_X_B88+GGA_C_P86 energy **********
************************************************************

=======================================================
          GGA_X_B88+GGA_C_P86 Energy Results           
=======================================================
E GGA_X_B88+GGA_C_P86 : -1691.77536962
Nuclear Repulsion Energy: 4531.97027381
Electronic Energy:        -5975.15638652
XC Energy:                -248.589257
Converged:                1
# of SCF iterations:      17
SCF Time:                 37.275s

=======================================================
            Individual Calculation Summary             
=======================================================
HF Energy: -1691.7753696156460137
=======================================================


Topology 14 time: 37.518026 s, performance: SP: 0 FLOP/s, DP: 439.9 GFLOP/s
JSON file written to: json_logs/lustre_orion_chm213_scratch_ryan_dhdft_inputs_exess_exess_inputs_BP86_def2-TZVP_isomers_18740-18759_topology_14.json
************************************************************
**************** Running topology 16 of 20 *****************
************************************************************

************************************************************
********* Beginning RI-GGA_X_B88+GGA_C_P86 energy **********
************************************************************

=======================================================
          GGA_X_B88+GGA_C_P86 Energy Results           
=======================================================
E GGA_X_B88+GGA_C_P86 : -1691.77799559
Nuclear Repulsion Energy: 4571.99779489
Electronic Energy:        -6015.18462065
XC Energy:                -248.591170
Converged:                1
# of SCF iterations:      17
SCF Time:                 36.944s

=======================================================
            Individual Calculation Summary             
=======================================================
HF Energy: -1691.7779955909154523
=======================================================


Topology 15 time: 37.195735 s, performance: SP: 0 FLOP/s, DP: 451.7 GFLOP/s
JSON file written to: json_logs/lustre_orion_chm213_scratch_ryan_dhdft_inputs_exess_exess_inputs_BP86_def2-TZVP_isomers_18740-18759_topology_15.json
************************************************************
**************** Running topology 17 of 20 *****************
************************************************************

************************************************************
********* Beginning RI-GGA_X_B88+GGA_C_P86 energy **********
************************************************************

=======================================================
          GGA_X_B88+GGA_C_P86 Energy Results           
=======================================================
E GGA_X_B88+GGA_C_P86 : -1691.77302029
Nuclear Repulsion Energy: 4591.33871901
Electronic Energy:        -6034.51555088
XC Energy:                -248.596188
Converged:                1
# of SCF iterations:      17
SCF Time:                 37.75s

=======================================================
            Individual Calculation Summary             
=======================================================
HF Energy: -1691.7730202855427706
=======================================================


Topology 16 time: 38.000944 s, performance: SP: 0 FLOP/s, DP: 445.3 GFLOP/s
JSON file written to: json_logs/lustre_orion_chm213_scratch_ryan_dhdft_inputs_exess_exess_inputs_BP86_def2-TZVP_isomers_18740-18759_topology_16.json
************************************************************
**************** Running topology 18 of 20 *****************
************************************************************

************************************************************
********* Beginning RI-GGA_X_B88+GGA_C_P86 energy **********
************************************************************

=======================================================
          GGA_X_B88+GGA_C_P86 Energy Results           
=======================================================
E GGA_X_B88+GGA_C_P86 : -1691.78502891
Nuclear Repulsion Energy: 4469.901572
Electronic Energy:        -5913.09431531
XC Energy:                -248.592286
Converged:                1
# of SCF iterations:      17
SCF Time:                 36.045s

=======================================================
            Individual Calculation Summary             
=======================================================
HF Energy: -1691.7850289057039390
=======================================================


Topology 17 time: 36.287406 s, performance: SP: 0 FLOP/s, DP: 443.9 GFLOP/s
JSON file written to: json_logs/lustre_orion_chm213_scratch_ryan_dhdft_inputs_exess_exess_inputs_BP86_def2-TZVP_isomers_18740-18759_topology_17.json
************************************************************
**************** Running topology 19 of 20 *****************
************************************************************

************************************************************
********* Beginning RI-GGA_X_B88+GGA_C_P86 energy **********
************************************************************

=======================================================
          GGA_X_B88+GGA_C_P86 Energy Results           
=======================================================
E GGA_X_B88+GGA_C_P86 : -1691.77671914
Nuclear Repulsion Energy: 4499.1378068
Electronic Energy:        -5942.32028606
XC Energy:                -248.594240
Converged:                1
# of SCF iterations:      17
SCF Time:                 35.318s

=======================================================
            Individual Calculation Summary             
=======================================================
HF Energy: -1691.7767191401362652
=======================================================


Topology 18 time: 35.563819 s, performance: SP: 0 FLOP/s, DP: 458.9 GFLOP/s
JSON file written to: json_logs/lustre_orion_chm213_scratch_ryan_dhdft_inputs_exess_exess_inputs_BP86_def2-TZVP_isomers_18740-18759_topology_18.json
************************************************************
**************** Running topology 20 of 20 *****************
************************************************************

************************************************************
********* Beginning RI-GGA_X_B88+GGA_C_P86 energy **********
************************************************************

=======================================================
          GGA_X_B88+GGA_C_P86 Energy Results           
=======================================================
E GGA_X_B88+GGA_C_P86 : -1691.76615662
Nuclear Repulsion Energy: 4561.30166608
Electronic Energy:        -6004.47453597
XC Energy:                -248.593287
Converged:                1
# of SCF iterations:      17
SCF Time:                 36.408s

=======================================================
            Individual Calculation Summary             
=======================================================
HF Energy: -1691.7661566227209278
=======================================================


Topology 19 time: 36.664656 s, performance: SP: 0 FLOP/s, DP: 455.3 GFLOP/s
JSON file written to: json_logs/lustre_orion_chm213_scratch_ryan_dhdft_inputs_exess_exess_inputs_BP86_def2-TZVP_isomers_18740-18759_topology_19.json
Total flops: SP: 0 FLOPS, DP: 332.48674 TFLOPS
Performance: SP: 0 FLOP/s, DP: 445.6 GFLOP/s

Now, a word from our sponsors... 
  *kookaburra laugh*

[31mTotal processing time 746.464273 seconds[0m
[CRAYBLAS_WARNING] Application linked against multiple cray-libsci libraries
314e-11   |    1.5786     |    0.5155
Created 694180 / 2985984 significant shell pairs
Created 537977 / 2274064 significant shell pairs
Total number of grid points: 341058 (5015 per atom)
One electron integrals and orthogonalizer took 0.094514s
Created 537977 / 2274064 significant shell pairs
3C integrals and B formation took 2.642735s
Iteration |      Energy      |  DIIS Metric   | Fock Time (s) | DIIS Time (s)
----------+------------------+----------------+---------------+--------------
    1     | -1702.2082829258 |   1.0378e+03   |    1.5225     |    0.5889
    2     | -1690.7878331931 |   3.6257e+00   |    1.5583     |    0.3568
    3     | -1690.3453474515 |   5.4418e+00   |    1.5359     |    0.3436
    4     | -1691.7489406588 |   1.0206e-01   |    1.4320     |    0.5162
    5     | -1691.7655819906 |   4.0237e-02   |    1.3907     |    0.3942
    6     | -1691.7757434620 |   3.5013e-03   |    1.5428     |    0.3433
    7     | -1691.7764224767 |   1.0221e-03   |    1.5913     |    0.3443
    8     | -1691.7766725544 |   1.5625e-04   |    1.4677     |    0.4647
    9     | -1691.7767118710 |   2.5499e-05   |    1.1830     |    0.3435
   10     | -1691.7767179961 |   4.0282e-06   |    1.2851     |    0.3380
   11     | -1691.7767191100 |   2.6834e-07   |    1.5893     |    0.4581
   12     | -1691.7767191035 |   1.0812e-07   |    1.4762     |    0.3836
   13     | -1691.7767191431 |   2.2294e-08   |    1.4954     |    0.4248
   14     | -1691.7767191469 |   2.6259e-09   |    1.3526     |    0.3932
   15     | -1691.7767191400 |   5.8137e-10   |    1.3918     |    0.3940
   16     | -1691.7767191400 |   4.3744e-10   |    1.5432     |    0.3431
   17     | -1691.7767191401 |   3.3340e-11   |    1.5908     |    0.3431
Created 711217 / 2985984 significant shell pairs
Created 551606 / 2274064 significant shell pairs
Total number of grid points: 344728 (5069 per atom)
One electron integrals and orthogonalizer took 0.094642s
Created 551606 / 2274064 significant shell pairs
3C integrals and B formation took 2.753920s
Iteration |      Energy      |  DIIS Metric   | Fock Time (s) | DIIS Time (s)
----------+------------------+----------------+---------------+--------------
    1     | -1702.2057148320 |   1.0391e+03   |    1.7320     |    0.5073
    2     | -1690.7803763696 |   3.6076e+00   |    1.6015     |    0.3941
    3     | -1690.3378559615 |   5.4258e+00   |    1.6369     |    0.5145
    4     | -1691.7306479722 |   1.3196e-01   |    1.3930     |    0.3933
    5     | -1691.7484933583 |   6.0120e-02   |    1.3785     |    0.3437
    6     | -1691.7641150080 |   6.9971e-03   |    1.5744     |    0.4245
    7     | -1691.7658888924 |   9.3170e-04   |    1.6782     |    0.4331
    8     | -1691.7660891309 |   2.3573e-04   |    1.5566     |    0.3924
    9     | -1691.7661504915 |   2.1808e-05   |    1.3750     |    0.3436
   10     | -1691.7661549973 |   5.9657e-06   |    1.3935     |    0.3933
   11     | -1691.7661564790 |   3.9691e-07   |    1.6367     |    0.5152
   12     | -1691.7661565970 |   1.2093e-07   |    1.5561     |    0.5496
   13     | -1691.7661565851 |   2.4070e-08   |    1.4761     |    0.3195
   14     | -1691.7661566221 |   1.6916e-09   |    1.4048     |    0.3630
   15     | -1691.7661566225 |   6.3069e-10   |    1.3744     |    0.3445
   16     | -1691.7661566226 |   3.8093e-10   |    1.5547     |    0.4337
   17     | -1691.7661566227 |   2.2061e-11   |    1.5566     |    0.3925
Please cite the following papers for the methods used in this calculation:
 - J.L. Galvez Vallejo et. al., Toward an extreme-scale electronic structure system, J. Chem. Phys., 2023. DOI: 10.1063/5.0156399

 - R. Stocks, E. Palethorpe, and G.M.J. Barca, Multi-GPU RI-HF Energies and Analytic Gradients ─ Toward High-Throughput Ab Initio Molecular Dynamics, J. Chem. Theory Comput., 2024. DOI: 10.1021/acs.jctc.4c00877
   For:
     * RI-HF energy

 - D.B. Williams-Young, W.A. de Jong, H.J.J. van Dam, and C. Yang, On the Efficient Evaluation of the Exchange Correlation Potential on Graphics Processing Unit Clusters, Frontiers in Chemistry, 2020. DOI: 10.3389/fchem.2020.581058
   For:
     * GauXC implementation of exchange-correlation integration

 - R. Stocks and G.M.J. Barca, Efficient Algorithms for GPU Accelerated Evaluation of the DFT Exchange-Correlation Functional, J. Chem. Theory Comput., 2025. DOI: 10.1021/acs.jctc.5c01229
   For:
     * GPU accelerated DFT exchange-correlation evaluation

 - A. D. Becke.,  Phys. Rev. A 38, 3098 (1988) DOI: 10.1103/PhysRevA.38.3098
   For:
     * GGA_X_B88 XC Functional

 - J. P. Perdew.,  Phys. Rev. B 33, 8822 (1986) DOI: 10.1103/PhysRevB.33.8822
   For:
     * GGA_C_P86 XC Functional

[CRAYBLAS_WARNING] Application linked against multiple cray-libsci libraries
