Total number of grid points: 340293 (5004 per atom)
Total number of grid points: 345543 (5081 per atom)
Total number of grid points: 347044 (5103 per atom)
Total number of grid points: 343243 (5047 per atom)
Total number of grid points: 347269 (5106 per atom)
Total number of grid points: 346665 (5098 per atom)
Total number of grid points: 340963 (5014 per atom)
Total number of grid points: 342753 (5040 per atom)
Total number of grid points: 340663 (5009 per atom)
Total number of grid points: 346548 (5096 per atom)
Total number of grid points: 337220 (4959 per atom)
Total number of grid points: 338486 (4977 per atom)
Total number of grid points: 348311 (5122 per atom)
Total number of grid points: 341810 (5026 per atom)
Total number of grid points: 346517 (5095 per atom)
Total number of grid points: 341401 (5020 per atom)
Total number of grid points: 343890 (5057 per atom)
Total number of grid points: 345835 (5085 per atom)
Total number of grid points: 337924 (4969 per atom)
Total number of grid points: 348111 (5119 per atom)
[CRAYBLAS_WARNING] Application linked against multiple cray-libsci libraries
7149
   10     | -1691.7721395944 |   1.0972e-05   |    1.4911     |    0.3423
   11     | -1691.7721425912 |   5.8967e-07   |    1.7371     |    0.4911
   12     | -1691.7721427237 |   1.6947e-07   |    1.7593     |    0.3465
   13     | -1691.7721427576 |   7.4249e-08   |    1.6203     |    0.3410
   14     | -1691.7721427840 |   6.2486e-09   |    1.3541     |    0.4309
   15     | -1691.7721427857 |   1.1295e-09   |    1.3137     |    0.4309
   16     | -1691.7721427857 |   1.1696e-09   |    1.5392     |    0.4156
   17     | -1691.7721427816 |   1.1934e-10   |    1.5448     |    0.3409
   18     | -1691.7721427858 |   3.3844e-11   |    1.6183     |    0.3412
Created 719862 / 2985984 significant shell pairs
Created 559938 / 2274064 significant shell pairs
Total number of grid points: 346492 (5095 per atom)
One electron integrals and orthogonalizer took 0.214662s
Created 559938 / 2274064 significant shell pairs
3C integrals and B formation took 2.793644s
Iteration |      Energy      |  DIIS Metric   | Fock Time (s) | DIIS Time (s)
----------+------------------+----------------+---------------+--------------
    1     | -1702.1747786516 |   1.0326e+03   |    1.8256     |    0.7047
    2     | -1690.7713174858 |   3.5815e+00   |    1.6876     |    0.5880
    3     | -1690.3313705456 |   5.3415e+00   |    1.6470     |    0.6312
    4     | -1691.7071499140 |   1.7379e-01   |    1.4595     |    0.5011
    5     | -1691.7326593917 |   7.3345e-02   |    1.4704     |    0.6606
    6     | -1691.7510024230 |   1.3825e-02   |    1.5792     |    0.5774
    7     | -1691.7547918958 |   2.1374e-03   |    1.5655     |    0.6391
    8     | -1691.7552307587 |   9.2859e-04   |    1.6790     |    0.5096
    9     | -1691.7554753101 |   9.2089e-05   |    1.4580     |    0.4206
   10     | -1691.7554991897 |   1.3270e-05   |    1.4378     |    0.5136
   11     | -1691.7555024940 |   1.4374e-06   |    1.6315     |    0.4973
   12     | -1691.7555028625 |   1.6349e-07   |    1.6883     |    0.4315
   13     | -1691.7555028518 |   1.2358e-07   |    1.6323     |    0.4972
   14     | -1691.7555029028 |   6.7999e-09   |    1.5949     |    0.3628
   15     | -1691.7555028941 |   1.7177e-09   |    1.4612     |    0.3820
   16     | -1691.7555028935 |   3.2715e-09   |    1.6163     |    0.3864
   17     | -1691.7555029048 |   2.1243e-10   |    1.6808     |    0.5097
   18     | -1691.7555028946 |   7.7840e-11   |    1.6151     |    0.3862
Created 730871 / 2985984 significant shell pairs
Created 568439 / 2274064 significant shell pairs
Total number of grid points: 341423 (5020 per atom)
One electron integrals and orthogonalizer took 0.053850s
Created 568439 / 2274064 significant shell pairs
3C integrals and B formation took 2.822324s
Iteration |      Energy      |  DIIS Metric   | Fock Time (s) | DIIS Time (s)
----------+------------------+----------------+---------------+--------------
    1     | -1702.1853889239 |   1.0356e+03   |    1.5857     |    0.4258
    2     | -1690.7706597487 |   3.6175e+00   |    1.7674     |    0.4717
    3     | -1690.3047463510 |   5.5122e+00   |    1.5997     |    0.3649
    4     | -1691.7177855600 |   1.6348e-01   |    1.6250     |    0.3495
    5     | -1691.7441380029 |   6.0065e-02   |    1.4637     |    0.4976
    6     | -1691.7591539307 |   7.1745e-03   |    1.6873     |    0.4310
    7     | -1691.7606939351 |   1.7409e-03   |    1.6312     |    0.4973
    8     | -1691.7609620156 |   8.5805e-04   |    1.6879     |    0.4313
    9     | -1691.7612368485 |   4.9628e-05   |    1.5186     |    0.4334
   10     | -1691.7612482744 |   1.3175e-05   |    1.4466     |    0.3902
   11     | -1691.7612517038 |   1.2753e-06   |    1.6738     |    0.5126
   12     | -1691.7612519976 |   1.8522e-07   |    1.6116     |    0.3886
   13     | -1691.7612519870 |   1.1378e-07   |    1.6730     |    0.5129
   14     | -1691.7612520277 |   1.1744e-08   |    1.6121     |    0.3865
   15     | -1691.7612520196 |   1.4245e-09   |    1.4483     |    0.4223
   16     | -1691.7612520217 |   1.5241e-09   |    1.5503     |    0.4973
   17     | -1691.7612520223 |   2.2665e-10   |    1.6874     |    0.4315
   18     | -1691.7612520231 |   8.8094e-11   |    1.6337     |    0.4973
Created 732188 / 2985984 significant shell pairs
Created 569934 / 2274064 significant shell pairs
Total number of grid points: 335368 (4931 per atom)
One electron integrals and orthogonalizer took 0.194758s
Created 569934 / 2274064 significant shell pairs
3C integrals and B formation took 2.725487s
Iteration |      Energy      |  DIIS Metric   | Fock Time (s) | DIIS Time (s)
----------+------------------+----------------+---------------+--------------
    1     | -1702.1783635557 |   1.0343e+03   |    1.6840     |    0.5197
    2     | -1690.7713682392 |   3.6112e+00   |    1.6703     |    0.6792
    3     | -1690.2988928592 |   5.4849e+00   |    1.6383     |    0.6748
    4     | -1691.6910669821 |   2.3712e-01   |    1.5178     |    0.6348
    5     | -1691.7155185858 |   1.4170e-01   |    1.5799     |    0.5321
    6     | -1691.7575991333 |   1.5365e-02   |    1.6339     |    0.7414
    7     | -1691.7615665394 |   2.0656e-03   |    1.5642     |    0.6748
    8     | -1691.7619159731 |   1.0274e-03   |    1.7225     |    0.3542
    9     | -1691.7621811781 |   8.7663e-05   |    1.4499     |    0.4221
   10     | -1691.7622030010 |   1.5108e-05   |    1.4370     |    0.4336
   11     | -1691.7622067498 |   1.7962e-06   |    1.5578     |    0.3550
   12     | -1691.7622071849 |   2.0636e-07   |    1.6758     |    0.5125
   13     | -1691.7622072045 |   1.2756e-07   |    1.7222     |    0.3583
   14     | -1691.7622072417 |   6.8361e-09   |    1.4459     |    0.4222
   15     | -1691.7622072403 |   2.8601e-09   |    1.4373     |    0.4332
   16     | -1691.7622072407 |   1.3671e-09   |    1.5580     |    0.3574
   17     | -1691.7622072411 |   8.3035e-11   |    1.6711     |    0.5133
Created 713103 / 2985984 significant shell pairs
Created 554963 / 2274064 significant shell pairs
Total number of grid points: 338620 (4979 per atom)
One electron integrals and orthogonalizer took 0.054059s
Created 554963 / 2274064 significant shell pairs
3C integrals and B formation took 2.863473s
Iteration |      Energy      |  DIIS Metric   | Fock Time (s) | DIIS Time (s)
----------+------------------+----------------+---------------+--------------
    1     | -1702.1881743468 |   1.0325e+03   |    1.7527     |    0.5462
    2     | -1690.7918016755 |   3.6049e+00   |    1.6868     |    0.4323
    3     | -1690.3496570898 |   5.3557e+00   |    1.6312     |    0.4973
    4     | -1691.7371381440 |   1.5611e-01   |    1.4438     |    0.4716
    5     | -1691.7628571617 |   6.4061e-02   |    1.4691     |    0.5202
    6     | -1691.7791097022 |   6.0492e-03   |    1.6060     |    0.4683
    7     | -1691.7804578219 |   1.1188e-03   |    1.6708     |    0.5170
    8     | -1691.7806795035 |   3.6701e-04   |    1.6056     |    0.4693
    9     | -1691.7807776711 |   2.0064e-05   |    1.4463     |    0.4224
   10     | -1691.7807806368 |   8.9346e-06   |    1.4368     |    0.4337
   11     | -1691.7807830621 |   6.4835e-07   |    1.5570     |    0.3543
   12     | -1691.7807832115 |   1.1145e-07   |    1.6734     |    0.5146
   13     | -1691.7807832130 |   6.3985e-08   |    1.6072     |    0.3868
   14     | -1691.7807832408 |   4.9753e-09   |    1.4465     |    0.4225
   15     | -1691.7807832285 |   9.4421e-10   |    1.4369     |    0.4337
   16     | -1691.7807832368 |   8.3002e-10   |    1.5573     |    0.3562
   17     | -1691.7807832370 |   9.3494e-11   |    1.6707     |    0.5168
Created 714056 / 2985984 significant shell pairs
Created 555120 / 2274064 significant shell pairs
Total number of grid points: 346639 (5097 per atom)
One electron integrals and orthogonalizer took 0.054041s
Created 555120 / 2274064 significant shell pairs
3C integrals and B formation took 2.830736s
Iteration |      Energy      |  DIIS Metric   | Fock Time (s) | DIIS Time (s)
----------+------------------+----------------+---------------+--------------
    1     | -1702.1965392256 |   1.0351e+03   |    1.7339     |    0.5785
    2     | -1690.7881797396 |   3.6442e+00   |    1.6880     |    0.4319
    3     | -1690.3168406471 |   5.5424e+00   |    1.6283     |    0.4974
    4     | -1691.7389809448 |   1.5997e-01   |    1.5904     |    0.3677
    5     | -1691.7593732145 |   8.2574e-02   |    1.4445     |    0.3822
    6     | -1691.7815230694 |   8.0266e-03   |    1.6108     |    0.3865
    7     | -1691.7834917031 |   1.2029e-03   |    1.6750     |    0.5126
    8     | -1691.7837271893 |   4.0931e-04   |    1.6113     |    0.3860
    9     | -1691.7838441866 |   2.6476e-05   |    1.4501     |    0.4226
   10     | -1691.7838499861 |   6.6819e-06   |    1.4371     |    0.4336
   11     | -1691.7838516034 |   5.8352e-07   |    1.5578     |    0.3571
   12     | -1691.7838517601 |   1.2981e-07   |    1.6728     |    0.5131
   13     | -1691.7838517112 |   4.6934e-08   |    1.6118     |    0.3865
   14     | -1691.7838517679 |   2.8522e-09   |    1.4490     |    0.4227
   15     | -1691.7838517686 |   6.4252e-10   |    1.4368     |    0.4335
   16     | -1691.7838517685 |   7.2214e-10   |    1.5581     |    0.3546
   17     | -1691.7838517687 |   3.3795e-11   |    1.6745     |    0.5134
Created 708578 / 2985984 significant shell pairs
Created 551059 / 2274064 significant shell pairs
Total number of grid points: 345023 (5073 per atom)
One electron integrals and orthogonalizer took 0.135795s
Created 551059 / 2274064 significant shell pairs
3C integrals and B formation took 2.866064s
Iteration |      Energy      |  DIIS Metric   | Fock Time (s) | DIIS Time (s)
----------+------------------+----------------+---------------+--------------
    1     | -1702.1833283973 |   1.0328e+03   |    1.6989     |    0.5785
    2     | -1690.7870298130 |   3.6242e+00   |    1.6875     |    0.4315
    3     | -1690.3226093099 |   5.4660e+00   |    1.6279     |    0.4975
    4     | -1691.7232870724 |   1.9657e-01   |    1.4438     |    0.4717
    5     | -1691.7471484977 |   1.1111e-01   |    1.4771     |    0.5116
    6     | -1691.7762795708 |   1.1235e-02   |    1.6091     |    0.3826
    7     | -1691.7788568644 |   1.9225e-03   |    1.6804     |    0.5118
    8     | -1691.7791616398 |   9.7696e-04   |    1.6082     |    0.3860
    9     | -1691.7794417138 |   5.2577e-05   |    1.4484     |    0.4224
   10     | -1691.7794526352 |   1.6048e-05   |    1.4367     |    0.4336
   11     | -1691.7794570341 |   2.2641e-06   |    1.5576     |    0.3546
   12     | -1691.7794577649 |   1.9958e-07   |    1.6746     |    0.5132
   13     | -1691.7794577330 |   1.4677e-07   |    1.6076     |    0.3856
   14     | -1691.7794577989 |   5.9409e-09   |    1.4472     |    0.4226
   15     | -1691.7794577901 |   2.4730e-09   |    1.4369     |    0.4335
   16     | -1691.7794577870 |   1.5385e-09   |    1.5580     |    0.3584
   17     | -1691.7794577939 |   1.0010e-10   |    1.6707     |    0.5133
   18     | -1691.7794577939 |   8.5656e-11   |    1.6095     |    0.3831
Created 699166 / 2985984 significant shell pairs
Created 543708 / 2274064 significant shell pairs
Total number of grid points: 334357 (4917 per atom)
One electron integrals and orthogonalizer took 0.135148s
Created 543708 / 2274064 significant shell pairs
3C integrals and B formation took 2.817824s
Iteration |      Energy      |  DIIS Metric   | Fock Time (s) | DIIS Time (s)
----------+------------------+----------------+---------------+--------------
    1     | -1702.1810466378 |   1.0316e+03   |    1.5905     |    0.4256
    2     | -1690.7835956041 |   3.6099e+00   |    1.7411     |    0.3772
    3     | -1690.3374010347 |   5.4039e+00   |    1.6073     |    0.3864
    4     | -1691.7313990990 |   1.5258e-01   |    1.4488     |    0.4227
    5     | -1691.7558416428 |   5.8174e-02   |    1.4367     |    0.4330
    6     | -1691.7700867508 |   8.6743e-03   |    1.5575     |    0.3573
    7     | -1691.7722647922 |   1.6191e-03   |    1.6702     |    0.5143
    8     | -1691.7725327175 |   9.3139e-04   |    1.6067     |    0.3860
    9     | -1691.7728094449 |   4.1871e-05   |    1.4518     |    0.4225
   10     | -1691.7728172575 |   1.5731e-05   |    1.4369     |    0.4341
   11     | -1691.7728213460 |   1.7730e-06   |    1.5574     |    0.3579
   12     | -1691.7728218538 |   1.3561e-07   |    1.6725     |    0.5126
   13     | -1691.7728218152 |   1.1032e-07   |    1.6082     |    0.3864
   14     | -1691.7728218730 |   7.5224e-09   |    1.4484     |    0.4223
   15     | -1691.7728218676 |   1.2575e-09   |    1.4368     |    0.4336
   16     | -1691.7728218673 |   2.1807e-09   |    1.5577     |    0.3589
   17     | -1691.7728218679 |   2.1685e-10   |    1.6714     |    0.5129
   18     | -1691.7728218680 |   6.1840e-11   |    1.6075     |    0.3896
Created 707763 / 2985984 significant shell pairs
Created 550809 / 2274064 significant shell pairs
Total number of grid points: 347540 (5110 per atom)
One electron integrals and orthogonalizer took 0.054120s
Created 550809 / 2274064 significant shell pairs
3C integrals and B formation took 2.820487s
Iteration |      Energy      |  DIIS Metric   | Fock Time (s) | DIIS Time (s)
----------+------------------+----------------+---------------+--------------
    1     | -1702.1861566557 |   1.0320e+03   |    1.5869     |    0.4261
    2     | -1690.7940423543 |   3.6050e+00   |    1.7677     |    0.4728
    3     | -1690.3542773323 |   5.3450e+00   |    1.5991     |    0.3627
    4     | -1691.7387607744 |   1.5692e-01   |    1.5046     |    0.4691
    5     | -1691.7634801975 |   6.8350e-02   |    1.4652     |    0.4968
    6     | -1691.7811069257 |   6.7824e-03   |    1.6882     |    0.4239
    7     | -1691.7826971658 |   1.0486e-03   |    1.6364     |    0.4969
    8     | -1691.7829117284 |   3.1977e-04   |    1.6888     |    0.4245
    9     | -1691.7829969212 |   1.8796e-05   |    1.4446     |    0.4724
   10     | -1691.7829991897 |   1.0931e-05   |    1.4891     |    0.3899
   11     | -1691.7830023858 |   5.5954e-07   |    1.6709     |    0.5133
   12     | -1691.7830025049 |   8.7675e-08   |    1.6091     |    0.3866
   13     | -1691.7830025261 |   4.6324e-08   |    1.6752     |    0.5128
   14     | -1691.7830025363 |   4.1224e-09   |    1.4363     |    0.5112
   15     | -1691.7830025355 |   7.1721e-10   |    1.4332     |    0.5172
   16     | -1691.783=======================================================
          GGA_X_B88+GGA_C_P86 Energy Results           
===============Created 695824 / 2985984 significant shell pairs
Created 541263 / 2274064 significant shell pairs
Total number of grid points: 343743 (5055 per atom)
One electron integrals and orthogonalizer took 0.132581s
Created 541263 / 2274064 significant shell pairs
3C integrals and B formation took 2.943101s
Iteration |      Energy      |  DIIS Metric   | Fock Time (s) | DIIS Time (s)
----------+------------------+----------------+---------------+--------------
    1     | -1702.1688656889 |   1.0295e+03   |    1.5816     |    0.5172
    2     | -1690.7855913559 |   3.5979e+00   |    1.5989     |    0.4326
    3     | -1690.3279398553 |   5.4372e+00   |    1.5116     |    0.4225
    4     | -1691.7160862398 |   2.1146e-01   |    1.3913     |    0.4229
    5     | -1691.7396262355 |   1.0901e-01   |    1.3138     |    0.5096
    6     | -1691.7707222876 |   1.3947e-02   |    1.5624     |    0.4703
    7     | -1691.7745089351 |   9.8669e-04   |    1.5430     |    0.4973
    8     | -1691.7745130545 |   9.7127e-04   |    1.6887     |    0.4316
    9     | -1691.7747829872 |   6.9283e-05   |    1.4908     |    0.4178
   10     | -1691.77=======================================================
          GGA_X_B88+GGA_C_P86 Energy Results           
=======================================================
E GGA_X_B88+GGA_C_P86 : -1691.77480369
Nuclear Repulsion Energy: 4533.69683075
Electronic Energy:        -5976.89980759
XC Energy:                -248.571827
Converged:                1
# of SCF iterations:      17
SCF Time:                 37.483s

=======================================================
            Individual Calculation Summary             
==========================================Created 677669 / 2985984 significant shell pairs
Created 526489 / 2274064 significant shell pairs
Total number of grid points: 348278 (5121 per atom)
One electron integrals and orthogonalizer took 0.094645s
Created 526489 / 2274064 significant shell pairs
3C integrals and B formation took 2.677433s
Iteration |      Energy      |  DIIS Metric   | Fock Time (s) | DIIS Time (s)
----------+------------------+----------------+---------------+--------------
    1     | -1702.1764990699 |   1.0289e+03   |    1.5891     |    0.7096
    2     | -1690.7954847883 |   3.6166e+00   |    1.5181     |    0.4226
    3     | -1690.3449780866 |   5.4159e+00   |    1.5383     |    0.4975
    4     | -1691.7=======================================================
          GGA_X_B88+GGA_C_P86 Energy Results           
=======================================================
E GGA_X_B88+GGA_C_P86 : -1691.78793917
Nuclear Repulsion Energy: 4462.5612686
Electronic Energy:        -5905.77383795
XC Energy:                -248.575370
Converged:                1
# of SCF iterations:      17
SCF Time:                 37.305s

=======================================================
            Individual Calculation Summary             
=======================================================
HF Energy: -1691.7879391711869630
=======================================================


Topology 10 time: 37.534860 s, performance: SP: 0 FLOP/s, DP: 426.4 GFLOP/s
JSON file written to: json_logs/lustre_orion_chm213_scratch_ryan_dhdft_inputs_exess_exess_inputs_BP86_def2-TZVP_isomers_37720-37739_topology_10.json
************************************************************
**************** Running topology 12 of 20 ***********Created 682170 / 2985984 significant shell pairs
Created 530045 / 2274064 significant shell pairs
Total number of grid points: 340488 (5007 per atom)
One electron integrals and orthogonalizer took 0.094611s
Created 530045 / 2274064 significant shell pai=======================================================
          GGA_X_B88+GGA_C_P86 Energy Results           
=======================================================
E GGA_X_B88+GGA_C_P86 : -1691.78734482
Nuclear Repulsion Energy: 4479.31984536
Electronic Energy:        -5922.53149351
XC Energy:                -248.575697
Converged:                1
# of SCF iterations:      17
SCF Time:                 36.928s

=======================================================
            Individual Calculation Summary             
=======================================================
HF Energy: -1691.7873448245602503
=======================================================


Topology 11 time: 37.161774 s, performance: SP: 0 FLOP/s, DP: 433.3 GFLOP/s
JSON file written to: json_logs/lustre_orion_chm213_scratch_ryan_dhdft_inputs_exess_exess_inputs_BP86_def2-TZVP_isomers_37720-37739_topology_11.json
************************************************************
**************** Running topology 13 of 20 *****************
************************************************************

************************************************************
********* Beginning RI-GGA_X_B88+GGA_C_P86 energy **********
************************************************************

=======================================================
          GGA_X_B88+GGA_C_P86 Energy Results           
=======================================================
E GGA_X_B88+GGA_C_P86 : -1691.78955985
Nuclear Repulsion Energy: 4482.3751028
Electronic Energy:        -5925.58851017
XC Energy:                -248.576152
Converged:                1
# of SCF iterations:      18
SCF Time:                 39.609s

=======================================================
            Individual Calculation Summary             
=======================================================
HF Energy: -1691.7895598467705440
=======================================================


Topology 12 time: 39.846744 s, performance: SP: 0 FLOP/s, DP: 405.2 GFLOP/s
JSON file written to: json_logs/lustre_orion_chm213_scratch_ryan_dhdft_inputs_exess_exess_inputs_BP86_def2-TZVP_isomers_37720-37739_topology_12.json
************************************************************
**************** Running topology 14 of 20 *****************
************************************************************

************************************************************
********* Beginning RI-GGA_X_B88+GGA_C_P86 energy **********
************************************************************

=======================================================
          GGA_X_B88+GGA_C_P86 Energy Results           
=======================================================
E GGA_X_B88+GGA_C_P86 : -1691.78893677
Nuclear Repulsion Energy: 4523.86549561
Electronic Energy:        -5967.07768406
XC Energy:                -248.576748
Converged:                1
# of SCF iterations:      17
SCF Time:                 37.2s

=======================================================
            Individual Calculation Summary             
=======================================================
HF Energy: -1691.7889367687848790
=======================================================


Topology 13 time: 37.446351 s, performance: SP: 0 FLOP/s, DP: 438.1 GFLOP/s
JSON file written to: json_logs/lustre_orion_chm213_scratch_ryan_dhdft_inputs_exess_exess_inputs_BP86_def2-TZVP_isomers_37720-37739_topology_13.json
************************************************************
**************** Running topology 15 of 20 *****************
************************************************************

************************************************************
********* Beginning RI-GGA_X_B88+GGA_C_P86 energy **********
************************************************************

=======================================================
          GGA_X_B88+GGA_C_P86 Energy Results           
=======================================================
E GGA_X_B88+GGA_C_P86 : -1691.78498936
Nuclear Repulsion Energy: 4528.01266033
Electronic Energy:        -5971.22258055
XC Energy:                -248.575069
Converged:                1
# of SCF iterations:      17
SCF Time:                 37.418s

=======================================================
            Individual Calculation Summary             
=======================================================
HF Energy: -1691.7849893631871510
=======================================================


Topology 14 time: 37.663397 s, performance: SP: 0 FLOP/s, DP: 436.5 GFLOP/s
JSON file written to: json_logs/lustre_orion_chm213_scratch_ryan_dhdft_inputs_exess_exess_inputs_BP86_def2-TZVP_isomers_37720-37739_topology_14.json
************************************************************
**************** Running topology 16 of 20 *****************
************************************************************

************************************************************
********* Beginning RI-GGA_X_B88+GGA_C_P86 energy **********
************************************************************

=======================================================
          GGA_X_B88+GGA_C_P86 Energy Results           
=======================================================
E GGA_X_B88+GGA_C_P86 : -1691.77642798
Nuclear Repulsion Energy: 4505.16329161
Electronic Energy:        -5948.36616279
XC Energy:                -248.573557
Converged:                1
# of SCF iterations:      17
SCF Time:                 38.066s

=======================================================
            Individual Calculation Summary             
=======================================================
HF Energy: -1691.7764279833738783
=======================================================


Topology 15 time: 38.312730 s, performance: SP: 0 FLOP/s, DP: 424.8 GFLOP/s
JSON file written to: json_logs/lustre_orion_chm213_scratch_ryan_dhdft_inputs_exess_exess_inputs_BP86_def2-TZVP_isomers_37720-37739_topology_15.json
************************************************************
**************** Running topology 17 of 20 *****************
************************************************************

************************************************************
********* Beginning RI-GGA_X_B88+GGA_C_P86 energy **********
************************************************************

=======================================================
          GGA_X_B88+GGA_C_P86 Energy Results           
=======================================================
E GGA_X_B88+GGA_C_P86 : -1691.77498449
Nuclear Repulsion Energy: 4480.85766473
Electronic Energy:        -5924.06000033
XC Energy:                -248.572649
Converged:                1
# of SCF iterations:      18
SCF Time:                 39.179s

=======================================================
            Individual Calculation Summary             
=======================================================
HF Energy: -1691.7749844942882191
=======================================================


Topology 16 time: 39.424512 s, performance: SP: 0 FLOP/s, DP: 409.5 GFLOP/s
JSON file written to: json_logs/lustre_orion_chm213_scratch_ryan_dhdft_inputs_exess_exess_inputs_BP86_def2-TZVP_isomers_37720-37739_topology_16.json
************************************************************
**************** Running topology 18 of 20 *****************
************************************************************

************************************************************
********* Beginning RI-GGA_X_B88+GGA_C_P86 energy **********
************************************************************

=======================================================
          GGA_X_B88+GGA_C_P86 Energy Results           
=======================================================
E GGA_X_B88+GGA_C_P86 : -1691.78404433
Nuclear Repulsion Energy: 4477.08103581
Electronic Energy:        -5920.29119746
XC Energy:                -248.573883
Converged:                1
# of SCF iterations:      18
SCF Time:                 39.322s

=======================================================
            Individual Calculation Summary             
=======================================================
HF Energy: -1691.7840443303955453
=======================================================


Topology 17 time: 39.566647 s, performance: SP: 0 FLOP/s, DP: 406.5 GFLOP/s
JSON file written to: json_logs/lustre_orion_chm213_scratch_ryan_dhdft_inputs_exess_exess_inputs_BP86_def2-TZVP_isomers_37720-37739_topology_17.json
************************************************************
**************** Running topology 19 of 20 *****************
************************************************************

************************************************************
********* Beginning RI-GGA_X_B88+GGA_C_P86 energy **********
************************************************************

=======================================================
          GGA_X_B88+GGA_C_P86 Energy Results           
=======================================================
E GGA_X_B88+GGA_C_P86 : -1691.7866775
Nuclear Repulsion Energy: 4450.02479211
Electronic Energy:        -5893.23612941
XC Energy:                -248.575340
Converged:                1
# of SCF iterations:      17
SCF Time:                 37.167s

=======================================================
            Individual Calculation Summary             
=======================================================
HF Energy: -1691.7866775034967759
=======================================================


Topology 18 time: 37.411902 s, performance: SP: 0 FLOP/s, DP: 423.2 GFLOP/s
JSON file written to: json_logs/lustre_orion_chm213_scratch_ryan_dhdft_inputs_exess_exess_inputs_BP86_def2-TZVP_isomers_37720-37739_topology_18.json
************************************************************
**************** Running topology 20 of 20 *****************
************************************************************

************************************************************
********* Beginning RI-GGA_X_B88+GGA_C_P86 energy **********
************************************************************

=======================================================
          GGA_X_B88+GGA_C_P86 Energy Results           
=======================================================
E GGA_X_B88+GGA_C_P86 : -1691.78615286
Nuclear Repulsion Energy: 4462.12276339
Electronic Energy:        -5905.33367023
XC Energy:                -248.575246
Converged:                1
# of SCF iterations:      17
SCF Time:                 37.248s

=======================================================
            Individual Calculation Summary             
=======================================================
HF Energy: -1691.7861528612088478
=======================================================


Topology 19 time: 37.499541 s, performance: SP: 0 FLOP/s, DP: 424.9 GFLOP/s
JSON file written to: json_logs/lustre_orion_chm213_scratch_ryan_dhdft_inputs_exess_exess_inputs_BP86_def2-TZVP_isomers_37720-37739_topology_19.json
Total flops: SP: 0 FLOPS, DP: 329.91801 TFLOPS
Performance: SP: 0 FLOP/s, DP: 418.4 GFLOP/s

Now, a word from our sponsors... 
 Kind of. In a qualitative way. (Giuseppe, referring to the system's energy conservation)

[31mTotal processing time 788.834109 seconds[0m
[CRAYBLAS_WARNING] Application linked against multiple cray-libsci libraries
97e-06   |    1.5562     |    0.4737
   12     | -1691.7840442711 |   2.0227e-07   |    1.5415     |    0.4974
   13     | -1691.7840442729 |   1.3918e-07   |    1.6886     |    0.4317
   14     | -1691.7840443331 |   7.9839e-09   |    1.4705     |    0.4228
   15     | -1691.7840443294 |   1.7014e-09   |    1.3141     |    0.5108
   16     | -1691.7840443216 |   3.2877e-09   |    1.5544     |    0.3960
   17     | -1691.7840443226 |   1.6086e-10   |    1.6235     |    0.4973
   18     | -1691.7840443304 |   6.5290e-11   |    1.6889     |    0.4315
Created 670025 / 2985984 significant shell pairs
Created 520235 / 2274064 significant shell pairs
Total number of grid points: 339983 (4999 per atom)
One electron integrals and orthogonalizer took 0.094725s
Created 520235 / 2274064 significant shell pairs
3C integrals and B formation took 2.588941s
Iteration |      Energy      |  DIIS Metric   | Fock Time (s) | DIIS Time (s)
----------+------------------+----------------+---------------+--------------
    1     | -1702.1754939848 |   1.0287e+03   |    1.5375     |    0.4632
    2     | -1690.7939621413 |   3.6178e+00   |    1.4662     |    0.3828
    3     | -1690.3430737443 |   5.4197e+00   |    1.6331     |    0.4641
    4     | -1691.7377982874 |   1.7588e-01   |    1.4651     |    0.4228
    5     | -1691.7567601078 |   9.4556e-02   |    1.4723     |    0.4846
    6     | -1691.7823496297 |   1.4072e-02   |    1.5352     |    0.4575
    7     | -1691.7863534892 |   1.0533e-03   |    1.4731     |    0.3820
    8     | -1691.7864475931 |   7.7121e-04   |    1.6314     |    0.4644
    9     | -1691.7866601380 |   5.9044e-05   |    1.4643     |    0.4232
   10     | -1691.7866744276 |   1.0510e-05   |    1.4723     |    0.4366
   11     | -1691.7866771800 |   9.5911e-07   |    1.5044     |    0.4224
   12     | -1691.7866774639 |   1.4854e-07   |    1.5387     |    0.4974
   13     | -1691.7866774750 |   7.6681e-08   |    1.5855     |    0.3724
   14     | -1691.7866774957 |   4.3740e-09   |    1.3069     |    0.3827
   15     | -1691.7866775031 |   1.2718e-09   |    1.4344     |    0.5482
   16     | -1691.7866775039 |   2.5592e-09   |    1.5852     |    0.5329
   17     | -1691.7866775035 |   8.1293e-11   |    1.6193     |    0.4974
Created 674289 / 2985984 significant shell pairs
Created 523854 / 2274064 significant shell pairs
Total number of grid points: 342813 (5041 per atom)
One electron integrals and orthogonalizer took 0.136548s
Created 523854 / 2274064 significant shell pairs
3C integrals and B formation took 2.639889s
Iteration |      Energy      |  DIIS Metric   | Fock Time (s) | DIIS Time (s)
----------+------------------+----------------+---------------+--------------
    1     | -1702.1747602933 |   1.0287e+03   |    1.5729     |    0.4311
    2     | -1690.7935020241 |   3.6185e+00   |    1.5569     |    0.5126
    3     | -1690.3427284242 |   5.4217e+00   |    1.5597     |    0.4708
    4     | -1691.7376091662 |   1.7496e-01   |    1.4099     |    0.4176
    5     | -1691.7574774461 |   9.1029e-02   |    1.3136     |    0.5100
    6     | -1691.7818884301 |   1.3870e-02   |    1.5579     |    0.4740
    7     | -1691.7858104008 |   1.0987e-03   |    1.5458     |    0.4973
    8     | -1691.7859199998 |   7.7534e-04   |    1.6891     |    0.4312
    9     | -1691.7861349211 |   6.1138e-05   |    1.5158     |    0.4351
   10     | -1691.7861497090 |   1.0803e-05   |    1.4360     |    0.4757
   11     | -1691.7861525506 |   1.1103e-06   |    1.5484     |    0.4574
   12     | -1691.7861528098 |   1.3125e-07   |    1.5648     |    0.5102
   13     | -1691.7861528228 |   8.1036e-08   |    1.5598     |    0.4722
   14     | -1691.7861528600 |   4.4181e-09   |    1.4099     |    0.4174
   15     | -1691.7861528737 |   1.1692e-09   |    1.3145     |    0.5101
   16     | -1691.7861528506 |   2.5535e-09   |    1.5595     |    0.4723
   17     | -1691.7861528612 |   7.1569e-11   |    1.5421     |    0.4975
Please cite the following papers for the methods used in this calculation:
 - J.L. Galvez Vallejo et. al., Toward an extreme-scale electronic structure system, J. Chem. Phys., 2023. DOI: 10.1063/5.0156399

 - R. Stocks, E. Palethorpe, and G.M.J. Barca, Multi-GPU RI-HF Energies and Analytic Gradients ─ Toward High-Throughput Ab Initio Molecular Dynamics, J. Chem. Theory Comput., 2024. DOI: 10.1021/acs.jctc.4c00877
   For:
     * RI-HF energy

 - D.B. Williams-Young, W.A. de Jong, H.J.J. van Dam, and C. Yang, On the Efficient Evaluation of the Exchange Correlation Potential on Graphics Processing Unit Clusters, Frontiers in Chemistry, 2020. DOI: 10.3389/fchem.2020.581058
   For:
     * GauXC implementation of exchange-correlation integration

 - R. Stocks and G.M.J. Barca, Efficient Algorithms for GPU Accelerated Evaluation of the DFT Exchange-Correlation Functional, J. Chem. Theory Comput., 2025. DOI: 10.1021/acs.jctc.5c01229
   For:
     * GPU accelerated DFT exchange-correlation evaluation

 - A. D. Becke.,  Phys. Rev. A 38, 3098 (1988) DOI: 10.1103/PhysRevA.38.3098
   For:
     * GGA_X_B88 XC Functional

 - J. P. Perdew.,  Phys. Rev. B 33, 8822 (1986) DOI: 10.1103/PhysRevB.33.8822
   For:
     * GGA_C_P86 XC Functional

[CRAYBLAS_WARNING] Application linked against multiple cray-libsci libraries
