Total number of grid points: 292478 (5042 per atom)
Total number of grid points: 289033 (4983 per atom)
Total number of grid points: 294135 (5071 per atom)
Total number of grid points: 293235 (5055 per atom)
Total number of grid points: 294227 (5072 per atom)
Total number of grid points: 291567 (5027 per atom)
Total number of grid points: 294153 (5071 per atom)
Total number of grid points: 288972 (4982 per atom)
Total number of grid points: 291913 (5032 per atom)
Total number of grid points: 298330 (5143 per atom)
Total number of grid points: 293290 (5056 per atom)
Total number of grid points: 287415 (4955 per atom)
Total number of grid points: 298705 (5150 per atom)
Total number of grid points: 288462 (4973 per atom)
Total number of grid points: 295963 (5102 per atom)
Total number of grid points: 293613 (5062 per atom)
Total number of grid points: 296369 (5109 per atom)
Total number of grid points: 294323 (5074 per atom)
Total number of grid points: 298569 (5147 per atom)
Total number of grid points: 291520 (5026 per atom)
[CRAYBLAS_WARNING] Application linked against multiple cray-libsci libraries
4118
   10     | -1460.6516518583 |   1.3882e-05   |    1.3083     |    0.2342
   11     | -1460.6516552518 |   2.0548e-06   |    1.0830     |    0.4547
   12     | -1460.6516558199 |   1.3427e-07   |    1.3336     |    0.2331
   13     | -1460.6516558434 |   7.0570e-08   |    1.0692     |    0.3011
   14     | -1460.6516558461 |   2.6411e-09   |    1.2283     |    0.2727
   15     | -1460.6516558461 |   2.7965e-09   |    1.2675     |    0.2511
   16     | -1460.6516558468 |   2.1681e-10   |    1.2295     |    0.2964
   17     | -1460.6516558468 |   1.4124e-10   |    1.2699     |    0.3129
   18     | -1460.6516558469 |   2.3323e-11   |    1.2005     |    0.3823
Created 660599 / 2214144 significant shell pairs
Created 510811 / 1684804 significant shell pairs
Total number of grid points: 289934 (4998 per atom)
One electron integrals and orthogonalizer took 0.083053s
Created 510811 / 1684804 significant shell pairs
3C integrals and B formation took 2.023756s
Iteration |      Energy      |  DIIS Metric   | Fock Time (s) | DIIS Time (s)
----------+------------------+----------------+---------------+--------------
    1     | -1469.7399361852 |   9.0475e+02   |    1.5037     |    0.4512
    2     | -1459.7939476447 |   3.0934e+00   |    1.5228     |    0.4149
    3     | -1459.3002206444 |   4.9979e+00   |    1.4641     |    0.4154
    4     | -1460.4762119230 |   5.1863e-01   |    1.4361     |    0.4571
    5     | -1460.5740077553 |   2.1274e-01   |    1.4913     |    0.4571
    6     | -1460.6365324399 |   1.6955e-02   |    1.5156     |    0.4185
    7     | -1460.6404293882 |   3.2036e-03   |    1.4616     |    0.4174
    8     | -1460.6410602267 |   1.1686e-03   |    1.4620     |    0.3546
    9     | -1460.6413793800 |   1.6090e-04   |    1.3758     |    0.3134
   10     | -1460.6414245418 |   1.6374e-05   |    1.4323     |    0.3125
   11     | -1460.6414285938 |   2.9686e-06   |    1.3388     |    0.3544
   12     | -1460.6414293913 |   1.8890e-07   |    1.5206     |    0.3545
   13     | -1460.6414293972 |   9.4221e-08   |    1.4970     |    0.3133
   14     | -1460.6414294232 |   2.0822e-08   |    1.3107     |    0.3134
   15     | -1460.6414294268 |   9.5488e-09   |    1.3103     |    0.3134
   16     | -1460.6414294395 |   5.2848e-10   |    1.3400     |    0.3369
   17     | -1460.6414294367 |   8.8377e-11   |    1.5138     |    0.3131
Created 584739 / 2214144 significant shell pairs
Created 452433 / 1684804 significant shell pairs
Total number of grid points: 289444 (4990 per atom)
One electron integrals and orthogonalizer took 0.123641s
Created 452433 / 1684804 significant shell pairs
3C integrals and B formation took 1.952805s
Iteration |      Energy      |  DIIS Metric   | Fock Time (s) | DIIS Time (s)
----------+------------------+----------------+---------------+--------------
    1     | -1469.7254837241 |   8.9617e+02   |    1.5061     |    0.4543
    2     | -1459.8238282710 |   3.0448e+00   |    1.4950     |    0.3136
    3     | -1459.4590891063 |   4.4736e+00   |    1.3100     |    0.3134
    4     | -1460.6170581656 |   1.5961e-01   |    1.1379     |    0.2734
    5     | -1460.6460755994 |   5.7533e-02   |    1.3182     |    0.2738
    6     | -1460.6609953418 |   2.9829e-03   |    1.4952     |    0.3134
    7     | -1460.6615329924 |   1.0344e-03   |    1.3084     |    0.3147
    8     | -1460.6617565202 |   3.2644e-04   |    1.3090     |    0.3135
    9     | -1460.6618456037 |   2.2031e-05   |    1.1377     |    0.2731
   10     | -1460.6618492488 |   9.1033e-06   |    1.3171     |    0.2738
   11     | -1460.6618517731 |   1.1186e-06   |    1.4937     |    0.3114
   12     | -1460.6618520953 |   1.0585e-07   |    1.3145     |    0.3095
   13     | -1460.6618521101 |   6.6247e-08   |    1.3144     |    0.3125
   14     | -1460.6618521351 |   4.8174e-09   |    1.1384     |    0.2735
   15     | -1460.6618521358 |   7.5319e-10   |    1.3189     |    0.2733
   16     | -1460.6618521324 |   6.2425e-10   |    1.4953     |    0.3134
   17     | -1460.6618521360 |   5.6117e-11   |    1.3105     |    0.3131
Created 566828 / 2214144 significant shell pairs
Created 438503 / 1684804 significant shell pairs
Total number of grid points: 292015 (5034 per atom)
One electron integrals and orthogonalizer took 0.124188s
Created 438503 / 1684804 significant shell pairs
3C integrals and B formation took 1.952776s
Iteration |      Energy      |  DIIS Metric   | Fock Time (s) | DIIS Time (s)
----------+------------------+----------------+---------------+--------------
    1     | -1469.7258448634 |   8.9427e+02   |    1.5064     |    0.4544
    2     | -1459.8315234204 |   3.0550e+00   |    1.4075     |    0.4775
    3     | -1459.4604544130 |   4.5064e+00   |    1.4077     |    0.4761
    4     | -1460.6240786869 |   1.7549e-01   |    1.3179     |    0.4556
    5     | -1460.6544769875 |   6.4196e-02   |    1.1392     |    0.4585
    6     | -1460.6708498814 |   6.2167e-03   |    1.3098     |    0.4572
    7     | -1460.6723729308 |   1.1762e-03   |    1.4046     |    0.4767
    8     | -1460.6726204563 |   3.9439e-04   |    1.4091     |    0.2327
    9     | -1460.6727362279 |   3.2807e-05   |    1.2404     |    0.2730
   10     | -1460.6727437021 |   9.1713e-06   |    1.3179     |    0.2732
   11     | -1460.6727459519 |   1.0002e-06   |    1.4093     |    0.2326
   12     | -1460.6727462555 |   9.2557e-08   |    1.4149     |    0.3125
   13     | -1460.6727462518 |   5.2881e-08   |    1.3100     |    0.3132
   14     | -1460.6727462645 |   2.9787e-09   |    1.1366     |    0.2735
   15     | -1460.6727462651 |   7.0074e-10   |    1.3174     |    0.2731
   16     | -1460.6727462676 |   7.8363e-10   |    1.4082     |    0.2331
   17     | -1460.6727462653 |   5.5683e-11   |    1.3266     |    0.2327
Created 577334 / 2214144 significant shell pairs
Created 446137 / 1684804 significant shell pairs
Total number of grid points: 288207 (4969 per atom)
One electron integrals and orthogonalizer took 0.125089s
Created 446137 / 1684804 significant shell pairs
3C integrals and B formation took 1.951761s
Iteration |      Energy      |  DIIS Metric   | Fock Time (s) | DIIS Time (s)
----------+------------------+----------------+---------------+--------------
    1     | -1469.7279228344 |   8.9660e+02   |    1.4210     |    0.3384
    2     | -1459.8251861071 |   3.0428e+00   |    1.2234     |    0.2337
    3     | -1459.4639438324 |   4.4587e+00   |    1.3278     |    0.2323
    4     | -1460.6168550797 |   1.6434e-01   |    1.2377     |    0.2732
    5     | -1460.6432299535 |   6.8923e-02   |    1.3121     |    0.2780
    6     | -1460.6607218697 |   7.2828e-03   |    1.4049     |    0.2330
    7     | -1460.6625340153 |   1.4110e-03   |    1.3284     |    0.2376
    8     | -1460.6628533427 |   4.7333e-04   |    1.3242     |    0.2329
    9     | -1460.6629942270 |   3.4856e-05   |    1.2373     |    0.2735
   10     | -1460.6630021937 |   7.9660e-06   |    1.3125     |    0.2730
   11     | -1460.6630041249 |   9.9625e-07   |    1.4098     |    0.2325
   12     | -1460.6630043990 |   1.1426e-07   |    1.3298     |    0.2331
   13     | -1460.6630043978 |   7.0136e-08   |    1.3283     |    0.2333
   14     | -1460.6630044300 |   5.1581e-09   |    1.2368     |    0.2728
   15     | -1460.6630044161 |   8.3064e-10   |    1.3133     |    0.2737
   16     | -1460.6630044312 |   1.0184e-09   |    1.4086     |    0.2325
   17     | -1460.6630044315 |   1.0281e-10   |    1.3278     |    0.2325
   18     | -1460.6630044315 |   2.0570e-11   |    1.3280     |    0.2328
Created 581203 / 2214144 significant shell pairs
Created 448988 / 1684804 significant shell pairs
Total number of grid points: 292639 (5045 per atom)
One electron integrals and orthogonalizer took 0.098907s
Created 448988 / 1684804 significant shell pairs
3C integrals and B formation took 1.963981s
Iteration |      Energy      |  DIIS Metric   | Fock Time (s) | DIIS Time (s)
----------+------------------+----------------+---------------+--------------
    1     | -1469.7247647630 |   8.9634e+02   |    1.5048     |    0.4542
    2     | -1459.8217755082 |   3.0430e+00   |    1.4937     |    0.3140
    3     | -1459.4599990887 |   4.4694e+00   |    1.3104     |    0.3134
    4     | -1460.6183376376 |   1.4959e-01   |    1.1387     |    0.2734
    5     | -1460.6422039693 |   6.3040e-02   |    1.3199     |    0.2785
    6     | -1460.6583482775 |   5.1779e-03   |    1.4896     |    0.3111
    7     | -1460.6594347389 |   1.3817e-03   |    1.3144     |    0.4355
    8     | -1460.6597268090 |   4.8436e-04   |    1.5115     |    0.3132
    9     | -1460.6598750729 |   3.1598e-05   |    1.1395     |    0.2732
   10     | -1460.6598819832 |   8.2741e-06   |    1.3188     |    0.2740
   11     | -1460.6598840225 |   1.0181e-06   |    1.4939     |    0.3110
   12     | -1460.6598843210 |   1.3456e-07   |    1.3142     |    0.3132
   13     | -1460.6598843121 |   8.7314e-08   |    1.3104     |    0.3128
   14     | -1460.6598843331 |   5.1858e-09   |    1.1405     |    0.2733
   15     | -1460.6598843387 |   9.2710e-10   |    1.3214     |    0.2731
   16     | -1460.6598843444 |   1.0361e-09   |    1.4943     |    0.3110
   17     | -1460.6598843389 |   1.2857e-10   |    1.3144     |    0.3134
   18     | -1460.6598843390 |   3.3191e-11   |    1.3101     |    0.3132
Created 610568 / 2214144 significant shell pairs
Created 472545 / 1684804 significant shell pairs
Total number of grid points: 287657 (4959 per atom)
One electron integrals and orthogonalizer took 0.084367s
Created 472545 / 1684804 significant shell pairs
3C integrals and B formation took 2.073301s
Iteration |      Energy      |  DIIS Metric   | Fock Time (s) | DIIS Time (s)
----------+------------------+----------------+---------------+--------------
    1     | -1469.7424790398 |   9.0013e+02   |    1.3113     |    0.4538
    2     | -1459.8215260876 |   3.0758e+00   |    1.4948     |    0.3097
    3     | -1459.4345110459 |   4.6111e+00   |    1.3142     |    0.3132
    4     | -1460.6150352564 |   1.6941e-01   |    1.2153     |    0.2332
    5     | -1460.6356589824 |   9.7097e-02   |    1.3206     |    0.2329
    6     | -1460.6629483661 |   5.4675e-03   |    1.4149     |    0.3097
    7     | -1460.6640895235 |   1.3633e-03   |    1.3140     |    0.3138
    8     | -1460.6644009843 |   2.8784e-04   |    1.3099     |    0.3140
    9     | -1460.6644794226 |   2.3087e-05   |    1.2151     |    0.2338
   10     | -1460.6644835101 |   8.9627e-06   |    1.3187     |    0.2333
   11     | -1460.6644858924 |   6.8797e-07   |    1.4146     |    0.3137
   12     | -1460.6644860378 |   1.4722e-07   |    1.3098     |    0.3141
   13     | -1460.6644860413 |   7.0688e-08   |    1.3098     |    0.3136
   14     | -1460.6644860640 |   5.7714e-09   |    1.2168     |    0.2334
   15     | -1460.6644860591 |   1.1516e-09   |    1.3208     |    0.2332
   16     | -1460.6644860650 |   6.2337e-10   |    1.4147     |    0.3129
   17     | -1460.6644860667 |   8.1777e-11   |    1.3111     |    0.3128
Created 608566 / 2214144 significant shell pairs
Created 470815 / 1684804 significant shell pairs
Total number of grid points: 290668 (5011 per atom)
One electron integrals and orthogonalizer took 0.083580s
Created 470815 / 1684804 significant shell pairs
3C integrals and B formation took 2.073477s
Iteration |      Energy      |  DIIS Metric   | Fock Time (s) | DIIS Time (s)
----------+------------------+----------------+---------------+--------------
    1     | -1469.7414496016 |   8.9978e+02   |    1.3123     |    0.4535
    2     | -1459.8221229192 |   3.0778e+00   |    1.4948     |    0.3089
    3     | -1459.4436678161 |   4.5827e+00   |    1.3148     |    0.3132
    4     | -1460.6252708444 |   1.3906e-01   |    1.2184     |    0.2334
    5     | -1460.6398957346 |   8.8344e-02   |    1.3226     |    0.2380
    6     | -1460.6640979542 |   5.2424e-03   |    1.4097     |    0.3098
    7     | -1460.6651991292 |   1.2288e-03   |    1.3138     |    0.3136
    8     | -1460.6654644065 |   2.9564e-04   |    1.3100     |    0.3131
    9     | -1460.6655429732 |   1.6303e-05   |    1.2188     |    0.2327
   10     | -1460.6655458228 |   6.1374e-06   |    1.3240     |    0.2335
   11     | -1460.6655474171 |   3.9631e-07   |    1.4144     |    0.3135
   12     | -1460.6655475682 |   1.5555e-07   |    1.3102     |    0.3131
   13     | -1460.6655475584 |   3.3255e-08   |    1.3103     |    0.3129
   14     | -1460.6655475831 |   4.4801e-09   |    1.2192     |    0.2327
   15     | -1460.6655475819 |   9.0673e-10   |    1.3233     |    0.2324
   16     | -1460.6655475844 |   2.8903e-10   |    1.4159     |    0.3136
   17     | -1460.6655475844 |   5.3693e-11   |    1.3102     |    0.3124
Created 581235 / 2214144 significant shell pairs
Created 449503 / 1684804 significant shell pairs
Total number of grid points: 290870 (5015 per atom)
One electron integrals and orthogonalizer took 0.081637s
Created 449503 / 1684804 significant shell pairs
3C integrals and B formation took 2.071380s
Iteration |      Energy      |  DIIS Metric   | Fock Time (s) | DIIS Time (s)
----------+------------------+----------------+---------------+--------------
    1     | -1469.7408458948 |   8.9682e+02   |    1.3150     |    0.4543
    2     | -1459.8313635311 |   3.0820e+00   |    1.4086     |    0.2341
    3     | -1459.4655331734 |   4.5552e+00   |    1.3932     |    0.2341
    4     | -1460.6466733597 |   1.0126e-01   |    1.2346     |    0.2734
    5     | -1460.6598992591 |   5.3160e-02   |    1.3142     |    0.2736
    6     | -1460.6737429410 |   3.5062e-03   |    1.4103     |    0.2332
    7     | -1460.6744847235 |   9.8801e-04   |    1.3941     |    0.3217
    8     | -1460.6747156401 |   2.5067e-04   |    1.3017     |    0.2290
    9     | -1460.6747898041 |   1.9429e-05   |    1.2932     |    0.3141
   10     | -1460.6747939579 |   6.3597e-06   |    1.2528     |    0.2733
   11     | -1460.6747956031 |   3.3150e-07   |    1.4089     |    0.2328
   12     | -1460.6747956629 |   1.4848e-07   |    1.3301     |    0.2334
   13     | -1460.6747956908 |   2.4747e-08   |    1.3293     |    0.2329
   14     | -1460.6747956929 |   2.6632e-09   |    1.2405     |    0.2730
   15     | -1460.6747957026 |   5.1494e-10   |    1.3137     |    0.2731
   16     | -1460.6747956935 |   4.7321e-10   |    1.4086     |    0.2328
   17     | -1460.6747956937 |   4.1756e-11   |    1.3292     |    0.2325
Created 563577 / 2214144 significant shell pairs
Created 434989 / 1684804 significant shell pairs
Total number of grid points: 292730 (5047 per atom)
One electron integrals and orthogonalizer took 0.124694s
Created 434989 / 1684804 significant shell pairs
3C integrals and B formation took 1.950904s
Iteration |      Energy      |  DIIS Metric   | Fock Time (s) | DIIS Time (s)
----------+------------------+----------------+---------------+--------------
    1     | -1469.7156259858 |   8.9430e+02   |    1.4211     |    0.3385
    2     | -1459.8241699142 |   3.0336e+00   |    1.2211     |    0.2348
    3     | -1459.4722803033 |   4.3971e+00   |    1.3266     |    0.2327
    4     | -1460.6137140446 |   1.6955e-01   |    1.2367     |    0.2737
    5     | -1460.6441135567 |   6.2549e-02   |    1.3112     |    0.2740
    6     | -1460.6595995734 |   6.0129e-03   |    1.4064     |    0.2330
    7     | -1460.6608098835 |   1.7361e-03   |    1.3272     |    0.2379
    8     | -1460.6611987910 |   5.7711e-04   |    1.3240     |    0.2336
    9     | -1460.6613763824 |   3.9631e-05   |    1.2352     |    0.2734
   10     | -1460.6613862602 |   5.7085e-06   |    1.3121     |    0.2738
   11     | -1460.6613876065 |   8.8407e-07   |    1.4075     |    0.2336
 =======================================================
          GGA_X_B88+GGA_C_P86 Energy Results           
=======================================================
E GGA_X_B88+GGA_C_P86 : -1460.66138789
Nuclear Repulsion Energy: 3560.73429772
Electronic Energy:        -4806.97579997
XC Energy:                -214.419886
Converged:                1
# of SCF iterations:      18
SCF Time:                 32.012s

=======================================================
            Individual Calculation Summary Created 550379 / 2214144 significant shell pairs
Created 424839 / 1684804 significant shell pairs
Total number of grid points: 287241 (4952 per atom)
One electron integrals and orthogonalizer took 0.097815s
Created 424839 / 1684804 significant shell pairs
3C integrals and B formation took 1.960900s
Iteration |      Energy      |  DIIS Metric   | Fock Time (s) | DIIS Time (s)
----------+------------------+----------------+---------------+--------------
    1     | -1469.7067267819 |   8.9131e+02   |    1.3859     |    0.3370
    2     | -1459.8265674254 |   3.0347e+00   |    1.3155     |    0.2335
    3     | -1459.4722541162 |   4.4056e+00   |    1.3207     |    0.2328
    4     | -1460.6145038673 |   1.8096e-01   |    1.2277     |    0.273=======================================================
          GGA_X_B88+GGA_C_P86 Energy Results           
=======================================================
E GGA_X_B88+GGA_C_P86 : -1460.66445923
Nuclear Repulsion Energy: 3514.69257096
Electronic Energy:        -4760.9431323
XC Energy:                -214.413898
Converged:                1
# of SCF iterations:      18
SCF Time:                 32.01s

=======================================================
            Individual Calculation Summary             
=======================================================
HF Energy: -1460.6644592295408529
=======================================================


Topology 10 time: 32.183094 s, performance: SP: 0 FLOP/s, DP: 301 GFLOP/s
JSON file written to: json_logs/lustre_orion_chm213_scratch_ryan_dhdft_inputs_exess_exess_inputs_BP86_def2-TZVP_isomers_3740-3759_topology_10.json
************************************************************
**************** Running topology 12 of 20 *****************
*******************Created 554292 / 2214144 significant shell pairs
Created 428084 / 1684804 significant shell pairs
Total number of grid points: 291285 (5022 per atom)
One electron integrals and orthogonalizer took 0.124672s
Created 428084 / 168=======================================================
          GGA_X_B88+GGA_C_P86 Energy Results           
=======================================================
E GGA_X_B88+GGA_C_P86 : -1460.67190686
Nuclear Repulsion Energy: 3535.67846651
Electronic Energy:        -4781.92896498
XC Energy:                -214.421408
Converged:                1
# of SCF iterations:      17
SCF Time:                 30.71s

=======================================================
            Individual Calculation Summary             
=======================================================
HF Energy: -1460.6719068553345551
=======================================================


Topology 11 time: 30.884691 s, performance: SP: 0 FLOP/s, DP: 314 GFLOP/s
JSON file written to: json_logs/lustre_orion_chm213_scratch_ryan_dhdft_inputs_exess_exess_inputs_BP86_def2-TZVP_isomers_3740-3759_topology_11.json
************************************************************
**************** Running topology 13 of 20 *****************
************************************************************

************************************************************
********* Beginning RI-GGA_X_B88+GGA_C_P86 energy **********
************************************************************

=======================================================
          GGA_X_B88+GGA_C_P86 Energy Results           
=======================================================
E GGA_X_B88+GGA_C_P86 : -1460.66144789
Nuclear Repulsion Energy: 3680.05232783
Electronic Energy:        -4926.28634869
XC Energy:                -214.427427
Converged:                1
# of SCF iterations:      18
SCF Time:                 32.757s

=======================================================
            Individual Calculation Summary             
=======================================================
HF Energy: -1460.6614478907908961
=======================================================


Topology 12 time: 32.946221 s, performance: SP: 0 FLOP/s, DP: 318 GFLOP/s
JSON file written to: json_logs/lustre_orion_chm213_scratch_ryan_dhdft_inputs_exess_exess_inputs_BP86_def2-TZVP_isomers_3740-3759_topology_12.json
************************************************************
**************** Running topology 14 of 20 *****************
************************************************************

************************************************************
********* Beginning RI-GGA_X_B88+GGA_C_P86 energy **********
************************************************************

=======================================================
          GGA_X_B88+GGA_C_P86 Energy Results           
=======================================================
E GGA_X_B88+GGA_C_P86 : -1460.66045096
Nuclear Repulsion Energy: 3668.78865267
Electronic Energy:        -4915.02253835
XC Energy:                -214.426565
Converged:                1
# of SCF iterations:      18
SCF Time:                 32.641s

=======================================================
            Individual Calculation Summary             
=======================================================
HF Energy: -1460.6604509570429400
=======================================================


Topology 13 time: 32.828629 s, performance: SP: 0 FLOP/s, DP: 317.6 GFLOP/s
JSON file written to: json_logs/lustre_orion_chm213_scratch_ryan_dhdft_inputs_exess_exess_inputs_BP86_def2-TZVP_isomers_3740-3759_topology_13.json
************************************************************
**************** Running topology 15 of 20 *****************
************************************************************

************************************************************
********* Beginning RI-GGA_X_B88+GGA_C_P86 energy **********
************************************************************

=======================================================
          GGA_X_B88+GGA_C_P86 Energy Results           
=======================================================
E GGA_X_B88+GGA_C_P86 : -1460.66950757
Nuclear Repulsion Energy: 3545.31703649
Electronic Energy:        -4791.56712429
XC Energy:                -214.419420
Converged:                1
# of SCF iterations:      18
SCF Time:                 32.219s

=======================================================
            Individual Calculation Summary             
=======================================================
HF Energy: -1460.6695075669726975
=======================================================


Topology 14 time: 32.399509 s, performance: SP: 0 FLOP/s, DP: 302.6 GFLOP/s
JSON file written to: json_logs/lustre_orion_chm213_scratch_ryan_dhdft_inputs_exess_exess_inputs_BP86_def2-TZVP_isomers_3740-3759_topology_14.json
************************************************************
**************** Running topology 16 of 20 *****************
************************************************************

************************************************************
********* Beginning RI-GGA_X_B88+GGA_C_P86 energy **********
************************************************************

=======================================================
          GGA_X_B88+GGA_C_P86 Energy Results           
=======================================================
E GGA_X_B88+GGA_C_P86 : -1460.66517584
Nuclear Repulsion Energy: 3536.21509511
Electronic Energy:        -4782.46196085
XC Energy:                -214.418310
Converged:                1
# of SCF iterations:      18
SCF Time:                 32.103s

=======================================================
            Individual Calculation Summary             
=======================================================
HF Energy: -1460.6651758447414977
=======================================================


Topology 15 time: 32.284553 s, performance: SP: 0 FLOP/s, DP: 303.1 GFLOP/s
JSON file written to: json_logs/lustre_orion_chm213_scratch_ryan_dhdft_inputs_exess_exess_inputs_BP86_def2-TZVP_isomers_3740-3759_topology_15.json
************************************************************
**************** Running topology 17 of 20 *****************
************************************************************

************************************************************
********* Beginning RI-GGA_X_B88+GGA_C_P86 energy **********
************************************************************

=======================================================
          GGA_X_B88+GGA_C_P86 Energy Results           
=======================================================
E GGA_X_B88+GGA_C_P86 : -1460.670284
Nuclear Repulsion Energy: 3580.6949491
Electronic Energy:        -4826.93878604
XC Energy:                -214.426447
Converged:                1
# of SCF iterations:      18
SCF Time:                 31.988s

=======================================================
            Individual Calculation Summary             
=======================================================
HF Energy: -1460.6702839962777034
=======================================================


Topology 16 time: 32.177626 s, performance: SP: 0 FLOP/s, DP: 310 GFLOP/s
JSON file written to: json_logs/lustre_orion_chm213_scratch_ryan_dhdft_inputs_exess_exess_inputs_BP86_def2-TZVP_isomers_3740-3759_topology_16.json
************************************************************
**************** Running topology 18 of 20 *****************
************************************************************

************************************************************
********* Beginning RI-GGA_X_B88+GGA_C_P86 energy **********
************************************************************

=======================================================
          GGA_X_B88+GGA_C_P86 Energy Results           
=======================================================
E GGA_X_B88+GGA_C_P86 : -1460.64649974
Nuclear Repulsion Energy: 3706.04291714
Electronic Energy:        -4952.26518978
XC Energy:                -214.424227
Converged:                1
# of SCF iterations:      17
SCF Time:                 31.337s

=======================================================
            Individual Calculation Summary             
=======================================================
HF Energy: -1460.6464997360872076
=======================================================


Topology 17 time: 31.536177 s, performance: SP: 0 FLOP/s, DP: 334.4 GFLOP/s
JSON file written to: json_logs/lustre_orion_chm213_scratch_ryan_dhdft_inputs_exess_exess_inputs_BP86_def2-TZVP_isomers_3740-3759_topology_17.json
************************************************************
**************** Running topology 19 of 20 *****************
************************************************************

************************************************************
********* Beginning RI-GGA_X_B88+GGA_C_P86 energy **********
************************************************************

=======================================================
          GGA_X_B88+GGA_C_P86 Energy Results           
=======================================================
E GGA_X_B88+GGA_C_P86 : -1460.66398566
Nuclear Repulsion Energy: 3682.9548393
Electronic Energy:        -4929.19107314
XC Energy:                -214.427752
Converged:                1
# of SCF iterations:      17
SCF Time:                 31.009s

=======================================================
            Individual Calculation Summary             
=======================================================
HF Energy: -1460.6639856565807349
=======================================================


Topology 18 time: 31.206283 s, performance: SP: 0 FLOP/s, DP: 334.2 GFLOP/s
JSON file written to: json_logs/lustre_orion_chm213_scratch_ryan_dhdft_inputs_exess_exess_inputs_BP86_def2-TZVP_isomers_3740-3759_topology_18.json
************************************************************
**************** Running topology 20 of 20 *****************
************************************************************

************************************************************
********* Beginning RI-GGA_X_B88+GGA_C_P86 energy **********
************************************************************

=======================================================
          GGA_X_B88+GGA_C_P86 Energy Results           
=======================================================
E GGA_X_B88+GGA_C_P86 : -1460.67264854
Nuclear Repulsion Energy: 3555.96581645
Electronic Energy:        -4802.21801316
XC Energy:                -214.420452
Converged:                1
# of SCF iterations:      17
SCF Time:                 30.582s

=======================================================
            Individual Calculation Summary             
=======================================================
HF Energy: -1460.6726485395533928
=======================================================


Topology 19 time: 30.773729 s, performance: SP: 0 FLOP/s, DP: 317.5 GFLOP/s
JSON file written to: json_logs/lustre_orion_chm213_scratch_ryan_dhdft_inputs_exess_exess_inputs_BP86_def2-TZVP_isomers_3740-3759_topology_19.json
Total flops: SP: 0 FLOPS, DP: 204.06797 TFLOPS
Performance: SP: 0 FLOP/s, DP: 316.4 GFLOP/s

Now, a word from our sponsors... 
 It is a truth universally acknowledged that any man in possesion of a fortune must be in search of a 
 DGX H100 workstation (attributed to Jane Austen-ish)

[31mTotal processing time 645.290539 seconds[0m
[CRAYBLAS_WARNING] Application linked against multiple cray-libsci libraries
5131     |    0.3137
    9     | -1460.6464910141 |   2.7374e-05   |    1.2169     |    0.2328
   10     | -1460.6464957702 |   1.3288e-05   |    1.3207     |    0.2335
   11     | -1460.6464993636 |   1.1702e-06   |    1.4146     |    0.3129
   12     | -1460.6464996847 |   1.6144e-07   |    1.3107     |    0.3100
   13     | -1460.6464996748 |   1.0078e-07   |    1.3141     |    0.3136
   14     | -1460.6464997389 |   3.7848e-09   |    1.2180     |    0.2335
   15     | -1460.6464997358 |   1.2254e-09   |    1.3208     |    0.2336
   16     | -1460.6464997360 |   4.7562e-10   |    1.4145     |    0.3136
   17     | -1460.6464997361 |   8.9089e-11   |    1.3102     |    0.3132
Created 599729 / 2214144 significant shell pairs
Created 463999 / 1684804 significant shell pairs
Total number of grid points: 297314 (5126 per atom)
One electron integrals and orthogonalizer took 0.084756s
Created 463999 / 1684804 significant shell pairs
3C integrals and B formation took 2.073465s
Iteration |      Energy      |  DIIS Metric   | Fock Time (s) | DIIS Time (s)
----------+------------------+----------------+---------------+--------------
    1     | -1469.7293314627 |   8.9779e+02   |    1.3101     |    0.4546
    2     | -1459.8220101685 |   3.0639e+00   |    1.4947     |    0.3089
    3     | -1459.4499025770 |   4.5217e+00   |    1.3148     |    0.3136
    4     | -1460.6190931782 |   1.5400e-01   |    1.2196     |    0.2336
    5     | -1460.6400765337 |   8.1774e-02   |    1.3238     |    0.2332
    6     | -1460.6621841841 |   6.5007e-03   |    1.4143     |    0.3100
    7     | -1460.6636789626 |   1.0566e-03   |    1.3140     |    0.4350
    8     | -1460.6638854015 |   3.2475e-04   |    1.5138     |    0.3131
    9     | -1460.6639767229 |   2.7140e-05   |    1.2193     |    0.2332
   10     | -1460.6639822964 |   1.1263e-05   |    1.3229     |    0.2334
   11     | -1460.6639851844 |   1.5490e-06   |    1.4144     |    0.3101
   12     | -1460.6639856422 |   1.2087e-07   |    1.3146     |    0.3131
   13     | -1460.6639856209 |   6.6238e-08   |    1.3101     |    0.3134
   14     | -1460.6639856553 |   4.7644e-09   |    1.2183     |    0.2334
   15     | -1460.6639856713 |   1.2436e-09   |    1.3229     |    0.2327
   16     | -1460.6639856565 |   3.1424e-10   |    1.4154     |    0.3129
   17     | -1460.6639856566 |   8.4202e-11   |    1.3111     |    0.3132
Created 558842 / 2214144 significant shell pairs
Created 431668 / 1684804 significant shell pairs
Total number of grid points: 292013 (5034 per atom)
One electron integrals and orthogonalizer took 0.081988s
Created 431668 / 1684804 significant shell pairs
3C integrals and B formation took 2.074627s
Iteration |      Energy      |  DIIS Metric   | Fock Time (s) | DIIS Time (s)
----------+------------------+----------------+---------------+--------------
    1     | -1469.7184900522 |   8.9294e+02   |    1.3112     |    0.4536
    2     | -1459.8324279226 |   3.0528e+00   |    1.4061     |    0.2355
    3     | -1459.4811630692 |   4.4274e+00   |    1.3232     |    0.2326
    4     | -1460.6345438226 |   1.3658e-01   |    1.2333     |    0.2736
    5     | -1460.6573629342 |   5.4859e-02   |    1.3084     |    0.2740
    6     | -1460.6706786947 |   6.4723e-03   |    1.4057     |    0.2333
    7     | -1460.6721345578 |   1.5822e-03   |    1.3251     |    0.2381
    8     | -1460.6724744135 |   5.1502e-04   |    1.3206     |    0.2331
    9     | -1460.6726385781 |   3.2259e-05   |    1.2330     |    0.2733
   10     | -1460.6726462870 |   7.5545e-06   |    1.1954     |    0.3542
   11     | -1460.6726482163 |   1.0282e-06   |    1.4071     |    0.2334
   12     | -1460.6726485323 |   8.4757e-08   |    1.3266     |    0.2329
   13     | -1460.6726485045 |   3.9960e-08   |    1.3257     |    0.2326
   14     | -1460.6726485389 |   2.2524e-09   |    1.2335     |    0.2735
   15     | -1460.6726485394 |   8.3759e-10   |    1.3114     |    0.2738
   16     | -1460.6726485394 |   4.7693e-10   |    1.4071     |    0.2332
   17     | -1460.6726485396 |   9.6641e-11   |    1.3257     |    0.2334
Please cite the following papers for the methods used in this calculation:
 - J.L. Galvez Vallejo et. al., Toward an extreme-scale electronic structure system, J. Chem. Phys., 2023. DOI: 10.1063/5.0156399

 - R. Stocks, E. Palethorpe, and G.M.J. Barca, Multi-GPU RI-HF Energies and Analytic Gradients ─ Toward High-Throughput Ab Initio Molecular Dynamics, J. Chem. Theory Comput., 2024. DOI: 10.1021/acs.jctc.4c00877
   For:
     * RI-HF energy

 - D.B. Williams-Young, W.A. de Jong, H.J.J. van Dam, and C. Yang, On the Efficient Evaluation of the Exchange Correlation Potential on Graphics Processing Unit Clusters, Frontiers in Chemistry, 2020. DOI: 10.3389/fchem.2020.581058
   For:
     * GauXC implementation of exchange-correlation integration

 - R. Stocks and G.M.J. Barca, Efficient Algorithms for GPU Accelerated Evaluation of the DFT Exchange-Correlation Functional, J. Chem. Theory Comput., 2025. DOI: 10.1021/acs.jctc.5c01229
   For:
     * GPU accelerated DFT exchange-correlation evaluation

 - A. D. Becke.,  Phys. Rev. A 38, 3098 (1988) DOI: 10.1103/PhysRevA.38.3098
   For:
     * GGA_X_B88 XC Functional

 - J. P. Perdew.,  Phys. Rev. B 33, 8822 (1986) DOI: 10.1103/PhysRevB.33.8822
   For:
     * GGA_C_P86 XC Functional

[CRAYBLAS_WARNING] Application linked against multiple cray-libsci libraries
