Total number of grid points: 311073 (5017 per atom)
Total number of grid points: 309295 (4988 per atom)
Total number of grid points: 314645 (5074 per atom)
Total number of grid points: 312913 (5046 per atom)
Total number of grid points: 321010 (5177 per atom)
Total number of grid points: 307294 (4956 per atom)
Total number of grid points: 310246 (5003 per atom)
Total number of grid points: 318703 (5140 per atom)
Total number of grid points: 318213 (5132 per atom)
Total number of grid points: 310130 (5002 per atom)
Total number of grid points: 315512 (5088 per atom)
Total number of grid points: 307534 (4960 per atom)
Total number of grid points: 313524 (5056 per atom)
Total number of grid points: 311880 (5030 per atom)
Total number of grid points: 314541 (5073 per atom)
Total number of grid points: 317890 (5127 per atom)
Total number of grid points: 309076 (4985 per atom)
Total number of grid points: 316337 (5102 per atom)
Total number of grid points: 320092 (5162 per atom)
Total number of grid points: 314042 (5065 per atom)
[CRAYBLAS_WARNING] Application linked against multiple cray-libsci libraries
3876
   10     | -1538.0991866798 |   9.2673e-06   |    1.2653     |    0.2552
   11     | -1538.0991891656 |   6.9773e-07   |    1.4434     |    0.4880
   12     | -1538.0991893820 |   1.1211e-07   |    1.3139     |    0.3346
   13     | -1538.0991893757 |   3.1984e-08   |    1.6853     |    0.3354
   14     | -1538.0991893872 |   3.6646e-09   |    1.3520     |    0.2867
   15     | -1538.0991893801 |   1.8503e-09   |    1.2598     |    0.2804
   16     | -1538.0991893894 |   2.6631e-10   |    1.4512     |    0.2535
   17     | -1538.0991893894 |   5.5889e-11   |    1.3976     |    0.2801
Created 627427 / 2471184 significant shell pairs
Created 486878 / 1882384 significant shell pairs
Total number of grid points: 307346 (4957 per atom)
One electron integrals and orthogonalizer took 0.085019s
Created 486878 / 1882384 significant shell pairs
3C integrals and B formation took 2.188007s
Iteration |      Energy      |  DIIS Metric   | Fock Time (s) | DIIS Time (s)
----------+------------------+----------------+---------------+--------------
    1     | -1547.5261735835 |   9.3794e+02   |    1.4001     |    0.3338
    2     | -1537.1916528115 |   3.3082e+00   |    1.3684     |    0.4175
    3     | -1536.7749948485 |   4.9197e+00   |    1.3236     |    0.4444
    4     | -1538.0383152368 |   1.9286e-01   |    1.3147     |    0.4433
    5     | -1538.0541014493 |   1.4356e-01   |    1.2897     |    0.4175
    6     | -1538.0955668303 |   1.0007e-02   |    1.3467     |    0.4391
    7     | -1538.0978113316 |   2.1747e-03   |    1.3260     |    0.4432
    8     | -1538.0983138380 |   6.4211e-04   |    1.4070     |    0.2805
    9     | -1538.0984936446 |   3.2554e-05   |    1.3172     |    0.2808
   10     | -1538.0985001324 |   9.5763e-06   |    1.2085     |    0.2544
   11     | -1538.0985026773 |   1.0138e-06   |    1.3233     |    0.2802
   12     | -1538.0985029179 |   1.0167e-07   |    1.3485     |    0.2760
   13     | -1538.0985029049 |   4.9335e-08   |    1.4073     |    0.2805
   14     | -1538.0985029456 |   6.0264e-09   |    1.3165     |    0.2808
   15     | -1538.0985029273 |   1.8276e-09   |    1.2081     |    0.2541
   16     | -1538.0985029456 |   7.0861e-10   |    1.3235     |    0.2798
   17     | -1538.0985029458 |   8.7858e-11   |    1.3693     |    0.2558
Created 626791 / 2471184 significant shell pairs
Created 486258 / 1882384 significant shell pairs
Total number of grid points: 315575 (5089 per atom)
One electron integrals and orthogonalizer took 0.127097s
Created 486258 / 1882384 significant shell pairs
3C integrals and B formation took 2.290482s
Iteration |      Energy      |  DIIS Metric   | Fock Time (s) | DIIS Time (s)
----------+------------------+----------------+---------------+--------------
    1     | -1547.5300157436 |   9.3844e+02   |    1.3969     |    0.3371
    2     | -1537.1939799930 |   3.3093e+00   |    1.3682     |    0.3360
    3     | -1536.7802214440 |   4.9118e+00   |    1.3689     |    0.3360
    4     | -1538.0468854092 |   1.7808e-01   |    1.2416     |    0.2812
    5     | -1538.0640193377 |   1.2498e-01   |    1.2079     |    0.3369
    6     | -1538.0986913553 |   8.5626e-03   |    1.4505     |    0.3356
    7     | -1538.1005013989 |   2.1480e-03   |    1.3698     |    0.3372
    8     | -1538.1009997519 |   5.8719e-04   |    1.3691     |    0.2538
    9     | -1538.1011683985 |   2.7754e-05   |    1.3227     |    0.2811
   10     | -1538.1011742557 |   8.2568e-06   |    1.2080     |    0.2546
   11     | -1538.1011763761 |   1.0300e-06   |    1.3703     |    0.2539
   12     | -1538.1011766525 |   1.0498e-07   |    1.3700     |    0.2544
   13     | -1538.1011766481 |   5.2085e-08   |    1.4507     |    0.2543
   14     | -1538.1011766756 |   7.5969e-09   |    1.3243     |    0.2813
   15     | -1538.1011766775 |   1.1770e-09   |    1.2076     |    0.2547
   16     | -1538.1011766775 |   9.2530e-10   |    1.3709     |    0.2539
   17     | -1538.1011766778 |   1.0896e-10   |    1.3705     |    0.2539
   18     | -1538.1011766778 |   4.2260e-11   |    1.4510     |    0.2537
Created 651455 / 2471184 significant shell pairs
Created 505611 / 1882384 significant shell pairs
Total number of grid points: 309765 (4996 per atom)
One electron integrals and orthogonalizer took 0.132813s
Created 505611 / 1882384 significant shell pairs
3C integrals and B formation took 2.297868s
Iteration |      Energy      |  DIIS Metric   | Fock Time (s) | DIIS Time (s)
----------+------------------+----------------+---------------+--------------
    1     | -1547.5377936164 |   9.4204e+02   |    1.3842     |    0.3365
    2     | -1537.1826765866 |   3.3027e+00   |    1.3876     |    0.3626
    3     | -1536.7664522912 |   4.9303e+00   |    1.3699     |    0.4172
    4     | -1538.0384907114 |   1.6294e-01   |    1.3681     |    0.4187
    5     | -1538.0522244785 |   1.2035e-01   |    1.2662     |    0.4396
    6     | -1538.0863680268 |   6.0526e-03   |    1.3692     |    0.4167
    7     | -1538.0875487596 |   1.6409e-03   |    1.3712     |    0.4169
    8     | -1538.0878923356 |   4.9488e-04   |    1.4515     |    0.2549
    9     | -1538.0880283505 |   2.1292e-05   |    1.3678     |    0.2551
   10     | -1538.0880324252 |   7.3914e-06   |    1.3103     |    0.2798
   11     | -1538.0880343091 |   5.8285e-07   |    1.3711     |    0.3352
   12     | -1538.0880344124 |   1.1993e-07   |    1.3878     |    0.2806
   13     | -1538.0880344207 |   3.9179e-08   |    1.3696     |    0.2540
   14     | -1538.0880344457 |   6.3573e-09   |    1.3482     |    0.2770
   15     | -1538.0880344345 |   8.9538e-10   |    1.3095     |    0.2804
   16     | -1538.0880344346 |   5.5135e-10   |    1.3700     |    0.3350
   17     | -1538.0880344347 |   8.3431e-11   |    1.3881     |    0.2799
Created 651572 / 2471184 significant shell pairs
Created 506113 / 1882384 significant shell pairs
Total number of grid points: 311842 (5029 per atom)
One electron integrals and orthogonalizer took 0.132026s
Created 506113 / 1882384 significant shell pairs
3C integrals and B formation took 2.447058s
Iteration |      Energy      |  DIIS Metric   | Fock Time (s) | DIIS Time (s)
----------+------------------+----------------+---------------+--------------
    1     | -1547.5389422549 |   9.4201e+02   |    1.3944     |    0.3364
    2     | -1537.1875915660 |   3.2985e+00   |    1.3686     |    0.2494
    3     | -1536.7633230219 |   4.9535e+00   |    1.4774     |    0.2806
    4     | -1538.0394352967 |   1.7844e-01   |    1.2890     |    0.2539
    5     | -1538.0637176995 |   9.8533e-02   |    1.2082     |    0.3363
    6     | -1538.0903137723 |   7.7300e-03   |    1.4514     |    0.3354
    7     | -1538.0918961430 |   2.1466e-03   |    1.3696     |    0.3357
    8     | -1538.0923988092 |   5.7273e-04   |    1.3918     |    0.2815
    9     | -1538.0925490497 |   4.2544e-05   |    1.2880     |    0.2541
   10     | -1538.0925590932 |   9.7195e-06   |    1.2079     |    0.2545
   11     | -1538.0925615001 |   1.0554e-06   |    1.3707     |    0.2539
   12     | -1538.0925617872 |   1.3856e-07   |    1.3697     |    0.2538
   13     | -1538.0925617596 |   8.7675e-08   |    1.4705     |    0.2805
   14     | -1538.0925617962 |   4.6030e-09   |    1.2898     |    0.2536
   15     | -1538.0925617891 |   1.3670e-09   |    1.2087     |    0.3052
   16     | -1538.0925617973 |   8.1778e-10   |    1.3196     |    0.2543
   17     | -1538.0925617975 |   9.7535e-11   |    1.3703     |    0.2540
Created 646490 / 2471184 significant shell pairs
Created 501941 / 1882384 significant shell pairs
Total number of grid points: 312521 (5040 per atom)
One electron integrals and orthogonalizer took 0.131733s
Created 501941 / 1882384 significant shell pairs
3C integrals and B formation took 2.301595s
Iteration |      Energy      |  DIIS Metric   | Fock Time (s) | DIIS Time (s)
----------+------------------+----------------+---------------+--------------
    1     | -1547.5419451752 |   9.4107e+02   |    1.3801     |    0.3370
    2     | -1537.1928088677 |   3.3180e+00   |    1.3873     |    0.2826
    3     | -1536.7529675224 |   5.0312e+00   |    1.3852     |    0.2806
    4     | -1538.0335395201 |   2.1952e-01   |    1.2880     |    0.2552
    5     | -1538.0625469271 |   1.2802e-01   |    1.2277     |    0.2811
    6     | -1538.0976377128 |   8.9968e-03   |    1.4511     |    0.3354
    7     | -1538.0994843767 |   2.5030e-03   |    1.3875     |    0.2807
    8     | -1538.1000891051 |   6.3121e-04   |    1.3886     |    0.2796
    9     | -1538.1002577266 |   4.5857e-05   |    1.2883     |    0.2554
   10     | -1538.1002682513 |   1.0468e-05   |    1.2253     |    0.2803
   11     | -1538.1002708205 |   8.3654e-07   |    1.4520     |    0.3352
   12     | -1538.1002709681 |   1.6752e-07   |    1.3872     |    0.2803
   13     | -1538.1002709864 |   7.0350e-08   |    1.3699     |    0.2540
   14     | -1538.1002710029 |   7.9759e-09   |    1.3688     |    0.2558
   15     | -1538.1002710274 |   1.9794e-09   |    1.2245     |    0.2808
   16     | -1538.1002710394 |   8.0207e-10   |    1.4514     |    0.3361
   17     | -1538.1002710279 |   1.2487e-10   |    1.3887     |    0.2803
   18     | -1538.1002710279 |   5.0228e-11   |    1.3701     |    0.2540
Created 706485 / 2471184 significant shell pairs
Created 548712 / 1882384 significant shell pairs
Total number of grid points: 313762 (5060 per atom)
One electron integrals and orthogonalizer took 0.132772s
Created 548712 / 1882384 significant shell pairs
3C integrals and B formation took 2.355464s
Iteration |      Energy      |  DIIS Metric   | Fock Time (s) | DIIS Time (s)
----------+------------------+----------------+---------------+--------------
    1     | -1547.5478529258 |   9.4403e+02   |    1.4367     |    0.2821
    2     | -1537.1812088928 |   3.3355e+00   |    1.4837     |    0.2822
    3     | -1536.6750782403 |   5.2954e+00   |    1.5631     |    0.2802
    4     | -1537.9683428787 |   3.9983e-01   |    1.3270     |    0.2805
    5     | -1538.0451253939 |   1.5947e-01   |    1.4029     |    0.2805
    6     | -1538.0871820820 |   1.3282e-02   |    1.4813     |    0.2808
    7     | -1538.0901025627 |   2.9185e-03   |    1.4845     |    0.2813
    8     | -1538.0908156812 |   6.9975e-04   |    1.5653     |    0.2804
    9     | -1538.0909913526 |   5.6040e-05   |    1.3266     |    0.2806
   10     | -1538.0910035473 |   1.2835e-05   |    1.3059     |    0.2810
   11     | -1538.0910068141 |   1.3425e-06   |    1.5632     |    0.2806
   12     | -1538.0910071764 |   9.8348e-08   |    1.4855     |    0.2815
   13     | -1538.0910071675 |   5.6789e-08   |    1.5644     |    0.2804
   14     | -1538.0910071878 |   3.8473e-09   |    1.3267     |    0.2802
   15     | -1538.0910071932 |   4.9062e-09   |    1.4034     |    0.2804
   16     | -1538.0910072077 |   3.9205e-10   |    1.4799     |    0.2803
   17     | -1538.0910071889 |   7.3248e-11   |    1.4851     |    0.2803
Created 641353 / 2471184 significant shell pairs
Created 498385 / 1882384 significant shell pairs
Total number of grid points: 315405 (5087 per atom)
One electron integrals and orthogonalizer took 0.132258s
Created 498385 / 1882384 significant shell pairs
3C integrals and B formation took 2.302144s
Iteration |      Energy      |  DIIS Metric   | Fock Time (s) | DIIS Time (s)
----------+------------------+----------------+---------------+--------------
    1     | -1547.5169738469 |   9.3648e+02   |    1.3795     |    0.3368
    2     | -1537.1866256062 |   3.3007e+00   |    1.3854     |    0.2817
    3     | -1536.7509198131 |   4.9648e+00   |    1.3687     |    0.3352
    4     | -1538.0075529737 |   2.7533e-01   |    1.2442     |    0.2807
    5     | -1538.0464214349 |   1.5467e-01   |    1.2083     |    0.3359
    6     | -1538.0897880757 |   1.3525e-02   |    1.4516     |    0.3357
    7     | -1538.0929018773 |   2.7000e-03   |    1.3694     |    0.3358
    8     | -1538.0935663414 |   7.3158e-04   |    1.3703     |    0.2537
    9     | -1538.0937714337 |   3.2175e-05   |    1.3251     |    0.2805
   10     | -1538.0937774233 |   1.1163e-05   |    1.2084     |    0.2540
   11     | -1538.0937802284 |   8.8365e-07   |    1.3711     |    0.2543
   12     | -1538.0937804654 |   1.0701e-07   |    1.3864     |    0.2804
   13     | -1538.0937804584 |   5.9911e-08   |    1.3871     |    0.2812
   14     | -1538.0937804751 |   7.4526e-09   |    1.2657     |    0.2771
   15     | -1538.0937804873 |   2.8898e-09   |    1.2080     |    0.2541
   16     | -1538.0937804879 |   8.0597e-10   |    1.3710     |    0.2539
   17     | -1538.0937804882 |   1.0004e-10   |    1.3859     |    0.2801
   18     | -1538.0937804882 |   3.7631e-11   |    1.3701     |    0.2547
Created 640680 / 2471184 significant shell pairs
Created 497675 / 1882384 significant shell pairs
Total number of grid points: 313573 (5057 per atom)
One electron integrals and orthogonalizer took 0.128275s
Created 497675 / 1882384 significant shell pairs
3C integrals and B formation took 2.290320s
Iteration |      Energy      |  DIIS Metric   | Fock Time (s) | DIIS Time (s)
----------+------------------+----------------+---------------+--------------
    1     | -1547.5194090507 |   9.3687e+02   |    1.3959     |    0.3363
    2     | -1537.1891658193 |   3.3008e+00   |    1.3687     |    0.2543
    3     | -1536.7563590115 |   4.9554e+00   |    1.4512     |    0.3357
    4     | -1538.0157760673 |   2.6197e-01   |    1.2415     |    0.2809
    5     | -1538.0537691222 |   1.4330e-01   |    1.2083     |    0.3363
    6     | -1538.0928831493 |   1.2161e-02   |    1.4508     |    0.3348
    7     | -1538.0955467346 |   2.6874e-03   |    1.3706     |    0.3364
    8     | -1538.0961984142 |   7.0321e-04   |    1.3694     |    0.2539
    9     | -1538.0964001629 |   3.3009e-05   |    1.3243     |    0.2807
   10     | -1538.0964066557 |   1.0846e-05   |    1.2085     |    0.2538
   11     | -1538.0964094333 |   1.0311e-06   |    1.3707     |    0.2543
   12     | -1538.0964096717 |   1.3806e-07   |    1.3702     |    0.2533
   13     | -1538.0964096874 |   8.8065e-08   |    1.4513     |    0.2486
   14     | -1538.0964097309 |   7.7235e-09   |    1.3291     |    0.2810
   15     | -1538.0964097271 |   2.5036e-09   |    1.2081     |    0.2548
   16     | -1538.0964097275 |   9.6755e-10   |    1.3704     |    0.2543
   17     | -1538.0964097278 |   1.2961e-10   |    1.3704     |    0.25=======================================================
          GGA_X_B88+GCreated 667293 / 2471184 significant shell pairs
Created 518347 / 1882384 significant shell pairs
Total number of grid points: 322243 (5197 per atom)
One electron integrals and orthogonalizer took 0.131742s
Created 518347 / 1882384 significant shell pairs
3C integrals and B formation took 2.312053s
Iteration |      Energy      |  DIIS Metric   | Fock Time (s) | DIIS Time (s)
----------+------------------+----------------+---------------+--------------
    1     | -1547.5276126867 |   9.4067e+02   |    1.4002     |    0.2821
    2     | -1537.1777535609 |   3.2935e+00   |    1.4723     |    0.2815
    3     | -1536.7440714397 |   4.9666e+00   |    1.3945     |    0.2810
    4     | -1538.0059750164 |   2.4953e-01   |    1.3139     |    0.2810
    5     | -1538.0404370537 |   1.4270e-01   |    1.2886     |    0.3360
    6     | -1538.0804812632 |   8.5785e-03   |    1.4786     |    0.2807
    7     | -1538.0821355910 |   2.2784e-03   |    1.4744     |    0.2815
    8     | -1538.0826560810 |   6.1103e-04   |    1.3957     |    0.2808
    9     | -1538.0828253753 |   2.8099e-05   |    1.3145     |    0.2804
   10     | -1538.0828303374 |   9.8503e-06   |    1.2894     |    0=======================================================
          GGA_X_B88+GGA_C_P86 Energy Results           
=======================================================
E GGA_X_B88+GGA_C_P86 : -1538.08283318
Nuclear Repulsion Energy: 4067.45676117
Electronic Energy:        -5379.48996776
XC Energy:                -226.049627
Converged:                1
# of SCF iterations:      18
SCF Time:                 33.379s

=======================================================
            Individual Calculation Summary             
=======================================================
HF Energy: -Created 660851 / 2471184 significant shell pairs
Created 513932 / 1882384 significant shell pairs
Total number of grid points: 312083 (5033 per atom)
One electron integrals and orthogonalizer took 0.132534s
Created 513932 / 1882384 significant shell pairs
3C integrals and B formation took 2.363484s
Iteration |      Energy      |  DIIS Metric   | Fock Time (s) | DIIS Time (s)
----------+------------------+----------------+---------------+--------------
    1     | -1547.5281726417 |   9.4029e+02   |    1.3190     |    0.3366
    2     | -1537.1832274318 |   3.2905e+00   |    1.3686     |    0.2554
    3     | -1536.7452501476 |   4.9811e+00   |    1.4507     |  =======================================================
          GGA_X_B88+GGA_C_P86 Energy Results           
=======================================================
E GGA_X_B88+GGA_C_P86 : -1538.08845589
Nuclear Repulsion Energy: 4056.12130942
Electronic Energy:        -5368.16119664
XC Energy:                -226.048569
Converged:                1
# of SCF iterations:      17
SCF Time:                 31.331s

=======================================================
            Individual Calculation Summary             
=======================================================
HF Energy: -1538.0884558905970607
=======================================================


Topology 10 time: 31.551344 s, performance: SP: 0 FLOP/s, DP: 407.2 GFLOP/s
JSON file written to: json_logs/lustre_orion_chm213_scratch_ryan_dhdft_inputs_exess_exess_inputs_BP86_def2-TZVP_isomers_8880-8899_topology_10.json
************************************************************
**************** Running topology 12 of 20 *****************
**********************Created 658448 / 2471184 significant shell pairs
Created 511769 / 1882384 significant shell pairs
Total number of grid points: 316501 (5104 per atom)
One electron integrals and orthogonalizer took 0.132800s
Created 511769 / =======================================================
          GGA_X_B88+GGA_C_P86 Energy Results           
=======================================================
E GGA_X_B88+GGA_C_P86 : -1538.09464486
Nuclear Repulsion Energy: 4043.22948907
Electronic Energy:        -5355.27553839
XC Energy:                -226.048596
Converged:                1
# of SCF iterations:      18
SCF Time:                 33.282s

=======================================================
            Individual Calculation Summary             
=======================================================
HF Energy: -1538.0946448605827754
=======================================================


Topology 11 time: 33.501625 s, performance: SP: 0 FLOP/s, DP: 384 GFLOP/s
JSON file written to: json_logs/lustre_orion_chm213_scratch_ryan_dhdft_inputs_exess_exess_inputs_BP86_def2-TZVP_isomers_8880-8899_topology_11.json
************************************************************
**************** Running topology 13 of 20 *****************
************************************************************

************************************************************
********* Beginning RI-GGA_X_B88+GGA_C_P86 energy **********
************************************************************

=======================================================
          GGA_X_B88+GGA_C_P86 Energy Results           
=======================================================
E GGA_X_B88+GGA_C_P86 : -1538.09816905
Nuclear Repulsion Energy: 4035.09526849
Electronic Energy:        -5347.14327305
XC Energy:                -226.050164
Converged:                1
# of SCF iterations:      18
SCF Time:                 33.12s

=======================================================
            Individual Calculation Summary             
=======================================================
HF Energy: -1538.0981690502048878
=======================================================


Topology 12 time: 33.344502 s, performance: SP: 0 FLOP/s, DP: 384.4 GFLOP/s
JSON file written to: json_logs/lustre_orion_chm213_scratch_ryan_dhdft_inputs_exess_exess_inputs_BP86_def2-TZVP_isomers_8880-8899_topology_12.json
************************************************************
**************** Running topology 14 of 20 *****************
************************************************************

************************************************************
********* Beginning RI-GGA_X_B88+GGA_C_P86 energy **********
************************************************************

=======================================================
          GGA_X_B88+GGA_C_P86 Energy Results           
=======================================================
E GGA_X_B88+GGA_C_P86 : -1538.10145537
Nuclear Repulsion Energy: 4006.850953
Electronic Energy:        -5318.90615829
XC Energy:                -226.046250
Converged:                1
# of SCF iterations:      17
SCF Time:                 31.01s

=======================================================
            Individual Calculation Summary             
=======================================================
HF Energy: -1538.1014553659629200
=======================================================


Topology 13 time: 31.235449 s, performance: SP: 0 FLOP/s, DP: 402.1 GFLOP/s
JSON file written to: json_logs/lustre_orion_chm213_scratch_ryan_dhdft_inputs_exess_exess_inputs_BP86_def2-TZVP_isomers_8880-8899_topology_13.json
************************************************************
**************** Running topology 15 of 20 *****************
************************************************************

************************************************************
********* Beginning RI-GGA_X_B88+GGA_C_P86 energy **********
************************************************************

=======================================================
          GGA_X_B88+GGA_C_P86 Energy Results           
=======================================================
E GGA_X_B88+GGA_C_P86 : -1538.09082131
Nuclear Repulsion Energy: 4018.10042151
Electronic Energy:        -5330.15362704
XC Energy:                -226.037616
Converged:                1
# of SCF iterations:      18
SCF Time:                 32.704s

=======================================================
            Individual Calculation Summary             
=======================================================
HF Energy: -1538.0908213075501862
=======================================================


Topology 14 time: 32.929532 s, performance: SP: 0 FLOP/s, DP: 386 GFLOP/s
JSON file written to: json_logs/lustre_orion_chm213_scratch_ryan_dhdft_inputs_exess_exess_inputs_BP86_def2-TZVP_isomers_8880-8899_topology_14.json
************************************************************
**************** Running topology 16 of 20 *****************
************************************************************

************************************************************
********* Beginning RI-GGA_X_B88+GGA_C_P86 energy **********
************************************************************

=======================================================
          GGA_X_B88+GGA_C_P86 Energy Results           
=======================================================
E GGA_X_B88+GGA_C_P86 : -1538.09240374
Nuclear Repulsion Energy: 4204.05522999
Electronic Energy:        -5516.093402
XC Energy:                -226.054232
Converged:                1
# of SCF iterations:      18
SCF Time:                 35.543s

=======================================================
            Individual Calculation Summary             
=======================================================
HF Energy: -1538.0924037351937841
=======================================================


Topology 15 time: 35.785448 s, performance: SP: 0 FLOP/s, DP: 388.4 GFLOP/s
JSON file written to: json_logs/lustre_orion_chm213_scratch_ryan_dhdft_inputs_exess_exess_inputs_BP86_def2-TZVP_isomers_8880-8899_topology_15.json
************************************************************
**************** Running topology 17 of 20 *****************
************************************************************

************************************************************
********* Beginning RI-GGA_X_B88+GGA_C_P86 energy **********
************************************************************

=======================================================
          GGA_X_B88+GGA_C_P86 Energy Results           
=======================================================
E GGA_X_B88+GGA_C_P86 : -1538.07904011
Nuclear Repulsion Energy: 4336.89342343
Electronic Energy:        -5648.90632209
XC Energy:                -226.066141
Converged:                1
# of SCF iterations:      18
SCF Time:                 35.854s

=======================================================
            Individual Calculation Summary             
=======================================================
HF Energy: -1538.0790401090989690
=======================================================


Topology 16 time: 36.108491 s, performance: SP: 0 FLOP/s, DP: 405.4 GFLOP/s
JSON file written to: json_logs/lustre_orion_chm213_scratch_ryan_dhdft_inputs_exess_exess_inputs_BP86_def2-TZVP_isomers_8880-8899_topology_16.json
************************************************************
**************** Running topology 18 of 20 *****************
************************************************************

************************************************************
********* Beginning RI-GGA_X_B88+GGA_C_P86 energy **********
************************************************************

=======================================================
          GGA_X_B88+GGA_C_P86 Energy Results           
=======================================================
E GGA_X_B88+GGA_C_P86 : -1538.0736744
Nuclear Repulsion Energy: 4370.44028289
Electronic Energy:        -5682.45114225
XC Energy:                -226.062815
Converged:                1
# of SCF iterations:      19
SCF Time:                 37.564s

=======================================================
            Individual Calculation Summary             
=======================================================
HF Energy: -1538.0736744049977460
=======================================================


Topology 17 time: 37.819360 s, performance: SP: 0 FLOP/s, DP: 395 GFLOP/s
JSON file written to: json_logs/lustre_orion_chm213_scratch_ryan_dhdft_inputs_exess_exess_inputs_BP86_def2-TZVP_isomers_8880-8899_topology_17.json
************************************************************
**************** Running topology 19 of 20 *****************
************************************************************

************************************************************
********* Beginning RI-GGA_X_B88+GGA_C_P86 energy **********
************************************************************

=======================================================
          GGA_X_B88+GGA_C_P86 Energy Results           
=======================================================
E GGA_X_B88+GGA_C_P86 : -1538.07305048
Nuclear Repulsion Energy: 4396.90424301
Electronic Energy:        -5708.90819155
XC Energy:                -226.069102
Converged:                1
# of SCF iterations:      17
SCF Time:                 34.955s

=======================================================
            Individual Calculation Summary             
=======================================================
HF Energy: -1538.0730504796817968
=======================================================


Topology 18 time: 35.217715 s, performance: SP: 0 FLOP/s, DP: 424.2 GFLOP/s
JSON file written to: json_logs/lustre_orion_chm213_scratch_ryan_dhdft_inputs_exess_exess_inputs_BP86_def2-TZVP_isomers_8880-8899_topology_18.json
************************************************************
**************** Running topology 20 of 20 *****************
************************************************************

************************************************************
********* Beginning RI-GGA_X_B88+GGA_C_P86 energy **********
************************************************************

=======================================================
          GGA_X_B88+GGA_C_P86 Energy Results           
=======================================================
E GGA_X_B88+GGA_C_P86 : -1538.07149727
Nuclear Repulsion Energy: 4437.87616695
Electronic Energy:        -5749.87387461
XC Energy:                -226.073790
Converged:                1
# of SCF iterations:      17
SCF Time:                 35.677s

=======================================================
            Individual Calculation Summary             
=======================================================
HF Energy: -1538.0714972672285512
=======================================================


Topology 19 time: 35.943522 s, performance: SP: 0 FLOP/s, DP: 422.5 GFLOP/s
JSON file written to: json_logs/lustre_orion_chm213_scratch_ryan_dhdft_inputs_exess_exess_inputs_BP86_def2-TZVP_isomers_8880-8899_topology_19.json
Total flops: SP: 0 FLOPS, DP: 264.84728 TFLOPS
Performance: SP: 0 FLOP/s, DP: 391.1 GFLOP/s

Now, a word from our sponsors... 
 How big is 4? - heard at Elise's confirmation of candidacy presentation 

[31mTotal processing time 677.364409 seconds[0m
[CRAYBLAS_WARNING] Application linked against multiple cray-libsci libraries
e-03   |    1.5336     |    0.3378
    8     | -1538.0732729176 |   1.4571e-03   |    1.6135     |    0.2547
    9     | -1538.0736050217 |   2.4706e-04   |    1.4518     |    0.2549
   10     | -1538.0736708893 |   1.2973e-05   |    1.4512     |    0.2540
   11     | -1538.0736736154 |   2.8135e-06   |    1.5334     |    0.3352
   12     | -1538.0736743191 |   3.2754e-07   |    1.5337     |    0.2532
   13     | -1538.0736743461 |   1.4881e-07   |    1.5331     |    0.2545
   14     | -1538.0736743937 |   2.5781e-08   |    1.5333     |    0.2542
   15     | -1538.0736744027 |   8.5717e-09   |    1.4525     |    0.2535
   16     | -1538.0736744044 |   2.1950e-09   |    1.5333     |    0.2535
   17     | -1538.0736744049 |   5.0285e-10   |    1.5334     |    0.2537
   18     | -1538.0736744050 |   1.1728e-10   |    1.6150     |    0.2538
   19     | -1538.0736744050 |   8.5781e-11   |    1.4526     |    0.2538
Created 784715 / 2471184 significant shell pairs
Created 606003 / 1882384 significant shell pairs
Total number of grid points: 314504 (5072 per atom)
One electron integrals and orthogonalizer took 0.091762s
Created 606003 / 1882384 significant shell pairs
3C integrals and B formation took 2.529523s
Iteration |      Energy      |  DIIS Metric   | Fock Time (s) | DIIS Time (s)
----------+------------------+----------------+---------------+--------------
    1     | -1547.5888617526 |   9.6278e+02   |    1.5503     |    0.4182
    2     | -1537.1499608248 |   3.3926e+00   |    1.5498     |    0.2817
    3     | -1536.3548727823 |   6.4428e+00   |    1.6336     |    0.2814
    4     | -1537.7147882635 |   1.2555e+00   |    1.5328     |    0.2541
    5     | -1538.0247657986 |   1.7300e-01   |    1.4526     |    0.3360
    6     | -1538.0630789796 |   3.4721e-02   |    1.5509     |    0.2811
    7     | -1538.0709203406 |   7.3016e-03   |    1.5508     |    0.2811
    8     | -1538.0725929972 |   1.6451e-03   |    1.6323     |    0.2816
    9     | -1538.0729926306 |   2.0990e-04   |    1.5330     |    0.2536
   10     | -1538.0730471708 |   1.2674e-05   |    1.4527     |    0.2541
   11     | -1538.0730494277 |   3.6339e-06   |    1.5489     |    0.3620
   12     | -1538.0730503962 |   2.3957e-07   |    1.5524     |    0.2812
   13     | -1538.0730504731 |   6.3714e-08   |    1.6341     |    0.2811
   14     | -1538.0730504811 |   1.7621e-08   |    1.5337     |    0.2536
   15     | -1538.0730504878 |   9.5737e-09   |    1.4659     |    0.2809
   16     | -1538.0730504796 |   2.9177e-10   |    1.5336     |    0.3347
   17     | -1538.0730504797 |   9.9623e-11   |    1.5524     |    0.2814
Created 798814 / 2471184 significant shell pairs
Created 616814 / 1882384 significant shell pairs
Total number of grid points: 315576 (5089 per atom)
One electron integrals and orthogonalizer took 0.092185s
Created 616814 / 1882384 significant shell pairs
3C integrals and B formation took 2.446495s
Iteration |      Energy      |  DIIS Metric   | Fock Time (s) | DIIS Time (s)
----------+------------------+----------------+---------------+--------------
    1     | -1547.5979422555 |   9.6480e+02   |    1.6097     |    0.3590
    2     | -1537.1462841575 |   3.4105e+00   |    1.6295     |    0.2815
    3     | -1536.3487515974 |   6.4995e+00   |    1.6314     |    0.2805
    4     | -1537.7562225004 |   1.1193e+00   |    1.4707     |    0.2816
    5     | -1538.0209481072 |   1.8766e-01   |    1.5330     |    0.3354
    6     | -1538.0642742609 |   2.5806e-02   |    1.6288     |    0.2807
    7     | -1538.0698448836 |   5.6599e-03   |    1.6323     |    0.2806
    8     | -1538.0710221520 |   1.6929e-03   |    1.6354     |    0.2812
    9     | -1538.0714624800 |   1.3048e-04   |    1.4704     |    0.2814
   10     | -1538.0714942353 |   1.1161e-05   |    1.5326     |    0.2540
   11     | -1538.0714966528 |   2.2684e-06   |    1.6329     |    0.3620
   12     | -1538.0714971754 |   2.0252e-07   |    1.5526     |    0.2809
   13     | -1538.0714972119 |   8.6450e-08   |    1.6358     |    0.2813
   14     | -1538.0714972647 |   5.7615e-09   |    1.5510     |    0.2819
   15     | -1538.0714972579 |   7.1671e-09   |    1.5329     |    0.2547
   16     | -1538.0714972671 |   3.8493e-10   |    1.6317     |    0.3617
   17     | -1538.0714972672 |   7.6921e-11   |    1.6321     |    0.2809
Please cite the following papers for the methods used in this calculation:
 - J.L. Galvez Vallejo et. al., Toward an extreme-scale electronic structure system, J. Chem. Phys., 2023. DOI: 10.1063/5.0156399

 - R. Stocks, E. Palethorpe, and G.M.J. Barca, Multi-GPU RI-HF Energies and Analytic Gradients ─ Toward High-Throughput Ab Initio Molecular Dynamics, J. Chem. Theory Comput., 2024. DOI: 10.1021/acs.jctc.4c00877
   For:
     * RI-HF energy

 - D.B. Williams-Young, W.A. de Jong, H.J.J. van Dam, and C. Yang, On the Efficient Evaluation of the Exchange Correlation Potential on Graphics Processing Unit Clusters, Frontiers in Chemistry, 2020. DOI: 10.3389/fchem.2020.581058
   For:
     * GauXC implementation of exchange-correlation integration

 - R. Stocks and G.M.J. Barca, Efficient Algorithms for GPU Accelerated Evaluation of the DFT Exchange-Correlation Functional, J. Chem. Theory Comput., 2025. DOI: 10.1021/acs.jctc.5c01229
   For:
     * GPU accelerated DFT exchange-correlation evaluation

 - A. D. Becke.,  Phys. Rev. A 38, 3098 (1988) DOI: 10.1103/PhysRevA.38.3098
   For:
     * GGA_X_B88 XC Functional

 - J. P. Perdew.,  Phys. Rev. B 33, 8822 (1986) DOI: 10.1103/PhysRevB.33.8822
   For:
     * GGA_C_P86 XC Functional

[CRAYBLAS_WARNING] Application linked against multiple cray-libsci libraries
