Total number of grid points: 322168 (5033 per atom)
Total number of grid points: 320008 (5000 per atom)
Total number of grid points: 315417 (4928 per atom)
Total number of grid points: 326743 (5105 per atom)
Total number of grid points: 322377 (5037 per atom)
Total number of grid points: 326137 (5095 per atom)
Total number of grid points: 316935 (4952 per atom)
Total number of grid points: 328088 (5126 per atom)
Total number of grid points: 321934 (5030 per atom)
Total number of grid points: 325509 (5086 per atom)
Total number of grid points: 324665 (5072 per atom)
Total number of grid points: 322837 (5044 per atom)
Total number of grid points: 322649 (5041 per atom)
Total number of grid points: 323045 (5047 per atom)
Total number of grid points: 323658 (5057 per atom)
Total number of grid points: 328732 (5136 per atom)
Total number of grid points: 322331 (5036 per atom)
Total number of grid points: 318625 (4978 per atom)
Total number of grid points: 330425 (5162 per atom)
Total number of grid points: 320256 (5004 per atom)
[CRAYBLAS_WARNING] Application linked against multiple cray-libsci libraries
4462
   10     | -1614.3546697777 |   9.4985e-06   |    1.1102     |    0.3646
   11     | -1614.3546724125 |   6.8455e-07   |    1.3270     |    0.4225
   12     | -1614.3546725741 |   1.3152e-07   |    1.3569     |    0.3732
   13     | -1614.3546725719 |   5.2698e-08   |    1.4647     |    0.3447
   14     | -1614.3546726035 |   4.5600e-09   |    1.2476     |    0.3485
   15     | -1614.3546726041 |   8.7903e-10   |    1.2482     |    0.3481
   16     | -1614.3546725984 |   1.0974e-09   |    1.3872     |    0.3814
   17     | -1614.3546726044 |   1.1671e-10   |    1.3242     |    0.3798
   18     | -1614.3546726044 |   2.2437e-11   |    1.3271     |    0.3797
Created 681503 / 2702736 significant shell pairs
Created 527654 / 2056356 significant shell pairs
Total number of grid points: 323919 (5061 per atom)
One electron integrals and orthogonalizer took 0.049781s
Created 527654 / 2056356 significant shell pairs
3C integrals and B formation took 2.635469s
Iteration |      Energy      |  DIIS Metric   | Fock Time (s) | DIIS Time (s)
----------+------------------+----------------+---------------+--------------
    1     | -1624.3970478483 |   9.9598e+02   |    1.5981     |    0.3779
    2     | -1613.4181504522 |   3.3691e+00   |    1.3720     |    0.6192
    3     | -1613.0138881166 |   4.9669e+00   |    1.3490     |    0.6416
    4     | -1614.2931171189 |   1.7068e-01   |    1.1995     |    0.4122
    5     | -1614.3146627142 |   9.4789e-02   |    1.1964     |    0.4124
    6     | -1614.3401790585 |   8.5959e-03   |    1.3500     |    0.6402
    7     | -1614.3422460187 |   1.2733e-03   |    1.3509     |    0.6383
    8     | -1614.3424849427 |   5.1555e-04   |    1.3512     |    0.3549
    9     | -1614.3426231147 |   4.9486e-05   |    1.3015     |    0.3445
   10     | -1614.3426342798 |   1.3553e-05   |    1.2595     |    0.3484
   11     | -1614.3426380313 |   1.4495e-06   |    1.4149     |    0.3533
   12     | -1614.3426384463 |   1.4896e-07   |    1.3508     |    0.3550
   13     | -1614.3426384120 |   8.8250e-08   |    1.4720     |    0.3483
   14     | -1614.3426384640 |   7.3286e-09   |    1.3863     |    0.3816
   15     | -1614.3426384657 |   1.9916e-09   |    1.1990     |    0.3487
   16     | -1614.3426384660 |   1.1293e-09   |    1.4135     |    0.3556
   17     | -1614.3426384673 |   9.5483e-11   |    1.3502     |    0.3554
Created 684673 / 2702736 significant shell pairs
Created 530455 / 2056356 significant shell pairs
Total number of grid points: 323509 (5054 per atom)
One electron integrals and orthogonalizer took 0.050723s
Created 530455 / 2056356 significant shell pairs
3C integrals and B formation took 2.520555s
Iteration |      Energy      |  DIIS Metric   | Fock Time (s) | DIIS Time (s)
----------+------------------+----------------+---------------+--------------
    1     | -1624.4056322399 |   9.9627e+02   |    1.4656     |    0.3562
    2     | -1613.4235678157 |   3.3694e+00   |    1.3466     |    0.3572
    3     | -1613.0298662830 |   4.9721e+00   |    1.3498     |    0.3560
    4     | -1614.3141028648 |   1.2047e-01   |    1.3008     |    0.4051
    5     | -1614.3332599430 |   4.7860e-02   |    1.1988     |    0.4102
    6     | -1614.3453137017 |   4.9615e-03   |    1.3503     |    0.3566
    7     | -1614.3463829191 |   1.2829e-03   |    1.3502     |    0.3549
    8     | -1614.3466455130 |   3.7783e-04   |    1.3510     |    0.3555
    9     | -1614.3467495212 |   3.6350e-05   |    1.1983     |    0.3494
   10     | -1614.3467578515 |   8.9588e-06   |    1.2588     |    0.3483
   11     | -1614.3467603273 |   8.8116e-07   |    1.4118     |    0.3571
   12     | -1614.3467605369 |   1.5249e-07   |    1.3513     |    0.3559
   13     | -1614.3467605322 |   6.8209e-08   |    1.3512     |    0.3534
   14     | -1614.3467605634 |   3.5220e-09   |    1.1983     |    0.3495
   15     | -1614.3467605604 |   1.0990e-09   |    1.2588     |    0.3493
   16     | -1614.3467605612 |   6.9644e-10   |    1.4114     |    0.3552
   17     | -1614.3467605618 |   7.8176e-11   |    1.3509     |    0.3573
Created 704297 / 2702736 significant shell pairs
Created 545974 / 2056356 significant shell pairs
Total number of grid points: 324727 (5073 per atom)
One electron integrals and orthogonalizer took 0.051485s
Created 545974 / 2056356 significant shell pairs
3C integrals and B formation took 2.528020s
Iteration |      Energy      |  DIIS Metric   | Fock Time (s) | DIIS Time (s)
----------+------------------+----------------+---------------+--------------
    1     | -1624.4043207691 |   9.9718e+02   |    1.4783     |    0.5558
    2     | -1613.4212888287 |   3.3778e+00   |    1.6697     |    0.3907
    3     | -1613.0121700571 |   5.0275e+00   |    1.4636     |    0.4107
    4     | -1614.3032377016 |   1.5233e-01   |    1.3233     |    0.3932
    5     | -1614.3244555083 |   7.4776e-02   |    1.3611     |    0.6215
    6     | -1614.3441886453 |   5.7784e-03   |    1.3537     |    0.6376
    7     | -1614.3455451083 |   1.0393e-03   |    1.3526     |    0.6388
    8     | -1614.3457733203 |   2.7342e-04   |    1.3690     |    0.3377
    9     | -1614.3458392899 |   4.1990e-05   |    1.3681     |    0.3385
   10     | -1614.3458489266 |   1.0229e-05   |    1.3710     |    0.3372
   11     | -1614.3458515767 |   1.2253e-06   |    1.3540     |    0.3523
   12     | -1614.3458518844 |   2.2002e-07   |    1.3538     |    0.3525
   13     | -1614.3458518926 |   8.3860e-08   |    1.3534     |    0.3532
   14     | -1614.3458519262 |   4.5801e-09   |    1.3667     |    0.3408
   15     | -1614.3458519322 |   1.2024e-09   |    1.3019     |    0.3438
   16     | -1614.3458519330 |   8.3654e-10   |    1.4157     |    0.3532
   17     | -1614.3458519332 |   4.7402e-11   |    1.3529     |    0.3520
Created 705150 / 2702736 significant shell pairs
Created 547076 / 2056356 significant shell pairs
Total number of grid points: 330380 (5162 per atom)
One electron integrals and orthogonalizer took 0.051393s
Created 547076 / 2056356 significant shell pairs
3C integrals and B formation took 2.527680s
Iteration |      Energy      |  DIIS Metric   | Fock Time (s) | DIIS Time (s)
----------+------------------+----------------+---------------+--------------
    1     | -1624.4037864203 |   9.9710e+02   |    1.4833     |    0.5138
    2     | -1613.4210938018 |   3.3781e+00   |    1.5350     |    0.3501
    3     | -1613.0114027946 |   5.0294e+00   |    1.5359     |    0.3492
    4     | -1614.3025330501 |   1.5306e-01   |    1.4397     |    0.2888
    5     | -1614.3237362368 |   7.5400e-02   |    1.3767     |    0.3306
    6     | -1614.3439861913 |   6.2452e-03   |    1.4745     |    0.3488
    7     | -1614.3453938308 |   1.2543e-03   |    1.5373     |    0.4105
    8     | -1614.3455926247 |   5.7203e-04   |    1.4752     |    0.3495
    9     | -1614.3457555333 |   4.4262e-05   |    1.4414     |    0.2883
   10     | -1614.3457664033 |   9.9336e-06   |    1.3817     |    0.2883
   11     | -1614.3457686761 |   1.2405e-06   |    1.4751     |    0.3493
   12     | -1614.3457689601 |   1.7933e-07   |    1.5386     |    0.3490
   13     | -1614.3457689777 |   7.5713e-08   |    1.5376     |    0.3481
   14     | -1614.3457690052 |   3.9669e-09   |    1.4399     |    0.2892
   15     | -1614.3457689944 |   1.4007e-09   |    1.3800     |    0.2891
   16     | -1614.3457689969 |   6.7534e-10   |    1.4750     |    0.3494
   17     | -1614.3457689971 |   7.0735e-11   |    1.5391     |    0.3493
Created 680728 / 2702736 significant shell pairs
Created 527318 / 2056356 significant shell pairs
Total number of grid points: 326328 (5098 per atom)
One electron integrals and orthogonalizer took 0.214568s
Created 527318 / 2056356 significant shell pairs
3C integrals and B formation took 2.434500s
Iteration |      Energy      |  DIIS Metric   | Fock Time (s) | DIIS Time (s)
----------+------------------+----------------+---------------+--------------
    1     | -1624.3994056886 |   9.9570e+02   |    1.5754     |    0.3822
    2     | -1613.4240691487 |   3.3688e+00   |    1.3488     |    0.3574
    3     | -1613.0286015617 |   4.9316e+00   |    1.3470     |    0.3580
    4     | -1614.3006908161 |   1.6237e-01   |    1.1977     |    0.3492
    5     | -1614.3209714379 |   9.3989e-02   |    1.2570     |    0.3497
    6     | -1614.3466129538 |   5.9062e-03   |    1.4118     |    0.3557
    7     | -1614.3479018588 |   1.1009e-03   |    1.3510     |    0.3554
    8     | -1614.3480813335 |   4.6170e-04   |    1.3500     |    0.3564
    9     | -1614.3482119061 |   4.6861e-05   |    1.1970     |    0.3496
   10     | -1614.3482229756 |   1.1834e-05   |    1.2564     |    0.3488
   11     | -1614.3482260791 |   8.7810e-07   |    1.4115     |    0.3565
   12     | -1614.3482262508 |   1.1069e-07   |    1.3491     |    0.3563
   13     | -1614.3482262550 |   5.5781e-08   |    1.3500     |    0.3563
   14     | -1614.3482262819 |   4.3176e-09   |    1.3611     |    0.3464
   15     | -1614.3482262734 |   1.3967e-09   |    1.1952     |    0.3487
   16     | -1614.3482262831 |   3.7112e-10   |    1.4107     |    0.3571
   17     | -1614.3482262831 |   5.9559e-11   |    1.3506     |    0.3567
Created 687021 / 2702736 significant shell pairs
Created 532374 / 2056356 significant shell pairs
Total number of grid points: 328945 (5139 per atom)
One electron integrals and orthogonalizer took 0.051492s
Created 532374 / 2056356 significant shell pairs
3C integrals and B formation took 2.526861s
Iteration |      Energy      |  DIIS Metric   | Fock Time (s) | DIIS Time (s)
----------+------------------+----------------+---------------+--------------
    1     | -1624.3997957130 |   9.9594e+02   |    1.4677     |    0.3537
    2     | -1613.4236688887 |   3.3704e+00   |    1.4698     |    0.3499
    3     | -1613.0159301131 |   4.9822e+00   |    1.5384     |    0.3495
    4     | -1614.2919078117 |   1.9291e-01   |    1.4437     |    0.2887
    5     | -1614.3189021773 |   9.9569e-02   |    1.3678     |    0.3391
    6     | -1614.3450539750 |   9.3196e-03   |    1.4778     |    0.3487
    7     | -1614.3472633469 |   1.6370e-03   |    1.5402     |    0.4105
    8     | -1614.3475366253 |   7.4153e-04   |    1.4768     |    0.3488
    9     | -1614.3477384117 |   6.3332e-05   |    1.4324     |    0.3373
   10     | -1614.3477555041 |   1.1900e-05   |    1.3683     |    0.3385
   11     | -1614.3477586159 |   1.6000e-06   |    1.4782     |    0.3489
   12     | -1614.3477590641 |   1.0439e-07   |    1.5374     |    0.3485
   13     | -1614.3477590413 |   8.2522e-08   |    1.5394     |    0.3488
   14     | -1614.3477590703 |   7.2695e-09   |    1.4317     |    0.3374
   15     | -1614.3477590748 |   1.6673e-09   |    1.3683     |    0.3386
   16     | -1614.3477590756 |   9.4959e-10   |    1.4778     |    0.3489
   17     | -1614.3477590752 |   1.0227e-10   |    1.5393     |    0.3486
   18     | -1614.3477590758 |   6.1511e-11   |    1.5395     |    0.3489
Created 657554 / 2702736 significant shell pairs
Created 508951 / 2056356 significant shell pairs
Total number of grid points: 320021 (5000 per atom)
One electron integrals and orthogonalizer took 0.047012s
Created 508951 / 2056356 significant shell pairs
3C integrals and B formation took 2.375122s
Iteration |      Energy      |  DIIS Metric   | Fock Time (s) | DIIS Time (s)
----------+------------------+----------------+---------------+--------------
    1     | -1624.3886576985 |   9.9181e+02   |    1.5828     |    0.3826
    2     | -1613.4299434667 |   3.3748e+00   |    1.3230     |    0.3829
    3     | -1613.0392509805 |   4.9060e+00   |    1.3243     |    0.3798
    4     | -1614.3039946389 |   1.7287e-01   |    1.1905     |    0.3495
    5     | -1614.3255998444 |   1.0177e-01   |    1.2520     |    0.4115
    6     | -1614.3531947370 |   6.8964e-03   |    1.3249     |    0.3806
    7     | -1614.3547055577 |   1.2639e-03   |    1.3257     |    0.3801
    8     | -1614.3548992150 |   6.1546e-04   |    1.3257     |    0.3813
    9     | -1614.3550924238 |   4.4709e-05   |    1.1909     |    0.3489
   10     | -1614.3551034136 |   1.2767e-05   |    1.2510     |    0.3491
   11     | -1614.3551071757 |   1.1455e-06   |    1.3869     |    0.3816
   12     | -1614.3551074714 |   1.0725e-07   |    1.3245     |    0.3805
   13     | -1614.3551074759 |   5.9434e-08   |    1.3268     |    0.3807
   14     | -1614.3551074972 |   5.4172e-09   |    1.1901     |    0.3494
   15     | -1614.3551075023 |   1.9069e-09   |    1.2514     |    0.3490
   16     | -1614.3551074985 |   9.4319e-10   |    1.3876     |    0.3806
   17     | -1614.3551074988 |   8.4548e-11   |    1.3251     |    0.3818
Created 639646 / 2702736 significant shell pairs
Created 494553 / 2056356 significant shell pairs
Total number of grid points: 326751 (5105 per atom)
One electron integrals and orthogonalizer took 0.044986s
Created 494553 / 2056356 significant shell pairs
3C integrals and B formation took 2.377880s
Iteration |      Energy      |  DIIS Metric   | Fock Time (s) | DIIS Time (s)
----------+------------------+----------------+---------------+--------------
    1     | -1624.3856505193 |   9.9041e+02   |    1.4211     |    0.5452
    2     | -1613.4327887885 |   3.3610e+00   |    1.3235     |    0.3812
    3     | -1613.0547513497 |   4.8583e+00   |    1.3255     |    0.3803
    4     | -1614.3171775661 |   1.3682e-01   |    1.1919     |    0.3486
    5     | -1614.3407176165 |   5.3918e-02   |    1.2518     |    0.4092
    6     | -1614.3543966683 |   4.1085e-03   |    1.3269     |    0.3811
    7     | -1614.3552825367 |   8.8182e-04   |    1.3250     |    0.3812
    8     | -1614.3554839496 |   1.9361e-04   |    1.3255     |    0.3805
    9     | -1614.3555333412 |   1.7196e-05   |    1.1945     |    0.3491
   10     | -1614.3555353294 |   1.0497e-05   |    1.2522     |    0.3487
   11     | -1614.3555383808 |   2.6214e-07   |    1.3877     |    0.3805
   12     | -1614.3555383976 |   6.9989e-08   |    1.3254     |    0.3817
   13     | -1614.3555384014 |   1.6481e-08   |    1.3246     |    0.3822
   14     | -1614.3555384125 |   8.1563e-10   |    1.1892     |    0.3485
   15     | -1614.3555384127 |   2.9104e-10   |    1.2536     |    0.3494
   16     | -1614.3555384127 |   1.2377e-10   |    1.3865     |    0.3809
   17     | -1614.3555384127 |   1.2106e-11   |    1.3261     |    0.3801
Created 654472 / 2702736 significant shell pairs
Created 506850 / 2056356 significant shell pairs
Total number of grid points: 322584 (5040 per atom)
One electron integrals and orthogonalizer took 0.047104s
Created 506850 / 2056356 significant shell pairs
3C integrals and B formation took 2.374456s
Iteration |      Energy      |  DIIS Metric   | Fock Time (s) | DIIS Time (s)
----------+------------------+----------------+---------------+--------------
    1     | -1624.3997107376 |   9.9155e+02   |    1.5825     |    0.3836
    2     | -1613.4377348801 |   3.3836e+00   |    1.3233     |    0.3830
    3     | -1613.0456095750 |   4.9651e+00   |    1.3231     |    0.3800
    4     | -1614.3302534942 |   1.1926e-01   |    1.1871     |    0.3487
    5     | -1614.3505435730 |   4.4273e-02   |    1.2476     |    0.3497
    6     | -1614.3613864423 |   4.9006e-03   |    1.3867     |    0.3805
    7     | -1614.3625366408 |   1.1296e-03   |    1.3257     |    0.3806
    8     | -1614.3628158286 |   2.2931e-04   |    1.3258     |    0.3817
    9     | -1614.3628717482 |   3.9004e-05   |    1.1849     |    0.3491
   10     | -1614.3628811552 |   9.2775e-06   |    1.2460     |    0.3486
   11     | -1614.3628837003 |   7.4892e-07   |    1.3875     |    0.3820
   12     | -1614.3628838874 |   1.8490e-07   |    1.3249     |    0.3807
   13     | -1614=======================================================
          GGA_X_B88+GGA_C_P86 Energy Results           
=======================================================
E GGA_X_B88+GGA_C_P86 : -1614.36288392
Nuclear Repulsion Energy: 4194.19861653
Electronic Energy:        -5571.5950773
XC Energy:                -236.966423
Converged:                1
Created 655848 / 2702736 significant shell pairs
Created 507575 / 2056356 significant shell pairs
Total number of grid points: 321390 (5021 per atom)
One electron integrals and orthogonalizer took 0.046477s
Created 507575 / 2056356 significant shell pairs
3C integrals and B formation took 2.376102s
Iteration |      Energy      |  DIIS Metric   | Fock Time (s) | DIIS Time (s)
----------+------------------+----------------+---------------+--------------
    1     | -1624.3916279750 |   9.9213e+02   |    1.5828     |    0.3826
    2     | -1613.4262310348 |   3.3649e+00   |    1.3242     |    0.3810
    3     | -1613.0420360698 |   4.9191e+00   |    1.3251     |    0.3810
    4     | -1614.3142965096 |   1.2447e-01   |    1.1846     |    0.3493
    5     | -1614.3368568279 |   4.0288e-02   |    1.3862     |    0.3819
    6     | -1614.3464986749 |   4.2524e-03   |    1.3242     |    0.3829
    7     | -1=======================================================
          GGA_X_B88+GGA_C_P86 Energy Results           
=======================================================
E GGA_X_B88+GGA_C_P86 : -1614.34775809
Nuclear Repulsion Energy: 4192.11731361
Electronic Energy:        -5569.50150614
XC Energy:                -236.963566
Converged:                1
# of SCF iterations:      17
SCF Time:                 32.242s

=======================================================
            Individual Calculation Summary             
=======================================================
HF Energy: -1614.3477580905441755
=======================================================


Topology 10 time: 32.460501 s, performance: SP: 0 FLOP/s, DP: 429.3 GFLOP/s
JSON file written to: json_logs/lustre_orion_cCreated 628591 / 2702736 significant shell pairs
Created 486001 / 2056356 significant shell pairs
Total number of grid points: 321161 (5018 per atom)
One electron integrals and orthogonalizer took 0.046951s
Created 486001 / 2056356 significant shell pairs
3C integrals and B formation took 2.372201s
Iteration |      Energy      |  DIIS Metric   | Fock Time (s) | DIIS Time (s)
----------+------------------+----------------+---------------+--------------
    1     | -16=======================================================
          GGA_X_B88+GGA_C_P86 Energy Results           
=======================================================
E GGA_X_B88+GGA_C_P86 : -1614.36545637
Nuclear Repulsion Energy: 4097.89552678
Electronic Energy:        -5475.29988452
XC Energy:                -236.961099
Converged:                1
# of SCF iterations:      18
SCF Time:                 33.625s

=======================================================
            Individual Calculation Summary             
=======================================================
HF Energy: -1614.3654563708582828
=======================================================


Topology 11 time: 33.836664 s, performance: SP: 0 FLOP/s, DP: 398.2 GFLOP/s
JSON file written to: json_logs/lustre_orion_chm213_scratch_ryan_dhdft_inputs_exess_exess_inputs_BP86_def2-TZVP_isomers_18060-18079_topology_11.json
************************************************************
**************** Running topology 13 of 20 *****************
************************************************************

************************************************************
********* Beginning RI-GGA_X_B88+GGA_C_P86 energy **********
************************************************************

=======================================================
          GGA_X_B88+GGA_C_P86 Energy Results           
=======================================================
E GGA_X_B88+GGA_C_P86 : -1614.37533412
Nuclear Repulsion Energy: 4057.21798865
Electronic Energy:        -5434.63083221
XC Energy:                -236.962491
Converged:                1
# of SCF iterations:      17
SCF Time:                 31.703s

=======================================================
            Individual Calculation Summary             
=======================================================
HF Energy: -1614.3753341220831317
=======================================================


Topology 12 time: 31.905764 s, performance: SP: 0 FLOP/s, DP: 414.6 GFLOP/s
JSON file written to: json_logs/lustre_orion_chm213_scratch_ryan_dhdft_inputs_exess_exess_inputs_BP86_def2-TZVP_isomers_18060-18079_topology_12.json
************************************************************
**************** Running topology 14 of 20 *****************
************************************************************

************************************************************
********* Beginning RI-GGA_X_B88+GGA_C_P86 energy **********
************************************************************

=======================================================
          GGA_X_B88+GGA_C_P86 Energy Results           
=======================================================
E GGA_X_B88+GGA_C_P86 : -1614.3636523
Nuclear Repulsion Energy: 4177.97521196
Electronic Energy:        -5555.37212316
XC Energy:                -236.966741
Converged:                1
# of SCF iterations:      17
SCF Time:                 32.317s

=======================================================
            Individual Calculation Summary             
=======================================================
HF Energy: -1614.3636522988720117
=======================================================


Topology 13 time: 32.530300 s, performance: SP: 0 FLOP/s, DP: 425.3 GFLOP/s
JSON file written to: json_logs/lustre_orion_chm213_scratch_ryan_dhdft_inputs_exess_exess_inputs_BP86_def2-TZVP_isomers_18060-18079_topology_13.json
************************************************************
**************** Running topology 15 of 20 *****************
************************************************************

************************************************************
********* Beginning RI-GGA_X_B88+GGA_C_P86 energy **********
************************************************************

=======================================================
          GGA_X_B88+GGA_C_P86 Energy Results           
=======================================================
E GGA_X_B88+GGA_C_P86 : -1614.34846441
Nuclear Repulsion Energy: 4205.45525398
Electronic Energy:        -5582.83946836
XC Energy:                -236.964250
Converged:                1
# of SCF iterations:      17
SCF Time:                 32.242s

=======================================================
            Individual Calculation Summary             
=======================================================
HF Energy: -1614.3484644124580427
=======================================================


Topology 14 time: 32.466442 s, performance: SP: 0 FLOP/s, DP: 431.4 GFLOP/s
JSON file written to: json_logs/lustre_orion_chm213_scratch_ryan_dhdft_inputs_exess_exess_inputs_BP86_def2-TZVP_isomers_18060-18079_topology_14.json
************************************************************
**************** Running topology 16 of 20 *****************
************************************************************

************************************************************
********* Beginning RI-GGA_X_B88+GGA_C_P86 energy **********
************************************************************

=======================================================
          GGA_X_B88+GGA_C_P86 Energy Results           
=======================================================
E GGA_X_B88+GGA_C_P86 : -1614.36293261
Nuclear Repulsion Energy: 4146.44509429
Electronic Energy:        -5523.84177222
XC Energy:                -236.966255
Converged:                1
# of SCF iterations:      18
SCF Time:                 33.954s

=======================================================
            Individual Calculation Summary             
=======================================================
HF Energy: -1614.3629326053251134
=======================================================


Topology 15 time: 34.179066 s, performance: SP: 0 FLOP/s, DP: 401.9 GFLOP/s
JSON file written to: json_logs/lustre_orion_chm213_scratch_ryan_dhdft_inputs_exess_exess_inputs_BP86_def2-TZVP_isomers_18060-18079_topology_15.json
************************************************************
**************** Running topology 17 of 20 *****************
************************************************************

************************************************************
********* Beginning RI-GGA_X_B88+GGA_C_P86 energy **********
************************************************************

=======================================================
          GGA_X_B88+GGA_C_P86 Energy Results           
=======================================================
E GGA_X_B88+GGA_C_P86 : -1614.37345774
Nuclear Repulsion Energy: 4047.73611363
Electronic Energy:        -5425.14823664
XC Energy:                -236.961335
Converged:                1
# of SCF iterations:      18
SCF Time:                 33.331s

=======================================================
            Individual Calculation Summary             
=======================================================
HF Energy: -1614.3734577408174573
=======================================================


Topology 16 time: 33.551546 s, performance: SP: 0 FLOP/s, DP: 394.8 GFLOP/s
JSON file written to: json_logs/lustre_orion_chm213_scratch_ryan_dhdft_inputs_exess_exess_inputs_BP86_def2-TZVP_isomers_18060-18079_topology_16.json
************************************************************
**************** Running topology 18 of 20 *****************
************************************************************

************************************************************
********* Beginning RI-GGA_X_B88+GGA_C_P86 energy **********
************************************************************

=======================================================
          GGA_X_B88+GGA_C_P86 Energy Results           
=======================================================
E GGA_X_B88+GGA_C_P86 : -1614.36359749
Nuclear Repulsion Energy: 4105.28986337
Electronic Energy:        -5482.69308951
XC Energy:                -236.960371
Converged:                1
# of SCF iterations:      18
SCF Time:                 34.02s

=======================================================
            Individual Calculation Summary             
=======================================================
HF Energy: -1614.3635974934873047
=======================================================


Topology 17 time: 34.237225 s, performance: SP: 0 FLOP/s, DP: 394.6 GFLOP/s
JSON file written to: json_logs/lustre_orion_chm213_scratch_ryan_dhdft_inputs_exess_exess_inputs_BP86_def2-TZVP_isomers_18060-18079_topology_17.json
************************************************************
**************** Running topology 19 of 20 *****************
************************************************************

************************************************************
********* Beginning RI-GGA_X_B88+GGA_C_P86 energy **********
************************************************************

=======================================================
          GGA_X_B88+GGA_C_P86 Energy Results           
=======================================================
E GGA_X_B88+GGA_C_P86 : -1614.35485145
Nuclear Repulsion Energy: 4228.12097376
Electronic Energy:        -5605.50911043
XC Energy:                -236.966715
Converged:                1
# of SCF iterations:      17
SCF Time:                 32.514s

=======================================================
            Individual Calculation Summary             
=======================================================
HF Energy: -1614.3548514503556817
=======================================================


Topology 18 time: 32.754632 s, performance: SP: 0 FLOP/s, DP: 430.9 GFLOP/s
JSON file written to: json_logs/lustre_orion_chm213_scratch_ryan_dhdft_inputs_exess_exess_inputs_BP86_def2-TZVP_isomers_18060-18079_topology_18.json
************************************************************
**************** Running topology 20 of 20 *****************
************************************************************

************************************************************
********* Beginning RI-GGA_X_B88+GGA_C_P86 energy **********
************************************************************

=======================================================
          GGA_X_B88+GGA_C_P86 Energy Results           
=======================================================
E GGA_X_B88+GGA_C_P86 : -1614.35402277
Nuclear Repulsion Energy: 4220.46691749
Electronic Energy:        -5597.85566587
XC Energy:                -236.965274
Converged:                1
# of SCF iterations:      18
SCF Time:                 34.221s

=======================================================
            Individual Calculation Summary             
=======================================================
HF Energy: -1614.3540227655255421
=======================================================


Topology 19 time: 34.457933 s, performance: SP: 0 FLOP/s, DP: 409.8 GFLOP/s
JSON file written to: json_logs/lustre_orion_chm213_scratch_ryan_dhdft_inputs_exess_exess_inputs_BP86_def2-TZVP_isomers_18060-18079_topology_19.json
Total flops: SP: 0 FLOPS, DP: 280.55481 TFLOPS
Performance: SP: 0 FLOP/s, DP: 412.6 GFLOP/s

Now, a word from our sponsors... 
 Approximately 10% of all species in the world live in Colombia.

[31mTotal processing time 680.286543 seconds[0m
[CRAYBLAS_WARNING] Application linked against multiple cray-libsci libraries
| -1614.3635974503 |   6.5316e-08   |    1.3252     |    0.3808
   14     | -1614.3635974911 |   9.1833e-09   |    1.1810     |    0.3484
   15     | -1614.3635974932 |   1.1125e-09   |    1.2426     |    0.3493
   16     | -1614.3635974932 |   1.0318e-09   |    1.3860     |    0.3816
   17     | -1614.3635974934 |   2.1844e-10   |    1.3254     |    0.3803
   18     | -1614.3635974935 |   3.8375e-11   |    1.3256     |    0.3813
Created 664617 / 2702736 significant shell pairs
Created 514892 / 2056356 significant shell pairs
Total number of grid points: 320958 (5014 per atom)
One electron integrals and orthogonalizer took 0.164363s
Created 514892 / 2056356 significant shell pairs
3C integrals and B formation took 2.574506s
Iteration |      Energy      |  DIIS Metric   | Fock Time (s) | DIIS Time (s)
----------+------------------+----------------+---------------+--------------
    1     | -1624.3989665231 |   9.9300e+02   |    1.4307     |    0.3830
    2     | -1613.4308881814 |   3.3725e+00   |    1.3235     |    0.3819
    3     | -1613.0403801187 |   4.9451e+00   |    1.3240     |    0.3809
    4     | -1614.3200077604 |   1.2678e-01   |    1.1862     |    0.3495
    5     | -1614.3404593463 |   5.0900e-02   |    1.2450     |    0.4113
    6     | -1614.3533788206 |   5.0845e-03   |    1.3248     |    0.3806
    7     | -1614.3545950592 |   8.6881e-04   |    1.3251     |    0.3806
    8     | -1614.3548030842 |   1.7004e-04   |    1.3259     |    0.3805
    9     | -1614.3548466548 |   1.7009e-05   |    1.1848     |    0.3491
   10     | -1614.3548498901 |   5.4187e-06   |    1.2464     |    0.3488
   11     | -1614.3548513381 |   4.8777e-07   |    1.3879     |    0.3808
   12     | -1614.3548513901 |   1.8232e-07   |    1.3245     |    0.3817
   13     | -1614.3548514218 |   5.2780e-08   |    1.3254     |    0.3806
   14     | -1614.3548514379 |   3.7617e-09   |    1.1871     |    0.3495
   15     | -1614.3548514493 |   6.8455e-10   |    1.2452     |    0.3489
   16     | -1614.3548514569 |   5.8910e-10   |    1.3870     |    0.3813
   17     | -1614.3548514504 |   5.0906e-11   |    1.3257     |    0.3803
Created 661310 / 2702736 significant shell pairs
Created 512125 / 2056356 significant shell pairs
Total number of grid points: 323646 (5056 per atom)
One electron integrals and orthogonalizer took 0.164786s
Created 512125 / 2056356 significant shell pairs
3C integrals and B formation took 2.429172s
Iteration |      Energy      |  DIIS Metric   | Fock Time (s) | DIIS Time (s)
----------+------------------+----------------+---------------+--------------
    1     | -1624.3964466603 |   9.9288e+02   |    1.5801     |    0.3827
    2     | -1613.4306230679 |   3.3665e+00   |    1.3235     |    0.3812
    3     | -1613.0423985717 |   4.9232e+00   |    1.3246     |    0.3812
    4     | -1614.3200535480 |   1.2375e-01   |    1.1854     |    0.3493
    5     | -1614.3403855795 |   4.9349e-02   |    1.2472     |    0.4097
    6     | -1614.3525984715 |   4.7948e-03   |    1.3260     |    0.3823
    7     | -1614.3536595758 |   1.1489e-03   |    1.3244     |    0.3820
    8     | -1614.3538912298 |   4.2594e-04   |    1.3240     |    0.3810
    9     | -1614.3540127397 |   3.2692e-05   |    1.1875     |    0.3497
   10     | -1614.3540199432 |   9.9094e-06   |    1.2479     |    0.3496
   11     | -1614.3540225411 |   7.6835e-07   |    1.3866     |    0.3807
   12     | -1614.3540227555 |   1.7085e-07   |    1.3263     |    0.3813
   13     | -1614.3540227470 |   6.9617e-08   |    1.3246     |    0.3828
   14     | -1614.3540227727 |   4.9378e-09   |    1.1865     |    0.3491
   15     | -1614.3540227668 |   9.0756e-10   |    1.2498     |    0.3497
   16     | -1614.3540227586 |   7.5381e-10   |    1.3865     |    0.3818
   17     | -1614.3540227587 |   1.1006e-10   |    1.3248     |    0.3816
   18     | -1614.3540227655 |   3.6276e-11   |    1.3253     |    0.3810
Please cite the following papers for the methods used in this calculation:
 - J.L. Galvez Vallejo et. al., Toward an extreme-scale electronic structure system, J. Chem. Phys., 2023. DOI: 10.1063/5.0156399

 - R. Stocks, E. Palethorpe, and G.M.J. Barca, Multi-GPU RI-HF Energies and Analytic Gradients ─ Toward High-Throughput Ab Initio Molecular Dynamics, J. Chem. Theory Comput., 2024. DOI: 10.1021/acs.jctc.4c00877
   For:
     * RI-HF energy

 - D.B. Williams-Young, W.A. de Jong, H.J.J. van Dam, and C. Yang, On the Efficient Evaluation of the Exchange Correlation Potential on Graphics Processing Unit Clusters, Frontiers in Chemistry, 2020. DOI: 10.3389/fchem.2020.581058
   For:
     * GauXC implementation of exchange-correlation integration

 - R. Stocks and G.M.J. Barca, Efficient Algorithms for GPU Accelerated Evaluation of the DFT Exchange-Correlation Functional, J. Chem. Theory Comput., 2025. DOI: 10.1021/acs.jctc.5c01229
   For:
     * GPU accelerated DFT exchange-correlation evaluation

 - A. D. Becke.,  Phys. Rev. A 38, 3098 (1988) DOI: 10.1103/PhysRevA.38.3098
   For:
     * GGA_X_B88 XC Functional

 - J. P. Perdew.,  Phys. Rev. B 33, 8822 (1986) DOI: 10.1103/PhysRevB.33.8822
   For:
     * GGA_C_P86 XC Functional

[CRAYBLAS_WARNING] Application linked against multiple cray-libsci libraries
